Starting job 3254922 on c10-[1,26-27] at Tue Aug 10 12:04:05 CEST 2021

Copying al_11_pbe_.out to /cluster/home/ambr/projects/psp/row3/calcs/singlets
Copying al_11_pbe_.json to /cluster/home/ambr/projects/psp/row3/calcs/singlets

Task and CPU usage stats:
       JobID    JobName  AllocCPUS   NTasks     MinCPU MinCPUTask     AveCPU    Elapsed ExitCode 
------------ ---------- ---------- -------- ---------- ---------- ---------- ---------- -------- 
3254922      al_11_pbe_        120                                             00:14:19      1:0 
3254922.bat+      batch         42        1   00:00:01          0   00:00:01   00:14:19      1:0 
3254922.ext+     extern        120        3   00:00:00          1   00:00:00   00:14:19      0:0 
3254922.0      mrchem.x        120       20   00:14:08         19   00:49:06   00:14:12      0:0 

Memory usage stats:
       JobID     MaxRSS MaxRSSTask     AveRSS MaxPages   MaxPagesTask   AvePages 
------------ ---------- ---------- ---------- -------- -------------- ---------- 
3254922                                                                          
3254922.bat+     14244K          0     14244K        0              0          0 
3254922.ext+          0          1          0        0              1          0 
3254922.0      3363868K          7 2741132902        0              3          0 

Disk usage stats:
       JobID  MaxDiskRead MaxDiskReadTask    AveDiskRead MaxDiskWrite MaxDiskWriteTask   AveDiskWrite 
------------ ------------ --------------- -------------- ------------ ---------------- -------------- 
3254922                                                                                               
3254922.bat+        3.73M               0          3.73M        0.02M                0          0.02M 
3254922.ext+        0.00M               1          0.00M            0                1              0 
3254922.0           2.67M               0          2.66M       60.87M               14         36.66M 

Job 3254922 completed at Tue Aug 10 12:18:24 CEST 2021
