Starting job 5688416 on c1-[26,39],c2-32,c5-[34-36] at Sat May 21 08:46:19 CEST 2022

Copying al_10_pbe0_.out to /cluster/home/ambr/projects/psp/row3/calcs/triplets
Copying al_10_pbe0_.json to /cluster/home/ambr/projects/psp/row3/calcs/triplets

Task and CPU usage stats:
JobID           JobName  AllocCPUS   NTasks     MinCPU MinCPUTask     AveCPU    Elapsed ExitCode 
------------ ---------- ---------- -------- ---------- ---------- ---------- ---------- -------- 
5688416      al_10_pbe+        180                                             00:30:23      0:0 
5688416.bat+      batch         36        1   00:00:02          0   00:00:02   00:30:23      0:0 
5688416.ext+     extern        180        6   00:00:00          0   00:00:00   00:30:23      0:0 
5688416.0      mrchem.x        180       30   00:29:58         29   01:11:38   00:30:05      0:0 

Memory usage stats:
JobID            MaxRSS MaxRSSTask     AveRSS MaxPages   MaxPagesTask   AvePages 
------------ ---------- ---------- ---------- -------- -------------- ---------- 
5688416                                                                          
5688416.bat+     19328K          0     19328K        0              0          0 
5688416.ext+          0          0          0        0              0          0 
5688416.0      7817240K         29 3605431091        0             23          0 

Disk usage stats:
JobID         MaxDiskRead MaxDiskReadTask    AveDiskRead MaxDiskWrite MaxDiskWriteTask   AveDiskWrite 
------------ ------------ --------------- -------------- ------------ ---------------- -------------- 
5688416                                                                                               
5688416.bat+       16.91M               0         16.91M        0.03M                0          0.03M 
5688416.ext+        0.00M               0          0.00M            0                0              0 
5688416.0           6.77M               7          6.73M       67.01M               16         37.87M 

Job 5688416 completed at Sat May 21 09:16:42 CEST 2022
