                                                                           
                                                                           
***************************************************************************
***                                                                     ***
***                                                                     ***
***          __  __ ____   ____ _                                       ***
***         |  \/  |  _ \ / ___| |__   ___ _ __ ___                     ***
***         | |\/| | |_) | |   | '_ \ / _ \ '_ ` _ \                    ***
***         | |  | |  _ <| |___| | | |  __/ | | | | |                   ***
***         |_|  |_|_| \_\\____|_| |_|\___|_| |_| |_|                   ***
***                                                                     ***
***         VERSION            1.0.1                                    ***
***                                                                     ***
***         Git branch         HEAD                                     ***
***         Git commit hash    9309e3e1e52e5319b766-dirty               ***
***         Git commit author  Stig Rune Jensen                         ***
***         Git commit date    Fri Dec 4 16:08:55 2020 +0100            ***
***                                                                     ***
***         Contact: luca.frediani@uit.no                               ***
***                                                                     ***
***         Radovan Bast            Magnar Bjorgve                      ***
***         Roberto Di Remigio      Antoine Durdek                      ***
***         Luca Frediani           Gabriel Gerez                       ***
***         Stig Rune Jensen        Jonas Juselius                      ***
***         Rune Monstad            Peter Wind                          ***
***                                                                     ***
***************************************************************************

---------------------------------------------------------------------------

 MPI processes           :        (1 bank)                              20
 OpenMP threads          :                                               6
 Total cores             :                                             120
                                                                           
---------------------------------------------------------------------------

XCFun DFT library Copyright 2009-2020 Ulf Ekstrom and contributors.
See http://dftlibs.org/xcfun/ for more information.

This is free software; see the source code for copying conditions.
There is ABSOLUTELY NO WARRANTY; not even for MERCHANTABILITY or
FITNESS FOR A PARTICULAR PURPOSE. For details see the documentation.
Scientific users of this library should cite
U. Ekstrom, L. Visscher, R. Bast, A. J. Thorvaldsen and K. Ruud;
J.Chem.Theor.Comp. 2010, DOI: 10.1021/ct100117s

---------------------------------------------------------------------------

 MRCPP version         : 1.3.6
 Git branch            : HEAD
 Git commit hash       : 9309e3e1e52e5319b766-dirty
 Git commit author     : Stig Rune Jensen
 Git commit date       : Fri Dec 4 16:08:55 2020 +0100

 Linear algebra        : EIGEN v3.3.7
 Parallelization       : MPI/OpenMP (6 threads)

---------------------------------------------------------------------------


                                                                           
===========================================================================
                         MultiResolution Analysis
---------------------------------------------------------------------------
 polynomial order      : 9
 polynomial type       : Interpolating
---------------------------------------------------------------------------
 total boxes           : 8
 boxes                 : [          2           2           2 ]
 unit lengths          : [   32.00000    32.00000    32.00000 ]
 scaling factor        : [    1.00000     1.00000     1.00000 ]
 lower bounds          : [  -32.00000   -32.00000   -32.00000 ]
 upper bounds          : [   32.00000    32.00000    32.00000 ]
 total length          : [   64.00000    64.00000    64.00000 ]
===========================================================================


                                                                           
***************************************************************************
***                                                                     ***
***                        Initializing Molecule                        ***
***                                                                     ***
***************************************************************************
                                                                           
                                                                           
===========================================================================
                                 Molecule
---------------------------------------------------------------------------
 Charge                  :                                               0
 Multiplicity            :                                               3
---------------------------------------------------------------------------
    N    Atom            :               x               y               z
---------------------------------------------------------------------------
    0      Al            :        0.000000        0.000000        2.369527
    1      Al            :        0.000000        0.000000       -2.369527
---------------------------------------------------------------------------
 Center of mass          :        0.000000        0.000000       -0.000000
===========================================================================


                                                                           
***************************************************************************
***                                                                     ***
***                 Computing Ground State Wavefunction                 ***
***                                                                     ***
***************************************************************************
                                                                           
                                                                           
~~~~~~~~~~~~~~~~~~~~~~~~~~~~~~~~~~~~~~~~~~~~~~~~~~~~~~~~~~~~~~~~~~~~~~~~~~~
 Calculation             : Compute initial orbitals
 Method                  : Diagonalize SAD Hamiltonian
 Precision               : 1.00000e-04
 Restricted              : False
 Functional              : LDA (SVWN5)
 AO basis                : Hydrogenic orbitals
 Zeta quality            : 2
~~~~~~~~~~~~~~~~~~~~~~~~~~~~~~~~~~~~~~~~~~~~~~~~~~~~~~~~~~~~~~~~~~~~~~~~~~~


===========================================================================
                            Molecular Orbitals
---------------------------------------------------------------------------
 Alpha electrons         :                                              14
 Beta electrons          :                                              12
 Total electrons         :                                              26
---------------------------------------------------------------------------
    n  Occ Spin          :                                            Norm
---------------------------------------------------------------------------
    0    1    a          :                              9.999999933419e-01
    1    1    a          :                              1.000001723355e+00
    2    1    a          :                              1.000000000201e+00
    3    1    a          :                              9.999999981206e-01
    4    1    a          :                              1.000000146823e+00
    5    1    a          :                              9.999998549583e-01
    6    1    a          :                              1.000001042307e+00
    7    1    a          :                              9.999989575574e-01
    8    1    a          :                              1.000001077792e+00
    9    1    a          :                              1.000000019432e+00
   10    1    a          :                              9.999999999923e-01
   11    1    a          :                              1.000000000272e+00
   12    1    a          :                              1.000000005851e+00
   13    1    a          :                              1.000000585778e+00
   14    1    b          :                              1.000000074603e+00
   15    1    b          :                              1.000000078146e+00
   16    1    b          :                              1.000000000152e+00
   17    1    b          :                              9.999999143447e-01
   18    1    b          :                              1.000000146746e+00
   19    1    b          :                              9.999998548607e-01
   20    1    b          :                              1.000001041593e+00
   21    1    b          :                              9.999989571381e-01
   22    1    b          :                              1.000001077792e+00
   23    1    b          :                              1.000000019429e+00
   24    1    b          :                              9.999999999805e-01
   25    1    b          :                              9.999999999777e-01
===========================================================================


~~~~~~~~~~~~~~~~~~~~~~~~~~~~~~~~~~~~~~~~~~~~~~~~~~~~~~~~~~~~~~~~~~~~~~~~~~~
 Calculation             : Compute initial energy
 Method                  : DFT (PBE)
 Precision               : 1.00000e-04
 Localization            : On
~~~~~~~~~~~~~~~~~~~~~~~~~~~~~~~~~~~~~~~~~~~~~~~~~~~~~~~~~~~~~~~~~~~~~~~~~~~


===========================================================================
                        Molecular Energy (initial)
---------------------------------------------------------------------------
 Kinetic energy          :            (au)                507.949293083038
 E-N energy              :            (au)              -1262.871275068217
 Coulomb energy          :            (au)                275.557945302031
 Exchange energy         :            (au)                  0.000000000000
 X-C energy              :            (au)                -38.074092731727
 Ext. field (el)         :            (au)                  0.000000000000
---------------------------------------------------------------------------
 N-N energy              :            (au)                 35.661119296100
 Ext. field (nuc)        :            (au)                  0.000000000000
---------------------------------------------------------------------------
 Electronic energy       :            (au)               -517.438129414875
 Nuclear energy          :            (au)                 35.661119296100
---------------------------------------------------------------------------
 Total energy            :            (au)             -4.817770101188e+02
                         :      (kcal/mol)             -3.023196357960e+05
                         :        (kJ/mol)             -1.264905356992e+06
                         :            (eV)             -1.310981973058e+04
===========================================================================


===========================================================================
                        Orbital Energies (initial)
---------------------------------------------------------------------------
    n  Occ Spin          :                                         Epsilon
---------------------------------------------------------------------------
    0    1    a          :            (au)                -54.492251247625
    1    1    a          :            (au)                -54.492014445004
    2    1    a          :            (au)                 -3.348190735432
    3    1    a          :            (au)                 -3.347344291089
    4    1    a          :            (au)                 -1.985565531061
    5    1    a          :            (au)                 -1.985550234843
    6    1    a          :            (au)                 -1.976500535980
    7    1    a          :            (au)                 -1.976098874139
    8    1    a          :            (au)                 -1.973893437697
    9    1    a          :            (au)                 -1.973277652804
   10    1    a          :            (au)                  0.151482553894
   11    1    a          :            (au)                  0.251717639627
   12    1    a          :            (au)                  0.512643765626
   13    1    a          :            (au)                  0.585110240872
   14    1    b          :            (au)                -54.483607932977
   15    1    b          :            (au)                -54.483367096168
   16    1    b          :            (au)                 -3.337435899312
   17    1    b          :            (au)                 -3.334968429682
   18    1    b          :            (au)                 -1.979293520197
   19    1    b          :            (au)                 -1.979278458332
   20    1    b          :            (au)                 -1.958813104266
   21    1    b          :            (au)                 -1.958791924732
   22    1    b          :            (au)                 -1.957579634401
   23    1    b          :            (au)                 -1.957374053932
   24    1    b          :            (au)                  0.205571826342
   25    1    b          :            (au)                  0.313133328625
---------------------------------------------------------------------------
 Sum occupied            :            (au)               -252.961537684688
===========================================================================


~~~~~~~~~~~~~~~~~~~~~~~~~~~~~~~~~~~~~~~~~~~~~~~~~~~~~~~~~~~~~~~~~~~~~~~~~~~
 Calculation             : Optimize ground state orbitals
 Method                  : DFT (PBE)
 Checkpointing           : Off
 Max iterations          : 200
 KAIN solver             : 10
 Localization            : First two iterations
 Diagonalization         : Off
 Start precision         : 1.00000e-06
 Final precision         : 1.00000e-06
 Helmholtz precision     : Dynamic
 Energy threshold        : 1.00000e-06
 Orbital threshold       : 5.00000e-05
~~~~~~~~~~~~~~~~~~~~~~~~~~~~~~~~~~~~~~~~~~~~~~~~~~~~~~~~~~~~~~~~~~~~~~~~~~~


===========================================================================
 Iter           MO residual             Total energy                Update
---------------------------------------------------------------------------
    0          5.099020e+00        -481.777010118775         -4.817770e+02
    1          7.997959e-01        -484.037804296338         -2.260794e+00
    2          8.235453e-01        -484.411294970020         -3.734907e-01
    3          3.866668e-01        -484.508482567836         -9.718760e-02
    4          1.726788e-01        -484.525466527040         -1.698396e-02
    5          4.488658e-02        -484.527080316479         -1.613789e-03
    6          1.780647e-02        -484.527303743140         -2.234267e-04
    7          1.054899e-02        -484.527348822338         -4.507920e-05
    8          4.361273e-03        -484.527356236242         -7.413904e-06
    9          3.746389e-03        -484.527359201984         -2.965742e-06
   10          2.600586e-03        -484.527360236802         -1.034819e-06
   11          1.017031e-03        -484.527360728840         -4.920380e-07
   12          8.715653e-04        -484.527360853424         -1.245833e-07
   13          6.880191e-04        -484.527360920994         -6.757045e-08
   14          4.763312e-04        -484.527360989726         -6.873177e-08
   15          2.964159e-04        -484.527361001205         -1.147907e-08
   16          1.442265e-04        -484.527361010901         -9.696009e-09
   17          6.082751e-05        -484.527361012950         -2.048637e-09
---------------------------------------------------------------------------
                      SCF converged in 17 iterations!
===========================================================================


                                                                           
***************************************************************************
***                                                                     ***
***                    Printing Molecular Properties                    ***
***                                                                     ***
***************************************************************************
                                                                           
                                                                           
===========================================================================
                                 Molecule
---------------------------------------------------------------------------
 Charge                  :                                               0
 Multiplicity            :                                               3
---------------------------------------------------------------------------
    N    Atom            :               x               y               z
---------------------------------------------------------------------------
    0      Al            :        0.000000        0.000000        2.369527
    1      Al            :        0.000000        0.000000       -2.369527
---------------------------------------------------------------------------
 Center of mass          :        0.000000        0.000000       -0.000000
===========================================================================


===========================================================================
                         Molecular Energy (final)
---------------------------------------------------------------------------
 Kinetic energy          :            (au)                483.846822473825
 E-N energy              :            (au)              -1228.799309740573
 Coulomb energy          :            (au)                261.680656471439
 Exchange energy         :            (au)                  0.000000000000
 X-C energy              :            (au)                -36.916649513740
 Ext. field (el)         :            (au)                  0.000000000000
---------------------------------------------------------------------------
 N-N energy              :            (au)                 35.661119296100
 Ext. field (nuc)        :            (au)                  0.000000000000
---------------------------------------------------------------------------
 Electronic energy       :            (au)               -520.188480309050
 Nuclear energy          :            (au)                 35.661119296100
---------------------------------------------------------------------------
 Total energy            :            (au)             -4.845273610129e+02
                         :      (kcal/mol)             -3.040455070252e+05
                         :        (kJ/mol)             -1.272126402219e+06
                         :            (eV)             -1.318466058778e+04
===========================================================================


===========================================================================
                         Orbital Energies (final)
---------------------------------------------------------------------------
    n  Occ Spin          :                                         Epsilon
---------------------------------------------------------------------------
    0    1    a          :            (au)                -55.384687670142
    1    1    a          :            (au)                -55.384687659259
    2    1    a          :            (au)                 -3.940467613006
    3    1    a          :            (au)                 -3.940350776208
    4    1    a          :            (au)                 -2.545167898998
    5    1    a          :            (au)                 -2.545077764284
    6    1    a          :            (au)                 -2.542742809286
    7    1    a          :            (au)                 -2.542652228090
    8    1    a          :            (au)                 -2.541205634536
    9    1    a          :            (au)                 -2.540202493002
   10    1    a          :            (au)                 -0.358718888925
   11    1    a          :            (au)                 -0.244404658630
   12    1    a          :            (au)                 -0.151287509747
   13    1    a          :            (au)                 -0.142135233850
   14    1    b          :            (au)                -55.382662602209
   15    1    b          :            (au)                -55.382662592775
   16    1    b          :            (au)                 -3.938082721904
   17    1    b          :            (au)                 -3.937969788089
   18    1    b          :            (au)                 -2.544083932661
   19    1    b          :            (au)                 -2.543996437163
   20    1    b          :            (au)                 -2.539116664526
   21    1    b          :            (au)                 -2.539031488492
   22    1    b          :            (au)                 -2.536776930648
   23    1    b          :            (au)                 -2.535816268219
   24    1    b          :            (au)                 -0.326394183699
   25    1    b          :            (au)                 -0.215783217863
---------------------------------------------------------------------------
 Sum occupied            :            (au)               -269.226165666212
===========================================================================


===========================================================================
                           Dipole Moment (dip-1)
---------------------------------------------------------------------------
 r_O                     :        0.000000        0.000000        0.000000
---------------------------------------------------------------------------
 Electronic vector       :       -0.000011        0.000014        0.000000
 Magnitude               :            (au)                        0.000018
                         :         (Debye)                        0.000045
---------------------------------------------------------------------------
 Nuclear vector          :        0.000000        0.000000        0.000000
 Magnitude               :            (au)                        0.000000
                         :         (Debye)                        0.000000
---------------------------------------------------------------------------
 Total vector            :       -0.000011        0.000014        0.000000
 Magnitude               :            (au)                        0.000018
                         :         (Debye)                        0.000045
===========================================================================


                                                                           
                                                                           
***************************************************************************
***                                                                     ***
***                            Exiting MRChem                           ***
***                                                                     ***
***                       Wall time :  0h 26m 56s                       ***
***                                                                     ***
***************************************************************************
                                                                           
                                                                           
