Starting job 3255840 on c11-[5,10,19] at Tue Aug 10 15:19:01 CEST 2021

Copying al_3_pbe_.out to /cluster/home/ambr/projects/psp/row3/calcs/doublets
Copying al_3_pbe_.json to /cluster/home/ambr/projects/psp/row3/calcs/doublets

Task and CPU usage stats:
       JobID    JobName  AllocCPUS   NTasks     MinCPU MinCPUTask     AveCPU    Elapsed ExitCode 
------------ ---------- ---------- -------- ---------- ---------- ---------- ---------- -------- 
3255840       al_3_pbe_        120                                             00:11:23      1:0 
3255840.bat+      batch         42        1   00:00:01          0   00:00:01   00:11:23      1:0 
3255840.ext+     extern        120        3   00:00:00          2   00:00:00   00:11:23      0:0 
3255840.0      mrchem.x        120       20   00:11:18         19   00:36:48   00:11:19      0:0 

Memory usage stats:
       JobID     MaxRSS MaxRSSTask     AveRSS MaxPages   MaxPagesTask   AvePages 
------------ ---------- ---------- ---------- -------- -------------- ---------- 
3255840                                                                          
3255840.bat+     14240K          0     14240K        0              0          0 
3255840.ext+          0          2          0        0              2          0 
3255840.0      2957264K         13   2323837K        0             19          0 

Disk usage stats:
       JobID  MaxDiskRead MaxDiskReadTask    AveDiskRead MaxDiskWrite MaxDiskWriteTask   AveDiskWrite 
------------ ------------ --------------- -------------- ------------ ---------------- -------------- 
3255840                                                                                               
3255840.bat+        3.73M               0          3.73M        0.02M                0          0.02M 
3255840.ext+        0.00M               2          0.00M            0                2              0 
3255840.0           2.67M               0          2.66M       58.91M               13         32.94M 

Job 3255840 completed at Tue Aug 10 15:30:24 CEST 2021
