                                                                           
                                                                           
***************************************************************************
***                                                                     ***
***                                                                     ***
***          __  __ ____   ____ _                                       ***
***         |  \/  |  _ \ / ___| |__   ___ _ __ ___                     ***
***         | |\/| | |_) | |   | '_ \ / _ \ '_ ` _ \                    ***
***         | |  | |  _ <| |___| | | |  __/ | | | | |                   ***
***         |_|  |_|_| \_\\____|_| |_|\___|_| |_| |_|                   ***
***                                                                     ***
***         VERSION            1.0.1                                    ***
***                                                                     ***
***         Git branch         HEAD                                     ***
***         Git commit hash    9309e3e1e52e5319b766-dirty               ***
***         Git commit author  Stig Rune Jensen                         ***
***         Git commit date    Fri Dec 4 16:08:55 2020 +0100            ***
***                                                                     ***
***         Contact: luca.frediani@uit.no                               ***
***                                                                     ***
***         Radovan Bast            Magnar Bjorgve                      ***
***         Roberto Di Remigio      Antoine Durdek                      ***
***         Luca Frediani           Gabriel Gerez                       ***
***         Stig Rune Jensen        Jonas Juselius                      ***
***         Rune Monstad            Peter Wind                          ***
***                                                                     ***
***************************************************************************

---------------------------------------------------------------------------

 MPI processes           :        (1 bank)                              20
 OpenMP threads          :                                               6
 Total cores             :                                             120
                                                                           
---------------------------------------------------------------------------

XCFun DFT library Copyright 2009-2020 Ulf Ekstrom and contributors.
See http://dftlibs.org/xcfun/ for more information.

This is free software; see the source code for copying conditions.
There is ABSOLUTELY NO WARRANTY; not even for MERCHANTABILITY or
FITNESS FOR A PARTICULAR PURPOSE. For details see the documentation.
Scientific users of this library should cite
U. Ekstrom, L. Visscher, R. Bast, A. J. Thorvaldsen and K. Ruud;
J.Chem.Theor.Comp. 2010, DOI: 10.1021/ct100117s

---------------------------------------------------------------------------

 MRCPP version         : 1.3.6
 Git branch            : HEAD
 Git commit hash       : 9309e3e1e52e5319b766-dirty
 Git commit author     : Stig Rune Jensen
 Git commit date       : Fri Dec 4 16:08:55 2020 +0100

 Linear algebra        : EIGEN v3.3.7
 Parallelization       : MPI/OpenMP (6 threads)

---------------------------------------------------------------------------


                                                                           
===========================================================================
                         MultiResolution Analysis
---------------------------------------------------------------------------
 polynomial order      : 9
 polynomial type       : Interpolating
---------------------------------------------------------------------------
 total boxes           : 8
 boxes                 : [          2           2           2 ]
 unit lengths          : [   32.00000    32.00000    32.00000 ]
 scaling factor        : [    1.00000     1.00000     1.00000 ]
 lower bounds          : [  -32.00000   -32.00000   -32.00000 ]
 upper bounds          : [   32.00000    32.00000    32.00000 ]
 total length          : [   64.00000    64.00000    64.00000 ]
===========================================================================


                                                                           
***************************************************************************
***                                                                     ***
***                        Initializing Molecule                        ***
***                                                                     ***
***************************************************************************
                                                                           
                                                                           
===========================================================================
                                 Molecule
---------------------------------------------------------------------------
 Charge                  :                                               0
 Multiplicity            :                                               2
---------------------------------------------------------------------------
    N    Atom            :               x               y               z
---------------------------------------------------------------------------
    0      Al            :        0.000000        0.000000       -0.106018
    1       H            :        0.000000        2.588925        1.418991
    2       H            :        0.000000       -2.588925        1.418991
---------------------------------------------------------------------------
 Center of mass          :        0.000000       -0.000000        0.000000
===========================================================================


                                                                           
***************************************************************************
***                                                                     ***
***                 Computing Ground State Wavefunction                 ***
***                                                                     ***
***************************************************************************
                                                                           
                                                                           
~~~~~~~~~~~~~~~~~~~~~~~~~~~~~~~~~~~~~~~~~~~~~~~~~~~~~~~~~~~~~~~~~~~~~~~~~~~
 Calculation             : Compute initial orbitals
 Method                  : Diagonalize SAD Hamiltonian
 Precision               : 1.00000e-04
 Restricted              : False
 Functional              : LDA (SVWN5)
 AO basis                : Hydrogenic orbitals
 Zeta quality            : 2
~~~~~~~~~~~~~~~~~~~~~~~~~~~~~~~~~~~~~~~~~~~~~~~~~~~~~~~~~~~~~~~~~~~~~~~~~~~


===========================================================================
                            Molecular Orbitals
---------------------------------------------------------------------------
 Alpha electrons         :                                               8
 Beta electrons          :                                               7
 Total electrons         :                                              15
---------------------------------------------------------------------------
    n  Occ Spin          :                                            Norm
---------------------------------------------------------------------------
    0    1    a          :                              1.000000000826e+00
    1    1    a          :                              9.999999814309e-01
    2    1    a          :                              9.999998790746e-01
    3    1    a          :                              9.999999999947e-01
    4    1    a          :                              1.000000001684e+00
    5    1    a          :                              9.999999998252e-01
    6    1    a          :                              1.000000003921e+00
    7    1    a          :                              9.999999999645e-01
    8    1    b          :                              1.000000000826e+00
    9    1    b          :                              9.999999814314e-01
   10    1    b          :                              9.999998790730e-01
   11    1    b          :                              9.999999999939e-01
   12    1    b          :                              1.000000001682e+00
   13    1    b          :                              1.000000001910e+00
   14    1    b          :                              1.000000009770e+00
===========================================================================


~~~~~~~~~~~~~~~~~~~~~~~~~~~~~~~~~~~~~~~~~~~~~~~~~~~~~~~~~~~~~~~~~~~~~~~~~~~
 Calculation             : Compute initial energy
 Method                  : DFT (PBE)
 Precision               : 1.00000e-04
 Localization            : On
~~~~~~~~~~~~~~~~~~~~~~~~~~~~~~~~~~~~~~~~~~~~~~~~~~~~~~~~~~~~~~~~~~~~~~~~~~~


===========================================================================
                        Molecular Energy (initial)
---------------------------------------------------------------------------
 Kinetic energy          :            (au)                249.874586860276
 E-N energy              :            (au)               -602.898203849561
 Coulomb energy          :            (au)                120.516601561635
 Exchange energy         :            (au)                  0.000000000000
 X-C energy              :            (au)                -19.168002552040
 Ext. field (el)         :            (au)                  0.000000000000
---------------------------------------------------------------------------
 N-N energy              :            (au)                  8.846259417078
 Ext. field (nuc)        :            (au)                  0.000000000000
---------------------------------------------------------------------------
 Electronic energy       :            (au)               -251.675017979690
 Nuclear energy          :            (au)                  8.846259417078
---------------------------------------------------------------------------
 Total energy            :            (au)             -2.428287585626e+02
                         :      (kcal/mol)             -1.523773453436e+05
                         :        (kJ/mol)             -6.375468133312e+05
                         :            (eV)             -6.607706850461e+03
===========================================================================


===========================================================================
                        Orbital Energies (initial)
---------------------------------------------------------------------------
    n  Occ Spin          :                                         Epsilon
---------------------------------------------------------------------------
    0    1    a          :            (au)                -55.424352250655
    1    1    a          :            (au)                 -4.090701358985
    2    1    a          :            (au)                 -2.732466541612
    3    1    a          :            (au)                 -2.728146411020
    4    1    a          :            (au)                 -2.721083859044
    5    1    a          :            (au)                 -0.375573408720
    6    1    a          :            (au)                 -0.246605114118
    7    1    a          :            (au)                 -0.131192463093
    8    1    b          :            (au)                -55.422353276536
    9    1    b          :            (au)                 -4.087124099066
   10    1    b          :            (au)                 -2.729508622055
   11    1    b          :            (au)                 -2.723057124080
   12    1    b          :            (au)                 -2.718422472256
   13    1    b          :            (au)                 -0.350215852917
   14    1    b          :            (au)                 -0.231855344917
---------------------------------------------------------------------------
 Sum occupied            :            (au)               -136.712658199073
===========================================================================


~~~~~~~~~~~~~~~~~~~~~~~~~~~~~~~~~~~~~~~~~~~~~~~~~~~~~~~~~~~~~~~~~~~~~~~~~~~
 Calculation             : Optimize ground state orbitals
 Method                  : DFT (PBE)
 Checkpointing           : Off
 Max iterations          : 200
 KAIN solver             : 10
 Localization            : First two iterations
 Diagonalization         : Off
 Start precision         : 1.00000e-06
 Final precision         : 1.00000e-06
 Helmholtz precision     : Dynamic
 Energy threshold        : 1.00000e-06
 Orbital threshold       : 5.00000e-05
~~~~~~~~~~~~~~~~~~~~~~~~~~~~~~~~~~~~~~~~~~~~~~~~~~~~~~~~~~~~~~~~~~~~~~~~~~~


===========================================================================
 Iter           MO residual             Total energy                Update
---------------------------------------------------------------------------
    0          3.872983e+00        -242.828758562612         -2.428288e+02
    1          4.000959e-01        -243.374345999926         -5.455874e-01
    2          1.233934e-01        -243.419586110768         -4.524011e-02
    3          4.781461e-02        -243.426732520117         -7.146409e-03
    4          4.100824e-02        -243.428891965094         -2.159445e-03
    5          2.427062e-02        -243.429122264102         -2.302990e-04
    6          7.655188e-03        -243.429151931120         -2.966702e-05
    7          4.027860e-03        -243.429163369078         -1.143796e-05
    8          1.892205e-03        -243.429165350834         -1.981756e-06
    9          1.292180e-03        -243.429166185595         -8.347610e-07
   10          1.109147e-03        -243.429166329492         -1.438967e-07
   11          5.473293e-04        -243.429166469098         -1.396069e-07
   12          1.773178e-04        -243.429166505989         -3.689081e-08
   13          5.688618e-05        -243.429166508443         -2.453362e-09
---------------------------------------------------------------------------
                      SCF converged in 13 iterations!
===========================================================================


                                                                           
***************************************************************************
***                                                                     ***
***                    Printing Molecular Properties                    ***
***                                                                     ***
***************************************************************************
                                                                           
                                                                           
===========================================================================
                                 Molecule
---------------------------------------------------------------------------
 Charge                  :                                               0
 Multiplicity            :                                               2
---------------------------------------------------------------------------
    N    Atom            :               x               y               z
---------------------------------------------------------------------------
    0      Al            :        0.000000        0.000000       -0.106018
    1       H            :        0.000000        2.588925        1.418991
    2       H            :        0.000000       -2.588925        1.418991
---------------------------------------------------------------------------
 Center of mass          :        0.000000       -0.000000        0.000000
===========================================================================


===========================================================================
                         Molecular Energy (final)
---------------------------------------------------------------------------
 Kinetic energy          :            (au)                243.023311188762
 E-N energy              :            (au)               -598.605249068238
 Coulomb energy          :            (au)                122.491208458583
 Exchange energy         :            (au)                  0.000000000000
 X-C energy              :            (au)                -19.184696504627
 Ext. field (el)         :            (au)                  0.000000000000
---------------------------------------------------------------------------
 N-N energy              :            (au)                  8.846259417078
 Ext. field (nuc)        :            (au)                  0.000000000000
---------------------------------------------------------------------------
 Electronic energy       :            (au)               -252.275425925520
 Nuclear energy          :            (au)                  8.846259417078
---------------------------------------------------------------------------
 Total energy            :            (au)             -2.434291665084e+02
                         :      (kcal/mol)             -1.527541070148e+05
                         :        (kJ/mol)             -6.391231841648e+05
                         :            (eV)             -6.624044782262e+03
===========================================================================


===========================================================================
                         Orbital Energies (final)
---------------------------------------------------------------------------
    n  Occ Spin          :                                         Epsilon
---------------------------------------------------------------------------
    0    1    a          :            (au)                -55.385119563092
    1    1    a          :            (au)                 -3.943738602660
    2    1    a          :            (au)                 -2.550935518064
    3    1    a          :            (au)                 -2.545587547958
    4    1    a          :            (au)                 -2.540836780111
    5    1    a          :            (au)                 -0.369841464900
    6    1    a          :            (au)                 -0.274655201865
    7    1    a          :            (au)                 -0.169615775311
    8    1    b          :            (au)                -55.383139842208
    9    1    b          :            (au)                 -3.940834652934
   10    1    b          :            (au)                 -2.548676180434
   11    1    b          :            (au)                 -2.539730871214
   12    1    b          :            (au)                 -2.538927924534
   13    1    b          :            (au)                 -0.355424390908
   14    1    b          :            (au)                 -0.265007390427
---------------------------------------------------------------------------
 Sum occupied            :            (au)               -135.352071706619
===========================================================================


===========================================================================
                           Dipole Moment (dip-1)
---------------------------------------------------------------------------
 r_O                     :        0.000000        0.000000        0.000000
---------------------------------------------------------------------------
 Electronic vector       :        0.000008       -0.000003       -1.596878
 Magnitude               :            (au)                        1.596878
                         :         (Debye)                        4.058858
---------------------------------------------------------------------------
 Nuclear vector          :        0.000000        0.000000        1.459755
 Magnitude               :            (au)                        1.459755
                         :         (Debye)                        3.710326
---------------------------------------------------------------------------
 Total vector            :        0.000008       -0.000003       -0.137123
 Magnitude               :            (au)                        0.137123
                         :         (Debye)                        0.348532
===========================================================================


                                                                           
                                                                           
***************************************************************************
***                                                                     ***
***                            Exiting MRChem                           ***
***                                                                     ***
***                       Wall time :  0h 11m 17s                       ***
***                                                                     ***
***************************************************************************
                                                                           
                                                                           
