                                                                           
                                                                           
***************************************************************************
***                                                                     ***
***                                                                     ***
***          __  __ ____   ____ _                                       ***
***         |  \/  |  _ \ / ___| |__   ___ _ __ ___                     ***
***         | |\/| | |_) | |   | '_ \ / _ \ '_ ` _ \                    ***
***         | |  | |  _ <| |___| | | |  __/ | | | | |                   ***
***         |_|  |_|_| \_\\____|_| |_|\___|_| |_| |_|                   ***
***                                                                     ***
***         VERSION            1.0.1                                    ***
***                                                                     ***
***         Git branch         HEAD                                     ***
***         Git commit hash    9309e3e1e52e5319b766-dirty               ***
***         Git commit author  Stig Rune Jensen                         ***
***         Git commit date    Fri Dec 4 16:08:55 2020 +0100            ***
***                                                                     ***
***         Contact: luca.frediani@uit.no                               ***
***                                                                     ***
***         Radovan Bast            Magnar Bjorgve                      ***
***         Roberto Di Remigio      Antoine Durdek                      ***
***         Luca Frediani           Gabriel Gerez                       ***
***         Stig Rune Jensen        Jonas Juselius                      ***
***         Rune Monstad            Peter Wind                          ***
***                                                                     ***
***************************************************************************

---------------------------------------------------------------------------

 MPI processes           :        (1 bank)                              20
 OpenMP threads          :                                               6
 Total cores             :                                             120
                                                                           
---------------------------------------------------------------------------

XCFun DFT library Copyright 2009-2020 Ulf Ekstrom and contributors.
See http://dftlibs.org/xcfun/ for more information.

This is free software; see the source code for copying conditions.
There is ABSOLUTELY NO WARRANTY; not even for MERCHANTABILITY or
FITNESS FOR A PARTICULAR PURPOSE. For details see the documentation.
Scientific users of this library should cite
U. Ekstrom, L. Visscher, R. Bast, A. J. Thorvaldsen and K. Ruud;
J.Chem.Theor.Comp. 2010, DOI: 10.1021/ct100117s

---------------------------------------------------------------------------

 MRCPP version         : 1.3.6
 Git branch            : HEAD
 Git commit hash       : 9309e3e1e52e5319b766-dirty
 Git commit author     : Stig Rune Jensen
 Git commit date       : Fri Dec 4 16:08:55 2020 +0100

 Linear algebra        : EIGEN v3.3.7
 Parallelization       : MPI/OpenMP (6 threads)

---------------------------------------------------------------------------


                                                                           
===========================================================================
                         MultiResolution Analysis
---------------------------------------------------------------------------
 polynomial order      : 9
 polynomial type       : Interpolating
---------------------------------------------------------------------------
 total boxes           : 8
 boxes                 : [          2           2           2 ]
 unit lengths          : [   32.00000    32.00000    32.00000 ]
 scaling factor        : [    1.00000     1.00000     1.00000 ]
 lower bounds          : [  -32.00000   -32.00000   -32.00000 ]
 upper bounds          : [   32.00000    32.00000    32.00000 ]
 total length          : [   64.00000    64.00000    64.00000 ]
===========================================================================


                                                                           
***************************************************************************
***                                                                     ***
***                        Initializing Molecule                        ***
***                                                                     ***
***************************************************************************
                                                                           
                                                                           
===========================================================================
                                 Molecule
---------------------------------------------------------------------------
 Charge                  :                                               0
 Multiplicity            :                                               1
---------------------------------------------------------------------------
    N    Atom            :               x               y               z
---------------------------------------------------------------------------
    0      Al            :        0.000000        0.000000        0.000000
    1       H            :        0.000000        2.806999        0.000000
    2       H            :        0.000000       -1.403499        2.430944
    3       H            :        0.000000       -1.403499       -2.430944
---------------------------------------------------------------------------
 Center of mass          :        0.000000       -0.000000       -0.000000
===========================================================================


                                                                           
***************************************************************************
***                                                                     ***
***                 Computing Ground State Wavefunction                 ***
***                                                                     ***
***************************************************************************
                                                                           
                                                                           
~~~~~~~~~~~~~~~~~~~~~~~~~~~~~~~~~~~~~~~~~~~~~~~~~~~~~~~~~~~~~~~~~~~~~~~~~~~
 Calculation             : Compute initial orbitals
 Method                  : Diagonalize SAD Hamiltonian
 Precision               : 1.00000e-04
 Restricted              : False
 Functional              : LDA (SVWN5)
 AO basis                : Hydrogenic orbitals
 Zeta quality            : 2
~~~~~~~~~~~~~~~~~~~~~~~~~~~~~~~~~~~~~~~~~~~~~~~~~~~~~~~~~~~~~~~~~~~~~~~~~~~


===========================================================================
                            Molecular Orbitals
---------------------------------------------------------------------------
 Alpha electrons         :                                               8
 Beta electrons          :                                               8
 Total electrons         :                                              16
---------------------------------------------------------------------------
    n  Occ Spin          :                                            Norm
---------------------------------------------------------------------------
    0    1    a          :                              1.000000001078e+00
    1    1    a          :                              1.000000195601e+00
    2    1    a          :                              9.999999865358e-01
    3    1    a          :                              1.000000070793e+00
    4    1    a          :                              1.000000038268e+00
    5    1    a          :                              9.999999999301e-01
    6    1    a          :                              1.000000000077e+00
    7    1    a          :                              9.999999988067e-01
    8    1    b          :                              1.000000001078e+00
    9    1    b          :                              1.000000121014e+00
   10    1    b          :                              9.999999865358e-01
   11    1    b          :                              1.000000070793e+00
   12    1    b          :                              1.000000038268e+00
   13    1    b          :                              1.000000001224e+00
   14    1    b          :                              1.000000000121e+00
   15    1    b          :                              9.999999989393e-01
===========================================================================


~~~~~~~~~~~~~~~~~~~~~~~~~~~~~~~~~~~~~~~~~~~~~~~~~~~~~~~~~~~~~~~~~~~~~~~~~~~
 Calculation             : Compute initial energy
 Method                  : DFT (PBE)
 Precision               : 1.00000e-04
 Localization            : On
~~~~~~~~~~~~~~~~~~~~~~~~~~~~~~~~~~~~~~~~~~~~~~~~~~~~~~~~~~~~~~~~~~~~~~~~~~~


===========================================================================
                        Molecular Energy (initial)
---------------------------------------------------------------------------
 Kinetic energy          :            (au)                251.070992903606
 E-N energy              :            (au)               -617.322464298345
 Coulomb energy          :            (au)                127.918819364660
 Exchange energy         :            (au)                  0.000000000000
 X-C energy              :            (au)                -19.703219841795
 Ext. field (el)         :            (au)                  0.000000000000
---------------------------------------------------------------------------
 N-N energy              :            (au)                 14.510855981799
 Ext. field (nuc)        :            (au)                  0.000000000000
---------------------------------------------------------------------------
 Electronic energy       :            (au)               -258.035871871874
 Nuclear energy          :            (au)                 14.510855981799
---------------------------------------------------------------------------
 Total energy            :            (au)             -2.435250158901e+02
                         :      (kcal/mol)             -1.528142534094e+05
                         :        (kJ/mol)             -6.393748366799e+05
                         :            (eV)             -6.626652976692e+03
===========================================================================


===========================================================================
                        Orbital Energies (initial)
---------------------------------------------------------------------------
    n  Occ Spin          :                                         Epsilon
---------------------------------------------------------------------------
    0    1    a          :            (au)                -55.281778854053
    1    1    a          :            (au)                 -3.971728935325
    2    1    a          :            (au)                 -2.614789344589
    3    1    a          :            (au)                 -2.603146385018
    4    1    a          :            (au)                 -2.602337814812
    5    1    a          :            (au)                 -0.366134184853
    6    1    a          :            (au)                 -0.242444613729
    7    1    a          :            (au)                 -0.231799748012
    8    1    b          :            (au)                -55.281779143742
    9    1    b          :            (au)                 -3.971729104336
   10    1    b          :            (au)                 -2.614789360056
   11    1    b          :            (au)                 -2.603146415910
   12    1    b          :            (au)                 -2.602337506256
   13    1    b          :            (au)                 -0.366127703221
   14    1    b          :            (au)                 -0.242446512128
   15    1    b          :            (au)                 -0.231801845760
---------------------------------------------------------------------------
 Sum occupied            :            (au)               -135.828317471803
===========================================================================


~~~~~~~~~~~~~~~~~~~~~~~~~~~~~~~~~~~~~~~~~~~~~~~~~~~~~~~~~~~~~~~~~~~~~~~~~~~
 Calculation             : Optimize ground state orbitals
 Method                  : DFT (PBE)
 Checkpointing           : Off
 Max iterations          : 200
 KAIN solver             : 10
 Localization            : First two iterations
 Diagonalization         : Off
 Start precision         : 1.00000e-06
 Final precision         : 1.00000e-06
 Helmholtz precision     : Dynamic
 Energy threshold        : 1.00000e-06
 Orbital threshold       : 5.00000e-05
~~~~~~~~~~~~~~~~~~~~~~~~~~~~~~~~~~~~~~~~~~~~~~~~~~~~~~~~~~~~~~~~~~~~~~~~~~~


===========================================================================
 Iter           MO residual             Total energy                Update
---------------------------------------------------------------------------
    0          4.000000e+00        -243.525015890074         -2.435250e+02
    1          2.522737e-01        -244.008076233041         -4.830603e-01
    2          4.659764e-02        -244.044093931110         -3.601770e-02
    3          1.336770e-02        -244.049563320785         -5.469390e-03
    4          9.256216e-03        -244.050895196816         -1.331876e-03
    5          2.678684e-03        -244.050934658658         -3.946184e-05
    6          1.633206e-03        -244.050940236774         -5.578116e-06
    7          6.807893e-04        -244.050941690269         -1.453496e-06
    8          4.398488e-04        -244.050942501963         -8.116940e-07
    9          1.726604e-04        -244.050942586575         -8.461194e-08
   10          9.448126e-05        -244.050942609202         -2.262715e-08
   11          3.337707e-05        -244.050942614007         -4.804292e-09
---------------------------------------------------------------------------
                      SCF converged in 11 iterations!
===========================================================================


                                                                           
***************************************************************************
***                                                                     ***
***                    Printing Molecular Properties                    ***
***                                                                     ***
***************************************************************************
                                                                           
                                                                           
===========================================================================
                                 Molecule
---------------------------------------------------------------------------
 Charge                  :                                               0
 Multiplicity            :                                               1
---------------------------------------------------------------------------
    N    Atom            :               x               y               z
---------------------------------------------------------------------------
    0      Al            :        0.000000        0.000000        0.000000
    1       H            :        0.000000        2.806999        0.000000
    2       H            :        0.000000       -1.403499        2.430944
    3       H            :        0.000000       -1.403499       -2.430944
---------------------------------------------------------------------------
 Center of mass          :        0.000000       -0.000000       -0.000000
===========================================================================


===========================================================================
                         Molecular Energy (final)
---------------------------------------------------------------------------
 Kinetic energy          :            (au)                243.874029698055
 E-N energy              :            (au)               -611.580525681758
 Coulomb energy          :            (au)                128.773947054660
 Exchange energy         :            (au)                  0.000000000000
 X-C energy              :            (au)                -19.629249666763
 Ext. field (el)         :            (au)                  0.000000000000
---------------------------------------------------------------------------
 N-N energy              :            (au)                 14.510855981799
 Ext. field (nuc)        :            (au)                  0.000000000000
---------------------------------------------------------------------------
 Electronic energy       :            (au)               -258.561798595806
 Nuclear energy          :            (au)                 14.510855981799
---------------------------------------------------------------------------
 Total energy            :            (au)             -2.440509426140e+02
                         :      (kcal/mol)             -1.531442774087e+05
                         :        (kJ/mol)             -6.407556570937e+05
                         :            (eV)             -6.640964171285e+03
===========================================================================


===========================================================================
                         Orbital Energies (final)
---------------------------------------------------------------------------
    n  Occ Spin          :                                         Epsilon
---------------------------------------------------------------------------
    0    1    a          :            (au)                -55.348254208359
    1    1    a          :            (au)                 -3.915151711038
    2    1    a          :            (au)                 -2.523826103795
    3    1    a          :            (au)                 -2.513098430077
    4    1    a          :            (au)                 -2.513098167672
    5    1    a          :            (au)                 -0.385915155057
    6    1    a          :            (au)                 -0.271413685185
    7    1    a          :            (au)                 -0.271413176004
    8    1    b          :            (au)                -55.348253852152
    9    1    b          :            (au)                 -3.915151700322
   10    1    b          :            (au)                 -2.523826296400
   11    1    b          :            (au)                 -2.513098556277
   12    1    b          :            (au)                 -2.513098281751
   13    1    b          :            (au)                 -0.385915443181
   14    1    b          :            (au)                 -0.271413835993
   15    1    b          :            (au)                 -0.271413651690
---------------------------------------------------------------------------
 Sum occupied            :            (au)               -135.484342254955
===========================================================================


===========================================================================
                           Dipole Moment (dip-1)
---------------------------------------------------------------------------
 r_O                     :        0.000000        0.000000        0.000000
---------------------------------------------------------------------------
 Electronic vector       :        0.000000       -0.000001       -0.000001
 Magnitude               :            (au)                        0.000001
                         :         (Debye)                        0.000002
---------------------------------------------------------------------------
 Nuclear vector          :        0.000000        0.000000        0.000000
 Magnitude               :            (au)                        0.000000
                         :         (Debye)                        0.000000
---------------------------------------------------------------------------
 Total vector            :        0.000000       -0.000001       -0.000001
 Magnitude               :            (au)                        0.000001
                         :         (Debye)                        0.000002
===========================================================================


                                                                           
                                                                           
***************************************************************************
***                                                                     ***
***                            Exiting MRChem                           ***
***                                                                     ***
***                       Wall time :  0h 11m 30s                       ***
***                                                                     ***
***************************************************************************
                                                                           
                                                                           
