Starting job 3255841 on c11-[30,32,37,39-40] at Tue Aug 10 15:19:21 CEST 2021

Copying al_7_pbe_.out to /cluster/home/ambr/projects/psp/row3/calcs/doublets
Copying al_7_pbe_.json to /cluster/home/ambr/projects/psp/row3/calcs/doublets

Task and CPU usage stats:
       JobID    JobName  AllocCPUS   NTasks     MinCPU MinCPUTask     AveCPU    Elapsed ExitCode 
------------ ---------- ---------- -------- ---------- ---------- ---------- ---------- -------- 
3255841       al_7_pbe_        120                                             00:20:54      1:0 
3255841.bat+      batch         12        1   00:00:01          0   00:00:01   00:20:54      1:0 
3255841.ext+     extern        120        5   00:00:00          1   00:00:00   00:20:54      0:0 
3255841.0      mrchem.x        120       20   00:20:48         19   01:10:22   00:20:50      0:0 

Memory usage stats:
       JobID     MaxRSS MaxRSSTask     AveRSS MaxPages   MaxPagesTask   AvePages 
------------ ---------- ---------- ---------- -------- -------------- ---------- 
3255841                                                                          
3255841.bat+     14324K          0     14324K        0              0          0 
3255841.ext+          0          1          0        0              1          0 
3255841.0      5195140K          2 4143621529        0              4          0 

Disk usage stats:
       JobID  MaxDiskRead MaxDiskReadTask    AveDiskRead MaxDiskWrite MaxDiskWriteTask   AveDiskWrite 
------------ ------------ --------------- -------------- ------------ ---------------- -------------- 
3255841                                                                                               
3255841.bat+        3.73M               0          3.73M        0.02M                0          0.02M 
3255841.ext+        0.00M               1          0.00M            0                1              0 
3255841.0           2.67M               8          2.66M      131.43M                2         70.67M 

Job 3255841 completed at Tue Aug 10 15:40:15 CEST 2021
