                                                                           
                                                                           
***************************************************************************
***                                                                     ***
***                                                                     ***
***          __  __ ____   ____ _                                       ***
***         |  \/  |  _ \ / ___| |__   ___ _ __ ___                     ***
***         | |\/| | |_) | |   | '_ \ / _ \ '_ ` _ \                    ***
***         | |  | |  _ <| |___| | | |  __/ | | | | |                   ***
***         |_|  |_|_| \_\\____|_| |_|\___|_| |_| |_|                   ***
***                                                                     ***
***         VERSION            1.0.1                                    ***
***                                                                     ***
***         Git branch         HEAD                                     ***
***         Git commit hash    9309e3e1e52e5319b766-dirty               ***
***         Git commit author  Stig Rune Jensen                         ***
***         Git commit date    Fri Dec 4 16:08:55 2020 +0100            ***
***                                                                     ***
***         Contact: luca.frediani@uit.no                               ***
***                                                                     ***
***         Radovan Bast            Magnar Bjorgve                      ***
***         Roberto Di Remigio      Antoine Durdek                      ***
***         Luca Frediani           Gabriel Gerez                       ***
***         Stig Rune Jensen        Jonas Juselius                      ***
***         Rune Monstad            Peter Wind                          ***
***                                                                     ***
***************************************************************************

---------------------------------------------------------------------------

 MPI processes           :        (1 bank)                              20
 OpenMP threads          :                                               6
 Total cores             :                                             120
                                                                           
---------------------------------------------------------------------------

XCFun DFT library Copyright 2009-2020 Ulf Ekstrom and contributors.
See http://dftlibs.org/xcfun/ for more information.

This is free software; see the source code for copying conditions.
There is ABSOLUTELY NO WARRANTY; not even for MERCHANTABILITY or
FITNESS FOR A PARTICULAR PURPOSE. For details see the documentation.
Scientific users of this library should cite
U. Ekstrom, L. Visscher, R. Bast, A. J. Thorvaldsen and K. Ruud;
J.Chem.Theor.Comp. 2010, DOI: 10.1021/ct100117s

---------------------------------------------------------------------------

 MRCPP version         : 1.3.6
 Git branch            : HEAD
 Git commit hash       : 9309e3e1e52e5319b766-dirty
 Git commit author     : Stig Rune Jensen
 Git commit date       : Fri Dec 4 16:08:55 2020 +0100

 Linear algebra        : EIGEN v3.3.7
 Parallelization       : MPI/OpenMP (6 threads)

---------------------------------------------------------------------------


                                                                           
===========================================================================
                         MultiResolution Analysis
---------------------------------------------------------------------------
 polynomial order      : 9
 polynomial type       : Interpolating
---------------------------------------------------------------------------
 total boxes           : 8
 boxes                 : [          2           2           2 ]
 unit lengths          : [   32.00000    32.00000    32.00000 ]
 scaling factor        : [    1.00000     1.00000     1.00000 ]
 lower bounds          : [  -32.00000   -32.00000   -32.00000 ]
 upper bounds          : [   32.00000    32.00000    32.00000 ]
 total length          : [   64.00000    64.00000    64.00000 ]
===========================================================================


                                                                           
***************************************************************************
***                                                                     ***
***                        Initializing Molecule                        ***
***                                                                     ***
***************************************************************************
                                                                           
                                                                           
===========================================================================
                                 Molecule
---------------------------------------------------------------------------
 Charge                  :                                               0
 Multiplicity            :                                               1
---------------------------------------------------------------------------
    N    Atom            :               x               y               z
---------------------------------------------------------------------------
    0      Al            :        0.000000        0.000002        0.000000
    1       F            :        0.000000        3.080252        0.000000
    2       F            :        0.000000       -1.540128       -2.667580
    3       F            :        0.000000       -1.540128        2.667580
---------------------------------------------------------------------------
 Center of mass          :        0.000000       -0.000000        0.000000
===========================================================================


                                                                           
***************************************************************************
***                                                                     ***
***                 Computing Ground State Wavefunction                 ***
***                                                                     ***
***************************************************************************
                                                                           
                                                                           
~~~~~~~~~~~~~~~~~~~~~~~~~~~~~~~~~~~~~~~~~~~~~~~~~~~~~~~~~~~~~~~~~~~~~~~~~~~
 Calculation             : Compute initial orbitals
 Method                  : Diagonalize SAD Hamiltonian
 Precision               : 1.00000e-04
 Restricted              : False
 Functional              : LDA (SVWN5)
 AO basis                : Hydrogenic orbitals
 Zeta quality            : 2
~~~~~~~~~~~~~~~~~~~~~~~~~~~~~~~~~~~~~~~~~~~~~~~~~~~~~~~~~~~~~~~~~~~~~~~~~~~


===========================================================================
                            Molecular Orbitals
---------------------------------------------------------------------------
 Alpha electrons         :                                              20
 Beta electrons          :                                              20
 Total electrons         :                                              40
---------------------------------------------------------------------------
    n  Occ Spin          :                                            Norm
---------------------------------------------------------------------------
    0    1    a          :                              1.000000003046e+00
    1    1    a          :                              9.999995300911e-01
    2    1    a          :                              9.999991260891e-01
    3    1    a          :                              9.999997593933e-01
    4    1    a          :                              1.000000058755e+00
    5    1    a          :                              1.000000025296e+00
    6    1    a          :                              9.999999903816e-01
    7    1    a          :                              9.999999957070e-01
    8    1    a          :                              9.999999409464e-01
    9    1    a          :                              9.999999330359e-01
   10    1    a          :                              9.999999221167e-01
   11    1    a          :                              1.000000344977e+00
   12    1    a          :                              9.999999667204e-01
   13    1    a          :                              9.999999674559e-01
   14    1    a          :                              9.999998417457e-01
   15    1    a          :                              9.999999933005e-01
   16    1    a          :                              1.000000011846e+00
   17    1    a          :                              9.999999902006e-01
   18    1    a          :                              9.999998424036e-01
   19    1    a          :                              9.999999112128e-01
   20    1    b          :                              1.000000002992e+00
   21    1    b          :                              9.999990689908e-01
   22    1    b          :                              9.999991260891e-01
   23    1    b          :                              9.999997593932e-01
   24    1    b          :                              1.000000058755e+00
   25    1    b          :                              1.000000025296e+00
   26    1    b          :                              9.999999903893e-01
   27    1    b          :                              9.999999957167e-01
   28    1    b          :                              9.999999339920e-01
   29    1    b          :                              9.999999330426e-01
   30    1    b          :                              9.999999221165e-01
   31    1    b          :                              1.000000344255e+00
   32    1    b          :                              9.999999680591e-01
   33    1    b          :                              9.999999674949e-01
   34    1    b          :                              9.999998419944e-01
   35    1    b          :                              9.999999929225e-01
   36    1    b          :                              1.000000011562e+00
   37    1    b          :                              9.999999901974e-01
   38    1    b          :                              9.999998425911e-01
   39    1    b          :                              9.999999112132e-01
===========================================================================


~~~~~~~~~~~~~~~~~~~~~~~~~~~~~~~~~~~~~~~~~~~~~~~~~~~~~~~~~~~~~~~~~~~~~~~~~~~
 Calculation             : Compute initial energy
 Method                  : DFT (PBE)
 Precision               : 1.00000e-04
 Localization            : On
~~~~~~~~~~~~~~~~~~~~~~~~~~~~~~~~~~~~~~~~~~~~~~~~~~~~~~~~~~~~~~~~~~~~~~~~~~~


===========================================================================
                        Molecular Energy (initial)
---------------------------------------------------------------------------
 Kinetic energy          :            (au)                568.344695176012
 E-N energy              :            (au)              -1648.452680350089
 Coulomb energy          :            (au)                431.882436917735
 Exchange energy         :            (au)                  0.000000000000
 X-C energy              :            (au)                -51.489346945321
 Ext. field (el)         :            (au)                  0.000000000000
---------------------------------------------------------------------------
 N-N energy              :            (au)                159.498536199648
 Ext. field (nuc)        :            (au)                  0.000000000000
---------------------------------------------------------------------------
 Electronic energy       :            (au)               -699.714895201664
 Nuclear energy          :            (au)                159.498536199648
---------------------------------------------------------------------------
 Total energy            :            (au)             -5.402163590020e+02
                         :      (kcal/mol)             -3.389908805825e+05
                         :        (kJ/mol)             -1.418337845278e+06
                         :            (eV)             -1.470003535511e+04
===========================================================================


===========================================================================
                        Orbital Energies (initial)
---------------------------------------------------------------------------
    n  Occ Spin          :                                         Epsilon
---------------------------------------------------------------------------
    0    1    a          :            (au)                -55.452376122043
    1    1    a          :            (au)                -23.506584927142
    2    1    a          :            (au)                -23.462910955676
    3    1    a          :            (au)                -23.433056533991
    4    1    a          :            (au)                 -4.114534820461
    5    1    a          :            (au)                 -2.759661528863
    6    1    a          :            (au)                 -2.748507574219
    7    1    a          :            (au)                 -2.748126065837
    8    1    a          :            (au)                 -0.820997825972
    9    1    a          :            (au)                 -0.797178529271
   10    1    a          :            (au)                 -0.781877866881
   11    1    a          :            (au)                 -0.177082402628
   12    1    a          :            (au)                 -0.123544422031
   13    1    a          :            (au)                 -0.108095944767
   14    1    a          :            (au)                 -0.081878691127
   15    1    a          :            (au)                 -0.064246113991
   16    1    a          :            (au)                 -0.055172716067
   17    1    a          :            (au)                 -0.049493038434
   18    1    a          :            (au)                 -0.038487048512
   19    1    a          :            (au)                 -0.033280731052
   20    1    b          :            (au)                -55.452377828117
   21    1    b          :            (au)                -23.506573325863
   22    1    b          :            (au)                -23.462836923339
   23    1    b          :            (au)                -23.433132343425
   24    1    b          :            (au)                 -4.114534730200
   25    1    b          :            (au)                 -2.759661375907
   26    1    b          :            (au)                 -2.748507370097
   27    1    b          :            (au)                 -2.748126167617
   28    1    b          :            (au)                 -0.820999676350
   29    1    b          :            (au)                 -0.797176852260
   30    1    b          :            (au)                 -0.781880642886
   31    1    b          :            (au)                 -0.177096775228
   32    1    b          :            (au)                 -0.123547687929
   33    1    b          :            (au)                 -0.108098893219
   34    1    b          :            (au)                 -0.081878687542
   35    1    b          :            (au)                 -0.064240621137
   36    1    b          :            (au)                 -0.055172821493
   37    1    b          :            (au)                 -0.049489267319
   38    1    b          :            (au)                 -0.038487709463
   39    1    b          :            (au)                 -0.033280110249
---------------------------------------------------------------------------
 Sum occupied            :            (au)               -282.714193668603
===========================================================================


~~~~~~~~~~~~~~~~~~~~~~~~~~~~~~~~~~~~~~~~~~~~~~~~~~~~~~~~~~~~~~~~~~~~~~~~~~~
 Calculation             : Optimize ground state orbitals
 Method                  : DFT (PBE)
 Checkpointing           : Off
 Max iterations          : 200
 KAIN solver             : 10
 Localization            : First two iterations
 Diagonalization         : Off
 Start precision         : 1.00000e-06
 Final precision         : 1.00000e-06
 Helmholtz precision     : Dynamic
 Energy threshold        : 1.00000e-06
 Orbital threshold       : 5.00000e-05
~~~~~~~~~~~~~~~~~~~~~~~~~~~~~~~~~~~~~~~~~~~~~~~~~~~~~~~~~~~~~~~~~~~~~~~~~~~


===========================================================================
 Iter           MO residual             Total energy                Update
---------------------------------------------------------------------------
    0          6.324555e+00        -540.216359002016         -5.402164e+02
    1          1.462883e+00        -540.956227637571         -7.398686e-01
    2          8.939941e-01        -541.870487795374         -9.142602e-01
    3          2.921863e-01        -541.912575312975         -4.208752e-02
    4          1.217097e-01        -541.943934534937         -3.135922e-02
    5          3.878086e-02        -541.946230130809         -2.295596e-03
    6          1.514814e-02        -541.946443000305         -2.128695e-04
    7          7.879121e-03        -541.946508792826         -6.579252e-05
    8          2.271092e-03        -541.946514205854         -5.413028e-06
    9          1.055781e-03        -541.946517262812         -3.056957e-06
   10          3.727517e-04        -541.946517501670         -2.388589e-07
   11          1.282916e-04        -541.946517521397         -1.972637e-08
---------------------------------------------------------------------------
                      SCF converged in 11 iterations!
===========================================================================


                                                                           
***************************************************************************
***                                                                     ***
***                    Printing Molecular Properties                    ***
***                                                                     ***
***************************************************************************
                                                                           
                                                                           
===========================================================================
                                 Molecule
---------------------------------------------------------------------------
 Charge                  :                                               0
 Multiplicity            :                                               1
---------------------------------------------------------------------------
    N    Atom            :               x               y               z
---------------------------------------------------------------------------
    0      Al            :        0.000000        0.000002        0.000000
    1       F            :        0.000000        3.080252        0.000000
    2       F            :        0.000000       -1.540128       -2.667580
    3       F            :        0.000000       -1.540128        2.667580
---------------------------------------------------------------------------
 Center of mass          :        0.000000       -0.000000        0.000000
===========================================================================


===========================================================================
                         Molecular Energy (final)
---------------------------------------------------------------------------
 Kinetic energy          :            (au)                540.808406721164
 E-N energy              :            (au)              -1614.869176221021
 Coulomb energy          :            (au)                422.417618914283
 Exchange energy         :            (au)                  0.000000000000
 X-C energy              :            (au)                -49.801903135471
 Ext. field (el)         :            (au)                  0.000000000000
---------------------------------------------------------------------------
 N-N energy              :            (au)                159.498536199648
 Ext. field (nuc)        :            (au)                  0.000000000000
---------------------------------------------------------------------------
 Electronic energy       :            (au)               -701.445053721045
 Nuclear energy          :            (au)                159.498536199648
---------------------------------------------------------------------------
 Total energy            :            (au)             -5.419465175214e+02
                         :      (kcal/mol)             -3.400765714363e+05
                         :        (kJ/mol)             -1.422880375813e+06
                         :            (eV)             -1.474711536478e+04
===========================================================================


===========================================================================
                         Orbital Energies (final)
---------------------------------------------------------------------------
    n  Occ Spin          :                                         Epsilon
---------------------------------------------------------------------------
    0    1    a          :            (au)                -55.426302110815
    1    1    a          :            (au)                -24.249053161963
    2    1    a          :            (au)                -24.249043665674
    3    1    a          :            (au)                -24.249034653753
    4    1    a          :            (au)                 -3.986605118463
    5    1    a          :            (au)                 -2.594011746807
    6    1    a          :            (au)                 -2.586141619912
    7    1    a          :            (au)                 -2.586141345727
    8    1    a          :            (au)                 -1.083253369827
    9    1    a          :            (au)                 -1.071435611963
   10    1    a          :            (au)                 -1.071431880811
   11    1    a          :            (au)                 -0.453904094887
   12    1    a          :            (au)                 -0.413379812394
   13    1    a          :            (au)                 -0.413376983404
   14    1    a          :            (au)                 -0.393981470191
   15    1    a          :            (au)                 -0.381209666622
   16    1    a          :            (au)                 -0.381206961421
   17    1    a          :            (au)                 -0.375295258608
   18    1    a          :            (au)                 -0.375291589199
   19    1    a          :            (au)                 -0.356780602958
   20    1    b          :            (au)                -55.426302110269
   21    1    b          :            (au)                -24.249053199737
   22    1    b          :            (au)                -24.249043675847
   23    1    b          :            (au)                -24.249034654493
   24    1    b          :            (au)                 -3.986605118007
   25    1    b          :            (au)                 -2.594011745552
   26    1    b          :            (au)                 -2.586141620992
   27    1    b          :            (au)                 -2.586141345272
   28    1    b          :            (au)                 -1.083253380990
   29    1    b          :            (au)                 -1.071435622359
   30    1    b          :            (au)                 -1.071431890863
   31    1    b          :            (au)                 -0.453904106445
   32    1    b          :            (au)                 -0.413379829391
   33    1    b          :            (au)                 -0.413376990007
   34    1    b          :            (au)                 -0.393981473238
   35    1    b          :            (au)                 -0.381209689731
   36    1    b          :            (au)                 -0.381206968717
   37    1    b          :            (au)                 -0.375295261031
   38    1    b          :            (au)                 -0.375291594512
   39    1    b          :            (au)                 -0.356780619824
---------------------------------------------------------------------------
 Sum occupied            :            (au)               -293.393761622678
===========================================================================


===========================================================================
                           Dipole Moment (dip-1)
---------------------------------------------------------------------------
 r_O                     :        0.000000        0.000000        0.000000
---------------------------------------------------------------------------
 Electronic vector       :        0.000000       -0.000001       -0.000015
 Magnitude               :            (au)                        0.000015
                         :         (Debye)                        0.000039
---------------------------------------------------------------------------
 Nuclear vector          :        0.000000        0.000000        0.000000
 Magnitude               :            (au)                        0.000000
                         :         (Debye)                        0.000001
---------------------------------------------------------------------------
 Total vector            :        0.000000       -0.000001       -0.000015
 Magnitude               :            (au)                        0.000015
                         :         (Debye)                        0.000038
===========================================================================


                                                                           
                                                                           
***************************************************************************
***                                                                     ***
***                            Exiting MRChem                           ***
***                                                                     ***
***                       Wall time :  0h 26m  6s                       ***
***                                                                     ***
***************************************************************************
                                                                           
                                                                           
