Starting job 3255842 on c10-[48-49,55] at Tue Aug 10 15:20:21 CEST 2021

Copying al_9_pbe_.out to /cluster/home/ambr/projects/psp/row3/calcs/doublets
Copying al_9_pbe_.json to /cluster/home/ambr/projects/psp/row3/calcs/doublets

Task and CPU usage stats:
       JobID    JobName  AllocCPUS   NTasks     MinCPU MinCPUTask     AveCPU    Elapsed ExitCode 
------------ ---------- ---------- -------- ---------- ---------- ---------- ---------- -------- 
3255842       al_9_pbe_        120                                             00:18:16      1:0 
3255842.bat+      batch         42        1   00:00:01          0   00:00:01   00:18:16      1:0 
3255842.ext+     extern        120        3   00:00:00          2   00:00:00   00:18:16      0:0 
3255842.0      mrchem.x        120       20   00:18:11         19   01:02:54   00:18:13      0:0 

Memory usage stats:
       JobID     MaxRSS MaxRSSTask     AveRSS MaxPages   MaxPagesTask   AvePages 
------------ ---------- ---------- ---------- -------- -------------- ---------- 
3255842                                                                          
3255842.bat+     14240K          0     14240K        0              0          0 
3255842.ext+          0          2          0        0              2          0 
3255842.0      3981180K          1 2883959603        0             19          0 

Disk usage stats:
       JobID  MaxDiskRead MaxDiskReadTask    AveDiskRead MaxDiskWrite MaxDiskWriteTask   AveDiskWrite 
------------ ------------ --------------- -------------- ------------ ---------------- -------------- 
3255842                                                                                               
3255842.bat+        3.73M               0          3.73M        0.02M                0          0.02M 
3255842.ext+        0.00M               2          0.00M            0                2              0 
3255842.0           2.67M               0          2.66M      100.11M                0         49.21M 

Job 3255842 completed at Tue Aug 10 15:38:38 CEST 2021
