                                                                           
                                                                           
***************************************************************************
***                                                                     ***
***                                                                     ***
***          __  __ ____   ____ _                                       ***
***         |  \/  |  _ \ / ___| |__   ___ _ __ ___                     ***
***         | |\/| | |_) | |   | '_ \ / _ \ '_ ` _ \                    ***
***         | |  | |  _ <| |___| | | |  __/ | | | | |                   ***
***         |_|  |_|_| \_\\____|_| |_|\___|_| |_| |_|                   ***
***                                                                     ***
***         VERSION            1.0.1                                    ***
***                                                                     ***
***         Git branch         HEAD                                     ***
***         Git commit hash    9309e3e1e52e5319b766-dirty               ***
***         Git commit author  Stig Rune Jensen                         ***
***         Git commit date    Fri Dec 4 16:08:55 2020 +0100            ***
***                                                                     ***
***         Contact: luca.frediani@uit.no                               ***
***                                                                     ***
***         Radovan Bast            Magnar Bjorgve                      ***
***         Roberto Di Remigio      Antoine Durdek                      ***
***         Luca Frediani           Gabriel Gerez                       ***
***         Stig Rune Jensen        Jonas Juselius                      ***
***         Rune Monstad            Peter Wind                          ***
***                                                                     ***
***************************************************************************

---------------------------------------------------------------------------

 MPI processes           :        (1 bank)                              20
 OpenMP threads          :                                               6
 Total cores             :                                             120
                                                                           
---------------------------------------------------------------------------

XCFun DFT library Copyright 2009-2020 Ulf Ekstrom and contributors.
See http://dftlibs.org/xcfun/ for more information.

This is free software; see the source code for copying conditions.
There is ABSOLUTELY NO WARRANTY; not even for MERCHANTABILITY or
FITNESS FOR A PARTICULAR PURPOSE. For details see the documentation.
Scientific users of this library should cite
U. Ekstrom, L. Visscher, R. Bast, A. J. Thorvaldsen and K. Ruud;
J.Chem.Theor.Comp. 2010, DOI: 10.1021/ct100117s

---------------------------------------------------------------------------

 MRCPP version         : 1.3.6
 Git branch            : HEAD
 Git commit hash       : 9309e3e1e52e5319b766-dirty
 Git commit author     : Stig Rune Jensen
 Git commit date       : Fri Dec 4 16:08:55 2020 +0100

 Linear algebra        : EIGEN v3.3.7
 Parallelization       : MPI/OpenMP (6 threads)

---------------------------------------------------------------------------


                                                                           
===========================================================================
                         MultiResolution Analysis
---------------------------------------------------------------------------
 polynomial order      : 9
 polynomial type       : Interpolating
---------------------------------------------------------------------------
 total boxes           : 8
 boxes                 : [          2           2           2 ]
 unit lengths          : [   32.00000    32.00000    32.00000 ]
 scaling factor        : [    1.00000     1.00000     1.00000 ]
 lower bounds          : [  -32.00000   -32.00000   -32.00000 ]
 upper bounds          : [   32.00000    32.00000    32.00000 ]
 total length          : [   64.00000    64.00000    64.00000 ]
===========================================================================


                                                                           
***************************************************************************
***                                                                     ***
***                        Initializing Molecule                        ***
***                                                                     ***
***************************************************************************
                                                                           
                                                                           
===========================================================================
                                 Molecule
---------------------------------------------------------------------------
 Charge                  :                                               0
 Multiplicity            :                                               1
---------------------------------------------------------------------------
    N    Atom            :               x               y               z
---------------------------------------------------------------------------
    0      Cl            :        0.060263       -0.806490       -0.233277
    1       O            :       -0.202219        0.617419        2.792174
    2       O            :       -0.020806        1.079646       -2.469390
    3       H            :        1.420488        1.428867        3.081491
---------------------------------------------------------------------------
 Center of mass          :        0.000000       -0.000000       -0.000000
===========================================================================


                                                                           
***************************************************************************
***                                                                     ***
***                 Computing Ground State Wavefunction                 ***
***                                                                     ***
***************************************************************************
                                                                           
                                                                           
~~~~~~~~~~~~~~~~~~~~~~~~~~~~~~~~~~~~~~~~~~~~~~~~~~~~~~~~~~~~~~~~~~~~~~~~~~~
 Calculation             : Compute initial orbitals
 Method                  : Diagonalize SAD Hamiltonian
 Precision               : 1.00000e-04
 Restricted              : False
 Functional              : LDA (SVWN5)
 AO basis                : Hydrogenic orbitals
 Zeta quality            : 2
~~~~~~~~~~~~~~~~~~~~~~~~~~~~~~~~~~~~~~~~~~~~~~~~~~~~~~~~~~~~~~~~~~~~~~~~~~~


===========================================================================
                            Molecular Orbitals
---------------------------------------------------------------------------
 Alpha electrons         :                                              17
 Beta electrons          :                                              17
 Total electrons         :                                              34
---------------------------------------------------------------------------
    n  Occ Spin          :                                            Norm
---------------------------------------------------------------------------
    0    1    a          :                              9.999997757060e-01
    1    1    a          :                              9.999999597273e-01
    2    1    a          :                              9.999998180347e-01
    3    1    a          :                              1.000000002049e+00
    4    1    a          :                              1.000000001064e+00
    5    1    a          :                              9.999999998258e-01
    6    1    a          :                              1.000000000231e+00
    7    1    a          :                              9.999998525126e-01
    8    1    a          :                              9.999973896814e-01
    9    1    a          :                              9.999993064030e-01
   10    1    a          :                              9.999993986088e-01
   11    1    a          :                              9.999995987600e-01
   12    1    a          :                              1.000000569303e+00
   13    1    a          :                              9.999992630140e-01
   14    1    a          :                              9.999992514248e-01
   15    1    a          :                              1.000001455602e+00
   16    1    a          :                              1.000000384732e+00
   17    1    b          :                              1.000000001240e+00
   18    1    b          :                              9.999998464255e-01
   19    1    b          :                              9.999997940026e-01
   20    1    b          :                              1.000000002151e+00
   21    1    b          :                              1.000000001064e+00
   22    1    b          :                              9.999999998257e-01
   23    1    b          :                              1.000000000234e+00
   24    1    b          :                              9.999998531259e-01
   25    1    b          :                              9.999973896835e-01
   26    1    b          :                              9.999974598951e-01
   27    1    b          :                              9.999994296441e-01
   28    1    b          :                              9.999995987637e-01
   29    1    b          :                              1.000000569355e+00
   30    1    b          :                              9.999992630009e-01
   31    1    b          :                              9.999992514438e-01
   32    1    b          :                              1.000001455601e+00
   33    1    b          :                              1.000000384725e+00
===========================================================================


~~~~~~~~~~~~~~~~~~~~~~~~~~~~~~~~~~~~~~~~~~~~~~~~~~~~~~~~~~~~~~~~~~~~~~~~~~~
 Calculation             : Compute initial energy
 Method                  : DFT (PBE)
 Precision               : 1.00000e-04
 Localization            : On
~~~~~~~~~~~~~~~~~~~~~~~~~~~~~~~~~~~~~~~~~~~~~~~~~~~~~~~~~~~~~~~~~~~~~~~~~~~


===========================================================================
                        Molecular Energy (initial)
---------------------------------------------------------------------------
 Kinetic energy          :            (au)                637.895184649818
 E-N energy              :            (au)              -1696.990827735935
 Coulomb energy          :            (au)                388.587951266863
 Exchange energy         :            (au)                  0.000000000000
 X-C energy              :            (au)                -46.534213328173
 Ext. field (el)         :            (au)                  0.000000000000
---------------------------------------------------------------------------
 N-N energy              :            (au)                108.902159240443
 Ext. field (nuc)        :            (au)                  0.000000000000
---------------------------------------------------------------------------
 Electronic energy       :            (au)               -717.041905147427
 Nuclear energy          :            (au)                108.902159240443
---------------------------------------------------------------------------
 Total energy            :            (au)             -6.081397459070e+02
                         :      (kcal/mol)             -3.816134490319e+05
                         :        (kJ/mol)             -1.596670671786e+06
                         :            (eV)             -1.654832479008e+04
===========================================================================


===========================================================================
                        Orbital Energies (initial)
---------------------------------------------------------------------------
    n  Occ Spin          :                                         Epsilon
---------------------------------------------------------------------------
    0    1    a          :            (au)               -100.638897455202
    1    1    a          :            (au)                -18.236398543143
    2    1    a          :            (au)                -17.756074437608
    3    1    a          :            (au)                 -9.447539716564
    4    1    a          :            (au)                 -7.313036882914
    5    1    a          :            (au)                 -7.304937981290
    6    1    a          :            (au)                 -7.268604907772
    7    1    a          :            (au)                 -1.025448689511
    8    1    a          :            (au)                 -0.791005109104
    9    1    a          :            (au)                 -0.552228452945
   10    1    a          :            (au)                 -0.384380230645
   11    1    a          :            (au)                 -0.302333655471
   12    1    a          :            (au)                 -0.183611019651
   13    1    a          :            (au)                 -0.120186364724
   14    1    a          :            (au)                  0.004128093816
   15    1    a          :            (au)                  0.138333432316
   16    1    a          :            (au)                  0.193319029706
   17    1    b          :            (au)               -100.638928120955
   18    1    b          :            (au)                -18.236407266460
   19    1    b          :            (au)                -17.755941088614
   20    1    b          :            (au)                 -9.447539083959
   21    1    b          :            (au)                 -7.313037020897
   22    1    b          :            (au)                 -7.304938140664
   23    1    b          :            (au)                 -7.268605488303
   24    1    b          :            (au)                 -1.025447551156
   25    1    b          :            (au)                 -0.791007553739
   26    1    b          :            (au)                 -0.552232355628
   27    1    b          :            (au)                 -0.384378279818
   28    1    b          :            (au)                 -0.302332709338
   29    1    b          :            (au)                 -0.183611179704
   30    1    b          :            (au)                 -0.120185991746
   31    1    b          :            (au)                  0.004127302626
   32    1    b          :            (au)                  0.138332067509
   33    1    b          :            (au)                  0.193321441775
---------------------------------------------------------------------------
 Sum occupied            :            (au)               -341.977713909778
===========================================================================


~~~~~~~~~~~~~~~~~~~~~~~~~~~~~~~~~~~~~~~~~~~~~~~~~~~~~~~~~~~~~~~~~~~~~~~~~~~
 Calculation             : Optimize ground state orbitals
 Method                  : DFT (PBE)
 Checkpointing           : Off
 Max iterations          : 200
 KAIN solver             : 10
 Localization            : First two iterations
 Diagonalization         : Off
 Start precision         : 1.00000e-06
 Final precision         : 1.00000e-06
 Helmholtz precision     : Dynamic
 Energy threshold        : 1.00000e-06
 Orbital threshold       : 5.00000e-05
~~~~~~~~~~~~~~~~~~~~~~~~~~~~~~~~~~~~~~~~~~~~~~~~~~~~~~~~~~~~~~~~~~~~~~~~~~~


===========================================================================
 Iter           MO residual             Total energy                Update
---------------------------------------------------------------------------
    0          5.830952e+00        -608.139745906983         -6.081397e+02
    1          1.774959e+00        -609.562389360312         -1.422643e+00
    2          1.066278e+00        -610.622362831814         -1.059973e+00
    3          3.541341e-01        -610.779948271028         -1.575854e-01
    4          2.838312e-01        -610.847199242951         -6.725097e-02
    5          8.518955e-02        -610.860661182569         -1.346194e-02
    6          6.103691e-02        -610.867718078326         -7.056896e-03
    7          4.745424e-02        -610.871030796458         -3.312718e-03
    8          3.203200e-02        -610.872359454409         -1.328658e-03
    9          2.175910e-02        -610.872819083235         -4.596288e-04
   10          1.561998e-02        -610.873054314976         -2.352317e-04
   11          1.389296e-02        -610.873229029787         -1.747148e-04
   12          1.078226e-02        -610.873275742391         -4.671260e-05
   13          3.536291e-03        -610.873294736820         -1.899443e-05
   14          4.110179e-03        -610.873306581491         -1.184467e-05
   15          3.031398e-03        -610.873312605417         -6.023926e-06
   16          1.522256e-03        -610.873315306228         -2.700811e-06
   17          2.100600e-03        -610.873317439067         -2.132838e-06
   18          1.473015e-03        -610.873318651289         -1.212222e-06
   19          1.099130e-03        -610.873319283833         -6.325437e-07
   20          8.825224e-04        -610.873319714891         -4.310585e-07
   21          6.287184e-04        -610.873319982523         -2.676323e-07
   22          8.200679e-04        -610.873320161679         -1.791560e-07
   23          4.322343e-04        -610.873320260307         -9.862720e-08
   24          1.794935e-04        -610.873320287797         -2.749050e-08
   25          9.511484e-05        -610.873320299555         -1.175829e-08
---------------------------------------------------------------------------
                      SCF converged in 25 iterations!
===========================================================================


                                                                           
***************************************************************************
***                                                                     ***
***                    Printing Molecular Properties                    ***
***                                                                     ***
***************************************************************************
                                                                           
                                                                           
===========================================================================
                                 Molecule
---------------------------------------------------------------------------
 Charge                  :                                               0
 Multiplicity            :                                               1
---------------------------------------------------------------------------
    N    Atom            :               x               y               z
---------------------------------------------------------------------------
    0      Cl            :        0.060263       -0.806490       -0.233277
    1       O            :       -0.202219        0.617419        2.792174
    2       O            :       -0.020806        1.079646       -2.469390
    3       H            :        1.420488        1.428867        3.081491
---------------------------------------------------------------------------
 Center of mass          :        0.000000       -0.000000       -0.000000
===========================================================================


===========================================================================
                         Molecular Energy (final)
---------------------------------------------------------------------------
 Kinetic energy          :            (au)                609.720718133641
 E-N energy              :            (au)              -1668.257559559287
 Coulomb energy          :            (au)                384.100380887344
 Exchange energy         :            (au)                  0.000000000000
 X-C energy              :            (au)                -45.339019001697
 Ext. field (el)         :            (au)                  0.000000000000
---------------------------------------------------------------------------
 N-N energy              :            (au)                108.902159240443
 Ext. field (nuc)        :            (au)                  0.000000000000
---------------------------------------------------------------------------
 Electronic energy       :            (au)               -719.775479539999
 Nuclear energy          :            (au)                108.902159240443
---------------------------------------------------------------------------
 Total energy            :            (au)             -6.108733202996e+02
                         :      (kcal/mol)             -3.833287928474e+05
                         :        (kJ/mol)             -1.603847670315e+06
                         :            (eV)             -1.662270913544e+04
===========================================================================


===========================================================================
                         Orbital Energies (final)
---------------------------------------------------------------------------
    n  Occ Spin          :                                         Epsilon
---------------------------------------------------------------------------
    0    1    a          :            (au)               -100.812473891379
    1    1    a          :            (au)                -18.826586200725
    2    1    a          :            (au)                -18.790671429386
    3    1    a          :            (au)                 -9.313384360341
    4    1    a          :            (au)                 -7.138540701967
    5    1    a          :            (au)                 -7.133462362572
    6    1    a          :            (au)                 -7.121715469235
    7    1    a          :            (au)                 -1.021230098866
    8    1    a          :            (au)                 -0.947442281259
    9    1    a          :            (au)                 -0.716797704478
   10    1    a          :            (au)                 -0.507422249584
   11    1    a          :            (au)                 -0.440631482292
   12    1    a          :            (au)                 -0.436874969039
   13    1    a          :            (au)                 -0.378444067748
   14    1    a          :            (au)                 -0.314753442478
   15    1    a          :            (au)                 -0.298512648813
   16    1    a          :            (au)                 -0.221204722619
   17    1    b          :            (au)               -100.812473891907
   18    1    b          :            (au)                -18.826586203858
   19    1    b          :            (au)                -18.790671429714
   20    1    b          :            (au)                 -9.313384360328
   21    1    b          :            (au)                 -7.138540701822
   22    1    b          :            (au)                 -7.133462362622
   23    1    b          :            (au)                 -7.121715469285
   24    1    b          :            (au)                 -1.021230097902
   25    1    b          :            (au)                 -0.947442277200
   26    1    b          :            (au)                 -0.716797700343
   27    1    b          :            (au)                 -0.507422231467
   28    1    b          :            (au)                 -0.440631483221
   29    1    b          :            (au)                 -0.436874968849
   30    1    b          :            (au)                 -0.378444059356
   31    1    b          :            (au)                 -0.314753448492
   32    1    b          :            (au)                 -0.298512648868
   33    1    b          :            (au)                 -0.221204721616
---------------------------------------------------------------------------
 Sum occupied            :            (au)               -348.840296139629
===========================================================================


===========================================================================
                           Dipole Moment (dip-1)
---------------------------------------------------------------------------
 r_O                     :        0.000000        0.000000        0.000000
---------------------------------------------------------------------------
 Electronic vector       :       -0.117517       -1.631502       -1.068799
 Magnitude               :            (au)                        1.953955
                         :         (Debye)                        4.966458
---------------------------------------------------------------------------
 Nuclear vector          :        0.660765        1.295064        1.698050
 Magnitude               :            (au)                        2.235436
                         :         (Debye)                        5.681911
---------------------------------------------------------------------------
 Total vector            :        0.543249       -0.336438        0.629251
 Magnitude               :            (au)                        0.896809
                         :         (Debye)                        2.279461
===========================================================================


                                                                           
                                                                           
***************************************************************************
***                                                                     ***
***                            Exiting MRChem                           ***
***                                                                     ***
***                       Wall time :  0h 42m 30s                       ***
***                                                                     ***
***************************************************************************
                                                                           
                                                                           
