Starting job 3254929 on c11-[41,46,51-52,55] at Tue Aug 10 12:17:58 CEST 2021

Copying cl_11_pbe_.out to /cluster/home/ambr/projects/psp/row3/calcs/singlets
Copying cl_11_pbe_.json to /cluster/home/ambr/projects/psp/row3/calcs/singlets

Task and CPU usage stats:
       JobID    JobName  AllocCPUS   NTasks     MinCPU MinCPUTask     AveCPU    Elapsed ExitCode 
------------ ---------- ---------- -------- ---------- ---------- ---------- ---------- -------- 
3254929      cl_11_pbe_        120                                             00:42:38      1:0 
3254929.bat+      batch         24        1   00:00:01          0   00:00:01   00:42:38      1:0 
3254929.ext+     extern        120        5   00:00:00          0   00:00:00   00:42:38      0:0 
3254929.0      mrchem.x        120       20   00:42:30         19   02:21:19   00:42:32      0:0 

Memory usage stats:
       JobID     MaxRSS MaxRSSTask     AveRSS MaxPages   MaxPagesTask   AvePages 
------------ ---------- ---------- ---------- -------- -------------- ---------- 
3254929                                                                          
3254929.bat+     14324K          0     14324K        0              0          0 
3254929.ext+          0          0          0        0              0          0 
3254929.0      6238372K          7 5032531763        0             19          0 

Disk usage stats:
       JobID  MaxDiskRead MaxDiskReadTask    AveDiskRead MaxDiskWrite MaxDiskWriteTask   AveDiskWrite 
------------ ------------ --------------- -------------- ------------ ---------------- -------------- 
3254929                                                                                               
3254929.bat+        3.73M               0          3.73M        0.02M                0          0.02M 
3254929.ext+        0.00M               0          0.00M            0                0              0 
3254929.0           2.67M               0          2.66M      137.31M                7         81.16M 

Job 3254929 completed at Tue Aug 10 13:00:37 CEST 2021
