Starting job 5688108 on c2-[11,14-15],c5-[29,36,60] at Thu May 19 19:55:13 CEST 2022

Copying cl_11_pbe0_.out to /cluster/home/ambr/projects/psp/row3/calcs/singlets
Copying cl_11_pbe0_.json to /cluster/home/ambr/projects/psp/row3/calcs/singlets

Task and CPU usage stats:
JobID           JobName  AllocCPUS   NTasks     MinCPU MinCPUTask     AveCPU    Elapsed ExitCode 
------------ ---------- ---------- -------- ---------- ---------- ---------- ---------- -------- 
5688108      cl_11_pbe+        180                                             00:52:58      0:0 
5688108.bat+      batch         36        1   00:00:02          0   00:00:02   00:52:58      0:0 
5688108.ext+     extern        180        6   00:00:00          0   00:00:00   00:52:58      0:0 
5688108.0      mrchem.x        180       30   00:52:25         29   02:27:53   00:52:32      0:0 

Memory usage stats:
JobID            MaxRSS MaxRSSTask     AveRSS MaxPages   MaxPagesTask   AvePages 
------------ ---------- ---------- ---------- -------- -------------- ---------- 
5688108                                                                          
5688108.bat+     19336K          0     19336K        0              0          0 
5688108.ext+          0          0          0        0              0          0 
5688108.0     13310728K         29 5049726429        0             12          0 

Disk usage stats:
JobID         MaxDiskRead MaxDiskReadTask    AveDiskRead MaxDiskWrite MaxDiskWriteTask   AveDiskWrite 
------------ ------------ --------------- -------------- ------------ ---------------- -------------- 
5688108                                                                                               
5688108.bat+       16.88M               0         16.88M        0.03M                0          0.03M 
5688108.ext+        0.00M               0          0.00M            0                0              0 
5688108.0           6.75M               0          6.73M      118.03M                0         72.48M 

Job 5688108 completed at Thu May 19 20:48:12 CEST 2022
