                                                                           
                                                                           
***************************************************************************
***                                                                     ***
***                                                                     ***
***          __  __ ____   ____ _                                       ***
***         |  \/  |  _ \ / ___| |__   ___ _ __ ___                     ***
***         | |\/| | |_) | |   | '_ \ / _ \ '_ ` _ \                    ***
***         | |  | |  _ <| |___| | | |  __/ | | | | |                   ***
***         |_|  |_|_| \_\\____|_| |_|\___|_| |_| |_|                   ***
***                                                                     ***
***         VERSION            1.0.1                                    ***
***                                                                     ***
***         Git branch         HEAD                                     ***
***         Git commit hash    9309e3e1e52e5319b766-dirty               ***
***         Git commit author  Stig Rune Jensen                         ***
***         Git commit date    Fri Dec 4 16:08:55 2020 +0100            ***
***                                                                     ***
***         Contact: luca.frediani@uit.no                               ***
***                                                                     ***
***         Radovan Bast            Magnar Bjorgve                      ***
***         Roberto Di Remigio      Antoine Durdek                      ***
***         Luca Frediani           Gabriel Gerez                       ***
***         Stig Rune Jensen        Jonas Juselius                      ***
***         Rune Monstad            Peter Wind                          ***
***                                                                     ***
***************************************************************************

---------------------------------------------------------------------------

 MPI processes           :        (1 bank)                              20
 OpenMP threads          :                                               6
 Total cores             :                                             120
                                                                           
---------------------------------------------------------------------------

XCFun DFT library Copyright 2009-2020 Ulf Ekstrom and contributors.
See http://dftlibs.org/xcfun/ for more information.

This is free software; see the source code for copying conditions.
There is ABSOLUTELY NO WARRANTY; not even for MERCHANTABILITY or
FITNESS FOR A PARTICULAR PURPOSE. For details see the documentation.
Scientific users of this library should cite
U. Ekstrom, L. Visscher, R. Bast, A. J. Thorvaldsen and K. Ruud;
J.Chem.Theor.Comp. 2010, DOI: 10.1021/ct100117s

---------------------------------------------------------------------------

 MRCPP version         : 1.3.6
 Git branch            : HEAD
 Git commit hash       : 9309e3e1e52e5319b766-dirty
 Git commit author     : Stig Rune Jensen
 Git commit date       : Fri Dec 4 16:08:55 2020 +0100

 Linear algebra        : EIGEN v3.3.7
 Parallelization       : MPI/OpenMP (6 threads)

---------------------------------------------------------------------------


                                                                           
===========================================================================
                         MultiResolution Analysis
---------------------------------------------------------------------------
 polynomial order      : 9
 polynomial type       : Interpolating
---------------------------------------------------------------------------
 total boxes           : 8
 boxes                 : [          2           2           2 ]
 unit lengths          : [   32.00000    32.00000    32.00000 ]
 scaling factor        : [    1.00000     1.00000     1.00000 ]
 lower bounds          : [  -32.00000   -32.00000   -32.00000 ]
 upper bounds          : [   32.00000    32.00000    32.00000 ]
 total length          : [   64.00000    64.00000    64.00000 ]
===========================================================================


                                                                           
***************************************************************************
***                                                                     ***
***                        Initializing Molecule                        ***
***                                                                     ***
***************************************************************************
                                                                           
                                                                           
===========================================================================
                                 Molecule
---------------------------------------------------------------------------
 Charge                  :                                               0
 Multiplicity            :                                               1
---------------------------------------------------------------------------
    N    Atom            :               x               y               z
---------------------------------------------------------------------------
    0       F            :        0.000000       -1.476178       -2.343765
    1      Cl            :        0.000000        0.880310        0.033699
    2       O            :        0.000000       -0.197779        2.708418
---------------------------------------------------------------------------
 Center of mass          :        0.000000       -0.000000        0.000000
===========================================================================


                                                                           
***************************************************************************
***                                                                     ***
***                 Computing Ground State Wavefunction                 ***
***                                                                     ***
***************************************************************************
                                                                           
                                                                           
~~~~~~~~~~~~~~~~~~~~~~~~~~~~~~~~~~~~~~~~~~~~~~~~~~~~~~~~~~~~~~~~~~~~~~~~~~~
 Calculation             : Compute initial orbitals
 Method                  : Diagonalize SAD Hamiltonian
 Precision               : 1.00000e-04
 Restricted              : False
 Functional              : LDA (SVWN5)
 AO basis                : Hydrogenic orbitals
 Zeta quality            : 2
~~~~~~~~~~~~~~~~~~~~~~~~~~~~~~~~~~~~~~~~~~~~~~~~~~~~~~~~~~~~~~~~~~~~~~~~~~~


===========================================================================
                            Molecular Orbitals
---------------------------------------------------------------------------
 Alpha electrons         :                                              17
 Beta electrons          :                                              17
 Total electrons         :                                              34
---------------------------------------------------------------------------
    n  Occ Spin          :                                            Norm
---------------------------------------------------------------------------
    0    1    a          :                              9.999999967813e-01
    1    1    a          :                              9.999997921427e-01
    2    1    a          :                              9.999998753788e-01
    3    1    a          :                              1.000000005002e+00
    4    1    a          :                              1.000000000014e+00
    5    1    a          :                              9.999999968860e-01
    6    1    a          :                              1.000000000014e+00
    7    1    a          :                              1.000000517369e+00
    8    1    a          :                              1.000007440970e+00
    9    1    a          :                              1.000002041897e+00
   10    1    a          :                              1.000000609716e+00
   11    1    a          :                              1.000000798005e+00
   12    1    a          :                              1.000001798466e+00
   13    1    a          :                              1.000000799718e+00
   14    1    a          :                              9.999986906336e-01
   15    1    a          :                              9.999999471621e-01
   16    1    a          :                              1.000000048852e+00
   17    1    b          :                              9.999996217468e-01
   18    1    b          :                              9.999999236876e-01
   19    1    b          :                              9.999998753788e-01
   20    1    b          :                              1.000000005002e+00
   21    1    b          :                              1.000000000014e+00
   22    1    b          :                              9.999999968863e-01
   23    1    b          :                              1.000000000014e+00
   24    1    b          :                              1.000000517593e+00
   25    1    b          :                              1.000007096440e+00
   26    1    b          :                              1.000002038140e+00
   27    1    b          :                              1.000000372631e+00
   28    1    b          :                              1.000000800696e+00
   29    1    b          :                              1.000001799876e+00
   30    1    b          :                              1.000000799497e+00
   31    1    b          :                              9.999986835070e-01
   32    1    b          :                              9.999991317997e-01
   33    1    b          :                              1.000000070449e+00
===========================================================================


~~~~~~~~~~~~~~~~~~~~~~~~~~~~~~~~~~~~~~~~~~~~~~~~~~~~~~~~~~~~~~~~~~~~~~~~~~~
 Calculation             : Compute initial energy
 Method                  : DFT (PBE)
 Precision               : 1.00000e-04
 Localization            : On
~~~~~~~~~~~~~~~~~~~~~~~~~~~~~~~~~~~~~~~~~~~~~~~~~~~~~~~~~~~~~~~~~~~~~~~~~~~


===========================================================================
                        Molecular Energy (initial)
---------------------------------------------------------------------------
 Kinetic energy          :            (au)                666.392833395738
 E-N energy              :            (au)              -1762.441908125823
 Coulomb energy          :            (au)                405.893063148478
 Exchange energy         :            (au)                  0.000000000000
 X-C energy              :            (au)                -48.536093683424
 Ext. field (el)         :            (au)                  0.000000000000
---------------------------------------------------------------------------
 N-N energy              :            (au)                106.682096928355
 Ext. field (nuc)        :            (au)                  0.000000000000
---------------------------------------------------------------------------
 Electronic energy       :            (au)               -738.692105265032
 Nuclear energy          :            (au)                106.682096928355
---------------------------------------------------------------------------
 Total energy            :            (au)             -6.320100083367e+02
                         :      (kcal/mol)             -3.965922647340e+05
                         :        (kJ/mol)             -1.659342036724e+06
                         :            (eV)             -1.719786769230e+04
===========================================================================


===========================================================================
                        Orbital Energies (initial)
---------------------------------------------------------------------------
    n  Occ Spin          :                                         Epsilon
---------------------------------------------------------------------------
    0    1    a          :            (au)               -100.259408613497
    1    1    a          :            (au)                -23.496594895992
    2    1    a          :            (au)                -17.715345977642
    3    1    a          :            (au)                 -9.135388987473
    4    1    a          :            (au)                 -7.000295215579
    5    1    a          :            (au)                 -6.990158225010
    6    1    a          :            (au)                 -6.941413531940
    7    1    a          :            (au)                 -0.879386045813
    8    1    a          :            (au)                 -0.736642423969
    9    1    a          :            (au)                 -0.431594895775
   10    1    a          :            (au)                 -0.156377109085
   11    1    a          :            (au)                 -0.139226814927
   12    1    a          :            (au)                 -0.044277337604
   13    1    a          :            (au)                 -0.026465150026
   14    1    a          :            (au)                  0.064068181589
   15    1    a          :            (au)                  0.180083938692
   16    1    a          :            (au)                  0.248691888622
   17    1    b          :            (au)               -100.259430854857
   18    1    b          :            (au)                -23.496579142498
   19    1    b          :            (au)                -17.715342958125
   20    1    b          :            (au)                 -9.135389657936
   21    1    b          :            (au)                 -7.000296208567
   22    1    b          :            (au)                 -6.990158277553
   23    1    b          :            (au)                 -6.941413664553
   24    1    b          :            (au)                 -0.879379784141
   25    1    b          :            (au)                 -0.736643122004
   26    1    b          :            (au)                 -0.431589563595
   27    1    b          :            (au)                 -0.156353859240
   28    1    b          :            (au)                 -0.139225997463
   29    1    b          :            (au)                 -0.044273924467
   30    1    b          :            (au)                 -0.026465251512
   31    1    b          :            (au)                  0.064056718493
   32    1    b          :            (au)                  0.180078423925
   33    1    b          :            (au)                  0.248692038097
---------------------------------------------------------------------------
 Sum occupied            :            (au)               -346.919446301425
===========================================================================


~~~~~~~~~~~~~~~~~~~~~~~~~~~~~~~~~~~~~~~~~~~~~~~~~~~~~~~~~~~~~~~~~~~~~~~~~~~
 Calculation             : Optimize ground state orbitals
 Method                  : DFT (PBE)
 Checkpointing           : Off
 Max iterations          : 200
 KAIN solver             : 10
 Localization            : First two iterations
 Diagonalization         : Off
 Start precision         : 1.00000e-06
 Final precision         : 1.00000e-06
 Helmholtz precision     : Dynamic
 Energy threshold        : 1.00000e-06
 Orbital threshold       : 5.00000e-05
~~~~~~~~~~~~~~~~~~~~~~~~~~~~~~~~~~~~~~~~~~~~~~~~~~~~~~~~~~~~~~~~~~~~~~~~~~~


===========================================================================
 Iter           MO residual             Total energy                Update
---------------------------------------------------------------------------
    0          5.830952e+00        -632.010008336677         -6.320100e+02
    1          1.546573e+00        -634.020707902380         -2.010700e+00
    2          7.715730e-01        -634.752316391250         -7.316085e-01
    3          2.332514e-01        -634.833162534090         -8.084614e-02
    4          1.114170e-01        -634.856564966491         -2.340243e-02
    5          8.253414e-02        -634.869987074897         -1.342211e-02
    6          4.009407e-02        -634.874537370889         -4.550296e-03
    7          4.905619e-02        -634.877404714417         -2.867344e-03
    8          2.676468e-02        -634.878259052157         -8.543377e-04
    9          2.655786e-02        -634.878808225407         -5.491732e-04
   10          1.898204e-02        -634.879039381650         -2.311562e-04
   11          5.457826e-03        -634.879101627979         -6.224633e-05
   12          3.615113e-03        -634.879118582741         -1.695476e-05
   13          2.205503e-03        -634.879125698531         -7.115790e-06
   14          1.980671e-03        -634.879130254232         -4.555701e-06
   15          1.735408e-03        -634.879132038541         -1.784309e-06
   16          1.755940e-03        -634.879133500570         -1.462029e-06
   17          1.114593e-03        -634.879134415621         -9.150517e-07
   18          1.276629e-03        -634.879135013006         -5.973843e-07
   19          8.810249e-04        -634.879135441444         -4.284377e-07
   20          1.315775e-03        -634.879135924228         -4.827847e-07
   21          1.002203e-03        -634.879136300368         -3.761398e-07
   22          5.523773e-04        -634.879136423884         -1.235163e-07
   23          2.142608e-04        -634.879136453150         -2.926527e-08
   24          1.225660e-04        -634.879136476325         -2.317495e-08
---------------------------------------------------------------------------
                      SCF converged in 24 iterations!
===========================================================================


                                                                           
***************************************************************************
***                                                                     ***
***                    Printing Molecular Properties                    ***
***                                                                     ***
***************************************************************************
                                                                           
                                                                           
===========================================================================
                                 Molecule
---------------------------------------------------------------------------
 Charge                  :                                               0
 Multiplicity            :                                               1
---------------------------------------------------------------------------
    N    Atom            :               x               y               z
---------------------------------------------------------------------------
    0       F            :        0.000000       -1.476178       -2.343765
    1      Cl            :        0.000000        0.880310        0.033699
    2       O            :        0.000000       -0.197779        2.708418
---------------------------------------------------------------------------
 Center of mass          :        0.000000       -0.000000        0.000000
===========================================================================


===========================================================================
                         Molecular Energy (final)
---------------------------------------------------------------------------
 Kinetic energy          :            (au)                633.708607198935
 E-N energy              :            (au)              -1722.783451034495
 Coulomb energy          :            (au)                394.320057433620
 Exchange energy         :            (au)                  0.000000000000
 X-C energy              :            (au)                -46.806447002740
 Ext. field (el)         :            (au)                  0.000000000000
---------------------------------------------------------------------------
 N-N energy              :            (au)                106.682096928355
 Ext. field (nuc)        :            (au)                  0.000000000000
---------------------------------------------------------------------------
 Electronic energy       :            (au)               -741.561233404679
 Nuclear energy          :            (au)                106.682096928355
---------------------------------------------------------------------------
 Total energy            :            (au)             -6.348791364763e+02
                         :      (kcal/mol)             -3.983926698094e+05
                         :        (kJ/mol)             -1.666874931565e+06
                         :            (eV)             -1.727594064287e+04
===========================================================================


===========================================================================
                         Orbital Energies (final)
---------------------------------------------------------------------------
    n  Occ Spin          :                                         Epsilon
---------------------------------------------------------------------------
    0    1    a          :            (au)               -100.841860845984
    1    1    a          :            (au)                -24.287445732904
    2    1    a          :            (au)                -18.833024287647
    3    1    a          :            (au)                 -9.342400915806
    4    1    a          :            (au)                 -7.168049350103
    5    1    a          :            (au)                 -7.163054308406
    6    1    a          :            (au)                 -7.149825966423
    7    1    a          :            (au)                 -1.108091040082
    8    1    a          :            (au)                 -1.027277773525
    9    1    a          :            (au)                 -0.741161745022
   10    1    a          :            (au)                 -0.509642580920
   11    1    a          :            (au)                 -0.470919785669
   12    1    a          :            (au)                 -0.446754518579
   13    1    a          :            (au)                 -0.372419409087
   14    1    a          :            (au)                 -0.363160672045
   15    1    a          :            (au)                 -0.347071333769
   16    1    a          :            (au)                 -0.244757935722
   17    1    b          :            (au)               -100.841860845518
   18    1    b          :            (au)                -24.287445732106
   19    1    b          :            (au)                -18.833024292021
   20    1    b          :            (au)                 -9.342400915742
   21    1    b          :            (au)                 -7.168049349816
   22    1    b          :            (au)                 -7.163054308679
   23    1    b          :            (au)                 -7.149825966451
   24    1    b          :            (au)                 -1.108091040952
   25    1    b          :            (au)                 -1.027277774977
   26    1    b          :            (au)                 -0.741161744590
   27    1    b          :            (au)                 -0.509642579618
   28    1    b          :            (au)                 -0.470919780919
   29    1    b          :            (au)                 -0.446754519072
   30    1    b          :            (au)                 -0.372419408134
   31    1    b          :            (au)                 -0.363160672955
   32    1    b          :            (au)                 -0.347071334821
   33    1    b          :            (au)                 -0.244757937260
---------------------------------------------------------------------------
 Sum occupied            :            (au)               -360.833836405323
===========================================================================


===========================================================================
                           Dipole Moment (dip-1)
---------------------------------------------------------------------------
 r_O                     :        0.000000        0.000000        0.000000
---------------------------------------------------------------------------
 Electronic vector       :        0.000004        0.580404       -1.300902
 Magnitude               :            (au)                        1.424505
                         :         (Debye)                        3.620731
---------------------------------------------------------------------------
 Nuclear vector          :        0.000000        0.097438        1.146346
 Magnitude               :            (au)                        1.150480
                         :         (Debye)                        2.924228
---------------------------------------------------------------------------
 Total vector            :        0.000004        0.677842       -0.154556
 Magnitude               :            (au)                        0.695239
                         :         (Debye)                        1.767122
===========================================================================


                                                                           
                                                                           
***************************************************************************
***                                                                     ***
***                            Exiting MRChem                           ***
***                                                                     ***
***                       Wall time :  0h 39m 35s                       ***
***                                                                     ***
***************************************************************************
                                                                           
                                                                           
