                                                                           
                                                                           
***************************************************************************
***                                                                     ***
***                                                                     ***
***          __  __ ____   ____ _                                       ***
***         |  \/  |  _ \ / ___| |__   ___ _ __ ___                     ***
***         | |\/| | |_) | |   | '_ \ / _ \ '_ ` _ \                    ***
***         | |  | |  _ <| |___| | | |  __/ | | | | |                   ***
***         |_|  |_|_| \_\\____|_| |_|\___|_| |_| |_|                   ***
***                                                                     ***
***         VERSION            1.0.1                                    ***
***                                                                     ***
***         Git branch         HEAD                                     ***
***         Git commit hash    9309e3e1e52e5319b766-dirty               ***
***         Git commit author  Stig Rune Jensen                         ***
***         Git commit date    Fri Dec 4 16:08:55 2020 +0100            ***
***                                                                     ***
***         Contact: luca.frediani@uit.no                               ***
***                                                                     ***
***         Radovan Bast            Magnar Bjorgve                      ***
***         Roberto Di Remigio      Antoine Durdek                      ***
***         Luca Frediani           Gabriel Gerez                       ***
***         Stig Rune Jensen        Jonas Juselius                      ***
***         Rune Monstad            Peter Wind                          ***
***                                                                     ***
***************************************************************************

---------------------------------------------------------------------------

 MPI processes           :        (1 bank)                              20
 OpenMP threads          :                                               6
 Total cores             :                                             120
                                                                           
---------------------------------------------------------------------------

XCFun DFT library Copyright 2009-2020 Ulf Ekstrom and contributors.
See http://dftlibs.org/xcfun/ for more information.

This is free software; see the source code for copying conditions.
There is ABSOLUTELY NO WARRANTY; not even for MERCHANTABILITY or
FITNESS FOR A PARTICULAR PURPOSE. For details see the documentation.
Scientific users of this library should cite
U. Ekstrom, L. Visscher, R. Bast, A. J. Thorvaldsen and K. Ruud;
J.Chem.Theor.Comp. 2010, DOI: 10.1021/ct100117s

---------------------------------------------------------------------------

 MRCPP version         : 1.3.6
 Git branch            : HEAD
 Git commit hash       : 9309e3e1e52e5319b766-dirty
 Git commit author     : Stig Rune Jensen
 Git commit date       : Fri Dec 4 16:08:55 2020 +0100

 Linear algebra        : EIGEN v3.3.7
 Parallelization       : MPI/OpenMP (6 threads)

---------------------------------------------------------------------------


                                                                           
===========================================================================
                         MultiResolution Analysis
---------------------------------------------------------------------------
 polynomial order      : 9
 polynomial type       : Interpolating
---------------------------------------------------------------------------
 total boxes           : 8
 boxes                 : [          2           2           2 ]
 unit lengths          : [   32.00000    32.00000    32.00000 ]
 scaling factor        : [    1.00000     1.00000     1.00000 ]
 lower bounds          : [  -32.00000   -32.00000   -32.00000 ]
 upper bounds          : [   32.00000    32.00000    32.00000 ]
 total length          : [   64.00000    64.00000    64.00000 ]
===========================================================================


                                                                           
***************************************************************************
***                                                                     ***
***                        Initializing Molecule                        ***
***                                                                     ***
***************************************************************************
                                                                           
                                                                           
===========================================================================
                                 Molecule
---------------------------------------------------------------------------
 Charge                  :                                               0
 Multiplicity            :                                               1
---------------------------------------------------------------------------
    N    Atom            :               x               y               z
---------------------------------------------------------------------------
    0      Cl            :        0.000000        0.000000       -1.878293
    1      Cl            :        0.000000        0.000000        1.878293
---------------------------------------------------------------------------
 Center of mass          :        0.000000        0.000000       -0.000000
===========================================================================


                                                                           
***************************************************************************
***                                                                     ***
***                 Computing Ground State Wavefunction                 ***
***                                                                     ***
***************************************************************************
                                                                           
                                                                           
~~~~~~~~~~~~~~~~~~~~~~~~~~~~~~~~~~~~~~~~~~~~~~~~~~~~~~~~~~~~~~~~~~~~~~~~~~~
 Calculation             : Compute initial orbitals
 Method                  : Diagonalize SAD Hamiltonian
 Precision               : 1.00000e-04
 Restricted              : False
 Functional              : LDA (SVWN5)
 AO basis                : Hydrogenic orbitals
 Zeta quality            : 2
~~~~~~~~~~~~~~~~~~~~~~~~~~~~~~~~~~~~~~~~~~~~~~~~~~~~~~~~~~~~~~~~~~~~~~~~~~~


===========================================================================
                            Molecular Orbitals
---------------------------------------------------------------------------
 Alpha electrons         :                                              17
 Beta electrons          :                                              17
 Total electrons         :                                              34
---------------------------------------------------------------------------
    n  Occ Spin          :                                            Norm
---------------------------------------------------------------------------
    0    1    a          :                              1.000000034511e+00
    1    1    a          :                              1.000001319281e+00
    2    1    a          :                              1.000000069594e+00
    3    1    a          :                              9.999997901232e-01
    4    1    a          :                              9.999999828119e-01
    5    1    a          :                              1.000000021171e+00
    6    1    a          :                              9.999999217539e-01
    7    1    a          :                              9.999999860045e-01
    8    1    a          :                              9.999986529524e-01
    9    1    a          :                              1.000001350755e+00
   10    1    a          :                              9.999999947922e-01
   11    1    a          :                              1.000000011358e+00
   12    1    a          :                              9.999999999900e-01
   13    1    a          :                              9.999999994941e-01
   14    1    a          :                              9.999952550506e-01
   15    1    a          :                              9.999999999699e-01
   16    1    a          :                              1.000000856133e+00
   17    1    b          :                              1.000000028884e+00
   18    1    b          :                              1.000000049145e+00
   19    1    b          :                              1.000000069594e+00
   20    1    b          :                              9.999997901232e-01
   21    1    b          :                              9.999999828086e-01
   22    1    b          :                              1.000000021167e+00
   23    1    b          :                              9.999999217452e-01
   24    1    b          :                              9.999999860036e-01
   25    1    b          :                              9.999986528242e-01
   26    1    b          :                              1.000001350755e+00
   27    1    b          :                              9.999999960707e-01
   28    1    b          :                              9.999999987816e-01
   29    1    b          :                              9.999999999913e-01
   30    1    b          :                              9.999999995212e-01
   31    1    b          :                              9.999991282921e-01
   32    1    b          :                              9.999999995720e-01
   33    1    b          :                              1.000004055693e+00
===========================================================================


~~~~~~~~~~~~~~~~~~~~~~~~~~~~~~~~~~~~~~~~~~~~~~~~~~~~~~~~~~~~~~~~~~~~~~~~~~~
 Calculation             : Compute initial energy
 Method                  : DFT (PBE)
 Precision               : 1.00000e-04
 Localization            : On
~~~~~~~~~~~~~~~~~~~~~~~~~~~~~~~~~~~~~~~~~~~~~~~~~~~~~~~~~~~~~~~~~~~~~~~~~~~


===========================================================================
                        Molecular Energy (initial)
---------------------------------------------------------------------------
 Kinetic energy          :            (au)                977.281697753448
 E-N energy              :            (au)              -2428.654565544209
 Coulomb energy          :            (au)                519.776912271104
 Exchange energy         :            (au)                  0.000000000000
 X-C energy              :            (au)                -59.144535572769
 Ext. field (el)         :            (au)                  0.000000000000
---------------------------------------------------------------------------
 N-N energy              :            (au)                 76.931548403218
 Ext. field (nuc)        :            (au)                  0.000000000000
---------------------------------------------------------------------------
 Electronic energy       :            (au)               -990.740491092426
 Nuclear energy          :            (au)                 76.931548403218
---------------------------------------------------------------------------
 Total energy            :            (au)             -9.138089426892e+02
                         :      (kcal/mol)             -5.734237643944e+05
                         :        (kJ/mol)             -2.399205031783e+06
                         :            (eV)             -2.486600700165e+04
===========================================================================


===========================================================================
                        Orbital Energies (initial)
---------------------------------------------------------------------------
    n  Occ Spin          :                                         Epsilon
---------------------------------------------------------------------------
    0    1    a          :            (au)                -98.722645544303
    1    1    a          :            (au)                -98.722407128953
    2    1    a          :            (au)                 -7.879386189708
    3    1    a          :            (au)                 -7.877394693416
    4    1    a          :            (au)                 -5.721015372011
    5    1    a          :            (au)                 -5.719747761115
    6    1    a          :            (au)                 -5.682879562817
    7    1    a          :            (au)                 -5.682574944200
    8    1    a          :            (au)                 -5.682553217241
    9    1    a          :            (au)                 -5.682267753606
   10    1    a          :            (au)                 -0.055067004792
   11    1    a          :            (au)                  0.096472133668
   12    1    a          :            (au)                  0.496131645897
   13    1    a          :            (au)                  0.642151941525
   14    1    a          :            (au)                  0.643293305402
   15    1    a          :            (au)                  0.687277728344
   16    1    a          :            (au)                  0.687474733894
   17    1    b          :            (au)                -98.722641335357
   18    1    b          :            (au)                -98.722392088441
   19    1    b          :            (au)                 -7.879386852166
   20    1    b          :            (au)                 -7.877395367830
   21    1    b          :            (au)                 -5.721017848138
   22    1    b          :            (au)                 -5.719749942229
   23    1    b          :            (au)                 -5.682881025728
   24    1    b          :            (au)                 -5.682575846107
   25    1    b          :            (au)                 -5.682554858775
   26    1    b          :            (au)                 -5.682268434447
   27    1    b          :            (au)                 -0.055066396256
   28    1    b          :            (au)                  0.096472978555
   29    1    b          :            (au)                  0.496135889524
   30    1    b          :            (au)                  0.642140614460
   31    1    b          :            (au)                  0.643275277962
   32    1    b          :            (au)                  0.687304418279
   33    1    b          :            (au)                  0.687522122114
---------------------------------------------------------------------------
 Sum occupied            :            (au)               -488.350216378011
===========================================================================


~~~~~~~~~~~~~~~~~~~~~~~~~~~~~~~~~~~~~~~~~~~~~~~~~~~~~~~~~~~~~~~~~~~~~~~~~~~
 Calculation             : Optimize ground state orbitals
 Method                  : DFT (PBE)
 Checkpointing           : Off
 Max iterations          : 200
 KAIN solver             : 10
 Localization            : First two iterations
 Diagonalization         : Off
 Start precision         : 1.00000e-06
 Final precision         : 1.00000e-06
 Helmholtz precision     : Dynamic
 Energy threshold        : 1.00000e-06
 Orbital threshold       : 5.00000e-05
~~~~~~~~~~~~~~~~~~~~~~~~~~~~~~~~~~~~~~~~~~~~~~~~~~~~~~~~~~~~~~~~~~~~~~~~~~~


===========================================================================
 Iter           MO residual             Total energy                Update
---------------------------------------------------------------------------
    0          5.830952e+00        -913.808942689208         -9.138089e+02
    1          1.597609e+00        -919.198290575682         -5.389348e+00
    2          6.194773e-01        -919.894582702795         -6.962921e-01
    3          1.836503e-01        -920.012185404125         -1.176027e-01
    4          1.548550e-01        -920.050091048484         -3.790564e-02
    5          2.139197e-02        -920.052246919414         -2.155871e-03
    6          2.626596e-02        -920.053734915882         -1.487996e-03
    7          2.409797e-02        -920.054292946379         -5.580305e-04
    8          7.286507e-03        -920.054372352490         -7.940611e-05
    9          4.171999e-03        -920.054393962384         -2.160989e-05
   10          5.092939e-03        -920.054411278890         -1.731651e-05
   11          2.342442e-03        -920.054417221085         -5.942195e-06
   12          5.201455e-04        -920.054418239472         -1.018386e-06
   13          1.909380e-04        -920.054418405073         -1.656017e-07
   14          1.450285e-04        -920.054418514900         -1.098265e-07
   15          3.507614e-05        -920.054418485756          2.914385e-08
---------------------------------------------------------------------------
                      SCF converged in 15 iterations!
===========================================================================


                                                                           
***************************************************************************
***                                                                     ***
***                    Printing Molecular Properties                    ***
***                                                                     ***
***************************************************************************
                                                                           
                                                                           
===========================================================================
                                 Molecule
---------------------------------------------------------------------------
 Charge                  :                                               0
 Multiplicity            :                                               1
---------------------------------------------------------------------------
    N    Atom            :               x               y               z
---------------------------------------------------------------------------
    0      Cl            :        0.000000        0.000000       -1.878293
    1      Cl            :        0.000000        0.000000        1.878293
---------------------------------------------------------------------------
 Center of mass          :        0.000000        0.000000       -0.000000
===========================================================================


===========================================================================
                         Molecular Energy (final)
---------------------------------------------------------------------------
 Kinetic energy          :            (au)                918.928555567084
 E-N energy              :            (au)              -2342.393383620993
 Coulomb energy          :            (au)                482.562834090023
 Exchange energy         :            (au)                  0.000000000000
 X-C energy              :            (au)                -56.083972925088
 Ext. field (el)         :            (au)                  0.000000000000
---------------------------------------------------------------------------
 N-N energy              :            (au)                 76.931548403218
 Ext. field (nuc)        :            (au)                  0.000000000000
---------------------------------------------------------------------------
 Electronic energy       :            (au)               -996.985966888974
 Nuclear energy          :            (au)                 76.931548403218
---------------------------------------------------------------------------
 Total energy            :            (au)             -9.200544184858e+02
                         :      (kcal/mol)             -5.773428595951e+05
                         :        (kJ/mol)             -2.415602526114e+06
                         :            (eV)             -2.503595504837e+04
===========================================================================


===========================================================================
                         Orbital Energies (final)
---------------------------------------------------------------------------
    n  Occ Spin          :                                         Epsilon
---------------------------------------------------------------------------
    0    1    a          :            (au)               -100.714904979932
    1    1    a          :            (au)               -100.714904970798
    2    1    a          :            (au)                 -9.227499495856
    3    1    a          :            (au)                 -9.227475040550
    4    1    a          :            (au)                 -7.054864656072
    5    1    a          :            (au)                 -7.054726964003
    6    1    a          :            (au)                 -7.038888280949
    7    1    a          :            (au)                 -7.038888264719
    8    1    a          :            (au)                 -7.038878830710
    9    1    a          :            (au)                 -7.038878802674
   10    1    a          :            (au)                 -0.862463015126
   11    1    a          :            (au)                 -0.702366941176
   12    1    a          :            (au)                 -0.441008191992
   13    1    a          :            (au)                 -0.367624199831
   14    1    a          :            (au)                 -0.367624184140
   15    1    a          :            (au)                 -0.268492736788
   16    1    a          :            (au)                 -0.268492712450
   17    1    b          :            (au)               -100.714904979314
   18    1    b          :            (au)               -100.714904971009
   19    1    b          :            (au)                 -9.227499495736
   20    1    b          :            (au)                 -9.227475040410
   21    1    b          :            (au)                 -7.054864655996
   22    1    b          :            (au)                 -7.054726963927
   23    1    b          :            (au)                 -7.038888280799
   24    1    b          :            (au)                 -7.038888264461
   25    1    b          :            (au)                 -7.038878830560
   26    1    b          :            (au)                 -7.038878802415
   27    1    b          :            (au)                 -0.862463013269
   28    1    b          :            (au)                 -0.702366942068
   29    1    b          :            (au)                 -0.441008194032
   30    1    b          :            (au)                 -0.367624198517
   31    1    b          :            (au)                 -0.367624183208
   32    1    b          :            (au)                 -0.268492737196
   33    1    b          :            (au)                 -0.268492712439
---------------------------------------------------------------------------
 Sum occupied            :            (au)               -530.855964533125
===========================================================================


===========================================================================
                           Dipole Moment (dip-1)
---------------------------------------------------------------------------
 r_O                     :        0.000000        0.000000        0.000000
---------------------------------------------------------------------------
 Electronic vector       :       -0.000000        0.000000       -0.000000
 Magnitude               :            (au)                        0.000000
                         :         (Debye)                        0.000000
---------------------------------------------------------------------------
 Nuclear vector          :        0.000000        0.000000        0.000000
 Magnitude               :            (au)                        0.000000
                         :         (Debye)                        0.000000
---------------------------------------------------------------------------
 Total vector            :       -0.000000        0.000000       -0.000000
 Magnitude               :            (au)                        0.000000
                         :         (Debye)                        0.000000
===========================================================================


                                                                           
                                                                           
***************************************************************************
***                                                                     ***
***                            Exiting MRChem                           ***
***                                                                     ***
***                       Wall time :  0h 30m 25s                       ***
***                                                                     ***
***************************************************************************
                                                                           
                                                                           
