Starting job 3254931 on c11-[30,32,37,39-40,43] at Tue Aug 10 12:23:49 CEST 2021

Copying cl_13_pbe_.out to /cluster/home/ambr/projects/psp/row3/calcs/singlets
Copying cl_13_pbe_.json to /cluster/home/ambr/projects/psp/row3/calcs/singlets

Task and CPU usage stats:
       JobID    JobName  AllocCPUS   NTasks     MinCPU MinCPUTask     AveCPU    Elapsed ExitCode 
------------ ---------- ---------- -------- ---------- ---------- ---------- ---------- -------- 
3254931      cl_13_pbe_        120                                             01:22:35      1:0 
3254931.bat+      batch         12        1   00:00:02          0   00:00:02   01:22:35      1:0 
3254931.ext+     extern        120        6   00:00:00          5   00:00:00   01:22:35      0:0 
3254931.0      mrchem.x        120       20   01:22:25         19   04:46:20   01:22:26      0:0 

Memory usage stats:
       JobID     MaxRSS MaxRSSTask     AveRSS MaxPages   MaxPagesTask   AvePages 
------------ ---------- ---------- ---------- -------- -------------- ---------- 
3254931                                                                          
3254931.bat+     14376K          0     14376K        0              0          0 
3254931.ext+          0          5          0        0              5          0 
3254931.0      9264208K          4   7857868K        0              4          0 

Disk usage stats:
       JobID  MaxDiskRead MaxDiskReadTask    AveDiskRead MaxDiskWrite MaxDiskWriteTask   AveDiskWrite 
------------ ------------ --------------- -------------- ------------ ---------------- -------------- 
3254931                                                                                               
3254931.bat+        5.67M               0          5.67M        0.06M                0          0.06M 
3254931.ext+        0.00M               5          0.00M            0                5              0 
3254931.0           2.67M               9          2.66M      229.42M                7        135.94M 

Job 3254931 completed at Tue Aug 10 13:46:24 CEST 2021
