                                                                           
                                                                           
***************************************************************************
***                                                                     ***
***                                                                     ***
***          __  __ ____   ____ _                                       ***
***         |  \/  |  _ \ / ___| |__   ___ _ __ ___                     ***
***         | |\/| | |_) | |   | '_ \ / _ \ '_ ` _ \                    ***
***         | |  | |  _ <| |___| | | |  __/ | | | | |                   ***
***         |_|  |_|_| \_\\____|_| |_|\___|_| |_| |_|                   ***
***                                                                     ***
***         VERSION            1.0.1                                    ***
***                                                                     ***
***         Git branch         HEAD                                     ***
***         Git commit hash    9309e3e1e52e5319b766-dirty               ***
***         Git commit author  Stig Rune Jensen                         ***
***         Git commit date    Fri Dec 4 16:08:55 2020 +0100            ***
***                                                                     ***
***         Contact: luca.frediani@uit.no                               ***
***                                                                     ***
***         Radovan Bast            Magnar Bjorgve                      ***
***         Roberto Di Remigio      Antoine Durdek                      ***
***         Luca Frediani           Gabriel Gerez                       ***
***         Stig Rune Jensen        Jonas Juselius                      ***
***         Rune Monstad            Peter Wind                          ***
***                                                                     ***
***************************************************************************

---------------------------------------------------------------------------

 MPI processes           :        (1 bank)                              20
 OpenMP threads          :                                               6
 Total cores             :                                             120
                                                                           
---------------------------------------------------------------------------

XCFun DFT library Copyright 2009-2020 Ulf Ekstrom and contributors.
See http://dftlibs.org/xcfun/ for more information.

This is free software; see the source code for copying conditions.
There is ABSOLUTELY NO WARRANTY; not even for MERCHANTABILITY or
FITNESS FOR A PARTICULAR PURPOSE. For details see the documentation.
Scientific users of this library should cite
U. Ekstrom, L. Visscher, R. Bast, A. J. Thorvaldsen and K. Ruud;
J.Chem.Theor.Comp. 2010, DOI: 10.1021/ct100117s

---------------------------------------------------------------------------

 MRCPP version         : 1.3.6
 Git branch            : HEAD
 Git commit hash       : 9309e3e1e52e5319b766-dirty
 Git commit author     : Stig Rune Jensen
 Git commit date       : Fri Dec 4 16:08:55 2020 +0100

 Linear algebra        : EIGEN v3.3.7
 Parallelization       : MPI/OpenMP (6 threads)

---------------------------------------------------------------------------


                                                                           
===========================================================================
                         MultiResolution Analysis
---------------------------------------------------------------------------
 polynomial order      : 9
 polynomial type       : Interpolating
---------------------------------------------------------------------------
 total boxes           : 8
 boxes                 : [          2           2           2 ]
 unit lengths          : [   32.00000    32.00000    32.00000 ]
 scaling factor        : [    1.00000     1.00000     1.00000 ]
 lower bounds          : [  -32.00000   -32.00000   -32.00000 ]
 upper bounds          : [   32.00000    32.00000    32.00000 ]
 total length          : [   64.00000    64.00000    64.00000 ]
===========================================================================


                                                                           
***************************************************************************
***                                                                     ***
***                        Initializing Molecule                        ***
***                                                                     ***
***************************************************************************
                                                                           
                                                                           
===========================================================================
                                 Molecule
---------------------------------------------------------------------------
 Charge                  :                                               0
 Multiplicity            :                                               1
---------------------------------------------------------------------------
    N    Atom            :               x               y               z
---------------------------------------------------------------------------
    0      Cl            :        0.000000        0.000000       -0.066586
    1       H            :        0.000000        0.000000        2.342059
---------------------------------------------------------------------------
 Center of mass          :        0.000000        0.000000       -0.000000
===========================================================================


                                                                           
***************************************************************************
***                                                                     ***
***                 Computing Ground State Wavefunction                 ***
***                                                                     ***
***************************************************************************
                                                                           
                                                                           
~~~~~~~~~~~~~~~~~~~~~~~~~~~~~~~~~~~~~~~~~~~~~~~~~~~~~~~~~~~~~~~~~~~~~~~~~~~
 Calculation             : Compute initial orbitals
 Method                  : Diagonalize SAD Hamiltonian
 Precision               : 1.00000e-04
 Restricted              : False
 Functional              : LDA (SVWN5)
 AO basis                : Hydrogenic orbitals
 Zeta quality            : 2
~~~~~~~~~~~~~~~~~~~~~~~~~~~~~~~~~~~~~~~~~~~~~~~~~~~~~~~~~~~~~~~~~~~~~~~~~~~


===========================================================================
                            Molecular Orbitals
---------------------------------------------------------------------------
 Alpha electrons         :                                               9
 Beta electrons          :                                               9
 Total electrons         :                                              18
---------------------------------------------------------------------------
    n  Occ Spin          :                                            Norm
---------------------------------------------------------------------------
    0    1    a          :                              9.999999999746e-01
    1    1    a          :                              9.999999999421e-01
    2    1    a          :                              9.999999999968e-01
    3    1    a          :                              9.999999999931e-01
    4    1    a          :                              1.000000000000e+00
    5    1    a          :                              9.999999997237e-01
    6    1    a          :                              9.999999995884e-01
    7    1    a          :                              9.999999991697e-01
    8    1    a          :                              1.000000000200e+00
    9    1    b          :                              9.999999999746e-01
   10    1    b          :                              9.999999999729e-01
   11    1    b          :                              9.999999999968e-01
   12    1    b          :                              9.999999999931e-01
   13    1    b          :                              1.000000000000e+00
   14    1    b          :                              9.999999999349e-01
   15    1    b          :                              9.999999998782e-01
   16    1    b          :                              9.999999992567e-01
   17    1    b          :                              9.999999999591e-01
===========================================================================


~~~~~~~~~~~~~~~~~~~~~~~~~~~~~~~~~~~~~~~~~~~~~~~~~~~~~~~~~~~~~~~~~~~~~~~~~~~
 Calculation             : Compute initial energy
 Method                  : DFT (PBE)
 Precision               : 1.00000e-04
 Localization            : On
~~~~~~~~~~~~~~~~~~~~~~~~~~~~~~~~~~~~~~~~~~~~~~~~~~~~~~~~~~~~~~~~~~~~~~~~~~~


===========================================================================
                        Molecular Energy (initial)
---------------------------------------------------------------------------
 Kinetic energy          :            (au)                478.093478433609
 E-N energy              :            (au)              -1124.455084906352
 Coulomb energy          :            (au)                209.101885526548
 Exchange energy         :            (au)                  0.000000000000
 X-C energy              :            (au)                -28.501754260667
 Ext. field (el)         :            (au)                  0.000000000000
---------------------------------------------------------------------------
 N-N energy              :            (au)                  7.057910885364
 Ext. field (nuc)        :            (au)                  0.000000000000
---------------------------------------------------------------------------
 Electronic energy       :            (au)               -465.761475206861
 Nuclear energy          :            (au)                  7.057910885364
---------------------------------------------------------------------------
 Total energy            :            (au)             -4.587035643215e+02
                         :      (kcal/mol)             -2.878408300758e+05
                         :        (kJ/mol)             -1.204326033819e+06
                         :            (eV)             -1.248195931256e+04
===========================================================================


===========================================================================
                        Orbital Energies (initial)
---------------------------------------------------------------------------
    n  Occ Spin          :                                         Epsilon
---------------------------------------------------------------------------
    0    1    a          :            (au)               -100.313936194665
    1    1    a          :            (au)                 -9.192157297251
    2    1    a          :            (au)                 -7.045592978472
    3    1    a          :            (au)                 -7.029215340075
    4    1    a          :            (au)                 -7.025862987776
    5    1    a          :            (au)                 -0.893587691942
    6    1    a          :            (au)                 -0.464068767103
    7    1    a          :            (au)                 -0.269774888961
    8    1    a          :            (au)                 -0.269129311249
    9    1    b          :            (au)               -100.313933905765
   10    1    b          :            (au)                 -9.192157165577
   11    1    b          :            (au)                 -7.045591168227
   12    1    b          :            (au)                 -7.029215508364
   13    1    b          :            (au)                 -7.025863158457
   14    1    b          :            (au)                 -0.893588130813
   15    1    b          :            (au)                 -0.464073347726
   16    1    b          :            (au)                 -0.269776838332
   17    1    b          :            (au)                 -0.269141991955
---------------------------------------------------------------------------
 Sum occupied            :            (au)               -265.006666672709
===========================================================================


~~~~~~~~~~~~~~~~~~~~~~~~~~~~~~~~~~~~~~~~~~~~~~~~~~~~~~~~~~~~~~~~~~~~~~~~~~~
 Calculation             : Optimize ground state orbitals
 Method                  : DFT (PBE)
 Checkpointing           : Off
 Max iterations          : 200
 KAIN solver             : 10
 Localization            : First two iterations
 Diagonalization         : Off
 Start precision         : 1.00000e-06
 Final precision         : 1.00000e-06
 Helmholtz precision     : Dynamic
 Energy threshold        : 1.00000e-06
 Orbital threshold       : 5.00000e-05
~~~~~~~~~~~~~~~~~~~~~~~~~~~~~~~~~~~~~~~~~~~~~~~~~~~~~~~~~~~~~~~~~~~~~~~~~~~


===========================================================================
 Iter           MO residual             Total energy                Update
---------------------------------------------------------------------------
    0          4.242641e+00        -458.703564321497         -4.587036e+02
    1          8.973850e-01        -460.500967073953         -1.797403e+00
    2          2.052069e-01        -460.625773901776         -1.248068e-01
    3          3.994085e-02        -460.640607109397         -1.483321e-02
    4          1.520510e-02        -460.643889197255         -3.282088e-03
    5          7.925234e-03        -460.644310446572         -4.212493e-04
    6          3.837009e-03        -460.644316889519         -6.442947e-06
    7          2.287183e-03        -460.644348480741         -3.159122e-05
    8          8.493146e-04        -460.644351442782         -2.962041e-06
    9          3.839574e-04        -460.644351680030         -2.372485e-07
   10          1.811772e-04        -460.644351914789         -2.347583e-07
   11          4.457051e-05        -460.644351928963         -1.417413e-08
---------------------------------------------------------------------------
                      SCF converged in 11 iterations!
===========================================================================


                                                                           
***************************************************************************
***                                                                     ***
***                    Printing Molecular Properties                    ***
***                                                                     ***
***************************************************************************
                                                                           
                                                                           
===========================================================================
                                 Molecule
---------------------------------------------------------------------------
 Charge                  :                                               0
 Multiplicity            :                                               1
---------------------------------------------------------------------------
    N    Atom            :               x               y               z
---------------------------------------------------------------------------
    0      Cl            :        0.000000        0.000000       -0.066586
    1       H            :        0.000000        0.000000        2.342059
---------------------------------------------------------------------------
 Center of mass          :        0.000000        0.000000       -0.000000
===========================================================================


===========================================================================
                         Molecular Energy (final)
---------------------------------------------------------------------------
 Kinetic energy          :            (au)                460.072322764690
 E-N energy              :            (au)              -1110.066965503973
 Coulomb energy          :            (au)                210.692558789335
 Exchange energy         :            (au)                  0.000000000000
 X-C energy              :            (au)                -28.400178864379
 Ext. field (el)         :            (au)                  0.000000000000
---------------------------------------------------------------------------
 N-N energy              :            (au)                  7.057910885364
 Ext. field (nuc)        :            (au)                  0.000000000000
---------------------------------------------------------------------------
 Electronic energy       :            (au)               -467.702262814327
 Nuclear energy          :            (au)                  7.057910885364
---------------------------------------------------------------------------
 Total energy            :            (au)             -4.606443519290e+02
                         :      (kcal/mol)             -2.890586926768e+05
                         :        (kJ/mol)             -1.209421570945e+06
                         :            (eV)             -1.253477083145e+04
===========================================================================


===========================================================================
                         Orbital Energies (final)
---------------------------------------------------------------------------
    n  Occ Spin          :                                         Epsilon
---------------------------------------------------------------------------
    0    1    a          :            (au)               -100.669952092043
    1    1    a          :            (au)                 -9.186421745880
    2    1    a          :            (au)                 -7.009206968400
    3    1    a          :            (au)                 -6.999458341182
    4    1    a          :            (au)                 -6.999458316631
    5    1    a          :            (au)                 -0.775746736483
    6    1    a          :            (au)                 -0.433038466919
    7    1    a          :            (au)                 -0.295592547303
    8    1    a          :            (au)                 -0.295592526571
    9    1    b          :            (au)               -100.669952092151
   10    1    b          :            (au)                 -9.186421745931
   11    1    b          :            (au)                 -7.009206968455
   12    1    b          :            (au)                 -6.999458341226
   13    1    b          :            (au)                 -6.999458316805
   14    1    b          :            (au)                 -0.775746736504
   15    1    b          :            (au)                 -0.433038466952
   16    1    b          :            (au)                 -0.295592547310
   17    1    b          :            (au)                 -0.295592526578
---------------------------------------------------------------------------
 Sum occupied            :            (au)               -265.328935483325
===========================================================================


===========================================================================
                           Dipole Moment (dip-1)
---------------------------------------------------------------------------
 r_O                     :        0.000000        0.000000        0.000000
---------------------------------------------------------------------------
 Electronic vector       :        0.000000        0.000000       -0.789816
 Magnitude               :            (au)                        0.789816
                         :         (Debye)                        2.007513
---------------------------------------------------------------------------
 Nuclear vector          :        0.000000        0.000000        1.210096
 Magnitude               :            (au)                        1.210096
                         :         (Debye)                        3.075757
---------------------------------------------------------------------------
 Total vector            :        0.000000        0.000000        0.420280
 Magnitude               :            (au)                        0.420280
                         :         (Debye)                        1.068245
===========================================================================


                                                                           
                                                                           
***************************************************************************
***                                                                     ***
***                            Exiting MRChem                           ***
***                                                                     ***
***                       Wall time :  0h  9m 55s                       ***
***                                                                     ***
***************************************************************************
                                                                           
                                                                           
