Starting job 3254933 on c2-53,c10-29,c11-25 at Tue Aug 10 12:33:35 CEST 2021

Copying cl_2_pbe_.out to /cluster/home/ambr/projects/psp/row3/calcs/singlets
Copying cl_2_pbe_.json to /cluster/home/ambr/projects/psp/row3/calcs/singlets

Task and CPU usage stats:
       JobID    JobName  AllocCPUS   NTasks     MinCPU MinCPUTask     AveCPU    Elapsed ExitCode 
------------ ---------- ---------- -------- ---------- ---------- ---------- ---------- -------- 
3254933       cl_2_pbe_        120                                             00:10:01      1:0 
3254933.bat+      batch         24        1   00:00:01          0   00:00:01   00:10:01      1:0 
3254933.ext+     extern        120        3   00:00:00          1   00:00:00   00:10:01      0:0 
3254933.0      mrchem.x        120       20   00:09:56         19   00:33:13   00:09:58      0:0 

Memory usage stats:
       JobID     MaxRSS MaxRSSTask     AveRSS MaxPages   MaxPagesTask   AvePages 
------------ ---------- ---------- ---------- -------- -------------- ---------- 
3254933                                                                          
3254933.bat+     14244K          0     14244K        0              0          0 
3254933.ext+          0          1          0        0              1          0 
3254933.0      2475740K         18 2048015155        0              3          0 

Disk usage stats:
       JobID  MaxDiskRead MaxDiskReadTask    AveDiskRead MaxDiskWrite MaxDiskWriteTask   AveDiskWrite 
------------ ------------ --------------- -------------- ------------ ---------------- -------------- 
3254933                                                                                               
3254933.bat+        5.55M               0          5.55M        0.05M                0          0.05M 
3254933.ext+        0.00M               1          0.00M            0                1              0 
3254933.0           2.67M              18          2.54M       56.95M               18         36.96M 

Job 3254933 completed at Tue Aug 10 12:43:36 CEST 2021
