                                                                           
                                                                           
***************************************************************************
***                                                                     ***
***                                                                     ***
***          __  __ ____   ____ _                                       ***
***         |  \/  |  _ \ / ___| |__   ___ _ __ ___                     ***
***         | |\/| | |_) | |   | '_ \ / _ \ '_ ` _ \                    ***
***         | |  | |  _ <| |___| | | |  __/ | | | | |                   ***
***         |_|  |_|_| \_\\____|_| |_|\___|_| |_| |_|                   ***
***                                                                     ***
***         VERSION            1.0.1                                    ***
***                                                                     ***
***         Git branch         HEAD                                     ***
***         Git commit hash    9309e3e1e52e5319b766-dirty               ***
***         Git commit author  Stig Rune Jensen                         ***
***         Git commit date    Fri Dec 4 16:08:55 2020 +0100            ***
***                                                                     ***
***         Contact: luca.frediani@uit.no                               ***
***                                                                     ***
***         Radovan Bast            Magnar Bjorgve                      ***
***         Roberto Di Remigio      Antoine Durdek                      ***
***         Luca Frediani           Gabriel Gerez                       ***
***         Stig Rune Jensen        Jonas Juselius                      ***
***         Rune Monstad            Peter Wind                          ***
***                                                                     ***
***************************************************************************

---------------------------------------------------------------------------

 MPI processes           :        (1 bank)                              20
 OpenMP threads          :                                               6
 Total cores             :                                             120
                                                                           
---------------------------------------------------------------------------

XCFun DFT library Copyright 2009-2020 Ulf Ekstrom and contributors.
See http://dftlibs.org/xcfun/ for more information.

This is free software; see the source code for copying conditions.
There is ABSOLUTELY NO WARRANTY; not even for MERCHANTABILITY or
FITNESS FOR A PARTICULAR PURPOSE. For details see the documentation.
Scientific users of this library should cite
U. Ekstrom, L. Visscher, R. Bast, A. J. Thorvaldsen and K. Ruud;
J.Chem.Theor.Comp. 2010, DOI: 10.1021/ct100117s

---------------------------------------------------------------------------

 MRCPP version         : 1.3.6
 Git branch            : HEAD
 Git commit hash       : 9309e3e1e52e5319b766-dirty
 Git commit author     : Stig Rune Jensen
 Git commit date       : Fri Dec 4 16:08:55 2020 +0100

 Linear algebra        : EIGEN v3.3.7
 Parallelization       : MPI/OpenMP (6 threads)

---------------------------------------------------------------------------


                                                                           
===========================================================================
                         MultiResolution Analysis
---------------------------------------------------------------------------
 polynomial order      : 9
 polynomial type       : Interpolating
---------------------------------------------------------------------------
 total boxes           : 8
 boxes                 : [          2           2           2 ]
 unit lengths          : [   32.00000    32.00000    32.00000 ]
 scaling factor        : [    1.00000     1.00000     1.00000 ]
 lower bounds          : [  -32.00000   -32.00000   -32.00000 ]
 upper bounds          : [   32.00000    32.00000    32.00000 ]
 total length          : [   64.00000    64.00000    64.00000 ]
===========================================================================


                                                                           
***************************************************************************
***                                                                     ***
***                        Initializing Molecule                        ***
***                                                                     ***
***************************************************************************
                                                                           
                                                                           
===========================================================================
                                 Molecule
---------------------------------------------------------------------------
 Charge                  :                                               0
 Multiplicity            :                                               1
---------------------------------------------------------------------------
    N    Atom            :               x               y               z
---------------------------------------------------------------------------
    0      Cl            :        0.000000        0.000000       -1.073603
    1       F            :        0.000000        0.000000        2.003438
---------------------------------------------------------------------------
 Center of mass          :        0.000000        0.000000       -0.000000
===========================================================================


                                                                           
***************************************************************************
***                                                                     ***
***                 Computing Ground State Wavefunction                 ***
***                                                                     ***
***************************************************************************
                                                                           
                                                                           
~~~~~~~~~~~~~~~~~~~~~~~~~~~~~~~~~~~~~~~~~~~~~~~~~~~~~~~~~~~~~~~~~~~~~~~~~~~
 Calculation             : Compute initial orbitals
 Method                  : Diagonalize SAD Hamiltonian
 Precision               : 1.00000e-04
 Restricted              : False
 Functional              : LDA (SVWN5)
 AO basis                : Hydrogenic orbitals
 Zeta quality            : 2
~~~~~~~~~~~~~~~~~~~~~~~~~~~~~~~~~~~~~~~~~~~~~~~~~~~~~~~~~~~~~~~~~~~~~~~~~~~


===========================================================================
                            Molecular Orbitals
---------------------------------------------------------------------------
 Alpha electrons         :                                              13
 Beta electrons          :                                              13
 Total electrons         :                                              26
---------------------------------------------------------------------------
    n  Occ Spin          :                                            Norm
---------------------------------------------------------------------------
    0    1    a          :                              9.999998001388e-01
    1    1    a          :                              1.000000251932e+00
    2    1    a          :                              9.999999999857e-01
    3    1    a          :                              9.999999999938e-01
    4    1    a          :                              9.999999999957e-01
    5    1    a          :                              9.999984812877e-01
    6    1    a          :                              9.999962504651e-01
    7    1    a          :                              9.999999994766e-01
    8    1    a          :                              9.999999987361e-01
    9    1    a          :                              1.000000000063e+00
   10    1    a          :                              9.999952886413e-01
   11    1    a          :                              9.999999992828e-01
   12    1    a          :                              1.000001633535e+00
   13    1    b          :                              9.999998001388e-01
   14    1    b          :                              9.999999886065e-01
   15    1    b          :                              1.000000000049e+00
   16    1    b          :                              9.999969888852e-01
   17    1    b          :                              9.999999999957e-01
   18    1    b          :                              9.999985808893e-01
   19    1    b          :                              9.999962495693e-01
   20    1    b          :                              9.999999994808e-01
   21    1    b          :                              9.999999987104e-01
   22    1    b          :                              9.999999988877e-01
   23    1    b          :                              9.999952885237e-01
   24    1    b          :                              1.000000000014e+00
   25    1    b          :                              1.000001634101e+00
===========================================================================


~~~~~~~~~~~~~~~~~~~~~~~~~~~~~~~~~~~~~~~~~~~~~~~~~~~~~~~~~~~~~~~~~~~~~~~~~~~
 Calculation             : Compute initial energy
 Method                  : DFT (PBE)
 Precision               : 1.00000e-04
 Localization            : On
~~~~~~~~~~~~~~~~~~~~~~~~~~~~~~~~~~~~~~~~~~~~~~~~~~~~~~~~~~~~~~~~~~~~~~~~~~~


===========================================================================
                        Molecular Energy (initial)
---------------------------------------------------------------------------
 Kinetic energy          :            (au)                591.839696939863
 E-N energy              :            (au)              -1478.322250913077
 Coulomb energy          :            (au)                320.108852133182
 Exchange energy         :            (au)                  0.000000000000
 X-C energy              :            (au)                -40.115582141261
 Ext. field (el)         :            (au)                  0.000000000000
---------------------------------------------------------------------------
 N-N energy              :            (au)                 49.723097141823
 Ext. field (nuc)        :            (au)                  0.000000000000
---------------------------------------------------------------------------
 Electronic energy       :            (au)               -606.489283981292
 Nuclear energy          :            (au)                 49.723097141823
---------------------------------------------------------------------------
 Total energy            :            (au)             -5.567661868395e+02
                         :      (kcal/mol)             -3.493760542608e+05
                         :        (kJ/mol)             -1.461789411976e+06
                         :            (eV)             -1.515037909291e+04
===========================================================================


===========================================================================
                        Orbital Energies (initial)
---------------------------------------------------------------------------
    n  Occ Spin          :                                         Epsilon
---------------------------------------------------------------------------
    0    1    a          :            (au)                -99.158132880943
    1    1    a          :            (au)                -23.468744524619
    2    1    a          :            (au)                 -8.237700359704
    3    1    a          :            (au)                 -6.100628223915
    4    1    a          :            (au)                 -6.041672610872
    5    1    a          :            (au)                 -6.041457097289
    6    1    a          :            (au)                 -0.733840529868
    7    1    a          :            (au)                 -0.220364410244
    8    1    a          :            (au)                  0.012646754476
    9    1    a          :            (au)                  0.014433872189
   10    1    a          :            (au)                  0.014583979285
   11    1    a          :            (au)                  0.454147886838
   12    1    a          :            (au)                  0.455439666173
   13    1    b          :            (au)                -99.158111185114
   14    1    b          :            (au)                -23.468846396699
   15    1    b          :            (au)                 -8.237662536375
   16    1    b          :            (au)                 -6.100567140112
   17    1    b          :            (au)                 -6.041650227608
   18    1    b          :            (au)                 -6.041223528247
   19    1    b          :            (au)                 -0.733844651174
   20    1    b          :            (au)                 -0.220369934461
   21    1    b          :            (au)                  0.012646766526
   22    1    b          :            (au)                  0.014405944575
   23    1    b          :            (au)                  0.014588076028
   24    1    b          :            (au)                  0.454142056248
   25    1    b          :            (au)                  0.455424033336
---------------------------------------------------------------------------
 Sum occupied            :            (au)               -298.102357201570
===========================================================================


~~~~~~~~~~~~~~~~~~~~~~~~~~~~~~~~~~~~~~~~~~~~~~~~~~~~~~~~~~~~~~~~~~~~~~~~~~~
 Calculation             : Optimize ground state orbitals
 Method                  : DFT (PBE)
 Checkpointing           : Off
 Max iterations          : 200
 KAIN solver             : 10
 Localization            : First two iterations
 Diagonalization         : Off
 Start precision         : 1.00000e-06
 Final precision         : 1.00000e-06
 Helmholtz precision     : Dynamic
 Energy threshold        : 1.00000e-06
 Orbital threshold       : 5.00000e-05
~~~~~~~~~~~~~~~~~~~~~~~~~~~~~~~~~~~~~~~~~~~~~~~~~~~~~~~~~~~~~~~~~~~~~~~~~~~


===========================================================================
 Iter           MO residual             Total energy                Update
---------------------------------------------------------------------------
    0          5.099020e+00        -556.766186839469         -5.567662e+02
    1          9.911837e-01        -559.446396933578         -2.680210e+00
    2          3.604772e-01        -559.711924828738         -2.655279e-01
    3          1.078935e-01        -559.748713891999         -3.678906e-02
    4          6.568022e-02        -559.759213298859         -1.049941e-02
    5          4.396528e-02        -559.763693049176         -4.479750e-03
    6          2.524638e-02        -559.765243830078         -1.550781e-03
    7          2.818268e-02        -559.765975322856         -7.314928e-04
    8          1.421611e-02        -559.766146634459         -1.713116e-04
    9          1.281375e-02        -559.766226442189         -7.980773e-05
   10          1.085508e-02        -559.766294797214         -6.835502e-05
   11          5.398302e-03        -559.766308344484         -1.354727e-05
   12          2.592947e-03        -559.766318132566         -9.788082e-06
   13          1.330695e-03        -559.766321605776         -3.473210e-06
   14          6.373077e-04        -559.766321972940         -3.671645e-07
   15          5.760947e-04        -559.766322259242         -2.863013e-07
   16          2.465416e-04        -559.766322395870         -1.366285e-07
   17          8.113463e-05        -559.766322419261         -2.339129e-08
---------------------------------------------------------------------------
                      SCF converged in 17 iterations!
===========================================================================


                                                                           
***************************************************************************
***                                                                     ***
***                    Printing Molecular Properties                    ***
***                                                                     ***
***************************************************************************
                                                                           
                                                                           
===========================================================================
                                 Molecule
---------------------------------------------------------------------------
 Charge                  :                                               0
 Multiplicity            :                                               1
---------------------------------------------------------------------------
    N    Atom            :               x               y               z
---------------------------------------------------------------------------
    0      Cl            :        0.000000        0.000000       -1.073603
    1       F            :        0.000000        0.000000        2.003438
---------------------------------------------------------------------------
 Center of mass          :        0.000000        0.000000       -0.000000
===========================================================================


===========================================================================
                         Molecular Energy (final)
---------------------------------------------------------------------------
 Kinetic energy          :            (au)                558.961478685934
 E-N energy              :            (au)              -1432.004569767199
 Coulomb energy          :            (au)                301.914132776610
 Exchange energy         :            (au)                  0.000000000000
 X-C energy              :            (au)                -38.360461256429
 Ext. field (el)         :            (au)                  0.000000000000
---------------------------------------------------------------------------
 N-N energy              :            (au)                 49.723097141823
 Ext. field (nuc)        :            (au)                  0.000000000000
---------------------------------------------------------------------------
 Electronic energy       :            (au)               -609.489419561084
 Nuclear energy          :            (au)                 49.723097141823
---------------------------------------------------------------------------
 Total energy            :            (au)             -5.597663224193e+02
                         :      (kcal/mol)             -3.512586677454e+05
                         :        (kJ/mol)             -1.469666266801e+06
                         :            (eV)             -1.523201693737e+04
===========================================================================


===========================================================================
                         Orbital Energies (final)
---------------------------------------------------------------------------
    n  Occ Spin          :                                         Epsilon
---------------------------------------------------------------------------
    0    1    a          :            (au)               -100.742337704602
    1    1    a          :            (au)                -24.315669950376
    2    1    a          :            (au)                 -9.252232215902
    3    1    a          :            (au)                 -7.082953364484
    4    1    a          :            (au)                 -7.062284840831
    5    1    a          :            (au)                 -7.062284839774
    6    1    a          :            (au)                 -1.149825159922
    7    1    a          :            (au)                 -0.765805659416
    8    1    a          :            (au)                 -0.501113999202
    9    1    a          :            (au)                 -0.432464393635
   10    1    a          :            (au)                 -0.432464366059
   11    1    a          :            (au)                 -0.288454554215
   12    1    a          :            (au)                 -0.288454485012
   13    1    b          :            (au)               -100.742337704708
   14    1    b          :            (au)                -24.315669934884
   15    1    b          :            (au)                 -9.252232218200
   16    1    b          :            (au)                 -7.082953327027
   17    1    b          :            (au)                 -7.062284842794
   18    1    b          :            (au)                 -7.062284841481
   19    1    b          :            (au)                 -1.149825157700
   20    1    b          :            (au)                 -0.765805664841
   21    1    b          :            (au)                 -0.501114001336
   22    1    b          :            (au)                 -0.432464391274
   23    1    b          :            (au)                 -0.432464364106
   24    1    b          :            (au)                 -0.288454549767
   25    1    b          :            (au)                 -0.288454480778
---------------------------------------------------------------------------
 Sum occupied            :            (au)               -318.752691012327
===========================================================================


===========================================================================
                           Dipole Moment (dip-1)
---------------------------------------------------------------------------
 r_O                     :        0.000000        0.000000        0.000000
---------------------------------------------------------------------------
 Electronic vector       :       -0.000000       -0.000006       -0.062678
 Magnitude               :            (au)                        0.062678
                         :         (Debye)                        0.159311
---------------------------------------------------------------------------
 Nuclear vector          :        0.000000        0.000000       -0.220308
 Magnitude               :            (au)                        0.220308
                         :         (Debye)                        0.559967
---------------------------------------------------------------------------
 Total vector            :       -0.000000       -0.000006       -0.282986
 Magnitude               :            (au)                        0.282986
                         :         (Debye)                        0.719278
===========================================================================


                                                                           
                                                                           
***************************************************************************
***                                                                     ***
***                            Exiting MRChem                           ***
***                                                                     ***
***                       Wall time :  0h 24m 31s                       ***
***                                                                     ***
***************************************************************************
                                                                           
                                                                           
