Starting job 3255843 on c11-[41,46,51] at Tue Aug 10 15:28:34 CEST 2021

Copying cl_6_pbe_.out to /cluster/home/ambr/projects/psp/row3/calcs/doublets
Copying cl_6_pbe_.json to /cluster/home/ambr/projects/psp/row3/calcs/doublets

Task and CPU usage stats:
       JobID    JobName  AllocCPUS   NTasks     MinCPU MinCPUTask     AveCPU    Elapsed ExitCode 
------------ ---------- ---------- -------- ---------- ---------- ---------- ---------- -------- 
3255843       cl_6_pbe_        120                                             00:31:17      1:0 
3255843.bat+      batch         42        1   00:00:01          0   00:00:01   00:31:17      1:0 
3255843.ext+     extern        120        3                                    00:31:17      0:0 
3255843.0      mrchem.x        120       20   00:31:12         19   01:45:25   00:31:14      0:0 

Memory usage stats:
       JobID     MaxRSS MaxRSSTask     AveRSS MaxPages   MaxPagesTask   AvePages 
------------ ---------- ---------- ---------- -------- -------------- ---------- 
3255843                                                                          
3255843.bat+     14236K          0     14236K        0              0          0 
3255843.ext+          0          2          0        0              2          0 
3255843.0      4683716K          0 3519159091        0             10          0 

Disk usage stats:
       JobID  MaxDiskRead MaxDiskReadTask    AveDiskRead MaxDiskWrite MaxDiskWriteTask   AveDiskWrite 
------------ ------------ --------------- -------------- ------------ ---------------- -------------- 
3255843                                                                                               
3255843.bat+        3.73M               0          3.73M        0.02M                0          0.02M 
3255843.ext+        0.00M               2          0.00M            0                2              0 
3255843.0           2.67M               1          2.66M      115.79M                0         61.95M 

Job 3255843 completed at Tue Aug 10 15:59:52 CEST 2021
