Starting job 5688396 on c3-6,c5-[33,40],c10-27,c11-25 at Fri May 20 10:47:32 CEST 2022

Copying cl_6_pbe0_.out to /cluster/home/ambr/projects/psp/row3/calcs/doublets
Copying cl_6_pbe0_.json to /cluster/home/ambr/projects/psp/row3/calcs/doublets

Task and CPU usage stats:
JobID           JobName  AllocCPUS   NTasks     MinCPU MinCPUTask     AveCPU    Elapsed ExitCode 
------------ ---------- ---------- -------- ---------- ---------- ---------- ---------- -------- 
5688396      cl_6_pbe0_        180                                             00:38:21      0:0 
5688396.bat+      batch         36        1   00:00:02          0   00:00:02   00:38:21      0:0 
5688396.ext+     extern        180        5   00:00:00          0   00:00:00   00:38:21      0:0 
5688396.0      mrchem.x        180       30   00:37:58         29   01:32:13   00:38:03      0:0 

Memory usage stats:
JobID            MaxRSS MaxRSSTask     AveRSS MaxPages   MaxPagesTask   AvePages 
------------ ---------- ---------- ---------- -------- -------------- ---------- 
5688396                                                                          
5688396.bat+     19280K          0     19280K        0              0          0 
5688396.ext+          0          0          0        0              0          0 
5688396.0      8670060K         29 4097616008        0              3          0 

Disk usage stats:
JobID         MaxDiskRead MaxDiskReadTask    AveDiskRead MaxDiskWrite MaxDiskWriteTask   AveDiskWrite 
------------ ------------ --------------- -------------- ------------ ---------------- -------------- 
5688396                                                                                               
5688396.bat+       16.90M               0         16.90M        0.03M                0          0.03M 
5688396.ext+        0.00M               0          0.00M            0                0              0 
5688396.0           7.32M              25          6.96M       67.01M               25         47.68M 

Job 5688396 completed at Fri May 20 11:25:54 CEST 2022
