                                                                           
                                                                           
***************************************************************************
***                                                                     ***
***                                                                     ***
***          __  __ ____   ____ _                                       ***
***         |  \/  |  _ \ / ___| |__   ___ _ __ ___                     ***
***         | |\/| | |_) | |   | '_ \ / _ \ '_ ` _ \                    ***
***         | |  | |  _ <| |___| | | |  __/ | | | | |                   ***
***         |_|  |_|_| \_\\____|_| |_|\___|_| |_| |_|                   ***
***                                                                     ***
***         VERSION            1.0.1                                    ***
***                                                                     ***
***         Git branch         HEAD                                     ***
***         Git commit hash    9309e3e1e52e5319b766-dirty               ***
***         Git commit author  Stig Rune Jensen                         ***
***         Git commit date    Fri Dec 4 16:08:55 2020 +0100            ***
***                                                                     ***
***         Contact: luca.frediani@uit.no                               ***
***                                                                     ***
***         Radovan Bast            Magnar Bjorgve                      ***
***         Roberto Di Remigio      Antoine Durdek                      ***
***         Luca Frediani           Gabriel Gerez                       ***
***         Stig Rune Jensen        Jonas Juselius                      ***
***         Rune Monstad            Peter Wind                          ***
***                                                                     ***
***************************************************************************

---------------------------------------------------------------------------

 MPI processes           :        (1 bank)                              20
 OpenMP threads          :                                               6
 Total cores             :                                             120
                                                                           
---------------------------------------------------------------------------

XCFun DFT library Copyright 2009-2020 Ulf Ekstrom and contributors.
See http://dftlibs.org/xcfun/ for more information.

This is free software; see the source code for copying conditions.
There is ABSOLUTELY NO WARRANTY; not even for MERCHANTABILITY or
FITNESS FOR A PARTICULAR PURPOSE. For details see the documentation.
Scientific users of this library should cite
U. Ekstrom, L. Visscher, R. Bast, A. J. Thorvaldsen and K. Ruud;
J.Chem.Theor.Comp. 2010, DOI: 10.1021/ct100117s

---------------------------------------------------------------------------

 MRCPP version         : 1.3.6
 Git branch            : HEAD
 Git commit hash       : 9309e3e1e52e5319b766-dirty
 Git commit author     : Stig Rune Jensen
 Git commit date       : Fri Dec 4 16:08:55 2020 +0100

 Linear algebra        : EIGEN v3.3.7
 Parallelization       : MPI/OpenMP (6 threads)

---------------------------------------------------------------------------


                                                                           
===========================================================================
                         MultiResolution Analysis
---------------------------------------------------------------------------
 polynomial order      : 9
 polynomial type       : Interpolating
---------------------------------------------------------------------------
 total boxes           : 8
 boxes                 : [          2           2           2 ]
 unit lengths          : [   32.00000    32.00000    32.00000 ]
 scaling factor        : [    1.00000     1.00000     1.00000 ]
 lower bounds          : [  -32.00000   -32.00000   -32.00000 ]
 upper bounds          : [   32.00000    32.00000    32.00000 ]
 total length          : [   64.00000    64.00000    64.00000 ]
===========================================================================


                                                                           
***************************************************************************
***                                                                     ***
***                        Initializing Molecule                        ***
***                                                                     ***
***************************************************************************
                                                                           
                                                                           
===========================================================================
                                 Molecule
---------------------------------------------------------------------------
 Charge                  :                                               0
 Multiplicity            :                                               2
---------------------------------------------------------------------------
    N    Atom            :               x               y               z
---------------------------------------------------------------------------
    0       O            :        0.000000        0.000000       -2.043779
    1      Cl            :        0.000000        0.000000        0.922334
---------------------------------------------------------------------------
 Center of mass          :        0.000000        0.000000        0.000000
===========================================================================


                                                                           
***************************************************************************
***                                                                     ***
***                 Computing Ground State Wavefunction                 ***
***                                                                     ***
***************************************************************************
                                                                           
                                                                           
~~~~~~~~~~~~~~~~~~~~~~~~~~~~~~~~~~~~~~~~~~~~~~~~~~~~~~~~~~~~~~~~~~~~~~~~~~~
 Calculation             : Compute initial orbitals
 Method                  : Diagonalize SAD Hamiltonian
 Precision               : 1.00000e-04
 Restricted              : False
 Functional              : LDA (SVWN5)
 AO basis                : Hydrogenic orbitals
 Zeta quality            : 2
~~~~~~~~~~~~~~~~~~~~~~~~~~~~~~~~~~~~~~~~~~~~~~~~~~~~~~~~~~~~~~~~~~~~~~~~~~~


===========================================================================
                            Molecular Orbitals
---------------------------------------------------------------------------
 Alpha electrons         :                                              13
 Beta electrons          :                                              12
 Total electrons         :                                              25
---------------------------------------------------------------------------
    n  Occ Spin          :                                            Norm
---------------------------------------------------------------------------
    0    1    a          :                              9.999999896491e-01
    1    1    a          :                              9.999999896861e-01
    2    1    a          :                              1.000000000324e+00
    3    1    a          :                              1.000000000013e+00
    4    1    a          :                              1.000000000097e+00
    5    1    a          :                              9.999999999999e-01
    6    1    a          :                              1.000000000810e+00
    7    1    a          :                              9.999999992943e-01
    8    1    a          :                              9.999999915840e-01
    9    1    a          :                              1.000000210368e+00
   10    1    a          :                              1.000000185454e+00
   11    1    a          :                              9.999997537029e-01
   12    1    a          :                              9.999997377631e-01
   13    1    b          :                              9.999998346886e-01
   14    1    b          :                              9.999999896861e-01
   15    1    b          :                              1.000000000302e+00
   16    1    b          :                              1.000000000011e+00
   17    1    b          :                              1.000000000096e+00
   18    1    b          :                              9.999999999882e-01
   19    1    b          :                              9.999999964793e-01
   20    1    b          :                              9.999999993442e-01
   21    1    b          :                              9.999999961945e-01
   22    1    b          :                              1.000000171472e+00
   23    1    b          :                              1.000000184363e+00
   24    1    b          :                              9.999997535240e-01
===========================================================================


~~~~~~~~~~~~~~~~~~~~~~~~~~~~~~~~~~~~~~~~~~~~~~~~~~~~~~~~~~~~~~~~~~~~~~~~~~~
 Calculation             : Compute initial energy
 Method                  : DFT (PBE)
 Precision               : 1.00000e-04
 Localization            : On
~~~~~~~~~~~~~~~~~~~~~~~~~~~~~~~~~~~~~~~~~~~~~~~~~~~~~~~~~~~~~~~~~~~~~~~~~~~


===========================================================================
                        Molecular Energy (initial)
---------------------------------------------------------------------------
 Kinetic energy          :            (au)                563.584409125936
 E-N energy              :            (au)              -1402.188458223519
 Coulomb energy          :            (au)                298.421187028282
 Exchange energy         :            (au)                  0.000000000000
 X-C energy              :            (au)                -38.007591528234
 Ext. field (el)         :            (au)                  0.000000000000
---------------------------------------------------------------------------
 N-N energy              :            (au)                 45.851239745543
 Ext. field (nuc)        :            (au)                  0.000000000000
---------------------------------------------------------------------------
 Electronic energy       :            (au)               -578.190453597534
 Nuclear energy          :            (au)                 45.851239745543
---------------------------------------------------------------------------
 Total energy            :            (au)             -5.323392138520e+02
                         :      (kcal/mol)             -3.340478974121e+05
                         :        (kJ/mol)             -1.397656403679e+06
                         :            (eV)             -1.448568732534e+04
===========================================================================


===========================================================================
                        Orbital Energies (initial)
---------------------------------------------------------------------------
    n  Occ Spin          :                                         Epsilon
---------------------------------------------------------------------------
    0    1    a          :            (au)                -99.720962877648
    1    1    a          :            (au)                -17.617595961731
    2    1    a          :            (au)                 -8.696252815557
    3    1    a          :            (au)                 -6.550145997610
    4    1    a          :            (au)                 -6.544594316283
    5    1    a          :            (au)                 -6.499171854285
    6    1    a          :            (au)                 -0.590080386363
    7    1    a          :            (au)                 -0.266809642055
    8    1    a          :            (au)                  0.046918377028
    9    1    a          :            (au)                  0.120549150875
   10    1    a          :            (au)                  0.167281909483
   11    1    a          :            (au)                  0.340537581570
   12    1    a          :            (au)                  0.361464853124
   13    1    b          :            (au)                -99.710311105994
   14    1    b          :            (au)                -17.614765358134
   15    1    b          :            (au)                 -8.686174338957
   16    1    b          :            (au)                 -6.543941453957
   17    1    b          :            (au)                 -6.515932572199
   18    1    b          :            (au)                 -6.493267915111
   19    1    b          :            (au)                 -0.556318860346
   20    1    b          :            (au)                 -0.240785574140
   21    1    b          :            (au)                  0.141293096215
   22    1    b          :            (au)                  0.174472950334
   23    1    b          :            (au)                  0.260261855800
   24    1    b          :            (au)                  0.368189958028
---------------------------------------------------------------------------
 Sum occupied            :            (au)               -290.866141297916
===========================================================================


~~~~~~~~~~~~~~~~~~~~~~~~~~~~~~~~~~~~~~~~~~~~~~~~~~~~~~~~~~~~~~~~~~~~~~~~~~~
 Calculation             : Optimize ground state orbitals
 Method                  : DFT (PBE)
 Checkpointing           : Off
 Max iterations          : 200
 KAIN solver             : 10
 Localization            : First two iterations
 Diagonalization         : Off
 Start precision         : 1.00000e-06
 Final precision         : 1.00000e-06
 Helmholtz precision     : Dynamic
 Energy threshold        : 1.00000e-06
 Orbital threshold       : 5.00000e-05
~~~~~~~~~~~~~~~~~~~~~~~~~~~~~~~~~~~~~~~~~~~~~~~~~~~~~~~~~~~~~~~~~~~~~~~~~~~


===========================================================================
 Iter           MO residual             Total energy                Update
---------------------------------------------------------------------------
    0          5.000000e+00        -532.339213851991         -5.323392e+02
    1          9.360726e-01        -534.713303777062         -2.374090e+00
    2          3.535189e-01        -534.998151728320         -2.848480e-01
    3          1.704977e-01        -535.058543412787         -6.039168e-02
    4          1.209077e-01        -535.081369562148         -2.282615e-02
    5          1.229944e-01        -535.101580794505         -2.021123e-02
    6          5.306075e-02        -535.107428322317         -5.847528e-03
    7          7.041593e-02        -535.113209909970         -5.781588e-03
    8          5.478235e-02        -535.115800253193         -2.590343e-03
    9          5.287474e-02        -535.117840689807         -2.040437e-03
   10          5.224712e-02        -535.119295987379         -1.455298e-03
   11          3.000309e-02        -535.119817013720         -5.210263e-04
   12          1.111221e-02        -535.119995683952         -1.786702e-04
   13          4.768543e-03        -535.120040216026         -4.453207e-05
   14          4.111091e-03        -535.120059188488         -1.897246e-05
   15          2.363992e-03        -535.120068055849         -8.867361e-06
   16          9.390007e-04        -535.120070884536         -2.828687e-06
   17          9.009600e-04        -535.120072665891         -1.781355e-06
   18          7.421322e-04        -535.120073160565         -4.946737e-07
   19          3.740216e-04        -535.120073316466         -1.559014e-07
   20          2.484932e-04        -535.120073391541         -7.507504e-08
   21          1.463214e-04        -535.120073426425         -3.488344e-08
   22          1.604869e-04        -535.120073448458         -2.203330e-08
   23          1.679737e-04        -535.120073469472         -2.101331e-08
   24          1.747366e-04        -535.120073488247         -1.877572e-08
   25          1.232936e-04        -535.120073497221         -8.973416e-09
   26          7.961236e-05        -535.120073500877         -3.656623e-09
---------------------------------------------------------------------------
                      SCF converged in 26 iterations!
===========================================================================


                                                                           
***************************************************************************
***                                                                     ***
***                    Printing Molecular Properties                    ***
***                                                                     ***
***************************************************************************
                                                                           
                                                                           
===========================================================================
                                 Molecule
---------------------------------------------------------------------------
 Charge                  :                                               0
 Multiplicity            :                                               2
---------------------------------------------------------------------------
    N    Atom            :               x               y               z
---------------------------------------------------------------------------
    0       O            :        0.000000        0.000000       -2.043779
    1      Cl            :        0.000000        0.000000        0.922334
---------------------------------------------------------------------------
 Center of mass          :        0.000000        0.000000        0.000000
===========================================================================


===========================================================================
                         Molecular Energy (final)
---------------------------------------------------------------------------
 Kinetic energy          :            (au)                534.336434970828
 E-N energy              :            (au)              -1363.561696695398
 Coulomb energy          :            (au)                284.734526024852
 Exchange energy         :            (au)                  0.000000000000
 X-C energy              :            (au)                -36.480577546702
 Ext. field (el)         :            (au)                  0.000000000000
---------------------------------------------------------------------------
 N-N energy              :            (au)                 45.851239745543
 Ext. field (nuc)        :            (au)                  0.000000000000
---------------------------------------------------------------------------
 Electronic energy       :            (au)               -580.971313246420
 Nuclear energy          :            (au)                 45.851239745543
---------------------------------------------------------------------------
 Total energy            :            (au)             -5.351200735009e+02
                         :      (kcal/mol)             -3.357929131738e+05
                         :        (kJ/mol)             -1.404957549631e+06
                         :            (eV)             -1.456135836802e+04
===========================================================================


===========================================================================
                         Orbital Energies (final)
---------------------------------------------------------------------------
    n  Occ Spin          :                                         Epsilon
---------------------------------------------------------------------------
    0    1    a          :            (au)               -100.756292569507
    1    1    a          :            (au)                -18.840537810456
    2    1    a          :            (au)                 -9.265915826448
    3    1    a          :            (au)                 -7.090217862930
    4    1    a          :            (au)                 -7.084453509374
    5    1    a          :            (au)                 -7.075282597658
    6    1    a          :            (au)                 -1.011226508697
    7    1    a          :            (au)                 -0.723690684630
    8    1    a          :            (au)                 -0.449507151124
    9    1    a          :            (au)                 -0.430255584671
   10    1    a          :            (au)                 -0.397113615171
   11    1    a          :            (au)                 -0.282513491375
   12    1    a          :            (au)                 -0.243189797726
   13    1    b          :            (au)               -100.754151894195
   14    1    b          :            (au)                -18.824292151733
   15    1    b          :            (au)                 -9.263924153573
   16    1    b          :            (au)                 -7.089207990608
   17    1    b          :            (au)                 -7.078202725359
   18    1    b          :            (au)                 -7.074063600392
   19    1    b          :            (au)                 -0.987017316733
   20    1    b          :            (au)                 -0.698897650653
   21    1    b          :            (au)                 -0.434306084619
   22    1    b          :            (au)                 -0.389824366050
   23    1    b          :            (au)                 -0.387041177238
   24    1    b          :            (au)                 -0.231340087140
---------------------------------------------------------------------------
 Sum occupied            :            (au)               -306.862466208061
===========================================================================


===========================================================================
                           Dipole Moment (dip-1)
---------------------------------------------------------------------------
 r_O                     :        0.000000        0.000000        0.000000
---------------------------------------------------------------------------
 Electronic vector       :       -0.000000       -0.000005        1.199127
 Magnitude               :            (au)                        1.199127
                         :         (Debye)                        3.047877
---------------------------------------------------------------------------
 Nuclear vector          :        0.000000        0.000000       -0.670551
 Magnitude               :            (au)                        0.670551
                         :         (Debye)                        1.704370
---------------------------------------------------------------------------
 Total vector            :       -0.000000       -0.000005        0.528576
 Magnitude               :            (au)                        0.528576
                         :         (Debye)                        1.343507
===========================================================================


                                                                           
                                                                           
***************************************************************************
***                                                                     ***
***                            Exiting MRChem                           ***
***                                                                     ***
***                       Wall time :  0h 31m 11s                       ***
***                                                                     ***
***************************************************************************
                                                                           
                                                                           
