Starting job 5688397 on c2-[30-31,47-48],c10-5 at Fri May 20 10:49:41 CEST 2022

Copying cl_7_pbe0_.out to /cluster/home/ambr/projects/psp/row3/calcs/doublets
Copying cl_7_pbe0_.json to /cluster/home/ambr/projects/psp/row3/calcs/doublets

Task and CPU usage stats:
JobID           JobName  AllocCPUS   NTasks     MinCPU MinCPUTask     AveCPU    Elapsed ExitCode 
------------ ---------- ---------- -------- ---------- ---------- ---------- ---------- -------- 
5688397      cl_7_pbe0_        180                                             00:53:45      0:0 
5688397.bat+      batch         36        1   00:00:03          0   00:00:03   00:53:45      0:0 
5688397.ext+     extern        180        5   00:00:00          4   00:00:00   00:53:45      0:0 
5688397.0      mrchem.x        180       30   00:53:28         29   02:26:37   00:53:33      0:0 

Memory usage stats:
JobID            MaxRSS MaxRSSTask     AveRSS MaxPages   MaxPagesTask   AvePages 
------------ ---------- ---------- ---------- -------- -------------- ---------- 
5688397                                                                          
5688397.bat+     19280K          0     19280K        0              0          0 
5688397.ext+          0          4          0        0              4          0 
5688397.0     13106036K         29 5630217420        0             21          0 

Disk usage stats:
JobID         MaxDiskRead MaxDiskReadTask    AveDiskRead MaxDiskWrite MaxDiskWriteTask   AveDiskWrite 
------------ ------------ --------------- -------------- ------------ ---------------- -------------- 
5688397                                                                                               
5688397.bat+       16.90M               0         16.90M        0.03M                0          0.03M 
5688397.ext+        0.00M               4          0.00M            0                4              0 
5688397.0           7.32M              26          6.85M      125.81M                1         71.03M 

Job 5688397 completed at Fri May 20 11:43:27 CEST 2022
