Starting job 3255844 on c11-[5,10,19] at Tue Aug 10 15:30:26 CEST 2021

Copying cl_7_pbe_.out to /cluster/home/ambr/projects/psp/row3/calcs/doublets
Copying cl_7_pbe_.json to /cluster/home/ambr/projects/psp/row3/calcs/doublets

Task and CPU usage stats:
       JobID    JobName  AllocCPUS   NTasks     MinCPU MinCPUTask     AveCPU    Elapsed ExitCode 
------------ ---------- ---------- -------- ---------- ---------- ---------- ---------- -------- 
3255844       cl_7_pbe_        120                                             00:44:09      1:0 
3255844.bat+      batch         42        1   00:00:01          0   00:00:01   00:44:09      1:0 
3255844.ext+     extern        120        3   00:00:00          2   00:00:00   00:44:09      0:0 
3255844.0      mrchem.x        120       20   00:44:03         19   02:29:53   00:44:04      0:0 

Memory usage stats:
       JobID     MaxRSS MaxRSSTask     AveRSS MaxPages   MaxPagesTask   AvePages 
------------ ---------- ---------- ---------- -------- -------------- ---------- 
3255844                                                                          
3255844.bat+     14232K          0     14232K        0              0          0 
3255844.ext+          0          2          0        0              2          0 
3255844.0      6677712K          7 5288015462        0             19          0 

Disk usage stats:
       JobID  MaxDiskRead MaxDiskReadTask    AveDiskRead MaxDiskWrite MaxDiskWriteTask   AveDiskWrite 
------------ ------------ --------------- -------------- ------------ ---------------- -------------- 
3255844                                                                                               
3255844.bat+        3.73M               0          3.73M        0.02M                0          0.02M 
3255844.ext+        0.00M               2          0.00M            0                2              0 
3255844.0           2.67M               0          2.66M      139.27M                7         85.37M 

Job 3255844 completed at Tue Aug 10 16:14:36 CEST 2021
