                                                                           
                                                                           
***************************************************************************
***                                                                     ***
***                                                                     ***
***          __  __ ____   ____ _                                       ***
***         |  \/  |  _ \ / ___| |__   ___ _ __ ___                     ***
***         | |\/| | |_) | |   | '_ \ / _ \ '_ ` _ \                    ***
***         | |  | |  _ <| |___| | | |  __/ | | | | |                   ***
***         |_|  |_|_| \_\\____|_| |_|\___|_| |_| |_|                   ***
***                                                                     ***
***         VERSION            1.0.1                                    ***
***                                                                     ***
***         Git branch         HEAD                                     ***
***         Git commit hash    9309e3e1e52e5319b766-dirty               ***
***         Git commit author  Stig Rune Jensen                         ***
***         Git commit date    Fri Dec 4 16:08:55 2020 +0100            ***
***                                                                     ***
***         Contact: luca.frediani@uit.no                               ***
***                                                                     ***
***         Radovan Bast            Magnar Bjorgve                      ***
***         Roberto Di Remigio      Antoine Durdek                      ***
***         Luca Frediani           Gabriel Gerez                       ***
***         Stig Rune Jensen        Jonas Juselius                      ***
***         Rune Monstad            Peter Wind                          ***
***                                                                     ***
***************************************************************************

---------------------------------------------------------------------------

 MPI processes           :        (1 bank)                              20
 OpenMP threads          :                                               6
 Total cores             :                                             120
                                                                           
---------------------------------------------------------------------------

XCFun DFT library Copyright 2009-2020 Ulf Ekstrom and contributors.
See http://dftlibs.org/xcfun/ for more information.

This is free software; see the source code for copying conditions.
There is ABSOLUTELY NO WARRANTY; not even for MERCHANTABILITY or
FITNESS FOR A PARTICULAR PURPOSE. For details see the documentation.
Scientific users of this library should cite
U. Ekstrom, L. Visscher, R. Bast, A. J. Thorvaldsen and K. Ruud;
J.Chem.Theor.Comp. 2010, DOI: 10.1021/ct100117s

---------------------------------------------------------------------------

 MRCPP version         : 1.3.6
 Git branch            : HEAD
 Git commit hash       : 9309e3e1e52e5319b766-dirty
 Git commit author     : Stig Rune Jensen
 Git commit date       : Fri Dec 4 16:08:55 2020 +0100

 Linear algebra        : EIGEN v3.3.7
 Parallelization       : MPI/OpenMP (6 threads)

---------------------------------------------------------------------------


                                                                           
===========================================================================
                         MultiResolution Analysis
---------------------------------------------------------------------------
 polynomial order      : 9
 polynomial type       : Interpolating
---------------------------------------------------------------------------
 total boxes           : 8
 boxes                 : [          2           2           2 ]
 unit lengths          : [   32.00000    32.00000    32.00000 ]
 scaling factor        : [    1.00000     1.00000     1.00000 ]
 lower bounds          : [  -32.00000   -32.00000   -32.00000 ]
 upper bounds          : [   32.00000    32.00000    32.00000 ]
 total length          : [   64.00000    64.00000    64.00000 ]
===========================================================================


                                                                           
***************************************************************************
***                                                                     ***
***                        Initializing Molecule                        ***
***                                                                     ***
***************************************************************************
                                                                           
                                                                           
===========================================================================
                                 Molecule
---------------------------------------------------------------------------
 Charge                  :                                               0
 Multiplicity            :                                               2
---------------------------------------------------------------------------
    N    Atom            :               x               y               z
---------------------------------------------------------------------------
    0      Cl            :        0.000000        0.000000        0.684104
    1       O            :        0.000000        2.381055       -0.757946
    2       O            :        0.000000       -2.381055       -0.757946
---------------------------------------------------------------------------
 Center of mass          :        0.000000        0.000000       -0.000000
===========================================================================


                                                                           
***************************************************************************
***                                                                     ***
***                 Computing Ground State Wavefunction                 ***
***                                                                     ***
***************************************************************************
                                                                           
                                                                           
~~~~~~~~~~~~~~~~~~~~~~~~~~~~~~~~~~~~~~~~~~~~~~~~~~~~~~~~~~~~~~~~~~~~~~~~~~~
 Calculation             : Compute initial orbitals
 Method                  : Diagonalize SAD Hamiltonian
 Precision               : 1.00000e-04
 Restricted              : False
 Functional              : LDA (SVWN5)
 AO basis                : Hydrogenic orbitals
 Zeta quality            : 2
~~~~~~~~~~~~~~~~~~~~~~~~~~~~~~~~~~~~~~~~~~~~~~~~~~~~~~~~~~~~~~~~~~~~~~~~~~~


===========================================================================
                            Molecular Orbitals
---------------------------------------------------------------------------
 Alpha electrons         :                                              17
 Beta electrons          :                                              16
 Total electrons         :                                              33
---------------------------------------------------------------------------
    n  Occ Spin          :                                            Norm
---------------------------------------------------------------------------
    0    1    a          :                              9.999998218485e-01
    1    1    a          :                              9.999998721024e-01
    2    1    a          :                              9.999999058229e-01
    3    1    a          :                              1.000000010161e+00
    4    1    a          :                              9.999999999559e-01
    5    1    a          :                              1.000000275503e+00
    6    1    a          :                              9.999998566644e-01
    7    1    a          :                              1.000000530748e+00
    8    1    a          :                              9.999997733929e-01
    9    1    a          :                              1.000000219201e+00
   10    1    a          :                              1.000000984199e+00
   11    1    a          :                              1.000000727954e+00
   12    1    a          :                              9.999999468730e-01
   13    1    a          :                              1.000000911117e+00
   14    1    a          :                              9.999984808500e-01
   15    1    a          :                              1.000004018392e+00
   16    1    a          :                              1.000000762553e+00
   17    1    b          :                              1.000000030269e+00
   18    1    b          :                              9.999999018458e-01
   19    1    b          :                              9.999989628818e-01
   20    1    b          :                              1.000000010161e+00
   21    1    b          :                              9.999999999559e-01
   22    1    b          :                              1.000000275505e+00
   23    1    b          :                              9.999998566648e-01
   24    1    b          :                              1.000000530729e+00
   25    1    b          :                              9.999997734855e-01
   26    1    b          :                              1.000000247432e+00
   27    1    b          :                              1.000000983343e+00
   28    1    b          :                              1.000000727974e+00
   29    1    b          :                              9.999999394010e-01
   30    1    b          :                              1.000000911130e+00
   31    1    b          :                              9.999984808614e-01
   32    1    b          :                              1.000004018382e+00
===========================================================================


~~~~~~~~~~~~~~~~~~~~~~~~~~~~~~~~~~~~~~~~~~~~~~~~~~~~~~~~~~~~~~~~~~~~~~~~~~~
 Calculation             : Compute initial energy
 Method                  : DFT (PBE)
 Precision               : 1.00000e-04
 Localization            : On
~~~~~~~~~~~~~~~~~~~~~~~~~~~~~~~~~~~~~~~~~~~~~~~~~~~~~~~~~~~~~~~~~~~~~~~~~~~


===========================================================================
                        Molecular Energy (initial)
---------------------------------------------------------------------------
 Kinetic energy          :            (au)                638.819295393450
 E-N energy              :            (au)              -1703.290164983568
 Coulomb energy          :            (au)                392.370140800200
 Exchange energy         :            (au)                  0.000000000000
 X-C energy              :            (au)                -46.527076571170
 Ext. field (el)         :            (au)                  0.000000000000
---------------------------------------------------------------------------
 N-N energy              :            (au)                111.151454098935
 Ext. field (nuc)        :            (au)                  0.000000000000
---------------------------------------------------------------------------
 Electronic energy       :            (au)               -718.627805361088
 Nuclear energy          :            (au)                111.151454098935
---------------------------------------------------------------------------
 Total energy            :            (au)             -6.074763512622e+02
                         :      (kcal/mol)             -3.811971626106e+05
                         :        (kJ/mol)             -1.594928929398e+06
                         :            (eV)             -1.653027290296e+04
===========================================================================


===========================================================================
                        Orbital Energies (initial)
---------------------------------------------------------------------------
    n  Occ Spin          :                                         Epsilon
---------------------------------------------------------------------------
    0    1    a          :            (au)               -100.645190806166
    1    1    a          :            (au)                -17.904739609980
    2    1    a          :            (au)                -17.795512806577
    3    1    a          :            (au)                 -9.450200165392
    4    1    a          :            (au)                 -7.304682919874
    5    1    a          :            (au)                 -7.295462058559
    6    1    a          :            (au)                 -7.294497851749
    7    1    a          :            (au)                 -1.068268496581
    8    1    a          :            (au)                 -0.745937197269
    9    1    a          :            (au)                 -0.478928889541
   10    1    a          :            (au)                 -0.408755088918
   11    1    a          :            (au)                 -0.098010667945
   12    1    a          :            (au)                 -0.049729448335
   13    1    a          :            (au)                  0.081956846939
   14    1    a          :            (au)                  0.099334863149
   15    1    a          :            (au)                  0.132670751777
   16    1    a          :            (au)                  0.159982164743
   17    1    b          :            (au)               -100.635813646594
   18    1    b          :            (au)                -17.901770151487
   19    1    b          :            (au)                -17.792386135378
   20    1    b          :            (au)                 -9.440748668361
   21    1    b          :            (au)                 -7.298927554971
   22    1    b          :            (au)                 -7.289716147680
   23    1    b          :            (au)                 -7.267802088205
   24    1    b          :            (au)                 -1.035820483597
   25    1    b          :            (au)                 -0.738834059503
   26    1    b          :            (au)                 -0.455592844214
   27    1    b          :            (au)                 -0.091694642133
   28    1    b          :            (au)                 -0.074049759442
   29    1    b          :            (au)                 -0.044533338296
   30    1    b          :            (au)                  0.102626138888
   31    1    b          :            (au)                  0.107191795558
   32    1    b          :            (au)                  0.135452404849
---------------------------------------------------------------------------
 Sum occupied            :            (au)               -339.788390560843
===========================================================================


~~~~~~~~~~~~~~~~~~~~~~~~~~~~~~~~~~~~~~~~~~~~~~~~~~~~~~~~~~~~~~~~~~~~~~~~~~~
 Calculation             : Optimize ground state orbitals
 Method                  : DFT (PBE)
 Checkpointing           : Off
 Max iterations          : 200
 KAIN solver             : 10
 Localization            : First two iterations
 Diagonalization         : Off
 Start precision         : 1.00000e-06
 Final precision         : 1.00000e-06
 Helmholtz precision     : Dynamic
 Energy threshold        : 1.00000e-06
 Orbital threshold       : 5.00000e-05
~~~~~~~~~~~~~~~~~~~~~~~~~~~~~~~~~~~~~~~~~~~~~~~~~~~~~~~~~~~~~~~~~~~~~~~~~~~


===========================================================================
 Iter           MO residual             Total energy                Update
---------------------------------------------------------------------------
    0          5.744563e+00        -607.476351262153         -6.074764e+02
    1          1.389834e+00        -609.455737996431         -1.979387e+00
    2          6.814119e-01        -610.116868269266         -6.611303e-01
    3          2.111147e-01        -610.203702296508         -8.683403e-02
    4          1.297161e-01        -610.232782621930         -2.908033e-02
    5          1.047178e-01        -610.252889805319         -2.010718e-02
    6          4.985937e-02        -610.258420227907         -5.530423e-03
    7          4.290213e-02        -610.261805326693         -3.385099e-03
    8          2.660081e-02        -610.262974359714         -1.169033e-03
    9          2.003823e-02        -610.263547568837         -5.732091e-04
   10          1.633569e-02        -610.263878274648         -3.307058e-04
   11          1.384326e-02        -610.264050953972         -1.726793e-04
   12          6.922217e-03        -610.264106470178         -5.551621e-05
   13          2.656250e-03        -610.264123046493         -1.657631e-05
   14          1.906457e-03        -610.264131531988         -8.485495e-06
   15          1.361005e-03        -610.264134661707         -3.129719e-06
   16          1.056560e-03        -610.264136135466         -1.473759e-06
   17          6.607112e-04        -610.264136919789         -7.843225e-07
   18          7.371432e-04        -610.264137440462         -5.206734e-07
   19          4.353185e-04        -610.264137654449         -2.139871e-07
   20          3.244145e-04        -610.264137762701         -1.082515e-07
   21          2.033154e-04        -610.264137820953         -5.825223e-08
   22          1.600361e-04        -610.264137851815         -3.086234e-08
   23          1.599263e-04        -610.264137876094         -2.427873e-08
   24          1.786616e-04        -610.264137901159         -2.506545e-08
   25          1.809982e-04        -610.264137920417         -1.925810e-08
   26          7.689079e-05        -610.264137926226         -5.808715e-09
---------------------------------------------------------------------------
                      SCF converged in 26 iterations!
===========================================================================


                                                                           
***************************************************************************
***                                                                     ***
***                    Printing Molecular Properties                    ***
***                                                                     ***
***************************************************************************
                                                                           
                                                                           
===========================================================================
                                 Molecule
---------------------------------------------------------------------------
 Charge                  :                                               0
 Multiplicity            :                                               2
---------------------------------------------------------------------------
    N    Atom            :               x               y               z
---------------------------------------------------------------------------
    0      Cl            :        0.000000        0.000000        0.684104
    1       O            :        0.000000        2.381055       -0.757946
    2       O            :        0.000000       -2.381055       -0.757946
---------------------------------------------------------------------------
 Center of mass          :        0.000000        0.000000       -0.000000
===========================================================================


===========================================================================
                         Molecular Energy (final)
---------------------------------------------------------------------------
 Kinetic energy          :            (au)                609.315840602538
 E-N energy              :            (au)              -1670.706873825075
 Coulomb energy          :            (au)                385.023863754118
 Exchange energy         :            (au)                  0.000000000000
 X-C energy              :            (au)                -45.048422556742
 Ext. field (el)         :            (au)                  0.000000000000
---------------------------------------------------------------------------
 N-N energy              :            (au)                111.151454098935
 Ext. field (nuc)        :            (au)                  0.000000000000
---------------------------------------------------------------------------
 Electronic energy       :            (au)               -721.415592025161
 Nuclear energy          :            (au)                111.151454098935
---------------------------------------------------------------------------
 Total energy            :            (au)             -6.102641379262e+02
                         :      (kcal/mol)             -3.829465251398e+05
                         :        (kJ/mol)             -1.602248262225e+06
                         :            (eV)             -1.660613243932e+04
===========================================================================


===========================================================================
                         Orbital Energies (final)
---------------------------------------------------------------------------
    n  Occ Spin          :                                         Epsilon
---------------------------------------------------------------------------
    0    1    a          :            (au)               -100.867822139932
    1    1    a          :            (au)                -18.824166195688
    2    1    a          :            (au)                -18.824152632303
    3    1    a          :            (au)                 -9.362307829733
    4    1    a          :            (au)                 -7.184856092709
    5    1    a          :            (au)                 -7.179784208322
    6    1    a          :            (au)                 -7.178936069675
    7    1    a          :            (au)                 -1.121018462905
    8    1    a          :            (au)                 -0.991525360306
    9    1    a          :            (au)                 -0.684355965507
   10    1    a          :            (au)                 -0.502429711052
   11    1    a          :            (au)                 -0.492453618561
   12    1    a          :            (au)                 -0.488893619947
   13    1    a          :            (au)                 -0.354149471797
   14    1    a          :            (au)                 -0.325680706270
   15    1    a          :            (au)                 -0.325485270795
   16    1    a          :            (au)                 -0.231277631394
   17    1    b          :            (au)               -100.865326495262
   18    1    b          :            (au)                -18.816069169319
   19    1    b          :            (au)                -18.816062459239
   20    1    b          :            (au)                 -9.359980215612
   21    1    b          :            (au)                 -7.183476408617
   22    1    b          :            (au)                 -7.178442670772
   23    1    b          :            (au)                 -7.171783820502
   24    1    b          :            (au)                 -1.110336477324
   25    1    b          :            (au)                 -0.978037346227
   26    1    b          :            (au)                 -0.664204878618
   27    1    b          :            (au)                 -0.485042374185
   28    1    b          :            (au)                 -0.478962173110
   29    1    b          :            (au)                 -0.475358238122
   30    1    b          :            (au)                 -0.319194599497
   31    1    b          :            (au)                 -0.318460839633
   32    1    b          :            (au)                 -0.316346897435
---------------------------------------------------------------------------
 Sum occupied            :            (au)               -349.476380050369
===========================================================================


===========================================================================
                           Dipole Moment (dip-1)
---------------------------------------------------------------------------
 r_O                     :        0.000000        0.000000        0.000000
---------------------------------------------------------------------------
 Electronic vector       :        0.000001       -0.000054        1.154248
 Magnitude               :            (au)                        1.154248
                         :         (Debye)                        2.933806
---------------------------------------------------------------------------
 Nuclear vector          :        0.000000        0.000000       -0.497354
 Magnitude               :            (au)                        0.497354
                         :         (Debye)                        1.264148
---------------------------------------------------------------------------
 Total vector            :        0.000001       -0.000054        0.656894
 Magnitude               :            (au)                        0.656894
                         :         (Debye)                        1.669659
===========================================================================


                                                                           
                                                                           
***************************************************************************
***                                                                     ***
***                            Exiting MRChem                           ***
***                                                                     ***
***                       Wall time :  0h 44m  2s                       ***
***                                                                     ***
***************************************************************************
                                                                           
                                                                           
