                                                                           
                                                                           
***************************************************************************
***                                                                     ***
***                                                                     ***
***          __  __ ____   ____ _                                       ***
***         |  \/  |  _ \ / ___| |__   ___ _ __ ___                     ***
***         | |\/| | |_) | |   | '_ \ / _ \ '_ ` _ \                    ***
***         | |  | |  _ <| |___| | | |  __/ | | | | |                   ***
***         |_|  |_|_| \_\\____|_| |_|\___|_| |_| |_|                   ***
***                                                                     ***
***         VERSION            1.0.1                                    ***
***                                                                     ***
***         Git branch         HEAD                                     ***
***         Git commit hash    9309e3e1e52e5319b766-dirty               ***
***         Git commit author  Stig Rune Jensen                         ***
***         Git commit date    Fri Dec 4 16:08:55 2020 +0100            ***
***                                                                     ***
***         Contact: luca.frediani@uit.no                               ***
***                                                                     ***
***         Radovan Bast            Magnar Bjorgve                      ***
***         Roberto Di Remigio      Antoine Durdek                      ***
***         Luca Frediani           Gabriel Gerez                       ***
***         Stig Rune Jensen        Jonas Juselius                      ***
***         Rune Monstad            Peter Wind                          ***
***                                                                     ***
***************************************************************************

---------------------------------------------------------------------------

 MPI processes           :        (1 bank)                              20
 OpenMP threads          :                                               6
 Total cores             :                                             120
                                                                           
---------------------------------------------------------------------------

XCFun DFT library Copyright 2009-2020 Ulf Ekstrom and contributors.
See http://dftlibs.org/xcfun/ for more information.

This is free software; see the source code for copying conditions.
There is ABSOLUTELY NO WARRANTY; not even for MERCHANTABILITY or
FITNESS FOR A PARTICULAR PURPOSE. For details see the documentation.
Scientific users of this library should cite
U. Ekstrom, L. Visscher, R. Bast, A. J. Thorvaldsen and K. Ruud;
J.Chem.Theor.Comp. 2010, DOI: 10.1021/ct100117s

---------------------------------------------------------------------------

 MRCPP version         : 1.3.6
 Git branch            : HEAD
 Git commit hash       : 9309e3e1e52e5319b766-dirty
 Git commit author     : Stig Rune Jensen
 Git commit date       : Fri Dec 4 16:08:55 2020 +0100

 Linear algebra        : EIGEN v3.3.7
 Parallelization       : MPI/OpenMP (6 threads)

---------------------------------------------------------------------------


                                                                           
===========================================================================
                         MultiResolution Analysis
---------------------------------------------------------------------------
 polynomial order      : 9
 polynomial type       : Interpolating
---------------------------------------------------------------------------
 total boxes           : 8
 boxes                 : [          2           2           2 ]
 unit lengths          : [   32.00000    32.00000    32.00000 ]
 scaling factor        : [    1.00000     1.00000     1.00000 ]
 lower bounds          : [  -32.00000   -32.00000   -32.00000 ]
 upper bounds          : [   32.00000    32.00000    32.00000 ]
 total length          : [   64.00000    64.00000    64.00000 ]
===========================================================================


                                                                           
***************************************************************************
***                                                                     ***
***                        Initializing Molecule                        ***
***                                                                     ***
***************************************************************************
                                                                           
                                                                           
===========================================================================
                                 Molecule
---------------------------------------------------------------------------
 Charge                  :                                               0
 Multiplicity            :                                               1
---------------------------------------------------------------------------
    N    Atom            :               x               y               z
---------------------------------------------------------------------------
    0      Li            :        0.000000        0.000000       -3.193840
    1      Cl            :        0.000000        0.000000        0.625296
---------------------------------------------------------------------------
 Center of mass          :        0.000000        0.000000       -0.000000
===========================================================================


                                                                           
***************************************************************************
***                                                                     ***
***                 Computing Ground State Wavefunction                 ***
***                                                                     ***
***************************************************************************
                                                                           
                                                                           
~~~~~~~~~~~~~~~~~~~~~~~~~~~~~~~~~~~~~~~~~~~~~~~~~~~~~~~~~~~~~~~~~~~~~~~~~~~
 Calculation             : Compute initial orbitals
 Method                  : Diagonalize SAD Hamiltonian
 Precision               : 1.00000e-04
 Restricted              : False
 Functional              : LDA (SVWN5)
 AO basis                : Hydrogenic orbitals
 Zeta quality            : 2
~~~~~~~~~~~~~~~~~~~~~~~~~~~~~~~~~~~~~~~~~~~~~~~~~~~~~~~~~~~~~~~~~~~~~~~~~~~


===========================================================================
                            Molecular Orbitals
---------------------------------------------------------------------------
 Alpha electrons         :                                              10
 Beta electrons          :                                              10
 Total electrons         :                                              20
---------------------------------------------------------------------------
    n  Occ Spin          :                                            Norm
---------------------------------------------------------------------------
    0    1    a          :                              9.999999734675e-01
    1    1    a          :                              9.999999995126e-01
    2    1    a          :                              1.000000000585e+00
    3    1    a          :                              1.000000001438e+00
    4    1    a          :                              1.000000000000e+00
    5    1    a          :                              9.999999726927e-01
    6    1    a          :                              9.999971942600e-01
    7    1    a          :                              9.999998707303e-01
    8    1    a          :                              9.999999687576e-01
    9    1    a          :                              9.999999963642e-01
   10    1    b          :                              9.999999759979e-01
   11    1    b          :                              9.999999995126e-01
   12    1    b          :                              1.000000000585e+00
   13    1    b          :                              1.000000001438e+00
   14    1    b          :                              1.000000000000e+00
   15    1    b          :                              9.999999726848e-01
   16    1    b          :                              9.999971932108e-01
   17    1    b          :                              9.999998683984e-01
   18    1    b          :                              9.999999685417e-01
   19    1    b          :                              9.999999969376e-01
===========================================================================


~~~~~~~~~~~~~~~~~~~~~~~~~~~~~~~~~~~~~~~~~~~~~~~~~~~~~~~~~~~~~~~~~~~~~~~~~~~
 Calculation             : Compute initial energy
 Method                  : DFT (PBE)
 Precision               : 1.00000e-04
 Localization            : On
~~~~~~~~~~~~~~~~~~~~~~~~~~~~~~~~~~~~~~~~~~~~~~~~~~~~~~~~~~~~~~~~~~~~~~~~~~~


===========================================================================
                        Molecular Energy (initial)
---------------------------------------------------------------------------
 Kinetic energy          :            (au)                488.956766882427
 E-N energy              :            (au)              -1162.553017058849
 Coulomb energy          :            (au)                225.460334092782
 Exchange energy         :            (au)                  0.000000000000
 X-C energy              :            (au)                -30.493172119385
 Ext. field (el)         :            (au)                  0.000000000000
---------------------------------------------------------------------------
 N-N energy              :            (au)                 13.353804894287
 Ext. field (nuc)        :            (au)                  0.000000000000
---------------------------------------------------------------------------
 Electronic energy       :            (au)               -478.629088203026
 Nuclear energy          :            (au)                 13.353804894287
---------------------------------------------------------------------------
 Total energy            :            (au)             -4.652752833087e+02
                         :      (kcal/mol)             -2.919646459679e+05
                         :        (kJ/mol)             -1.221580079522e+06
                         :            (eV)             -1.266078488836e+04
===========================================================================


===========================================================================
                        Orbital Energies (initial)
---------------------------------------------------------------------------
    n  Occ Spin          :                                         Epsilon
---------------------------------------------------------------------------
    0    1    a          :            (au)                -99.848435976699
    1    1    a          :            (au)                 -8.802841729380
    2    1    a          :            (au)                 -6.642818056776
    3    1    a          :            (au)                 -6.638566609266
    4    1    a          :            (au)                 -6.633231783819
    5    1    a          :            (au)                 -1.687647890752
    6    1    a          :            (au)                 -0.616945118316
    7    1    a          :            (au)                 -0.063896708265
    8    1    a          :            (au)                 -0.056539807864
    9    1    a          :            (au)                 -0.049647205796
   10    1    b          :            (au)                -99.848441090260
   11    1    b          :            (au)                 -8.802841873228
   12    1    b          :            (au)                 -6.642818545437
   13    1    b          :            (au)                 -6.638566971986
   14    1    b          :            (au)                 -6.633233165152
   15    1    b          :            (au)                 -1.687646868786
   16    1    b          :            (au)                 -0.616947482440
   17    1    b          :            (au)                 -0.063892394274
   18    1    b          :            (au)                 -0.056539353504
   19    1    b          :            (au)                 -0.049646496067
---------------------------------------------------------------------------
 Sum occupied            :            (au)               -262.081145128067
===========================================================================


~~~~~~~~~~~~~~~~~~~~~~~~~~~~~~~~~~~~~~~~~~~~~~~~~~~~~~~~~~~~~~~~~~~~~~~~~~~
 Calculation             : Optimize ground state orbitals
 Method                  : DFT (PBE)
 Checkpointing           : Off
 Max iterations          : 200
 KAIN solver             : 10
 Localization            : First two iterations
 Diagonalization         : Off
 Start precision         : 1.00000e-06
 Final precision         : 1.00000e-06
 Helmholtz precision     : Dynamic
 Energy threshold        : 1.00000e-06
 Orbital threshold       : 5.00000e-05
~~~~~~~~~~~~~~~~~~~~~~~~~~~~~~~~~~~~~~~~~~~~~~~~~~~~~~~~~~~~~~~~~~~~~~~~~~~


===========================================================================
 Iter           MO residual             Total energy                Update
---------------------------------------------------------------------------
    0          4.472136e+00        -465.275283308738         -4.652753e+02
    1          1.218661e+00        -467.237154895100         -1.961872e+00
    2          6.579581e-01        -467.580926787125         -3.437719e-01
    3          1.355131e-01        -467.605367552802         -2.444077e-02
    4          6.351321e-02        -467.610538612713         -5.171060e-03
    5          2.895808e-02        -467.612351181685         -1.812569e-03
    6          1.044408e-02        -467.612490354165         -1.391725e-04
    7          2.915223e-03        -467.612500534410         -1.018025e-05
    8          7.291319e-04        -467.612502971210         -2.436800e-06
    9          3.444184e-04        -467.612503596217         -6.250066e-07
   10          2.185296e-04        -467.612503687487         -9.127035e-08
   11          6.137889e-05        -467.612503712094         -2.460706e-08
---------------------------------------------------------------------------
                      SCF converged in 11 iterations!
===========================================================================


                                                                           
***************************************************************************
***                                                                     ***
***                    Printing Molecular Properties                    ***
***                                                                     ***
***************************************************************************
                                                                           
                                                                           
===========================================================================
                                 Molecule
---------------------------------------------------------------------------
 Charge                  :                                               0
 Multiplicity            :                                               1
---------------------------------------------------------------------------
    N    Atom            :               x               y               z
---------------------------------------------------------------------------
    0      Li            :        0.000000        0.000000       -3.193840
    1      Cl            :        0.000000        0.000000        0.625296
---------------------------------------------------------------------------
 Center of mass          :        0.000000        0.000000       -0.000000
===========================================================================


===========================================================================
                         Molecular Energy (final)
---------------------------------------------------------------------------
 Kinetic energy          :            (au)                466.983410684280
 E-N energy              :            (au)              -1140.624987875385
 Coulomb energy          :            (au)                222.641429779836
 Exchange energy         :            (au)                  0.000000000000
 X-C energy              :            (au)                -29.966161195111
 Ext. field (el)         :            (au)                  0.000000000000
---------------------------------------------------------------------------
 N-N energy              :            (au)                 13.353804894287
 Ext. field (nuc)        :            (au)                  0.000000000000
---------------------------------------------------------------------------
 Electronic energy       :            (au)               -480.966308606381
 Nuclear energy          :            (au)                 13.353804894287
---------------------------------------------------------------------------
 Total energy            :            (au)             -4.676125037121e+02
                         :      (kcal/mol)             -2.934312739021e+05
                         :        (kJ/mol)             -1.227716450803e+06
                         :            (eV)             -1.272438389270e+04
===========================================================================


===========================================================================
                         Orbital Energies (final)
---------------------------------------------------------------------------
    n  Occ Spin          :                                         Epsilon
---------------------------------------------------------------------------
    0    1    a          :            (au)               -100.562882271911
    1    1    a          :            (au)                 -9.079503976031
    2    1    a          :            (au)                 -6.896220967018
    3    1    a          :            (au)                 -6.895640437826
    4    1    a          :            (au)                 -6.895640395701
    5    1    a          :            (au)                 -1.897073138265
    6    1    a          :            (au)                 -0.643467793736
    7    1    a          :            (au)                 -0.237400586516
    8    1    a          :            (au)                 -0.215990557910
    9    1    a          :            (au)                 -0.215990457621
   10    1    b          :            (au)               -100.562882271976
   11    1    b          :            (au)                 -9.079503976044
   12    1    b          :            (au)                 -6.896220967057
   13    1    b          :            (au)                 -6.895640437866
   14    1    b          :            (au)                 -6.895640395726
   15    1    b          :            (au)                 -1.897073138206
   16    1    b          :            (au)                 -0.643467793835
   17    1    b          :            (au)                 -0.237400586515
   18    1    b          :            (au)                 -0.215990557990
   19    1    b          :            (au)                 -0.215990457695
---------------------------------------------------------------------------
 Sum occupied            :            (au)               -267.079621165446
===========================================================================


===========================================================================
                           Dipole Moment (dip-1)
---------------------------------------------------------------------------
 r_O                     :        0.000000        0.000000        0.000000
---------------------------------------------------------------------------
 Electronic vector       :        0.000000        0.000003       -3.741471
 Magnitude               :            (au)                        3.741471
                         :         (Debye)                        9.509870
---------------------------------------------------------------------------
 Nuclear vector          :        0.000000        0.000000        1.048518
 Magnitude               :            (au)                        1.048518
                         :         (Debye)                        2.665066
---------------------------------------------------------------------------
 Total vector            :        0.000000        0.000003       -2.692953
 Magnitude               :            (au)                        2.692953
                         :         (Debye)                        6.844804
===========================================================================


                                                                           
                                                                           
***************************************************************************
***                                                                     ***
***                            Exiting MRChem                           ***
***                                                                     ***
***                       Wall time :  0h 13m 26s                       ***
***                                                                     ***
***************************************************************************
                                                                           
                                                                           
