Starting job 3255846 on c10-26,c11-[22,44,55] at Tue Aug 10 15:32:42 CEST 2021

Copying mg_3_pbe_.out to /cluster/home/ambr/projects/psp/row3/calcs/doublets
Copying mg_3_pbe_.json to /cluster/home/ambr/projects/psp/row3/calcs/doublets

Task and CPU usage stats:
       JobID    JobName  AllocCPUS   NTasks     MinCPU MinCPUTask     AveCPU    Elapsed ExitCode 
------------ ---------- ---------- -------- ---------- ---------- ---------- ---------- -------- 
3255846       mg_3_pbe_        120                                             00:12:19      1:0 
3255846.bat+      batch         36        1   00:00:01          0   00:00:01   00:12:19      1:0 
3255846.ext+     extern        120        4   00:00:00          2   00:00:00   00:12:19      0:0 
3255846.0      mrchem.x        120       20   00:12:14         19   00:41:30   00:12:15      0:0 

Memory usage stats:
       JobID     MaxRSS MaxRSSTask     AveRSS MaxPages   MaxPagesTask   AvePages 
------------ ---------- ---------- ---------- -------- -------------- ---------- 
3255846                                                                          
3255846.bat+     14276K          0     14276K        0              0          0 
3255846.ext+          0          2          0        0              2          0 
3255846.0      3471888K          0 2592404275        0             12          0 

Disk usage stats:
       JobID  MaxDiskRead MaxDiskReadTask    AveDiskRead MaxDiskWrite MaxDiskWriteTask   AveDiskWrite 
------------ ------------ --------------- -------------- ------------ ---------------- -------------- 
3255846                                                                                               
3255846.bat+        3.73M               0          3.73M        0.02M                0          0.02M 
3255846.ext+        0.00M               2          0.00M            0                2              0 
3255846.0           2.67M               0          2.66M      105.98M                0         48.62M 

Job 3255846 completed at Tue Aug 10 15:45:01 CEST 2021
