Starting job 3254941 on c10-27,c11-[3-4] at Tue Aug 10 13:12:06 CEST 2021

Copying mg_5_pbe_.out to /cluster/home/ambr/projects/psp/row3/calcs/singlets
Copying mg_5_pbe_.json to /cluster/home/ambr/projects/psp/row3/calcs/singlets

Task and CPU usage stats:
       JobID    JobName  AllocCPUS   NTasks     MinCPU MinCPUTask     AveCPU    Elapsed ExitCode 
------------ ---------- ---------- -------- ---------- ---------- ---------- ---------- -------- 
3254941       mg_5_pbe_        120                                             00:14:37      1:0 
3254941.bat+      batch         42        1   00:00:01          0   00:00:01   00:14:37      1:0 
3254941.ext+     extern        120        3   00:00:00          0   00:00:00   00:14:37      0:0 
3254941.0      mrchem.x        120       20   00:14:32         19   00:49:46   00:14:34      0:0 

Memory usage stats:
       JobID     MaxRSS MaxRSSTask     AveRSS MaxPages   MaxPagesTask   AvePages 
------------ ---------- ---------- ---------- -------- -------------- ---------- 
3254941                                                                          
3254941.bat+     14240K          0     14240K        0              0          0 
3254941.ext+          0          0          0        0              0          0 
3254941.0      3776616K          0 2716927385        0             19          0 

Disk usage stats:
       JobID  MaxDiskRead MaxDiskReadTask    AveDiskRead MaxDiskWrite MaxDiskWriteTask   AveDiskWrite 
------------ ------------ --------------- -------------- ------------ ---------------- -------------- 
3254941                                                                                               
3254941.bat+        3.73M               0          3.73M        0.02M                0          0.02M 
3254941.ext+        0.00M               0          0.00M            0                0              0 
3254941.0           2.67M               0          2.66M       98.14M                0         45.19M 

Job 3254941 completed at Tue Aug 10 13:26:43 CEST 2021
