                                                                           
                                                                           
***************************************************************************
***                                                                     ***
***                                                                     ***
***          __  __ ____   ____ _                                       ***
***         |  \/  |  _ \ / ___| |__   ___ _ __ ___                     ***
***         | |\/| | |_) | |   | '_ \ / _ \ '_ ` _ \                    ***
***         | |  | |  _ <| |___| | | |  __/ | | | | |                   ***
***         |_|  |_|_| \_\\____|_| |_|\___|_| |_| |_|                   ***
***                                                                     ***
***         VERSION            1.0.1                                    ***
***                                                                     ***
***         Git branch         HEAD                                     ***
***         Git commit hash    9309e3e1e52e5319b766-dirty               ***
***         Git commit author  Stig Rune Jensen                         ***
***         Git commit date    Fri Dec 4 16:08:55 2020 +0100            ***
***                                                                     ***
***         Contact: luca.frediani@uit.no                               ***
***                                                                     ***
***         Radovan Bast            Magnar Bjorgve                      ***
***         Roberto Di Remigio      Antoine Durdek                      ***
***         Luca Frediani           Gabriel Gerez                       ***
***         Stig Rune Jensen        Jonas Juselius                      ***
***         Rune Monstad            Peter Wind                          ***
***                                                                     ***
***************************************************************************

---------------------------------------------------------------------------

 MPI processes           :        (1 bank)                              20
 OpenMP threads          :                                               6
 Total cores             :                                             120
                                                                           
---------------------------------------------------------------------------

XCFun DFT library Copyright 2009-2020 Ulf Ekstrom and contributors.
See http://dftlibs.org/xcfun/ for more information.

This is free software; see the source code for copying conditions.
There is ABSOLUTELY NO WARRANTY; not even for MERCHANTABILITY or
FITNESS FOR A PARTICULAR PURPOSE. For details see the documentation.
Scientific users of this library should cite
U. Ekstrom, L. Visscher, R. Bast, A. J. Thorvaldsen and K. Ruud;
J.Chem.Theor.Comp. 2010, DOI: 10.1021/ct100117s

---------------------------------------------------------------------------

 MRCPP version         : 1.3.6
 Git branch            : HEAD
 Git commit hash       : 9309e3e1e52e5319b766-dirty
 Git commit author     : Stig Rune Jensen
 Git commit date       : Fri Dec 4 16:08:55 2020 +0100

 Linear algebra        : EIGEN v3.3.7
 Parallelization       : MPI/OpenMP (6 threads)

---------------------------------------------------------------------------


                                                                           
===========================================================================
                         MultiResolution Analysis
---------------------------------------------------------------------------
 polynomial order      : 9
 polynomial type       : Interpolating
---------------------------------------------------------------------------
 total boxes           : 8
 boxes                 : [          2           2           2 ]
 unit lengths          : [   32.00000    32.00000    32.00000 ]
 scaling factor        : [    1.00000     1.00000     1.00000 ]
 lower bounds          : [  -32.00000   -32.00000   -32.00000 ]
 upper bounds          : [   32.00000    32.00000    32.00000 ]
 total length          : [   64.00000    64.00000    64.00000 ]
===========================================================================


                                                                           
***************************************************************************
***                                                                     ***
***                        Initializing Molecule                        ***
***                                                                     ***
***************************************************************************
                                                                           
                                                                           
===========================================================================
                                 Molecule
---------------------------------------------------------------------------
 Charge                  :                                               0
 Multiplicity            :                                               1
---------------------------------------------------------------------------
    N    Atom            :               x               y               z
---------------------------------------------------------------------------
    0      Mg            :        0.000000        0.000000       -1.312018
    1       O            :        0.000000        0.000000        1.993112
---------------------------------------------------------------------------
 Center of mass          :        0.000000        0.000000       -0.000000
===========================================================================


                                                                           
***************************************************************************
***                                                                     ***
***                 Computing Ground State Wavefunction                 ***
***                                                                     ***
***************************************************************************
                                                                           
                                                                           
~~~~~~~~~~~~~~~~~~~~~~~~~~~~~~~~~~~~~~~~~~~~~~~~~~~~~~~~~~~~~~~~~~~~~~~~~~~
 Calculation             : Compute initial orbitals
 Method                  : Diagonalize SAD Hamiltonian
 Precision               : 1.00000e-04
 Restricted              : False
 Functional              : LDA (SVWN5)
 AO basis                : Hydrogenic orbitals
 Zeta quality            : 2
~~~~~~~~~~~~~~~~~~~~~~~~~~~~~~~~~~~~~~~~~~~~~~~~~~~~~~~~~~~~~~~~~~~~~~~~~~~


===========================================================================
                            Molecular Orbitals
---------------------------------------------------------------------------
 Alpha electrons         :                                              10
 Beta electrons          :                                              10
 Total electrons         :                                              20
---------------------------------------------------------------------------
    n  Occ Spin          :                                            Norm
---------------------------------------------------------------------------
    0    1    a          :                              9.999996737106e-01
    1    1    a          :                              9.999999949775e-01
    2    1    a          :                              9.999999999787e-01
    3    1    a          :                              1.000000000485e+00
    4    1    a          :                              1.000000011188e+00
    5    1    a          :                              1.000000011280e+00
    6    1    a          :                              9.999999998588e-01
    7    1    a          :                              9.999999998084e-01
    8    1    a          :                              9.999997898459e-01
    9    1    a          :                              9.999997792073e-01
   10    1    b          :                              9.999996737106e-01
   11    1    b          :                              9.999999998459e-01
   12    1    b          :                              9.999999998026e-01
   13    1    b          :                              1.000000000060e+00
   14    1    b          :                              1.000000014644e+00
   15    1    b          :                              1.000000013963e+00
   16    1    b          :                              9.999999999589e-01
   17    1    b          :                              1.000000000228e+00
   18    1    b          :                              9.999997899602e-01
   19    1    b          :                              9.999997793282e-01
===========================================================================


~~~~~~~~~~~~~~~~~~~~~~~~~~~~~~~~~~~~~~~~~~~~~~~~~~~~~~~~~~~~~~~~~~~~~~~~~~~
 Calculation             : Compute initial energy
 Method                  : DFT (PBE)
 Precision               : 1.00000e-04
 Localization            : On
~~~~~~~~~~~~~~~~~~~~~~~~~~~~~~~~~~~~~~~~~~~~~~~~~~~~~~~~~~~~~~~~~~~~~~~~~~~


===========================================================================
                        Molecular Energy (initial)
---------------------------------------------------------------------------
 Kinetic energy          :            (au)                287.971595766897
 E-N energy              :            (au)               -734.583141376709
 Coulomb energy          :            (au)                169.686915107348
 Exchange energy         :            (au)                  0.000000000000
 X-C energy              :            (au)                -25.880973359841
 Ext. field (el)         :            (au)                  0.000000000000
---------------------------------------------------------------------------
 N-N energy              :            (au)                 29.045749507723
 Ext. field (nuc)        :            (au)                  0.000000000000
---------------------------------------------------------------------------
 Electronic energy       :            (au)               -302.805603862304
 Nuclear energy          :            (au)                 29.045749507723
---------------------------------------------------------------------------
 Total energy            :            (au)             -2.737598543546e+02
                         :      (kcal/mol)             -1.717869008396e+05
                         :        (kJ/mol)             -7.187563935792e+05
                         :            (eV)             -7.449384808074e+03
===========================================================================


===========================================================================
                        Orbital Energies (initial)
---------------------------------------------------------------------------
    n  Occ Spin          :                                         Epsilon
---------------------------------------------------------------------------
    0    1    a          :            (au)                -46.281759911289
    1    1    a          :            (au)                -17.085220278808
    2    1    a          :            (au)                 -3.081241033188
    3    1    a          :            (au)                 -1.904419287452
    4    1    a          :            (au)                 -1.904407308002
    5    1    a          :            (au)                 -1.882566241891
    6    1    a          :            (au)                  0.019179372136
    7    1    a          :            (au)                  0.567646594681
    8    1    a          :            (au)                  0.624914189212
    9    1    a          :            (au)                  0.626859258900
   10    1    b          :            (au)                -46.281759927541
   11    1    b          :            (au)                -17.085220314529
   12    1    b          :            (au)                 -3.081241276609
   13    1    b          :            (au)                 -1.904419736284
   14    1    b          :            (au)                 -1.904407897254
   15    1    b          :            (au)                 -1.882568216389
   16    1    b          :            (au)                  0.019184621856
   17    1    b          :            (au)                  0.567644840309
   18    1    b          :            (au)                  0.624914424138
   19    1    b          :            (au)                  0.626859499837
---------------------------------------------------------------------------
 Sum occupied            :            (au)               -140.602028628169
===========================================================================


~~~~~~~~~~~~~~~~~~~~~~~~~~~~~~~~~~~~~~~~~~~~~~~~~~~~~~~~~~~~~~~~~~~~~~~~~~~
 Calculation             : Optimize ground state orbitals
 Method                  : DFT (PBE)
 Checkpointing           : Off
 Max iterations          : 200
 KAIN solver             : 10
 Localization            : First two iterations
 Diagonalization         : Off
 Start precision         : 1.00000e-06
 Final precision         : 1.00000e-06
 Helmholtz precision     : Dynamic
 Energy threshold        : 1.00000e-06
 Orbital threshold       : 5.00000e-05
~~~~~~~~~~~~~~~~~~~~~~~~~~~~~~~~~~~~~~~~~~~~~~~~~~~~~~~~~~~~~~~~~~~~~~~~~~~


===========================================================================
 Iter           MO residual             Total energy                Update
---------------------------------------------------------------------------
    0          4.472136e+00        -273.759854354582         -2.737599e+02
    1          6.751657e-01        -274.836343199785         -1.076489e+00
    2          6.253148e-01        -275.027815985736         -1.914728e-01
    3          3.072227e-01        -275.036222192697         -8.406207e-03
    4          2.488930e-01        -275.066589436380         -3.036724e-02
    5          1.198807e-01        -275.075343189406         -8.753753e-03
    6          6.297534e-02        -275.078398455439         -3.055266e-03
    7          8.191842e-02        -275.079298961475         -9.005060e-04
    8          1.785217e-02        -275.079431374824         -1.324133e-04
    9          1.285368e-02        -275.079465386683         -3.401186e-05
   10          5.026989e-03        -275.079475945730         -1.055905e-05
   11          1.365354e-03        -275.079476869006         -9.232752e-07
   12          2.271500e-04        -275.079476929608         -6.060270e-08
   13          1.456891e-04        -275.079476940800         -1.119150e-08
   14          5.399520e-05        -275.079476942269         -1.468948e-09
---------------------------------------------------------------------------
                      SCF converged in 14 iterations!
===========================================================================


                                                                           
***************************************************************************
***                                                                     ***
***                    Printing Molecular Properties                    ***
***                                                                     ***
***************************************************************************
                                                                           
                                                                           
===========================================================================
                                 Molecule
---------------------------------------------------------------------------
 Charge                  :                                               0
 Multiplicity            :                                               1
---------------------------------------------------------------------------
    N    Atom            :               x               y               z
---------------------------------------------------------------------------
    0      Mg            :        0.000000        0.000000       -1.312018
    1       O            :        0.000000        0.000000        1.993112
---------------------------------------------------------------------------
 Center of mass          :        0.000000        0.000000       -0.000000
===========================================================================


===========================================================================
                         Molecular Energy (final)
---------------------------------------------------------------------------
 Kinetic energy          :            (au)                274.481566422890
 E-N energy              :            (au)               -716.295133196395
 Coulomb energy          :            (au)                162.517439801737
 Exchange energy         :            (au)                  0.000000000000
 X-C energy              :            (au)                -24.829099478223
 Ext. field (el)         :            (au)                  0.000000000000
---------------------------------------------------------------------------
 N-N energy              :            (au)                 29.045749507723
 Ext. field (nuc)        :            (au)                  0.000000000000
---------------------------------------------------------------------------
 Electronic energy       :            (au)               -304.125226449991
 Nuclear energy          :            (au)                 29.045749507723
---------------------------------------------------------------------------
 Total energy            :            (au)             -2.750794769423e+02
                         :      (kcal/mol)             -1.726149765088e+05
                         :        (kJ/mol)             -7.222210621817e+05
                         :            (eV)             -7.485293566429e+03
===========================================================================


===========================================================================
                         Orbital Energies (final)
---------------------------------------------------------------------------
    n  Occ Spin          :                                         Epsilon
---------------------------------------------------------------------------
    0    1    a          :            (au)                -46.228580412143
    1    1    a          :            (au)                -18.666715044414
    2    1    a          :            (au)                 -2.955277753487
    3    1    a          :            (au)                 -1.746417070032
    4    1    a          :            (au)                 -1.746417020119
    5    1    a          :            (au)                 -1.744727083575
    6    1    a          :            (au)                 -0.717376898614
    7    1    a          :            (au)                 -0.223862008130
    8    1    a          :            (au)                 -0.176313730806
    9    1    a          :            (au)                 -0.176313610068
   10    1    b          :            (au)                -46.228580413182
   11    1    b          :            (au)                -18.666714996401
   12    1    b          :            (au)                 -2.955277761783
   13    1    b          :            (au)                 -1.746417079758
   14    1    b          :            (au)                 -1.746417029891
   15    1    b          :            (au)                 -1.744727089132
   16    1    b          :            (au)                 -0.717376779886
   17    1    b          :            (au)                 -0.223861897414
   18    1    b          :            (au)                 -0.176313685187
   19    1    b          :            (au)                 -0.176313568590
---------------------------------------------------------------------------
 Sum occupied            :            (au)               -148.764000932614
===========================================================================


===========================================================================
                           Dipole Moment (dip-1)
---------------------------------------------------------------------------
 r_O                     :        0.000000        0.000000        0.000000
---------------------------------------------------------------------------
 Electronic vector       :        0.000000        0.000000       -2.995868
 Magnitude               :            (au)                        2.995868
                         :         (Debye)                        7.614737
---------------------------------------------------------------------------
 Nuclear vector          :        0.000000        0.000000        0.200681
 Magnitude               :            (au)                        0.200681
                         :         (Debye)                        0.510079
---------------------------------------------------------------------------
 Total vector            :        0.000000        0.000000       -2.795188
 Magnitude               :            (au)                        2.795188
                         :         (Debye)                        7.104658
===========================================================================


                                                                           
                                                                           
***************************************************************************
***                                                                     ***
***                            Exiting MRChem                           ***
***                                                                     ***
***                       Wall time :  0h 14m 31s                       ***
***                                                                     ***
***************************************************************************
                                                                           
                                                                           
