Starting job 3255847 on c10-[48-49,55] at Tue Aug 10 15:38:50 CEST 2021

Copying mg_6_pbe_.out to /cluster/home/ambr/projects/psp/row3/calcs/doublets
Copying mg_6_pbe_.json to /cluster/home/ambr/projects/psp/row3/calcs/doublets

Task and CPU usage stats:
       JobID    JobName  AllocCPUS   NTasks     MinCPU MinCPUTask     AveCPU    Elapsed ExitCode 
------------ ---------- ---------- -------- ---------- ---------- ---------- ---------- -------- 
3255847       mg_6_pbe_        120                                             00:14:08      1:0 
3255847.bat+      batch         42        1   00:00:01          0   00:00:01   00:14:08      1:0 
3255847.ext+     extern        120        3   00:00:00          2   00:00:00   00:14:08      0:0 
3255847.0      mrchem.x        120       20   00:14:04         19   00:47:59   00:14:06      0:0 

Memory usage stats:
       JobID     MaxRSS MaxRSSTask     AveRSS MaxPages   MaxPagesTask   AvePages 
------------ ---------- ---------- ---------- -------- -------------- ---------- 
3255847                                                                          
3255847.bat+     14224K          0     14224K        0              0          0 
3255847.ext+          0          2          0        0              2          0 
3255847.0      3489548K          8   2719922K        0             19          0 

Disk usage stats:
       JobID  MaxDiskRead MaxDiskReadTask    AveDiskRead MaxDiskWrite MaxDiskWriteTask   AveDiskWrite 
------------ ------------ --------------- -------------- ------------ ---------------- -------------- 
3255847                                                                                               
3255847.bat+        3.73M               0          3.73M        0.02M                0          0.02M 
3255847.ext+        0.00M               2          0.00M            0                2              0 
3255847.0           2.67M               1          2.66M       58.91M                6         31.96M 

Job 3255847 completed at Tue Aug 10 15:52:59 CEST 2021
