                                                                           
                                                                           
***************************************************************************
***                                                                     ***
***                                                                     ***
***          __  __ ____   ____ _                                       ***
***         |  \/  |  _ \ / ___| |__   ___ _ __ ___                     ***
***         | |\/| | |_) | |   | '_ \ / _ \ '_ ` _ \                    ***
***         | |  | |  _ <| |___| | | |  __/ | | | | |                   ***
***         |_|  |_|_| \_\\____|_| |_|\___|_| |_| |_|                   ***
***                                                                     ***
***         VERSION            1.0.1                                    ***
***                                                                     ***
***         Git branch         HEAD                                     ***
***         Git commit hash    9309e3e1e52e5319b766-dirty               ***
***         Git commit author  Stig Rune Jensen                         ***
***         Git commit date    Fri Dec 4 16:08:55 2020 +0100            ***
***                                                                     ***
***         Contact: luca.frediani@uit.no                               ***
***                                                                     ***
***         Radovan Bast            Magnar Bjorgve                      ***
***         Roberto Di Remigio      Antoine Durdek                      ***
***         Luca Frediani           Gabriel Gerez                       ***
***         Stig Rune Jensen        Jonas Juselius                      ***
***         Rune Monstad            Peter Wind                          ***
***                                                                     ***
***************************************************************************

---------------------------------------------------------------------------

 MPI processes           :        (1 bank)                              20
 OpenMP threads          :                                               6
 Total cores             :                                             120
                                                                           
---------------------------------------------------------------------------

XCFun DFT library Copyright 2009-2020 Ulf Ekstrom and contributors.
See http://dftlibs.org/xcfun/ for more information.

This is free software; see the source code for copying conditions.
There is ABSOLUTELY NO WARRANTY; not even for MERCHANTABILITY or
FITNESS FOR A PARTICULAR PURPOSE. For details see the documentation.
Scientific users of this library should cite
U. Ekstrom, L. Visscher, R. Bast, A. J. Thorvaldsen and K. Ruud;
J.Chem.Theor.Comp. 2010, DOI: 10.1021/ct100117s

---------------------------------------------------------------------------

 MRCPP version         : 1.3.6
 Git branch            : HEAD
 Git commit hash       : 9309e3e1e52e5319b766-dirty
 Git commit author     : Stig Rune Jensen
 Git commit date       : Fri Dec 4 16:08:55 2020 +0100

 Linear algebra        : EIGEN v3.3.7
 Parallelization       : MPI/OpenMP (6 threads)

---------------------------------------------------------------------------


                                                                           
===========================================================================
                         MultiResolution Analysis
---------------------------------------------------------------------------
 polynomial order      : 9
 polynomial type       : Interpolating
---------------------------------------------------------------------------
 total boxes           : 8
 boxes                 : [          2           2           2 ]
 unit lengths          : [   32.00000    32.00000    32.00000 ]
 scaling factor        : [    1.00000     1.00000     1.00000 ]
 lower bounds          : [  -32.00000   -32.00000   -32.00000 ]
 upper bounds          : [   32.00000    32.00000    32.00000 ]
 total length          : [   64.00000    64.00000    64.00000 ]
===========================================================================


                                                                           
***************************************************************************
***                                                                     ***
***                        Initializing Molecule                        ***
***                                                                     ***
***************************************************************************
                                                                           
                                                                           
===========================================================================
                                 Molecule
---------------------------------------------------------------------------
 Charge                  :                                               0
 Multiplicity            :                                               1
---------------------------------------------------------------------------
    N    Atom            :               x               y               z
---------------------------------------------------------------------------
    0      Na            :        0.000000        0.000000       -2.909139
    1      Na            :        0.000000        0.000000        2.909139
---------------------------------------------------------------------------
 Center of mass          :        0.000000        0.000000        0.000000
===========================================================================


                                                                           
***************************************************************************
***                                                                     ***
***                 Computing Ground State Wavefunction                 ***
***                                                                     ***
***************************************************************************
                                                                           
                                                                           
~~~~~~~~~~~~~~~~~~~~~~~~~~~~~~~~~~~~~~~~~~~~~~~~~~~~~~~~~~~~~~~~~~~~~~~~~~~
 Calculation             : Compute initial orbitals
 Method                  : Diagonalize SAD Hamiltonian
 Precision               : 1.00000e-04
 Restricted              : False
 Functional              : LDA (SVWN5)
 AO basis                : Hydrogenic orbitals
 Zeta quality            : 2
~~~~~~~~~~~~~~~~~~~~~~~~~~~~~~~~~~~~~~~~~~~~~~~~~~~~~~~~~~~~~~~~~~~~~~~~~~~


===========================================================================
                            Molecular Orbitals
---------------------------------------------------------------------------
 Alpha electrons         :                                              11
 Beta electrons          :                                              11
 Total electrons         :                                              22
---------------------------------------------------------------------------
    n  Occ Spin          :                                            Norm
---------------------------------------------------------------------------
    0    1    a          :                              9.999999149043e-01
    1    1    a          :                              1.000002658776e+00
    2    1    a          :                              1.000000501753e+00
    3    1    a          :                              9.999994982335e-01
    4    1    a          :                              1.000000305891e+00
    5    1    a          :                              9.999997904350e-01
    6    1    a          :                              1.000007275282e+00
    7    1    a          :                              1.000007270735e+00
    8    1    a          :                              9.999927130400e-01
    9    1    a          :                              9.999927172931e-01
   10    1    a          :                              1.000000887327e+00
   11    1    b          :                              1.000000026572e+00
   12    1    b          :                              1.000000132444e+00
   13    1    b          :                              1.000000506470e+00
   14    1    b          :                              9.999994987227e-01
   15    1    b          :                              1.000000307565e+00
   16    1    b          :                              9.999997918134e-01
   17    1    b          :                              1.000007271121e+00
   18    1    b          :                              1.000007271121e+00
   19    1    b          :                              9.999927195596e-01
   20    1    b          :                              9.999927195538e-01
   21    1    b          :                              1.000000880056e+00
===========================================================================


~~~~~~~~~~~~~~~~~~~~~~~~~~~~~~~~~~~~~~~~~~~~~~~~~~~~~~~~~~~~~~~~~~~~~~~~~~~
 Calculation             : Compute initial energy
 Method                  : DFT (PBE)
 Precision               : 1.00000e-04
 Localization            : On
~~~~~~~~~~~~~~~~~~~~~~~~~~~~~~~~~~~~~~~~~~~~~~~~~~~~~~~~~~~~~~~~~~~~~~~~~~~


===========================================================================
                        Molecular Energy (initial)
---------------------------------------------------------------------------
 Kinetic energy          :            (au)                336.975068116876
 E-N energy              :            (au)               -837.275216742713
 Coulomb energy          :            (au)                185.398429588785
 Exchange energy         :            (au)                  0.000000000000
 X-C energy              :            (au)                -29.077145274969
 Ext. field (el)         :            (au)                  0.000000000000
---------------------------------------------------------------------------
 N-N energy              :            (au)                 20.796533530668
 Ext. field (nuc)        :            (au)                  0.000000000000
---------------------------------------------------------------------------
 Electronic energy       :            (au)               -343.978864312022
 Nuclear energy          :            (au)                 20.796533530668
---------------------------------------------------------------------------
 Total energy            :            (au)             -3.231823307814e+02
                         :      (kcal/mol)             -2.027999727788e+05
                         :        (kJ/mol)             -8.485150866572e+05
                         :            (eV)             -8.794238844248e+03
===========================================================================


===========================================================================
                        Orbital Energies (initial)
---------------------------------------------------------------------------
    n  Occ Spin          :                                         Epsilon
---------------------------------------------------------------------------
    0    1    a          :            (au)                -37.511181157667
    1    1    a          :            (au)                -37.510870110516
    2    1    a          :            (au)                 -1.845151542672
    3    1    a          :            (au)                 -1.844788372699
    4    1    a          :            (au)                 -0.846174452374
    5    1    a          :            (au)                 -0.846170888077
    6    1    a          :            (au)                 -0.845863462407
    7    1    a          :            (au)                 -0.845859602885
    8    1    a          :            (au)                 -0.842875253152
    9    1    a          :            (au)                 -0.841267698372
   10    1    a          :            (au)                  0.289352957471
   11    1    b          :            (au)                -37.511189523513
   12    1    b          :            (au)                -37.510911716603
   13    1    b          :            (au)                 -1.845149553623
   14    1    b          :            (au)                 -1.844767460876
   15    1    b          :            (au)                 -0.846174201172
   16    1    b          :            (au)                 -0.846170593881
   17    1    b          :            (au)                 -0.845865502832
   18    1    b          :            (au)                 -0.845861890640
   19    1    b          :            (au)                 -0.842883388629
   20    1    b          :            (au)                 -0.841277104404
   21    1    b          :            (au)                  0.289349250685
---------------------------------------------------------------------------
 Sum occupied            :            (au)               -166.981751268838
===========================================================================


~~~~~~~~~~~~~~~~~~~~~~~~~~~~~~~~~~~~~~~~~~~~~~~~~~~~~~~~~~~~~~~~~~~~~~~~~~~
 Calculation             : Optimize ground state orbitals
 Method                  : DFT (PBE)
 Checkpointing           : Off
 Max iterations          : 200
 KAIN solver             : 10
 Localization            : First two iterations
 Diagonalization         : Off
 Start precision         : 1.00000e-06
 Final precision         : 1.00000e-06
 Helmholtz precision     : Dynamic
 Energy threshold        : 1.00000e-06
 Orbital threshold       : 5.00000e-05
~~~~~~~~~~~~~~~~~~~~~~~~~~~~~~~~~~~~~~~~~~~~~~~~~~~~~~~~~~~~~~~~~~~~~~~~~~~


===========================================================================
 Iter           MO residual             Total energy                Update
---------------------------------------------------------------------------
    0          4.690416e+00        -323.182330781354         -3.231823e+02
    1          4.711849e-01        -324.137876541935         -9.555458e-01
    2          2.627150e-01        -324.293335430117         -1.554589e-01
    3          6.954043e-01        -324.360894294371         -6.755886e-02
    4          1.690596e-01        -324.371781953015         -1.088766e-02
    5          8.451681e-02        -324.373342244693         -1.560292e-03
    6          6.334151e-03        -324.373404906467         -6.266177e-05
    7          1.686832e-03        -324.373413997750         -9.091283e-06
    8          9.873044e-04        -324.373415045386         -1.047636e-06
    9          9.772446e-05        -324.373415057185         -1.179831e-08
   10          3.971255e-05        -324.373415058836         -1.650960e-09
---------------------------------------------------------------------------
                      SCF converged in 10 iterations!
===========================================================================


                                                                           
***************************************************************************
***                                                                     ***
***                    Printing Molecular Properties                    ***
***                                                                     ***
***************************************************************************
                                                                           
                                                                           
===========================================================================
                                 Molecule
---------------------------------------------------------------------------
 Charge                  :                                               0
 Multiplicity            :                                               1
---------------------------------------------------------------------------
    N    Atom            :               x               y               z
---------------------------------------------------------------------------
    0      Na            :        0.000000        0.000000       -2.909139
    1      Na            :        0.000000        0.000000        2.909139
---------------------------------------------------------------------------
 Center of mass          :        0.000000        0.000000        0.000000
===========================================================================


===========================================================================
                         Molecular Energy (final)
---------------------------------------------------------------------------
 Kinetic energy          :            (au)                323.711231461740
 E-N energy              :            (au)               -821.217586018190
 Coulomb energy          :            (au)                180.938503058417
 Exchange energy         :            (au)                  0.000000000000
 X-C energy              :            (au)                -28.602097091470
 Ext. field (el)         :            (au)                  0.000000000000
---------------------------------------------------------------------------
 N-N energy              :            (au)                 20.796533530668
 Ext. field (nuc)        :            (au)                  0.000000000000
---------------------------------------------------------------------------
 Electronic energy       :            (au)               -345.169948589504
 Nuclear energy          :            (au)                 20.796533530668
---------------------------------------------------------------------------
 Total energy            :            (au)             -3.243734150588e+02
                         :      (kcal/mol)             -2.035473894413e+05
                         :        (kJ/mol)             -8.516422779751e+05
                         :            (eV)             -8.826649897149e+03
===========================================================================


===========================================================================
                         Orbital Energies (final)
---------------------------------------------------------------------------
    n  Occ Spin          :                                         Epsilon
---------------------------------------------------------------------------
    0    1    a          :            (au)                -37.904321911600
    1    1    a          :            (au)                -37.904321907135
    2    1    a          :            (au)                 -2.058225938966
    3    1    a          :            (au)                 -2.058080759324
    4    1    a          :            (au)                 -1.035494808379
    5    1    a          :            (au)                 -1.034559427084
    6    1    a          :            (au)                 -1.034559427084
    7    1    a          :            (au)                 -1.034326188832
    8    1    a          :            (au)                 -1.034326188832
    9    1    a          :            (au)                 -1.033433123153
   10    1    a          :            (au)                 -0.114874381361
   11    1    b          :            (au)                -37.904321909982
   12    1    b          :            (au)                -37.904321908581
   13    1    b          :            (au)                 -2.058225938869
   14    1    b          :            (au)                 -2.058080759228
   15    1    b          :            (au)                 -1.035494808214
   16    1    b          :            (au)                 -1.034559427163
   17    1    b          :            (au)                 -1.034559427163
   18    1    b          :            (au)                 -1.034326188920
   19    1    b          :            (au)                 -1.034326188919
   20    1    b          :            (au)                 -1.033433123071
   21    1    b          :            (au)                 -0.114874377993
---------------------------------------------------------------------------
 Sum occupied            :            (au)               -172.493048119851
===========================================================================


===========================================================================
                           Dipole Moment (dip-1)
---------------------------------------------------------------------------
 r_O                     :        0.000000        0.000000        0.000000
---------------------------------------------------------------------------
 Electronic vector       :        0.000000        0.000000        0.000000
 Magnitude               :            (au)                        0.000000
                         :         (Debye)                        0.000001
---------------------------------------------------------------------------
 Nuclear vector          :        0.000000        0.000000       -0.000000
 Magnitude               :            (au)                        0.000000
                         :         (Debye)                        0.000000
---------------------------------------------------------------------------
 Total vector            :        0.000000        0.000000        0.000000
 Magnitude               :            (au)                        0.000000
                         :         (Debye)                        0.000001
===========================================================================


                                                                           
                                                                           
***************************************************************************
***                                                                     ***
***                            Exiting MRChem                           ***
***                                                                     ***
***                       Wall time :  0h 14m 54s                       ***
***                                                                     ***
***************************************************************************
                                                                           
                                                                           
