Starting job 5688122 on c1-[21,26],c2-[7,11],c5-[7,36] at Fri May 20 03:14:33 CEST 2022

Copying na_2_pbe0_.out to /cluster/home/ambr/projects/psp/row3/calcs/singlets
Copying na_2_pbe0_.json to /cluster/home/ambr/projects/psp/row3/calcs/singlets

Task and CPU usage stats:
JobID           JobName  AllocCPUS   NTasks     MinCPU MinCPUTask     AveCPU    Elapsed ExitCode 
------------ ---------- ---------- -------- ---------- ---------- ---------- ---------- -------- 
5688122      na_2_pbe0_        180                                             00:12:41      0:0 
5688122.bat+      batch         24        1   00:00:02          0   00:00:02   00:12:41      0:0 
5688122.ext+     extern        180        6   00:00:00          4   00:00:00   00:12:41      0:0 
5688122.0      mrchem.x        180       30   00:12:03         29   00:21:01   00:12:06      0:0 

Memory usage stats:
JobID            MaxRSS MaxRSSTask     AveRSS MaxPages   MaxPagesTask   AvePages 
------------ ---------- ---------- ---------- -------- -------------- ---------- 
5688122                                                                          
5688122.bat+     19336K          0     19336K        0              0          0 
5688122.ext+          0          4          0        0              4          0 
5688122.0      3283760K         29 2376612386        0             14          0 

Disk usage stats:
JobID         MaxDiskRead MaxDiskReadTask    AveDiskRead MaxDiskWrite MaxDiskWriteTask   AveDiskWrite 
------------ ------------ --------------- -------------- ------------ ---------------- -------------- 
5688122                                                                                               
5688122.bat+       19.43M               0         19.43M        0.06M                0          0.06M 
5688122.ext+        0.00M               4          0.00M            0                4              0 
5688122.0           6.75M               1          6.73M       59.17M               24         23.37M 

Job 5688122 completed at Fri May 20 03:27:14 CEST 2022
