                                                                           
                                                                           
***************************************************************************
***                                                                     ***
***                                                                     ***
***          __  __ ____   ____ _                                       ***
***         |  \/  |  _ \ / ___| |__   ___ _ __ ___                     ***
***         | |\/| | |_) | |   | '_ \ / _ \ '_ ` _ \                    ***
***         | |  | |  _ <| |___| | | |  __/ | | | | |                   ***
***         |_|  |_|_| \_\\____|_| |_|\___|_| |_| |_|                   ***
***                                                                     ***
***         VERSION            1.0.1                                    ***
***                                                                     ***
***         Git branch         HEAD                                     ***
***         Git commit hash    9309e3e1e52e5319b766-dirty               ***
***         Git commit author  Stig Rune Jensen                         ***
***         Git commit date    Fri Dec 4 16:08:55 2020 +0100            ***
***                                                                     ***
***         Contact: luca.frediani@uit.no                               ***
***                                                                     ***
***         Radovan Bast            Magnar Bjorgve                      ***
***         Roberto Di Remigio      Antoine Durdek                      ***
***         Luca Frediani           Gabriel Gerez                       ***
***         Stig Rune Jensen        Jonas Juselius                      ***
***         Rune Monstad            Peter Wind                          ***
***                                                                     ***
***************************************************************************

---------------------------------------------------------------------------

 MPI processes           :        (1 bank)                              20
 OpenMP threads          :                                               6
 Total cores             :                                             120
                                                                           
---------------------------------------------------------------------------

XCFun DFT library Copyright 2009-2020 Ulf Ekstrom and contributors.
See http://dftlibs.org/xcfun/ for more information.

This is free software; see the source code for copying conditions.
There is ABSOLUTELY NO WARRANTY; not even for MERCHANTABILITY or
FITNESS FOR A PARTICULAR PURPOSE. For details see the documentation.
Scientific users of this library should cite
U. Ekstrom, L. Visscher, R. Bast, A. J. Thorvaldsen and K. Ruud;
J.Chem.Theor.Comp. 2010, DOI: 10.1021/ct100117s

---------------------------------------------------------------------------

 MRCPP version         : 1.3.6
 Git branch            : HEAD
 Git commit hash       : 9309e3e1e52e5319b766-dirty
 Git commit author     : Stig Rune Jensen
 Git commit date       : Fri Dec 4 16:08:55 2020 +0100

 Linear algebra        : EIGEN v3.3.7
 Parallelization       : MPI/OpenMP (6 threads)

---------------------------------------------------------------------------


                                                                           
===========================================================================
                         MultiResolution Analysis
---------------------------------------------------------------------------
 polynomial order      : 9
 polynomial type       : Interpolating
---------------------------------------------------------------------------
 total boxes           : 8
 boxes                 : [          2           2           2 ]
 unit lengths          : [   32.00000    32.00000    32.00000 ]
 scaling factor        : [    1.00000     1.00000     1.00000 ]
 lower bounds          : [  -32.00000   -32.00000   -32.00000 ]
 upper bounds          : [   32.00000    32.00000    32.00000 ]
 total length          : [   64.00000    64.00000    64.00000 ]
===========================================================================


                                                                           
***************************************************************************
***                                                                     ***
***                        Initializing Molecule                        ***
***                                                                     ***
***************************************************************************
                                                                           
                                                                           
===========================================================================
                                 Molecule
---------------------------------------------------------------------------
 Charge                  :                                               0
 Multiplicity            :                                               1
---------------------------------------------------------------------------
    N    Atom            :               x               y               z
---------------------------------------------------------------------------
    0      Na            :        0.000000        0.000000       -1.646731
    1       F            :        0.000000        0.000000        1.992692
---------------------------------------------------------------------------
 Center of mass          :        0.000000        0.000000       -0.000000
===========================================================================


                                                                           
***************************************************************************
***                                                                     ***
***                 Computing Ground State Wavefunction                 ***
***                                                                     ***
***************************************************************************
                                                                           
                                                                           
~~~~~~~~~~~~~~~~~~~~~~~~~~~~~~~~~~~~~~~~~~~~~~~~~~~~~~~~~~~~~~~~~~~~~~~~~~~
 Calculation             : Compute initial orbitals
 Method                  : Diagonalize SAD Hamiltonian
 Precision               : 1.00000e-04
 Restricted              : False
 Functional              : LDA (SVWN5)
 AO basis                : Hydrogenic orbitals
 Zeta quality            : 2
~~~~~~~~~~~~~~~~~~~~~~~~~~~~~~~~~~~~~~~~~~~~~~~~~~~~~~~~~~~~~~~~~~~~~~~~~~~


===========================================================================
                            Molecular Orbitals
---------------------------------------------------------------------------
 Alpha electrons         :                                              10
 Beta electrons          :                                              10
 Total electrons         :                                              20
---------------------------------------------------------------------------
    n  Occ Spin          :                                            Norm
---------------------------------------------------------------------------
    0    1    a          :                              9.999997790900e-01
    1    1    a          :                              9.999999495237e-01
    2    1    a          :                              9.999999998417e-01
    3    1    a          :                              9.999979939482e-01
    4    1    a          :                              9.999996272896e-01
    5    1    a          :                              9.999998178775e-01
    6    1    a          :                              1.000000083999e+00
    7    1    a          :                              9.999999987422e-01
    8    1    a          :                              9.999999986926e-01
    9    1    a          :                              1.000000640214e+00
   10    1    b          :                              9.999997790900e-01
   11    1    b          :                              9.999999999947e-01
   12    1    b          :                              9.999999998417e-01
   13    1    b          :                              9.999979940219e-01
   14    1    b          :                              9.999996272896e-01
   15    1    b          :                              9.999998178778e-01
   16    1    b          :                              1.000000084648e+00
   17    1    b          :                              9.999999988844e-01
   18    1    b          :                              9.999999986591e-01
   19    1    b          :                              1.000000640214e+00
===========================================================================


~~~~~~~~~~~~~~~~~~~~~~~~~~~~~~~~~~~~~~~~~~~~~~~~~~~~~~~~~~~~~~~~~~~~~~~~~~~
 Calculation             : Compute initial energy
 Method                  : DFT (PBE)
 Precision               : 1.00000e-04
 Localization            : On
~~~~~~~~~~~~~~~~~~~~~~~~~~~~~~~~~~~~~~~~~~~~~~~~~~~~~~~~~~~~~~~~~~~~~~~~~~~


===========================================================================
                        Molecular Energy (initial)
---------------------------------------------------------------------------
 Kinetic energy          :            (au)                274.646151460104
 E-N energy              :            (au)               -701.804638985525
 Coulomb energy          :            (au)                164.306136350575
 Exchange energy         :            (au)                  0.000000000000
 X-C energy              :            (au)                -25.560944622522
 Ext. field (el)         :            (au)                  0.000000000000
---------------------------------------------------------------------------
 N-N energy              :            (au)                 27.202112088485
 Ext. field (nuc)        :            (au)                  0.000000000000
---------------------------------------------------------------------------
 Electronic energy       :            (au)               -288.413295797368
 Nuclear energy          :            (au)                 27.202112088485
---------------------------------------------------------------------------
 Total energy            :            (au)             -2.612111837089e+02
                         :      (kcal/mol)             -1.639124911860e+05
                         :        (kJ/mol)             -6.858098635674e+05
                         :            (eV)             -7.107918099269e+03
===========================================================================


===========================================================================
                        Orbital Energies (initial)
---------------------------------------------------------------------------
    n  Occ Spin          :                                         Epsilon
---------------------------------------------------------------------------
    0    1    a          :            (au)                -37.818070175000
    1    1    a          :            (au)                -23.012112426540
    2    1    a          :            (au)                 -2.091276615964
    3    1    a          :            (au)                 -1.093025276303
    4    1    a          :            (au)                 -1.092991904356
    5    1    a          :            (au)                 -1.082585165044
    6    1    a          :            (au)                 -0.412105301112
    7    1    a          :            (au)                  0.265103763850
    8    1    a          :            (au)                  0.296048435907
    9    1    a          :            (au)                  0.296154100465
   10    1    b          :            (au)                -37.818069909545
   11    1    b          :            (au)                -23.012118604589
   12    1    b          :            (au)                 -2.091277244051
   13    1    b          :            (au)                 -1.093025393933
   14    1    b          :            (au)                 -1.092991985126
   15    1    b          :            (au)                 -1.082576945693
   16    1    b          :            (au)                 -0.412111003036
   17    1    b          :            (au)                  0.265103477761
   18    1    b          :            (au)                  0.296048383995
   19    1    b          :            (au)                  0.296154054312
---------------------------------------------------------------------------
 Sum occupied            :            (au)               -131.489725734003
===========================================================================


~~~~~~~~~~~~~~~~~~~~~~~~~~~~~~~~~~~~~~~~~~~~~~~~~~~~~~~~~~~~~~~~~~~~~~~~~~~
 Calculation             : Optimize ground state orbitals
 Method                  : DFT (PBE)
 Checkpointing           : Off
 Max iterations          : 200
 KAIN solver             : 10
 Localization            : First two iterations
 Diagonalization         : Off
 Start precision         : 1.00000e-06
 Final precision         : 1.00000e-06
 Helmholtz precision     : Dynamic
 Energy threshold        : 1.00000e-06
 Orbital threshold       : 5.00000e-05
~~~~~~~~~~~~~~~~~~~~~~~~~~~~~~~~~~~~~~~~~~~~~~~~~~~~~~~~~~~~~~~~~~~~~~~~~~~


===========================================================================
 Iter           MO residual             Total energy                Update
---------------------------------------------------------------------------
    0          4.472136e+00        -261.211183708883         -2.612112e+02
    1          5.071836e-01        -261.936559101110         -7.253754e-01
    2          1.819588e-01        -262.018617927574         -8.205883e-02
    3          1.932462e-01        -262.014529549556          4.088378e-03
    4          1.045302e-01        -262.030517226670         -1.598768e-02
    5          1.872770e-02        -262.031097483698         -5.802570e-04
    6          6.570879e-03        -262.031156756623         -5.927292e-05
    7          5.233967e-03        -262.031161922481         -5.165858e-06
    8          7.115234e-04        -262.031163973232         -2.050751e-06
    9          2.366042e-04        -262.031164100442         -1.272102e-07
   10          5.055991e-05        -262.031164111445         -1.100312e-08
---------------------------------------------------------------------------
                      SCF converged in 10 iterations!
===========================================================================


                                                                           
***************************************************************************
***                                                                     ***
***                    Printing Molecular Properties                    ***
***                                                                     ***
***************************************************************************
                                                                           
                                                                           
===========================================================================
                                 Molecule
---------------------------------------------------------------------------
 Charge                  :                                               0
 Multiplicity            :                                               1
---------------------------------------------------------------------------
    N    Atom            :               x               y               z
---------------------------------------------------------------------------
    0      Na            :        0.000000        0.000000       -1.646731
    1       F            :        0.000000        0.000000        1.992692
---------------------------------------------------------------------------
 Center of mass          :        0.000000        0.000000       -0.000000
===========================================================================


===========================================================================
                         Molecular Energy (final)
---------------------------------------------------------------------------
 Kinetic energy          :            (au)                261.443567006344
 E-N energy              :            (au)               -685.034278998889
 Coulomb energy          :            (au)                159.119779643744
 Exchange energy         :            (au)                  0.000000000000
 X-C energy              :            (au)                -24.762343851129
 Ext. field (el)         :            (au)                  0.000000000000
---------------------------------------------------------------------------
 N-N energy              :            (au)                 27.202112088485
 Ext. field (nuc)        :            (au)                  0.000000000000
---------------------------------------------------------------------------
 Electronic energy       :            (au)               -289.233276199930
 Nuclear energy          :            (au)                 27.202112088485
---------------------------------------------------------------------------
 Total energy            :            (au)             -2.620311641114e+02
                         :      (kcal/mol)             -1.644270366530e+05
                         :        (kJ/mol)             -6.879627218028e+05
                         :            (eV)             -7.130230901736e+03
===========================================================================


===========================================================================
                         Orbital Energies (final)
---------------------------------------------------------------------------
    n  Occ Spin          :                                         Epsilon
---------------------------------------------------------------------------
    0    1    a          :            (au)                -37.914393583882
    1    1    a          :            (au)                -24.062408524491
    2    1    a          :            (au)                 -2.071455774629
    3    1    a          :            (au)                 -1.048784889296
    4    1    a          :            (au)                 -1.048784880888
    5    1    a          :            (au)                 -1.047329811175
    6    1    a          :            (au)                 -0.859027766826
    7    1    a          :            (au)                 -0.196547784479
    8    1    a          :            (au)                 -0.187837558797
    9    1    a          :            (au)                 -0.187837557197
   10    1    b          :            (au)                -37.914393582858
   11    1    b          :            (au)                -24.062408519556
   12    1    b          :            (au)                 -2.071455775929
   13    1    b          :            (au)                 -1.048784888833
   14    1    b          :            (au)                 -1.048784880430
   15    1    b          :            (au)                 -1.047329814648
   16    1    b          :            (au)                 -0.859027768301
   17    1    b          :            (au)                 -0.196547778630
   18    1    b          :            (au)                 -0.187837559212
   19    1    b          :            (au)                 -0.187837558297
---------------------------------------------------------------------------
 Sum occupied            :            (au)               -137.248816258355
===========================================================================


===========================================================================
                           Dipole Moment (dip-1)
---------------------------------------------------------------------------
 r_O                     :        0.000000        0.000000        0.000000
---------------------------------------------------------------------------
 Electronic vector       :        0.000001        0.000005       -2.858857
 Magnitude               :            (au)                        2.858857
                         :         (Debye)                        7.266488
---------------------------------------------------------------------------
 Nuclear vector          :        0.000000        0.000000       -0.179814
 Magnitude               :            (au)                        0.179814
                         :         (Debye)                        0.457042
---------------------------------------------------------------------------
 Total vector            :        0.000001        0.000005       -3.038671
 Magnitude               :            (au)                        3.038671
                         :         (Debye)                        7.723530
===========================================================================


                                                                           
                                                                           
***************************************************************************
***                                                                     ***
***                            Exiting MRChem                           ***
***                                                                     ***
***                       Wall time :  0h 13m 30s                       ***
***                                                                     ***
***************************************************************************
                                                                           
                                                                           
