Starting job 3254944 on c1-23,c2-[25-26],c5-29 at Tue Aug 10 13:26:13 CEST 2021

Copying na_3_pbe_.out to /cluster/home/ambr/projects/psp/row3/calcs/singlets
Copying na_3_pbe_.json to /cluster/home/ambr/projects/psp/row3/calcs/singlets

Task and CPU usage stats:
       JobID    JobName  AllocCPUS   NTasks     MinCPU MinCPUTask     AveCPU    Elapsed ExitCode 
------------ ---------- ---------- -------- ---------- ---------- ---------- ---------- -------- 
3254944       na_3_pbe_        120                                             00:13:37      1:0 
3254944.bat+      batch         30        1   00:00:01          0   00:00:01   00:13:37      1:0 
3254944.ext+     extern        120        4   00:00:00          3   00:00:00   00:13:37      0:0 
3254944.0      mrchem.x        120       20   00:13:31         19   00:43:36   00:13:33      0:0 

Memory usage stats:
       JobID     MaxRSS MaxRSSTask     AveRSS MaxPages   MaxPagesTask   AvePages 
------------ ---------- ---------- ---------- -------- -------------- ---------- 
3254944                                                                          
3254944.bat+     14284K          0     14284K        0              0          0 
3254944.ext+          0          3          0        0              3          0 
3254944.0      3436236K          0 2717019340        0             11          0 

Disk usage stats:
       JobID  MaxDiskRead MaxDiskReadTask    AveDiskRead MaxDiskWrite MaxDiskWriteTask   AveDiskWrite 
------------ ------------ --------------- -------------- ------------ ---------------- -------------- 
3254944                                                                                               
3254944.bat+        3.70M               0          3.70M        0.02M                0          0.02M 
3254944.ext+        0.00M               3          0.00M            0                3              0 
3254944.0           2.06M               0          2.06M       96.18M                0         44.60M 

Job 3254944 completed at Tue Aug 10 13:39:50 CEST 2021
