Starting job 5688123 on c2-[4,45],c5-23,c10-12,c11-20 at Fri May 20 03:23:11 CEST 2022

Copying na_3_pbe0_.out to /cluster/home/ambr/projects/psp/row3/calcs/singlets
Copying na_3_pbe0_.json to /cluster/home/ambr/projects/psp/row3/calcs/singlets

Task and CPU usage stats:
JobID           JobName  AllocCPUS   NTasks     MinCPU MinCPUTask     AveCPU    Elapsed ExitCode 
------------ ---------- ---------- -------- ---------- ---------- ---------- ---------- -------- 
5688123      na_3_pbe0_        180                                             00:19:05      0:0 
5688123.bat+      batch         36        1   00:00:02          0   00:00:02   00:19:05      0:0 
5688123.ext+     extern        180        5   00:00:00          4   00:00:00   00:19:05      0:0 
5688123.0      mrchem.x        180       30   00:18:44         29   00:42:28   00:18:48      0:0 

Memory usage stats:
JobID            MaxRSS MaxRSSTask     AveRSS MaxPages   MaxPagesTask   AvePages 
------------ ---------- ---------- ---------- -------- -------------- ---------- 
5688123                                                                          
5688123.bat+     19264K          0     19264K        0              0          0 
5688123.ext+          0          4          0        0              4          0 
5688123.0      7059948K         29 3316939434        0             10          0 

Disk usage stats:
JobID         MaxDiskRead MaxDiskReadTask    AveDiskRead MaxDiskWrite MaxDiskWriteTask   AveDiskWrite 
------------ ------------ --------------- -------------- ------------ ---------------- -------------- 
5688123                                                                                               
5688123.bat+       19.41M               0         19.41M        0.06M                0          0.06M 
5688123.ext+        0.00M               4          0.00M            0                4              0 
5688123.0           7.32M              20          6.99M       67.01M               25         39.58M 

Job 5688123 completed at Fri May 20 03:42:16 CEST 2022
