Starting job 3254945 on c11-[3-4,44,55] at Tue Aug 10 13:26:43 CEST 2021

Copying na_4_pbe_.out to /cluster/home/ambr/projects/psp/row3/calcs/singlets
Copying na_4_pbe_.json to /cluster/home/ambr/projects/psp/row3/calcs/singlets

Task and CPU usage stats:
       JobID    JobName  AllocCPUS   NTasks     MinCPU MinCPUTask     AveCPU    Elapsed ExitCode 
------------ ---------- ---------- -------- ---------- ---------- ---------- ---------- -------- 
3254945       na_4_pbe_        120                                             00:22:42      1:0 
3254945.bat+      batch         36        1   00:00:02          0   00:00:02   00:22:42      1:0 
3254945.ext+     extern        120        4   00:00:00          1   00:00:00   00:22:42      0:0 
3254945.0      mrchem.x        120       20   00:22:32         19   01:12:56   00:22:34      0:0 

Memory usage stats:
       JobID     MaxRSS MaxRSSTask     AveRSS MaxPages   MaxPagesTask   AvePages 
------------ ---------- ---------- ---------- -------- -------------- ---------- 
3254945                                                                          
3254945.bat+     14284K          0     14284K        0              0          0 
3254945.ext+          0          1          0        0              1          0 
3254945.0      6406616K          1   5403259K        0             13          0 

Disk usage stats:
       JobID  MaxDiskRead MaxDiskReadTask    AveDiskRead MaxDiskWrite MaxDiskWriteTask   AveDiskWrite 
------------ ------------ --------------- -------------- ------------ ---------------- -------------- 
3254945                                                                                               
3254945.bat+        3.73M               0          3.73M        0.02M                0          0.02M 
3254945.ext+        0.00M               1          0.00M            0                1              0 
3254945.0           2.67M               1          2.66M      211.78M                1        159.26M 

Job 3254945 completed at Tue Aug 10 13:49:25 CEST 2021
