Starting job 3255848 on c11-[30,32,37,39-40] at Tue Aug 10 15:40:18 CEST 2021

Copying na_5_pbe_.out to /cluster/home/ambr/projects/psp/row3/calcs/doublets
Copying na_5_pbe_.json to /cluster/home/ambr/projects/psp/row3/calcs/doublets

Task and CPU usage stats:
       JobID    JobName  AllocCPUS   NTasks     MinCPU MinCPUTask     AveCPU    Elapsed ExitCode 
------------ ---------- ---------- -------- ---------- ---------- ---------- ---------- -------- 
3255848       na_5_pbe_        120                                             00:10:49      1:0 
3255848.bat+      batch         12        1   00:00:01          0   00:00:01   00:10:49      1:0 
3255848.ext+     extern        120        5   00:00:00          1   00:00:00   00:10:49      0:0 
3255848.0      mrchem.x        120       20   00:10:45         19   00:39:13   00:10:46      0:0 

Memory usage stats:
       JobID     MaxRSS MaxRSSTask     AveRSS MaxPages   MaxPagesTask   AvePages 
------------ ---------- ---------- ---------- -------- -------------- ---------- 
3255848                                                                          
3255848.bat+     14324K          0     14324K        0              0          0 
3255848.ext+          0          1          0        0              1          0 
3255848.0      3325240K         12 2762324172        0              5          0 

Disk usage stats:
       JobID  MaxDiskRead MaxDiskReadTask    AveDiskRead MaxDiskWrite MaxDiskWriteTask   AveDiskWrite 
------------ ------------ --------------- -------------- ------------ ---------------- -------------- 
3255848                                                                                               
3255848.bat+        3.73M               0          3.73M        0.02M                0          0.02M 
3255848.ext+        0.00M               1          0.00M            0                1              0 
3255848.0           2.67M               1          2.66M       56.95M               12         37.94M 

Job 3255848 completed at Tue Aug 10 15:51:07 CEST 2021
