                                                                           
                                                                           
***************************************************************************
***                                                                     ***
***                                                                     ***
***          __  __ ____   ____ _                                       ***
***         |  \/  |  _ \ / ___| |__   ___ _ __ ___                     ***
***         | |\/| | |_) | |   | '_ \ / _ \ '_ ` _ \                    ***
***         | |  | |  _ <| |___| | | |  __/ | | | | |                   ***
***         |_|  |_|_| \_\\____|_| |_|\___|_| |_| |_|                   ***
***                                                                     ***
***         VERSION            1.0.1                                    ***
***                                                                     ***
***         Git branch         HEAD                                     ***
***         Git commit hash    9309e3e1e52e5319b766-dirty               ***
***         Git commit author  Stig Rune Jensen                         ***
***         Git commit date    Fri Dec 4 16:08:55 2020 +0100            ***
***                                                                     ***
***         Contact: luca.frediani@uit.no                               ***
***                                                                     ***
***         Radovan Bast            Magnar Bjorgve                      ***
***         Roberto Di Remigio      Antoine Durdek                      ***
***         Luca Frediani           Gabriel Gerez                       ***
***         Stig Rune Jensen        Jonas Juselius                      ***
***         Rune Monstad            Peter Wind                          ***
***                                                                     ***
***************************************************************************

---------------------------------------------------------------------------

 MPI processes           :        (1 bank)                              20
 OpenMP threads          :                                               6
 Total cores             :                                             120
                                                                           
---------------------------------------------------------------------------

XCFun DFT library Copyright 2009-2020 Ulf Ekstrom and contributors.
See http://dftlibs.org/xcfun/ for more information.

This is free software; see the source code for copying conditions.
There is ABSOLUTELY NO WARRANTY; not even for MERCHANTABILITY or
FITNESS FOR A PARTICULAR PURPOSE. For details see the documentation.
Scientific users of this library should cite
U. Ekstrom, L. Visscher, R. Bast, A. J. Thorvaldsen and K. Ruud;
J.Chem.Theor.Comp. 2010, DOI: 10.1021/ct100117s

---------------------------------------------------------------------------

 MRCPP version         : 1.3.6
 Git branch            : HEAD
 Git commit hash       : 9309e3e1e52e5319b766-dirty
 Git commit author     : Stig Rune Jensen
 Git commit date       : Fri Dec 4 16:08:55 2020 +0100

 Linear algebra        : EIGEN v3.3.7
 Parallelization       : MPI/OpenMP (6 threads)

---------------------------------------------------------------------------


                                                                           
===========================================================================
                         MultiResolution Analysis
---------------------------------------------------------------------------
 polynomial order      : 9
 polynomial type       : Interpolating
---------------------------------------------------------------------------
 total boxes           : 8
 boxes                 : [          2           2           2 ]
 unit lengths          : [   32.00000    32.00000    32.00000 ]
 scaling factor        : [    1.00000     1.00000     1.00000 ]
 lower bounds          : [  -32.00000   -32.00000   -32.00000 ]
 upper bounds          : [   32.00000    32.00000    32.00000 ]
 total length          : [   64.00000    64.00000    64.00000 ]
===========================================================================


                                                                           
***************************************************************************
***                                                                     ***
***                        Initializing Molecule                        ***
***                                                                     ***
***************************************************************************
                                                                           
                                                                           
===========================================================================
                                 Molecule
---------------------------------------------------------------------------
 Charge                  :                                               0
 Multiplicity            :                                               1
---------------------------------------------------------------------------
    N    Atom            :               x               y               z
---------------------------------------------------------------------------
    0       O            :        0.000000        0.000000       -2.073235
    1      Na            :        0.000000        0.000000        1.611731
    2       H            :        0.000000        0.000000       -3.852223
---------------------------------------------------------------------------
 Center of mass          :        0.000000        0.000000        0.000000
===========================================================================


                                                                           
***************************************************************************
***                                                                     ***
***                 Computing Ground State Wavefunction                 ***
***                                                                     ***
***************************************************************************
                                                                           
                                                                           
~~~~~~~~~~~~~~~~~~~~~~~~~~~~~~~~~~~~~~~~~~~~~~~~~~~~~~~~~~~~~~~~~~~~~~~~~~~
 Calculation             : Compute initial orbitals
 Method                  : Diagonalize SAD Hamiltonian
 Precision               : 1.00000e-04
 Restricted              : False
 Functional              : LDA (SVWN5)
 AO basis                : Hydrogenic orbitals
 Zeta quality            : 2
~~~~~~~~~~~~~~~~~~~~~~~~~~~~~~~~~~~~~~~~~~~~~~~~~~~~~~~~~~~~~~~~~~~~~~~~~~~


===========================================================================
                            Molecular Orbitals
---------------------------------------------------------------------------
 Alpha electrons         :                                              10
 Beta electrons          :                                              10
 Total electrons         :                                              20
---------------------------------------------------------------------------
    n  Occ Spin          :                                            Norm
---------------------------------------------------------------------------
    0    1    a          :                              1.000000011066e+00
    1    1    a          :                              1.000000766110e+00
    2    1    a          :                              9.999999999376e-01
    3    1    a          :                              9.999999989092e-01
    4    1    a          :                              9.999992567115e-01
    5    1    a          :                              9.999992837147e-01
    6    1    a          :                              1.000000004687e+00
    7    1    a          :                              1.000000013334e+00
    8    1    a          :                              1.000001265778e+00
    9    1    a          :                              1.000001315238e+00
   10    1    b          :                              9.999996857179e-01
   11    1    b          :                              9.999999585685e-01
   12    1    b          :                              9.999999999837e-01
   13    1    b          :                              1.000000002440e+00
   14    1    b          :                              9.999992567115e-01
   15    1    b          :                              9.999992837147e-01
   16    1    b          :                              9.999999839920e-01
   17    1    b          :                              1.000000013421e+00
   18    1    b          :                              1.000001265678e+00
   19    1    b          :                              1.000001315130e+00
===========================================================================


~~~~~~~~~~~~~~~~~~~~~~~~~~~~~~~~~~~~~~~~~~~~~~~~~~~~~~~~~~~~~~~~~~~~~~~~~~~
 Calculation             : Compute initial energy
 Method                  : DFT (PBE)
 Precision               : 1.00000e-04
 Localization            : On
~~~~~~~~~~~~~~~~~~~~~~~~~~~~~~~~~~~~~~~~~~~~~~~~~~~~~~~~~~~~~~~~~~~~~~~~~~~


===========================================================================
                        Molecular Energy (initial)
---------------------------------------------------------------------------
 Kinetic energy          :            (au)                248.797188979755
 E-N energy              :            (au)               -645.784340021549
 Coulomb energy          :            (au)                153.263895117655
 Exchange energy         :            (au)                  0.000000000000
 X-C energy              :            (au)                -23.907173915666
 Ext. field (el)         :            (au)                  0.000000000000
---------------------------------------------------------------------------
 N-N energy              :            (au)                 30.390952246510
 Ext. field (nuc)        :            (au)                  0.000000000000
---------------------------------------------------------------------------
 Electronic energy       :            (au)               -267.630429839805
 Nuclear energy          :            (au)                 30.390952246510
---------------------------------------------------------------------------
 Total energy            :            (au)             -2.372394775933e+02
                         :      (kcal/mol)             -1.488700186104e+05
                         :        (kJ/mol)             -6.228721582702e+05
                         :            (eV)             -6.455614773852e+03
===========================================================================


===========================================================================
                        Orbital Energies (initial)
---------------------------------------------------------------------------
    n  Occ Spin          :                                         Epsilon
---------------------------------------------------------------------------
    0    1    a          :            (au)                -37.797592330245
    1    1    a          :            (au)                -17.691468531305
    2    1    a          :            (au)                 -2.066644312858
    3    1    a          :            (au)                 -1.068177423565
    4    1    a          :            (au)                 -1.068174117305
    5    1    a          :            (au)                 -1.056559649658
    6    1    a          :            (au)                 -0.411910202357
    7    1    a          :            (au)                  0.047329404167
    8    1    a          :            (au)                  0.237873910523
    9    1    a          :            (au)                  0.244013331106
   10    1    b          :            (au)                -37.797504363324
   11    1    b          :            (au)                -17.691541017150
   12    1    b          :            (au)                 -2.066643971091
   13    1    b          :            (au)                 -1.068177369642
   14    1    b          :            (au)                 -1.068174057166
   15    1    b          :            (au)                 -1.056561791659
   16    1    b          :            (au)                 -0.411910443784
   17    1    b          :            (au)                  0.047329161121
   18    1    b          :            (au)                  0.237871854887
   19    1    b          :            (au)                  0.244011272313
---------------------------------------------------------------------------
 Sum occupied            :            (au)               -121.262610646993
===========================================================================


~~~~~~~~~~~~~~~~~~~~~~~~~~~~~~~~~~~~~~~~~~~~~~~~~~~~~~~~~~~~~~~~~~~~~~~~~~~
 Calculation             : Optimize ground state orbitals
 Method                  : DFT (PBE)
 Checkpointing           : Off
 Max iterations          : 200
 KAIN solver             : 10
 Localization            : First two iterations
 Diagonalization         : Off
 Start precision         : 1.00000e-06
 Final precision         : 1.00000e-06
 Helmholtz precision     : Dynamic
 Energy threshold        : 1.00000e-06
 Orbital threshold       : 5.00000e-05
~~~~~~~~~~~~~~~~~~~~~~~~~~~~~~~~~~~~~~~~~~~~~~~~~~~~~~~~~~~~~~~~~~~~~~~~~~~


===========================================================================
 Iter           MO residual             Total energy                Update
---------------------------------------------------------------------------
    0          4.472136e+00        -237.239477593295         -2.372395e+02
    1          4.766072e-01        -237.892531734642         -6.530541e-01
    2          2.462620e-01        -237.962040532385         -6.950880e-02
    3          4.190976e-01        -237.907061904263          5.497863e-02
    4          2.212903e-01        -237.983200590943         -7.613869e-02
    5          4.816258e-02        -237.985168985030         -1.968394e-03
    6          4.042850e-02        -237.985911615377         -7.426303e-04
    7          5.535924e-03        -237.985986392145         -7.477677e-05
    8          3.471900e-03        -237.985994084169         -7.692024e-06
    9          1.934167e-03        -237.985995678611         -1.594442e-06
   10          2.054500e-04        -237.985995880901         -2.022900e-07
   11          1.348703e-04        -237.985995904537         -2.363652e-08
---------------------------------------------------------------------------
                      SCF converged in 11 iterations!
===========================================================================


                                                                           
***************************************************************************
***                                                                     ***
***                    Printing Molecular Properties                    ***
***                                                                     ***
***************************************************************************
                                                                           
                                                                           
===========================================================================
                                 Molecule
---------------------------------------------------------------------------
 Charge                  :                                               0
 Multiplicity            :                                               1
---------------------------------------------------------------------------
    N    Atom            :               x               y               z
---------------------------------------------------------------------------
    0       O            :        0.000000        0.000000       -2.073235
    1      Na            :        0.000000        0.000000        1.611731
    2       H            :        0.000000        0.000000       -3.852223
---------------------------------------------------------------------------
 Center of mass          :        0.000000        0.000000        0.000000
===========================================================================


===========================================================================
                         Molecular Energy (final)
---------------------------------------------------------------------------
 Kinetic energy          :            (au)                237.435236648724
 E-N energy              :            (au)               -631.592638430352
 Coulomb energy          :            (au)                149.047837827940
 Exchange energy         :            (au)                  0.000000000000
 X-C energy              :            (au)                -23.267384197360
 Ext. field (el)         :            (au)                  0.000000000000
---------------------------------------------------------------------------
 N-N energy              :            (au)                 30.390952246510
 Ext. field (nuc)        :            (au)                  0.000000000000
---------------------------------------------------------------------------
 Electronic energy       :            (au)               -268.376948151047
 Nuclear energy          :            (au)                 30.390952246510
---------------------------------------------------------------------------
 Total energy            :            (au)             -2.379859959045e+02
                         :      (kcal/mol)             -1.493384659195e+05
                         :        (kJ/mol)             -6.248321418127e+05
                         :            (eV)             -6.475928571066e+03
===========================================================================


===========================================================================
                         Orbital Energies (final)
---------------------------------------------------------------------------
    n  Occ Spin          :                                         Epsilon
---------------------------------------------------------------------------
    0    1    a          :            (au)                -37.908244727594
    1    1    a          :            (au)                -18.605916170855
    2    1    a          :            (au)                 -2.065337774437
    3    1    a          :            (au)                 -1.042371467582
    4    1    a          :            (au)                 -1.042371458410
    5    1    a          :            (au)                 -1.039863815627
    6    1    a          :            (au)                 -0.740518824063
    7    1    a          :            (au)                 -0.289712382750
    8    1    a          :            (au)                 -0.139883217911
    9    1    a          :            (au)                 -0.139883198428
   10    1    b          :            (au)                -37.908244722455
   11    1    b          :            (au)                -18.605916165000
   12    1    b          :            (au)                 -2.065337754973
   13    1    b          :            (au)                 -1.042371464163
   14    1    b          :            (au)                 -1.042371454990
   15    1    b          :            (au)                 -1.039863755181
   16    1    b          :            (au)                 -0.740518824655
   17    1    b          :            (au)                 -0.289712361212
   18    1    b          :            (au)                 -0.139883217539
   19    1    b          :            (au)                 -0.139883198054
---------------------------------------------------------------------------
 Sum occupied            :            (au)               -126.028205955876
===========================================================================


===========================================================================
                           Dipole Moment (dip-1)
---------------------------------------------------------------------------
 r_O                     :        0.000000        0.000000        0.000000
---------------------------------------------------------------------------
 Electronic vector       :       -0.000000       -0.000000        5.286047
 Magnitude               :            (au)                        5.286047
                         :         (Debye)                       13.435790
---------------------------------------------------------------------------
 Nuclear vector          :        0.000000        0.000000       -2.709060
 Magnitude               :            (au)                        2.709060
                         :         (Debye)                        6.885743
---------------------------------------------------------------------------
 Total vector            :        0.000000        0.000000        2.576987
 Magnitude               :            (au)                        2.576987
                         :         (Debye)                        6.550047
===========================================================================


                                                                           
                                                                           
***************************************************************************
***                                                                     ***
***                            Exiting MRChem                           ***
***                                                                     ***
***                       Wall time :  0h 13m 53s                       ***
***                                                                     ***
***************************************************************************
                                                                           
                                                                           
