                                                                           
                                                                           
***************************************************************************
***                                                                     ***
***                                                                     ***
***          __  __ ____   ____ _                                       ***
***         |  \/  |  _ \ / ___| |__   ___ _ __ ___                     ***
***         | |\/| | |_) | |   | '_ \ / _ \ '_ ` _ \                    ***
***         | |  | |  _ <| |___| | | |  __/ | | | | |                   ***
***         |_|  |_|_| \_\\____|_| |_|\___|_| |_| |_|                   ***
***                                                                     ***
***         VERSION            1.0.1                                    ***
***                                                                     ***
***         Git branch         HEAD                                     ***
***         Git commit hash    9309e3e1e52e5319b766-dirty               ***
***         Git commit author  Stig Rune Jensen                         ***
***         Git commit date    Fri Dec 4 16:08:55 2020 +0100            ***
***                                                                     ***
***         Contact: luca.frediani@uit.no                               ***
***                                                                     ***
***         Radovan Bast            Magnar Bjorgve                      ***
***         Roberto Di Remigio      Antoine Durdek                      ***
***         Luca Frediani           Gabriel Gerez                       ***
***         Stig Rune Jensen        Jonas Juselius                      ***
***         Rune Monstad            Peter Wind                          ***
***                                                                     ***
***************************************************************************

---------------------------------------------------------------------------

 MPI processes           :        (1 bank)                              20
 OpenMP threads          :                                               6
 Total cores             :                                             120
                                                                           
---------------------------------------------------------------------------

XCFun DFT library Copyright 2009-2020 Ulf Ekstrom and contributors.
See http://dftlibs.org/xcfun/ for more information.

This is free software; see the source code for copying conditions.
There is ABSOLUTELY NO WARRANTY; not even for MERCHANTABILITY or
FITNESS FOR A PARTICULAR PURPOSE. For details see the documentation.
Scientific users of this library should cite
U. Ekstrom, L. Visscher, R. Bast, A. J. Thorvaldsen and K. Ruud;
J.Chem.Theor.Comp. 2010, DOI: 10.1021/ct100117s

---------------------------------------------------------------------------

 MRCPP version         : 1.3.6
 Git branch            : HEAD
 Git commit hash       : 9309e3e1e52e5319b766-dirty
 Git commit author     : Stig Rune Jensen
 Git commit date       : Fri Dec 4 16:08:55 2020 +0100

 Linear algebra        : EIGEN v3.3.7
 Parallelization       : MPI/OpenMP (6 threads)

---------------------------------------------------------------------------


                                                                           
===========================================================================
                         MultiResolution Analysis
---------------------------------------------------------------------------
 polynomial order      : 9
 polynomial type       : Interpolating
---------------------------------------------------------------------------
 total boxes           : 8
 boxes                 : [          2           2           2 ]
 unit lengths          : [   32.00000    32.00000    32.00000 ]
 scaling factor        : [    1.00000     1.00000     1.00000 ]
 lower bounds          : [  -32.00000   -32.00000   -32.00000 ]
 upper bounds          : [   32.00000    32.00000    32.00000 ]
 total length          : [   64.00000    64.00000    64.00000 ]
===========================================================================


                                                                           
***************************************************************************
***                                                                     ***
***                        Initializing Molecule                        ***
***                                                                     ***
***************************************************************************
                                                                           
                                                                           
===========================================================================
                                 Molecule
---------------------------------------------------------------------------
 Charge                  :                                               0
 Multiplicity            :                                               2
---------------------------------------------------------------------------
    N    Atom            :               x               y               z
---------------------------------------------------------------------------
    0       P            :        0.000000        0.000000        0.344198
    1       F            :        2.335512        0.000000        2.174586
    2       F            :       -2.335512        0.000000        2.174586
    3       F            :        0.000000        2.984444        0.085872
    4       F            :        0.000000       -2.984444        0.085872
    5       F            :        1.843239        0.000000       -2.541036
    6       F            :       -1.843239        0.000000       -2.541036
---------------------------------------------------------------------------
 Center of mass          :        0.000000       -0.000000       -0.000000
===========================================================================


                                                                           
***************************************************************************
***                                                                     ***
***                 Computing Ground State Wavefunction                 ***
***                                                                     ***
***************************************************************************
                                                                           
                                                                           
~~~~~~~~~~~~~~~~~~~~~~~~~~~~~~~~~~~~~~~~~~~~~~~~~~~~~~~~~~~~~~~~~~~~~~~~~~~
 Calculation             : Compute initial orbitals
 Method                  : Diagonalize SAD Hamiltonian
 Precision               : 1.00000e-04
 Restricted              : False
 Functional              : LDA (SVWN5)
 AO basis                : Hydrogenic orbitals
 Zeta quality            : 2
~~~~~~~~~~~~~~~~~~~~~~~~~~~~~~~~~~~~~~~~~~~~~~~~~~~~~~~~~~~~~~~~~~~~~~~~~~~


===========================================================================
                            Molecular Orbitals
---------------------------------------------------------------------------
 Alpha electrons         :                                              35
 Beta electrons          :                                              34
 Total electrons         :                                              69
---------------------------------------------------------------------------
    n  Occ Spin          :                                            Norm
---------------------------------------------------------------------------
    0    1    a          :                              9.999999985330e-01
    1    1    a          :                              1.000000097551e+00
    2    1    a          :                              1.000001266786e+00
    3    1    a          :                              1.000000462496e+00
    4    1    a          :                              9.999987844563e-01
    5    1    a          :                              9.999991483665e-01
    6    1    a          :                              1.000000064660e+00
    7    1    a          :                              1.000000001062e+00
    8    1    a          :                              1.000000007119e+00
    9    1    a          :                              9.999999992260e-01
   10    1    a          :                              9.999999967727e-01
   11    1    a          :                              9.999979408577e-01
   12    1    a          :                              9.999997825695e-01
   13    1    a          :                              9.999999133224e-01
   14    1    a          :                              9.999991759382e-01
   15    1    a          :                              9.999976828894e-01
   16    1    a          :                              9.999998293819e-01
   17    1    a          :                              9.999980429821e-01
   18    1    a          :                              9.999982671745e-01
   19    1    a          :                              9.999995312846e-01
   20    1    a          :                              9.999983998749e-01
   21    1    a          :                              9.999988606587e-01
   22    1    a          :                              9.999991609038e-01
   23    1    a          :                              1.000000044128e+00
   24    1    a          :                              1.000000710878e+00
   25    1    a          :                              9.999997077924e-01
   26    1    a          :                              9.999999942915e-01
   27    1    a          :                              9.999985406972e-01
   28    1    a          :                              9.999997329464e-01
   29    1    a          :                              9.999989417144e-01
   30    1    a          :                              9.999906633767e-01
   31    1    a          :                              9.999989353036e-01
   32    1    a          :                              9.999994283005e-01
   33    1    a          :                              1.000002809349e+00
   34    1    a          :                              9.999997896142e-01
   35    1    b          :                              9.999999985330e-01
   36    1    b          :                              1.000000028895e+00
   37    1    b          :                              1.000000667380e+00
   38    1    b          :                              1.000000465147e+00
   39    1    b          :                              9.999986838647e-01
   40    1    b          :                              1.000000332949e+00
   41    1    b          :                              1.000000076218e+00
   42    1    b          :                              9.999999971918e-01
   43    1    b          :                              1.000000007128e+00
   44    1    b          :                              9.999999992267e-01
   45    1    b          :                              9.999999967735e-01
   46    1    b          :                              9.999978870973e-01
   47    1    b          :                              9.999997835090e-01
   48    1    b          :                              9.999999048511e-01
   49    1    b          :                              9.999991722166e-01
   50    1    b          :                              9.999976845262e-01
   51    1    b          :                              9.999998298356e-01
   52    1    b          :                              9.999980410911e-01
   53    1    b          :                              9.999982675400e-01
   54    1    b          :                              9.999995353376e-01
   55    1    b          :                              9.999983903777e-01
   56    1    b          :                              1.000000764932e+00
   57    1    b          :                              9.999991662417e-01
   58    1    b          :                              1.000000039911e+00
   59    1    b          :                              1.000000710935e+00
   60    1    b          :                              1.000000045460e+00
   61    1    b          :                              9.999999935933e-01
   62    1    b          :                              1.000000176878e+00
   63    1    b          :                              1.000000197531e+00
   64    1    b          :                              9.999999618153e-01
   65    1    b          :                              9.999958724850e-01
   66    1    b          :                              9.999949409899e-01
   67    1    b          :                              9.999994029707e-01
   68    1    b          :                              1.000002782365e+00
===========================================================================


~~~~~~~~~~~~~~~~~~~~~~~~~~~~~~~~~~~~~~~~~~~~~~~~~~~~~~~~~~~~~~~~~~~~~~~~~~~
 Calculation             : Compute initial energy
 Method                  : DFT (PBE)
 Precision               : 1.00000e-04
 Localization            : On
~~~~~~~~~~~~~~~~~~~~~~~~~~~~~~~~~~~~~~~~~~~~~~~~~~~~~~~~~~~~~~~~~~~~~~~~~~~


===========================================================================
                        Molecular Energy (initial)
---------------------------------------------------------------------------
 Kinetic energy          :            (au)                982.415106346619
 E-N energy              :            (au)              -3329.900087370098
 Coulomb energy          :            (au)                976.599597693459
 Exchange energy         :            (au)                  0.000000000000
 X-C energy              :            (au)                -87.801415797462
 Ext. field (el)         :            (au)                  0.000000000000
---------------------------------------------------------------------------
 N-N energy              :            (au)                521.556175132518
 Ext. field (nuc)        :            (au)                  0.000000000000
---------------------------------------------------------------------------
 Electronic energy       :            (au)              -1458.686799127482
 Nuclear energy          :            (au)                521.556175132518
---------------------------------------------------------------------------
 Total energy            :            (au)             -9.371306239950e+02
                         :      (kcal/mol)             -5.880583402467e+05
                         :        (kJ/mol)             -2.460436097189e+06
                         :            (eV)             -2.550062225167e+04
===========================================================================


===========================================================================
                        Orbital Energies (initial)
---------------------------------------------------------------------------
    n  Occ Spin          :                                         Epsilon
---------------------------------------------------------------------------
    0    1    a          :            (au)                -76.839773973229
    1    1    a          :            (au)                -23.963956049062
    2    1    a          :            (au)                -23.958931233050
    3    1    a          :            (au)                -23.721197647399
    4    1    a          :            (au)                -23.718169976859
    5    1    a          :            (au)                -23.703006523413
    6    1    a          :            (au)                -23.702377553649
    7    1    a          :            (au)                 -6.935653730941
    8    1    a          :            (au)                 -5.195570779268
    9    1    a          :            (au)                 -5.194551043862
   10    1    a          :            (au)                 -5.192464162400
   11    1    a          :            (au)                 -1.197325995512
   12    1    a          :            (au)                 -1.096622245664
   13    1    a          :            (au)                 -1.062788571473
   14    1    a          :            (au)                 -1.038108018361
   15    1    a          :            (au)                 -1.017162865095
   16    1    a          :            (au)                 -0.977267175698
   17    1    a          :            (au)                 -0.554092466366
   18    1    a          :            (au)                 -0.445644887063
   19    1    a          :            (au)                 -0.416354769073
   20    1    a          :            (au)                 -0.398021551035
   21    1    a          :            (au)                 -0.382662502632
   22    1    a          :            (au)                 -0.338891961738
   23    1    a          :            (au)                 -0.320979892630
   24    1    a          :            (au)                 -0.317579658097
   25    1    a          :            (au)                 -0.305897240082
   26    1    a          :            (au)                 -0.269850030615
   27    1    a          :            (au)                 -0.250028163145
   28    1    a          :            (au)                 -0.238094746832
   29    1    a          :            (au)                 -0.234440151468
   30    1    a          :            (au)                 -0.218254828025
   31    1    a          :            (au)                 -0.207825481924
   32    1    a          :            (au)                 -0.204843128748
   33    1    a          :            (au)                 -0.187232356346
   34    1    a          :            (au)                 -0.184793138581
   35    1    b          :            (au)                -76.839761345205
   36    1    b          :            (au)                -23.948657225100
   37    1    b          :            (au)                -23.943843049899
   38    1    b          :            (au)                -23.721405196177
   39    1    b          :            (au)                -23.718064710910
   40    1    b          :            (au)                -23.702975373455
   41    1    b          :            (au)                -23.702327438944
   42    1    b          :            (au)                 -6.935640666936
   43    1    b          :            (au)                 -5.195565669272
   44    1    b          :            (au)                 -5.194518075233
   45    1    b          :            (au)                 -5.192457633416
   46    1    b          :            (au)                 -1.186659663305
   47    1    b          :            (au)                 -1.080039206078
   48    1    b          :            (au)                 -1.045931343825
   49    1    b          :            (au)                 -1.038027453342
   50    1    b          :            (au)                 -1.002193032722
   51    1    b          :            (au)                 -0.974976576385
   52    1    b          :            (au)                 -0.541401102088
   53    1    b          :            (au)                 -0.423332686926
   54    1    b          :            (au)                 -0.406110685755
   55    1    b          :            (au)                 -0.379654759248
   56    1    b          :            (au)                 -0.359221597295
   57    1    b          :            (au)                 -0.328544303646
   58    1    b          :            (au)                 -0.306187628253
   59    1    b          :            (au)                 -0.303311625155
   60    1    b          :            (au)                 -0.267127788002
   61    1    b          :            (au)                 -0.248917300878
   62    1    b          :            (au)                 -0.237694702741
   63    1    b          :            (au)                 -0.233426127744
   64    1    b          :            (au)                 -0.218254948007
   65    1    b          :            (au)                 -0.207207397617
   66    1    b          :            (au)                 -0.205207275885
   67    1    b          :            (au)                 -0.186801515310
   68    1    b          :            (au)                 -0.184459705909
---------------------------------------------------------------------------
 Sum occupied            :            (au)               -507.450319309996
===========================================================================


~~~~~~~~~~~~~~~~~~~~~~~~~~~~~~~~~~~~~~~~~~~~~~~~~~~~~~~~~~~~~~~~~~~~~~~~~~~
 Calculation             : Optimize ground state orbitals
 Method                  : DFT (PBE)
 Checkpointing           : Off
 Max iterations          : 200
 KAIN solver             : 10
 Localization            : First two iterations
 Diagonalization         : Off
 Start precision         : 1.00000e-06
 Final precision         : 1.00000e-06
 Helmholtz precision     : Dynamic
 Energy threshold        : 1.00000e-06
 Orbital threshold       : 5.00000e-05
~~~~~~~~~~~~~~~~~~~~~~~~~~~~~~~~~~~~~~~~~~~~~~~~~~~~~~~~~~~~~~~~~~~~~~~~~~~


===========================================================================
 Iter           MO residual             Total energy                Update
---------------------------------------------------------------------------
    0          8.306624e+00        -937.130623994964         -9.371306e+02
    1          1.041407e+00        -939.729668066195         -2.599044e+00
    2          3.653641e-01        -940.029392336792         -2.997243e-01
    3          1.437689e-01        -940.071249174194         -4.185684e-02
    4          5.287328e-02        -940.081247937785         -9.998764e-03
    5          5.257247e-02        -940.087607928312         -6.359991e-03
    6          2.402161e-02        -940.088649916007         -1.041988e-03
    7          1.069978e-02        -940.088866086239         -2.161702e-04
    8          1.422303e-02        -940.089084094167         -2.180079e-04
    9          1.656319e-02        -940.089364077341         -2.799832e-04
   10          2.322656e-02        -940.089662017765         -2.979404e-04
   11          4.274469e-02        -940.090078913348         -4.168956e-04
   12          3.232102e-02        -940.090385914157         -3.070008e-04
   13          1.692151e-02        -940.090491874024         -1.059599e-04
   14          1.230781e-02        -940.090540479402         -4.860538e-05
   15          6.484729e-03        -940.090570835117         -3.035572e-05
   16          2.695917e-03        -940.090584178263         -1.334315e-05
   17          6.027538e-03        -940.090603161553         -1.898329e-05
   18          4.671720e-03        -940.090617856591         -1.469504e-05
   19          5.161009e-03        -940.090629139152         -1.128256e-05
   20          6.379400e-03        -940.090640366533         -1.122738e-05
   21          3.606246e-03        -940.090645628213         -5.261680e-06
   22          1.804489e-03        -940.090647578979         -1.950766e-06
   23          1.342355e-03        -940.090648950293         -1.371314e-06
   24          1.493603e-03        -940.090650055083         -1.104790e-06
   25          1.242719e-03        -940.090650718139         -6.630560e-07
   26          8.750607e-04        -940.090651464000         -7.458607e-07
   27          1.452543e-03        -940.090652261430         -7.974304e-07
   28          9.995698e-04        -940.090652861580         -6.001501e-07
   29          1.068640e-03        -940.090653406226         -5.446454e-07
   30          1.193979e-03        -940.090653769364         -3.631385e-07
   31          1.009469e-03        -940.090654111440         -3.420755e-07
   32          1.246408e-03        -940.090654482482         -3.710425e-07
   33          1.056314e-03        -940.090654841797         -3.593154e-07
   34          1.242010e-03        -940.090655179975         -3.381772e-07
   35          9.695720e-04        -940.090655513607         -3.336327e-07
   36          1.359528e-03        -940.090655806520         -2.929123e-07
   37          9.722505e-04        -940.090656056665         -2.501449e-07
   38          9.184257e-04        -940.090656223830         -1.671656e-07
   39          8.042011e-04        -940.090656319963         -9.613314e-08
   40          5.828310e-04        -940.090656407200         -8.723646e-08
   41          3.853472e-04        -940.090656460035         -5.283482e-08
   42          3.370931e-04        -940.090656521680         -6.164555e-08
   43          7.713405e-04        -940.090656626237         -1.045569e-07
   44          6.184265e-04        -940.090656709199         -8.296252e-08
   45          3.875284e-04        -940.090656752389         -4.318940e-08
   46          4.632927e-04        -940.090656793907         -4.151821e-08
   47          2.601772e-04        -940.090656826013         -3.210607e-08
   48          5.371531e-04        -940.090656866359         -4.034632e-08
   49          6.393089e-04        -940.090656916095         -4.973549e-08
   50          2.787530e-04        -940.090656940291         -2.419642e-08
   51          2.816407e-04        -940.090656963102         -2.281058e-08
   52          1.969379e-04        -940.090656973153         -1.005105e-08
   53          9.643749e-05        -940.090656976693         -3.539981e-09
   54          1.086501e-04        -940.090656981014         -4.320555e-09
   55          9.576669e-05        -940.090656985199         -4.185495e-09
   56          8.436823e-05        -940.090656988329         -3.130253e-09
   57          8.913850e-05        -940.090656990922         -2.592742e-09
   58          6.138885e-05        -940.090656992358         -1.435865e-09
---------------------------------------------------------------------------
                      SCF converged in 58 iterations!
===========================================================================


                                                                           
***************************************************************************
***                                                                     ***
***                    Printing Molecular Properties                    ***
***                                                                     ***
***************************************************************************
                                                                           
                                                                           
===========================================================================
                                 Molecule
---------------------------------------------------------------------------
 Charge                  :                                               0
 Multiplicity            :                                               2
---------------------------------------------------------------------------
    N    Atom            :               x               y               z
---------------------------------------------------------------------------
    0       P            :        0.000000        0.000000        0.344198
    1       F            :        2.335512        0.000000        2.174586
    2       F            :       -2.335512        0.000000        2.174586
    3       F            :        0.000000        2.984444        0.085872
    4       F            :        0.000000       -2.984444        0.085872
    5       F            :        1.843239        0.000000       -2.541036
    6       F            :       -1.843239        0.000000       -2.541036
---------------------------------------------------------------------------
 Center of mass          :        0.000000       -0.000000       -0.000000
===========================================================================


===========================================================================
                         Molecular Energy (final)
---------------------------------------------------------------------------
 Kinetic energy          :            (au)                937.942136851796
 E-N energy              :            (au)              -3283.644150377001
 Coulomb energy          :            (au)                969.457019085395
 Exchange energy         :            (au)                  0.000000000000
 X-C energy              :            (au)                -85.401837685066
 Ext. field (el)         :            (au)                  0.000000000000
---------------------------------------------------------------------------
 N-N energy              :            (au)                521.556175132518
 Ext. field (nuc)        :            (au)                  0.000000000000
---------------------------------------------------------------------------
 Electronic energy       :            (au)              -1461.646832124876
 Nuclear energy          :            (au)                521.556175132518
---------------------------------------------------------------------------
 Total energy            :            (au)             -9.400906569924e+02
                         :      (kcal/mol)             -5.899157889811e+05
                         :        (kJ/mol)             -2.468207662699e+06
                         :            (eV)             -2.558116884933e+04
===========================================================================


===========================================================================
                         Orbital Energies (final)
---------------------------------------------------------------------------
    n  Occ Spin          :                                         Epsilon
---------------------------------------------------------------------------
    0    1    a          :            (au)                -76.563774559646
    1    1    a          :            (au)                -24.365671877564
    2    1    a          :            (au)                -24.365657816265
    3    1    a          :            (au)                -24.314531507555
    4    1    a          :            (au)                -24.314530388009
    5    1    a          :            (au)                -24.295974072166
    6    1    a          :            (au)                -24.295973816454
    7    1    a          :            (au)                 -6.539027937572
    8    1    a          :            (au)                 -4.758175400767
    9    1    a          :            (au)                 -4.757209535050
   10    1    a          :            (au)                 -4.754871034356
   11    1    a          :            (au)                 -1.234077352525
   12    1    a          :            (au)                 -1.182341881437
   13    1    a          :            (au)                 -1.159877050287
   14    1    a          :            (au)                 -1.149036433642
   15    1    a          :            (au)                 -1.136497897380
   16    1    a          :            (au)                 -1.122742269967
   17    1    a          :            (au)                 -0.662624363359
   18    1    a          :            (au)                 -0.574629632582
   19    1    a          :            (au)                 -0.554040058203
   20    1    a          :            (au)                 -0.544592641275
   21    1    a          :            (au)                 -0.526770968610
   22    1    a          :            (au)                 -0.488686652544
   23    1    a          :            (au)                 -0.476064978986
   24    1    a          :            (au)                 -0.472297600127
   25    1    a          :            (au)                 -0.461171827193
   26    1    a          :            (au)                 -0.445104650575
   27    1    a          :            (au)                 -0.428507055957
   28    1    a          :            (au)                 -0.423522859085
   29    1    a          :            (au)                 -0.419629096319
   30    1    a          :            (au)                 -0.407632961040
   31    1    a          :            (au)                 -0.400546663620
   32    1    a          :            (au)                 -0.397388114083
   33    1    a          :            (au)                 -0.374326336781
   34    1    a          :            (au)                 -0.372306184462
   35    1    b          :            (au)                -76.563838139971
   36    1    b          :            (au)                -24.350546338346
   37    1    b          :            (au)                -24.350534198151
   38    1    b          :            (au)                -24.314145978152
   39    1    b          :            (au)                -24.314144937409
   40    1    b          :            (au)                -24.296105783270
   41    1    b          :            (au)                -24.296105642999
   42    1    b          :            (au)                 -6.539126363613
   43    1    b          :            (au)                 -4.758357476844
   44    1    b          :            (au)                 -4.757310639226
   45    1    b          :            (au)                 -4.754928010694
   46    1    b          :            (au)                 -1.225268926950
   47    1    b          :            (au)                 -1.162575723503
   48    1    b          :            (au)                 -1.156702096250
   49    1    b          :            (au)                 -1.149281076543
   50    1    b          :            (au)                 -1.118960737113
   51    1    b          :            (au)                 -1.105244948696
   52    1    b          :            (au)                 -0.658919570936
   53    1    b          :            (au)                 -0.560988017406
   54    1    b          :            (au)                 -0.550909565072
   55    1    b          :            (au)                 -0.544159929484
   56    1    b          :            (au)                 -0.483460318937
   57    1    b          :            (au)                 -0.483204395573
   58    1    b          :            (au)                 -0.474215871615
   59    1    b          :            (au)                 -0.464022745609
   60    1    b          :            (au)                 -0.458745090513
   61    1    b          :            (au)                 -0.433243254769
   62    1    b          :            (au)                 -0.418589931292
   63    1    b          :            (au)                 -0.409541919258
   64    1    b          :            (au)                 -0.408527934416
   65    1    b          :            (au)                 -0.399026797366
   66    1    b          :            (au)                 -0.396933511590
   67    1    b          :            (au)                 -0.371873064914
   68    1    b          :            (au)                 -0.369889502563
---------------------------------------------------------------------------
 Sum occupied            :            (au)               -516.839241914486
===========================================================================


===========================================================================
                           Dipole Moment (dip-1)
---------------------------------------------------------------------------
 r_O                     :        0.000000        0.000000        0.000000
---------------------------------------------------------------------------
 Electronic vector       :        0.000049        0.000006       -0.257990
 Magnitude               :            (au)                        0.257990
                         :         (Debye)                        0.655745
---------------------------------------------------------------------------
 Nuclear vector          :        0.000000        0.000000        0.112571
 Magnitude               :            (au)                        0.112571
                         :         (Debye)                        0.286126
---------------------------------------------------------------------------
 Total vector            :        0.000049        0.000006       -0.145419
 Magnitude               :            (au)                        0.145419
                         :         (Debye)                        0.369619
===========================================================================


                                                                           
                                                                           
***************************************************************************
***                                                                     ***
***                            Exiting MRChem                           ***
***                                                                     ***
***                       Wall time :  5h 21m  5s                       ***
***                                                                     ***
***************************************************************************
                                                                           
                                                                           
