                                                                           
                                                                           
***************************************************************************
***                                                                     ***
***                                                                     ***
***          __  __ ____   ____ _                                       ***
***         |  \/  |  _ \ / ___| |__   ___ _ __ ___                     ***
***         | |\/| | |_) | |   | '_ \ / _ \ '_ ` _ \                    ***
***         | |  | |  _ <| |___| | | |  __/ | | | | |                   ***
***         |_|  |_|_| \_\\____|_| |_|\___|_| |_| |_|                   ***
***                                                                     ***
***         VERSION            1.0.1                                    ***
***                                                                     ***
***         Git branch         HEAD                                     ***
***         Git commit hash    9309e3e1e52e5319b766-dirty               ***
***         Git commit author  Stig Rune Jensen                         ***
***         Git commit date    Fri Dec 4 16:08:55 2020 +0100            ***
***                                                                     ***
***         Contact: luca.frediani@uit.no                               ***
***                                                                     ***
***         Radovan Bast            Magnar Bjorgve                      ***
***         Roberto Di Remigio      Antoine Durdek                      ***
***         Luca Frediani           Gabriel Gerez                       ***
***         Stig Rune Jensen        Jonas Juselius                      ***
***         Rune Monstad            Peter Wind                          ***
***                                                                     ***
***************************************************************************

---------------------------------------------------------------------------

 MPI processes           :        (1 bank)                              20
 OpenMP threads          :                                               6
 Total cores             :                                             120
                                                                           
---------------------------------------------------------------------------

XCFun DFT library Copyright 2009-2020 Ulf Ekstrom and contributors.
See http://dftlibs.org/xcfun/ for more information.

This is free software; see the source code for copying conditions.
There is ABSOLUTELY NO WARRANTY; not even for MERCHANTABILITY or
FITNESS FOR A PARTICULAR PURPOSE. For details see the documentation.
Scientific users of this library should cite
U. Ekstrom, L. Visscher, R. Bast, A. J. Thorvaldsen and K. Ruud;
J.Chem.Theor.Comp. 2010, DOI: 10.1021/ct100117s

---------------------------------------------------------------------------

 MRCPP version         : 1.3.6
 Git branch            : HEAD
 Git commit hash       : 9309e3e1e52e5319b766-dirty
 Git commit author     : Stig Rune Jensen
 Git commit date       : Fri Dec 4 16:08:55 2020 +0100

 Linear algebra        : EIGEN v3.3.7
 Parallelization       : MPI/OpenMP (6 threads)

---------------------------------------------------------------------------


                                                                           
===========================================================================
                         MultiResolution Analysis
---------------------------------------------------------------------------
 polynomial order      : 9
 polynomial type       : Interpolating
---------------------------------------------------------------------------
 total boxes           : 8
 boxes                 : [          2           2           2 ]
 unit lengths          : [   32.00000    32.00000    32.00000 ]
 scaling factor        : [    1.00000     1.00000     1.00000 ]
 lower bounds          : [  -32.00000   -32.00000   -32.00000 ]
 upper bounds          : [   32.00000    32.00000    32.00000 ]
 total length          : [   64.00000    64.00000    64.00000 ]
===========================================================================


                                                                           
***************************************************************************
***                                                                     ***
***                        Initializing Molecule                        ***
***                                                                     ***
***************************************************************************
                                                                           
                                                                           
===========================================================================
                                 Molecule
---------------------------------------------------------------------------
 Charge                  :                                               0
 Multiplicity            :                                               2
---------------------------------------------------------------------------
    N    Atom            :               x               y               z
---------------------------------------------------------------------------
    0       O            :        0.000000        0.000000       -1.839074
    1       P            :        0.000000        0.000000        0.949972
---------------------------------------------------------------------------
 Center of mass          :        0.000000        0.000000       -0.000000
===========================================================================


                                                                           
***************************************************************************
***                                                                     ***
***                 Computing Ground State Wavefunction                 ***
***                                                                     ***
***************************************************************************
                                                                           
                                                                           
~~~~~~~~~~~~~~~~~~~~~~~~~~~~~~~~~~~~~~~~~~~~~~~~~~~~~~~~~~~~~~~~~~~~~~~~~~~
 Calculation             : Compute initial orbitals
 Method                  : Diagonalize SAD Hamiltonian
 Precision               : 1.00000e-04
 Restricted              : False
 Functional              : LDA (SVWN5)
 AO basis                : Hydrogenic orbitals
 Zeta quality            : 2
~~~~~~~~~~~~~~~~~~~~~~~~~~~~~~~~~~~~~~~~~~~~~~~~~~~~~~~~~~~~~~~~~~~~~~~~~~~


===========================================================================
                            Molecular Orbitals
---------------------------------------------------------------------------
 Alpha electrons         :                                              12
 Beta electrons          :                                              11
 Total electrons         :                                              23
---------------------------------------------------------------------------
    n  Occ Spin          :                                            Norm
---------------------------------------------------------------------------
    0    1    a          :                              9.999999893783e-01
    1    1    a          :                              9.999999924592e-01
    2    1    a          :                              1.000000000041e+00
    3    1    a          :                              1.000000000118e+00
    4    1    a          :                              9.999999999540e-01
    5    1    a          :                              9.999999999540e-01
    6    1    a          :                              9.999999995525e-01
    7    1    a          :                              9.999999986472e-01
    8    1    a          :                              9.999999999018e-01
    9    1    a          :                              9.999999998997e-01
   10    1    a          :                              1.000000000347e+00
   11    1    a          :                              9.999999996212e-01
   12    1    b          :                              9.999999001585e-01
   13    1    b          :                              9.999999862466e-01
   14    1    b          :                              1.000000000041e+00
   15    1    b          :                              1.000000000117e+00
   16    1    b          :                              9.999999999353e-01
   17    1    b          :                              9.999999999350e-01
   18    1    b          :                              1.000000004446e+00
   19    1    b          :                              9.999999890635e-01
   20    1    b          :                              9.999999999075e-01
   21    1    b          :                              9.999999999216e-01
   22    1    b          :                              1.000000017022e+00
===========================================================================


~~~~~~~~~~~~~~~~~~~~~~~~~~~~~~~~~~~~~~~~~~~~~~~~~~~~~~~~~~~~~~~~~~~~~~~~~~~
 Calculation             : Compute initial energy
 Method                  : DFT (PBE)
 Precision               : 1.00000e-04
 Localization            : On
~~~~~~~~~~~~~~~~~~~~~~~~~~~~~~~~~~~~~~~~~~~~~~~~~~~~~~~~~~~~~~~~~~~~~~~~~~~


===========================================================================
                        Molecular Energy (initial)
---------------------------------------------------------------------------
 Kinetic energy          :            (au)                437.615969702005
 E-N energy              :            (au)              -1105.763719231956
 Coulomb energy          :            (au)                243.596648072221
 Exchange energy         :            (au)                  0.000000000000
 X-C energy              :            (au)                -32.785279762265
 Ext. field (el)         :            (au)                  0.000000000000
---------------------------------------------------------------------------
 N-N energy              :            (au)                 43.025455519551
 Ext. field (nuc)        :            (au)                  0.000000000000
---------------------------------------------------------------------------
 Electronic energy       :            (au)               -457.336381219994
 Nuclear energy          :            (au)                 43.025455519551
---------------------------------------------------------------------------
 Total energy            :            (au)             -4.143109257004e+02
                         :      (kcal/mol)             -2.599840289872e+05
                         :        (kJ/mol)             -1.087773177988e+06
                         :            (eV)             -1.127397412966e+04
===========================================================================


===========================================================================
                        Orbital Energies (initial)
---------------------------------------------------------------------------
    n  Occ Spin          :                                         Epsilon
---------------------------------------------------------------------------
    0    1    a          :            (au)                -75.712484075735
    1    1    a          :            (au)                -17.523499704016
    2    1    a          :            (au)                 -6.027551444358
    3    1    a          :            (au)                 -4.285884693056
    4    1    a          :            (au)                 -4.268399853170
    5    1    a          :            (au)                 -4.265097386407
    6    1    a          :            (au)                 -0.459325736160
    7    1    a          :            (au)                 -0.125220482578
    8    1    a          :            (au)                  0.140499423721
    9    1    a          :            (au)                  0.258900534127
   10    1    a          :            (au)                  0.278515011553
   11    1    a          :            (au)                  0.418418541304
   12    1    b          :            (au)                -75.702783547004
   13    1    b          :            (au)                -17.521360096693
   14    1    b          :            (au)                 -6.017402272755
   15    1    b          :            (au)                 -4.279871293909
   16    1    b          :            (au)                 -4.262491242335
   17    1    b          :            (au)                 -4.237560166929
   18    1    b          :            (au)                 -0.439737106226
   19    1    b          :            (au)                 -0.086195552722
   20    1    b          :            (au)                  0.264317762231
   21    1    b          :            (au)                  0.281185307562
   22    1    b          :            (au)                  0.297923784994
---------------------------------------------------------------------------
 Sum occupied            :            (au)               -223.275104288561
===========================================================================


~~~~~~~~~~~~~~~~~~~~~~~~~~~~~~~~~~~~~~~~~~~~~~~~~~~~~~~~~~~~~~~~~~~~~~~~~~~
 Calculation             : Optimize ground state orbitals
 Method                  : DFT (PBE)
 Checkpointing           : Off
 Max iterations          : 200
 KAIN solver             : 10
 Localization            : First two iterations
 Diagonalization         : Off
 Start precision         : 1.00000e-06
 Final precision         : 1.00000e-06
 Helmholtz precision     : Dynamic
 Energy threshold        : 1.00000e-06
 Orbital threshold       : 5.00000e-05
~~~~~~~~~~~~~~~~~~~~~~~~~~~~~~~~~~~~~~~~~~~~~~~~~~~~~~~~~~~~~~~~~~~~~~~~~~~


===========================================================================
 Iter           MO residual             Total energy                Update
---------------------------------------------------------------------------
    0          4.795832e+00        -414.310925700443         -4.143109e+02
    1          1.053187e+00        -415.995560852305         -1.684635e+00
    2          4.611130e-01        -416.287120896811         -2.915600e-01
    3          1.929709e-01        -416.344402732678         -5.728184e-02
    4          1.342021e-01        -416.362666299227         -1.826357e-02
    5          1.116005e-01        -416.373976085377         -1.130979e-02
    6          3.372627e-02        -416.375426382656         -1.450297e-03
    7          2.817025e-02        -416.376243063803         -8.166811e-04
    8          1.332059e-02        -416.376467308647         -2.242448e-04
    9          9.059930e-03        -416.376564038278         -9.672963e-05
   10          6.291606e-03        -416.376604237550         -4.019927e-05
   11          4.096058e-03        -416.376618777325         -1.453977e-05
   12          2.469017e-03        -416.376623027897         -4.250572e-06
   13          1.214698e-03        -416.376624520891         -1.492994e-06
   14          9.707128e-04        -416.376625590387         -1.069497e-06
   15          1.291315e-03        -416.376626586303         -9.959154e-07
   16          1.484525e-03        -416.376627260025         -6.737218e-07
   17          7.442382e-04        -416.376627497424         -2.373989e-07
   18          2.972102e-04        -416.376627607159         -1.097355e-07
   19          1.884770e-04        -416.376627654598         -4.743913e-08
   20          1.616736e-04        -416.376627679475         -2.487656e-08
   21          1.158173e-04        -416.376627690171         -1.069634e-08
   22          8.101469e-05        -416.376627694617         -4.445781e-09
---------------------------------------------------------------------------
                      SCF converged in 22 iterations!
===========================================================================


                                                                           
***************************************************************************
***                                                                     ***
***                    Printing Molecular Properties                    ***
***                                                                     ***
***************************************************************************
                                                                           
                                                                           
===========================================================================
                                 Molecule
---------------------------------------------------------------------------
 Charge                  :                                               0
 Multiplicity            :                                               2
---------------------------------------------------------------------------
    N    Atom            :               x               y               z
---------------------------------------------------------------------------
    0       O            :        0.000000        0.000000       -1.839074
    1       P            :        0.000000        0.000000        0.949972
---------------------------------------------------------------------------
 Center of mass          :        0.000000        0.000000       -0.000000
===========================================================================


===========================================================================
                         Molecular Energy (final)
---------------------------------------------------------------------------
 Kinetic energy          :            (au)                415.715035073880
 E-N energy              :            (au)              -1076.453044575067
 Coulomb energy          :            (au)                232.880984016776
 Exchange energy         :            (au)                  0.000000000000
 X-C energy              :            (au)                -31.545057729757
 Ext. field (el)         :            (au)                  0.000000000000
---------------------------------------------------------------------------
 N-N energy              :            (au)                 43.025455519551
 Ext. field (nuc)        :            (au)                  0.000000000000
---------------------------------------------------------------------------
 Electronic energy       :            (au)               -459.402083214168
 Nuclear energy          :            (au)                 43.025455519551
---------------------------------------------------------------------------
 Total energy            :            (au)             -4.163766276946e+02
                         :      (kcal/mol)             -2.612802765487e+05
                         :        (kJ/mol)             -1.093196677789e+06
                         :            (eV)             -1.133018474202e+04
===========================================================================


===========================================================================
                         Orbital Energies (final)
---------------------------------------------------------------------------
    n  Occ Spin          :                                         Epsilon
---------------------------------------------------------------------------
    0    1    a          :            (au)                -76.363177692498
    1    1    a          :            (au)                -18.791607921754
    2    1    a          :            (au)                 -6.368375266577
    3    1    a          :            (au)                 -4.588815958480
    4    1    a          :            (au)                 -4.583359979267
    5    1    a          :            (au)                 -4.580705540625
    6    1    a          :            (au)                 -0.944627740592
    7    1    a          :            (au)                 -0.506835068160
    8    1    a          :            (au)                 -0.361947468997
    9    1    a          :            (au)                 -0.360875743367
   10    1    a          :            (au)                 -0.351254829875
   11    1    a          :            (au)                 -0.169358648291
   12    1    b          :            (au)                -76.360495947070
   13    1    b          :            (au)                -18.785927059544
   14    1    b          :            (au)                 -6.365577463032
   15    1    b          :            (au)                 -4.587183273450
   16    1    b          :            (au)                 -4.579193695970
   17    1    b          :            (au)                 -4.575107838989
   18    1    b          :            (au)                 -0.934973911463
   19    1    b          :            (au)                 -0.485542992771
   20    1    b          :            (au)                 -0.357410317059
   21    1    b          :            (au)                 -0.338201685410
   22    1    b          :            (au)                 -0.334242972512
---------------------------------------------------------------------------
 Sum occupied            :            (au)               -235.674799015754
===========================================================================


===========================================================================
                           Dipole Moment (dip-1)
---------------------------------------------------------------------------
 r_O                     :        0.000000        0.000000        0.000000
---------------------------------------------------------------------------
 Electronic vector       :        0.000000        0.000000        1.157781
 Magnitude               :            (au)                        1.157781
                         :         (Debye)                        2.942786
---------------------------------------------------------------------------
 Nuclear vector          :        0.000000        0.000000       -0.463008
 Magnitude               :            (au)                        0.463008
                         :         (Debye)                        1.176848
---------------------------------------------------------------------------
 Total vector            :        0.000000        0.000000        0.694773
 Magnitude               :            (au)                        0.694773
                         :         (Debye)                        1.765938
===========================================================================


                                                                           
                                                                           
***************************************************************************
***                                                                     ***
***                            Exiting MRChem                           ***
***                                                                     ***
***                       Wall time :  0h 26m  6s                       ***
***                                                                     ***
***************************************************************************
                                                                           
                                                                           
