                                                                           
                                                                           
***************************************************************************
***                                                                     ***
***                                                                     ***
***          __  __ ____   ____ _                                       ***
***         |  \/  |  _ \ / ___| |__   ___ _ __ ___                     ***
***         | |\/| | |_) | |   | '_ \ / _ \ '_ ` _ \                    ***
***         | |  | |  _ <| |___| | | |  __/ | | | | |                   ***
***         |_|  |_|_| \_\\____|_| |_|\___|_| |_| |_|                   ***
***                                                                     ***
***         VERSION            1.0.1                                    ***
***                                                                     ***
***         Git branch         HEAD                                     ***
***         Git commit hash    9309e3e1e52e5319b766-dirty               ***
***         Git commit author  Stig Rune Jensen                         ***
***         Git commit date    Fri Dec 4 16:08:55 2020 +0100            ***
***                                                                     ***
***         Contact: luca.frediani@uit.no                               ***
***                                                                     ***
***         Radovan Bast            Magnar Bjorgve                      ***
***         Roberto Di Remigio      Antoine Durdek                      ***
***         Luca Frediani           Gabriel Gerez                       ***
***         Stig Rune Jensen        Jonas Juselius                      ***
***         Rune Monstad            Peter Wind                          ***
***                                                                     ***
***************************************************************************

---------------------------------------------------------------------------

 MPI processes           :        (1 bank)                              20
 OpenMP threads          :                                               6
 Total cores             :                                             120
                                                                           
---------------------------------------------------------------------------

XCFun DFT library Copyright 2009-2020 Ulf Ekstrom and contributors.
See http://dftlibs.org/xcfun/ for more information.

This is free software; see the source code for copying conditions.
There is ABSOLUTELY NO WARRANTY; not even for MERCHANTABILITY or
FITNESS FOR A PARTICULAR PURPOSE. For details see the documentation.
Scientific users of this library should cite
U. Ekstrom, L. Visscher, R. Bast, A. J. Thorvaldsen and K. Ruud;
J.Chem.Theor.Comp. 2010, DOI: 10.1021/ct100117s

---------------------------------------------------------------------------

 MRCPP version         : 1.3.6
 Git branch            : HEAD
 Git commit hash       : 9309e3e1e52e5319b766-dirty
 Git commit author     : Stig Rune Jensen
 Git commit date       : Fri Dec 4 16:08:55 2020 +0100

 Linear algebra        : EIGEN v3.3.7
 Parallelization       : MPI/OpenMP (6 threads)

---------------------------------------------------------------------------


                                                                           
===========================================================================
                         MultiResolution Analysis
---------------------------------------------------------------------------
 polynomial order      : 9
 polynomial type       : Interpolating
---------------------------------------------------------------------------
 total boxes           : 8
 boxes                 : [          2           2           2 ]
 unit lengths          : [   32.00000    32.00000    32.00000 ]
 scaling factor        : [    1.00000     1.00000     1.00000 ]
 lower bounds          : [  -32.00000   -32.00000   -32.00000 ]
 upper bounds          : [   32.00000    32.00000    32.00000 ]
 total length          : [   64.00000    64.00000    64.00000 ]
===========================================================================


                                                                           
***************************************************************************
***                                                                     ***
***                        Initializing Molecule                        ***
***                                                                     ***
***************************************************************************
                                                                           
                                                                           
===========================================================================
                                 Molecule
---------------------------------------------------------------------------
 Charge                  :                                               0
 Multiplicity            :                                               2
---------------------------------------------------------------------------
    N    Atom            :               x               y               z
---------------------------------------------------------------------------
    0       P            :        0.000000        0.000000        0.535625
    1       O            :        0.000000        2.563035       -0.518464
    2       O            :        0.000000       -2.563035       -0.518464
---------------------------------------------------------------------------
 Center of mass          :        0.000000       -0.000000       -0.000000
===========================================================================


                                                                           
***************************************************************************
***                                                                     ***
***                 Computing Ground State Wavefunction                 ***
***                                                                     ***
***************************************************************************
                                                                           
                                                                           
~~~~~~~~~~~~~~~~~~~~~~~~~~~~~~~~~~~~~~~~~~~~~~~~~~~~~~~~~~~~~~~~~~~~~~~~~~~
 Calculation             : Compute initial orbitals
 Method                  : Diagonalize SAD Hamiltonian
 Precision               : 1.00000e-04
 Restricted              : False
 Functional              : LDA (SVWN5)
 AO basis                : Hydrogenic orbitals
 Zeta quality            : 2
~~~~~~~~~~~~~~~~~~~~~~~~~~~~~~~~~~~~~~~~~~~~~~~~~~~~~~~~~~~~~~~~~~~~~~~~~~~


===========================================================================
                            Molecular Orbitals
---------------------------------------------------------------------------
 Alpha electrons         :                                              16
 Beta electrons          :                                              15
 Total electrons         :                                              31
---------------------------------------------------------------------------
    n  Occ Spin          :                                            Norm
---------------------------------------------------------------------------
    0    1    a          :                              9.999990458570e-01
    1    1    a          :                              9.999965552774e-01
    2    1    a          :                              1.000000071555e+00
    3    1    a          :                              1.000000023669e+00
    4    1    a          :                              9.999995676772e-01
    5    1    a          :                              9.999999938254e-01
    6    1    a          :                              1.000000002470e+00
    7    1    a          :                              9.999987476244e-01
    8    1    a          :                              1.000002576484e+00
    9    1    a          :                              1.000003254292e+00
   10    1    a          :                              1.000001836736e+00
   11    1    a          :                              1.000001330668e+00
   12    1    a          :                              1.000003447235e+00
   13    1    a          :                              1.000002850092e+00
   14    1    a          :                              9.999982888699e-01
   15    1    a          :                              9.999990625026e-01
   16    1    b          :                              9.999998807766e-01
   17    1    b          :                              9.999938715996e-01
   18    1    b          :                              1.000000231203e+00
   19    1    b          :                              1.000000053587e+00
   20    1    b          :                              9.999995383794e-01
   21    1    b          :                              9.999999938254e-01
   22    1    b          :                              1.000000002470e+00
   23    1    b          :                              9.999991115044e-01
   24    1    b          :                              1.000002340117e+00
   25    1    b          :                              1.000003257053e+00
   26    1    b          :                              1.000001837034e+00
   27    1    b          :                              1.000000258582e+00
   28    1    b          :                              1.000006247659e+00
   29    1    b          :                              1.000002806213e+00
   30    1    b          :                              9.999979390205e-01
===========================================================================


~~~~~~~~~~~~~~~~~~~~~~~~~~~~~~~~~~~~~~~~~~~~~~~~~~~~~~~~~~~~~~~~~~~~~~~~~~~
 Calculation             : Compute initial energy
 Method                  : DFT (PBE)
 Precision               : 1.00000e-04
 Localization            : On
~~~~~~~~~~~~~~~~~~~~~~~~~~~~~~~~~~~~~~~~~~~~~~~~~~~~~~~~~~~~~~~~~~~~~~~~~~~


===========================================================================
                        Molecular Energy (initial)
---------------------------------------------------------------------------
 Kinetic energy          :            (au)                514.248571934234
 E-N energy              :            (au)              -1392.903311545716
 Coulomb energy          :            (au)                331.626144182810
 Exchange energy         :            (au)                  0.000000000000
 X-C energy              :            (au)                -41.493923499069
 Ext. field (el)         :            (au)                  0.000000000000
---------------------------------------------------------------------------
 N-N energy              :            (au)                 99.086303686537
 Ext. field (nuc)        :            (au)                  0.000000000000
---------------------------------------------------------------------------
 Electronic energy       :            (au)               -588.522518927741
 Nuclear energy          :            (au)                 99.086303686537
---------------------------------------------------------------------------
 Total energy            :            (au)             -4.894362152412e+02
                         :      (kcal/mol)             -3.071258595354e+05
                         :        (kJ/mol)             -1.285014597130e+06
                         :            (eV)             -1.331823731034e+04
===========================================================================


===========================================================================
                        Orbital Energies (initial)
---------------------------------------------------------------------------
    n  Occ Spin          :                                         Epsilon
---------------------------------------------------------------------------
    0    1    a          :            (au)                -76.432496520509
    1    1    a          :            (au)                -17.807441374019
    2    1    a          :            (au)                -17.807389474161
    3    1    a          :            (au)                 -6.610773807367
    4    1    a          :            (au)                 -4.872644624653
    5    1    a          :            (au)                 -4.866187602388
    6    1    a          :            (au)                 -4.857792901968
    7    1    a          :            (au)                 -0.808324015613
    8    1    a          :            (au)                 -0.645181300610
    9    1    a          :            (au)                 -0.305973565693
   10    1    a          :            (au)                 -0.005798811275
   11    1    a          :            (au)                  0.005797851650
   12    1    a          :            (au)                  0.022455745488
   13    1    a          :            (au)                  0.108563778491
   14    1    a          :            (au)                  0.117364379033
   15    1    a          :            (au)                  0.164218494228
   16    1    b          :            (au)                -76.425625368354
   17    1    b          :            (au)                -17.802488445226
   18    1    b          :            (au)                -17.802453127484
   19    1    b          :            (au)                 -6.600523141856
   20    1    b          :            (au)                 -4.863555979970
   21    1    b          :            (au)                 -4.851788235920
   22    1    b          :            (au)                 -4.849016749200
   23    1    b          :            (au)                 -0.741972028024
   24    1    b          :            (au)                 -0.633522329571
   25    1    b          :            (au)                 -0.067114160294
   26    1    b          :            (au)                  0.013860149251
   27    1    b          :            (au)                  0.033080453312
   28    1    b          :            (au)                  0.033596093729
   29    1    b          :            (au)                  0.112649029238
   30    1    b          :            (au)                  0.122065592941
---------------------------------------------------------------------------
 Sum occupied            :            (au)               -268.924411996798
===========================================================================


~~~~~~~~~~~~~~~~~~~~~~~~~~~~~~~~~~~~~~~~~~~~~~~~~~~~~~~~~~~~~~~~~~~~~~~~~~~
 Calculation             : Optimize ground state orbitals
 Method                  : DFT (PBE)
 Checkpointing           : Off
 Max iterations          : 200
 KAIN solver             : 10
 Localization            : First two iterations
 Diagonalization         : Off
 Start precision         : 1.00000e-06
 Final precision         : 1.00000e-06
 Helmholtz precision     : Dynamic
 Energy threshold        : 1.00000e-06
 Orbital threshold       : 5.00000e-05
~~~~~~~~~~~~~~~~~~~~~~~~~~~~~~~~~~~~~~~~~~~~~~~~~~~~~~~~~~~~~~~~~~~~~~~~~~~


===========================================================================
 Iter           MO residual             Total energy                Update
---------------------------------------------------------------------------
    0          5.567764e+00        -489.436215241204         -4.894362e+02
    1          9.314684e-01        -491.287750420048         -1.851535e+00
    2          3.438343e-01        -491.541800444475         -2.540500e-01
    3          1.561553e-01        -491.584517798808         -4.271735e-02
    4          7.267655e-02        -491.596520476641         -1.200268e-02
    5          6.014134e-02        -491.603045622981         -6.525146e-03
    6          4.267647e-02        -491.605012768244         -1.967145e-03
    7          2.087498e-02        -491.605433768905         -4.210007e-04
    8          2.318509e-02        -491.605610744130         -1.769752e-04
    9          1.610710e-02        -491.605748664971         -1.379208e-04
   10          8.573635e-03        -491.605791512747         -4.284778e-05
   11          3.935494e-03        -491.605803205792         -1.169305e-05
   12          1.790787e-03        -491.605809886301         -6.680509e-06
   13          1.302992e-03        -491.605811066442         -1.180141e-06
   14          4.620189e-04        -491.605811384948         -3.185061e-07
   15          3.186564e-04        -491.605811540010         -1.550621e-07
   16          1.636481e-04        -491.605811568512         -2.850231e-08
   17          1.295455e-04        -491.605811584535         -1.602280e-08
   18          9.094484e-05        -491.605811590653         -6.117943e-09
---------------------------------------------------------------------------
                      SCF converged in 18 iterations!
===========================================================================


                                                                           
***************************************************************************
***                                                                     ***
***                    Printing Molecular Properties                    ***
***                                                                     ***
***************************************************************************
                                                                           
                                                                           
===========================================================================
                                 Molecule
---------------------------------------------------------------------------
 Charge                  :                                               0
 Multiplicity            :                                               2
---------------------------------------------------------------------------
    N    Atom            :               x               y               z
---------------------------------------------------------------------------
    0       P            :        0.000000        0.000000        0.535625
    1       O            :        0.000000        2.563035       -0.518464
    2       O            :        0.000000       -2.563035       -0.518464
---------------------------------------------------------------------------
 Center of mass          :        0.000000       -0.000000       -0.000000
===========================================================================


===========================================================================
                         Molecular Energy (final)
---------------------------------------------------------------------------
 Kinetic energy          :            (au)                490.763380760204
 E-N energy              :            (au)              -1366.184285326862
 Coulomb energy          :            (au)                324.854559805565
 Exchange energy         :            (au)                  0.000000000000
 X-C energy              :            (au)                -40.125770516098
 Ext. field (el)         :            (au)                  0.000000000000
---------------------------------------------------------------------------
 N-N energy              :            (au)                 99.086303686537
 Ext. field (nuc)        :            (au)                  0.000000000000
---------------------------------------------------------------------------
 Electronic energy       :            (au)               -590.692115277190
 Nuclear energy          :            (au)                 99.086303686537
---------------------------------------------------------------------------
 Total energy            :            (au)             -4.916058115907e+02
                         :      (kcal/mol)             -3.084873017886e+05
                         :        (kJ/mol)             -1.290710871521e+06
                         :            (eV)             -1.337727503201e+04
===========================================================================


===========================================================================
                         Orbital Energies (final)
---------------------------------------------------------------------------
    n  Occ Spin          :                                         Epsilon
---------------------------------------------------------------------------
    0    1    a          :            (au)                -76.405740519663
    1    1    a          :            (au)                -18.808916795933
    2    1    a          :            (au)                -18.808914261931
    3    1    a          :            (au)                 -6.408177981685
    4    1    a          :            (au)                 -4.627169116550
    5    1    a          :            (au)                 -4.624305200481
    6    1    a          :            (au)                 -4.620656408823
    7    1    a          :            (au)                 -0.991695165654
    8    1    a          :            (au)                 -0.946717686856
    9    1    a          :            (au)                 -0.514936435646
   10    1    a          :            (au)                 -0.419413662436
   11    1    a          :            (au)                 -0.404574517725
   12    1    a          :            (au)                 -0.404132959853
   13    1    a          :            (au)                 -0.338350657058
   14    1    a          :            (au)                 -0.329756317312
   15    1    a          :            (au)                 -0.273342617857
   16    1    b          :            (au)                -76.403976638971
   17    1    b          :            (au)                -18.802848791662
   18    1    b          :            (au)                -18.802846285828
   19    1    b          :            (au)                 -6.405693056052
   20    1    b          :            (au)                 -4.624979549546
   21    1    b          :            (au)                 -4.619780518181
   22    1    b          :            (au)                 -4.618839046639
   23    1    b          :            (au)                 -0.978116175597
   24    1    b          :            (au)                 -0.932389963677
   25    1    b          :            (au)                 -0.493299801019
   26    1    b          :            (au)                 -0.400375920872
   27    1    b          :            (au)                 -0.397006961149
   28    1    b          :            (au)                 -0.389446996127
   29    1    b          :            (au)                 -0.334218250039
   30    1    b          :            (au)                 -0.320544616769
---------------------------------------------------------------------------
 Sum occupied            :            (au)               -277.451162877589
===========================================================================


===========================================================================
                           Dipole Moment (dip-1)
---------------------------------------------------------------------------
 r_O                     :        0.000000        0.000000        0.000000
---------------------------------------------------------------------------
 Electronic vector       :        0.000000       -0.000002        0.757025
 Magnitude               :            (au)                        0.757025
                         :         (Debye)                        1.924165
---------------------------------------------------------------------------
 Nuclear vector          :        0.000000        0.000000       -0.261059
 Magnitude               :            (au)                        0.261059
                         :         (Debye)                        0.663545
---------------------------------------------------------------------------
 Total vector            :        0.000000       -0.000002        0.495966
 Magnitude               :            (au)                        0.495966
                         :         (Debye)                        1.260620
===========================================================================


                                                                           
                                                                           
***************************************************************************
***                                                                     ***
***                            Exiting MRChem                           ***
***                                                                     ***
***                       Wall time :  0h 32m 38s                       ***
***                                                                     ***
***************************************************************************
                                                                           
                                                                           
