                                                                           
                                                                           
***************************************************************************
***                                                                     ***
***                                                                     ***
***          __  __ ____   ____ _                                       ***
***         |  \/  |  _ \ / ___| |__   ___ _ __ ___                     ***
***         | |\/| | |_) | |   | '_ \ / _ \ '_ ` _ \                    ***
***         | |  | |  _ <| |___| | | |  __/ | | | | |                   ***
***         |_|  |_|_| \_\\____|_| |_|\___|_| |_| |_|                   ***
***                                                                     ***
***         VERSION            1.0.1                                    ***
***                                                                     ***
***         Git branch         HEAD                                     ***
***         Git commit hash    9309e3e1e52e5319b766-dirty               ***
***         Git commit author  Stig Rune Jensen                         ***
***         Git commit date    Fri Dec 4 16:08:55 2020 +0100            ***
***                                                                     ***
***         Contact: luca.frediani@uit.no                               ***
***                                                                     ***
***         Radovan Bast            Magnar Bjorgve                      ***
***         Roberto Di Remigio      Antoine Durdek                      ***
***         Luca Frediani           Gabriel Gerez                       ***
***         Stig Rune Jensen        Jonas Juselius                      ***
***         Rune Monstad            Peter Wind                          ***
***                                                                     ***
***************************************************************************

---------------------------------------------------------------------------

 MPI processes           :        (1 bank)                              20
 OpenMP threads          :                                               6
 Total cores             :                                             120
                                                                           
---------------------------------------------------------------------------

XCFun DFT library Copyright 2009-2020 Ulf Ekstrom and contributors.
See http://dftlibs.org/xcfun/ for more information.

This is free software; see the source code for copying conditions.
There is ABSOLUTELY NO WARRANTY; not even for MERCHANTABILITY or
FITNESS FOR A PARTICULAR PURPOSE. For details see the documentation.
Scientific users of this library should cite
U. Ekstrom, L. Visscher, R. Bast, A. J. Thorvaldsen and K. Ruud;
J.Chem.Theor.Comp. 2010, DOI: 10.1021/ct100117s

---------------------------------------------------------------------------

 MRCPP version         : 1.3.6
 Git branch            : HEAD
 Git commit hash       : 9309e3e1e52e5319b766-dirty
 Git commit author     : Stig Rune Jensen
 Git commit date       : Fri Dec 4 16:08:55 2020 +0100

 Linear algebra        : EIGEN v3.3.7
 Parallelization       : MPI/OpenMP (6 threads)

---------------------------------------------------------------------------


                                                                           
===========================================================================
                         MultiResolution Analysis
---------------------------------------------------------------------------
 polynomial order      : 9
 polynomial type       : Interpolating
---------------------------------------------------------------------------
 total boxes           : 8
 boxes                 : [          2           2           2 ]
 unit lengths          : [   32.00000    32.00000    32.00000 ]
 scaling factor        : [    1.00000     1.00000     1.00000 ]
 lower bounds          : [  -32.00000   -32.00000   -32.00000 ]
 upper bounds          : [   32.00000    32.00000    32.00000 ]
 total length          : [   64.00000    64.00000    64.00000 ]
===========================================================================


                                                                           
***************************************************************************
***                                                                     ***
***                        Initializing Molecule                        ***
***                                                                     ***
***************************************************************************
                                                                           
                                                                           
===========================================================================
                                 Molecule
---------------------------------------------------------------------------
 Charge                  :                                               0
 Multiplicity            :                                               1
---------------------------------------------------------------------------
    N    Atom            :               x               y               z
---------------------------------------------------------------------------
    0       P            :        0.000000        0.000000       -0.877386
    1       N            :        0.000000        0.000000        1.940196
---------------------------------------------------------------------------
 Center of mass          :        0.000000        0.000000        0.000000
===========================================================================


                                                                           
***************************************************************************
***                                                                     ***
***                 Computing Ground State Wavefunction                 ***
***                                                                     ***
***************************************************************************
                                                                           
                                                                           
~~~~~~~~~~~~~~~~~~~~~~~~~~~~~~~~~~~~~~~~~~~~~~~~~~~~~~~~~~~~~~~~~~~~~~~~~~~
 Calculation             : Compute initial orbitals
 Method                  : Diagonalize SAD Hamiltonian
 Precision               : 1.00000e-04
 Restricted              : False
 Functional              : LDA (SVWN5)
 AO basis                : Hydrogenic orbitals
 Zeta quality            : 2
~~~~~~~~~~~~~~~~~~~~~~~~~~~~~~~~~~~~~~~~~~~~~~~~~~~~~~~~~~~~~~~~~~~~~~~~~~~


===========================================================================
                            Molecular Orbitals
---------------------------------------------------------------------------
 Alpha electrons         :                                              11
 Beta electrons          :                                              11
 Total electrons         :                                              22
---------------------------------------------------------------------------
    n  Occ Spin          :                                            Norm
---------------------------------------------------------------------------
    0    1    a          :                              9.999996718411e-01
    1    1    a          :                              9.999999960469e-01
    2    1    a          :                              9.999999998253e-01
    3    1    a          :                              1.000000000581e+00
    4    1    a          :                              9.999999999225e-01
    5    1    a          :                              9.999999999212e-01
    6    1    a          :                              1.000000001252e+00
    7    1    a          :                              9.999999946585e-01
    8    1    a          :                              9.999999998818e-01
    9    1    a          :                              9.999999998921e-01
   10    1    a          :                              9.999999994223e-01
   11    1    b          :                              9.999999952811e-01
   12    1    b          :                              9.999999960469e-01
   13    1    b          :                              9.999999998253e-01
   14    1    b          :                              1.000000000581e+00
   15    1    b          :                              9.999999999229e-01
   16    1    b          :                              9.999999999212e-01
   17    1    b          :                              1.000000001996e+00
   18    1    b          :                              9.999999947902e-01
   19    1    b          :                              9.999999998733e-01
   20    1    b          :                              9.999999998836e-01
   21    1    b          :                              9.999999994223e-01
===========================================================================


~~~~~~~~~~~~~~~~~~~~~~~~~~~~~~~~~~~~~~~~~~~~~~~~~~~~~~~~~~~~~~~~~~~~~~~~~~~
 Calculation             : Compute initial energy
 Method                  : DFT (PBE)
 Precision               : 1.00000e-04
 Localization            : On
~~~~~~~~~~~~~~~~~~~~~~~~~~~~~~~~~~~~~~~~~~~~~~~~~~~~~~~~~~~~~~~~~~~~~~~~~~~


===========================================================================
                        Molecular Energy (initial)
---------------------------------------------------------------------------
 Kinetic energy          :            (au)                413.349598521646
 E-N energy              :            (au)              -1036.460591610325
 Coulomb energy          :            (au)                222.878017194579
 Exchange energy         :            (au)                  0.000000000000
 X-C energy              :            (au)                -30.802839651129
 Ext. field (el)         :            (au)                  0.000000000000
---------------------------------------------------------------------------
 N-N energy              :            (au)                 37.266003437097
 Ext. field (nuc)        :            (au)                  0.000000000000
---------------------------------------------------------------------------
 Electronic energy       :            (au)               -431.035815545230
 Nuclear energy          :            (au)                 37.266003437097
---------------------------------------------------------------------------
 Total energy            :            (au)             -3.937698121081e+02
                         :      (kcal/mol)             -2.470942857042e+05
                         :        (kJ/mol)             -1.033842492057e+06
                         :            (eV)             -1.071502197834e+04
===========================================================================


===========================================================================
                        Orbital Energies (initial)
---------------------------------------------------------------------------
    n  Occ Spin          :                                         Epsilon
---------------------------------------------------------------------------
    0    1    a          :            (au)                -76.182760244038
    1    1    a          :            (au)                -12.589220151867
    2    1    a          :            (au)                 -6.400048804194
    3    1    a          :            (au)                 -4.659794821878
    4    1    a          :            (au)                 -4.659794679603
    5    1    a          :            (au)                 -4.636878129534
    6    1    a          :            (au)                 -0.510677319414
    7    1    a          :            (au)                 -0.110419055372
    8    1    a          :            (au)                  0.383014408738
    9    1    a          :            (au)                  0.383014434849
   10    1    a          :            (au)                  0.430675925711
   11    1    b          :            (au)                -76.182835467133
   12    1    b          :            (au)                -12.589231120631
   13    1    b          :            (au)                 -6.400048900934
   14    1    b          :            (au)                 -4.659795223962
   15    1    b          :            (au)                 -4.659795079348
   16    1    b          :            (au)                 -4.636878612058
   17    1    b          :            (au)                 -0.510671386429
   18    1    b          :            (au)                 -0.110416448697
   19    1    b          :            (au)                  0.383013906932
   20    1    b          :            (au)                  0.383013933178
   21    1    b          :            (au)                  0.430675736812
---------------------------------------------------------------------------
 Sum occupied            :            (au)               -217.105857098873
===========================================================================


~~~~~~~~~~~~~~~~~~~~~~~~~~~~~~~~~~~~~~~~~~~~~~~~~~~~~~~~~~~~~~~~~~~~~~~~~~~
 Calculation             : Optimize ground state orbitals
 Method                  : DFT (PBE)
 Checkpointing           : Off
 Max iterations          : 200
 KAIN solver             : 10
 Localization            : First two iterations
 Diagonalization         : Off
 Start precision         : 1.00000e-06
 Final precision         : 1.00000e-06
 Helmholtz precision     : Dynamic
 Energy threshold        : 1.00000e-06
 Orbital threshold       : 5.00000e-05
~~~~~~~~~~~~~~~~~~~~~~~~~~~~~~~~~~~~~~~~~~~~~~~~~~~~~~~~~~~~~~~~~~~~~~~~~~~


===========================================================================
 Iter           MO residual             Total energy                Update
---------------------------------------------------------------------------
    0          4.690416e+00        -393.769812108133         -3.937698e+02
    1          9.970721e-01        -395.570047035911         -1.800235e+00
    2          4.218852e-01        -395.836127073512         -2.660800e-01
    3          1.506578e-01        -395.878454484567         -4.232741e-02
    4          1.075402e-01        -395.895180365410         -1.672588e-02
    5          4.586430e-02        -395.898974055966         -3.793691e-03
    6          3.208828e-02        -395.900584750149         -1.610694e-03
    7          2.149529e-02        -395.901025632405         -4.408823e-04
    8          1.259485e-02        -395.901136361582         -1.107292e-04
    9          3.619467e-03        -395.901159323688         -2.296211e-05
   10          1.866331e-03        -395.901165189005         -5.865318e-06
   11          5.899929e-04        -395.901166347671         -1.158666e-06
   12          2.720912e-04        -395.901166484129         -1.364580e-07
   13          7.410854e-05        -395.901166500915         -1.678569e-08
---------------------------------------------------------------------------
                      SCF converged in 13 iterations!
===========================================================================


                                                                           
***************************************************************************
***                                                                     ***
***                    Printing Molecular Properties                    ***
***                                                                     ***
***************************************************************************
                                                                           
                                                                           
===========================================================================
                                 Molecule
---------------------------------------------------------------------------
 Charge                  :                                               0
 Multiplicity            :                                               1
---------------------------------------------------------------------------
    N    Atom            :               x               y               z
---------------------------------------------------------------------------
    0       P            :        0.000000        0.000000       -0.877386
    1       N            :        0.000000        0.000000        1.940196
---------------------------------------------------------------------------
 Center of mass          :        0.000000        0.000000        0.000000
===========================================================================


===========================================================================
                         Molecular Energy (final)
---------------------------------------------------------------------------
 Kinetic energy          :            (au)                395.247966245946
 E-N energy              :            (au)              -1015.357126412794
 Coulomb energy          :            (au)                216.769308057100
 Exchange energy         :            (au)                  0.000000000000
 X-C energy              :            (au)                -29.827317828263
 Ext. field (el)         :            (au)                  0.000000000000
---------------------------------------------------------------------------
 N-N energy              :            (au)                 37.266003437097
 Ext. field (nuc)        :            (au)                  0.000000000000
---------------------------------------------------------------------------
 Electronic energy       :            (au)               -433.167169938012
 Nuclear energy          :            (au)                 37.266003437097
---------------------------------------------------------------------------
 Total energy            :            (au)             -3.959011665009e+02
                         :      (kcal/mol)             -2.484317307675e+05
                         :        (kJ/mol)             -1.039438362206e+06
                         :            (eV)             -1.077301908340e+04
===========================================================================


===========================================================================
                         Orbital Energies (final)
---------------------------------------------------------------------------
    n  Occ Spin          :                                         Epsilon
---------------------------------------------------------------------------
    0    1    a          :            (au)                -76.337438730815
    1    1    a          :            (au)                -14.018955073852
    2    1    a          :            (au)                 -6.349125238598
    3    1    a          :            (au)                 -4.566026034751
    4    1    a          :            (au)                 -4.566026034737
    5    1    a          :            (au)                 -4.559913094064
    6    1    a          :            (au)                 -0.778331461399
    7    1    a          :            (au)                 -0.451023042717
    8    1    a          :            (au)                 -0.306575561790
    9    1    a          :            (au)                 -0.306575561771
   10    1    a          :            (au)                 -0.284921298293
   11    1    b          :            (au)                -76.337438730519
   12    1    b          :            (au)                -14.018955078784
   13    1    b          :            (au)                 -6.349125238670
   14    1    b          :            (au)                 -4.566026034888
   15    1    b          :            (au)                 -4.566026034865
   16    1    b          :            (au)                 -4.559913093822
   17    1    b          :            (au)                 -0.778331462189
   18    1    b          :            (au)                 -0.451023048542
   19    1    b          :            (au)                 -0.306575563403
   20    1    b          :            (au)                 -0.306575563382
   21    1    b          :            (au)                 -0.284921308217
---------------------------------------------------------------------------
 Sum occupied            :            (au)               -225.049822290067
===========================================================================


===========================================================================
                           Dipole Moment (dip-1)
---------------------------------------------------------------------------
 r_O                     :        0.000000        0.000000        0.000000
---------------------------------------------------------------------------
 Electronic vector       :       -0.000000        0.000000       -1.490753
 Magnitude               :            (au)                        1.490753
                         :         (Debye)                        3.789117
---------------------------------------------------------------------------
 Nuclear vector          :        0.000000        0.000000        0.420582
 Magnitude               :            (au)                        0.420582
                         :         (Debye)                        1.069012
---------------------------------------------------------------------------
 Total vector            :        0.000000        0.000000       -1.070172
 Magnitude               :            (au)                        1.070172
                         :         (Debye)                        2.720105
===========================================================================


                                                                           
                                                                           
***************************************************************************
***                                                                     ***
***                            Exiting MRChem                           ***
***                                                                     ***
***                       Wall time :  0h 16m 14s                       ***
***                                                                     ***
***************************************************************************
                                                                           
                                                                           
