Starting job 5688418 on c1-[26,39],c2-32,c5-[34-36] at Sat May 21 09:16:44 CEST 2022

Copying p_14_pbe0_.out to /cluster/home/ambr/projects/psp/row3/calcs/triplets
Copying p_14_pbe0_.json to /cluster/home/ambr/projects/psp/row3/calcs/triplets

Task and CPU usage stats:
JobID           JobName  AllocCPUS   NTasks     MinCPU MinCPUTask     AveCPU    Elapsed ExitCode 
------------ ---------- ---------- -------- ---------- ---------- ---------- ---------- -------- 
5688418      p_14_pbe0_        180                                             00:25:27      0:0 
5688418.bat+      batch         36        1   00:00:02          0   00:00:02   00:25:27      0:0 
5688418.ext+     extern        180        6   00:00:00          0   00:00:00   00:25:27      0:0 
5688418.0      mrchem.x        180       30   00:25:08         29   00:49:03   00:25:14      0:0 

Memory usage stats:
JobID            MaxRSS MaxRSSTask     AveRSS MaxPages   MaxPagesTask   AvePages 
------------ ---------- ---------- ---------- -------- -------------- ---------- 
5688418                                                                          
5688418.bat+     19328K          0     19328K        0              0          0 
5688418.ext+          0          0          0        0              0          0 
5688418.0      5742136K         29   2910390K        0             26          0 

Disk usage stats:
JobID         MaxDiskRead MaxDiskReadTask    AveDiskRead MaxDiskWrite MaxDiskWriteTask   AveDiskWrite 
------------ ------------ --------------- -------------- ------------ ---------------- -------------- 
5688418                                                                                               
5688418.bat+       16.91M               0         16.91M        0.03M                0          0.03M 
5688418.ext+        0.00M               0          0.00M            0                0              0 
5688418.0           6.77M               6          6.73M       67.01M               20         33.82M 

Job 5688418 completed at Sat May 21 09:42:11 CEST 2022
