                                                                           
                                                                           
***************************************************************************
***                                                                     ***
***                                                                     ***
***          __  __ ____   ____ _                                       ***
***         |  \/  |  _ \ / ___| |__   ___ _ __ ___                     ***
***         | |\/| | |_) | |   | '_ \ / _ \ '_ ` _ \                    ***
***         | |  | |  _ <| |___| | | |  __/ | | | | |                   ***
***         |_|  |_|_| \_\\____|_| |_|\___|_| |_| |_|                   ***
***                                                                     ***
***         VERSION            1.0.1                                    ***
***                                                                     ***
***         Git branch         HEAD                                     ***
***         Git commit hash    9309e3e1e52e5319b766-dirty               ***
***         Git commit author  Stig Rune Jensen                         ***
***         Git commit date    Fri Dec 4 16:08:55 2020 +0100            ***
***                                                                     ***
***         Contact: luca.frediani@uit.no                               ***
***                                                                     ***
***         Radovan Bast            Magnar Bjorgve                      ***
***         Roberto Di Remigio      Antoine Durdek                      ***
***         Luca Frediani           Gabriel Gerez                       ***
***         Stig Rune Jensen        Jonas Juselius                      ***
***         Rune Monstad            Peter Wind                          ***
***                                                                     ***
***************************************************************************

---------------------------------------------------------------------------

 MPI processes           :        (1 bank)                              20
 OpenMP threads          :                                               6
 Total cores             :                                             120
                                                                           
---------------------------------------------------------------------------

XCFun DFT library Copyright 2009-2020 Ulf Ekstrom and contributors.
See http://dftlibs.org/xcfun/ for more information.

This is free software; see the source code for copying conditions.
There is ABSOLUTELY NO WARRANTY; not even for MERCHANTABILITY or
FITNESS FOR A PARTICULAR PURPOSE. For details see the documentation.
Scientific users of this library should cite
U. Ekstrom, L. Visscher, R. Bast, A. J. Thorvaldsen and K. Ruud;
J.Chem.Theor.Comp. 2010, DOI: 10.1021/ct100117s

---------------------------------------------------------------------------

 MRCPP version         : 1.3.6
 Git branch            : HEAD
 Git commit hash       : 9309e3e1e52e5319b766-dirty
 Git commit author     : Stig Rune Jensen
 Git commit date       : Fri Dec 4 16:08:55 2020 +0100

 Linear algebra        : EIGEN v3.3.7
 Parallelization       : MPI/OpenMP (6 threads)

---------------------------------------------------------------------------


                                                                           
===========================================================================
                         MultiResolution Analysis
---------------------------------------------------------------------------
 polynomial order      : 9
 polynomial type       : Interpolating
---------------------------------------------------------------------------
 total boxes           : 8
 boxes                 : [          2           2           2 ]
 unit lengths          : [   32.00000    32.00000    32.00000 ]
 scaling factor        : [    1.00000     1.00000     1.00000 ]
 lower bounds          : [  -32.00000   -32.00000   -32.00000 ]
 upper bounds          : [   32.00000    32.00000    32.00000 ]
 total length          : [   64.00000    64.00000    64.00000 ]
===========================================================================


                                                                           
***************************************************************************
***                                                                     ***
***                        Initializing Molecule                        ***
***                                                                     ***
***************************************************************************
                                                                           
                                                                           
===========================================================================
                                 Molecule
---------------------------------------------------------------------------
 Charge                  :                                               0
 Multiplicity            :                                               1
---------------------------------------------------------------------------
    N    Atom            :               x               y               z
---------------------------------------------------------------------------
    0       P            :       -0.139697        0.794715       -0.668027
    1       H            :       -2.807987        0.794715       -0.668027
    2       F            :        0.188363        0.794715        2.303463
    3       F            :        0.188363       -2.132525       -1.178917
---------------------------------------------------------------------------
 Center of mass          :        0.000000       -0.000000        0.000000
===========================================================================


                                                                           
***************************************************************************
***                                                                     ***
***                 Computing Ground State Wavefunction                 ***
***                                                                     ***
***************************************************************************
                                                                           
                                                                           
~~~~~~~~~~~~~~~~~~~~~~~~~~~~~~~~~~~~~~~~~~~~~~~~~~~~~~~~~~~~~~~~~~~~~~~~~~~
 Calculation             : Compute initial orbitals
 Method                  : Diagonalize SAD Hamiltonian
 Precision               : 1.00000e-04
 Restricted              : False
 Functional              : LDA (SVWN5)
 AO basis                : Hydrogenic orbitals
 Zeta quality            : 2
~~~~~~~~~~~~~~~~~~~~~~~~~~~~~~~~~~~~~~~~~~~~~~~~~~~~~~~~~~~~~~~~~~~~~~~~~~~


===========================================================================
                            Molecular Orbitals
---------------------------------------------------------------------------
 Alpha electrons         :                                              17
 Beta electrons          :                                              17
 Total electrons         :                                              34
---------------------------------------------------------------------------
    n  Occ Spin          :                                            Norm
---------------------------------------------------------------------------
    0    1    a          :                              9.999999453300e-01
    1    1    a          :                              1.000000093758e+00
    2    1    a          :                              9.999998227327e-01
    3    1    a          :                              1.000000001365e+00
    4    1    a          :                              1.000000000133e+00
    5    1    a          :                              9.999999998300e-01
    6    1    a          :                              9.999999999000e-01
    7    1    a          :                              9.999998006852e-01
    8    1    a          :                              1.000000208151e+00
    9    1    a          :                              1.000000061085e+00
   10    1    a          :                              9.999999112040e-01
   11    1    a          :                              1.000000018108e+00
   12    1    a          :                              1.000000002108e+00
   13    1    a          :                              9.999999875564e-01
   14    1    a          :                              1.000000059784e+00
   15    1    a          :                              9.999999765393e-01
   16    1    a          :                              9.999999570538e-01
   17    1    b          :                              9.999999538217e-01
   18    1    b          :                              1.000000115607e+00
   19    1    b          :                              9.999998227260e-01
   20    1    b          :                              1.000000001410e+00
   21    1    b          :                              1.000000000133e+00
   22    1    b          :                              9.999999998301e-01
   23    1    b          :                              9.999999999002e-01
   24    1    b          :                              9.999997914830e-01
   25    1    b          :                              1.000000208137e+00
   26    1    b          :                              1.000000061568e+00
   27    1    b          :                              9.999999115128e-01
   28    1    b          :                              1.000000018108e+00
   29    1    b          :                              1.000000001113e+00
   30    1    b          :                              9.999999882041e-01
   31    1    b          :                              9.999999879896e-01
   32    1    b          :                              9.999999750976e-01
   33    1    b          :                              9.999999570136e-01
===========================================================================


~~~~~~~~~~~~~~~~~~~~~~~~~~~~~~~~~~~~~~~~~~~~~~~~~~~~~~~~~~~~~~~~~~~~~~~~~~~
 Calculation             : Compute initial energy
 Method                  : DFT (PBE)
 Precision               : 1.00000e-04
 Localization            : On
~~~~~~~~~~~~~~~~~~~~~~~~~~~~~~~~~~~~~~~~~~~~~~~~~~~~~~~~~~~~~~~~~~~~~~~~~~~


===========================================================================
                        Molecular Energy (initial)
---------------------------------------------------------------------------
 Kinetic energy          :            (au)                563.370761338849
 E-N energy              :            (au)              -1548.521732357733
 Coulomb energy          :            (au)                372.540645320494
 Exchange energy         :            (au)                  0.000000000000
 X-C energy              :            (au)                -45.088510588429
 Ext. field (el)         :            (au)                  0.000000000000
---------------------------------------------------------------------------
 N-N energy              :            (au)                118.006953997490
 Ext. field (nuc)        :            (au)                  0.000000000000
---------------------------------------------------------------------------
 Electronic energy       :            (au)               -657.698836286819
 Nuclear energy          :            (au)                118.006953997490
---------------------------------------------------------------------------
 Total energy            :            (au)             -5.396918822893e+02
                         :      (kcal/mol)             -3.386617664790e+05
                         :        (kJ/mol)             -1.416960831868e+06
                         :            (eV)             -1.468576361733e+04
===========================================================================


===========================================================================
                        Orbital Energies (initial)
---------------------------------------------------------------------------
    n  Occ Spin          :                                         Epsilon
---------------------------------------------------------------------------
    0    1    a          :            (au)                -76.410581366977
    1    1    a          :            (au)                -23.688417257859
    2    1    a          :            (au)                -23.672111308092
    3    1    a          :            (au)                 -6.593613282506
    4    1    a          :            (au)                 -4.849611180208
    5    1    a          :            (au)                 -4.846497714700
    6    1    a          :            (au)                 -4.840167253319
    7    1    a          :            (au)                 -1.021649840430
    8    1    a          :            (au)                 -0.958330558148
    9    1    a          :            (au)                 -0.582058825815
   10    1    a          :            (au)                 -0.362842728021
   11    1    a          :            (au)                 -0.299333693167
   12    1    a          :            (au)                 -0.289564119094
   13    1    a          :            (au)                 -0.192507251537
   14    1    a          :            (au)                 -0.186420193173
   15    1    a          :            (au)                 -0.175283952950
   16    1    a          :            (au)                 -0.143397787332
   17    1    b          :            (au)                -76.410591898632
   18    1    b          :            (au)                -23.688413191126
   19    1    b          :            (au)                -23.672107277485
   20    1    b          :            (au)                 -6.593613139612
   21    1    b          :            (au)                 -4.849611202951
   22    1    b          :            (au)                 -4.846497904540
   23    1    b          :            (au)                 -4.840167619233
   24    1    b          :            (au)                 -1.021650380876
   25    1    b          :            (au)                 -0.958330825398
   26    1    b          :            (au)                 -0.582060913182
   27    1    b          :            (au)                 -0.362843314636
   28    1    b          :            (au)                 -0.299335032166
   29    1    b          :            (au)                 -0.289565191147
   30    1    b          :            (au)                 -0.192507739921
   31    1    b          :            (au)                 -0.186418844799
   32    1    b          :            (au)                 -0.175285512789
   33    1    b          :            (au)                 -0.143397853025
---------------------------------------------------------------------------
 Sum occupied            :            (au)               -298.224786154844
===========================================================================


~~~~~~~~~~~~~~~~~~~~~~~~~~~~~~~~~~~~~~~~~~~~~~~~~~~~~~~~~~~~~~~~~~~~~~~~~~~
 Calculation             : Optimize ground state orbitals
 Method                  : DFT (PBE)
 Checkpointing           : Off
 Max iterations          : 200
 KAIN solver             : 10
 Localization            : First two iterations
 Diagonalization         : Off
 Start precision         : 1.00000e-06
 Final precision         : 1.00000e-06
 Helmholtz precision     : Dynamic
 Energy threshold        : 1.00000e-06
 Orbital threshold       : 5.00000e-05
~~~~~~~~~~~~~~~~~~~~~~~~~~~~~~~~~~~~~~~~~~~~~~~~~~~~~~~~~~~~~~~~~~~~~~~~~~~


===========================================================================
 Iter           MO residual             Total energy                Update
---------------------------------------------------------------------------
    0          5.830952e+00        -539.691882289329         -5.396919e+02
    1          8.810814e-01        -541.245256358367         -1.553374e+00
    2          3.353363e-01        -541.432635113946         -1.873788e-01
    3          1.556337e-01        -541.460651294265         -2.801618e-02
    4          6.039605e-02        -541.469488623553         -8.837329e-03
    5          3.812192e-02        -541.472712925012         -3.224301e-03
    6          1.695389e-02        -541.473151785474         -4.388605e-04
    7          5.840442e-03        -541.473215263758         -6.347828e-05
    8          4.100604e-03        -541.473233599565         -1.833581e-05
    9          1.743448e-03        -541.473236931568         -3.332004e-06
   10          1.165657e-03        -541.473239353395         -2.421826e-06
   11          4.431331e-04        -541.473239955120         -6.017250e-07
   12          2.224785e-04        -541.473240011784         -5.666470e-08
   13          1.253368e-04        -541.473240035484         -2.369995e-08
   14          5.753574e-05        -541.473240041509         -6.025061e-09
---------------------------------------------------------------------------
                      SCF converged in 14 iterations!
===========================================================================


                                                                           
***************************************************************************
***                                                                     ***
***                    Printing Molecular Properties                    ***
***                                                                     ***
***************************************************************************
                                                                           
                                                                           
===========================================================================
                                 Molecule
---------------------------------------------------------------------------
 Charge                  :                                               0
 Multiplicity            :                                               1
---------------------------------------------------------------------------
    N    Atom            :               x               y               z
---------------------------------------------------------------------------
    0       P            :       -0.139697        0.794715       -0.668027
    1       H            :       -2.807987        0.794715       -0.668027
    2       F            :        0.188363        0.794715        2.303463
    3       F            :        0.188363       -2.132525       -1.178917
---------------------------------------------------------------------------
 Center of mass          :        0.000000       -0.000000        0.000000
===========================================================================


===========================================================================
                         Molecular Energy (final)
---------------------------------------------------------------------------
 Kinetic energy          :            (au)                540.555940675103
 E-N energy              :            (au)              -1526.391390477748
 Coulomb energy          :            (au)                370.598746983764
 Exchange energy         :            (au)                  0.000000000000
 X-C energy              :            (au)                -44.243491220118
 Ext. field (el)         :            (au)                  0.000000000000
---------------------------------------------------------------------------
 N-N energy              :            (au)                118.006953997490
 Ext. field (nuc)        :            (au)                  0.000000000000
---------------------------------------------------------------------------
 Electronic energy       :            (au)               -659.480194039000
 Nuclear energy          :            (au)                118.006953997490
---------------------------------------------------------------------------
 Total energy            :            (au)             -5.414732400415e+02
                         :      (kcal/mol)             -3.397795853362e+05
                         :        (kJ/mol)             -1.421637785969e+06
                         :            (eV)             -1.473423682904e+04
===========================================================================


===========================================================================
                         Orbital Energies (final)
---------------------------------------------------------------------------
    n  Occ Spin          :                                         Epsilon
---------------------------------------------------------------------------
    0    1    a          :            (au)                -76.392165285382
    1    1    a          :            (au)                -24.284953506541
    2    1    a          :            (au)                -24.284951982237
    3    1    a          :            (au)                 -6.391159831411
    4    1    a          :            (au)                 -4.610927998219
    5    1    a          :            (au)                 -4.608259885207
    6    1    a          :            (au)                 -4.601018597372
    7    1    a          :            (au)                 -1.149792557001
    8    1    a          :            (au)                 -1.118102404565
    9    1    a          :            (au)                 -0.603643398403
   10    1    a          :            (au)                 -0.486027291482
   11    1    a          :            (au)                 -0.469381105059
   12    1    a          :            (au)                 -0.441009636719
   13    1    a          :            (au)                 -0.398541211809
   14    1    a          :            (au)                 -0.384287049540
   15    1    a          :            (au)                 -0.380582485003
   16    1    a          :            (au)                 -0.245081535868
   17    1    b          :            (au)                -76.392165287559
   18    1    b          :            (au)                -24.284953502955
   19    1    b          :            (au)                -24.284951981016
   20    1    b          :            (au)                 -6.391159836663
   21    1    b          :            (au)                 -4.610927996152
   22    1    b          :            (au)                 -4.608259894387
   23    1    b          :            (au)                 -4.601018602741
   24    1    b          :            (au)                 -1.149792573478
   25    1    b          :            (au)                 -1.118102409533
   26    1    b          :            (au)                 -0.603643441755
   27    1    b          :            (au)                 -0.486027319049
   28    1    b          :            (au)                 -0.469381109007
   29    1    b          :            (au)                 -0.441009632309
   30    1    b          :            (au)                 -0.398541208210
   31    1    b          :            (au)                 -0.384287040654
   32    1    b          :            (au)                 -0.380582482499
   33    1    b          :            (au)                 -0.245081532313
---------------------------------------------------------------------------
 Sum occupied            :            (au)               -301.699771612099
===========================================================================


===========================================================================
                           Dipole Moment (dip-1)
---------------------------------------------------------------------------
 r_O                     :        0.000000        0.000000        0.000000
---------------------------------------------------------------------------
 Electronic vector       :        1.200331       -0.428336        0.360035
 Magnitude               :            (au)                        1.324345
                         :         (Debye)                        3.366150
---------------------------------------------------------------------------
 Nuclear vector          :       -1.512902        0.675164       -0.567534
 Magnitude               :            (au)                        1.751232
                         :         (Debye)                        4.451188
---------------------------------------------------------------------------
 Total vector            :       -0.312571        0.246828       -0.207499
 Magnitude               :            (au)                        0.449089
                         :         (Debye)                        1.141470
===========================================================================


                                                                           
                                                                           
***************************************************************************
***                                                                     ***
***                            Exiting MRChem                           ***
***                                                                     ***
***                       Wall time :  0h 26m 17s                       ***
***                                                                     ***
***************************************************************************
                                                                           
                                                                           
