                                                                           
                                                                           
***************************************************************************
***                                                                     ***
***                                                                     ***
***          __  __ ____   ____ _                                       ***
***         |  \/  |  _ \ / ___| |__   ___ _ __ ___                     ***
***         | |\/| | |_) | |   | '_ \ / _ \ '_ ` _ \                    ***
***         | |  | |  _ <| |___| | | |  __/ | | | | |                   ***
***         |_|  |_|_| \_\\____|_| |_|\___|_| |_| |_|                   ***
***                                                                     ***
***         VERSION            1.0.1                                    ***
***                                                                     ***
***         Git branch         HEAD                                     ***
***         Git commit hash    9309e3e1e52e5319b766-dirty               ***
***         Git commit author  Stig Rune Jensen                         ***
***         Git commit date    Fri Dec 4 16:08:55 2020 +0100            ***
***                                                                     ***
***         Contact: luca.frediani@uit.no                               ***
***                                                                     ***
***         Radovan Bast            Magnar Bjorgve                      ***
***         Roberto Di Remigio      Antoine Durdek                      ***
***         Luca Frediani           Gabriel Gerez                       ***
***         Stig Rune Jensen        Jonas Juselius                      ***
***         Rune Monstad            Peter Wind                          ***
***                                                                     ***
***************************************************************************

---------------------------------------------------------------------------

 MPI processes           :        (1 bank)                              20
 OpenMP threads          :                                               6
 Total cores             :                                             120
                                                                           
---------------------------------------------------------------------------

XCFun DFT library Copyright 2009-2020 Ulf Ekstrom and contributors.
See http://dftlibs.org/xcfun/ for more information.

This is free software; see the source code for copying conditions.
There is ABSOLUTELY NO WARRANTY; not even for MERCHANTABILITY or
FITNESS FOR A PARTICULAR PURPOSE. For details see the documentation.
Scientific users of this library should cite
U. Ekstrom, L. Visscher, R. Bast, A. J. Thorvaldsen and K. Ruud;
J.Chem.Theor.Comp. 2010, DOI: 10.1021/ct100117s

---------------------------------------------------------------------------

 MRCPP version         : 1.3.6
 Git branch            : HEAD
 Git commit hash       : 9309e3e1e52e5319b766-dirty
 Git commit author     : Stig Rune Jensen
 Git commit date       : Fri Dec 4 16:08:55 2020 +0100

 Linear algebra        : EIGEN v3.3.7
 Parallelization       : MPI/OpenMP (6 threads)

---------------------------------------------------------------------------


                                                                           
===========================================================================
                         MultiResolution Analysis
---------------------------------------------------------------------------
 polynomial order      : 9
 polynomial type       : Interpolating
---------------------------------------------------------------------------
 total boxes           : 8
 boxes                 : [          2           2           2 ]
 unit lengths          : [   32.00000    32.00000    32.00000 ]
 scaling factor        : [    1.00000     1.00000     1.00000 ]
 lower bounds          : [  -32.00000   -32.00000   -32.00000 ]
 upper bounds          : [   32.00000    32.00000    32.00000 ]
 total length          : [   64.00000    64.00000    64.00000 ]
===========================================================================


                                                                           
***************************************************************************
***                                                                     ***
***                        Initializing Molecule                        ***
***                                                                     ***
***************************************************************************
                                                                           
                                                                           
===========================================================================
                                 Molecule
---------------------------------------------------------------------------
 Charge                  :                                               0
 Multiplicity            :                                               1
---------------------------------------------------------------------------
    N    Atom            :               x               y               z
---------------------------------------------------------------------------
    0       N            :        0.000000        0.000000        2.927020
    1       N            :        0.000000        2.534878       -1.463380
    2       N            :        0.000000       -2.534878       -1.463380
    3       P            :        0.000000        2.807755        1.621031
    4       P            :        0.000000        0.000000       -3.242179
    5       P            :        0.000000       -2.807755        1.621031
---------------------------------------------------------------------------
 Center of mass          :        0.000000        0.000000       -0.000000
===========================================================================


                                                                           
***************************************************************************
***                                                                     ***
***                 Computing Ground State Wavefunction                 ***
***                                                                     ***
***************************************************************************
                                                                           
                                                                           
~~~~~~~~~~~~~~~~~~~~~~~~~~~~~~~~~~~~~~~~~~~~~~~~~~~~~~~~~~~~~~~~~~~~~~~~~~~
 Calculation             : Compute initial orbitals
 Method                  : Diagonalize SAD Hamiltonian
 Precision               : 1.00000e-04
 Restricted              : False
 Functional              : LDA (SVWN5)
 AO basis                : Hydrogenic orbitals
 Zeta quality            : 2
~~~~~~~~~~~~~~~~~~~~~~~~~~~~~~~~~~~~~~~~~~~~~~~~~~~~~~~~~~~~~~~~~~~~~~~~~~~


===========================================================================
                            Molecular Orbitals
---------------------------------------------------------------------------
 Alpha electrons         :                                              33
 Beta electrons          :                                              33
 Total electrons         :                                              66
---------------------------------------------------------------------------
    n  Occ Spin          :                                            Norm
---------------------------------------------------------------------------
    0    1    a          :                              1.000000723898e+00
    1    1    a          :                              1.000000007007e+00
    2    1    a          :                              9.999966749561e-01
    3    1    a          :                              9.999999662110e-01
    4    1    a          :                              1.000000670969e+00
    5    1    a          :                              9.999997645287e-01
    6    1    a          :                              1.000000134810e+00
    7    1    a          :                              1.000003056035e+00
    8    1    a          :                              1.000006645777e+00
    9    1    a          :                              1.000001327223e+00
   10    1    a          :                              9.999998930746e-01
   11    1    a          :                              1.000000358143e+00
   12    1    a          :                              1.000000051966e+00
   13    1    a          :                              9.999997894478e-01
   14    1    a          :                              1.000000088105e+00
   15    1    a          :                              1.000000823052e+00
   16    1    a          :                              9.999990871618e-01
   17    1    a          :                              1.000000102637e+00
   18    1    a          :                              9.999997767721e-01
   19    1    a          :                              1.000000031156e+00
   20    1    a          :                              9.999997516169e-01
   21    1    a          :                              1.000000448935e+00
   22    1    a          :                              9.999985073813e-01
   23    1    a          :                              9.999982646079e-01
   24    1    a          :                              9.999996890224e-01
   25    1    a          :                              1.000004080142e+00
   26    1    a          :                              9.999936461178e-01
   27    1    a          :                              1.000002009427e+00
   28    1    a          :                              1.000000360289e+00
   29    1    a          :                              1.000000258962e+00
   30    1    a          :                              9.999994651645e-01
   31    1    a          :                              1.000000236404e+00
   32    1    a          :                              9.999985677731e-01
   33    1    b          :                              1.000000570710e+00
   34    1    b          :                              1.000003242506e+00
   35    1    b          :                              9.999999789270e-01
   36    1    b          :                              9.999999770691e-01
   37    1    b          :                              1.000000775119e+00
   38    1    b          :                              1.000002509159e+00
   39    1    b          :                              1.000000139059e+00
   40    1    b          :                              1.000003062578e+00
   41    1    b          :                              1.000000003936e+00
   42    1    b          :                              9.999999933761e-01
   43    1    b          :                              9.999998777449e-01
   44    1    b          :                              9.999772486276e-01
   45    1    b          :                              1.000000051962e+00
   46    1    b          :                              9.999987558433e-01
   47    1    b          :                              1.000000014491e+00
   48    1    b          :                              1.000000819672e+00
   49    1    b          :                              9.999988850182e-01
   50    1    b          :                              1.000000495103e+00
   51    1    b          :                              9.999997702017e-01
   52    1    b          :                              1.000000027928e+00
   53    1    b          :                              9.999997502026e-01
   54    1    b          :                              9.999988776023e-01
   55    1    b          :                              9.999985050815e-01
   56    1    b          :                              9.999982663583e-01
   57    1    b          :                              9.999996900073e-01
   58    1    b          :                              1.000004079589e+00
   59    1    b          :                              9.999932479130e-01
   60    1    b          :                              1.000002151186e+00
   61    1    b          :                              1.000000360258e+00
   62    1    b          :                              1.000000254660e+00
   63    1    b          :                              9.999994657013e-01
   64    1    b          :                              1.000000229754e+00
   65    1    b          :                              9.999985660598e-01
===========================================================================


~~~~~~~~~~~~~~~~~~~~~~~~~~~~~~~~~~~~~~~~~~~~~~~~~~~~~~~~~~~~~~~~~~~~~~~~~~~
 Calculation             : Compute initial energy
 Method                  : DFT (PBE)
 Precision               : 1.00000e-04
 Localization            : On
~~~~~~~~~~~~~~~~~~~~~~~~~~~~~~~~~~~~~~~~~~~~~~~~~~~~~~~~~~~~~~~~~~~~~~~~~~~


===========================================================================
                        Molecular Energy (initial)
---------------------------------------------------------------------------
 Kinetic energy          :            (au)               1239.455968132407
 E-N energy              :            (au)              -3696.818093214748
 Coulomb energy          :            (au)                963.295922570563
 Exchange energy         :            (au)                  0.000000000000
 X-C energy              :            (au)                -92.414577893941
 Ext. field (el)         :            (au)                  0.000000000000
---------------------------------------------------------------------------
 N-N energy              :            (au)                403.707792351489
 Ext. field (nuc)        :            (au)                  0.000000000000
---------------------------------------------------------------------------
 Electronic energy       :            (au)              -1586.480780405719
 Nuclear energy          :            (au)                403.707792351489
---------------------------------------------------------------------------
 Total energy            :            (au)             -1.182772988054e+03
                         :      (kcal/mol)             -7.422012496815e+05
                         :        (kJ/mol)             -3.105370030683e+06
                         :            (eV)             -3.218489120468e+04
===========================================================================


===========================================================================
                        Orbital Energies (initial)
---------------------------------------------------------------------------
    n  Occ Spin          :                                         Epsilon
---------------------------------------------------------------------------
    0    1    a          :            (au)                -75.952473191885
    1    1    a          :            (au)                -75.950838692187
    2    1    a          :            (au)                -75.950617253107
    3    1    a          :            (au)                -12.894670314278
    4    1    a          :            (au)                -12.893882955484
    5    1    a          :            (au)                -12.893298315729
    6    1    a          :            (au)                 -6.183253177202
    7    1    a          :            (au)                 -6.182525006630
    8    1    a          :            (au)                 -6.182473564930
    9    1    a          :            (au)                 -4.443339555945
   10    1    a          :            (au)                 -4.442658660126
   11    1    a          :            (au)                 -4.442422920029
   12    1    a          :            (au)                 -4.427545784796
   13    1    a          :            (au)                 -4.426423928896
   14    1    a          :            (au)                 -4.426083806349
   15    1    a          :            (au)                 -4.423984348278
   16    1    a          :            (au)                 -4.423091760504
   17    1    a          :            (au)                 -4.422769757319
   18    1    a          :            (au)                 -0.511967563354
   19    1    a          :            (au)                 -0.408084654353
   20    1    a          :            (au)                 -0.407938755240
   21    1    a          :            (au)                 -0.206603388128
   22    1    a          :            (au)                 -0.206531672152
   23    1    a          :            (au)                 -0.026939410479
   24    1    a          :            (au)                 -0.007937184875
   25    1    a          :            (au)                  0.136312376158
   26    1    a          :            (au)                  0.169644585531
   27    1    a          :            (au)                  0.169897471582
   28    1    a          :            (au)                  0.191312537819
   29    1    a          :            (au)                  0.227621741499
   30    1    a          :            (au)                  0.228159138576
   31    1    a          :            (au)                  0.296028304700
   32    1    a          :            (au)                  0.296474194198
   33    1    b          :            (au)                -75.952508415831
   34    1    b          :            (au)                -75.950840341635
   35    1    b          :            (au)                -75.950602017602
   36    1    b          :            (au)                -12.894643394708
   37    1    b          :            (au)                -12.893892438028
   38    1    b          :            (au)                -12.893279519431
   39    1    b          :            (au)                 -6.183226419891
   40    1    b          :            (au)                 -6.182567080157
   41    1    b          :            (au)                 -6.182490114084
   42    1    b          :            (au)                 -4.443353071765
   43    1    b          :            (au)                 -4.442652621648
   44    1    b          :            (au)                 -4.442353244346
   45    1    b          :            (au)                 -4.427489354557
   46    1    b          :            (au)                 -4.426331810294
   47    1    b          :            (au)                 -4.426074227220
   48    1    b          :            (au)                 -4.423979310586
   49    1    b          :            (au)                 -4.423091174224
   50    1    b          :            (au)                 -4.422773311911
   51    1    b          :            (au)                 -0.511945514072
   52    1    b          :            (au)                 -0.408076685060
   53    1    b          :            (au)                 -0.407911633643
   54    1    b          :            (au)                 -0.206602043399
   55    1    b          :            (au)                 -0.206536055944
   56    1    b          :            (au)                 -0.026939951172
   57    1    b          :            (au)                 -0.007906316591
   58    1    b          :            (au)                  0.136311125085
   59    1    b          :            (au)                  0.169645483945
   60    1    b          :            (au)                  0.169910972403
   61    1    b          :            (au)                  0.191297563814
   62    1    b          :            (au)                  0.227621379010
   63    1    b          :            (au)                  0.228155175498
   64    1    b          :            (au)                  0.296041413386
   65    1    b          :            (au)                  0.296472757292
---------------------------------------------------------------------------
 Sum occupied            :            (au)               -650.045515469557
===========================================================================


~~~~~~~~~~~~~~~~~~~~~~~~~~~~~~~~~~~~~~~~~~~~~~~~~~~~~~~~~~~~~~~~~~~~~~~~~~~
 Calculation             : Optimize ground state orbitals
 Method                  : DFT (PBE)
 Checkpointing           : Off
 Max iterations          : 200
 KAIN solver             : 10
 Localization            : First two iterations
 Diagonalization         : Off
 Start precision         : 1.00000e-06
 Final precision         : 1.00000e-06
 Helmholtz precision     : Dynamic
 Energy threshold        : 1.00000e-06
 Orbital threshold       : 5.00000e-05
~~~~~~~~~~~~~~~~~~~~~~~~~~~~~~~~~~~~~~~~~~~~~~~~~~~~~~~~~~~~~~~~~~~~~~~~~~~


===========================================================================
 Iter           MO residual             Total energy                Update
---------------------------------------------------------------------------
    0          8.124038e+00       -1182.772988054230         -1.182773e+03
    1          1.540235e+00       -1186.986332688343         -4.213345e+00
    2          6.332858e-01       -1187.656770200250         -6.704375e-01
    3          2.625073e-01       -1187.780734595682         -1.239644e-01
    4          1.871575e-01       -1187.826160150616         -4.542555e-02
    5          1.053809e-01       -1187.840807896621         -1.464775e-02
    6          1.142051e-01       -1187.849466616348         -8.658720e-03
    7          4.360039e-02       -1187.850840661509         -1.374045e-03
    8          2.601168e-02       -1187.851334567407         -4.939059e-04
    9          1.474824e-02       -1187.851530030410         -1.954630e-04
   10          8.442022e-03       -1187.851576195245         -4.616484e-05
   11          3.884646e-03       -1187.851593512376         -1.731713e-05
   12          1.767122e-03       -1187.851598341149         -4.828773e-06
   13          9.285586e-04       -1187.851599458560         -1.117411e-06
   14          3.727171e-04       -1187.851599680473         -2.219133e-07
   15          2.020548e-04       -1187.851599733227         -5.275319e-08
   16          1.008632e-04       -1187.851599744861         -1.163471e-08
---------------------------------------------------------------------------
                      SCF converged in 16 iterations!
===========================================================================


                                                                           
***************************************************************************
***                                                                     ***
***                    Printing Molecular Properties                    ***
***                                                                     ***
***************************************************************************
                                                                           
                                                                           
===========================================================================
                                 Molecule
---------------------------------------------------------------------------
 Charge                  :                                               0
 Multiplicity            :                                               1
---------------------------------------------------------------------------
    N    Atom            :               x               y               z
---------------------------------------------------------------------------
    0       N            :        0.000000        0.000000        2.927020
    1       N            :        0.000000        2.534878       -1.463380
    2       N            :        0.000000       -2.534878       -1.463380
    3       P            :        0.000000        2.807755        1.621031
    4       P            :        0.000000        0.000000       -3.242179
    5       P            :        0.000000       -2.807755        1.621031
---------------------------------------------------------------------------
 Center of mass          :        0.000000        0.000000       -0.000000
===========================================================================


===========================================================================
                         Molecular Energy (final)
---------------------------------------------------------------------------
 Kinetic energy          :            (au)               1185.748539976901
 E-N energy              :            (au)              -3628.584605476888
 Coulomb energy          :            (au)                941.137644664519
 Exchange energy         :            (au)                  0.000000000000
 X-C energy              :            (au)                -89.860971260883
 Ext. field (el)         :            (au)                  0.000000000000
---------------------------------------------------------------------------
 N-N energy              :            (au)                403.707792351489
 Ext. field (nuc)        :            (au)                  0.000000000000
---------------------------------------------------------------------------
 Electronic energy       :            (au)              -1591.559392096351
 Nuclear energy          :            (au)                403.707792351489
---------------------------------------------------------------------------
 Total energy            :            (au)             -1.187851599745e+03
                         :      (kcal/mol)             -7.453881266067e+05
                         :        (kJ/mol)             -3.118703923747e+06
                         :            (eV)             -3.232308726292e+04
===========================================================================


===========================================================================
                         Orbital Energies (final)
---------------------------------------------------------------------------
    n  Occ Spin          :                                         Epsilon
---------------------------------------------------------------------------
    0    1    a          :            (au)                -76.366479010924
    1    1    a          :            (au)                -76.366441948915
    2    1    a          :            (au)                -76.366441849574
    3    1    a          :            (au)                -14.002669063603
    4    1    a          :            (au)                -14.002668567610
    5    1    a          :            (au)                -14.002655758654
    6    1    a          :            (au)                 -6.367829606974
    7    1    a          :            (au)                 -6.367796123840
    8    1    a          :            (au)                 -6.367795374965
    9    1    a          :            (au)                 -4.587303786367
   10    1    a          :            (au)                 -4.587270087383
   11    1    a          :            (au)                 -4.587269767915
   12    1    a          :            (au)                 -4.583937772217
   13    1    a          :            (au)                 -4.583904240420
   14    1    a          :            (au)                 -4.583903237945
   15    1    a          :            (au)                 -4.579070190673
   16    1    a          :            (au)                 -4.579036986969
   17    1    a          :            (au)                 -4.579033418175
   18    1    a          :            (au)                 -0.857928792257
   19    1    a          :            (au)                 -0.783012773287
   20    1    a          :            (au)                 -0.782990375817
   21    1    a          :            (au)                 -0.579831231950
   22    1    a          :            (au)                 -0.579801964151
   23    1    a          :            (au)                 -0.454748920568
   24    1    a          :            (au)                 -0.380627135489
   25    1    a          :            (au)                 -0.373601122052
   26    1    a          :            (au)                 -0.343970157921
   27    1    a          :            (au)                 -0.309470609104
   28    1    a          :            (au)                 -0.309454231233
   29    1    a          :            (au)                 -0.288246548331
   30    1    a          :            (au)                 -0.288246145279
   31    1    a          :            (au)                 -0.232759945782
   32    1    a          :            (au)                 -0.232745241687
   33    1    b          :            (au)                -76.366479011528
   34    1    b          :            (au)                -76.366441950113
   35    1    b          :            (au)                -76.366441850428
   36    1    b          :            (au)                -14.002669064112
   37    1    b          :            (au)                -14.002668558705
   38    1    b          :            (au)                -14.002655745870
   39    1    b          :            (au)                 -6.367829608600
   40    1    b          :            (au)                 -6.367796125259
   41    1    b          :            (au)                 -6.367795375604
   42    1    b          :            (au)                 -4.587303791265
   43    1    b          :            (au)                 -4.587270091267
   44    1    b          :            (au)                 -4.587269770934
   45    1    b          :            (au)                 -4.583937773998
   46    1    b          :            (au)                 -4.583904241126
   47    1    b          :            (au)                 -4.583903238434
   48    1    b          :            (au)                 -4.579070190709
   49    1    b          :            (au)                 -4.579036986899
   50    1    b          :            (au)                 -4.579033418786
   51    1    b          :            (au)                 -0.857928786404
   52    1    b          :            (au)                 -0.783012766549
   53    1    b          :            (au)                 -0.782990364746
   54    1    b          :            (au)                 -0.579831235265
   55    1    b          :            (au)                 -0.579801966296
   56    1    b          :            (au)                 -0.454748918770
   57    1    b          :            (au)                 -0.380627130652
   58    1    b          :            (au)                 -0.373601122853
   59    1    b          :            (au)                 -0.343970159100
   60    1    b          :            (au)                 -0.309470601147
   61    1    b          :            (au)                 -0.309454216668
   62    1    b          :            (au)                 -0.288246548419
   63    1    b          :            (au)                 -0.288246144953
   64    1    b          :            (au)                 -0.232759944758
   65    1    b          :            (au)                 -0.232745238909
---------------------------------------------------------------------------
 Sum occupied            :            (au)               -676.517883927162
===========================================================================


===========================================================================
                           Dipole Moment (dip-1)
---------------------------------------------------------------------------
 r_O                     :        0.000000        0.000000        0.000000
---------------------------------------------------------------------------
 Electronic vector       :        0.000000        0.000001       -0.000528
 Magnitude               :            (au)                        0.000528
                         :         (Debye)                        0.001343
---------------------------------------------------------------------------
 Nuclear vector          :        0.000000        0.000000        0.000056
 Magnitude               :            (au)                        0.000056
                         :         (Debye)                        0.000143
---------------------------------------------------------------------------
 Total vector            :        0.000000        0.000001       -0.000472
 Magnitude               :            (au)                        0.000472
                         :         (Debye)                        0.001200
===========================================================================


                                                                           
                                                                           
***************************************************************************
***                                                                     ***
***                            Exiting MRChem                           ***
***                                                                     ***
***                       Wall time :  1h 25m 41s                       ***
***                                                                     ***
***************************************************************************
                                                                           
                                                                           
