Starting job 3254950 on c5-56,c10-[1,3] at Tue Aug 10 13:41:44 CEST 2021

Copying p_1_pbe_.out to /cluster/home/ambr/projects/psp/row3/calcs/singlets
Copying p_1_pbe_.json to /cluster/home/ambr/projects/psp/row3/calcs/singlets

Task and CPU usage stats:
       JobID    JobName  AllocCPUS   NTasks     MinCPU MinCPUTask     AveCPU    Elapsed ExitCode 
------------ ---------- ---------- -------- ---------- ---------- ---------- ---------- -------- 
3254950        p_1_pbe_        120                                             00:26:06      1:0 
3254950.bat+      batch         36        1   00:00:01          0   00:00:01   00:26:06      1:0 
3254950.ext+     extern        120        3   00:00:00          2   00:00:00   00:26:06      0:0 
3254950.0      mrchem.x        120       20   00:26:00         19   01:23:46   00:26:02      0:0 

Memory usage stats:
       JobID     MaxRSS MaxRSSTask     AveRSS MaxPages   MaxPagesTask   AvePages 
------------ ---------- ---------- ---------- -------- -------------- ---------- 
3254950                                                                          
3254950.bat+     14240K          0     14240K        0              0          0 
3254950.ext+          0          2          0        0              2          0 
3254950.0      4954828K          8   3866498K        0             19          0 

Disk usage stats:
       JobID  MaxDiskRead MaxDiskReadTask    AveDiskRead MaxDiskWrite MaxDiskWriteTask   AveDiskWrite 
------------ ------------ --------------- -------------- ------------ ---------------- -------------- 
3254950                                                                                               
3254950.bat+        3.70M               0          3.70M        0.02M                0          0.02M 
3254950.ext+        0.00M               2          0.00M            0                2              0 
3254950.0           2.67M              18          2.48M      123.59M                9         84.88M 

Job 3254950 completed at Tue Aug 10 14:07:50 CEST 2021
