                                                                           
                                                                           
***************************************************************************
***                                                                     ***
***                                                                     ***
***          __  __ ____   ____ _                                       ***
***         |  \/  |  _ \ / ___| |__   ___ _ __ ___                     ***
***         | |\/| | |_) | |   | '_ \ / _ \ '_ ` _ \                    ***
***         | |  | |  _ <| |___| | | |  __/ | | | | |                   ***
***         |_|  |_|_| \_\\____|_| |_|\___|_| |_| |_|                   ***
***                                                                     ***
***         VERSION            1.0.1                                    ***
***                                                                     ***
***         Git branch         HEAD                                     ***
***         Git commit hash    9309e3e1e52e5319b766-dirty               ***
***         Git commit author  Stig Rune Jensen                         ***
***         Git commit date    Fri Dec 4 16:08:55 2020 +0100            ***
***                                                                     ***
***         Contact: luca.frediani@uit.no                               ***
***                                                                     ***
***         Radovan Bast            Magnar Bjorgve                      ***
***         Roberto Di Remigio      Antoine Durdek                      ***
***         Luca Frediani           Gabriel Gerez                       ***
***         Stig Rune Jensen        Jonas Juselius                      ***
***         Rune Monstad            Peter Wind                          ***
***                                                                     ***
***************************************************************************

---------------------------------------------------------------------------

 MPI processes           :        (1 bank)                              20
 OpenMP threads          :                                               6
 Total cores             :                                             120
                                                                           
---------------------------------------------------------------------------

XCFun DFT library Copyright 2009-2020 Ulf Ekstrom and contributors.
See http://dftlibs.org/xcfun/ for more information.

This is free software; see the source code for copying conditions.
There is ABSOLUTELY NO WARRANTY; not even for MERCHANTABILITY or
FITNESS FOR A PARTICULAR PURPOSE. For details see the documentation.
Scientific users of this library should cite
U. Ekstrom, L. Visscher, R. Bast, A. J. Thorvaldsen and K. Ruud;
J.Chem.Theor.Comp. 2010, DOI: 10.1021/ct100117s

---------------------------------------------------------------------------

 MRCPP version         : 1.3.6
 Git branch            : HEAD
 Git commit hash       : 9309e3e1e52e5319b766-dirty
 Git commit author     : Stig Rune Jensen
 Git commit date       : Fri Dec 4 16:08:55 2020 +0100

 Linear algebra        : EIGEN v3.3.7
 Parallelization       : MPI/OpenMP (6 threads)

---------------------------------------------------------------------------


                                                                           
===========================================================================
                         MultiResolution Analysis
---------------------------------------------------------------------------
 polynomial order      : 9
 polynomial type       : Interpolating
---------------------------------------------------------------------------
 total boxes           : 8
 boxes                 : [          2           2           2 ]
 unit lengths          : [   32.00000    32.00000    32.00000 ]
 scaling factor        : [    1.00000     1.00000     1.00000 ]
 lower bounds          : [  -32.00000   -32.00000   -32.00000 ]
 upper bounds          : [   32.00000    32.00000    32.00000 ]
 total length          : [   64.00000    64.00000    64.00000 ]
===========================================================================


                                                                           
***************************************************************************
***                                                                     ***
***                        Initializing Molecule                        ***
***                                                                     ***
***************************************************************************
                                                                           
                                                                           
===========================================================================
                                 Molecule
---------------------------------------------------------------------------
 Charge                  :                                               0
 Multiplicity            :                                               1
---------------------------------------------------------------------------
    N    Atom            :               x               y               z
---------------------------------------------------------------------------
    0       P            :        0.000047        0.000000        2.557366
    1       P            :        2.411149        0.000000       -0.852455
    2       P            :       -1.205598       -2.088147       -0.852455
    3       P            :       -1.205598        2.088147       -0.852455
---------------------------------------------------------------------------
 Center of mass          :       -0.000000        0.000000       -0.000000
===========================================================================


                                                                           
***************************************************************************
***                                                                     ***
***                 Computing Ground State Wavefunction                 ***
***                                                                     ***
***************************************************************************
                                                                           
                                                                           
~~~~~~~~~~~~~~~~~~~~~~~~~~~~~~~~~~~~~~~~~~~~~~~~~~~~~~~~~~~~~~~~~~~~~~~~~~~
 Calculation             : Compute initial orbitals
 Method                  : Diagonalize SAD Hamiltonian
 Precision               : 1.00000e-04
 Restricted              : False
 Functional              : LDA (SVWN5)
 AO basis                : Hydrogenic orbitals
 Zeta quality            : 2
~~~~~~~~~~~~~~~~~~~~~~~~~~~~~~~~~~~~~~~~~~~~~~~~~~~~~~~~~~~~~~~~~~~~~~~~~~~


===========================================================================
                            Molecular Orbitals
---------------------------------------------------------------------------
 Alpha electrons         :                                              30
 Beta electrons          :                                              30
 Total electrons         :                                              60
---------------------------------------------------------------------------
    n  Occ Spin          :                                            Norm
---------------------------------------------------------------------------
    0    1    a          :                              1.000000013738e+00
    1    1    a          :                              9.999999683946e-01
    2    1    a          :                              9.999990215033e-01
    3    1    a          :                              1.000000167977e+00
    4    1    a          :                              9.999998425587e-01
    5    1    a          :                              1.000014860137e+00
    6    1    a          :                              1.000001088784e+00
    7    1    a          :                              1.000005249104e+00
    8    1    a          :                              9.999999555626e-01
    9    1    a          :                              1.000000737393e+00
   10    1    a          :                              1.000001505519e+00
   11    1    a          :                              1.000000374060e+00
   12    1    a          :                              9.999997233467e-01
   13    1    a          :                              9.999984675882e-01
   14    1    a          :                              9.999972753851e-01
   15    1    a          :                              9.999947070511e-01
   16    1    a          :                              1.000014965756e+00
   17    1    a          :                              1.000002178291e+00
   18    1    a          :                              1.000001375423e+00
   19    1    a          :                              9.999980016696e-01
   20    1    a          :                              9.999993062861e-01
   21    1    a          :                              9.999999980014e-01
   22    1    a          :                              1.000000005017e+00
   23    1    a          :                              9.999999345190e-01
   24    1    a          :                              9.999996397415e-01
   25    1    a          :                              1.000000394138e+00
   26    1    a          :                              9.999999456170e-01
   27    1    a          :                              9.999999021922e-01
   28    1    a          :                              9.999999863442e-01
   29    1    a          :                              1.000001054548e+00
   30    1    b          :                              1.000000263177e+00
   31    1    b          :                              1.000003454814e+00
   32    1    b          :                              1.000000123621e+00
   33    1    b          :                              1.000000476800e+00
   34    1    b          :                              9.999996064040e-01
   35    1    b          :                              1.000014729380e+00
   36    1    b          :                              1.000004358027e+00
   37    1    b          :                              1.000022648052e+00
   38    1    b          :                              9.999996516956e-01
   39    1    b          :                              1.000000652549e+00
   40    1    b          :                              1.000000272342e+00
   41    1    b          :                              1.000000292118e+00
   42    1    b          :                              9.999987146956e-01
   43    1    b          :                              9.999984678688e-01
   44    1    b          :                              9.999972752085e-01
   45    1    b          :                              9.999947082635e-01
   46    1    b          :                              1.000007698510e+00
   47    1    b          :                              1.000002178570e+00
   48    1    b          :                              1.000001378035e+00
   49    1    b          :                              9.999963446119e-01
   50    1    b          :                              9.999993075328e-01
   51    1    b          :                              9.999999982757e-01
   52    1    b          :                              1.000000003101e+00
   53    1    b          :                              9.999999326355e-01
   54    1    b          :                              9.999996393756e-01
   55    1    b          :                              1.000000393962e+00
   56    1    b          :                              9.999999451895e-01
   57    1    b          :                              9.999999026867e-01
   58    1    b          :                              9.999999818604e-01
   59    1    b          :                              1.000001054858e+00
===========================================================================


~~~~~~~~~~~~~~~~~~~~~~~~~~~~~~~~~~~~~~~~~~~~~~~~~~~~~~~~~~~~~~~~~~~~~~~~~~~
 Calculation             : Compute initial energy
 Method                  : DFT (PBE)
 Precision               : 1.00000e-04
 Localization            : On
~~~~~~~~~~~~~~~~~~~~~~~~~~~~~~~~~~~~~~~~~~~~~~~~~~~~~~~~~~~~~~~~~~~~~~~~~~~


===========================================================================
                        Molecular Energy (initial)
---------------------------------------------------------------------------
 Kinetic energy          :            (au)               1439.131931724108
 E-N energy              :            (au)              -4007.236984183427
 Coulomb energy          :            (au)                984.522358919160
 Exchange energy         :            (au)                  0.000000000000
 X-C energy              :            (au)                -95.932387452978
 Ext. field (el)         :            (au)                  0.000000000000
---------------------------------------------------------------------------
 N-N energy              :            (au)                323.257409678596
 Ext. field (nuc)        :            (au)                  0.000000000000
---------------------------------------------------------------------------
 Electronic energy       :            (au)              -1679.515080993137
 Nuclear energy          :            (au)                323.257409678596
---------------------------------------------------------------------------
 Total energy            :            (au)             -1.356257671315e+03
                         :      (kcal/mol)             -8.510645311538e+05
                         :        (kJ/mol)             -3.560854000658e+06
                         :            (eV)             -3.690564972116e+04
===========================================================================


===========================================================================
                        Orbital Energies (initial)
---------------------------------------------------------------------------
    n  Occ Spin          :                                         Epsilon
---------------------------------------------------------------------------
    0    1    a          :            (au)                -74.951395846701
    1    1    a          :            (au)                -74.946600024115
    2    1    a          :            (au)                -74.946052577189
    3    1    a          :            (au)                -74.942781268598
    4    1    a          :            (au)                 -5.402440364188
    5    1    a          :            (au)                 -5.402389699312
    6    1    a          :            (au)                 -5.401821279573
    7    1    a          :            (au)                 -5.399498207531
    8    1    a          :            (au)                 -3.636626317925
    9    1    a          :            (au)                 -3.636557888740
   10    1    a          :            (au)                 -3.636165229780
   11    1    a          :            (au)                 -3.635152988290
   12    1    a          :            (au)                 -3.634444372391
   13    1    a          :            (au)                 -3.634389939531
   14    1    a          :            (au)                 -3.634337841535
   15    1    a          :            (au)                 -3.634225646054
   16    1    a          :            (au)                 -3.634159227937
   17    1    a          :            (au)                 -3.634120857422
   18    1    a          :            (au)                 -3.633545499746
   19    1    a          :            (au)                 -3.633494880117
   20    1    a          :            (au)                 -0.116581383215
   21    1    a          :            (au)                  0.156104820075
   22    1    a          :            (au)                  0.156163117961
   23    1    a          :            (au)                  0.156478963669
   24    1    a          :            (au)                  0.458572331883
   25    1    a          :            (au)                  0.516956232063
   26    1    a          :            (au)                  0.516996100745
   27    1    a          :            (au)                  0.517058059278
   28    1    a          :            (au)                  0.557342722859
   29    1    a          :            (au)                  0.557343706798
   30    1    b          :            (au)                -74.950091479998
   31    1    b          :            (au)                -74.946928625871
   32    1    b          :            (au)                -74.946251251982
   33    1    b          :            (au)                -74.943726860866
   34    1    b          :            (au)                 -5.402437303113
   35    1    b          :            (au)                 -5.402350341777
   36    1    b          :            (au)                 -5.401819856719
   37    1    b          :            (au)                 -5.399461775505
   38    1    b          :            (au)                 -3.636571857476
   39    1    b          :            (au)                 -3.636341886295
   40    1    b          :            (au)                 -3.636154027963
   41    1    b          :            (au)                 -3.635153124614
   42    1    b          :            (au)                 -3.634442944706
   43    1    b          :            (au)                 -3.634395715362
   44    1    b          :            (au)                 -3.634337491729
   45    1    b          :            (au)                 -3.634220119646
   46    1    b          :            (au)                 -3.634140495180
   47    1    b          :            (au)                 -3.634117991641
   48    1    b          :            (au)                 -3.633546903833
   49    1    b          :            (au)                 -3.633496676339
   50    1    b          :            (au)                 -0.116563386648
   51    1    b          :            (au)                  0.156105232521
   52    1    b          :            (au)                  0.156240986215
   53    1    b          :            (au)                  0.156484335059
   54    1    b          :            (au)                  0.458585429129
   55    1    b          :            (au)                  0.516959884023
   56    1    b          :            (au)                  0.516982218165
   57    1    b          :            (au)                  0.517055672622
   58    1    b          :            (au)                  0.557340976356
   59    1    b          :            (au)                  0.557342399428
---------------------------------------------------------------------------
 Sum occupied            :            (au)               -723.067218268299
===========================================================================


~~~~~~~~~~~~~~~~~~~~~~~~~~~~~~~~~~~~~~~~~~~~~~~~~~~~~~~~~~~~~~~~~~~~~~~~~~~
 Calculation             : Optimize ground state orbitals
 Method                  : DFT (PBE)
 Checkpointing           : Off
 Max iterations          : 200
 KAIN solver             : 10
 Localization            : First two iterations
 Diagonalization         : Off
 Start precision         : 1.00000e-06
 Final precision         : 1.00000e-06
 Helmholtz precision     : Dynamic
 Energy threshold        : 1.00000e-06
 Orbital threshold       : 5.00000e-05
~~~~~~~~~~~~~~~~~~~~~~~~~~~~~~~~~~~~~~~~~~~~~~~~~~~~~~~~~~~~~~~~~~~~~~~~~~~


===========================================================================
 Iter           MO residual             Total energy                Update
---------------------------------------------------------------------------
    0          7.745967e+00       -1356.257671314541         -1.356258e+03
    1          1.551042e+00       -1363.906099613694         -7.648428e+00
    2          9.692233e-01       -1364.792420443341         -8.863208e-01
    3          3.280382e-01       -1364.916484999774         -1.240646e-01
    4          8.963505e-02       -1364.939626245963         -2.314125e-02
    5          1.001154e-01       -1364.953621786632         -1.399554e-02
    6          3.900416e-02       -1364.955750562348         -2.128776e-03
    7          1.773414e-02       -1364.956134063401         -3.835011e-04
    8          6.653582e-03       -1364.956185046087         -5.098269e-05
    9          4.138027e-03       -1364.956198777227         -1.373114e-05
   10          1.314079e-03       -1364.956201985201         -3.207974e-06
   11          6.535457e-04       -1364.956202870851         -8.856503e-07
   12          1.955600e-04       -1364.956202983386         -1.125347e-07
   13          1.173520e-04       -1364.956203016953         -3.356672e-08
---------------------------------------------------------------------------
                      SCF converged in 13 iterations!
===========================================================================


                                                                           
***************************************************************************
***                                                                     ***
***                    Printing Molecular Properties                    ***
***                                                                     ***
***************************************************************************
                                                                           
                                                                           
===========================================================================
                                 Molecule
---------------------------------------------------------------------------
 Charge                  :                                               0
 Multiplicity            :                                               1
---------------------------------------------------------------------------
    N    Atom            :               x               y               z
---------------------------------------------------------------------------
    0       P            :        0.000047        0.000000        2.557366
    1       P            :        2.411149        0.000000       -0.852455
    2       P            :       -1.205598       -2.088147       -0.852455
    3       P            :       -1.205598        2.088147       -0.852455
---------------------------------------------------------------------------
 Center of mass          :       -0.000000        0.000000       -0.000000
===========================================================================


===========================================================================
                         Molecular Energy (final)
---------------------------------------------------------------------------
 Kinetic energy          :            (au)               1362.962416996655
 E-N energy              :            (au)              -3895.993365035898
 Coulomb energy          :            (au)                937.204188155930
 Exchange energy         :            (au)                  0.000000000000
 X-C energy              :            (au)                -92.386852812235
 Ext. field (el)         :            (au)                  0.000000000000
---------------------------------------------------------------------------
 N-N energy              :            (au)                323.257409678596
 Ext. field (nuc)        :            (au)                  0.000000000000
---------------------------------------------------------------------------
 Electronic energy       :            (au)              -1688.213612695549
 Nuclear energy          :            (au)                323.257409678596
---------------------------------------------------------------------------
 Total energy            :            (au)             -1.364956203017e+03
                         :      (kcal/mol)             -8.565229421634e+05
                         :        (kJ/mol)             -3.583691992338e+06
                         :            (eV)             -3.714234881668e+04
===========================================================================


===========================================================================
                         Orbital Energies (final)
---------------------------------------------------------------------------
    n  Occ Spin          :                                         Epsilon
---------------------------------------------------------------------------
    0    1    a          :            (au)                -76.324160485871
    1    1    a          :            (au)                -76.324159586244
    2    1    a          :            (au)                -76.324158207131
    3    1    a          :            (au)                -76.324157521730
    4    1    a          :            (au)                 -6.329918939154
    5    1    a          :            (au)                 -6.329816306480
    6    1    a          :            (au)                 -6.329815565939
    7    1    a          :            (au)                 -6.329814447374
    8    1    a          :            (au)                 -4.545962077557
    9    1    a          :            (au)                 -4.545513284077
   10    1    a          :            (au)                 -4.545512521696
   11    1    a          :            (au)                 -4.545511317792
   12    1    a          :            (au)                 -4.544889327739
   13    1    a          :            (au)                 -4.544889225053
   14    1    a          :            (au)                 -4.544829617200
   15    1    a          :            (au)                 -4.544829140079
   16    1    a          :            (au)                 -4.544828926466
   17    1    a          :            (au)                 -4.544705473403
   18    1    a          :            (au)                 -4.544704821626
   19    1    a          :            (au)                 -4.544704390303
   20    1    a          :            (au)                 -0.737142266192
   21    1    a          :            (au)                 -0.491513311938
   22    1    a          :            (au)                 -0.491512623497
   23    1    a          :            (au)                 -0.491505878526
   24    1    a          :            (au)                 -0.319898643219
   25    1    a          :            (au)                 -0.272090987577
   26    1    a          :            (au)                 -0.272087695662
   27    1    a          :            (au)                 -0.272083019769
   28    1    a          :            (au)                 -0.242865813785
   29    1    a          :            (au)                 -0.242863068684
   30    1    b          :            (au)                -76.324160065352
   31    1    b          :            (au)                -76.324159585120
   32    1    b          :            (au)                -76.324158213049
   33    1    b          :            (au)                -76.324157942533
   34    1    b          :            (au)                 -6.329918938792
   35    1    b          :            (au)                 -6.329816304861
   36    1    b          :            (au)                 -6.329815566069
   37    1    b          :            (au)                 -6.329814447459
   38    1    b          :            (au)                 -4.545962077813
   39    1    b          :            (au)                 -4.545513283794
   40    1    b          :            (au)                 -4.545512522635
   41    1    b          :            (au)                 -4.545511317310
   42    1    b          :            (au)                 -4.544889327184
   43    1    b          :            (au)                 -4.544889224387
   44    1    b          :            (au)                 -4.544829616273
   45    1    b          :            (au)                 -4.544829138554
   46    1    b          :            (au)                 -4.544828927342
   47    1    b          :            (au)                 -4.544705472407
   48    1    b          :            (au)                 -4.544704821163
   49    1    b          :            (au)                 -4.544704390151
   50    1    b          :            (au)                 -0.737142257560
   51    1    b          :            (au)                 -0.491513286383
   52    1    b          :            (au)                 -0.491512617335
   53    1    b          :            (au)                 -0.491505869549
   54    1    b          :            (au)                 -0.319898635272
   55    1    b          :            (au)                 -0.272090979098
   56    1    b          :            (au)                 -0.272087694315
   57    1    b          :            (au)                 -0.272082998772
   58    1    b          :            (au)                 -0.242865801727
   59    1    b          :            (au)                 -0.242863044922
---------------------------------------------------------------------------
 Sum occupied            :            (au)               -777.980888858943
===========================================================================


===========================================================================
                           Dipole Moment (dip-1)
---------------------------------------------------------------------------
 r_O                     :        0.000000        0.000000        0.000000
---------------------------------------------------------------------------
 Electronic vector       :        0.000001        0.000001        0.000008
 Magnitude               :            (au)                        0.000009
                         :         (Debye)                        0.000022
---------------------------------------------------------------------------
 Nuclear vector          :        0.000000        0.000000        0.000000
 Magnitude               :            (au)                        0.000000
                         :         (Debye)                        0.000000
---------------------------------------------------------------------------
 Total vector            :        0.000001        0.000001        0.000008
 Magnitude               :            (au)                        0.000009
                         :         (Debye)                        0.000022
===========================================================================


                                                                           
                                                                           
***************************************************************************
***                                                                     ***
***                            Exiting MRChem                           ***
***                                                                     ***
***                       Wall time :  0h 49m 29s                       ***
***                                                                     ***
***************************************************************************
                                                                           
                                                                           
