                                                                           
                                                                           
***************************************************************************
***                                                                     ***
***                                                                     ***
***          __  __ ____   ____ _                                       ***
***         |  \/  |  _ \ / ___| |__   ___ _ __ ___                     ***
***         | |\/| | |_) | |   | '_ \ / _ \ '_ ` _ \                    ***
***         | |  | |  _ <| |___| | | |  __/ | | | | |                   ***
***         |_|  |_|_| \_\\____|_| |_|\___|_| |_| |_|                   ***
***                                                                     ***
***         VERSION            1.0.1                                    ***
***                                                                     ***
***         Git branch         HEAD                                     ***
***         Git commit hash    9309e3e1e52e5319b766-dirty               ***
***         Git commit author  Stig Rune Jensen                         ***
***         Git commit date    Fri Dec 4 16:08:55 2020 +0100            ***
***                                                                     ***
***         Contact: luca.frediani@uit.no                               ***
***                                                                     ***
***         Radovan Bast            Magnar Bjorgve                      ***
***         Roberto Di Remigio      Antoine Durdek                      ***
***         Luca Frediani           Gabriel Gerez                       ***
***         Stig Rune Jensen        Jonas Juselius                      ***
***         Rune Monstad            Peter Wind                          ***
***                                                                     ***
***************************************************************************

---------------------------------------------------------------------------

 MPI processes           :        (1 bank)                              20
 OpenMP threads          :                                               6
 Total cores             :                                             120
                                                                           
---------------------------------------------------------------------------

XCFun DFT library Copyright 2009-2020 Ulf Ekstrom and contributors.
See http://dftlibs.org/xcfun/ for more information.

This is free software; see the source code for copying conditions.
There is ABSOLUTELY NO WARRANTY; not even for MERCHANTABILITY or
FITNESS FOR A PARTICULAR PURPOSE. For details see the documentation.
Scientific users of this library should cite
U. Ekstrom, L. Visscher, R. Bast, A. J. Thorvaldsen and K. Ruud;
J.Chem.Theor.Comp. 2010, DOI: 10.1021/ct100117s

---------------------------------------------------------------------------

 MRCPP version         : 1.3.6
 Git branch            : HEAD
 Git commit hash       : 9309e3e1e52e5319b766-dirty
 Git commit author     : Stig Rune Jensen
 Git commit date       : Fri Dec 4 16:08:55 2020 +0100

 Linear algebra        : EIGEN v3.3.7
 Parallelization       : MPI/OpenMP (6 threads)

---------------------------------------------------------------------------


                                                                           
===========================================================================
                         MultiResolution Analysis
---------------------------------------------------------------------------
 polynomial order      : 9
 polynomial type       : Interpolating
---------------------------------------------------------------------------
 total boxes           : 8
 boxes                 : [          2           2           2 ]
 unit lengths          : [   32.00000    32.00000    32.00000 ]
 scaling factor        : [    1.00000     1.00000     1.00000 ]
 lower bounds          : [  -32.00000   -32.00000   -32.00000 ]
 upper bounds          : [   32.00000    32.00000    32.00000 ]
 total length          : [   64.00000    64.00000    64.00000 ]
===========================================================================


                                                                           
***************************************************************************
***                                                                     ***
***                        Initializing Molecule                        ***
***                                                                     ***
***************************************************************************
                                                                           
                                                                           
===========================================================================
                                 Molecule
---------------------------------------------------------------------------
 Charge                  :                                               0
 Multiplicity            :                                               3
---------------------------------------------------------------------------
    N    Atom            :               x               y               z
---------------------------------------------------------------------------
    0       H            :        0.000000        0.000000       -2.603049
    1       P            :        0.000000        0.000000        0.084708
---------------------------------------------------------------------------
 Center of mass          :        0.000000        0.000000        0.000000
===========================================================================


                                                                           
***************************************************************************
***                                                                     ***
***                 Computing Ground State Wavefunction                 ***
***                                                                     ***
***************************************************************************
                                                                           
                                                                           
~~~~~~~~~~~~~~~~~~~~~~~~~~~~~~~~~~~~~~~~~~~~~~~~~~~~~~~~~~~~~~~~~~~~~~~~~~~
 Calculation             : Compute initial orbitals
 Method                  : Diagonalize SAD Hamiltonian
 Precision               : 1.00000e-04
 Restricted              : False
 Functional              : LDA (SVWN5)
 AO basis                : Hydrogenic orbitals
 Zeta quality            : 2
~~~~~~~~~~~~~~~~~~~~~~~~~~~~~~~~~~~~~~~~~~~~~~~~~~~~~~~~~~~~~~~~~~~~~~~~~~~


===========================================================================
                            Molecular Orbitals
---------------------------------------------------------------------------
 Alpha electrons         :                                               9
 Beta electrons          :                                               7
 Total electrons         :                                              16
---------------------------------------------------------------------------
    n  Occ Spin          :                                            Norm
---------------------------------------------------------------------------
    0    1    a          :                              1.000000001729e+00
    1    1    a          :                              9.999999985881e-01
    2    1    a          :                              9.999999999383e-01
    3    1    a          :                              1.000000000000e+00
    4    1    a          :                              1.000000000000e+00
    5    1    a          :                              1.000000023193e+00
    6    1    a          :                              9.999999787092e-01
    7    1    a          :                              9.999999979259e-01
    8    1    a          :                              9.999999969950e-01
    9    1    b          :                              1.000000001761e+00
   10    1    b          :                              9.999999986490e-01
   11    1    b          :                              9.999999999383e-01
   12    1    b          :                              1.000000000000e+00
   13    1    b          :                              1.000000000000e+00
   14    1    b          :                              1.000000023309e+00
   15    1    b          :                              9.999999780566e-01
===========================================================================


~~~~~~~~~~~~~~~~~~~~~~~~~~~~~~~~~~~~~~~~~~~~~~~~~~~~~~~~~~~~~~~~~~~~~~~~~~~
 Calculation             : Compute initial energy
 Method                  : DFT (PBE)
 Precision               : 1.00000e-04
 Localization            : On
~~~~~~~~~~~~~~~~~~~~~~~~~~~~~~~~~~~~~~~~~~~~~~~~~~~~~~~~~~~~~~~~~~~~~~~~~~~


===========================================================================
                        Molecular Energy (initial)
---------------------------------------------------------------------------
 Kinetic energy          :            (au)                351.326011082534
 E-N energy              :            (au)               -828.490984303529
 Coulomb energy          :            (au)                154.309863438357
 Exchange energy         :            (au)                  0.000000000000
 X-C energy              :            (au)                -23.150605319480
 Ext. field (el)         :            (au)                  0.000000000000
---------------------------------------------------------------------------
 N-N energy              :            (au)                  5.580861102089
 Ext. field (nuc)        :            (au)                  0.000000000000
---------------------------------------------------------------------------
 Electronic energy       :            (au)               -346.005715102119
 Nuclear energy          :            (au)                  5.580861102089
---------------------------------------------------------------------------
 Total energy            :            (au)             -3.404248540000e+02
                         :      (kcal/mol)             -2.136198193680e+05
                         :        (kJ/mol)             -8.937853248156e+05
                         :            (eV)             -9.263431782785e+03
===========================================================================


===========================================================================
                        Orbital Energies (initial)
---------------------------------------------------------------------------
    n  Occ Spin          :                                         Epsilon
---------------------------------------------------------------------------
    0    1    a          :            (au)                -76.492536263471
    1    1    a          :            (au)                 -6.675038208518
    2    1    a          :            (au)                 -4.933193035300
    3    1    a          :            (au)                 -4.933192162051
    4    1    a          :            (au)                 -4.923817247508
    5    1    a          :            (au)                 -0.740508445767
    6    1    a          :            (au)                 -0.348292554660
    7    1    a          :            (au)                 -0.219577539962
    8    1    a          :            (au)                 -0.219574189576
    9    1    b          :            (au)                -76.486851070282
   10    1    b          :            (au)                 -6.668239198282
   11    1    b          :            (au)                 -4.922188461849
   12    1    b          :            (au)                 -4.922188345384
   13    1    b          :            (au)                 -4.920001048611
   14    1    b          :            (au)                 -0.699039876332
   15    1    b          :            (au)                 -0.332968100558
---------------------------------------------------------------------------
 Sum occupied            :            (au)               -198.437205748110
===========================================================================


~~~~~~~~~~~~~~~~~~~~~~~~~~~~~~~~~~~~~~~~~~~~~~~~~~~~~~~~~~~~~~~~~~~~~~~~~~~
 Calculation             : Optimize ground state orbitals
 Method                  : DFT (PBE)
 Checkpointing           : Off
 Max iterations          : 200
 KAIN solver             : 10
 Localization            : First two iterations
 Diagonalization         : Off
 Start precision         : 1.00000e-06
 Final precision         : 1.00000e-06
 Helmholtz precision     : Dynamic
 Energy threshold        : 1.00000e-06
 Orbital threshold       : 5.00000e-05
~~~~~~~~~~~~~~~~~~~~~~~~~~~~~~~~~~~~~~~~~~~~~~~~~~~~~~~~~~~~~~~~~~~~~~~~~~~


===========================================================================
 Iter           MO residual             Total energy                Update
---------------------------------------------------------------------------
    0          4.000000e+00        -340.424854000030         -3.404249e+02
    1          8.486822e-01        -341.619361636305         -1.194508e+00
    2          2.306339e-01        -341.719633877857         -1.002722e-01
    3          6.346596e-02        -341.732020366044         -1.238649e-02
    4          2.845718e-02        -341.734699077170         -2.678711e-03
    5          1.180577e-02        -341.734990484003         -2.914068e-04
    6          3.930628e-03        -341.735013563683         -2.307968e-05
    7          1.301446e-03        -341.735022072306         -8.508624e-06
    8          4.984245e-04        -341.735023100067         -1.027761e-06
    9          2.065520e-04        -341.735023149726         -4.965852e-08
   10          1.569492e-04        -341.735023181594         -3.186847e-08
   11          7.414540e-05        -341.735023186555         -4.961066e-09
---------------------------------------------------------------------------
                      SCF converged in 11 iterations!
===========================================================================


                                                                           
***************************************************************************
***                                                                     ***
***                    Printing Molecular Properties                    ***
***                                                                     ***
***************************************************************************
                                                                           
                                                                           
===========================================================================
                                 Molecule
---------------------------------------------------------------------------
 Charge                  :                                               0
 Multiplicity            :                                               3
---------------------------------------------------------------------------
    N    Atom            :               x               y               z
---------------------------------------------------------------------------
    0       H            :        0.000000        0.000000       -2.603049
    1       P            :        0.000000        0.000000        0.084708
---------------------------------------------------------------------------
 Center of mass          :        0.000000        0.000000        0.000000
===========================================================================


===========================================================================
                         Molecular Energy (final)
---------------------------------------------------------------------------
 Kinetic energy          :            (au)                341.260389085439
 E-N energy              :            (au)               -824.614686836922
 Coulomb energy          :            (au)                159.423489222938
 Exchange energy         :            (au)                  0.000000000000
 X-C energy              :            (au)                -23.385075760100
 Ext. field (el)         :            (au)                  0.000000000000
---------------------------------------------------------------------------
 N-N energy              :            (au)                  5.580861102089
 Ext. field (nuc)        :            (au)                  0.000000000000
---------------------------------------------------------------------------
 Electronic energy       :            (au)               -347.315884288644
 Nuclear energy          :            (au)                  5.580861102089
---------------------------------------------------------------------------
 Total energy            :            (au)             -3.417350231866e+02
                         :      (kcal/mol)             -2.144419629385e+05
                         :        (kJ/mol)             -8.972251735170e+05
                         :            (eV)             -9.299083301000e+03
===========================================================================


===========================================================================
                         Orbital Energies (final)
---------------------------------------------------------------------------
    n  Occ Spin          :                                         Epsilon
---------------------------------------------------------------------------
    0    1    a          :            (au)                -76.327501748311
    1    1    a          :            (au)                 -6.333424094775
    2    1    a          :            (au)                 -4.552526033434
    3    1    a          :            (au)                 -4.552526033407
    4    1    a          :            (au)                 -4.545078682565
    5    1    a          :            (au)                 -0.565797951169
    6    1    a          :            (au)                 -0.313888934707
    7    1    a          :            (au)                 -0.227190916648
    8    1    a          :            (au)                 -0.227190916634
    9    1    b          :            (au)                -76.320257718917
   10    1    b          :            (au)                 -6.325750538263
   11    1    b          :            (au)                 -4.540614600634
   12    1    b          :            (au)                 -4.539232946473
   13    1    b          :            (au)                 -4.539232946231
   14    1    b          :            (au)                 -0.511195776677
   15    1    b          :            (au)                 -0.291102925148
---------------------------------------------------------------------------
 Sum occupied            :            (au)               -194.712512763992
===========================================================================


===========================================================================
                           Dipole Moment (dip-1)
---------------------------------------------------------------------------
 r_O                     :        0.000000        0.000000        0.000000
---------------------------------------------------------------------------
 Electronic vector       :        0.000000       -0.000000        1.166878
 Magnitude               :            (au)                        1.166878
                         :         (Debye)                        2.965908
---------------------------------------------------------------------------
 Nuclear vector          :        0.000000        0.000000       -1.332427
 Magnitude               :            (au)                        1.332427
                         :         (Debye)                        3.386692
---------------------------------------------------------------------------
 Total vector            :        0.000000        0.000000       -0.165549
 Magnitude               :            (au)                        0.165549
                         :         (Debye)                        0.420784
===========================================================================


                                                                           
                                                                           
***************************************************************************
***                                                                     ***
***                            Exiting MRChem                           ***
***                                                                     ***
***                       Wall time :  0h 10m 10s                       ***
***                                                                     ***
***************************************************************************
                                                                           
                                                                           
