Starting job 5688405 on c1-[24,36,38],c2-49,c3-18,c5-49 at Fri May 20 16:58:24 CEST 2022

Copying p_4_pbe0_.out to /cluster/home/ambr/projects/psp/row3/calcs/doublets
Copying p_4_pbe0_.json to /cluster/home/ambr/projects/psp/row3/calcs/doublets

Task and CPU usage stats:
JobID           JobName  AllocCPUS   NTasks     MinCPU MinCPUTask     AveCPU    Elapsed ExitCode 
------------ ---------- ---------- -------- ---------- ---------- ---------- ---------- -------- 
5688405       p_4_pbe0_        180                                             00:14:14      0:0 
5688405.bat+      batch         36        1   00:00:02          0   00:00:02   00:14:14      0:0 
5688405.ext+     extern        180        6   00:00:00          0   00:00:00   00:14:14      0:0 
5688405.0      mrchem.x        180       30   00:13:37         29   00:30:18   00:13:46      0:0 

Memory usage stats:
JobID            MaxRSS MaxRSSTask     AveRSS MaxPages   MaxPagesTask   AvePages 
------------ ---------- ---------- ---------- -------- -------------- ---------- 
5688405                                                                          
5688405.bat+     19332K          0     19332K        0              0          0 
5688405.ext+          0          0          0        0              0          0 
5688405.0      4345976K         29 2767728776        0             11          0 

Disk usage stats:
JobID         MaxDiskRead MaxDiskReadTask    AveDiskRead MaxDiskWrite MaxDiskWriteTask   AveDiskWrite 
------------ ------------ --------------- -------------- ------------ ---------------- -------------- 
5688405                                                                                               
5688405.bat+       16.90M               0         16.90M        0.03M                0          0.03M 
5688405.ext+        0.00M               0          0.00M            0                0              0 
5688405.0           6.77M               0          6.74M       63.09M               14         31.87M 

Job 5688405 completed at Fri May 20 17:12:37 CEST 2022
