                                                                           
                                                                           
***************************************************************************
***                                                                     ***
***                                                                     ***
***          __  __ ____   ____ _                                       ***
***         |  \/  |  _ \ / ___| |__   ___ _ __ ___                     ***
***         | |\/| | |_) | |   | '_ \ / _ \ '_ ` _ \                    ***
***         | |  | |  _ <| |___| | | |  __/ | | | | |                   ***
***         |_|  |_|_| \_\\____|_| |_|\___|_| |_| |_|                   ***
***                                                                     ***
***         VERSION            1.0.1                                    ***
***                                                                     ***
***         Git branch         HEAD                                     ***
***         Git commit hash    9309e3e1e52e5319b766-dirty               ***
***         Git commit author  Stig Rune Jensen                         ***
***         Git commit date    Fri Dec 4 16:08:55 2020 +0100            ***
***                                                                     ***
***         Contact: luca.frediani@uit.no                               ***
***                                                                     ***
***         Radovan Bast            Magnar Bjorgve                      ***
***         Roberto Di Remigio      Antoine Durdek                      ***
***         Luca Frediani           Gabriel Gerez                       ***
***         Stig Rune Jensen        Jonas Juselius                      ***
***         Rune Monstad            Peter Wind                          ***
***                                                                     ***
***************************************************************************

---------------------------------------------------------------------------

 MPI processes           :        (1 bank)                              20
 OpenMP threads          :                                               6
 Total cores             :                                             120
                                                                           
---------------------------------------------------------------------------

XCFun DFT library Copyright 2009-2020 Ulf Ekstrom and contributors.
See http://dftlibs.org/xcfun/ for more information.

This is free software; see the source code for copying conditions.
There is ABSOLUTELY NO WARRANTY; not even for MERCHANTABILITY or
FITNESS FOR A PARTICULAR PURPOSE. For details see the documentation.
Scientific users of this library should cite
U. Ekstrom, L. Visscher, R. Bast, A. J. Thorvaldsen and K. Ruud;
J.Chem.Theor.Comp. 2010, DOI: 10.1021/ct100117s

---------------------------------------------------------------------------

 MRCPP version         : 1.3.6
 Git branch            : HEAD
 Git commit hash       : 9309e3e1e52e5319b766-dirty
 Git commit author     : Stig Rune Jensen
 Git commit date       : Fri Dec 4 16:08:55 2020 +0100

 Linear algebra        : EIGEN v3.3.7
 Parallelization       : MPI/OpenMP (6 threads)

---------------------------------------------------------------------------


                                                                           
===========================================================================
                         MultiResolution Analysis
---------------------------------------------------------------------------
 polynomial order      : 9
 polynomial type       : Interpolating
---------------------------------------------------------------------------
 total boxes           : 8
 boxes                 : [          2           2           2 ]
 unit lengths          : [   32.00000    32.00000    32.00000 ]
 scaling factor        : [    1.00000     1.00000     1.00000 ]
 lower bounds          : [  -32.00000   -32.00000   -32.00000 ]
 upper bounds          : [   32.00000    32.00000    32.00000 ]
 total length          : [   64.00000    64.00000    64.00000 ]
===========================================================================


                                                                           
***************************************************************************
***                                                                     ***
***                        Initializing Molecule                        ***
***                                                                     ***
***************************************************************************
                                                                           
                                                                           
===========================================================================
                                 Molecule
---------------------------------------------------------------------------
 Charge                  :                                               0
 Multiplicity            :                                               2
---------------------------------------------------------------------------
    N    Atom            :               x               y               z
---------------------------------------------------------------------------
    0       P            :        0.000000        0.000000       -0.115059
    1       H            :        0.000000        1.933001        1.767864
    2       H            :        0.000000       -1.933001        1.767864
---------------------------------------------------------------------------
 Center of mass          :        0.000000        0.000000       -0.000000
===========================================================================


                                                                           
***************************************************************************
***                                                                     ***
***                 Computing Ground State Wavefunction                 ***
***                                                                     ***
***************************************************************************
                                                                           
                                                                           
~~~~~~~~~~~~~~~~~~~~~~~~~~~~~~~~~~~~~~~~~~~~~~~~~~~~~~~~~~~~~~~~~~~~~~~~~~~
 Calculation             : Compute initial orbitals
 Method                  : Diagonalize SAD Hamiltonian
 Precision               : 1.00000e-04
 Restricted              : False
 Functional              : LDA (SVWN5)
 AO basis                : Hydrogenic orbitals
 Zeta quality            : 2
~~~~~~~~~~~~~~~~~~~~~~~~~~~~~~~~~~~~~~~~~~~~~~~~~~~~~~~~~~~~~~~~~~~~~~~~~~~


===========================================================================
                            Molecular Orbitals
---------------------------------------------------------------------------
 Alpha electrons         :                                               9
 Beta electrons          :                                               8
 Total electrons         :                                              17
---------------------------------------------------------------------------
    n  Occ Spin          :                                            Norm
---------------------------------------------------------------------------
    0    1    a          :                              1.000000000021e+00
    1    1    a          :                              9.999999959142e-01
    2    1    a          :                              1.000000015050e+00
    3    1    a          :                              1.000000000006e+00
    4    1    a          :                              1.000000000000e+00
    5    1    a          :                              9.999998856669e-01
    6    1    a          :                              1.000000098681e+00
    7    1    a          :                              9.999999807516e-01
    8    1    a          :                              1.000000000049e+00
    9    1    b          :                              1.000000000021e+00
   10    1    b          :                              9.999999959146e-01
   11    1    b          :                              1.000000015050e+00
   12    1    b          :                              1.000000000006e+00
   13    1    b          :                              1.000000000000e+00
   14    1    b          :                              9.999998855966e-01
   15    1    b          :                              1.000000100003e+00
   16    1    b          :                              9.999999807702e-01
===========================================================================


~~~~~~~~~~~~~~~~~~~~~~~~~~~~~~~~~~~~~~~~~~~~~~~~~~~~~~~~~~~~~~~~~~~~~~~~~~~
 Calculation             : Compute initial energy
 Method                  : DFT (PBE)
 Precision               : 1.00000e-04
 Localization            : On
~~~~~~~~~~~~~~~~~~~~~~~~~~~~~~~~~~~~~~~~~~~~~~~~~~~~~~~~~~~~~~~~~~~~~~~~~~~


===========================================================================
                        Molecular Energy (initial)
---------------------------------------------------------------------------
 Kinetic energy          :            (au)                352.062827594561
 E-N energy              :            (au)               -842.544653274320
 Coulomb energy          :            (au)                161.457523173283
 Exchange energy         :            (au)                  0.000000000000
 X-C energy              :            (au)                -23.593759167736
 Ext. field (el)         :            (au)                  0.000000000000
---------------------------------------------------------------------------
 N-N energy              :            (au)                 11.375961395680
 Ext. field (nuc)        :            (au)                  0.000000000000
---------------------------------------------------------------------------
 Electronic energy       :            (au)               -352.618061674212
 Nuclear energy          :            (au)                 11.375961395680
---------------------------------------------------------------------------
 Total energy            :            (au)             -3.412421002785e+02
                         :      (kcal/mol)             -2.141326491462e+05
                         :        (kJ/mol)             -8.959310046093e+05
                         :            (eV)             -9.285670185950e+03
===========================================================================


===========================================================================
                        Orbital Energies (initial)
---------------------------------------------------------------------------
    n  Occ Spin          :                                         Epsilon
---------------------------------------------------------------------------
    0    1    a          :            (au)                -76.389387479465
    1    1    a          :            (au)                 -6.579739222710
    2    1    a          :            (au)                 -4.839103420928
    3    1    a          :            (au)                 -4.831386458566
    4    1    a          :            (au)                 -4.828780495053
    5    1    a          :            (au)                 -0.714365785552
    6    1    a          :            (au)                 -0.420399064380
    7    1    a          :            (au)                 -0.330784956542
    8    1    a          :            (au)                 -0.213120271292
    9    1    b          :            (au)                -76.386576587348
   10    1    b          :            (au)                 -6.576330966816
   11    1    b          :            (au)                 -4.830032480972
   12    1    b          :            (au)                 -4.829485923789
   13    1    b          :            (au)                 -4.826877971610
   14    1    b          :            (au)                 -0.695853693741
   15    1    b          :            (au)                 -0.414807014302
   16    1    b          :            (au)                 -0.323105319408
---------------------------------------------------------------------------
 Sum occupied            :            (au)               -198.030137112476
===========================================================================


~~~~~~~~~~~~~~~~~~~~~~~~~~~~~~~~~~~~~~~~~~~~~~~~~~~~~~~~~~~~~~~~~~~~~~~~~~~
 Calculation             : Optimize ground state orbitals
 Method                  : DFT (PBE)
 Checkpointing           : Off
 Max iterations          : 200
 KAIN solver             : 10
 Localization            : First two iterations
 Diagonalization         : Off
 Start precision         : 1.00000e-06
 Final precision         : 1.00000e-06
 Helmholtz precision     : Dynamic
 Energy threshold        : 1.00000e-06
 Orbital threshold       : 5.00000e-05
~~~~~~~~~~~~~~~~~~~~~~~~~~~~~~~~~~~~~~~~~~~~~~~~~~~~~~~~~~~~~~~~~~~~~~~~~~~


===========================================================================
 Iter           MO residual             Total energy                Update
---------------------------------------------------------------------------
    0          4.123106e+00        -341.242100278532         -3.412421e+02
    1          6.687683e-01        -342.259646992268         -1.017547e+00
    2          1.817337e-01        -342.346694888780         -8.704790e-02
    3          5.612564e-02        -342.358738553198         -1.204366e-02
    4          3.233757e-02        -342.361790939365         -3.052386e-03
    5          1.741045e-02        -342.362135581047         -3.446417e-04
    6          5.165364e-03        -342.362178003253         -4.242221e-05
    7          1.787001e-03        -342.362186956017         -8.952764e-06
    8          6.862460e-04        -342.362187583005         -6.269877e-07
    9          3.087872e-04        -342.362187780112         -1.971067e-07
   10          1.217173e-04        -342.362187816859         -3.674700e-08
   11          4.451086e-05        -342.362187818868         -2.009301e-09
---------------------------------------------------------------------------
                      SCF converged in 11 iterations!
===========================================================================


                                                                           
***************************************************************************
***                                                                     ***
***                    Printing Molecular Properties                    ***
***                                                                     ***
***************************************************************************
                                                                           
                                                                           
===========================================================================
                                 Molecule
---------------------------------------------------------------------------
 Charge                  :                                               0
 Multiplicity            :                                               2
---------------------------------------------------------------------------
    N    Atom            :               x               y               z
---------------------------------------------------------------------------
    0       P            :        0.000000        0.000000       -0.115059
    1       H            :        0.000000        1.933001        1.767864
    2       H            :        0.000000       -1.933001        1.767864
---------------------------------------------------------------------------
 Center of mass          :        0.000000        0.000000       -0.000000
===========================================================================


===========================================================================
                         Molecular Energy (final)
---------------------------------------------------------------------------
 Kinetic energy          :            (au)                341.854283746429
 E-N energy              :            (au)               -837.463382794813
 Coulomb energy          :            (au)                165.629751405381
 Exchange energy         :            (au)                  0.000000000000
 X-C energy              :            (au)                -23.758801571545
 Ext. field (el)         :            (au)                  0.000000000000
---------------------------------------------------------------------------
 N-N energy              :            (au)                 11.375961395680
 Ext. field (nuc)        :            (au)                  0.000000000000
---------------------------------------------------------------------------
 Electronic energy       :            (au)               -353.738149214548
 Nuclear energy          :            (au)                 11.375961395680
---------------------------------------------------------------------------
 Total energy            :            (au)             -3.423621878189e+02
                         :      (kcal/mol)             -2.148355146839e+05
                         :        (kJ/mol)             -8.988717940208e+05
                         :            (eV)             -9.316149319300e+03
===========================================================================


===========================================================================
                         Orbital Energies (final)
---------------------------------------------------------------------------
    n  Occ Spin          :                                         Epsilon
---------------------------------------------------------------------------
    0    1    a          :            (au)                -76.311071611872
    1    1    a          :            (au)                 -6.319112622590
    2    1    a          :            (au)                 -4.539801856219
    3    1    a          :            (au)                 -4.533888987196
    4    1    a          :            (au)                 -4.530692842776
    5    1    a          :            (au)                 -0.578586350437
    6    1    a          :            (au)                 -0.349323050555
    7    1    a          :            (au)                 -0.278771517507
    8    1    a          :            (au)                 -0.222139251422
    9    1    b          :            (au)                -76.307427162846
   10    1    b          :            (au)                 -6.315197543005
   11    1    b          :            (au)                 -4.531470660107
   12    1    b          :            (au)                 -4.528729404839
   13    1    b          :            (au)                 -4.528441335564
   14    1    b          :            (au)                 -0.553251036015
   15    1    b          :            (au)                 -0.342870230959
   16    1    b          :            (au)                 -0.266173708397
---------------------------------------------------------------------------
 Sum occupied            :            (au)               -195.036949172308
===========================================================================


===========================================================================
                           Dipole Moment (dip-1)
---------------------------------------------------------------------------
 r_O                     :        0.000000        0.000000        0.000000
---------------------------------------------------------------------------
 Electronic vector       :        0.000000        0.000000       -1.598851
 Magnitude               :            (au)                        1.598851
                         :         (Debye)                        4.063875
---------------------------------------------------------------------------
 Nuclear vector          :        0.000000        0.000000        1.809839
 Magnitude               :            (au)                        1.809839
                         :         (Debye)                        4.600151
---------------------------------------------------------------------------
 Total vector            :        0.000000        0.000000        0.210987
 Magnitude               :            (au)                        0.210987
                         :         (Debye)                        0.536277
===========================================================================


                                                                           
                                                                           
***************************************************************************
***                                                                     ***
***                            Exiting MRChem                           ***
***                                                                     ***
***                       Wall time :  0h 10m 41s                       ***
***                                                                     ***
***************************************************************************
                                                                           
                                                                           
