Starting job 3255852 on c11-[41,44,46,51] at Tue Aug 10 16:00:06 CEST 2021

Copying p_4_pbe_.out to /cluster/home/ambr/projects/psp/row3/calcs/doublets
Copying p_4_pbe_.json to /cluster/home/ambr/projects/psp/row3/calcs/doublets

Task and CPU usage stats:
       JobID    JobName  AllocCPUS   NTasks     MinCPU MinCPUTask     AveCPU    Elapsed ExitCode 
------------ ---------- ---------- -------- ---------- ---------- ---------- ---------- -------- 
3255852        p_4_pbe_        120                                             00:10:47      1:0 
3255852.bat+      batch         36        1   00:00:01          0   00:00:01   00:10:47      1:0 
3255852.ext+     extern        120        4   00:00:00          0   00:00:00   00:10:47      0:0 
3255852.0      mrchem.x        120       20   00:10:42         19   00:35:38   00:10:43      0:0 

Memory usage stats:
       JobID     MaxRSS MaxRSSTask     AveRSS MaxPages   MaxPagesTask   AvePages 
------------ ---------- ---------- ---------- -------- -------------- ---------- 
3255852                                                                          
3255852.bat+     14268K          0     14268K        0              0          0 
3255852.ext+          0          0          0        0              0          0 
3255852.0      2969348K         11 2443291238        0              4          0 

Disk usage stats:
       JobID  MaxDiskRead MaxDiskReadTask    AveDiskRead MaxDiskWrite MaxDiskWriteTask   AveDiskWrite 
------------ ------------ --------------- -------------- ------------ ---------------- -------------- 
3255852                                                                                               
3255852.bat+        3.73M               0          3.73M        0.02M                0          0.02M 
3255852.ext+        0.00M               0          0.00M            0                0              0 
3255852.0           2.67M               0          2.66M       62.83M               16         34.70M 

Job 3255852 completed at Tue Aug 10 16:10:53 CEST 2021
