                                                                           
                                                                           
***************************************************************************
***                                                                     ***
***                                                                     ***
***          __  __ ____   ____ _                                       ***
***         |  \/  |  _ \ / ___| |__   ___ _ __ ___                     ***
***         | |\/| | |_) | |   | '_ \ / _ \ '_ ` _ \                    ***
***         | |  | |  _ <| |___| | | |  __/ | | | | |                   ***
***         |_|  |_|_| \_\\____|_| |_|\___|_| |_| |_|                   ***
***                                                                     ***
***         VERSION            1.0.1                                    ***
***                                                                     ***
***         Git branch         HEAD                                     ***
***         Git commit hash    9309e3e1e52e5319b766-dirty               ***
***         Git commit author  Stig Rune Jensen                         ***
***         Git commit date    Fri Dec 4 16:08:55 2020 +0100            ***
***                                                                     ***
***         Contact: luca.frediani@uit.no                               ***
***                                                                     ***
***         Radovan Bast            Magnar Bjorgve                      ***
***         Roberto Di Remigio      Antoine Durdek                      ***
***         Luca Frediani           Gabriel Gerez                       ***
***         Stig Rune Jensen        Jonas Juselius                      ***
***         Rune Monstad            Peter Wind                          ***
***                                                                     ***
***************************************************************************

---------------------------------------------------------------------------

 MPI processes           :        (1 bank)                              20
 OpenMP threads          :                                               6
 Total cores             :                                             120
                                                                           
---------------------------------------------------------------------------

XCFun DFT library Copyright 2009-2020 Ulf Ekstrom and contributors.
See http://dftlibs.org/xcfun/ for more information.

This is free software; see the source code for copying conditions.
There is ABSOLUTELY NO WARRANTY; not even for MERCHANTABILITY or
FITNESS FOR A PARTICULAR PURPOSE. For details see the documentation.
Scientific users of this library should cite
U. Ekstrom, L. Visscher, R. Bast, A. J. Thorvaldsen and K. Ruud;
J.Chem.Theor.Comp. 2010, DOI: 10.1021/ct100117s

---------------------------------------------------------------------------

 MRCPP version         : 1.3.6
 Git branch            : HEAD
 Git commit hash       : 9309e3e1e52e5319b766-dirty
 Git commit author     : Stig Rune Jensen
 Git commit date       : Fri Dec 4 16:08:55 2020 +0100

 Linear algebra        : EIGEN v3.3.7
 Parallelization       : MPI/OpenMP (6 threads)

---------------------------------------------------------------------------


                                                                           
===========================================================================
                         MultiResolution Analysis
---------------------------------------------------------------------------
 polynomial order      : 9
 polynomial type       : Interpolating
---------------------------------------------------------------------------
 total boxes           : 8
 boxes                 : [          2           2           2 ]
 unit lengths          : [   32.00000    32.00000    32.00000 ]
 scaling factor        : [    1.00000     1.00000     1.00000 ]
 lower bounds          : [  -32.00000   -32.00000   -32.00000 ]
 upper bounds          : [   32.00000    32.00000    32.00000 ]
 total length          : [   64.00000    64.00000    64.00000 ]
===========================================================================


                                                                           
***************************************************************************
***                                                                     ***
***                        Initializing Molecule                        ***
***                                                                     ***
***************************************************************************
                                                                           
                                                                           
===========================================================================
                                 Molecule
---------------------------------------------------------------------------
 Charge                  :                                               0
 Multiplicity            :                                               1
---------------------------------------------------------------------------
    N    Atom            :               x               y               z
---------------------------------------------------------------------------
    0       P            :        0.129705        0.000000        0.000000
    1       H            :       -1.328596       -2.254821        0.000000
    2       H            :       -1.328596        1.127411        1.952654
    3       H            :       -1.328596        1.127411       -1.952654
---------------------------------------------------------------------------
 Center of mass          :        0.000000        0.000000       -0.000000
===========================================================================


                                                                           
***************************************************************************
***                                                                     ***
***                 Computing Ground State Wavefunction                 ***
***                                                                     ***
***************************************************************************
                                                                           
                                                                           
~~~~~~~~~~~~~~~~~~~~~~~~~~~~~~~~~~~~~~~~~~~~~~~~~~~~~~~~~~~~~~~~~~~~~~~~~~~
 Calculation             : Compute initial orbitals
 Method                  : Diagonalize SAD Hamiltonian
 Precision               : 1.00000e-04
 Restricted              : False
 Functional              : LDA (SVWN5)
 AO basis                : Hydrogenic orbitals
 Zeta quality            : 2
~~~~~~~~~~~~~~~~~~~~~~~~~~~~~~~~~~~~~~~~~~~~~~~~~~~~~~~~~~~~~~~~~~~~~~~~~~~


===========================================================================
                            Molecular Orbitals
---------------------------------------------------------------------------
 Alpha electrons         :                                               9
 Beta electrons          :                                               9
 Total electrons         :                                              18
---------------------------------------------------------------------------
    n  Occ Spin          :                                            Norm
---------------------------------------------------------------------------
    0    1    a          :                              1.000000014236e+00
    1    1    a          :                              1.000000053553e+00
    2    1    a          :                              9.999999982653e-01
    3    1    a          :                              1.000000017975e+00
    4    1    a          :                              9.999999963771e-01
    5    1    a          :                              1.000000074496e+00
    6    1    a          :                              1.000000713359e+00
    7    1    a          :                              1.000000007473e+00
    8    1    a          :                              9.999997361919e-01
    9    1    b          :                              1.000000014236e+00
   10    1    b          :                              1.000000053484e+00
   11    1    b          :                              9.999999982653e-01
   12    1    b          :                              1.000000017975e+00
   13    1    b          :                              9.999999963771e-01
   14    1    b          :                              1.000000062932e+00
   15    1    b          :                              1.000000715005e+00
   16    1    b          :                              1.000000008878e+00
   17    1    b          :                              9.999997981942e-01
===========================================================================


~~~~~~~~~~~~~~~~~~~~~~~~~~~~~~~~~~~~~~~~~~~~~~~~~~~~~~~~~~~~~~~~~~~~~~~~~~~
 Calculation             : Compute initial energy
 Method                  : DFT (PBE)
 Precision               : 1.00000e-04
 Localization            : On
~~~~~~~~~~~~~~~~~~~~~~~~~~~~~~~~~~~~~~~~~~~~~~~~~~~~~~~~~~~~~~~~~~~~~~~~~~~


===========================================================================
                        Molecular Energy (initial)
---------------------------------------------------------------------------
 Kinetic energy          :            (au)                353.063677188657
 E-N energy              :            (au)               -857.965426017518
 Coulomb energy          :            (au)                169.469406028475
 Exchange energy         :            (au)                  0.000000000000
 X-C energy              :            (au)                -24.089502840591
 Ext. field (el)         :            (au)                  0.000000000000
---------------------------------------------------------------------------
 N-N energy              :            (au)                 17.526281989368
 Ext. field (nuc)        :            (au)                  0.000000000000
---------------------------------------------------------------------------
 Electronic energy       :            (au)               -359.521845640977
 Nuclear energy          :            (au)                 17.526281989368
---------------------------------------------------------------------------
 Total energy            :            (au)             -3.419955636516e+02
                         :      (kcal/mol)             -2.146054545474e+05
                         :        (kJ/mol)             -8.979092224090e+05
                         :            (eV)             -9.306172967916e+03
===========================================================================


===========================================================================
                        Orbital Energies (initial)
---------------------------------------------------------------------------
    n  Occ Spin          :                                         Epsilon
---------------------------------------------------------------------------
    0    1    a          :            (au)                -76.250212501255
    1    1    a          :            (au)                 -6.455488005528
    2    1    a          :            (au)                 -4.708244898069
    3    1    a          :            (au)                 -4.708239932959
    4    1    a          :            (au)                 -4.703924963075
    5    1    a          :            (au)                 -0.669704715861
    6    1    a          :            (au)                 -0.389700165227
    7    1    a          :            (au)                 -0.389641881490
    8    1    a          :            (au)                 -0.259422370616
    9    1    b          :            (au)                -76.250215784698
   10    1    b          :            (au)                 -6.455539464634
   11    1    b          :            (au)                 -4.708243492139
   12    1    b          :            (au)                 -4.708238365368
   13    1    b          :            (au)                 -4.703923228359
   14    1    b          :            (au)                 -0.669698197344
   15    1    b          :            (au)                 -0.389702611461
   16    1    b          :            (au)                 -0.389652185130
   17    1    b          :            (au)                 -0.259431092523
---------------------------------------------------------------------------
 Sum occupied            :            (au)               -197.069223855734
===========================================================================


~~~~~~~~~~~~~~~~~~~~~~~~~~~~~~~~~~~~~~~~~~~~~~~~~~~~~~~~~~~~~~~~~~~~~~~~~~~
 Calculation             : Optimize ground state orbitals
 Method                  : DFT (PBE)
 Checkpointing           : Off
 Max iterations          : 200
 KAIN solver             : 10
 Localization            : First two iterations
 Diagonalization         : Off
 Start precision         : 1.00000e-06
 Final precision         : 1.00000e-06
 Helmholtz precision     : Dynamic
 Energy threshold        : 1.00000e-06
 Orbital threshold       : 5.00000e-05
~~~~~~~~~~~~~~~~~~~~~~~~~~~~~~~~~~~~~~~~~~~~~~~~~~~~~~~~~~~~~~~~~~~~~~~~~~~


===========================================================================
 Iter           MO residual             Total energy                Update
---------------------------------------------------------------------------
    0          4.242641e+00        -341.995563651609         -3.419956e+02
    1          5.263091e-01        -342.906704216000         -9.111406e-01
    2          1.203377e-01        -342.982265989638         -7.556177e-02
    3          3.915356e-02        -342.993579577117         -1.131359e-02
    4          3.300427e-02        -342.996864356064         -3.284779e-03
    5          1.628717e-02        -342.997099392644         -2.350366e-04
    6          4.886679e-03        -342.997151664307         -5.227166e-05
    7          1.376522e-03        -342.997157221616         -5.557309e-06
    8          5.620095e-04        -342.997157797245         -5.756292e-07
    9          1.371552e-04        -342.997157884213         -8.696873e-08
   10          3.954958e-05        -342.997157903502         -1.928839e-08
---------------------------------------------------------------------------
                      SCF converged in 10 iterations!
===========================================================================


                                                                           
***************************************************************************
***                                                                     ***
***                    Printing Molecular Properties                    ***
***                                                                     ***
***************************************************************************
                                                                           
                                                                           
===========================================================================
                                 Molecule
---------------------------------------------------------------------------
 Charge                  :                                               0
 Multiplicity            :                                               1
---------------------------------------------------------------------------
    N    Atom            :               x               y               z
---------------------------------------------------------------------------
    0       P            :        0.129705        0.000000        0.000000
    1       H            :       -1.328596       -2.254821        0.000000
    2       H            :       -1.328596        1.127411        1.952654
    3       H            :       -1.328596        1.127411       -1.952654
---------------------------------------------------------------------------
 Center of mass          :        0.000000        0.000000       -0.000000
===========================================================================


===========================================================================
                         Molecular Energy (final)
---------------------------------------------------------------------------
 Kinetic energy          :            (au)                342.474644974196
 E-N energy              :            (au)               -851.082594074042
 Coulomb energy          :            (au)                172.229360152801
 Exchange energy         :            (au)                  0.000000000000
 X-C energy              :            (au)                -24.144850945825
 Ext. field (el)         :            (au)                  0.000000000000
---------------------------------------------------------------------------
 N-N energy              :            (au)                 17.526281989368
 Ext. field (nuc)        :            (au)                  0.000000000000
---------------------------------------------------------------------------
 Electronic energy       :            (au)               -360.523439892870
 Nuclear energy          :            (au)                 17.526281989368
---------------------------------------------------------------------------
 Total energy            :            (au)             -3.429971579035e+02
                         :      (kcal/mol)             -2.152339644245e+05
                         :        (kJ/mol)             -9.005389077367e+05
                         :            (eV)             -9.333427734768e+03
===========================================================================


===========================================================================
                         Orbital Energies (final)
---------------------------------------------------------------------------
    n  Occ Spin          :                                         Epsilon
---------------------------------------------------------------------------
    0    1    a          :            (au)                -76.291014208467
    1    1    a          :            (au)                 -6.301794136304
    2    1    a          :            (au)                 -4.517960282500
    3    1    a          :            (au)                 -4.517960077621
    4    1    a          :            (au)                 -4.513638186831
    5    1    a          :            (au)                 -0.586750521669
    6    1    a          :            (au)                 -0.346130169498
    7    1    a          :            (au)                 -0.346128198513
    8    1    a          :            (au)                 -0.246836936743
    9    1    b          :            (au)                -76.291014208024
   10    1    b          :            (au)                 -6.301794135900
   11    1    b          :            (au)                 -4.517960282138
   12    1    b          :            (au)                 -4.517960076824
   13    1    b          :            (au)                 -4.513638186284
   14    1    b          :            (au)                 -0.586750518143
   15    1    b          :            (au)                 -0.346130161093
   16    1    b          :            (au)                 -0.346128199682
   17    1    b          :            (au)                 -0.246836935545
---------------------------------------------------------------------------
 Sum occupied            :            (au)               -195.336425421780
===========================================================================


===========================================================================
                           Dipole Moment (dip-1)
---------------------------------------------------------------------------
 r_O                     :        0.000000        0.000000        0.000000
---------------------------------------------------------------------------
 Electronic vector       :        1.802957        0.000004        0.000000
 Magnitude               :            (au)                        1.802957
                         :         (Debye)                        4.582659
---------------------------------------------------------------------------
 Nuclear vector          :       -2.040213       -0.000000        0.000000
 Magnitude               :            (au)                        2.040213
                         :         (Debye)                        5.185703
---------------------------------------------------------------------------
 Total vector            :       -0.237256        0.000004        0.000000
 Magnitude               :            (au)                        0.237256
                         :         (Debye)                        0.603045
===========================================================================


                                                                           
                                                                           
***************************************************************************
***                                                                     ***
***                            Exiting MRChem                           ***
***                                                                     ***
***                       Wall time :  0h 10m 14s                       ***
***                                                                     ***
***************************************************************************
                                                                           
                                                                           
