Starting job 5688131 on c2-[33,38-39],c3-6,c5-40 at Fri May 20 05:54:00 CEST 2022

Copying p_5_pbe0_.out to /cluster/home/ambr/projects/psp/row3/calcs/singlets
Copying p_5_pbe0_.json to /cluster/home/ambr/projects/psp/row3/calcs/singlets

Task and CPU usage stats:
JobID           JobName  AllocCPUS   NTasks     MinCPU MinCPUTask     AveCPU    Elapsed ExitCode 
------------ ---------- ---------- -------- ---------- ---------- ---------- ---------- -------- 
5688131       p_5_pbe0_        180                                             00:13:12      0:0 
5688131.bat+      batch         36        1   00:00:02          0   00:00:02   00:13:12      0:0 
5688131.ext+     extern        180        5   00:00:00          2   00:00:00   00:13:12      0:0 
5688131.0      mrchem.x        180       30   00:12:49         29   00:30:34   00:12:56      0:0 

Memory usage stats:
JobID            MaxRSS MaxRSSTask     AveRSS MaxPages   MaxPagesTask   AvePages 
------------ ---------- ---------- ---------- -------- -------------- ---------- 
5688131                                                                          
5688131.bat+     19272K          0     19272K        0              0          0 
5688131.ext+          0          2          0        0              2          0 
5688131.0      6067884K         29 3008558557        0             22          0 

Disk usage stats:
JobID         MaxDiskRead MaxDiskReadTask    AveDiskRead MaxDiskWrite MaxDiskWriteTask   AveDiskWrite 
------------ ------------ --------------- -------------- ------------ ---------------- -------------- 
5688131                                                                                               
5688131.bat+       16.90M               0         16.90M        0.03M                0          0.03M 
5688131.ext+        0.00M               2          0.00M            0                2              0 
5688131.0           6.75M               0          6.73M       63.13M                0         33.96M 

Job 5688131 completed at Fri May 20 06:07:12 CEST 2022
