Starting job 3255875 on c5-[9,55],c11-[32,44,60] at Wed Aug 11 02:25:58 CEST 2021

Copying p_6_pbe_.out to /cluster/home/ambr/projects/psp/row3/calcs/triplets
Copying p_6_pbe_.json to /cluster/home/ambr/projects/psp/row3/calcs/triplets

Task and CPU usage stats:
       JobID    JobName  AllocCPUS   NTasks     MinCPU MinCPUTask     AveCPU    Elapsed ExitCode 
------------ ---------- ---------- -------- ---------- ---------- ---------- ---------- -------- 
3255875        p_6_pbe_        120                                             00:20:00      1:0 
3255875.bat+      batch         36        1   00:00:01          0   00:00:01   00:20:00      1:0 
3255875.ext+     extern        120        5   00:00:00          3   00:00:00   00:20:00      0:0 
3255875.0      mrchem.x        120       20   00:19:54         19   01:06:38   00:19:55      0:0 

Memory usage stats:
       JobID     MaxRSS MaxRSSTask     AveRSS MaxPages   MaxPagesTask   AvePages 
------------ ---------- ---------- ---------- -------- -------------- ---------- 
3255875                                                                          
3255875.bat+     14316K          0     14316K        0              0          0 
3255875.ext+          0          3          0        0              3          0 
3255875.0      4683204K          1   3348966K        0             11          0 

Disk usage stats:
       JobID  MaxDiskRead MaxDiskReadTask    AveDiskRead MaxDiskWrite MaxDiskWriteTask   AveDiskWrite 
------------ ------------ --------------- -------------- ------------ ---------------- -------------- 
3255875                                                                                               
3255875.bat+        3.70M               0          3.70M        0.02M                0          0.02M 
3255875.ext+        0.00M               3          0.00M            0                3              0 
3255875.0           2.67M              16          2.33M      113.79M                1         52.25M 

Job 3255875 completed at Wed Aug 11 02:45:58 CEST 2021
