                                                                           
                                                                           
***************************************************************************
***                                                                     ***
***                                                                     ***
***          __  __ ____   ____ _                                       ***
***         |  \/  |  _ \ / ___| |__   ___ _ __ ___                     ***
***         | |\/| | |_) | |   | '_ \ / _ \ '_ ` _ \                    ***
***         | |  | |  _ <| |___| | | |  __/ | | | | |                   ***
***         |_|  |_|_| \_\\____|_| |_|\___|_| |_| |_|                   ***
***                                                                     ***
***         VERSION            1.0.1                                    ***
***                                                                     ***
***         Git branch         HEAD                                     ***
***         Git commit hash    9309e3e1e52e5319b766-dirty               ***
***         Git commit author  Stig Rune Jensen                         ***
***         Git commit date    Fri Dec 4 16:08:55 2020 +0100            ***
***                                                                     ***
***         Contact: luca.frediani@uit.no                               ***
***                                                                     ***
***         Radovan Bast            Magnar Bjorgve                      ***
***         Roberto Di Remigio      Antoine Durdek                      ***
***         Luca Frediani           Gabriel Gerez                       ***
***         Stig Rune Jensen        Jonas Juselius                      ***
***         Rune Monstad            Peter Wind                          ***
***                                                                     ***
***************************************************************************

---------------------------------------------------------------------------

 MPI processes           :        (1 bank)                              20
 OpenMP threads          :                                               6
 Total cores             :                                             120
                                                                           
---------------------------------------------------------------------------

XCFun DFT library Copyright 2009-2020 Ulf Ekstrom and contributors.
See http://dftlibs.org/xcfun/ for more information.

This is free software; see the source code for copying conditions.
There is ABSOLUTELY NO WARRANTY; not even for MERCHANTABILITY or
FITNESS FOR A PARTICULAR PURPOSE. For details see the documentation.
Scientific users of this library should cite
U. Ekstrom, L. Visscher, R. Bast, A. J. Thorvaldsen and K. Ruud;
J.Chem.Theor.Comp. 2010, DOI: 10.1021/ct100117s

---------------------------------------------------------------------------

 MRCPP version         : 1.3.6
 Git branch            : HEAD
 Git commit hash       : 9309e3e1e52e5319b766-dirty
 Git commit author     : Stig Rune Jensen
 Git commit date       : Fri Dec 4 16:08:55 2020 +0100

 Linear algebra        : EIGEN v3.3.7
 Parallelization       : MPI/OpenMP (6 threads)

---------------------------------------------------------------------------


                                                                           
===========================================================================
                         MultiResolution Analysis
---------------------------------------------------------------------------
 polynomial order      : 9
 polynomial type       : Interpolating
---------------------------------------------------------------------------
 total boxes           : 8
 boxes                 : [          2           2           2 ]
 unit lengths          : [   32.00000    32.00000    32.00000 ]
 scaling factor        : [    1.00000     1.00000     1.00000 ]
 lower bounds          : [  -32.00000   -32.00000   -32.00000 ]
 upper bounds          : [   32.00000    32.00000    32.00000 ]
 total length          : [   64.00000    64.00000    64.00000 ]
===========================================================================


                                                                           
***************************************************************************
***                                                                     ***
***                        Initializing Molecule                        ***
***                                                                     ***
***************************************************************************
                                                                           
                                                                           
===========================================================================
                                 Molecule
---------------------------------------------------------------------------
 Charge                  :                                               0
 Multiplicity            :                                               3
---------------------------------------------------------------------------
    N    Atom            :               x               y               z
---------------------------------------------------------------------------
    0       P            :        0.000000        0.000000       -1.142100
    1       F            :        0.000000        0.000000        1.861997
---------------------------------------------------------------------------
 Center of mass          :        0.000000        0.000000       -0.000000
===========================================================================


                                                                           
***************************************************************************
***                                                                     ***
***                 Computing Ground State Wavefunction                 ***
***                                                                     ***
***************************************************************************
                                                                           
                                                                           
~~~~~~~~~~~~~~~~~~~~~~~~~~~~~~~~~~~~~~~~~~~~~~~~~~~~~~~~~~~~~~~~~~~~~~~~~~~
 Calculation             : Compute initial orbitals
 Method                  : Diagonalize SAD Hamiltonian
 Precision               : 1.00000e-04
 Restricted              : False
 Functional              : LDA (SVWN5)
 AO basis                : Hydrogenic orbitals
 Zeta quality            : 2
~~~~~~~~~~~~~~~~~~~~~~~~~~~~~~~~~~~~~~~~~~~~~~~~~~~~~~~~~~~~~~~~~~~~~~~~~~~


===========================================================================
                            Molecular Orbitals
---------------------------------------------------------------------------
 Alpha electrons         :                                              13
 Beta electrons          :                                              11
 Total electrons         :                                              24
---------------------------------------------------------------------------
    n  Occ Spin          :                                            Norm
---------------------------------------------------------------------------
    0    1    a          :                              9.999997285958e-01
    1    1    a          :                              9.999999877771e-01
    2    1    a          :                              9.999999998599e-01
    3    1    a          :                              1.000000000038e+00
    4    1    a          :                              9.999971135661e-01
    5    1    a          :                              9.999980664144e-01
    6    1    a          :                              1.000000013163e+00
    7    1    a          :                              9.999999999996e-01
    8    1    a          :                              9.999999992353e-01
    9    1    a          :                              9.999999588491e-01
   10    1    a          :                              1.000000005036e+00
   11    1    a          :                              9.999999990574e-01
   12    1    a          :                              1.000000395188e+00
   13    1    b          :                              9.999997285958e-01
   14    1    b          :                              9.999999877771e-01
   15    1    b          :                              9.999999998404e-01
   16    1    b          :                              1.000000000038e+00
   17    1    b          :                              9.999969207091e-01
   18    1    b          :                              9.999979901775e-01
   19    1    b          :                              1.000000013085e+00
   20    1    b          :                              9.999999999996e-01
   21    1    b          :                              9.999999999533e-01
   22    1    b          :                              9.999999588571e-01
   23    1    b          :                              1.000000005029e+00
===========================================================================


~~~~~~~~~~~~~~~~~~~~~~~~~~~~~~~~~~~~~~~~~~~~~~~~~~~~~~~~~~~~~~~~~~~~~~~~~~~
 Calculation             : Compute initial energy
 Method                  : DFT (PBE)
 Precision               : 1.00000e-04
 Localization            : On
~~~~~~~~~~~~~~~~~~~~~~~~~~~~~~~~~~~~~~~~~~~~~~~~~~~~~~~~~~~~~~~~~~~~~~~~~~~


===========================================================================
                        Molecular Energy (initial)
---------------------------------------------------------------------------
 Kinetic energy          :            (au)                464.783162901686
 E-N energy              :            (au)              -1175.129134071723
 Coulomb energy          :            (au)                261.398045639985
 Exchange energy         :            (au)                  0.000000000000
 X-C energy              :            (au)                -34.782342561959
 Ext. field (el)         :            (au)                  0.000000000000
---------------------------------------------------------------------------
 N-N energy              :            (au)                 44.938622828940
 Ext. field (nuc)        :            (au)                  0.000000000000
---------------------------------------------------------------------------
 Electronic energy       :            (au)               -483.730268092011
 Nuclear energy          :            (au)                 44.938622828940
---------------------------------------------------------------------------
 Total energy            :            (au)             -4.387916452631e+02
                         :      (kcal/mol)             -2.753459123207e+05
                         :        (kJ/mol)             -1.152047297897e+06
                         :            (eV)             -1.194012841598e+04
===========================================================================


===========================================================================
                        Orbital Energies (initial)
---------------------------------------------------------------------------
    n  Occ Spin          :                                         Epsilon
---------------------------------------------------------------------------
    0    1    a          :            (au)                -75.278350711439
    1    1    a          :            (au)                -23.373928077321
    2    1    a          :            (au)                 -5.684575760120
    3    1    a          :            (au)                 -3.932051049028
    4    1    a          :            (au)                 -3.920677202600
    5    1    a          :            (au)                 -3.920553697203
    6    1    a          :            (au)                 -0.696781528543
    7    1    a          :            (au)                 -0.135110654269
    8    1    a          :            (au)                  0.044149126646
    9    1    a          :            (au)                  0.044206111230
   10    1    a          :            (au)                  0.082364212403
   11    1    a          :            (au)                  0.412029123621
   12    1    a          :            (au)                  0.412179562680
   13    1    b          :            (au)                -75.258812616277
   14    1    b          :            (au)                -23.371811236869
   15    1    b          :            (au)                 -5.664138587035
   16    1    b          :            (au)                 -3.919974229493
   17    1    b          :            (au)                 -3.886684297846
   18    1    b          :            (au)                 -3.886523381758
   19    1    b          :            (au)                 -0.690276111784
   20    1    b          :            (au)                 -0.086380554559
   21    1    b          :            (au)                  0.052392677240
   22    1    b          :            (au)                  0.052450740121
   23    1    b          :            (au)                  0.148270476455
---------------------------------------------------------------------------
 Sum occupied            :            (au)               -232.458587665752
===========================================================================


~~~~~~~~~~~~~~~~~~~~~~~~~~~~~~~~~~~~~~~~~~~~~~~~~~~~~~~~~~~~~~~~~~~~~~~~~~~
 Calculation             : Optimize ground state orbitals
 Method                  : DFT (PBE)
 Checkpointing           : Off
 Max iterations          : 200
 KAIN solver             : 10
 Localization            : First two iterations
 Diagonalization         : Off
 Start precision         : 1.00000e-06
 Final precision         : 1.00000e-06
 Helmholtz precision     : Dynamic
 Energy threshold        : 1.00000e-06
 Orbital threshold       : 5.00000e-05
~~~~~~~~~~~~~~~~~~~~~~~~~~~~~~~~~~~~~~~~~~~~~~~~~~~~~~~~~~~~~~~~~~~~~~~~~~~


===========================================================================
 Iter           MO residual             Total energy                Update
---------------------------------------------------------------------------
    0          4.898979e+00        -438.791645263071         -4.387916e+02
    1          8.587550e-01        -440.637284189631         -1.845639e+00
    2          5.492752e-01        -440.932779743892         -2.954956e-01
    3          1.702865e-01        -440.967035043605         -3.425530e-02
    4          6.594903e-02        -440.975521089362         -8.486046e-03
    5          3.733588e-02        -440.978610118006         -3.089029e-03
    6          1.805177e-02        -440.979273591001         -6.634730e-04
    7          1.239925e-02        -440.979457316340         -1.837253e-04
    8          4.539343e-03        -440.979479178386         -2.186205e-05
    9          2.466256e-03        -440.979483144516         -3.966130e-06
   10          2.163631e-03        -440.979486035392         -2.890876e-06
   11          9.443896e-04        -440.979486557031         -5.216393e-07
   12          5.586775e-04        -440.979486733006         -1.759748e-07
   13          3.279289e-04        -440.979486830803         -9.779711e-08
   14          1.290286e-04        -440.979486845193         -1.439025e-08
   15          6.145245e-05        -440.979486851354         -6.160576e-09
---------------------------------------------------------------------------
                      SCF converged in 15 iterations!
===========================================================================


                                                                           
***************************************************************************
***                                                                     ***
***                    Printing Molecular Properties                    ***
***                                                                     ***
***************************************************************************
                                                                           
                                                                           
===========================================================================
                                 Molecule
---------------------------------------------------------------------------
 Charge                  :                                               0
 Multiplicity            :                                               3
---------------------------------------------------------------------------
    N    Atom            :               x               y               z
---------------------------------------------------------------------------
    0       P            :        0.000000        0.000000       -1.142100
    1       F            :        0.000000        0.000000        1.861997
---------------------------------------------------------------------------
 Center of mass          :        0.000000        0.000000       -0.000000
===========================================================================


===========================================================================
                         Molecular Energy (final)
---------------------------------------------------------------------------
 Kinetic energy          :            (au)                440.278318614323
 E-N energy              :            (au)              -1140.597010711456
 Coulomb energy          :            (au)                247.817257819618
 Exchange energy         :            (au)                  0.000000000000
 X-C energy              :            (au)                -33.416675402779
 Ext. field (el)         :            (au)                  0.000000000000
---------------------------------------------------------------------------
 N-N energy              :            (au)                 44.938622828940
 Ext. field (nuc)        :            (au)                  0.000000000000
---------------------------------------------------------------------------
 Electronic energy       :            (au)               -485.918109680294
 Nuclear energy          :            (au)                 44.938622828940
---------------------------------------------------------------------------
 Total energy            :            (au)             -4.409794868514e+02
                         :      (kcal/mol)             -2.767188036340e+05
                         :        (kJ/mol)             -1.157791475156e+06
                         :            (eV)             -1.199966261586e+04
===========================================================================


===========================================================================
                         Orbital Energies (final)
---------------------------------------------------------------------------
    n  Occ Spin          :                                         Epsilon
---------------------------------------------------------------------------
    0    1    a          :            (au)                -76.366903883058
    1    1    a          :            (au)                -24.296527047236
    2    1    a          :            (au)                 -6.368630427617
    3    1    a          :            (au)                 -4.585654349594
    4    1    a          :            (au)                 -4.585461842768
    5    1    a          :            (au)                 -4.585461837456
    6    1    a          :            (au)                 -1.139364870945
    7    1    a          :            (au)                 -0.577512745740
    8    1    a          :            (au)                 -0.429993180725
    9    1    a          :            (au)                 -0.429993163928
   10    1    a          :            (au)                 -0.411158885555
   11    1    a          :            (au)                 -0.206654760583
   12    1    a          :            (au)                 -0.206654749812
   13    1    b          :            (au)                -76.359896825070
   14    1    b          :            (au)                -24.291225144305
   15    1    b          :            (au)                 -6.361327768091
   16    1    b          :            (au)                 -4.581606923235
   17    1    b          :            (au)                 -4.572627145420
   18    1    b          :            (au)                 -4.572627144830
   19    1    b          :            (au)                 -1.129597190203
   20    1    b          :            (au)                 -0.546429200786
   21    1    b          :            (au)                 -0.413313771914
   22    1    b          :            (au)                 -0.413313764763
   23    1    b          :            (au)                 -0.371372635564
---------------------------------------------------------------------------
 Sum occupied            :            (au)               -247.803309259201
===========================================================================


===========================================================================
                           Dipole Moment (dip-1)
---------------------------------------------------------------------------
 r_O                     :        0.000000        0.000000        0.000000
---------------------------------------------------------------------------
 Electronic vector       :        0.000002        0.000007        0.148690
 Magnitude               :            (au)                        0.148690
                         :         (Debye)                        0.377931
---------------------------------------------------------------------------
 Nuclear vector          :        0.000000        0.000000       -0.373526
 Magnitude               :            (au)                        0.373526
                         :         (Debye)                        0.949409
---------------------------------------------------------------------------
 Total vector            :        0.000002        0.000007       -0.224837
 Magnitude               :            (au)                        0.224837
                         :         (Debye)                        0.571478
===========================================================================


                                                                           
                                                                           
***************************************************************************
***                                                                     ***
***                            Exiting MRChem                           ***
***                                                                     ***
***                       Wall time :  0h 19m 53s                       ***
***                                                                     ***
***************************************************************************
                                                                           
                                                                           
