Starting job 3255853 on c11-[5,10,19] at Tue Aug 10 16:14:50 CEST 2021

Copying p_7_pbe_.out to /cluster/home/ambr/projects/psp/row3/calcs/doublets
Copying p_7_pbe_.json to /cluster/home/ambr/projects/psp/row3/calcs/doublets

Task and CPU usage stats:
       JobID    JobName  AllocCPUS   NTasks     MinCPU MinCPUTask     AveCPU    Elapsed ExitCode 
------------ ---------- ---------- -------- ---------- ---------- ---------- ---------- -------- 
3255853        p_7_pbe_        120                                             00:27:00      1:0 
3255853.bat+      batch         42        1   00:00:01          0   00:00:01   00:27:00      1:0 
3255853.ext+     extern        120        3   00:00:00          2   00:00:00   00:27:00      0:0 
3255853.0      mrchem.x        120       20   00:26:52         19   01:28:56   00:26:54      0:0 

Memory usage stats:
       JobID     MaxRSS MaxRSSTask     AveRSS MaxPages   MaxPagesTask   AvePages 
------------ ---------- ---------- ---------- -------- -------------- ---------- 
3255853                                                                          
3255853.bat+     14236K          0     14236K        0              0          0 
3255853.ext+          0          2          0        0              2          0 
3255853.0      6151872K          7 4949150105        0             19          0 

Disk usage stats:
       JobID  MaxDiskRead MaxDiskReadTask    AveDiskRead MaxDiskWrite MaxDiskWriteTask   AveDiskWrite 
------------ ------------ --------------- -------------- ------------ ---------------- -------------- 
3255853                                                                                               
3255853.bat+        5.59M               0          5.59M        0.05M                0          0.05M 
3255853.ext+        0.00M               2          0.00M            0                2              0 
3255853.0           2.67M               0          2.66M      156.91M                7         94.48M 

Job 3255853 completed at Tue Aug 10 16:41:51 CEST 2021
