                                                                           
                                                                           
***************************************************************************
***                                                                     ***
***                                                                     ***
***          __  __ ____   ____ _                                       ***
***         |  \/  |  _ \ / ___| |__   ___ _ __ ___                     ***
***         | |\/| | |_) | |   | '_ \ / _ \ '_ ` _ \                    ***
***         | |  | |  _ <| |___| | | |  __/ | | | | |                   ***
***         |_|  |_|_| \_\\____|_| |_|\___|_| |_| |_|                   ***
***                                                                     ***
***         VERSION            1.0.1                                    ***
***                                                                     ***
***         Git branch         HEAD                                     ***
***         Git commit hash    9309e3e1e52e5319b766-dirty               ***
***         Git commit author  Stig Rune Jensen                         ***
***         Git commit date    Fri Dec 4 16:08:55 2020 +0100            ***
***                                                                     ***
***         Contact: luca.frediani@uit.no                               ***
***                                                                     ***
***         Radovan Bast            Magnar Bjorgve                      ***
***         Roberto Di Remigio      Antoine Durdek                      ***
***         Luca Frediani           Gabriel Gerez                       ***
***         Stig Rune Jensen        Jonas Juselius                      ***
***         Rune Monstad            Peter Wind                          ***
***                                                                     ***
***************************************************************************

---------------------------------------------------------------------------

 MPI processes           :        (1 bank)                              20
 OpenMP threads          :                                               6
 Total cores             :                                             120
                                                                           
---------------------------------------------------------------------------

XCFun DFT library Copyright 2009-2020 Ulf Ekstrom and contributors.
See http://dftlibs.org/xcfun/ for more information.

This is free software; see the source code for copying conditions.
There is ABSOLUTELY NO WARRANTY; not even for MERCHANTABILITY or
FITNESS FOR A PARTICULAR PURPOSE. For details see the documentation.
Scientific users of this library should cite
U. Ekstrom, L. Visscher, R. Bast, A. J. Thorvaldsen and K. Ruud;
J.Chem.Theor.Comp. 2010, DOI: 10.1021/ct100117s

---------------------------------------------------------------------------

 MRCPP version         : 1.3.6
 Git branch            : HEAD
 Git commit hash       : 9309e3e1e52e5319b766-dirty
 Git commit author     : Stig Rune Jensen
 Git commit date       : Fri Dec 4 16:08:55 2020 +0100

 Linear algebra        : EIGEN v3.3.7
 Parallelization       : MPI/OpenMP (6 threads)

---------------------------------------------------------------------------


                                                                           
===========================================================================
                         MultiResolution Analysis
---------------------------------------------------------------------------
 polynomial order      : 9
 polynomial type       : Interpolating
---------------------------------------------------------------------------
 total boxes           : 8
 boxes                 : [          2           2           2 ]
 unit lengths          : [   32.00000    32.00000    32.00000 ]
 scaling factor        : [    1.00000     1.00000     1.00000 ]
 lower bounds          : [  -32.00000   -32.00000   -32.00000 ]
 upper bounds          : [   32.00000    32.00000    32.00000 ]
 total length          : [   64.00000    64.00000    64.00000 ]
===========================================================================


                                                                           
***************************************************************************
***                                                                     ***
***                        Initializing Molecule                        ***
***                                                                     ***
***************************************************************************
                                                                           
                                                                           
===========================================================================
                                 Molecule
---------------------------------------------------------------------------
 Charge                  :                                               0
 Multiplicity            :                                               2
---------------------------------------------------------------------------
    N    Atom            :               x               y               z
---------------------------------------------------------------------------
    0       P            :        0.000000        1.073455        0.000000
    1       F            :        0.000000       -0.875042        2.260490
    2       F            :        0.000000       -0.875042       -2.260490
---------------------------------------------------------------------------
 Center of mass          :        0.000000        0.000000        0.000000
===========================================================================


                                                                           
***************************************************************************
***                                                                     ***
***                 Computing Ground State Wavefunction                 ***
***                                                                     ***
***************************************************************************
                                                                           
                                                                           
~~~~~~~~~~~~~~~~~~~~~~~~~~~~~~~~~~~~~~~~~~~~~~~~~~~~~~~~~~~~~~~~~~~~~~~~~~~
 Calculation             : Compute initial orbitals
 Method                  : Diagonalize SAD Hamiltonian
 Precision               : 1.00000e-04
 Restricted              : False
 Functional              : LDA (SVWN5)
 AO basis                : Hydrogenic orbitals
 Zeta quality            : 2
~~~~~~~~~~~~~~~~~~~~~~~~~~~~~~~~~~~~~~~~~~~~~~~~~~~~~~~~~~~~~~~~~~~~~~~~~~~


===========================================================================
                            Molecular Orbitals
---------------------------------------------------------------------------
 Alpha electrons         :                                              17
 Beta electrons          :                                              16
 Total electrons         :                                              33
---------------------------------------------------------------------------
    n  Occ Spin          :                                            Norm
---------------------------------------------------------------------------
    0    1    a          :                              9.999999400017e-01
    1    1    a          :                              1.000003169714e+00
    2    1    a          :                              1.000000108112e+00
    3    1    a          :                              9.999999997396e-01
    4    1    a          :                              9.999999967352e-01
    5    1    a          :                              1.000000001050e+00
    6    1    a          :                              1.000000000336e+00
    7    1    a          :                              1.000010225454e+00
    8    1    a          :                              1.000001844867e+00
    9    1    a          :                              1.000008686704e+00
   10    1    a          :                              9.999946988652e-01
   11    1    a          :                              1.000000775871e+00
   12    1    a          :                              1.000000334027e+00
   13    1    a          :                              9.999993880574e-01
   14    1    a          :                              9.999988063790e-01
   15    1    a          :                              9.999997599680e-01
   16    1    a          :                              9.999991127965e-01
   17    1    b          :                              1.000000028121e+00
   18    1    b          :                              9.999997842766e-01
   19    1    b          :                              9.999996695887e-01
   20    1    b          :                              1.000000008090e+00
   21    1    b          :                              9.999999967352e-01
   22    1    b          :                              1.000000001056e+00
   23    1    b          :                              1.000000000336e+00
   24    1    b          :                              1.000010460552e+00
   25    1    b          :                              1.000001844876e+00
   26    1    b          :                              9.999983730839e-01
   27    1    b          :                              9.999946756687e-01
   28    1    b          :                              1.000000763127e+00
   29    1    b          :                              1.000000350779e+00
   30    1    b          :                              9.999993964920e-01
   31    1    b          :                              9.999988061577e-01
   32    1    b          :                              9.999997594216e-01
===========================================================================


~~~~~~~~~~~~~~~~~~~~~~~~~~~~~~~~~~~~~~~~~~~~~~~~~~~~~~~~~~~~~~~~~~~~~~~~~~~
 Calculation             : Compute initial energy
 Method                  : DFT (PBE)
 Precision               : 1.00000e-04
 Localization            : On
~~~~~~~~~~~~~~~~~~~~~~~~~~~~~~~~~~~~~~~~~~~~~~~~~~~~~~~~~~~~~~~~~~~~~~~~~~~


===========================================================================
                        Molecular Energy (initial)
---------------------------------------------------------------------------
 Kinetic energy          :            (au)                568.576628244251
 E-N energy              :            (au)              -1543.946471867712
 Coulomb energy          :            (au)                373.751649160946
 Exchange energy         :            (au)                  0.000000000000
 X-C energy              :            (au)                -45.423309811101
 Ext. field (el)         :            (au)                  0.000000000000
---------------------------------------------------------------------------
 N-N energy              :            (au)                108.387872884532
 Ext. field (nuc)        :            (au)                  0.000000000000
---------------------------------------------------------------------------
 Electronic energy       :            (au)               -647.041504273618
 Nuclear energy          :            (au)                108.387872884532
---------------------------------------------------------------------------
 Total energy            :            (au)             -5.386536313891e+02
                         :      (kcal/mol)             -3.380102542079e+05
                         :        (kJ/mol)             -1.414234904524e+06
                         :            (eV)             -1.465751137231e+04
===========================================================================


===========================================================================
                        Orbital Energies (initial)
---------------------------------------------------------------------------
    n  Occ Spin          :                                         Epsilon
---------------------------------------------------------------------------
    0    1    a          :            (au)                -75.702692269013
    1    1    a          :            (au)                -23.458319195748
    2    1    a          :            (au)                -23.445305531635
    3    1    a          :            (au)                 -6.022568630594
    4    1    a          :            (au)                 -4.272785680267
    5    1    a          :            (au)                 -4.266465481723
    6    1    a          :            (au)                 -4.259054078817
    7    1    a          :            (au)                 -0.812845126491
    8    1    a          :            (au)                 -0.761112083185
    9    1    a          :            (au)                 -0.265981454374
   10    1    a          :            (au)                 -0.107521159867
   11    1    a          :            (au)                 -0.056983288769
   12    1    a          :            (au)                 -0.053288058137
   13    1    a          :            (au)                 -0.011209598514
   14    1    a          :            (au)                  0.003490683269
   15    1    a          :            (au)                  0.049821175032
   16    1    a          :            (au)                  0.256759214550
   17    1    b          :            (au)                -75.693067337844
   18    1    b          :            (au)                -23.457109037378
   19    1    b          :            (au)                -23.444058372520
   20    1    b          :            (au)                 -6.012364565649
   21    1    b          :            (au)                 -4.266790810905
   22    1    b          :            (au)                 -4.260473139627
   23    1    b          :            (au)                 -4.231345299075
   24    1    b          :            (au)                 -0.807104428347
   25    1    b          :            (au)                 -0.759218503139
   26    1    b          :            (au)                 -0.238173484536
   27    1    b          :            (au)                 -0.104529816064
   28    1    b          :            (au)                 -0.048052553294
   29    1    b          :            (au)                 -0.037872598582
   30    1    b          :            (au)                 -0.007793027695
   31    1    b          :            (au)                  0.004179128146
   32    1    b          :            (au)                  0.073002251078
---------------------------------------------------------------------------
 Sum occupied            :            (au)               -286.476832159714
===========================================================================


~~~~~~~~~~~~~~~~~~~~~~~~~~~~~~~~~~~~~~~~~~~~~~~~~~~~~~~~~~~~~~~~~~~~~~~~~~~
 Calculation             : Optimize ground state orbitals
 Method                  : DFT (PBE)
 Checkpointing           : Off
 Max iterations          : 200
 KAIN solver             : 10
 Localization            : First two iterations
 Diagonalization         : Off
 Start precision         : 1.00000e-06
 Final precision         : 1.00000e-06
 Helmholtz precision     : Dynamic
 Energy threshold        : 1.00000e-06
 Orbital threshold       : 5.00000e-05
~~~~~~~~~~~~~~~~~~~~~~~~~~~~~~~~~~~~~~~~~~~~~~~~~~~~~~~~~~~~~~~~~~~~~~~~~~~


===========================================================================
 Iter           MO residual             Total energy                Update
---------------------------------------------------------------------------
    0          5.744563e+00        -538.653631389086         -5.386536e+02
    1          1.426918e+00        -539.773757843948         -1.120126e+00
    2          9.271362e-01        -540.729747553277         -9.559897e-01
    3          3.049905e-01        -540.813865981668         -8.411843e-02
    4          1.322541e-01        -540.844443690292         -3.057771e-02
    5          8.198759e-02        -540.853350733184         -8.907043e-03
    6          2.438697e-02        -540.854568396529         -1.217663e-03
    7          1.420483e-02        -540.854928573364         -3.601768e-04
    8          9.630213e-03        -540.855018959481         -9.038612e-05
    9          4.654460e-03        -540.855038614367         -1.965489e-05
   10          2.497658e-03        -540.855047456615         -8.842248e-06
   11          1.075245e-03        -540.855049836162         -2.379547e-06
   12          4.624871e-04        -540.855050175885         -3.397226e-07
   13          2.234474e-04        -540.855050243426         -6.754158e-08
   14          1.477526e-04        -540.855050268510         -2.508364e-08
   15          6.375608e-05        -540.855050272866         -4.356025e-09
---------------------------------------------------------------------------
                      SCF converged in 15 iterations!
===========================================================================


                                                                           
***************************************************************************
***                                                                     ***
***                    Printing Molecular Properties                    ***
***                                                                     ***
***************************************************************************
                                                                           
                                                                           
===========================================================================
                                 Molecule
---------------------------------------------------------------------------
 Charge                  :                                               0
 Multiplicity            :                                               2
---------------------------------------------------------------------------
    N    Atom            :               x               y               z
---------------------------------------------------------------------------
    0       P            :        0.000000        1.073455        0.000000
    1       F            :        0.000000       -0.875042        2.260490
    2       F            :        0.000000       -0.875042       -2.260490
---------------------------------------------------------------------------
 Center of mass          :        0.000000        0.000000        0.000000
===========================================================================


===========================================================================
                         Molecular Energy (final)
---------------------------------------------------------------------------
 Kinetic energy          :            (au)                539.929653942192
 E-N energy              :            (au)              -1505.873172664413
 Coulomb energy          :            (au)                360.543836410212
 Exchange energy         :            (au)                  0.000000000000
 X-C energy              :            (au)                -43.843240845389
 Ext. field (el)         :            (au)                  0.000000000000
---------------------------------------------------------------------------
 N-N energy              :            (au)                108.387872884532
 Ext. field (nuc)        :            (au)                  0.000000000000
---------------------------------------------------------------------------
 Electronic energy       :            (au)               -649.242923157398
 Nuclear energy          :            (au)                108.387872884532
---------------------------------------------------------------------------
 Total energy            :            (au)             -5.408550502729e+02
                         :      (kcal/mol)             -3.393916654027e+05
                         :        (kJ/mol)             -1.420014728966e+06
                         :            (eV)             -1.471741502921e+04
===========================================================================


===========================================================================
                         Orbital Energies (final)
---------------------------------------------------------------------------
    n  Occ Spin          :                                         Epsilon
---------------------------------------------------------------------------
    0    1    a          :            (au)                -76.398311356886
    1    1    a          :            (au)                -24.296195283150
    2    1    a          :            (au)                -24.296195257355
    3    1    a          :            (au)                 -6.396642672743
    4    1    a          :            (au)                 -4.615488847718
    5    1    a          :            (au)                 -4.612557315373
    6    1    a          :            (au)                 -4.610971939287
    7    1    a          :            (au)                 -1.159804597421
    8    1    a          :            (au)                 -1.127737697030
    9    1    a          :            (au)                 -0.597275716778
   10    1    a          :            (au)                 -0.493960606519
   11    1    a          :            (au)                 -0.453384822858
   12    1    a          :            (au)                 -0.452925651168
   13    1    a          :            (au)                 -0.411491240713
   14    1    a          :            (au)                 -0.391751975903
   15    1    a          :            (au)                 -0.343589988457
   16    1    a          :            (au)                 -0.185849910342
   17    1    b          :            (au)                -76.394859239471
   18    1    b          :            (au)                -24.293756799194
   19    1    b          :            (au)                -24.293756601697
   20    1    b          :            (au)                 -6.393012070807
   21    1    b          :            (au)                 -4.613317624718
   22    1    b          :            (au)                 -4.609099618148
   23    1    b          :            (au)                 -4.601917879632
   24    1    b          :            (au)                 -1.155078388058
   25    1    b          :            (au)                 -1.123440124347
   26    1    b          :            (au)                 -0.583927716960
   27    1    b          :            (au)                 -0.490631090959
   28    1    b          :            (au)                 -0.449614498160
   29    1    b          :            (au)                 -0.437334946524
   30    1    b          :            (au)                 -0.401405504467
   31    1    b          :            (au)                 -0.389932944260
   32    1    b          :            (au)                 -0.324586589533
---------------------------------------------------------------------------
 Sum occupied            :            (au)               -301.399806516634
===========================================================================


===========================================================================
                           Dipole Moment (dip-1)
---------------------------------------------------------------------------
 r_O                     :        0.000000        0.000000        0.000000
---------------------------------------------------------------------------
 Electronic vector       :       -0.000005       -0.054368       -0.000006
 Magnitude               :            (au)                        0.054368
                         :         (Debye)                        0.138190
---------------------------------------------------------------------------
 Nuclear vector          :        0.000000        0.351076        0.000000
 Magnitude               :            (au)                        0.351076
                         :         (Debye)                        0.892345
---------------------------------------------------------------------------
 Total vector            :       -0.000005        0.296708       -0.000006
 Magnitude               :            (au)                        0.296708
                         :         (Debye)                        0.754156
===========================================================================


                                                                           
                                                                           
***************************************************************************
***                                                                     ***
***                            Exiting MRChem                           ***
***                                                                     ***
***                       Wall time :  0h 26m 52s                       ***
***                                                                     ***
***************************************************************************
                                                                           
                                                                           
