                                                                           
                                                                           
***************************************************************************
***                                                                     ***
***                                                                     ***
***          __  __ ____   ____ _                                       ***
***         |  \/  |  _ \ / ___| |__   ___ _ __ ___                     ***
***         | |\/| | |_) | |   | '_ \ / _ \ '_ ` _ \                    ***
***         | |  | |  _ <| |___| | | |  __/ | | | | |                   ***
***         |_|  |_|_| \_\\____|_| |_|\___|_| |_| |_|                   ***
***                                                                     ***
***         VERSION            1.0.1                                    ***
***                                                                     ***
***         Git branch         HEAD                                     ***
***         Git commit hash    9309e3e1e52e5319b766-dirty               ***
***         Git commit author  Stig Rune Jensen                         ***
***         Git commit date    Fri Dec 4 16:08:55 2020 +0100            ***
***                                                                     ***
***         Contact: luca.frediani@uit.no                               ***
***                                                                     ***
***         Radovan Bast            Magnar Bjorgve                      ***
***         Roberto Di Remigio      Antoine Durdek                      ***
***         Luca Frediani           Gabriel Gerez                       ***
***         Stig Rune Jensen        Jonas Juselius                      ***
***         Rune Monstad            Peter Wind                          ***
***                                                                     ***
***************************************************************************

---------------------------------------------------------------------------

 MPI processes           :        (1 bank)                              20
 OpenMP threads          :                                               6
 Total cores             :                                             120
                                                                           
---------------------------------------------------------------------------

XCFun DFT library Copyright 2009-2020 Ulf Ekstrom and contributors.
See http://dftlibs.org/xcfun/ for more information.

This is free software; see the source code for copying conditions.
There is ABSOLUTELY NO WARRANTY; not even for MERCHANTABILITY or
FITNESS FOR A PARTICULAR PURPOSE. For details see the documentation.
Scientific users of this library should cite
U. Ekstrom, L. Visscher, R. Bast, A. J. Thorvaldsen and K. Ruud;
J.Chem.Theor.Comp. 2010, DOI: 10.1021/ct100117s

---------------------------------------------------------------------------

 MRCPP version         : 1.3.6
 Git branch            : HEAD
 Git commit hash       : 9309e3e1e52e5319b766-dirty
 Git commit author     : Stig Rune Jensen
 Git commit date       : Fri Dec 4 16:08:55 2020 +0100

 Linear algebra        : EIGEN v3.3.7
 Parallelization       : MPI/OpenMP (6 threads)

---------------------------------------------------------------------------


                                                                           
===========================================================================
                         MultiResolution Analysis
---------------------------------------------------------------------------
 polynomial order      : 9
 polynomial type       : Interpolating
---------------------------------------------------------------------------
 total boxes           : 8
 boxes                 : [          2           2           2 ]
 unit lengths          : [   32.00000    32.00000    32.00000 ]
 scaling factor        : [    1.00000     1.00000     1.00000 ]
 lower bounds          : [  -32.00000   -32.00000   -32.00000 ]
 upper bounds          : [   32.00000    32.00000    32.00000 ]
 total length          : [   64.00000    64.00000    64.00000 ]
===========================================================================


                                                                           
***************************************************************************
***                                                                     ***
***                        Initializing Molecule                        ***
***                                                                     ***
***************************************************************************
                                                                           
                                                                           
===========================================================================
                                 Molecule
---------------------------------------------------------------------------
 Charge                  :                                               0
 Multiplicity            :                                               1
---------------------------------------------------------------------------
    N    Atom            :               x               y               z
---------------------------------------------------------------------------
    0       S            :        0.000000        0.000000        0.000000
    1       F            :        0.000000        0.000000        2.949295
    2       F            :       -2.085467        2.085467        0.000000
    3       F            :        2.085467       -2.085467        0.000000
    4       F            :        2.085467        2.085467        0.000000
    5       F            :       -2.085467       -2.085467        0.000000
    6       F            :        0.000000        0.000000       -2.949295
---------------------------------------------------------------------------
 Center of mass          :       -0.000000        0.000000       -0.000000
===========================================================================


                                                                           
***************************************************************************
***                                                                     ***
***                 Computing Ground State Wavefunction                 ***
***                                                                     ***
***************************************************************************
                                                                           
                                                                           
~~~~~~~~~~~~~~~~~~~~~~~~~~~~~~~~~~~~~~~~~~~~~~~~~~~~~~~~~~~~~~~~~~~~~~~~~~~
 Calculation             : Compute initial orbitals
 Method                  : Diagonalize SAD Hamiltonian
 Precision               : 1.00000e-04
 Restricted              : False
 Functional              : LDA (SVWN5)
 AO basis                : Hydrogenic orbitals
 Zeta quality            : 2
~~~~~~~~~~~~~~~~~~~~~~~~~~~~~~~~~~~~~~~~~~~~~~~~~~~~~~~~~~~~~~~~~~~~~~~~~~~


===========================================================================
                            Molecular Orbitals
---------------------------------------------------------------------------
 Alpha electrons         :                                              35
 Beta electrons          :                                              35
 Total electrons         :                                              70
---------------------------------------------------------------------------
    n  Occ Spin          :                                            Norm
---------------------------------------------------------------------------
    0    1    a          :                              1.000000002269e+00
    1    1    a          :                              9.999999194473e-01
    2    1    a          :                              1.000002095254e+00
    3    1    a          :                              9.999999961358e-01
    4    1    a          :                              1.000002859881e+00
    5    1    a          :                              1.000000048850e+00
    6    1    a          :                              1.000001487145e+00
    7    1    a          :                              1.000000020389e+00
    8    1    a          :                              9.999999714879e-01
    9    1    a          :                              1.000000058327e+00
   10    1    a          :                              1.000000085272e+00
   11    1    a          :                              9.999999395488e-01
   12    1    a          :                              9.999997069692e-01
   13    1    a          :                              9.999998467537e-01
   14    1    a          :                              9.999981849732e-01
   15    1    a          :                              1.000000878258e+00
   16    1    a          :                              1.000001060169e+00
   17    1    a          :                              1.000000238067e+00
   18    1    a          :                              1.000000469209e+00
   19    1    a          :                              9.999995073726e-01
   20    1    a          :                              1.000002173705e+00
   21    1    a          :                              9.999998983173e-01
   22    1    a          :                              1.000001602712e+00
   23    1    a          :                              9.999989204028e-01
   24    1    a          :                              1.000000534029e+00
   25    1    a          :                              9.999987499135e-01
   26    1    a          :                              1.000002093704e+00
   27    1    a          :                              9.999984275764e-01
   28    1    a          :                              1.000000560417e+00
   29    1    a          :                              9.999993504404e-01
   30    1    a          :                              9.999949703437e-01
   31    1    a          :                              1.000007114457e+00
   32    1    a          :                              9.999993313146e-01
   33    1    a          :                              9.999984648504e-01
   34    1    a          :                              1.000000501045e+00
   35    1    b          :                              1.000000002269e+00
   36    1    b          :                              9.999999665897e-01
   37    1    b          :                              1.000000055399e+00
   38    1    b          :                              1.000000045308e+00
   39    1    b          :                              1.000000204430e+00
   40    1    b          :                              1.000000003955e+00
   41    1    b          :                              1.000004016548e+00
   42    1    b          :                              1.000000020389e+00
   43    1    b          :                              9.999999715295e-01
   44    1    b          :                              1.000000045155e+00
   45    1    b          :                              1.000000088799e+00
   46    1    b          :                              9.999999452644e-01
   47    1    b          :                              1.000000500993e+00
   48    1    b          :                              1.000000271506e+00
   49    1    b          :                              9.999981928097e-01
   50    1    b          :                              1.000000868479e+00
   51    1    b          :                              1.000001050388e+00
   52    1    b          :                              1.000000236494e+00
   53    1    b          :                              1.000000469471e+00
   54    1    b          :                              9.999989928407e-01
   55    1    b          :                              1.000002174114e+00
   56    1    b          :                              9.999999100548e-01
   57    1    b          :                              9.999996101591e-01
   58    1    b          :                              9.999989791053e-01
   59    1    b          :                              1.000000533995e+00
   60    1    b          :                              9.999987400668e-01
   61    1    b          :                              9.999997693786e-01
   62    1    b          :                              9.999984510119e-01
   63    1    b          :                              9.999991873424e-01
   64    1    b          :                              9.999994907571e-01
   65    1    b          :                              9.999949707453e-01
   66    1    b          :                              1.000007114757e+00
   67    1    b          :                              1.000001344529e+00
   68    1    b          :                              9.999984868859e-01
   69    1    b          :                              1.000000501212e+00
===========================================================================


~~~~~~~~~~~~~~~~~~~~~~~~~~~~~~~~~~~~~~~~~~~~~~~~~~~~~~~~~~~~~~~~~~~~~~~~~~~
 Calculation             : Compute initial energy
 Method                  : DFT (PBE)
 Precision               : 1.00000e-04
 Localization            : On
~~~~~~~~~~~~~~~~~~~~~~~~~~~~~~~~~~~~~~~~~~~~~~~~~~~~~~~~~~~~~~~~~~~~~~~~~~~


===========================================================================
                        Molecular Energy (initial)
---------------------------------------------------------------------------
 Kinetic energy          :            (au)               1041.021665334735
 E-N energy              :            (au)              -3551.592663247187
 Coulomb energy          :            (au)               1040.312324797777
 Exchange energy         :            (au)                  0.000000000000
 X-C energy              :            (au)                -90.385423701518
 Ext. field (el)         :            (au)                  0.000000000000
---------------------------------------------------------------------------
 N-N energy              :            (au)                567.188970147096
 Ext. field (nuc)        :            (au)                  0.000000000000
---------------------------------------------------------------------------
 Electronic energy       :            (au)              -1560.644096816192
 Nuclear energy          :            (au)                567.188970147096
---------------------------------------------------------------------------
 Total energy            :            (au)             -9.934551266691e+02
                         :      (kcal/mol)             -6.234024990115e+05
                         :        (kJ/mol)             -2.608316057557e+06
                         :            (eV)             -2.703328998169e+04
===========================================================================


===========================================================================
                        Orbital Energies (initial)
---------------------------------------------------------------------------
    n  Occ Spin          :                                         Epsilon
---------------------------------------------------------------------------
    0    1    a          :            (au)                -88.903243549676
    1    1    a          :            (au)                -23.835112402037
    2    1    a          :            (au)                -23.834859550559
    3    1    a          :            (au)                -23.797210542026
    4    1    a          :            (au)                -23.796996977744
    5    1    a          :            (au)                -23.732964067557
    6    1    a          :            (au)                -23.732458967494
    7    1    a          :            (au)                 -8.606494133264
    8    1    a          :            (au)                 -6.672289580451
    9    1    a          :            (au)                 -6.671481687322
   10    1    a          :            (au)                 -6.670892538439
   11    1    a          :            (au)                 -1.399483093658
   12    1    a          :            (au)                 -1.183143513307
   13    1    a          :            (au)                 -1.167642763215
   14    1    a          :            (au)                 -1.140720028073
   15    1    a          :            (au)                 -1.054149328151
   16    1    a          :            (au)                 -1.026123567205
   17    1    a          :            (au)                 -0.636199499525
   18    1    a          :            (au)                 -0.505411972446
   19    1    a          :            (au)                 -0.490726485493
   20    1    a          :            (au)                 -0.459906465524
   21    1    a          :            (au)                 -0.351319497149
   22    1    a          :            (au)                 -0.340040428763
   23    1    a          :            (au)                 -0.328786526855
   24    1    a          :            (au)                 -0.326260727632
   25    1    a          :            (au)                 -0.293088001121
   26    1    a          :            (au)                 -0.289196287800
   27    1    a          :            (au)                 -0.285707385716
   28    1    a          :            (au)                 -0.275039036119
   29    1    a          :            (au)                 -0.269000412395
   30    1    a          :            (au)                 -0.244526083799
   31    1    a          :            (au)                 -0.243669553452
   32    1    a          :            (au)                 -0.240731050202
   33    1    a          :            (au)                 -0.219791390034
   34    1    a          :            (au)                 -0.213755215338
   35    1    b          :            (au)                -88.903243373507
   36    1    b          :            (au)                -23.835133122133
   37    1    b          :            (au)                -23.834888909556
   38    1    b          :            (au)                -23.797198908067
   39    1    b          :            (au)                -23.797016301557
   40    1    b          :            (au)                -23.732942619281
   41    1    b          :            (au)                -23.732465545713
   42    1    b          :            (au)                 -8.606494483584
   43    1    b          :            (au)                 -6.672290141100
   44    1    b          :            (au)                 -6.671482752361
   45    1    b          :            (au)                 -6.670892771224
   46    1    b          :            (au)                 -1.399533275800
   47    1    b          :            (au)                 -1.183151070802
   48    1    b          :            (au)                 -1.167702577032
   49    1    b          :            (au)                 -1.140722995625
   50    1    b          :            (au)                 -1.054173704229
   51    1    b          :            (au)                 -1.026096327571
   52    1    b          :            (au)                 -0.636136930055
   53    1    b          :            (au)                 -0.505422396468
   54    1    b          :            (au)                 -0.490757133341
   55    1    b          :            (au)                 -0.459899241868
   56    1    b          :            (au)                 -0.351319011328
   57    1    b          :            (au)                 -0.340014077978
   58    1    b          :            (au)                 -0.328766361986
   59    1    b          :            (au)                 -0.326280913969
   60    1    b          :            (au)                 -0.292888067298
   61    1    b          :            (au)                 -0.289196099197
   62    1    b          :            (au)                 -0.285719242729
   63    1    b          :            (au)                 -0.275031369060
   64    1    b          :            (au)                 -0.269001212716
   65    1    b          :            (au)                 -0.244530914281
   66    1    b          :            (au)                 -0.243666138836
   67    1    b          :            (au)                 -0.240734838222
   68    1    b          :            (au)                 -0.219784994820
   69    1    b          :            (au)                 -0.213754079107
---------------------------------------------------------------------------
 Sum occupied            :            (au)               -546.476754211944
===========================================================================


~~~~~~~~~~~~~~~~~~~~~~~~~~~~~~~~~~~~~~~~~~~~~~~~~~~~~~~~~~~~~~~~~~~~~~~~~~~
 Calculation             : Optimize ground state orbitals
 Method                  : DFT (PBE)
 Checkpointing           : Off
 Max iterations          : 200
 KAIN solver             : 10
 Localization            : First two iterations
 Diagonalization         : Off
 Start precision         : 1.00000e-06
 Final precision         : 1.00000e-06
 Helmholtz precision     : Dynamic
 Energy threshold        : 1.00000e-06
 Orbital threshold       : 5.00000e-05
~~~~~~~~~~~~~~~~~~~~~~~~~~~~~~~~~~~~~~~~~~~~~~~~~~~~~~~~~~~~~~~~~~~~~~~~~~~


===========================================================================
 Iter           MO residual             Total energy                Update
---------------------------------------------------------------------------
    0          8.366600e+00        -993.455126669096         -9.934551e+02
    1          1.003156e+00        -996.427823157086         -2.972696e+00
    2          3.192560e-01        -996.740481008621         -3.126579e-01
    3          1.283078e-01        -996.793763696452         -5.328269e-02
    4          5.543411e-02        -996.808849214815         -1.508552e-02
    5          6.842201e-02        -996.820332894229         -1.148368e-02
    6          2.909761e-02        -996.822283958613         -1.951064e-03
    7          1.373363e-02        -996.822541025466         -2.570669e-04
    8          7.752912e-03        -996.822615548048         -7.452258e-05
    9          5.962664e-03        -996.822671680227         -5.613218e-05
   10          2.609096e-03        -996.822688926386         -1.724616e-05
   11          1.784176e-03        -996.822694791707         -5.865320e-06
   12          1.245426e-03        -996.822696898158         -2.106452e-06
   13          3.775099e-04        -996.822697318971         -4.208130e-07
   14          1.788021e-04        -996.822697405296         -8.632446e-08
---------------------------------------------------------------------------
                      SCF converged in 14 iterations!
===========================================================================


                                                                           
***************************************************************************
***                                                                     ***
***                    Printing Molecular Properties                    ***
***                                                                     ***
***************************************************************************
                                                                           
                                                                           
===========================================================================
                                 Molecule
---------------------------------------------------------------------------
 Charge                  :                                               0
 Multiplicity            :                                               1
---------------------------------------------------------------------------
    N    Atom            :               x               y               z
---------------------------------------------------------------------------
    0       S            :        0.000000        0.000000        0.000000
    1       F            :        0.000000        0.000000        2.949295
    2       F            :       -2.085467        2.085467        0.000000
    3       F            :        2.085467       -2.085467        0.000000
    4       F            :        2.085467        2.085467        0.000000
    5       F            :       -2.085467       -2.085467        0.000000
    6       F            :        0.000000        0.000000       -2.949295
---------------------------------------------------------------------------
 Center of mass          :       -0.000000        0.000000       -0.000000
===========================================================================


===========================================================================
                         Molecular Energy (final)
---------------------------------------------------------------------------
 Kinetic energy          :            (au)                995.074397339822
 E-N energy              :            (au)              -3507.978401350790
 Coulomb energy          :            (au)               1036.888100717292
 Exchange energy         :            (au)                  0.000000000000
 X-C energy              :            (au)                -87.995764258717
 Ext. field (el)         :            (au)                  0.000000000000
---------------------------------------------------------------------------
 N-N energy              :            (au)                567.188970147096
 Ext. field (nuc)        :            (au)                  0.000000000000
---------------------------------------------------------------------------
 Electronic energy       :            (au)              -1564.011667552391
 Nuclear energy          :            (au)                567.188970147096
---------------------------------------------------------------------------
 Total energy            :            (au)             -9.968226974053e+02
                         :      (kcal/mol)             -6.255156815359e+05
                         :        (kJ/mol)             -2.617157613245e+06
                         :            (eV)             -2.712492624568e+04
===========================================================================


===========================================================================
                         Orbital Energies (final)
---------------------------------------------------------------------------
    n  Occ Spin          :                                         Epsilon
---------------------------------------------------------------------------
    0    1    a          :            (au)                -88.426135287589
    1    1    a          :            (au)                -24.319589141121
    2    1    a          :            (au)                -24.319588095031
    3    1    a          :            (au)                -24.319569157158
    4    1    a          :            (au)                -24.319567980328
    5    1    a          :            (au)                -24.319567604015
    6    1    a          :            (au)                -24.319565394618
    7    1    a          :            (au)                 -8.005845408333
    8    1    a          :            (au)                 -6.027667925581
    9    1    a          :            (au)                 -6.027667158873
   10    1    a          :            (au)                 -6.027666771484
   11    1    a          :            (au)                 -1.311993368317
   12    1    a          :            (au)                 -1.189990458582
   13    1    a          :            (au)                 -1.189981373697
   14    1    a          :            (au)                 -1.189981107443
   15    1    a          :            (au)                 -1.138052556217
   16    1    a          :            (au)                 -1.138045863211
   17    1    a          :            (au)                 -0.744828633914
   18    1    a          :            (au)                 -0.610564724364
   19    1    a          :            (au)                 -0.610558685823
   20    1    a          :            (au)                 -0.610558274093
   21    1    a          :            (au)                 -0.506399847676
   22    1    a          :            (au)                 -0.506399691574
   23    1    a          :            (au)                 -0.506395441967
   24    1    a          :            (au)                 -0.486154144979
   25    1    a          :            (au)                 -0.486147550820
   26    1    a          :            (au)                 -0.421182246133
   27    1    a          :            (au)                 -0.421181822529
   28    1    a          :            (au)                 -0.421180219121
   29    1    a          :            (au)                 -0.414049688790
   30    1    a          :            (au)                 -0.414049417499
   31    1    a          :            (au)                 -0.414044769055
   32    1    a          :            (au)                 -0.372401162171
   33    1    a          :            (au)                 -0.372400898670
   34    1    a          :            (au)                 -0.372395730734
   35    1    b          :            (au)                -88.426135288787
   36    1    b          :            (au)                -24.319589069921
   37    1    b          :            (au)                -24.319588035006
   38    1    b          :            (au)                -24.319569214185
   39    1    b          :            (au)                -24.319568105031
   40    1    b          :            (au)                -24.319567584742
   41    1    b          :            (au)                -24.319565367080
   42    1    b          :            (au)                 -8.005845408148
   43    1    b          :            (au)                 -6.027667924494
   44    1    b          :            (au)                 -6.027667158663
   45    1    b          :            (au)                 -6.027666771475
   46    1    b          :            (au)                 -1.311993367646
   47    1    b          :            (au)                 -1.189990462033
   48    1    b          :            (au)                 -1.189981370449
   49    1    b          :            (au)                 -1.189981108242
   50    1    b          :            (au)                 -1.138052558631
   51    1    b          :            (au)                 -1.138045862004
   52    1    b          :            (au)                 -0.744828633961
   53    1    b          :            (au)                 -0.610564727026
   54    1    b          :            (au)                 -0.610558687427
   55    1    b          :            (au)                 -0.610558270128
   56    1    b          :            (au)                 -0.506399848228
   57    1    b          :            (au)                 -0.506399691488
   58    1    b          :            (au)                 -0.506395441723
   59    1    b          :            (au)                 -0.486154149642
   60    1    b          :            (au)                 -0.486147548700
   61    1    b          :            (au)                 -0.421182246774
   62    1    b          :            (au)                 -0.421181822189
   63    1    b          :            (au)                 -0.421180220335
   64    1    b          :            (au)                 -0.414049688551
   65    1    b          :            (au)                 -0.414049419326
   66    1    b          :            (au)                 -0.414044768468
   67    1    b          :            (au)                 -0.372401163703
   68    1    b          :            (au)                 -0.372400898715
   69    1    b          :            (au)                 -0.372395730461
---------------------------------------------------------------------------
 Sum occupied            :            (au)               -552.562735214894
===========================================================================


===========================================================================
                           Dipole Moment (dip-1)
---------------------------------------------------------------------------
 r_O                     :        0.000000        0.000000        0.000000
---------------------------------------------------------------------------
 Electronic vector       :        0.000000        0.000000        0.000001
 Magnitude               :            (au)                        0.000001
                         :         (Debye)                        0.000003
---------------------------------------------------------------------------
 Nuclear vector          :        0.000000        0.000000        0.000000
 Magnitude               :            (au)                        0.000000
                         :         (Debye)                        0.000000
---------------------------------------------------------------------------
 Total vector            :        0.000000        0.000000        0.000001
 Magnitude               :            (au)                        0.000001
                         :         (Debye)                        0.000003
===========================================================================


                                                                           
                                                                           
***************************************************************************
***                                                                     ***
***                            Exiting MRChem                           ***
***                                                                     ***
***                       Wall time :  1h 14m 57s                       ***
***                                                                     ***
***************************************************************************
                                                                           
                                                                           
