Starting job 3254955 on c11-[3,43-44,55] at Tue Aug 10 13:49:33 CEST 2021

Copying s_10_pbe_.out to /cluster/home/ambr/projects/psp/row3/calcs/singlets
Copying s_10_pbe_.json to /cluster/home/ambr/projects/psp/row3/calcs/singlets

Task and CPU usage stats:
       JobID    JobName  AllocCPUS   NTasks     MinCPU MinCPUTask     AveCPU    Elapsed ExitCode 
------------ ---------- ---------- -------- ---------- ---------- ---------- ---------- -------- 
3254955       s_10_pbe_        120                                             01:15:17      1:0 
3254955.bat+      batch         36        1   00:00:04          0   00:00:04   01:15:17      1:0 
3254955.ext+     extern        120        4   00:00:00          2   00:00:00   01:15:17      0:0 
3254955.0      mrchem.x        120       20   01:14:58         19   03:46:10   01:15:01      0:0 

Memory usage stats:
       JobID     MaxRSS MaxRSSTask     AveRSS MaxPages   MaxPagesTask   AvePages 
------------ ---------- ---------- ---------- -------- -------------- ---------- 
3254955                                                                          
3254955.bat+     14288K          0     14288K        0              0          0 
3254955.ext+          0          2          0        0              2          0 
3254955.0     16106548K         11 135111145+        0             13          0 

Disk usage stats:
       JobID  MaxDiskRead MaxDiskReadTask    AveDiskRead MaxDiskWrite MaxDiskWriteTask   AveDiskWrite 
------------ ------------ --------------- -------------- ------------ ---------------- -------------- 
3254955                                                                                               
3254955.bat+        3.73M               0          3.73M        0.02M                0          0.02M 
3254955.ext+        0.00M               2          0.00M            0                2              0 
3254955.0           2.67M               0          2.66M      519.50M               11        338.40M 

Job 3254955 completed at Tue Aug 10 15:04:50 CEST 2021
