Starting job 3254956 on c11-[41,46,51] at Tue Aug 10 13:55:05 CEST 2021

Copying s_11_pbe_.out to /cluster/home/ambr/projects/psp/row3/calcs/singlets
Copying s_11_pbe_.json to /cluster/home/ambr/projects/psp/row3/calcs/singlets

Task and CPU usage stats:
       JobID    JobName  AllocCPUS   NTasks     MinCPU MinCPUTask     AveCPU    Elapsed ExitCode 
------------ ---------- ---------- -------- ---------- ---------- ---------- ---------- -------- 
3254956       s_11_pbe_        120                                             00:31:13      1:0 
3254956.bat+      batch         42        1   00:00:01          0   00:00:01   00:31:13      1:0 
3254956.ext+     extern        120        3   00:00:00          1   00:00:00   00:31:13      0:0 
3254956.0      mrchem.x        120       20   00:31:06         19   01:45:33   00:31:09      0:0 

Memory usage stats:
       JobID     MaxRSS MaxRSSTask     AveRSS MaxPages   MaxPagesTask   AvePages 
------------ ---------- ---------- ---------- -------- -------------- ---------- 
3254956                                                                          
3254956.bat+     14232K          0     14232K        0              0          0 
3254956.ext+          0          1          0        0              1          0 
3254956.0      5906444K          7 4809074073        0             19          0 

Disk usage stats:
       JobID  MaxDiskRead MaxDiskReadTask    AveDiskRead MaxDiskWrite MaxDiskWriteTask   AveDiskWrite 
------------ ------------ --------------- -------------- ------------ ---------------- -------------- 
3254956                                                                                               
3254956.bat+        3.73M               0          3.73M        0.02M                0          0.02M 
3254956.ext+        0.00M               1          0.00M            0                1              0 
3254956.0           2.67M               0          2.66M      139.27M                7         84.19M 

Job 3254956 completed at Tue Aug 10 14:26:19 CEST 2021
