Starting job 5688136 on c2-[33,38],c3-6,c5-[33,40] at Fri May 20 08:26:22 CEST 2022

Copying s_12_pbe0_.out to /cluster/home/ambr/projects/psp/row3/calcs/singlets
Copying s_12_pbe0_.json to /cluster/home/ambr/projects/psp/row3/calcs/singlets

Task and CPU usage stats:
JobID           JobName  AllocCPUS   NTasks     MinCPU MinCPUTask     AveCPU    Elapsed ExitCode 
------------ ---------- ---------- -------- ---------- ---------- ---------- ---------- -------- 
5688136      s_12_pbe0_        180                                             00:46:24      0:0 
5688136.bat+      batch         36        1   00:00:03          0   00:00:03   00:46:24      0:0 
5688136.ext+     extern        180        5   00:00:00          0   00:00:00   00:46:24      0:0 
5688136.0      mrchem.x        180       30   00:45:40         29   02:09:00   00:45:50      0:0 

Memory usage stats:
JobID            MaxRSS MaxRSSTask     AveRSS MaxPages   MaxPagesTask   AvePages 
------------ ---------- ---------- ---------- -------- -------------- ---------- 
5688136                                                                          
5688136.bat+     19268K          0     19268K        0              0          0 
5688136.ext+          0          0          0        0              0          0 
5688136.0     16663816K         29 6673514086        0             16          0 

Disk usage stats:
JobID         MaxDiskRead MaxDiskReadTask    AveDiskRead MaxDiskWrite MaxDiskWriteTask   AveDiskWrite 
------------ ------------ --------------- -------------- ------------ ---------------- -------------- 
5688136                                                                                               
5688136.bat+       19.41M               0         19.41M        0.07M                0          0.07M 
5688136.ext+        0.00M               0          0.00M            0                0              0 
5688136.0           6.75M               0          6.73M      157.17M               10         87.88M 

Job 5688136 completed at Fri May 20 09:12:46 CEST 2022
