                                                                           
                                                                           
***************************************************************************
***                                                                     ***
***                                                                     ***
***          __  __ ____   ____ _                                       ***
***         |  \/  |  _ \ / ___| |__   ___ _ __ ___                     ***
***         | |\/| | |_) | |   | '_ \ / _ \ '_ ` _ \                    ***
***         | |  | |  _ <| |___| | | |  __/ | | | | |                   ***
***         |_|  |_|_| \_\\____|_| |_|\___|_| |_| |_|                   ***
***                                                                     ***
***         VERSION            1.0.1                                    ***
***                                                                     ***
***         Git branch         HEAD                                     ***
***         Git commit hash    9309e3e1e52e5319b766-dirty               ***
***         Git commit author  Stig Rune Jensen                         ***
***         Git commit date    Fri Dec 4 16:08:55 2020 +0100            ***
***                                                                     ***
***         Contact: luca.frediani@uit.no                               ***
***                                                                     ***
***         Radovan Bast            Magnar Bjorgve                      ***
***         Roberto Di Remigio      Antoine Durdek                      ***
***         Luca Frediani           Gabriel Gerez                       ***
***         Stig Rune Jensen        Jonas Juselius                      ***
***         Rune Monstad            Peter Wind                          ***
***                                                                     ***
***************************************************************************

---------------------------------------------------------------------------

 MPI processes           :        (1 bank)                              20
 OpenMP threads          :                                               6
 Total cores             :                                             120
                                                                           
---------------------------------------------------------------------------

XCFun DFT library Copyright 2009-2020 Ulf Ekstrom and contributors.
See http://dftlibs.org/xcfun/ for more information.

This is free software; see the source code for copying conditions.
There is ABSOLUTELY NO WARRANTY; not even for MERCHANTABILITY or
FITNESS FOR A PARTICULAR PURPOSE. For details see the documentation.
Scientific users of this library should cite
U. Ekstrom, L. Visscher, R. Bast, A. J. Thorvaldsen and K. Ruud;
J.Chem.Theor.Comp. 2010, DOI: 10.1021/ct100117s

---------------------------------------------------------------------------

 MRCPP version         : 1.3.6
 Git branch            : HEAD
 Git commit hash       : 9309e3e1e52e5319b766-dirty
 Git commit author     : Stig Rune Jensen
 Git commit date       : Fri Dec 4 16:08:55 2020 +0100

 Linear algebra        : EIGEN v3.3.7
 Parallelization       : MPI/OpenMP (6 threads)

---------------------------------------------------------------------------


                                                                           
===========================================================================
                         MultiResolution Analysis
---------------------------------------------------------------------------
 polynomial order      : 9
 polynomial type       : Interpolating
---------------------------------------------------------------------------
 total boxes           : 8
 boxes                 : [          2           2           2 ]
 unit lengths          : [   32.00000    32.00000    32.00000 ]
 scaling factor        : [    1.00000     1.00000     1.00000 ]
 lower bounds          : [  -32.00000   -32.00000   -32.00000 ]
 upper bounds          : [   32.00000    32.00000    32.00000 ]
 total length          : [   64.00000    64.00000    64.00000 ]
===========================================================================


                                                                           
***************************************************************************
***                                                                     ***
***                        Initializing Molecule                        ***
***                                                                     ***
***************************************************************************
                                                                           
                                                                           
===========================================================================
                                 Molecule
---------------------------------------------------------------------------
 Charge                  :                                               0
 Multiplicity            :                                               1
---------------------------------------------------------------------------
    N    Atom            :               x               y               z
---------------------------------------------------------------------------
    0       S            :        0.000000        0.000038        0.000000
    1       O            :        0.000000        2.678724        0.000000
    2       O            :        0.000000       -1.339400        2.319828
    3       O            :        0.000000       -1.339400       -2.319828
---------------------------------------------------------------------------
 Center of mass          :        0.000000       -0.000000       -0.000000
===========================================================================


                                                                           
***************************************************************************
***                                                                     ***
***                 Computing Ground State Wavefunction                 ***
***                                                                     ***
***************************************************************************
                                                                           
                                                                           
~~~~~~~~~~~~~~~~~~~~~~~~~~~~~~~~~~~~~~~~~~~~~~~~~~~~~~~~~~~~~~~~~~~~~~~~~~~
 Calculation             : Compute initial orbitals
 Method                  : Diagonalize SAD Hamiltonian
 Precision               : 1.00000e-04
 Restricted              : False
 Functional              : LDA (SVWN5)
 AO basis                : Hydrogenic orbitals
 Zeta quality            : 2
~~~~~~~~~~~~~~~~~~~~~~~~~~~~~~~~~~~~~~~~~~~~~~~~~~~~~~~~~~~~~~~~~~~~~~~~~~~


===========================================================================
                            Molecular Orbitals
---------------------------------------------------------------------------
 Alpha electrons         :                                              20
 Beta electrons          :                                              20
 Total electrons         :                                              40
---------------------------------------------------------------------------
    n  Occ Spin          :                                            Norm
---------------------------------------------------------------------------
    0    1    a          :                              9.999999889629e-01
    1    1    a          :                              9.999999930799e-01
    2    1    a          :                              1.000000004123e+00
    3    1    a          :                              1.000000011359e+00
    4    1    a          :                              1.000000007843e+00
    5    1    a          :                              9.999998860244e-01
    6    1    a          :                              9.999998918281e-01
    7    1    a          :                              9.999999826009e-01
    8    1    a          :                              1.000000000068e+00
    9    1    a          :                              1.000001120506e+00
   10    1    a          :                              1.000000341309e+00
   11    1    a          :                              9.999975576930e-01
   12    1    a          :                              1.000000008708e+00
   13    1    a          :                              9.999999541699e-01
   14    1    a          :                              1.000000295341e+00
   15    1    a          :                              9.999990035924e-01
   16    1    a          :                              1.000002353006e+00
   17    1    a          :                              1.000003067256e+00
   18    1    a          :                              9.999999780135e-01
   19    1    a          :                              9.999990553001e-01
   20    1    b          :                              9.999999889629e-01
   21    1    b          :                              1.000012946540e+00
   22    1    b          :                              1.000000003314e+00
   23    1    b          :                              1.000000011359e+00
   24    1    b          :                              1.000000007843e+00
   25    1    b          :                              9.999998860244e-01
   26    1    b          :                              9.999998918281e-01
   27    1    b          :                              9.999999826030e-01
   28    1    b          :                              9.999999987624e-01
   29    1    b          :                              1.000001120567e+00
   30    1    b          :                              1.000000341219e+00
   31    1    b          :                              9.999975577316e-01
   32    1    b          :                              1.000000008708e+00
   33    1    b          :                              9.999999577370e-01
   34    1    b          :                              1.000000295335e+00
   35    1    b          :                              9.999990037003e-01
   36    1    b          :                              1.000002352998e+00
   37    1    b          :                              1.000003067253e+00
   38    1    b          :                              9.999999754178e-01
   39    1    b          :                              9.999990571012e-01
===========================================================================


~~~~~~~~~~~~~~~~~~~~~~~~~~~~~~~~~~~~~~~~~~~~~~~~~~~~~~~~~~~~~~~~~~~~~~~~~~~
 Calculation             : Compute initial energy
 Method                  : DFT (PBE)
 Precision               : 1.00000e-04
 Localization            : On
~~~~~~~~~~~~~~~~~~~~~~~~~~~~~~~~~~~~~~~~~~~~~~~~~~~~~~~~~~~~~~~~~~~~~~~~~~~


===========================================================================
                        Molecular Energy (initial)
---------------------------------------------------------------------------
 Kinetic energy          :            (au)                649.729582946751
 E-N energy              :            (au)              -1871.964474039021
 Coulomb energy          :            (au)                469.176031342261
 Exchange energy         :            (au)                  0.000000000000
 X-C energy              :            (au)                -52.583592537007
 Ext. field (el)         :            (au)                  0.000000000000
---------------------------------------------------------------------------
 N-N energy              :            (au)                184.733676503914
 Ext. field (nuc)        :            (au)                  0.000000000000
---------------------------------------------------------------------------
 Electronic energy       :            (au)               -805.642452287017
 Nuclear energy          :            (au)                184.733676503914
---------------------------------------------------------------------------
 Total energy            :            (au)             -6.209087757831e+02
                         :      (kcal/mol)             -3.896261361891e+05
                         :        (kJ/mol)             -1.630195754873e+06
                         :            (eV)             -1.689578777876e+04
===========================================================================


===========================================================================
                        Orbital Energies (initial)
---------------------------------------------------------------------------
    n  Occ Spin          :                                         Epsilon
---------------------------------------------------------------------------
    0    1    a          :            (au)                -88.751384393432
    1    1    a          :            (au)                -18.099688122487
    2    1    a          :            (au)                -18.088512754136
    3    1    a          :            (au)                -18.088254085978
    4    1    a          :            (au)                 -8.491297891861
    5    1    a          :            (au)                 -6.560863823019
    6    1    a          :            (au)                 -6.550354832741
    7    1    a          :            (au)                 -6.550264567813
    8    1    a          :            (au)                 -1.217109518677
    9    1    a          :            (au)                 -0.968141618814
   10    1    a          :            (au)                 -0.965397761175
   11    1    a          :            (au)                 -0.326268140714
   12    1    a          :            (au)                 -0.290097292895
   13    1    a          :            (au)                 -0.223341854118
   14    1    a          :            (au)                 -0.222606738734
   15    1    a          :            (au)                 -0.103031674628
   16    1    a          :            (au)                 -0.099641647720
   17    1    a          :            (au)                 -0.098631235558
   18    1    a          :            (au)                 -0.097669586838
   19    1    a          :            (au)                 -0.055775796363
   20    1    b          :            (au)                -88.751378912309
   21    1    b          :            (au)                -18.099683586052
   22    1    b          :            (au)                -18.088380677178
   23    1    b          :            (au)                -18.088042584763
   24    1    b          :            (au)                 -8.491297501460
   25    1    b          :            (au)                 -6.560863397538
   26    1    b          :            (au)                 -6.550355287174
   27    1    b          :            (au)                 -6.550264450732
   28    1    b          :            (au)                 -1.217049079755
   29    1    b          :            (au)                 -0.968140607664
   30    1    b          :            (au)                 -0.965397821006
   31    1    b          :            (au)                 -0.326268223224
   32    1    b          :            (au)                 -0.290094673154
   33    1    b          :            (au)                 -0.223348575094
   34    1    b          :            (au)                 -0.222606455912
   35    1    b          :            (au)                 -0.103035392721
   36    1    b          :            (au)                 -0.099641748707
   37    1    b          :            (au)                 -0.098631122458
   38    1    b          :            (au)                 -0.097670654980
   39    1    b          :            (au)                 -0.055775902003
---------------------------------------------------------------------------
 Sum occupied            :            (au)               -351.696259991584
===========================================================================


~~~~~~~~~~~~~~~~~~~~~~~~~~~~~~~~~~~~~~~~~~~~~~~~~~~~~~~~~~~~~~~~~~~~~~~~~~~
 Calculation             : Optimize ground state orbitals
 Method                  : DFT (PBE)
 Checkpointing           : Off
 Max iterations          : 200
 KAIN solver             : 10
 Localization            : First two iterations
 Diagonalization         : Off
 Start precision         : 1.00000e-06
 Final precision         : 1.00000e-06
 Helmholtz precision     : Dynamic
 Energy threshold        : 1.00000e-06
 Orbital threshold       : 5.00000e-05
~~~~~~~~~~~~~~~~~~~~~~~~~~~~~~~~~~~~~~~~~~~~~~~~~~~~~~~~~~~~~~~~~~~~~~~~~~~


===========================================================================
 Iter           MO residual             Total energy                Update
---------------------------------------------------------------------------
    0          6.324555e+00        -620.908775783103         -6.209088e+02
    1          1.165344e+00        -623.062304789406         -2.153529e+00
    2          5.557116e-01        -623.508614376401         -4.463096e-01
    3          1.464183e-01        -623.564947435567         -5.633306e-02
    4          7.090524e-02        -623.582028099866         -1.708066e-02
    5          7.460377e-02        -623.594366427445         -1.233833e-02
    6          4.172010e-02        -623.597299231032         -2.932804e-03
    7          1.657027e-02        -623.597657781110         -3.585501e-04
    8          7.700128e-03        -623.597776213611         -1.184325e-04
    9          4.557077e-03        -623.597820120644         -4.390703e-05
   10          1.885606e-03        -623.597830803817         -1.068317e-05
   11          1.318288e-03        -623.597833919644         -3.115827e-06
   12          9.145647e-04        -623.597835281626         -1.361982e-06
   13          3.758683e-04        -623.597835503266         -2.216399e-07
   14          2.194539e-04        -623.597835602759         -9.949349e-08
   15          2.535101e-04        -623.597835652431         -4.967160e-08
   16          8.031088e-05        -623.597835659721         -7.290282e-09
---------------------------------------------------------------------------
                      SCF converged in 16 iterations!
===========================================================================


                                                                           
***************************************************************************
***                                                                     ***
***                    Printing Molecular Properties                    ***
***                                                                     ***
***************************************************************************
                                                                           
                                                                           
===========================================================================
                                 Molecule
---------------------------------------------------------------------------
 Charge                  :                                               0
 Multiplicity            :                                               1
---------------------------------------------------------------------------
    N    Atom            :               x               y               z
---------------------------------------------------------------------------
    0       S            :        0.000000        0.000038        0.000000
    1       O            :        0.000000        2.678724        0.000000
    2       O            :        0.000000       -1.339400        2.319828
    3       O            :        0.000000       -1.339400       -2.319828
---------------------------------------------------------------------------
 Center of mass          :        0.000000       -0.000000       -0.000000
===========================================================================


===========================================================================
                         Molecular Energy (final)
---------------------------------------------------------------------------
 Kinetic energy          :            (au)                622.594523149174
 E-N energy              :            (au)              -1848.220594394685
 Coulomb energy          :            (au)                468.474198044982
 Exchange energy         :            (au)                  0.000000000000
 X-C energy              :            (au)                -51.179638963107
 Ext. field (el)         :            (au)                  0.000000000000
---------------------------------------------------------------------------
 N-N energy              :            (au)                184.733676503914
 Ext. field (nuc)        :            (au)                  0.000000000000
---------------------------------------------------------------------------
 Electronic energy       :            (au)               -808.331512163636
 Nuclear energy          :            (au)                184.733676503914
---------------------------------------------------------------------------
 Total energy            :            (au)             -6.235978356597e+02
                         :      (kcal/mol)             -3.913135467244e+05
                         :        (kJ/mol)             -1.637255880557e+06
                         :            (eV)             -1.696896082248e+04
===========================================================================


===========================================================================
                         Orbital Energies (final)
---------------------------------------------------------------------------
    n  Occ Spin          :                                         Epsilon
---------------------------------------------------------------------------
    0    1    a          :            (au)                -88.274815349913
    1    1    a          :            (au)                -18.829031858771
    2    1    a          :            (au)                -18.829022498501
    3    1    a          :            (au)                -18.829022021487
    4    1    a          :            (au)                 -7.882518821636
    5    1    a          :            (au)                 -5.905464698950
    6    1    a          :            (au)                 -5.899900018927
    7    1    a          :            (au)                 -5.899899987681
    8    1    a          :            (au)                 -1.130220227315
    9    1    a          :            (au)                 -1.004159001027
   10    1    a          :            (au)                 -1.004139907785
   11    1    a          :            (au)                 -0.570361794093
   12    1    a          :            (au)                 -0.510960309687
   13    1    a          :            (au)                 -0.481392822081
   14    1    a          :            (au)                 -0.481392421537
   15    1    a          :            (au)                 -0.384115975823
   16    1    a          :            (au)                 -0.384114194574
   17    1    a          :            (au)                 -0.365776663207
   18    1    a          :            (au)                 -0.365763746709
   19    1    a          :            (au)                 -0.304722048439
   20    1    b          :            (au)                -88.274815348501
   21    1    b          :            (au)                -18.829031861964
   22    1    b          :            (au)                -18.829022496169
   23    1    b          :            (au)                -18.829022020503
   24    1    b          :            (au)                 -7.882518821570
   25    1    b          :            (au)                 -5.905464698667
   26    1    b          :            (au)                 -5.899900018753
   27    1    b          :            (au)                 -5.899899987561
   28    1    b          :            (au)                 -1.130220225972
   29    1    b          :            (au)                 -1.004158992442
   30    1    b          :            (au)                 -1.004139902768
   31    1    b          :            (au)                 -0.570361794959
   32    1    b          :            (au)                 -0.510960310233
   33    1    b          :            (au)                 -0.481392824235
   34    1    b          :            (au)                 -0.481392417330
   35    1    b          :            (au)                 -0.384115973631
   36    1    b          :            (au)                 -0.384114194953
   37    1    b          :            (au)                 -0.365776661876
   38    1    b          :            (au)                 -0.365763742814
   39    1    b          :            (au)                 -0.304722048482
---------------------------------------------------------------------------
 Sum occupied            :            (au)               -354.673588711525
===========================================================================


===========================================================================
                           Dipole Moment (dip-1)
---------------------------------------------------------------------------
 r_O                     :        0.000000        0.000000        0.000000
---------------------------------------------------------------------------
 Electronic vector       :        0.000000        0.000112       -0.000001
 Magnitude               :            (au)                        0.000112
                         :         (Debye)                        0.000286
---------------------------------------------------------------------------
 Nuclear vector          :        0.000000       -0.000001        0.000000
 Magnitude               :            (au)                        0.000001
                         :         (Debye)                        0.000003
---------------------------------------------------------------------------
 Total vector            :        0.000000        0.000111       -0.000001
 Magnitude               :            (au)                        0.000111
                         :         (Debye)                        0.000283
===========================================================================


                                                                           
                                                                           
***************************************************************************
***                                                                     ***
***                            Exiting MRChem                           ***
***                                                                     ***
***                       Wall time :  0h 38m 42s                       ***
***                                                                     ***
***************************************************************************
                                                                           
                                                                           
