Starting job 3254958 on c5-56,c10-[1,3] at Tue Aug 10 14:08:06 CEST 2021

Copying s_13_pbe_.out to /cluster/home/ambr/projects/psp/row3/calcs/singlets
Copying s_13_pbe_.json to /cluster/home/ambr/projects/psp/row3/calcs/singlets

Task and CPU usage stats:
       JobID    JobName  AllocCPUS   NTasks     MinCPU MinCPUTask     AveCPU    Elapsed ExitCode 
------------ ---------- ---------- -------- ---------- ---------- ---------- ---------- -------- 
3254958       s_13_pbe_        120                                             00:53:28      1:0 
3254958.bat+      batch         36        1   00:00:02          0   00:00:02   00:53:28      1:0 
3254958.ext+     extern        120        3   00:00:00          2   00:00:00   00:53:28      0:0 
3254958.0      mrchem.x        120       20   00:53:20         19   02:55:58   00:53:22      0:0 

Memory usage stats:
       JobID     MaxRSS MaxRSSTask     AveRSS MaxPages   MaxPagesTask   AvePages 
------------ ---------- ---------- ---------- -------- -------------- ---------- 
3254958                                                                          
3254958.bat+     14240K          0     14240K        0              0          0 
3254958.ext+          0          2          0        0              2          0 
3254958.0      7598228K          0 5913744793        0             19          0 

Disk usage stats:
       JobID  MaxDiskRead MaxDiskReadTask    AveDiskRead MaxDiskWrite MaxDiskWriteTask   AveDiskWrite 
------------ ------------ --------------- -------------- ------------ ---------------- -------------- 
3254958                                                                                               
3254958.bat+        3.70M               0          3.70M        0.02M                0          0.02M 
3254958.ext+        0.00M               2          0.00M            0                2              0 
3254958.0           2.67M              18          2.48M      182.44M                0        113.50M 

Job 3254958 completed at Tue Aug 10 15:01:35 CEST 2021
