Starting job 5688138 on c2-[30-31,47-48],c10-5 at Fri May 20 08:42:01 CEST 2022

Copying s_14_pbe0_.out to /cluster/home/ambr/projects/psp/row3/calcs/singlets
Copying s_14_pbe0_.json to /cluster/home/ambr/projects/psp/row3/calcs/singlets

Task and CPU usage stats:
JobID           JobName  AllocCPUS   NTasks     MinCPU MinCPUTask     AveCPU    Elapsed ExitCode 
------------ ---------- ---------- -------- ---------- ---------- ---------- ---------- -------- 
5688138      s_14_pbe0_        180                                             00:18:01      0:0 
5688138.bat+      batch         36        1   00:00:02          0   00:00:02   00:18:01      0:0 
5688138.ext+     extern        180        5   00:00:00          4   00:00:00   00:18:01      0:0 
5688138.0      mrchem.x        180       30   00:17:39         29   00:47:31   00:17:46      0:0 

Memory usage stats:
JobID            MaxRSS MaxRSSTask     AveRSS MaxPages   MaxPagesTask   AvePages 
------------ ---------- ---------- ---------- -------- -------------- ---------- 
5688138                                                                          
5688138.bat+     19276K          0     19276K        0              0          0 
5688138.ext+          0          4          0        0              4          0 
5688138.0      6564452K         29 3300205909        0             12          0 

Disk usage stats:
JobID         MaxDiskRead MaxDiskReadTask    AveDiskRead MaxDiskWrite MaxDiskWriteTask   AveDiskWrite 
------------ ------------ --------------- -------------- ------------ ---------------- -------------- 
5688138                                                                                               
5688138.bat+     1179.71M               0       1179.71M     1160.36M                0       1160.36M 
5688138.ext+        0.00M               4          0.00M            0                4              0 
5688138.0           7.32M              24          6.85M       67.01M               21         41.80M 

Job 5688138 completed at Fri May 20 09:00:02 CEST 2022
