Starting job 3254959 on c11-[41,46,51] at Tue Aug 10 14:26:35 CEST 2021

Copying s_14_pbe_.out to /cluster/home/ambr/projects/psp/row3/calcs/singlets
Copying s_14_pbe_.json to /cluster/home/ambr/projects/psp/row3/calcs/singlets

Task and CPU usage stats:
       JobID    JobName  AllocCPUS   NTasks     MinCPU MinCPUTask     AveCPU    Elapsed ExitCode 
------------ ---------- ---------- -------- ---------- ---------- ---------- ---------- -------- 
3254959       s_14_pbe_        120                                             00:20:40      1:0 
3254959.bat+      batch         42        1   00:00:01          0   00:00:01   00:20:40      1:0 
3254959.ext+     extern        120        3   00:00:00          2   00:00:00   00:20:40      0:0 
3254959.0      mrchem.x        120       20   00:20:34         19   01:09:30   00:20:36      0:0 

Memory usage stats:
       JobID     MaxRSS MaxRSSTask     AveRSS MaxPages   MaxPagesTask   AvePages 
------------ ---------- ---------- ---------- -------- -------------- ---------- 
3254959                                                                          
3254959.bat+     14236K          0     14236K        0              0          0 
3254959.ext+          0          2          0        0              2          0 
3254959.0      4250936K          1 3056313548        0              8          0 

Disk usage stats:
       JobID  MaxDiskRead MaxDiskReadTask    AveDiskRead MaxDiskWrite MaxDiskWriteTask   AveDiskWrite 
------------ ------------ --------------- -------------- ------------ ---------------- -------------- 
3254959                                                                                               
3254959.bat+        3.73M               0          3.73M        0.02M                0          0.02M 
3254959.ext+        0.00M               2          0.00M            0                2              0 
3254959.0           2.67M               1          2.66M      105.95M                1         52.25M 

Job 3254959 completed at Tue Aug 10 14:47:15 CEST 2021
