                                                                           
                                                                           
***************************************************************************
***                                                                     ***
***                                                                     ***
***          __  __ ____   ____ _                                       ***
***         |  \/  |  _ \ / ___| |__   ___ _ __ ___                     ***
***         | |\/| | |_) | |   | '_ \ / _ \ '_ ` _ \                    ***
***         | |  | |  _ <| |___| | | |  __/ | | | | |                   ***
***         |_|  |_|_| \_\\____|_| |_|\___|_| |_| |_|                   ***
***                                                                     ***
***         VERSION            1.0.1                                    ***
***                                                                     ***
***         Git branch         HEAD                                     ***
***         Git commit hash    9309e3e1e52e5319b766-dirty               ***
***         Git commit author  Stig Rune Jensen                         ***
***         Git commit date    Fri Dec 4 16:08:55 2020 +0100            ***
***                                                                     ***
***         Contact: luca.frediani@uit.no                               ***
***                                                                     ***
***         Radovan Bast            Magnar Bjorgve                      ***
***         Roberto Di Remigio      Antoine Durdek                      ***
***         Luca Frediani           Gabriel Gerez                       ***
***         Stig Rune Jensen        Jonas Juselius                      ***
***         Rune Monstad            Peter Wind                          ***
***                                                                     ***
***************************************************************************

---------------------------------------------------------------------------

 MPI processes           :        (1 bank)                              20
 OpenMP threads          :                                               6
 Total cores             :                                             120
                                                                           
---------------------------------------------------------------------------

XCFun DFT library Copyright 2009-2020 Ulf Ekstrom and contributors.
See http://dftlibs.org/xcfun/ for more information.

This is free software; see the source code for copying conditions.
There is ABSOLUTELY NO WARRANTY; not even for MERCHANTABILITY or
FITNESS FOR A PARTICULAR PURPOSE. For details see the documentation.
Scientific users of this library should cite
U. Ekstrom, L. Visscher, R. Bast, A. J. Thorvaldsen and K. Ruud;
J.Chem.Theor.Comp. 2010, DOI: 10.1021/ct100117s

---------------------------------------------------------------------------

 MRCPP version         : 1.3.6
 Git branch            : HEAD
 Git commit hash       : 9309e3e1e52e5319b766-dirty
 Git commit author     : Stig Rune Jensen
 Git commit date       : Fri Dec 4 16:08:55 2020 +0100

 Linear algebra        : EIGEN v3.3.7
 Parallelization       : MPI/OpenMP (6 threads)

---------------------------------------------------------------------------


                                                                           
===========================================================================
                         MultiResolution Analysis
---------------------------------------------------------------------------
 polynomial order      : 9
 polynomial type       : Interpolating
---------------------------------------------------------------------------
 total boxes           : 8
 boxes                 : [          2           2           2 ]
 unit lengths          : [   32.00000    32.00000    32.00000 ]
 scaling factor        : [    1.00000     1.00000     1.00000 ]
 lower bounds          : [  -32.00000   -32.00000   -32.00000 ]
 upper bounds          : [   32.00000    32.00000    32.00000 ]
 total length          : [   64.00000    64.00000    64.00000 ]
===========================================================================


                                                                           
***************************************************************************
***                                                                     ***
***                        Initializing Molecule                        ***
***                                                                     ***
***************************************************************************
                                                                           
                                                                           
===========================================================================
                                 Molecule
---------------------------------------------------------------------------
 Charge                  :                                               0
 Multiplicity            :                                               1
---------------------------------------------------------------------------
    N    Atom            :               x               y               z
---------------------------------------------------------------------------
    0       C            :        0.000000        0.000000       -2.110142
    1       S            :        0.000000        0.000000        0.790398
---------------------------------------------------------------------------
 Center of mass          :        0.000000        0.000000       -0.000000
===========================================================================


                                                                           
***************************************************************************
***                                                                     ***
***                 Computing Ground State Wavefunction                 ***
***                                                                     ***
***************************************************************************
                                                                           
                                                                           
~~~~~~~~~~~~~~~~~~~~~~~~~~~~~~~~~~~~~~~~~~~~~~~~~~~~~~~~~~~~~~~~~~~~~~~~~~~
 Calculation             : Compute initial orbitals
 Method                  : Diagonalize SAD Hamiltonian
 Precision               : 1.00000e-04
 Restricted              : False
 Functional              : LDA (SVWN5)
 AO basis                : Hydrogenic orbitals
 Zeta quality            : 2
~~~~~~~~~~~~~~~~~~~~~~~~~~~~~~~~~~~~~~~~~~~~~~~~~~~~~~~~~~~~~~~~~~~~~~~~~~~


===========================================================================
                            Molecular Orbitals
---------------------------------------------------------------------------
 Alpha electrons         :                                              11
 Beta electrons          :                                              11
 Total electrons         :                                              22
---------------------------------------------------------------------------
    n  Occ Spin          :                                            Norm
---------------------------------------------------------------------------
    0    1    a          :                              9.999999986437e-01
    1    1    a          :                              9.999999968456e-01
    2    1    a          :                              1.000000000609e+00
    3    1    a          :                              9.999999999225e-01
    4    1    a          :                              9.999999999027e-01
    5    1    a          :                              9.999999998951e-01
    6    1    a          :                              1.000000942481e+00
    7    1    a          :                              9.999999975422e-01
    8    1    a          :                              9.999999997587e-01
    9    1    a          :                              9.999999904486e-01
   10    1    a          :                              9.999999988559e-01
   11    1    b          :                              9.999999986506e-01
   12    1    b          :                              9.999999827777e-01
   13    1    b          :                              1.000000000620e+00
   14    1    b          :                              9.999999999225e-01
   15    1    b          :                              9.999999999027e-01
   16    1    b          :                              9.999999998964e-01
   17    1    b          :                              1.000000551650e+00
   18    1    b          :                              9.999999962493e-01
   19    1    b          :                              9.999999997993e-01
   20    1    b          :                              9.999999904486e-01
   21    1    b          :                              9.999999989193e-01
===========================================================================


~~~~~~~~~~~~~~~~~~~~~~~~~~~~~~~~~~~~~~~~~~~~~~~~~~~~~~~~~~~~~~~~~~~~~~~~~~~
 Calculation             : Compute initial energy
 Method                  : DFT (PBE)
 Precision               : 1.00000e-04
 Localization            : On
~~~~~~~~~~~~~~~~~~~~~~~~~~~~~~~~~~~~~~~~~~~~~~~~~~~~~~~~~~~~~~~~~~~~~~~~~~~


===========================================================================
                        Molecular Energy (initial)
---------------------------------------------------------------------------
 Kinetic energy          :            (au)                452.934305656235
 E-N energy              :            (au)              -1117.443106184766
 Coulomb energy          :            (au)                229.307664955755
 Exchange energy         :            (au)                  0.000000000000
 X-C energy              :            (au)                -31.420054127824
 Ext. field (el)         :            (au)                  0.000000000000
---------------------------------------------------------------------------
 N-N energy              :            (au)                 33.097280540569
 Ext. field (nuc)        :            (au)                  0.000000000000
---------------------------------------------------------------------------
 Electronic energy       :            (au)               -466.621189700600
 Nuclear energy          :            (au)                 33.097280540569
---------------------------------------------------------------------------
 Total energy            :            (au)             -4.335239091600e+02
                         :      (kcal/mol)             -2.720403580358e+05
                         :        (kJ/mol)             -1.138216858761e+06
                         :            (eV)             -1.179678602053e+04
===========================================================================


===========================================================================
                        Orbital Energies (initial)
---------------------------------------------------------------------------
    n  Occ Spin          :                                         Epsilon
---------------------------------------------------------------------------
    0    1    a          :            (au)                -88.133535477600
    1    1    a          :            (au)                 -8.717457963794
    2    1    a          :            (au)                 -7.984062801250
    3    1    a          :            (au)                 -6.049474162417
    4    1    a          :            (au)                 -6.047582120090
    5    1    a          :            (au)                 -6.027161701634
    6    1    a          :            (au)                 -0.800098874089
    7    1    a          :            (au)                 -0.255101590852
    8    1    a          :            (au)                  0.181497530689
    9    1    a          :            (au)                  0.203680569256
   10    1    a          :            (au)                  0.403377446105
   11    1    b          :            (au)                -88.133534718763
   12    1    b          :            (au)                 -8.717447840093
   13    1    b          :            (au)                 -7.984065261176
   14    1    b          :            (au)                 -6.049475875613
   15    1    b          :            (au)                 -6.047581211193
   16    1    b          :            (au)                 -6.027165690980
   17    1    b          :            (au)                 -0.800104096989
   18    1    b          :            (au)                 -0.255096675808
   19    1    b          :            (au)                  0.181497013938
   20    1    b          :            (au)                  0.203679117656
   21    1    b          :            (au)                  0.403375944227
---------------------------------------------------------------------------
 Sum occupied            :            (au)               -246.451838440471
===========================================================================


~~~~~~~~~~~~~~~~~~~~~~~~~~~~~~~~~~~~~~~~~~~~~~~~~~~~~~~~~~~~~~~~~~~~~~~~~~~
 Calculation             : Optimize ground state orbitals
 Method                  : DFT (PBE)
 Checkpointing           : Off
 Max iterations          : 200
 KAIN solver             : 10
 Localization            : First two iterations
 Diagonalization         : Off
 Start precision         : 1.00000e-06
 Final precision         : 1.00000e-06
 Helmholtz precision     : Dynamic
 Energy threshold        : 1.00000e-06
 Orbital threshold       : 5.00000e-05
~~~~~~~~~~~~~~~~~~~~~~~~~~~~~~~~~~~~~~~~~~~~~~~~~~~~~~~~~~~~~~~~~~~~~~~~~~~


===========================================================================
 Iter           MO residual             Total energy                Update
---------------------------------------------------------------------------
    0          4.690416e+00        -433.523909160031         -4.335239e+02
    1          1.414981e+00        -435.418833227032         -1.894924e+00
    2          6.448686e-01        -435.894171203677         -4.753380e-01
    3          2.506161e-01        -435.983072149105         -8.890095e-02
    4          2.028302e-01        -436.020721897898         -3.764975e-02
    5          1.002893e-01        -436.031691974189         -1.097008e-02
    6          4.191508e-02        -436.035659670575         -3.967696e-03
    7          3.507732e-02        -436.037301845697         -1.642175e-03
    8          2.704824e-02        -436.037849989050         -5.481434e-04
    9          9.671651e-03        -436.037925615935         -7.562688e-05
   10          4.212278e-03        -436.037957792644         -3.217671e-05
   11          4.132374e-03        -436.037971873039         -1.408039e-05
   12          1.856696e-03        -436.037975354064         -3.481025e-06
   13          9.753317e-04        -436.037976291091         -9.370277e-07
   14          5.317332e-04        -436.037976603988         -3.128967e-07
   15          4.647430e-04        -436.037976764289         -1.603008e-07
   16          3.509098e-04        -436.037976855086         -9.079690e-08
   17          1.907417e-04        -436.037976889078         -3.399202e-08
   18          1.062911e-04        -436.037976897590         -8.511961e-09
   19          3.204006e-05        -436.037976900218         -2.627644e-09
---------------------------------------------------------------------------
                      SCF converged in 19 iterations!
===========================================================================


                                                                           
***************************************************************************
***                                                                     ***
***                    Printing Molecular Properties                    ***
***                                                                     ***
***************************************************************************
                                                                           
                                                                           
===========================================================================
                                 Molecule
---------------------------------------------------------------------------
 Charge                  :                                               0
 Multiplicity            :                                               1
---------------------------------------------------------------------------
    N    Atom            :               x               y               z
---------------------------------------------------------------------------
    0       C            :        0.000000        0.000000       -2.110142
    1       S            :        0.000000        0.000000        0.790398
---------------------------------------------------------------------------
 Center of mass          :        0.000000        0.000000       -0.000000
===========================================================================


===========================================================================
                         Molecular Energy (final)
---------------------------------------------------------------------------
 Kinetic energy          :            (au)                435.391015430439
 E-N energy              :            (au)              -1101.420651173728
 Coulomb energy          :            (au)                227.642422052751
 Exchange energy         :            (au)                  0.000000000000
 X-C energy              :            (au)                -30.748043750248
 Ext. field (el)         :            (au)                  0.000000000000
---------------------------------------------------------------------------
 N-N energy              :            (au)                 33.097280540569
 Ext. field (nuc)        :            (au)                  0.000000000000
---------------------------------------------------------------------------
 Electronic energy       :            (au)               -469.135257440787
 Nuclear energy          :            (au)                 33.097280540569
---------------------------------------------------------------------------
 Total energy            :            (au)             -4.360379769002e+02
                         :      (kcal/mol)             -2.736179593485e+05
                         :        (kJ/mol)             -1.144817542657e+06
                         :            (eV)             -1.186519728585e+04
===========================================================================


===========================================================================
                         Orbital Energies (final)
---------------------------------------------------------------------------
    n  Occ Spin          :                                         Epsilon
---------------------------------------------------------------------------
    0    1    a          :            (au)                -88.094981290639
    1    1    a          :            (au)                 -9.982750238890
    2    1    a          :            (au)                 -7.728234078981
    3    1    a          :            (au)                 -5.745756301145
    4    1    a          :            (au)                 -5.745755283453
    5    1    a          :            (au)                 -5.743928506653
    6    1    a          :            (au)                 -0.767536568372
    7    1    a          :            (au)                 -0.479150480804
    8    1    a          :            (au)                 -0.328213492138
    9    1    a          :            (au)                 -0.328213031943
   10    1    a          :            (au)                 -0.271310444373
   11    1    b          :            (au)                -88.094981290481
   12    1    b          :            (au)                 -9.982750236297
   13    1    b          :            (au)                 -7.728234078619
   14    1    b          :            (au)                 -5.745756300716
   15    1    b          :            (au)                 -5.745755283207
   16    1    b          :            (au)                 -5.743928506013
   17    1    b          :            (au)                 -0.767536560845
   18    1    b          :            (au)                 -0.479150488262
   19    1    b          :            (au)                 -0.328213490748
   20    1    b          :            (au)                 -0.328213030734
   21    1    b          :            (au)                 -0.271310469902
---------------------------------------------------------------------------
 Sum occupied            :            (au)               -250.431659453216
===========================================================================


===========================================================================
                           Dipole Moment (dip-1)
---------------------------------------------------------------------------
 r_O                     :        0.000000        0.000000        0.000000
---------------------------------------------------------------------------
 Electronic vector       :       -0.000005        0.000000        0.804445
 Magnitude               :            (au)                        0.804445
                         :         (Debye)                        2.044694
---------------------------------------------------------------------------
 Nuclear vector          :        0.000000        0.000000       -0.014477
 Magnitude               :            (au)                        0.014477
                         :         (Debye)                        0.036798
---------------------------------------------------------------------------
 Total vector            :       -0.000005        0.000000        0.789967
 Magnitude               :            (au)                        0.789967
                         :         (Debye)                        2.007896
===========================================================================


                                                                           
                                                                           
***************************************************************************
***                                                                     ***
***                            Exiting MRChem                           ***
***                                                                     ***
***                       Wall time :  0h 20m 33s                       ***
***                                                                     ***
***************************************************************************
                                                                           
                                                                           
