                                                                           
                                                                           
***************************************************************************
***                                                                     ***
***                                                                     ***
***          __  __ ____   ____ _                                       ***
***         |  \/  |  _ \ / ___| |__   ___ _ __ ___                     ***
***         | |\/| | |_) | |   | '_ \ / _ \ '_ ` _ \                    ***
***         | |  | |  _ <| |___| | | |  __/ | | | | |                   ***
***         |_|  |_|_| \_\\____|_| |_|\___|_| |_| |_|                   ***
***                                                                     ***
***         VERSION            1.0.1                                    ***
***                                                                     ***
***         Git branch         HEAD                                     ***
***         Git commit hash    9309e3e1e52e5319b766-dirty               ***
***         Git commit author  Stig Rune Jensen                         ***
***         Git commit date    Fri Dec 4 16:08:55 2020 +0100            ***
***                                                                     ***
***         Contact: luca.frediani@uit.no                               ***
***                                                                     ***
***         Radovan Bast            Magnar Bjorgve                      ***
***         Roberto Di Remigio      Antoine Durdek                      ***
***         Luca Frediani           Gabriel Gerez                       ***
***         Stig Rune Jensen        Jonas Juselius                      ***
***         Rune Monstad            Peter Wind                          ***
***                                                                     ***
***************************************************************************

---------------------------------------------------------------------------

 MPI processes           :        (1 bank)                              20
 OpenMP threads          :                                               6
 Total cores             :                                             120
                                                                           
---------------------------------------------------------------------------

XCFun DFT library Copyright 2009-2020 Ulf Ekstrom and contributors.
See http://dftlibs.org/xcfun/ for more information.

This is free software; see the source code for copying conditions.
There is ABSOLUTELY NO WARRANTY; not even for MERCHANTABILITY or
FITNESS FOR A PARTICULAR PURPOSE. For details see the documentation.
Scientific users of this library should cite
U. Ekstrom, L. Visscher, R. Bast, A. J. Thorvaldsen and K. Ruud;
J.Chem.Theor.Comp. 2010, DOI: 10.1021/ct100117s

---------------------------------------------------------------------------

 MRCPP version         : 1.3.6
 Git branch            : HEAD
 Git commit hash       : 9309e3e1e52e5319b766-dirty
 Git commit author     : Stig Rune Jensen
 Git commit date       : Fri Dec 4 16:08:55 2020 +0100

 Linear algebra        : EIGEN v3.3.7
 Parallelization       : MPI/OpenMP (6 threads)

---------------------------------------------------------------------------


                                                                           
===========================================================================
                         MultiResolution Analysis
---------------------------------------------------------------------------
 polynomial order      : 9
 polynomial type       : Interpolating
---------------------------------------------------------------------------
 total boxes           : 8
 boxes                 : [          2           2           2 ]
 unit lengths          : [   32.00000    32.00000    32.00000 ]
 scaling factor        : [    1.00000     1.00000     1.00000 ]
 lower bounds          : [  -32.00000   -32.00000   -32.00000 ]
 upper bounds          : [   32.00000    32.00000    32.00000 ]
 total length          : [   64.00000    64.00000    64.00000 ]
===========================================================================


                                                                           
***************************************************************************
***                                                                     ***
***                        Initializing Molecule                        ***
***                                                                     ***
***************************************************************************
                                                                           
                                                                           
===========================================================================
                                 Molecule
---------------------------------------------------------------------------
 Charge                  :                                               0
 Multiplicity            :                                               1
---------------------------------------------------------------------------
    N    Atom            :               x               y               z
---------------------------------------------------------------------------
    0      Be            :        0.000000        0.000000       -2.568951
    1       S            :        0.000000        0.000000        0.722006
---------------------------------------------------------------------------
 Center of mass          :        0.000000        0.000000       -0.000000
===========================================================================


                                                                           
***************************************************************************
***                                                                     ***
***                 Computing Ground State Wavefunction                 ***
***                                                                     ***
***************************************************************************
                                                                           
                                                                           
~~~~~~~~~~~~~~~~~~~~~~~~~~~~~~~~~~~~~~~~~~~~~~~~~~~~~~~~~~~~~~~~~~~~~~~~~~~
 Calculation             : Compute initial orbitals
 Method                  : Diagonalize SAD Hamiltonian
 Precision               : 1.00000e-04
 Restricted              : False
 Functional              : LDA (SVWN5)
 AO basis                : Hydrogenic orbitals
 Zeta quality            : 2
~~~~~~~~~~~~~~~~~~~~~~~~~~~~~~~~~~~~~~~~~~~~~~~~~~~~~~~~~~~~~~~~~~~~~~~~~~~


===========================================================================
                            Molecular Orbitals
---------------------------------------------------------------------------
 Alpha electrons         :                                              10
 Beta electrons          :                                              10
 Total electrons         :                                              20
---------------------------------------------------------------------------
    n  Occ Spin          :                                            Norm
---------------------------------------------------------------------------
    0    1    a          :                              9.999999930519e-01
    1    1    a          :                              1.000000002418e+00
    2    1    a          :                              9.999999999540e-01
    3    1    a          :                              1.000000000000e+00
    4    1    a          :                              1.000000000414e+00
    5    1    a          :                              9.999999800822e-01
    6    1    a          :                              1.000000007577e+00
    7    1    a          :                              9.999998975733e-01
    8    1    a          :                              1.000000000060e+00
    9    1    a          :                              1.000000000102e+00
   10    1    b          :                              9.999999930519e-01
   11    1    b          :                              1.000000002418e+00
   12    1    b          :                              9.999999999724e-01
   13    1    b          :                              1.000000000000e+00
   14    1    b          :                              1.000000000414e+00
   15    1    b          :                              9.999999751202e-01
   16    1    b          :                              1.000000009701e+00
   17    1    b          :                              9.999998876735e-01
   18    1    b          :                              9.999999999367e-01
   19    1    b          :                              1.000000000102e+00
===========================================================================


~~~~~~~~~~~~~~~~~~~~~~~~~~~~~~~~~~~~~~~~~~~~~~~~~~~~~~~~~~~~~~~~~~~~~~~~~~~
 Calculation             : Compute initial energy
 Method                  : DFT (PBE)
 Precision               : 1.00000e-04
 Localization            : On
~~~~~~~~~~~~~~~~~~~~~~~~~~~~~~~~~~~~~~~~~~~~~~~~~~~~~~~~~~~~~~~~~~~~~~~~~~~


===========================================================================
                        Molecular Energy (initial)
---------------------------------------------------------------------------
 Kinetic energy          :            (au)                427.593067595387
 E-N energy              :            (au)              -1031.737130284349
 Coulomb energy          :            (au)                202.444261993260
 Exchange energy         :            (au)                  0.000000000000
 X-C energy              :            (au)                -28.512518292265
 Ext. field (el)         :            (au)                  0.000000000000
---------------------------------------------------------------------------
 N-N energy              :            (au)                 19.447225912629
 Ext. field (nuc)        :            (au)                  0.000000000000
---------------------------------------------------------------------------
 Electronic energy       :            (au)               -430.212318987968
 Nuclear energy          :            (au)                 19.447225912629
---------------------------------------------------------------------------
 Total energy            :            (au)             -4.107650930753e+02
                         :      (kcal/mol)             -2.577589854394e+05
                         :        (kJ/mol)             -1.078463595779e+06
                         :            (eV)             -1.117748711277e+04
===========================================================================


===========================================================================
                        Orbital Energies (initial)
---------------------------------------------------------------------------
    n  Occ Spin          :                                         Epsilon
---------------------------------------------------------------------------
    0    1    a          :            (au)                -87.958046871267
    1    1    a          :            (au)                 -7.843605700240
    2    1    a          :            (au)                 -5.901585187865
    3    1    a          :            (au)                 -5.898541242404
    4    1    a          :            (au)                 -5.891848888894
    5    1    a          :            (au)                 -3.414624149014
    6    1    a          :            (au)                 -0.734025106067
    7    1    a          :            (au)                 -0.198292068992
    8    1    a          :            (au)                 -0.102979952015
    9    1    a          :            (au)                 -0.088292378500
   10    1    b          :            (au)                -87.958049814373
   11    1    b          :            (au)                 -7.843605789194
   12    1    b          :            (au)                 -5.901585800436
   13    1    b          :            (au)                 -5.898540604450
   14    1    b          :            (au)                 -5.891845570865
   15    1    b          :            (au)                 -3.414641303554
   16    1    b          :            (au)                 -0.734076524464
   17    1    b          :            (au)                 -0.198261130581
   18    1    b          :            (au)                 -0.102979922870
   19    1    b          :            (au)                 -0.088293175690
---------------------------------------------------------------------------
 Sum occupied            :            (au)               -236.063721181736
===========================================================================


~~~~~~~~~~~~~~~~~~~~~~~~~~~~~~~~~~~~~~~~~~~~~~~~~~~~~~~~~~~~~~~~~~~~~~~~~~~
 Calculation             : Optimize ground state orbitals
 Method                  : DFT (PBE)
 Checkpointing           : Off
 Max iterations          : 200
 KAIN solver             : 10
 Localization            : First two iterations
 Diagonalization         : Off
 Start precision         : 1.00000e-06
 Final precision         : 1.00000e-06
 Helmholtz precision     : Dynamic
 Energy threshold        : 1.00000e-06
 Orbital threshold       : 5.00000e-05
~~~~~~~~~~~~~~~~~~~~~~~~~~~~~~~~~~~~~~~~~~~~~~~~~~~~~~~~~~~~~~~~~~~~~~~~~~~


===========================================================================
 Iter           MO residual             Total energy                Update
---------------------------------------------------------------------------
    0          4.472136e+00        -410.765093075339         -4.107651e+02
    1          1.164403e+00        -412.580013796660         -1.814921e+00
    2          2.290219e-01        -412.696967121697         -1.169533e-01
    3          6.478578e-02        -412.713828717640         -1.686160e-02
    4          6.601605e-02        -412.719810841126         -5.982123e-03
    5          5.675368e-02        -412.721071399129         -1.260558e-03
    6          4.435789e-02        -412.721436209898         -3.648108e-04
    7          1.069955e-02        -412.721651999760         -2.157899e-04
    8          3.857263e-03        -412.721676161995         -2.416223e-05
    9          3.134744e-03        -412.721681584426         -5.422431e-06
   10          6.433534e-04        -412.721682915508         -1.331082e-06
   11          2.067605e-04        -412.721683058434         -1.429254e-07
   12          9.985282e-05        -412.721683080567         -2.213335e-08
---------------------------------------------------------------------------
                      SCF converged in 12 iterations!
===========================================================================


                                                                           
***************************************************************************
***                                                                     ***
***                    Printing Molecular Properties                    ***
***                                                                     ***
***************************************************************************
                                                                           
                                                                           
===========================================================================
                                 Molecule
---------------------------------------------------------------------------
 Charge                  :                                               0
 Multiplicity            :                                               1
---------------------------------------------------------------------------
    N    Atom            :               x               y               z
---------------------------------------------------------------------------
    0      Be            :        0.000000        0.000000       -2.568951
    1       S            :        0.000000        0.000000        0.722006
---------------------------------------------------------------------------
 Center of mass          :        0.000000        0.000000       -0.000000
===========================================================================


===========================================================================
                         Molecular Energy (final)
---------------------------------------------------------------------------
 Kinetic energy          :            (au)                412.123728934756
 E-N energy              :            (au)              -1020.821701459748
 Coulomb energy          :            (au)                204.849825921766
 Exchange energy         :            (au)                  0.000000000000
 X-C energy              :            (au)                -28.320762389969
 Ext. field (el)         :            (au)                  0.000000000000
---------------------------------------------------------------------------
 N-N energy              :            (au)                 19.447225912629
 Ext. field (nuc)        :            (au)                  0.000000000000
---------------------------------------------------------------------------
 Electronic energy       :            (au)               -432.168908993196
 Nuclear energy          :            (au)                 19.447225912629
---------------------------------------------------------------------------
 Total energy            :            (au)             -4.127216830806e+02
                         :      (kcal/mol)             -2.589867641947e+05
                         :        (kJ/mol)             -1.083600622094e+06
                         :            (eV)             -1.123072863679e+04
===========================================================================


===========================================================================
                         Orbital Energies (final)
---------------------------------------------------------------------------
    n  Occ Spin          :                                         Epsilon
---------------------------------------------------------------------------
    0    1    a          :            (au)                -88.000140483902
    1    1    a          :            (au)                 -7.630322936473
    2    1    a          :            (au)                 -5.648983038811
    3    1    a          :            (au)                 -5.646742816995
    4    1    a          :            (au)                 -5.646741843945
    5    1    a          :            (au)                 -3.917937855756
    6    1    a          :            (au)                 -0.584508790659
    7    1    a          :            (au)                 -0.275959879839
    8    1    a          :            (au)                 -0.215673932366
    9    1    a          :            (au)                 -0.215673168578
   10    1    b          :            (au)                -88.000140473150
   11    1    b          :            (au)                 -7.630322927156
   12    1    b          :            (au)                 -5.648983020167
   13    1    b          :            (au)                 -5.646742806383
   14    1    b          :            (au)                 -5.646741833551
   15    1    b          :            (au)                 -3.917937884164
   16    1    b          :            (au)                 -0.584508732049
   17    1    b          :            (au)                 -0.275959846344
   18    1    b          :            (au)                 -0.215673920231
   19    1    b          :            (au)                 -0.215673156898
---------------------------------------------------------------------------
 Sum occupied            :            (au)               -235.565369347416
===========================================================================


===========================================================================
                           Dipole Moment (dip-1)
---------------------------------------------------------------------------
 r_O                     :        0.000000        0.000000        0.000000
---------------------------------------------------------------------------
 Electronic vector       :       -0.000123        0.000018       -3.252489
 Magnitude               :            (au)                        3.252489
                         :         (Debye)                        8.267002
---------------------------------------------------------------------------
 Nuclear vector          :        0.000000        0.000000        1.276297
 Magnitude               :            (au)                        1.276297
                         :         (Debye)                        3.244023
---------------------------------------------------------------------------
 Total vector            :       -0.000123        0.000018       -1.976192
 Magnitude               :            (au)                        1.976192
                         :         (Debye)                        5.022979
===========================================================================


                                                                           
                                                                           
***************************************************************************
***                                                                     ***
***                            Exiting MRChem                           ***
***                                                                     ***
***                       Wall time :  0h 14m 10s                       ***
***                                                                     ***
***************************************************************************
                                                                           
                                                                           
