Starting job 3254960 on c2-[27-28,49,53] at Tue Aug 10 14:36:28 CEST 2021

Copying s_15_pbe_.out to /cluster/home/ambr/projects/psp/row3/calcs/singlets
Copying s_15_pbe_.json to /cluster/home/ambr/projects/psp/row3/calcs/singlets

Task and CPU usage stats:
       JobID    JobName  AllocCPUS   NTasks     MinCPU MinCPUTask     AveCPU    Elapsed ExitCode 
------------ ---------- ---------- -------- ---------- ---------- ---------- ---------- -------- 
3254960       s_15_pbe_        120                                             00:14:16      1:0 
3254960.bat+      batch         36        1   00:00:01          0   00:00:01   00:14:16      1:0 
3254960.ext+     extern        120        4   00:00:00          1   00:00:00   00:14:16      0:0 
3254960.0      mrchem.x        120       20   00:14:11         19   00:50:00   00:14:13      0:0 

Memory usage stats:
       JobID     MaxRSS MaxRSSTask     AveRSS MaxPages   MaxPagesTask   AvePages 
------------ ---------- ---------- ---------- -------- -------------- ---------- 
3254960                                                                          
3254960.bat+     14284K          0     14284K        0              0          0 
3254960.ext+          0          1          0        0              1          0 
3254960.0      3565760K          0 2515695411        0              8          0 

Disk usage stats:
       JobID  MaxDiskRead MaxDiskReadTask    AveDiskRead MaxDiskWrite MaxDiskWriteTask   AveDiskWrite 
------------ ------------ --------------- -------------- ------------ ---------------- -------------- 
3254960                                                                                               
3254960.bat+        3.70M               0          3.70M        0.02M                0          0.02M 
3254960.ext+        0.00M               1          0.00M            0                1              0 
3254960.0           2.07M               1          2.06M      100.10M                0         43.72M 

Job 3254960 completed at Tue Aug 10 14:50:44 CEST 2021
