                                                                           
                                                                           
***************************************************************************
***                                                                     ***
***                                                                     ***
***          __  __ ____   ____ _                                       ***
***         |  \/  |  _ \ / ___| |__   ___ _ __ ___                     ***
***         | |\/| | |_) | |   | '_ \ / _ \ '_ ` _ \                    ***
***         | |  | |  _ <| |___| | | |  __/ | | | | |                   ***
***         |_|  |_|_| \_\\____|_| |_|\___|_| |_| |_|                   ***
***                                                                     ***
***         VERSION            1.0.1                                    ***
***                                                                     ***
***         Git branch         HEAD                                     ***
***         Git commit hash    9309e3e1e52e5319b766-dirty               ***
***         Git commit author  Stig Rune Jensen                         ***
***         Git commit date    Fri Dec 4 16:08:55 2020 +0100            ***
***                                                                     ***
***         Contact: luca.frediani@uit.no                               ***
***                                                                     ***
***         Radovan Bast            Magnar Bjorgve                      ***
***         Roberto Di Remigio      Antoine Durdek                      ***
***         Luca Frediani           Gabriel Gerez                       ***
***         Stig Rune Jensen        Jonas Juselius                      ***
***         Rune Monstad            Peter Wind                          ***
***                                                                     ***
***************************************************************************

---------------------------------------------------------------------------

 MPI processes           :        (1 bank)                              20
 OpenMP threads          :                                               6
 Total cores             :                                             120
                                                                           
---------------------------------------------------------------------------

XCFun DFT library Copyright 2009-2020 Ulf Ekstrom and contributors.
See http://dftlibs.org/xcfun/ for more information.

This is free software; see the source code for copying conditions.
There is ABSOLUTELY NO WARRANTY; not even for MERCHANTABILITY or
FITNESS FOR A PARTICULAR PURPOSE. For details see the documentation.
Scientific users of this library should cite
U. Ekstrom, L. Visscher, R. Bast, A. J. Thorvaldsen and K. Ruud;
J.Chem.Theor.Comp. 2010, DOI: 10.1021/ct100117s

---------------------------------------------------------------------------

 MRCPP version         : 1.3.6
 Git branch            : HEAD
 Git commit hash       : 9309e3e1e52e5319b766-dirty
 Git commit author     : Stig Rune Jensen
 Git commit date       : Fri Dec 4 16:08:55 2020 +0100

 Linear algebra        : EIGEN v3.3.7
 Parallelization       : MPI/OpenMP (6 threads)

---------------------------------------------------------------------------


                                                                           
===========================================================================
                         MultiResolution Analysis
---------------------------------------------------------------------------
 polynomial order      : 9
 polynomial type       : Interpolating
---------------------------------------------------------------------------
 total boxes           : 8
 boxes                 : [          2           2           2 ]
 unit lengths          : [   32.00000    32.00000    32.00000 ]
 scaling factor        : [    1.00000     1.00000     1.00000 ]
 lower bounds          : [  -32.00000   -32.00000   -32.00000 ]
 upper bounds          : [   32.00000    32.00000    32.00000 ]
 total length          : [   64.00000    64.00000    64.00000 ]
===========================================================================


                                                                           
***************************************************************************
***                                                                     ***
***                        Initializing Molecule                        ***
***                                                                     ***
***************************************************************************
                                                                           
                                                                           
===========================================================================
                                 Molecule
---------------------------------------------------------------------------
 Charge                  :                                               0
 Multiplicity            :                                               1
---------------------------------------------------------------------------
    N    Atom            :               x               y               z
---------------------------------------------------------------------------
    0       S            :        0.000000        0.827164        0.031298
    1       N            :        0.000000        0.136091        2.678993
    2       F            :        0.000000       -1.496443       -2.027937
---------------------------------------------------------------------------
 Center of mass          :        0.000000        0.000000       -0.000000
===========================================================================


                                                                           
***************************************************************************
***                                                                     ***
***                 Computing Ground State Wavefunction                 ***
***                                                                     ***
***************************************************************************
                                                                           
                                                                           
~~~~~~~~~~~~~~~~~~~~~~~~~~~~~~~~~~~~~~~~~~~~~~~~~~~~~~~~~~~~~~~~~~~~~~~~~~~
 Calculation             : Compute initial orbitals
 Method                  : Diagonalize SAD Hamiltonian
 Precision               : 1.00000e-04
 Restricted              : False
 Functional              : LDA (SVWN5)
 AO basis                : Hydrogenic orbitals
 Zeta quality            : 2
~~~~~~~~~~~~~~~~~~~~~~~~~~~~~~~~~~~~~~~~~~~~~~~~~~~~~~~~~~~~~~~~~~~~~~~~~~~


===========================================================================
                            Molecular Orbitals
---------------------------------------------------------------------------
 Alpha electrons         :                                              16
 Beta electrons          :                                              16
 Total electrons         :                                              32
---------------------------------------------------------------------------
    n  Occ Spin          :                                            Norm
---------------------------------------------------------------------------
    0    1    a          :                              9.999998335664e-01
    1    1    a          :                              9.999998420802e-01
    2    1    a          :                              9.999998945856e-01
    3    1    a          :                              1.000000011386e+00
    4    1    a          :                              9.999999878405e-01
    5    1    a          :                              9.999999999044e-01
    6    1    a          :                              9.999999998383e-01
    7    1    a          :                              9.999997302327e-01
    8    1    a          :                              9.999997037773e-01
    9    1    a          :                              1.000004763719e+00
   10    1    a          :                              9.999931257121e-01
   11    1    a          :                              1.000002117007e+00
   12    1    a          :                              9.999998899022e-01
   13    1    a          :                              1.000001717495e+00
   14    1    a          :                              1.000000278276e+00
   15    1    a          :                              1.000000514532e+00
   16    1    b          :                              9.999999939633e-01
   17    1    b          :                              9.999997816871e-01
   18    1    b          :                              9.999998945856e-01
   19    1    b          :                              1.000000006604e+00
   20    1    b          :                              9.999999878404e-01
   21    1    b          :                              9.999999999049e-01
   22    1    b          :                              9.999999998376e-01
   23    1    b          :                              9.999997208852e-01
   24    1    b          :                              9.999997038153e-01
   25    1    b          :                              1.000004743488e+00
   26    1    b          :                              9.999922493408e-01
   27    1    b          :                              1.000004332075e+00
   28    1    b          :                              9.999995993340e-01
   29    1    b          :                              1.000001715242e+00
   30    1    b          :                              1.000000277496e+00
   31    1    b          :                              1.000000514458e+00
===========================================================================


~~~~~~~~~~~~~~~~~~~~~~~~~~~~~~~~~~~~~~~~~~~~~~~~~~~~~~~~~~~~~~~~~~~~~~~~~~~
 Calculation             : Compute initial energy
 Method                  : DFT (PBE)
 Precision               : 1.00000e-04
 Localization            : On
~~~~~~~~~~~~~~~~~~~~~~~~~~~~~~~~~~~~~~~~~~~~~~~~~~~~~~~~~~~~~~~~~~~~~~~~~~~


===========================================================================
                        Molecular Energy (initial)
---------------------------------------------------------------------------
 Kinetic energy          :            (au)                577.037477531969
 E-N energy              :            (au)              -1539.663517153841
 Coulomb energy          :            (au)                356.755778086658
 Exchange energy         :            (au)                  0.000000000000
 X-C energy              :            (au)                -43.977043943224
 Ext. field (el)         :            (au)                  0.000000000000
---------------------------------------------------------------------------
 N-N energy              :            (au)                 99.955492069169
 Ext. field (nuc)        :            (au)                  0.000000000000
---------------------------------------------------------------------------
 Electronic energy       :            (au)               -649.847305478438
 Nuclear energy          :            (au)                 99.955492069169
---------------------------------------------------------------------------
 Total energy            :            (au)             -5.498918134093e+02
                         :      (kcal/mol)             -3.450623198399e+05
                         :        (kJ/mol)             -1.443740747147e+06
                         :            (eV)             -1.496331787052e+04
===========================================================================


===========================================================================
                        Orbital Energies (initial)
---------------------------------------------------------------------------
    n  Occ Spin          :                                         Epsilon
---------------------------------------------------------------------------
    0    1    a          :            (au)                -88.224426315040
    1    1    a          :            (au)                -23.578152165287
    2    1    a          :            (au)                -12.797102426963
    3    1    a          :            (au)                 -8.054715877863
    4    1    a          :            (au)                 -6.120401764115
    5    1    a          :            (au)                 -6.111810021991
    6    1    a          :            (au)                 -6.096831565420
    7    1    a          :            (au)                 -1.002616368692
    8    1    a          :            (au)                 -0.758370893649
    9    1    a          :            (au)                 -0.382075814721
   10    1    a          :            (au)                 -0.237831170983
   11    1    a          :            (au)                 -0.160801587491
   12    1    a          :            (au)                 -0.126532846711
   13    1    a          :            (au)                  0.190671175265
   14    1    a          :            (au)                  0.246917631325
   15    1    a          :            (au)                  0.285832751344
   16    1    b          :            (au)                -88.224518629002
   17    1    b          :            (au)                -23.578246303246
   18    1    b          :            (au)                -12.797104150898
   19    1    b          :            (au)                 -8.054722477000
   20    1    b          :            (au)                 -6.120401740975
   21    1    b          :            (au)                 -6.111809228934
   22    1    b          :            (au)                 -6.096831674693
   23    1    b          :            (au)                 -1.002640998660
   24    1    b          :            (au)                 -0.758385287306
   25    1    b          :            (au)                 -0.382069313708
   26    1    b          :            (au)                 -0.237827740178
   27    1    b          :            (au)                 -0.160784403806
   28    1    b          :            (au)                 -0.126514502634
   29    1    b          :            (au)                  0.190670696093
   30    1    b          :            (au)                  0.246917128523
   31    1    b          :            (au)                  0.285846946675
---------------------------------------------------------------------------
 Sum occupied            :            (au)               -305.856668940741
===========================================================================


~~~~~~~~~~~~~~~~~~~~~~~~~~~~~~~~~~~~~~~~~~~~~~~~~~~~~~~~~~~~~~~~~~~~~~~~~~~
 Calculation             : Optimize ground state orbitals
 Method                  : DFT (PBE)
 Checkpointing           : Off
 Max iterations          : 200
 KAIN solver             : 10
 Localization            : First two iterations
 Diagonalization         : Off
 Start precision         : 1.00000e-06
 Final precision         : 1.00000e-06
 Helmholtz precision     : Dynamic
 Energy threshold        : 1.00000e-06
 Orbital threshold       : 5.00000e-05
~~~~~~~~~~~~~~~~~~~~~~~~~~~~~~~~~~~~~~~~~~~~~~~~~~~~~~~~~~~~~~~~~~~~~~~~~~~


===========================================================================
 Iter           MO residual             Total energy                Update
---------------------------------------------------------------------------
    0          5.656854e+00        -549.891813409269         -5.498918e+02
    1          1.350487e+00        -551.746396399869         -1.854583e+00
    2          7.155892e-01        -552.363642516717         -6.172461e-01
    3          2.906858e-01        -552.470528217488         -1.068857e-01
    4          1.360700e-01        -552.502006792122         -3.147857e-02
    5          1.019608e-01        -552.518771286587         -1.676449e-02
    6          4.580070e-02        -552.523923832064         -5.152545e-03
    7          4.312334e-02        -552.526186954539         -2.263122e-03
    8          2.365014e-02        -552.526726821448         -5.398669e-04
    9          1.435343e-02        -552.526912565970         -1.857445e-04
   10          8.015787e-03        -552.526981307895         -6.874193e-05
   11          3.592782e-03        -552.527000608719         -1.930082e-05
   12          2.703845e-03        -552.527006575677         -5.966958e-06
   13          1.807264e-03        -552.527009424510         -2.848833e-06
   14          1.158949e-03        -552.527010638843         -1.214333e-06
   15          6.488606e-04        -552.527011078487         -4.396439e-07
   16          2.764483e-04        -552.527011199049         -1.205626e-07
   17          1.617626e-04        -552.527011231811         -3.276205e-08
   18          9.119763e-05        -552.527011244603         -1.279216e-08
---------------------------------------------------------------------------
                      SCF converged in 18 iterations!
===========================================================================


                                                                           
***************************************************************************
***                                                                     ***
***                    Printing Molecular Properties                    ***
***                                                                     ***
***************************************************************************
                                                                           
                                                                           
===========================================================================
                                 Molecule
---------------------------------------------------------------------------
 Charge                  :                                               0
 Multiplicity            :                                               1
---------------------------------------------------------------------------
    N    Atom            :               x               y               z
---------------------------------------------------------------------------
    0       S            :        0.000000        0.827164        0.031298
    1       N            :        0.000000        0.136091        2.678993
    2       F            :        0.000000       -1.496443       -2.027937
---------------------------------------------------------------------------
 Center of mass          :        0.000000        0.000000       -0.000000
===========================================================================


===========================================================================
                         Molecular Energy (final)
---------------------------------------------------------------------------
 Kinetic energy          :            (au)                551.602873103540
 E-N energy              :            (au)              -1512.926514495779
 Coulomb energy          :            (au)                351.510812014588
 Exchange energy         :            (au)                  0.000000000000
 X-C energy              :            (au)                -42.669673936122
 Ext. field (el)         :            (au)                  0.000000000000
---------------------------------------------------------------------------
 N-N energy              :            (au)                 99.955492069169
 Ext. field (nuc)        :            (au)                  0.000000000000
---------------------------------------------------------------------------
 Electronic energy       :            (au)               -652.482503313773
 Nuclear energy          :            (au)                 99.955492069169
---------------------------------------------------------------------------
 Total energy            :            (au)             -5.525270112446e+02
                         :      (kcal/mol)             -3.467159314343e+05
                         :        (kJ/mol)             -1.450659458062e+06
                         :            (eV)             -1.503502525350e+04
===========================================================================


===========================================================================
                         Orbital Energies (final)
---------------------------------------------------------------------------
    n  Occ Spin          :                                         Epsilon
---------------------------------------------------------------------------
    0    1    a          :            (au)                -88.183712001665
    1    1    a          :            (au)                -24.290929772988
    2    1    a          :            (au)                -14.043183809971
    3    1    a          :            (au)                 -7.803506737282
    4    1    a          :            (au)                 -5.824823011940
    5    1    a          :            (au)                 -5.822524636419
    6    1    a          :            (au)                 -5.817520906561
    7    1    a          :            (au)                 -1.133086973502
    8    1    a          :            (au)                 -0.883920306440
    9    1    a          :            (au)                 -0.597346336672
   10    1    a          :            (au)                 -0.456971602335
   11    1    a          :            (au)                 -0.439561743838
   12    1    a          :            (au)                 -0.408012963283
   13    1    a          :            (au)                 -0.352084636972
   14    1    a          :            (au)                 -0.333130738810
   15    1    a          :            (au)                 -0.281466905104
   16    1    b          :            (au)                -88.183712007595
   17    1    b          :            (au)                -24.290929766898
   18    1    b          :            (au)                -14.043183815383
   19    1    b          :            (au)                 -7.803506736638
   20    1    b          :            (au)                 -5.824823003808
   21    1    b          :            (au)                 -5.822524635173
   22    1    b          :            (au)                 -5.817520904125
   23    1    b          :            (au)                 -1.133086970458
   24    1    b          :            (au)                 -0.883920308205
   25    1    b          :            (au)                 -0.597346336080
   26    1    b          :            (au)                 -0.456971601285
   27    1    b          :            (au)                 -0.439561739592
   28    1    b          :            (au)                 -0.408012964317
   29    1    b          :            (au)                 -0.352084638923
   30    1    b          :            (au)                 -0.333130741158
   31    1    b          :            (au)                 -0.281466908853
---------------------------------------------------------------------------
 Sum occupied            :            (au)               -313.343566162274
===========================================================================


===========================================================================
                           Dipole Moment (dip-1)
---------------------------------------------------------------------------
 r_O                     :        0.000000        0.000000        0.000000
---------------------------------------------------------------------------
 Electronic vector       :       -0.000033       -0.181764       -1.488694
 Magnitude               :            (au)                        1.499750
                         :         (Debye)                        3.811983
---------------------------------------------------------------------------
 Nuclear vector          :        0.000000        0.719272        1.002288
 Magnitude               :            (au)                        1.233667
                         :         (Debye)                        3.135668
---------------------------------------------------------------------------
 Total vector            :       -0.000033        0.537508       -0.486406
 Magnitude               :            (au)                        0.724918
                         :         (Debye)                        1.842557
===========================================================================


                                                                           
                                                                           
***************************************************************************
***                                                                     ***
***                            Exiting MRChem                           ***
***                                                                     ***
***                       Wall time :  0h 32m 33s                       ***
***                                                                     ***
***************************************************************************
                                                                           
                                                                           
