Starting job 3254961 on c5-52,c10-29,c11-47 at Tue Aug 10 14:39:07 CEST 2021

Copying s_17_pbe_.out to /cluster/home/ambr/projects/psp/row3/calcs/singlets
Copying s_17_pbe_.json to /cluster/home/ambr/projects/psp/row3/calcs/singlets

Task and CPU usage stats:
       JobID    JobName  AllocCPUS   NTasks     MinCPU MinCPUTask     AveCPU    Elapsed ExitCode 
------------ ---------- ---------- -------- ---------- ---------- ---------- ---------- -------- 
3254961       s_17_pbe_        120                                             00:32:41      1:0 
3254961.bat+      batch         36        1   00:00:01          0   00:00:01   00:32:41      1:0 
3254961.ext+     extern        120        3   00:00:00          2   00:00:00   00:32:41      0:0 
3254961.0      mrchem.x        120       20   00:32:34         19   01:46:51   00:32:35      0:0 

Memory usage stats:
       JobID     MaxRSS MaxRSSTask     AveRSS MaxPages   MaxPagesTask   AvePages 
------------ ---------- ---------- ---------- -------- -------------- ---------- 
3254961                                                                          
3254961.bat+     14252K          0     14252K        0              0          0 
3254961.ext+          0          2          0        0              2          0 
3254961.0      5956440K          7 4712439398        0             19          0 

Disk usage stats:
       JobID  MaxDiskRead MaxDiskReadTask    AveDiskRead MaxDiskWrite MaxDiskWriteTask   AveDiskWrite 
------------ ------------ --------------- -------------- ------------ ---------------- -------------- 
3254961                                                                                               
3254961.bat+        3.70M               0          3.70M        0.02M                0          0.02M 
3254961.ext+        0.00M               2          0.00M            0                2              0 
3254961.0           2.67M              18          2.48M      141.23M                7         83.90M 

Job 3254961 completed at Tue Aug 10 15:11:47 CEST 2021
