Starting job 3255876 on c5-[9,55],c11-[32,44,60] at Wed Aug 11 03:36:20 CEST 2021

Copying s_1_pbe_.out to /cluster/home/ambr/projects/psp/row3/calcs/triplets
Copying s_1_pbe_.json to /cluster/home/ambr/projects/psp/row3/calcs/triplets

Task and CPU usage stats:
       JobID    JobName  AllocCPUS   NTasks     MinCPU MinCPUTask     AveCPU    Elapsed ExitCode 
------------ ---------- ---------- -------- ---------- ---------- ---------- ---------- -------- 
3255876        s_1_pbe_        120                                             00:27:42      1:0 
3255876.bat+      batch         36        1   00:00:01          0   00:00:01   00:27:42      1:0 
3255876.ext+     extern        120        5   00:00:00          3   00:00:00   00:27:42      0:0 
3255876.0      mrchem.x        120       20   00:27:33         19   01:31:48   00:27:35      0:0 

Memory usage stats:
       JobID     MaxRSS MaxRSSTask     AveRSS MaxPages   MaxPagesTask   AvePages 
------------ ---------- ---------- ---------- -------- -------------- ---------- 
3255876                                                                          
3255876.bat+     14328K          0     14328K        0              0          0 
3255876.ext+          0          3          0        0              3          0 
3255876.0      5518204K          1 4347911577        0             13          0 

Disk usage stats:
       JobID  MaxDiskRead MaxDiskReadTask    AveDiskRead MaxDiskWrite MaxDiskWriteTask   AveDiskWrite 
------------ ------------ --------------- -------------- ------------ ---------------- -------------- 
3255876                                                                                               
3255876.bat+        3.70M               0          3.70M        0.02M                0          0.02M 
3255876.ext+        0.00M               3          0.00M            0                3              0 
3255876.0           2.67M              16          2.33M      147.15M                0         78.90M 

Job 3255876 completed at Wed Aug 11 04:04:02 CEST 2021
