Starting job 5688141 on c2-[33,38],c3-6,c5-[33,40] at Fri May 20 09:12:47 CEST 2022

Copying s_3_pbe0_.out to /cluster/home/ambr/projects/psp/row3/calcs/singlets
Copying s_3_pbe0_.json to /cluster/home/ambr/projects/psp/row3/calcs/singlets

Task and CPU usage stats:
JobID           JobName  AllocCPUS   NTasks     MinCPU MinCPUTask     AveCPU    Elapsed ExitCode 
------------ ---------- ---------- -------- ---------- ---------- ---------- ---------- -------- 
5688141       s_3_pbe0_        180                                             00:15:24      0:0 
5688141.bat+      batch         36        1   00:00:02          0   00:00:02   00:15:24      0:0 
5688141.ext+     extern        180        5   00:00:00          0   00:00:00   00:15:24      0:0 
5688141.0      mrchem.x        180       30   00:15:10         29   00:35:33   00:15:13      0:0 

Memory usage stats:
JobID            MaxRSS MaxRSSTask     AveRSS MaxPages   MaxPagesTask   AvePages 
------------ ---------- ---------- ---------- -------- -------------- ---------- 
5688141                                                                          
5688141.bat+     19272K          0     19272K        0              0          0 
5688141.ext+          0          0          0        0              0          0 
5688141.0      4852700K         29 2767306205        0             21          0 

Disk usage stats:
JobID         MaxDiskRead MaxDiskReadTask    AveDiskRead MaxDiskWrite MaxDiskWriteTask   AveDiskWrite 
------------ ------------ --------------- -------------- ------------ ---------------- -------------- 
5688141                                                                                               
5688141.bat+       16.90M               0         16.90M        0.03M                0          0.03M 
5688141.ext+        0.00M               0          0.00M            0                0              0 
5688141.0           6.75M               2          6.73M       59.17M               14         31.34M 

Job 5688141 completed at Fri May 20 09:28:11 CEST 2022
