Starting job 3254963 on c11-[30,32,37,39-40] at Tue Aug 10 14:46:06 CEST 2021

Copying s_4_pbe_.out to /cluster/home/ambr/projects/psp/row3/calcs/singlets
Copying s_4_pbe_.json to /cluster/home/ambr/projects/psp/row3/calcs/singlets

Task and CPU usage stats:
       JobID    JobName  AllocCPUS   NTasks     MinCPU MinCPUTask     AveCPU    Elapsed ExitCode 
------------ ---------- ---------- -------- ---------- ---------- ---------- ---------- -------- 
3254963        s_4_pbe_        120                                             00:23:43      1:0 
3254963.bat+      batch         12        1   00:00:01          0   00:00:01   00:23:43      1:0 
3254963.ext+     extern        120        5   00:00:00          1   00:00:00   00:23:43      0:0 
3254963.0      mrchem.x        120       20   00:23:37         19   01:18:44   00:23:38      0:0 

Memory usage stats:
       JobID     MaxRSS MaxRSSTask     AveRSS MaxPages   MaxPagesTask   AvePages 
------------ ---------- ---------- ---------- -------- -------------- ---------- 
3254963                                                                          
3254963.bat+     14328K          0     14328K        0              0          0 
3254963.ext+          0          1          0        0              1          0 
3254963.0      5689816K         17 4759659724        0              2          0 

Disk usage stats:
       JobID  MaxDiskRead MaxDiskReadTask    AveDiskRead MaxDiskWrite MaxDiskWriteTask   AveDiskWrite 
------------ ------------ --------------- -------------- ------------ ---------------- -------------- 
3254963                                                                                               
3254963.bat+        3.73M               0          3.73M        0.02M                0          0.02M 
3254963.ext+        0.00M               1          0.00M            0                1              0 
3254963.0           2.67M               0          2.66M      143.23M                0         85.17M 

Job 3254963 completed at Tue Aug 10 15:09:50 CEST 2021
