                                                                           
                                                                           
***************************************************************************
***                                                                     ***
***                                                                     ***
***          __  __ ____   ____ _                                       ***
***         |  \/  |  _ \ / ___| |__   ___ _ __ ___                     ***
***         | |\/| | |_) | |   | '_ \ / _ \ '_ ` _ \                    ***
***         | |  | |  _ <| |___| | | |  __/ | | | | |                   ***
***         |_|  |_|_| \_\\____|_| |_|\___|_| |_| |_|                   ***
***                                                                     ***
***         VERSION            1.0.1                                    ***
***                                                                     ***
***         Git branch         HEAD                                     ***
***         Git commit hash    9309e3e1e52e5319b766-dirty               ***
***         Git commit author  Stig Rune Jensen                         ***
***         Git commit date    Fri Dec 4 16:08:55 2020 +0100            ***
***                                                                     ***
***         Contact: luca.frediani@uit.no                               ***
***                                                                     ***
***         Radovan Bast            Magnar Bjorgve                      ***
***         Roberto Di Remigio      Antoine Durdek                      ***
***         Luca Frediani           Gabriel Gerez                       ***
***         Stig Rune Jensen        Jonas Juselius                      ***
***         Rune Monstad            Peter Wind                          ***
***                                                                     ***
***************************************************************************

---------------------------------------------------------------------------

 MPI processes           :        (1 bank)                              20
 OpenMP threads          :                                               6
 Total cores             :                                             120
                                                                           
---------------------------------------------------------------------------

XCFun DFT library Copyright 2009-2020 Ulf Ekstrom and contributors.
See http://dftlibs.org/xcfun/ for more information.

This is free software; see the source code for copying conditions.
There is ABSOLUTELY NO WARRANTY; not even for MERCHANTABILITY or
FITNESS FOR A PARTICULAR PURPOSE. For details see the documentation.
Scientific users of this library should cite
U. Ekstrom, L. Visscher, R. Bast, A. J. Thorvaldsen and K. Ruud;
J.Chem.Theor.Comp. 2010, DOI: 10.1021/ct100117s

---------------------------------------------------------------------------

 MRCPP version         : 1.3.6
 Git branch            : HEAD
 Git commit hash       : 9309e3e1e52e5319b766-dirty
 Git commit author     : Stig Rune Jensen
 Git commit date       : Fri Dec 4 16:08:55 2020 +0100

 Linear algebra        : EIGEN v3.3.7
 Parallelization       : MPI/OpenMP (6 threads)

---------------------------------------------------------------------------


                                                                           
===========================================================================
                         MultiResolution Analysis
---------------------------------------------------------------------------
 polynomial order      : 9
 polynomial type       : Interpolating
---------------------------------------------------------------------------
 total boxes           : 8
 boxes                 : [          2           2           2 ]
 unit lengths          : [   32.00000    32.00000    32.00000 ]
 scaling factor        : [    1.00000     1.00000     1.00000 ]
 lower bounds          : [  -32.00000   -32.00000   -32.00000 ]
 upper bounds          : [   32.00000    32.00000    32.00000 ]
 total length          : [   64.00000    64.00000    64.00000 ]
===========================================================================


                                                                           
***************************************************************************
***                                                                     ***
***                        Initializing Molecule                        ***
***                                                                     ***
***************************************************************************
                                                                           
                                                                           
===========================================================================
                                 Molecule
---------------------------------------------------------------------------
 Charge                  :                                               0
 Multiplicity            :                                               2
---------------------------------------------------------------------------
    N    Atom            :               x               y               z
---------------------------------------------------------------------------
    0       S            :        0.000000        0.000000       -1.124207
    1       F            :        0.000000        0.000000        1.897465
---------------------------------------------------------------------------
 Center of mass          :        0.000000        0.000000       -0.000000
===========================================================================


                                                                           
***************************************************************************
***                                                                     ***
***                 Computing Ground State Wavefunction                 ***
***                                                                     ***
***************************************************************************
                                                                           
                                                                           
~~~~~~~~~~~~~~~~~~~~~~~~~~~~~~~~~~~~~~~~~~~~~~~~~~~~~~~~~~~~~~~~~~~~~~~~~~~
 Calculation             : Compute initial orbitals
 Method                  : Diagonalize SAD Hamiltonian
 Precision               : 1.00000e-04
 Restricted              : False
 Functional              : LDA (SVWN5)
 AO basis                : Hydrogenic orbitals
 Zeta quality            : 2
~~~~~~~~~~~~~~~~~~~~~~~~~~~~~~~~~~~~~~~~~~~~~~~~~~~~~~~~~~~~~~~~~~~~~~~~~~~


===========================================================================
                            Molecular Orbitals
---------------------------------------------------------------------------
 Alpha electrons         :                                              13
 Beta electrons          :                                              12
 Total electrons         :                                              25
---------------------------------------------------------------------------
    n  Occ Spin          :                                            Norm
---------------------------------------------------------------------------
    0    1    a          :                              9.999997818150e-01
    1    1    a          :                              9.999999874025e-01
    2    1    a          :                              9.999999998002e-01
    3    1    a          :                              9.999999440653e-01
    4    1    a          :                              9.999982555725e-01
    5    1    a          :                              9.999983817200e-01
    6    1    a          :                              1.000003488458e+00
    7    1    a          :                              1.000000010211e+00
    8    1    a          :                              9.999999987646e-01
    9    1    a          :                              1.000000002096e+00
   10    1    a          :                              1.000000001903e+00
   11    1    a          :                              9.999999982327e-01
   12    1    a          :                              1.000000000440e+00
   13    1    b          :                              9.999997818150e-01
   14    1    b          :                              9.999999874025e-01
   15    1    b          :                              9.999999998002e-01
   16    1    b          :                              9.999999440653e-01
   17    1    b          :                              9.999983060125e-01
   18    1    b          :                              9.999978827151e-01
   19    1    b          :                              1.000003488458e+00
   20    1    b          :                              1.000000010211e+00
   21    1    b          :                              9.999999987646e-01
   22    1    b          :                              9.999999988909e-01
   23    1    b          :                              1.000000002261e+00
   24    1    b          :                              9.999999990965e-01
===========================================================================


~~~~~~~~~~~~~~~~~~~~~~~~~~~~~~~~~~~~~~~~~~~~~~~~~~~~~~~~~~~~~~~~~~~~~~~~~~~
 Calculation             : Compute initial energy
 Method                  : DFT (PBE)
 Precision               : 1.00000e-04
 Localization            : On
~~~~~~~~~~~~~~~~~~~~~~~~~~~~~~~~~~~~~~~~~~~~~~~~~~~~~~~~~~~~~~~~~~~~~~~~~~~


===========================================================================
                        Molecular Energy (initial)
---------------------------------------------------------------------------
 Kinetic energy          :            (au)                525.627524782858
 E-N energy              :            (au)              -1320.926180221157
 Coulomb energy          :            (au)                289.855468301279
 Exchange energy         :            (au)                  0.000000000000
 X-C energy              :            (au)                -37.389767304560
 Ext. field (el)         :            (au)                  0.000000000000
---------------------------------------------------------------------------
 N-N energy              :            (au)                 47.655737241642
 Ext. field (nuc)        :            (au)                  0.000000000000
---------------------------------------------------------------------------
 Electronic energy       :            (au)               -542.832954441579
 Nuclear energy          :            (au)                 47.655737241642
---------------------------------------------------------------------------
 Total energy            :            (au)             -4.951772171999e+02
                         :      (kcal/mol)             -3.107283926260e+05
                         :        (kJ/mol)             -1.300087595591e+06
                         :            (eV)             -1.347445792521e+04
===========================================================================


===========================================================================
                        Orbital Energies (initial)
---------------------------------------------------------------------------
    n  Occ Spin          :                                         Epsilon
---------------------------------------------------------------------------
    0    1    a          :            (au)                -86.793329774960
    1    1    a          :            (au)                -23.404876958503
    2    1    a          :            (au)                 -6.902475559961
    3    1    a          :            (au)                 -4.959643212404
    4    1    a          :            (au)                 -4.948170948906
    5    1    a          :            (au)                 -4.902416168130
    6    1    a          :            (au)                 -0.714974672741
    7    1    a          :            (au)                 -0.177746022407
    8    1    a          :            (au)                  0.030406338309
    9    1    a          :            (au)                  0.037193118259
   10    1    a          :            (au)                  0.050522378807
   11    1    a          :            (au)                  0.390505212507
   12    1    a          :            (au)                  0.469924523845
   13    1    b          :            (au)                -86.782896532850
   14    1    b          :            (au)                -23.403790324907
   15    1    b          :            (au)                 -6.892108695971
   16    1    b          :            (au)                 -4.953279688738
   17    1    b          :            (au)                 -4.918791548187
   18    1    b          :            (au)                 -4.896425025091
   19    1    b          :            (au)                 -0.711133640325
   20    1    b          :            (au)                 -0.147277417595
   21    1    b          :            (au)                  0.036780041492
   22    1    b          :            (au)                  0.038499981342
   23    1    b          :            (au)                  0.078319850904
   24    1    b          :            (au)                  0.494990977994
---------------------------------------------------------------------------
 Sum occupied            :            (au)               -263.882193768217
===========================================================================


~~~~~~~~~~~~~~~~~~~~~~~~~~~~~~~~~~~~~~~~~~~~~~~~~~~~~~~~~~~~~~~~~~~~~~~~~~~
 Calculation             : Optimize ground state orbitals
 Method                  : DFT (PBE)
 Checkpointing           : Off
 Max iterations          : 200
 KAIN solver             : 10
 Localization            : First two iterations
 Diagonalization         : Off
 Start precision         : 1.00000e-06
 Final precision         : 1.00000e-06
 Helmholtz precision     : Dynamic
 Energy threshold        : 1.00000e-06
 Orbital threshold       : 5.00000e-05
~~~~~~~~~~~~~~~~~~~~~~~~~~~~~~~~~~~~~~~~~~~~~~~~~~~~~~~~~~~~~~~~~~~~~~~~~~~


===========================================================================
 Iter           MO residual             Total energy                Update
---------------------------------------------------------------------------
    0          5.000000e+00        -495.177217199937         -4.951772e+02
    1          9.196452e-01        -497.448870990472         -2.271654e+00
    2          4.690034e-01        -497.730665503780         -2.817945e-01
    3          1.383829e-01        -497.766750989152         -3.608549e-02
    4          5.886095e-02        -497.775180588904         -8.429600e-03
    5          4.767605e-02        -497.779418402561         -4.237814e-03
    6          1.936238e-02        -497.780320885558         -9.024830e-04
    7          2.546590e-02        -497.780846160350         -5.252748e-04
    8          1.301548e-02        -497.780944438050         -9.827770e-05
    9          7.733508e-03        -497.780984381745         -3.994370e-05
   10          6.848876e-03        -497.781010804814         -2.642307e-05
   11          2.161310e-03        -497.781014658154         -3.853340e-06
   12          1.597694e-03        -497.781016493031         -1.834877e-06
   13          1.035813e-03        -497.781017555440         -1.062409e-06
   14          4.051445e-04        -497.781017658428         -1.029880e-07
   15          2.913270e-04        -497.781017793771         -1.353437e-07
   16          9.515201e-05        -497.781017817291         -2.351942e-08
---------------------------------------------------------------------------
                      SCF converged in 16 iterations!
===========================================================================


                                                                           
***************************************************************************
***                                                                     ***
***                    Printing Molecular Properties                    ***
***                                                                     ***
***************************************************************************
                                                                           
                                                                           
===========================================================================
                                 Molecule
---------------------------------------------------------------------------
 Charge                  :                                               0
 Multiplicity            :                                               2
---------------------------------------------------------------------------
    N    Atom            :               x               y               z
---------------------------------------------------------------------------
    0       S            :        0.000000        0.000000       -1.124207
    1       F            :        0.000000        0.000000        1.897465
---------------------------------------------------------------------------
 Center of mass          :        0.000000        0.000000       -0.000000
===========================================================================


===========================================================================
                         Molecular Energy (final)
---------------------------------------------------------------------------
 Kinetic energy          :            (au)                497.025308397771
 E-N energy              :            (au)              -1280.510931066594
 Coulomb energy          :            (au)                273.872517465168
 Exchange energy         :            (au)                  0.000000000000
 X-C energy              :            (au)                -35.823649855277
 Ext. field (el)         :            (au)                  0.000000000000
---------------------------------------------------------------------------
 N-N energy              :            (au)                 47.655737241642
 Ext. field (nuc)        :            (au)                  0.000000000000
---------------------------------------------------------------------------
 Electronic energy       :            (au)               -545.436755058933
 Nuclear energy          :            (au)                 47.655737241642
---------------------------------------------------------------------------
 Total energy            :            (au)             -4.977810178173e+02
                         :      (kcal/mol)             -3.123623021688e+05
                         :        (kJ/mol)             -1.306923873123e+06
                         :            (eV)             -1.354531094641e+04
===========================================================================


===========================================================================
                         Orbital Energies (final)
---------------------------------------------------------------------------
    n  Occ Spin          :                                         Epsilon
---------------------------------------------------------------------------
    0    1    a          :            (au)                -88.131244038764
    1    1    a          :            (au)                -24.315204536856
    2    1    a          :            (au)                 -7.753703659712
    3    1    a          :            (au)                 -5.778903519365
    4    1    a          :            (au)                 -5.777964497555
    5    1    a          :            (au)                 -5.760231129592
    6    1    a          :            (au)                 -1.155680469753
    7    1    a          :            (au)                 -0.667360543972
    8    1    a          :            (au)                 -0.465572398562
    9    1    a          :            (au)                 -0.448604074823
   10    1    a          :            (au)                 -0.431070596624
   11    1    a          :            (au)                 -0.269147115977
   12    1    a          :            (au)                 -0.228164734477
   13    1    b          :            (au)                -88.126825167166
   14    1    b          :            (au)                -24.311443680647
   15    1    b          :            (au)                 -7.749318141000
   16    1    b          :            (au)                 -5.776273921381
   17    1    b          :            (au)                 -5.764996050273
   18    1    b          :            (au)                 -5.757625375408
   19    1    b          :            (au)                 -1.148410918693
   20    1    b          :            (au)                 -0.642047097152
   21    1    b          :            (au)                 -0.451031117730
   22    1    b          :            (au)                 -0.427440412656
   23    1    b          :            (au)                 -0.427378008345
   24    1    b          :            (au)                 -0.217440344683
---------------------------------------------------------------------------
 Sum occupied            :            (au)               -281.983081551162
===========================================================================


===========================================================================
                           Dipole Moment (dip-1)
---------------------------------------------------------------------------
 r_O                     :        0.000000        0.000000        0.000000
---------------------------------------------------------------------------
 Electronic vector       :        0.000003        0.000005        0.699755
 Magnitude               :            (au)                        0.699755
                         :         (Debye)                        1.778599
---------------------------------------------------------------------------
 Nuclear vector          :        0.000000        0.000000       -0.910119
 Magnitude               :            (au)                        0.910119
                         :         (Debye)                        2.313291
---------------------------------------------------------------------------
 Total vector            :        0.000003        0.000005       -0.210364
 Magnitude               :            (au)                        0.210364
                         :         (Debye)                        0.534692
===========================================================================


                                                                           
                                                                           
***************************************************************************
***                                                                     ***
***                            Exiting MRChem                           ***
***                                                                     ***
***                       Wall time :  0h 19m 38s                       ***
***                                                                     ***
***************************************************************************
                                                                           
                                                                           
