                                                                           
                                                                           
***************************************************************************
***                                                                     ***
***                                                                     ***
***          __  __ ____   ____ _                                       ***
***         |  \/  |  _ \ / ___| |__   ___ _ __ ___                     ***
***         | |\/| | |_) | |   | '_ \ / _ \ '_ ` _ \                    ***
***         | |  | |  _ <| |___| | | |  __/ | | | | |                   ***
***         |_|  |_|_| \_\\____|_| |_|\___|_| |_| |_|                   ***
***                                                                     ***
***         VERSION            1.0.1                                    ***
***                                                                     ***
***         Git branch         HEAD                                     ***
***         Git commit hash    9309e3e1e52e5319b766-dirty               ***
***         Git commit author  Stig Rune Jensen                         ***
***         Git commit date    Fri Dec 4 16:08:55 2020 +0100            ***
***                                                                     ***
***         Contact: luca.frediani@uit.no                               ***
***                                                                     ***
***         Radovan Bast            Magnar Bjorgve                      ***
***         Roberto Di Remigio      Antoine Durdek                      ***
***         Luca Frediani           Gabriel Gerez                       ***
***         Stig Rune Jensen        Jonas Juselius                      ***
***         Rune Monstad            Peter Wind                          ***
***                                                                     ***
***************************************************************************

---------------------------------------------------------------------------

 MPI processes           :        (1 bank)                              20
 OpenMP threads          :                                               6
 Total cores             :                                             120
                                                                           
---------------------------------------------------------------------------

XCFun DFT library Copyright 2009-2020 Ulf Ekstrom and contributors.
See http://dftlibs.org/xcfun/ for more information.

This is free software; see the source code for copying conditions.
There is ABSOLUTELY NO WARRANTY; not even for MERCHANTABILITY or
FITNESS FOR A PARTICULAR PURPOSE. For details see the documentation.
Scientific users of this library should cite
U. Ekstrom, L. Visscher, R. Bast, A. J. Thorvaldsen and K. Ruud;
J.Chem.Theor.Comp. 2010, DOI: 10.1021/ct100117s

---------------------------------------------------------------------------

 MRCPP version         : 1.3.6
 Git branch            : HEAD
 Git commit hash       : 9309e3e1e52e5319b766-dirty
 Git commit author     : Stig Rune Jensen
 Git commit date       : Fri Dec 4 16:08:55 2020 +0100

 Linear algebra        : EIGEN v3.3.7
 Parallelization       : MPI/OpenMP (6 threads)

---------------------------------------------------------------------------


                                                                           
===========================================================================
                         MultiResolution Analysis
---------------------------------------------------------------------------
 polynomial order      : 9
 polynomial type       : Interpolating
---------------------------------------------------------------------------
 total boxes           : 8
 boxes                 : [          2           2           2 ]
 unit lengths          : [   32.00000    32.00000    32.00000 ]
 scaling factor        : [    1.00000     1.00000     1.00000 ]
 lower bounds          : [  -32.00000   -32.00000   -32.00000 ]
 upper bounds          : [   32.00000    32.00000    32.00000 ]
 total length          : [   64.00000    64.00000    64.00000 ]
===========================================================================


                                                                           
***************************************************************************
***                                                                     ***
***                        Initializing Molecule                        ***
***                                                                     ***
***************************************************************************
                                                                           
                                                                           
===========================================================================
                                 Molecule
---------------------------------------------------------------------------
 Charge                  :                                               0
 Multiplicity            :                                               1
---------------------------------------------------------------------------
    N    Atom            :               x               y               z
---------------------------------------------------------------------------
    0       F            :        0.000000       -0.900341        2.264837
    1       F            :        0.000000       -0.900341       -2.264837
    2       S            :        0.000000        1.066864        0.000000
---------------------------------------------------------------------------
 Center of mass          :        0.000000        0.000000       -0.000000
===========================================================================


                                                                           
***************************************************************************
***                                                                     ***
***                 Computing Ground State Wavefunction                 ***
***                                                                     ***
***************************************************************************
                                                                           
                                                                           
~~~~~~~~~~~~~~~~~~~~~~~~~~~~~~~~~~~~~~~~~~~~~~~~~~~~~~~~~~~~~~~~~~~~~~~~~~~
 Calculation             : Compute initial orbitals
 Method                  : Diagonalize SAD Hamiltonian
 Precision               : 1.00000e-04
 Restricted              : False
 Functional              : LDA (SVWN5)
 AO basis                : Hydrogenic orbitals
 Zeta quality            : 2
~~~~~~~~~~~~~~~~~~~~~~~~~~~~~~~~~~~~~~~~~~~~~~~~~~~~~~~~~~~~~~~~~~~~~~~~~~~


===========================================================================
                            Molecular Orbitals
---------------------------------------------------------------------------
 Alpha electrons         :                                              17
 Beta electrons          :                                              17
 Total electrons         :                                              34
---------------------------------------------------------------------------
    n  Occ Spin          :                                            Norm
---------------------------------------------------------------------------
    0    1    a          :                              1.000000052729e+00
    1    1    a          :                              9.999998054549e-01
    2    1    a          :                              9.999998298958e-01
    3    1    a          :                              1.000000001293e+00
    4    1    a          :                              1.000000677870e+00
    5    1    a          :                              9.999976761238e-01
    6    1    a          :                              9.999984496642e-01
    7    1    a          :                              9.999958672981e-01
    8    1    a          :                              1.000002079122e+00
    9    1    a          :                              1.000006481263e+00
   10    1    a          :                              9.999919748387e-01
   11    1    a          :                              1.000000266957e+00
   12    1    a          :                              1.000005012416e+00
   13    1    a          :                              1.000002585976e+00
   14    1    a          :                              9.999987858952e-01
   15    1    a          :                              9.999988946838e-01
   16    1    a          :                              9.999998090069e-01
   17    1    b          :                              9.999999651827e-01
   18    1    b          :                              9.999998054925e-01
   19    1    b          :                              9.999988272660e-01
   20    1    b          :                              1.000000001336e+00
   21    1    b          :                              1.000000677869e+00
   22    1    b          :                              9.999976761245e-01
   23    1    b          :                              9.999984496642e-01
   24    1    b          :                              9.999958650763e-01
   25    1    b          :                              1.000002381410e+00
   26    1    b          :                              1.000006486440e+00
   27    1    b          :                              9.999920139286e-01
   28    1    b          :                              9.999924299523e-01
   29    1    b          :                              1.000005013911e+00
   30    1    b          :                              1.000002586043e+00
   31    1    b          :                              9.999994034573e-01
   32    1    b          :                              9.999988951799e-01
   33    1    b          :                              9.999998098145e-01
===========================================================================


~~~~~~~~~~~~~~~~~~~~~~~~~~~~~~~~~~~~~~~~~~~~~~~~~~~~~~~~~~~~~~~~~~~~~~~~~~~
 Calculation             : Compute initial energy
 Method                  : DFT (PBE)
 Precision               : 1.00000e-04
 Localization            : On
~~~~~~~~~~~~~~~~~~~~~~~~~~~~~~~~~~~~~~~~~~~~~~~~~~~~~~~~~~~~~~~~~~~~~~~~~~~


===========================================================================
                        Molecular Energy (initial)
---------------------------------------------------------------------------
 Kinetic energy          :            (au)                628.954401639908
 E-N energy              :            (au)              -1694.090195824356
 Coulomb energy          :            (au)                404.188349236028
 Exchange energy         :            (au)                  0.000000000000
 X-C energy              :            (au)                -47.978564626733
 Ext. field (el)         :            (au)                  0.000000000000
---------------------------------------------------------------------------
 N-N energy              :            (au)                113.885394985552
 Ext. field (nuc)        :            (au)                  0.000000000000
---------------------------------------------------------------------------
 Electronic energy       :            (au)               -708.926009575153
 Nuclear energy          :            (au)                113.885394985552
---------------------------------------------------------------------------
 Total energy            :            (au)             -5.950406145896e+02
                         :      (kcal/mol)             -3.733936200946e+05
                         :        (kJ/mol)             -1.562278907490e+06
                         :            (eV)             -1.619187928399e+04
===========================================================================


===========================================================================
                        Orbital Energies (initial)
---------------------------------------------------------------------------
    n  Occ Spin          :                                         Epsilon
---------------------------------------------------------------------------
    0    1    a          :            (au)                -87.254184371189
    1    1    a          :            (au)                -23.483565709643
    2    1    a          :            (au)                -23.469717151871
    3    1    a          :            (au)                 -7.273776311101
    4    1    a          :            (au)                 -5.333655295970
    5    1    a          :            (au)                 -5.328380827515
    6    1    a          :            (au)                 -5.275342580170
    7    1    a          :            (au)                 -0.838105646394
    8    1    a          :            (au)                 -0.775353555517
    9    1    a          :            (au)                 -0.323393025219
   10    1    a          :            (au)                 -0.134234417711
   11    1    a          :            (au)                 -0.070681647053
   12    1    a          :            (au)                 -0.054339808437
   13    1    a          :            (au)                 -0.018146297705
   14    1    a          :            (au)                 -0.008294384175
   15    1    a          :            (au)                  0.013858970708
   16    1    a          :            (au)                  0.283254744465
   17    1    b          :            (au)                -87.254226853387
   18    1    b          :            (au)                -23.483569135485
   19    1    b          :            (au)                -23.469289047358
   20    1    b          :            (au)                 -7.273776134354
   21    1    b          :            (au)                 -5.333655602649
   22    1    b          :            (au)                 -5.328379004692
   23    1    b          :            (au)                 -5.275342581495
   24    1    b          :            (au)                 -0.838107001058
   25    1    b          :            (au)                 -0.775355950898
   26    1    b          :            (au)                 -0.323393840287
   27    1    b          :            (au)                 -0.134209633359
   28    1    b          :            (au)                 -0.070686547102
   29    1    b          :            (au)                 -0.054339266678
   30    1    b          :            (au)                 -0.018137230046
   31    1    b          :            (au)                 -0.008296587753
   32    1    b          :            (au)                  0.013880494689
   33    1    b          :            (au)                  0.283254546175
---------------------------------------------------------------------------
 Sum occupied            :            (au)               -318.687686690238
===========================================================================


~~~~~~~~~~~~~~~~~~~~~~~~~~~~~~~~~~~~~~~~~~~~~~~~~~~~~~~~~~~~~~~~~~~~~~~~~~~
 Calculation             : Optimize ground state orbitals
 Method                  : DFT (PBE)
 Checkpointing           : Off
 Max iterations          : 200
 KAIN solver             : 10
 Localization            : First two iterations
 Diagonalization         : Off
 Start precision         : 1.00000e-06
 Final precision         : 1.00000e-06
 Helmholtz precision     : Dynamic
 Energy threshold        : 1.00000e-06
 Orbital threshold       : 5.00000e-05
~~~~~~~~~~~~~~~~~~~~~~~~~~~~~~~~~~~~~~~~~~~~~~~~~~~~~~~~~~~~~~~~~~~~~~~~~~~


===========================================================================
 Iter           MO residual             Total energy                Update
---------------------------------------------------------------------------
    0          5.830952e+00        -595.040614589600         -5.950406e+02
    1          1.805508e+00        -596.130436873642         -1.089822e+00
    2          8.490173e-01        -597.348346942601         -1.217910e+00
    3          3.472216e-01        -597.521069850415         -1.727229e-01
    4          2.383036e-01        -597.574939656135         -5.386981e-02
    5          1.864239e-01        -597.606962121235         -3.202247e-02
    6          4.717956e-02        -597.609996056593         -3.033935e-03
    7          2.761033e-02        -597.611214878931         -1.218822e-03
    8          1.799041e-02        -597.611685093518         -4.702146e-04
    9          1.057642e-02        -597.611855857044         -1.707635e-04
   10          1.012492e-02        -597.611965651482         -1.097944e-04
   11          9.075838e-03        -597.612025834083         -6.018260e-05
   12          9.748682e-03        -597.612075641199         -4.980712e-05
   13          7.447883e-03        -597.612101693535         -2.605234e-05
   14          5.069955e-03        -597.612116332844         -1.463931e-05
   15          2.570428e-03        -597.612122398365         -6.065520e-06
   16          1.567164e-03        -597.612124873513         -2.475148e-06
   17          9.327000e-04        -597.612125966992         -1.093479e-06
   18          8.535041e-04        -597.612126620301         -6.533088e-07
   19          4.810588e-04        -597.612126909097         -2.887959e-07
   20          3.428197e-04        -597.612127033733         -1.246359e-07
   21          2.964470e-04        -597.612127109505         -7.577250e-08
   22          1.899802e-04        -597.612127142373         -3.286766e-08
   23          1.620090e-04        -597.612127167620         -2.524700e-08
   24          1.195189e-04        -597.612127180746         -1.312628e-08
---------------------------------------------------------------------------
                      SCF converged in 24 iterations!
===========================================================================


                                                                           
***************************************************************************
***                                                                     ***
***                    Printing Molecular Properties                    ***
***                                                                     ***
***************************************************************************
                                                                           
                                                                           
===========================================================================
                                 Molecule
---------------------------------------------------------------------------
 Charge                  :                                               0
 Multiplicity            :                                               1
---------------------------------------------------------------------------
    N    Atom            :               x               y               z
---------------------------------------------------------------------------
    0       F            :        0.000000       -0.900341        2.264837
    1       F            :        0.000000       -0.900341       -2.264837
    2       S            :        0.000000        1.066864        0.000000
---------------------------------------------------------------------------
 Center of mass          :        0.000000        0.000000       -0.000000
===========================================================================


===========================================================================
                         Molecular Energy (final)
---------------------------------------------------------------------------
 Kinetic energy          :            (au)                596.649369675268
 E-N energy              :            (au)              -1651.107682012359
 Coulomb energy          :            (au)                389.195711765527
 Exchange energy         :            (au)                  0.000000000000
 X-C energy              :            (au)                -46.234921594734
 Ext. field (el)         :            (au)                  0.000000000000
---------------------------------------------------------------------------
 N-N energy              :            (au)                113.885394985552
 Ext. field (nuc)        :            (au)                  0.000000000000
---------------------------------------------------------------------------
 Electronic energy       :            (au)               -711.497522166298
 Nuclear energy          :            (au)                113.885394985552
---------------------------------------------------------------------------
 Total energy            :            (au)             -5.976121271807e+02
                         :      (kcal/mol)             -3.750072685952e+05
                         :        (kJ/mol)             -1.569030412820e+06
                         :            (eV)             -1.626185370326e+04
===========================================================================


===========================================================================
                         Orbital Energies (final)
---------------------------------------------------------------------------
    n  Occ Spin          :                                         Epsilon
---------------------------------------------------------------------------
    0    1    a          :            (au)                -88.171326140845
    1    1    a          :            (au)                -24.309330669517
    2    1    a          :            (au)                -24.309327203562
    3    1    a          :            (au)                 -7.789419628010
    4    1    a          :            (au)                 -5.815949066071
    5    1    a          :            (au)                 -5.811431883156
    6    1    a          :            (au)                 -5.795026799555
    7    1    a          :            (au)                 -1.177696922549
    8    1    a          :            (au)                 -1.136623800787
    9    1    a          :            (au)                 -0.677478107992
   10    1    a          :            (au)                 -0.524318051139
   11    1    a          :            (au)                 -0.476636890209
   12    1    a          :            (au)                 -0.455093369575
   13    1    a          :            (au)                 -0.407247695302
   14    1    a          :            (au)                 -0.398313620503
   15    1    a          :            (au)                 -0.390877098383
   16    1    a          :            (au)                 -0.211997126478
   17    1    b          :            (au)                -88.171326140891
   18    1    b          :            (au)                -24.309330669143
   19    1    b          :            (au)                -24.309327203637
   20    1    b          :            (au)                 -7.789419628216
   21    1    b          :            (au)                 -5.815949066184
   22    1    b          :            (au)                 -5.811431883255
   23    1    b          :            (au)                 -5.795026799662
   24    1    b          :            (au)                 -1.177696922043
   25    1    b          :            (au)                 -1.136623799972
   26    1    b          :            (au)                 -0.677478108248
   27    1    b          :            (au)                 -0.524318050372
   28    1    b          :            (au)                 -0.476636889958
   29    1    b          :            (au)                 -0.455093369483
   30    1    b          :            (au)                 -0.407247694902
   31    1    b          :            (au)                 -0.398313619442
   32    1    b          :            (au)                 -0.390877097602
   33    1    b          :            (au)                 -0.211997126322
---------------------------------------------------------------------------
 Sum occupied            :            (au)               -335.716188142962
===========================================================================


===========================================================================
                           Dipole Moment (dip-1)
---------------------------------------------------------------------------
 r_O                     :        0.000000        0.000000        0.000000
---------------------------------------------------------------------------
 Electronic vector       :       -0.000019       -0.549961        0.000004
 Magnitude               :            (au)                        0.549961
                         :         (Debye)                        1.397862
---------------------------------------------------------------------------
 Nuclear vector          :        0.000000        0.863696        0.000000
 Magnitude               :            (au)                        0.863696
                         :         (Debye)                        2.195297
---------------------------------------------------------------------------
 Total vector            :       -0.000019        0.313735        0.000004
 Magnitude               :            (au)                        0.313735
                         :         (Debye)                        0.797435
===========================================================================


                                                                           
                                                                           
***************************************************************************
***                                                                     ***
***                            Exiting MRChem                           ***
***                                                                     ***
***                       Wall time :  0h 41m  8s                       ***
***                                                                     ***
***************************************************************************
                                                                           
                                                                           
