Starting job 3255857 on c11-[5,10,19] at Tue Aug 10 16:41:56 CEST 2021

Copying s_7_pbe_.out to /cluster/home/ambr/projects/psp/row3/calcs/doublets
Copying s_7_pbe_.json to /cluster/home/ambr/projects/psp/row3/calcs/doublets

Task and CPU usage stats:
       JobID    JobName  AllocCPUS   NTasks     MinCPU MinCPUTask     AveCPU    Elapsed ExitCode 
------------ ---------- ---------- -------- ---------- ---------- ---------- ---------- -------- 
3255857        s_7_pbe_        120                                             01:01:25      1:0 
3255857.bat+      batch         42        1   00:00:02          0   00:00:02   01:01:25      1:0 
3255857.ext+     extern        120        3   00:00:00          1   00:00:00   01:01:25      0:0 
3255857.0      mrchem.x        120       20   01:01:16         19   03:30:38   01:01:18      0:0 

Memory usage stats:
       JobID     MaxRSS MaxRSSTask     AveRSS MaxPages   MaxPagesTask   AvePages 
------------ ---------- ---------- ---------- -------- -------------- ---------- 
3255857                                                                          
3255857.bat+     14232K          0     14232K        0              0          0 
3255857.ext+          0          1          0        0              1          0 
3255857.0      7933700K          4 6673818828        0             19          0 

Disk usage stats:
       JobID  MaxDiskRead MaxDiskReadTask    AveDiskRead MaxDiskWrite MaxDiskWriteTask   AveDiskWrite 
------------ ------------ --------------- -------------- ------------ ---------------- -------------- 
3255857                                                                                               
3255857.bat+        3.73M               0          3.73M        0.02M                0          0.02M 
3255857.ext+        0.00M               1          0.00M            0                1              0 
3255857.0           2.67M               0          2.67M      194.15M                4        125.45M 

Job 3255857 completed at Tue Aug 10 17:43:20 CEST 2021
