                                                                           
                                                                           
***************************************************************************
***                                                                     ***
***                                                                     ***
***          __  __ ____   ____ _                                       ***
***         |  \/  |  _ \ / ___| |__   ___ _ __ ___                     ***
***         | |\/| | |_) | |   | '_ \ / _ \ '_ ` _ \                    ***
***         | |  | |  _ <| |___| | | |  __/ | | | | |                   ***
***         |_|  |_|_| \_\\____|_| |_|\___|_| |_| |_|                   ***
***                                                                     ***
***         VERSION            1.0.1                                    ***
***                                                                     ***
***         Git branch         HEAD                                     ***
***         Git commit hash    9309e3e1e52e5319b766-dirty               ***
***         Git commit author  Stig Rune Jensen                         ***
***         Git commit date    Fri Dec 4 16:08:55 2020 +0100            ***
***                                                                     ***
***         Contact: luca.frediani@uit.no                               ***
***                                                                     ***
***         Radovan Bast            Magnar Bjorgve                      ***
***         Roberto Di Remigio      Antoine Durdek                      ***
***         Luca Frediani           Gabriel Gerez                       ***
***         Stig Rune Jensen        Jonas Juselius                      ***
***         Rune Monstad            Peter Wind                          ***
***                                                                     ***
***************************************************************************

---------------------------------------------------------------------------

 MPI processes           :        (1 bank)                              20
 OpenMP threads          :                                               6
 Total cores             :                                             120
                                                                           
---------------------------------------------------------------------------

XCFun DFT library Copyright 2009-2020 Ulf Ekstrom and contributors.
See http://dftlibs.org/xcfun/ for more information.

This is free software; see the source code for copying conditions.
There is ABSOLUTELY NO WARRANTY; not even for MERCHANTABILITY or
FITNESS FOR A PARTICULAR PURPOSE. For details see the documentation.
Scientific users of this library should cite
U. Ekstrom, L. Visscher, R. Bast, A. J. Thorvaldsen and K. Ruud;
J.Chem.Theor.Comp. 2010, DOI: 10.1021/ct100117s

---------------------------------------------------------------------------

 MRCPP version         : 1.3.6
 Git branch            : HEAD
 Git commit hash       : 9309e3e1e52e5319b766-dirty
 Git commit author     : Stig Rune Jensen
 Git commit date       : Fri Dec 4 16:08:55 2020 +0100

 Linear algebra        : EIGEN v3.3.7
 Parallelization       : MPI/OpenMP (6 threads)

---------------------------------------------------------------------------


                                                                           
===========================================================================
                         MultiResolution Analysis
---------------------------------------------------------------------------
 polynomial order      : 9
 polynomial type       : Interpolating
---------------------------------------------------------------------------
 total boxes           : 8
 boxes                 : [          2           2           2 ]
 unit lengths          : [   32.00000    32.00000    32.00000 ]
 scaling factor        : [    1.00000     1.00000     1.00000 ]
 lower bounds          : [  -32.00000   -32.00000   -32.00000 ]
 upper bounds          : [   32.00000    32.00000    32.00000 ]
 total length          : [   64.00000    64.00000    64.00000 ]
===========================================================================


                                                                           
***************************************************************************
***                                                                     ***
***                        Initializing Molecule                        ***
***                                                                     ***
***************************************************************************
                                                                           
                                                                           
===========================================================================
                                 Molecule
---------------------------------------------------------------------------
 Charge                  :                                               0
 Multiplicity            :                                               1
---------------------------------------------------------------------------
    N    Atom            :               x               y               z
---------------------------------------------------------------------------
    0       S            :        0.000000        0.000000        0.715314
    1       F            :        0.000000        3.104820        0.527286
    2       F            :        0.000000       -3.104820        0.527286
    3       F            :        2.261813        0.000000       -1.130949
    4       F            :       -2.261813        0.000000       -1.130949
---------------------------------------------------------------------------
 Center of mass          :        0.000000        0.000000        0.000000
===========================================================================


                                                                           
***************************************************************************
***                                                                     ***
***                 Computing Ground State Wavefunction                 ***
***                                                                     ***
***************************************************************************
                                                                           
                                                                           
~~~~~~~~~~~~~~~~~~~~~~~~~~~~~~~~~~~~~~~~~~~~~~~~~~~~~~~~~~~~~~~~~~~~~~~~~~~
 Calculation             : Compute initial orbitals
 Method                  : Diagonalize SAD Hamiltonian
 Precision               : 1.00000e-04
 Restricted              : False
 Functional              : LDA (SVWN5)
 AO basis                : Hydrogenic orbitals
 Zeta quality            : 2
~~~~~~~~~~~~~~~~~~~~~~~~~~~~~~~~~~~~~~~~~~~~~~~~~~~~~~~~~~~~~~~~~~~~~~~~~~~


===========================================================================
                            Molecular Orbitals
---------------------------------------------------------------------------
 Alpha electrons         :                                              26
 Beta electrons          :                                              26
 Total electrons         :                                              52
---------------------------------------------------------------------------
    n  Occ Spin          :                                            Norm
---------------------------------------------------------------------------
    0    1    a          :                              1.000000025092e+00
    1    1    a          :                              1.000000013689e+00
    2    1    a          :                              1.000000795120e+00
    3    1    a          :                              9.999996052042e-01
    4    1    a          :                              9.999995524293e-01
    5    1    a          :                              9.999999658919e-01
    6    1    a          :                              9.999999952226e-01
    7    1    a          :                              9.999999962155e-01
    8    1    a          :                              9.999999957647e-01
    9    1    a          :                              9.999993327664e-01
   10    1    a          :                              1.000000406390e+00
   11    1    a          :                              1.000002563857e+00
   12    1    a          :                              1.000001925919e+00
   13    1    a          :                              1.000003253538e+00
   14    1    a          :                              1.000000281532e+00
   15    1    a          :                              9.999977285702e-01
   16    1    a          :                              1.000001047829e+00
   17    1    a          :                              9.999992884297e-01
   18    1    a          :                              1.000000072048e+00
   19    1    a          :                              9.999997335796e-01
   20    1    a          :                              1.000000919031e+00
   21    1    a          :                              9.999980661530e-01
   22    1    a          :                              9.999986063394e-01
   23    1    a          :                              1.000001031248e+00
   24    1    a          :                              9.999998780583e-01
   25    1    a          :                              9.999999312763e-01
   26    1    b          :                              9.999998254802e-01
   27    1    b          :                              1.000000014491e+00
   28    1    b          :                              1.000001081939e+00
   29    1    b          :                              9.999999140591e-01
   30    1    b          :                              9.999995608823e-01
   31    1    b          :                              9.999999665611e-01
   32    1    b          :                              9.999999953139e-01
   33    1    b          :                              9.999999959689e-01
   34    1    b          :                              9.999999957757e-01
   35    1    b          :                              9.999993844565e-01
   36    1    b          :                              1.000000406217e+00
   37    1    b          :                              1.000002615615e+00
   38    1    b          :                              1.000002181797e+00
   39    1    b          :                              1.000003253377e+00
   40    1    b          :                              1.000000280701e+00
   41    1    b          :                              9.999977283871e-01
   42    1    b          :                              1.000001389121e+00
   43    1    b          :                              9.999985398361e-01
   44    1    b          :                              1.000000163521e+00
   45    1    b          :                              9.999997405102e-01
   46    1    b          :                              1.000000923577e+00
   47    1    b          :                              9.999980602135e-01
   48    1    b          :                              9.999986023595e-01
   49    1    b          :                              1.000001003391e+00
   50    1    b          :                              9.999998769078e-01
   51    1    b          :                              9.999999198643e-01
===========================================================================


~~~~~~~~~~~~~~~~~~~~~~~~~~~~~~~~~~~~~~~~~~~~~~~~~~~~~~~~~~~~~~~~~~~~~~~~~~~
 Calculation             : Compute initial energy
 Method                  : DFT (PBE)
 Precision               : 1.00000e-04
 Localization            : On
~~~~~~~~~~~~~~~~~~~~~~~~~~~~~~~~~~~~~~~~~~~~~~~~~~~~~~~~~~~~~~~~~~~~~~~~~~~


===========================================================================
                        Molecular Energy (initial)
---------------------------------------------------------------------------
 Kinetic energy          :            (au)                835.470441466210
 E-N energy              :            (au)              -2542.984905126996
 Coulomb energy          :            (au)                682.740972839937
 Exchange energy         :            (au)                  0.000000000000
 X-C energy              :            (au)                -69.216938916267
 Ext. field (el)         :            (au)                  0.000000000000
---------------------------------------------------------------------------
 N-N energy              :            (au)                299.619593823988
 Ext. field (nuc)        :            (au)                  0.000000000000
---------------------------------------------------------------------------
 Electronic energy       :            (au)              -1093.990429737116
 Nuclear energy          :            (au)                299.619593823988
---------------------------------------------------------------------------
 Total energy            :            (au)             -7.943708359131e+02
                         :      (kcal/mol)             -4.984752214329e+05
                         :        (kJ/mol)             -2.085620327829e+06
                         :            (eV)             -2.161593068852e+04
===========================================================================


===========================================================================
                        Orbital Energies (initial)
---------------------------------------------------------------------------
    n  Occ Spin          :                                         Epsilon
---------------------------------------------------------------------------
    0    1    a          :            (au)                -88.259486509537
    1    1    a          :            (au)                -23.756567445538
    2    1    a          :            (au)                -23.706758342588
    3    1    a          :            (au)                -23.448763740985
    4    1    a          :            (au)                -23.445563546856
    5    1    a          :            (au)                 -8.087990902069
    6    1    a          :            (au)                 -6.145847290177
    7    1    a          :            (au)                 -6.141598355693
    8    1    a          :            (au)                 -6.131688495056
    9    1    a          :            (au)                 -1.168159147848
   10    1    a          :            (au)                 -1.031273762965
   11    1    a          :            (au)                 -0.869491018844
   12    1    a          :            (au)                 -0.856064235048
   13    1    a          :            (au)                 -0.577170045081
   14    1    a          :            (au)                 -0.364841748061
   15    1    a          :            (au)                 -0.344900288114
   16    1    a          :            (au)                 -0.290416701465
   17    1    a          :            (au)                 -0.223388294505
   18    1    a          :            (au)                 -0.222063855979
   19    1    a          :            (au)                 -0.203444932721
   20    1    a          :            (au)                 -0.162968195526
   21    1    a          :            (au)                 -0.061899247122
   22    1    a          :            (au)                 -0.051951867685
   23    1    a          :            (au)                 -0.046236232498
   24    1    a          :            (au)                 -0.042125396151
   25    1    a          :            (au)                 -0.012739682003
   26    1    b          :            (au)                -88.259717721224
   27    1    b          :            (au)                -23.756648374782
   28    1    b          :            (au)                -23.706413092772
   29    1    b          :            (au)                -23.448743652358
   30    1    b          :            (au)                -23.445559762211
   31    1    b          :            (au)                 -8.087990611121
   32    1    b          :            (au)                 -6.145847022130
   33    1    b          :            (au)                 -6.141596958313
   34    1    b          :            (au)                 -6.131688028880
   35    1    b          :            (au)                 -1.168177893901
   36    1    b          :            (au)                 -1.031239899988
   37    1    b          :            (au)                 -0.869491215827
   38    1    b          :            (au)                 -0.856071128690
   39    1    b          :            (au)                 -0.577190973569
   40    1    b          :            (au)                 -0.364840005241
   41    1    b          :            (au)                 -0.344893533540
   42    1    b          :            (au)                 -0.290419893669
   43    1    b          :            (au)                 -0.223392388486
   44    1    b          :            (au)                 -0.222059302191
   45    1    b          :            (au)                 -0.203443024390
   46    1    b          :            (au)                 -0.162973243689
   47    1    b          :            (au)                 -0.061896573652
   48    1    b          :            (au)                 -0.051950780624
   49    1    b          :            (au)                 -0.046236464076
   50    1    b          :            (au)                 -0.042126482627
   51    1    b          :            (au)                 -0.012730707950
---------------------------------------------------------------------------
 Sum occupied            :            (au)               -431.306738016017
===========================================================================


~~~~~~~~~~~~~~~~~~~~~~~~~~~~~~~~~~~~~~~~~~~~~~~~~~~~~~~~~~~~~~~~~~~~~~~~~~~
 Calculation             : Optimize ground state orbitals
 Method                  : DFT (PBE)
 Checkpointing           : Off
 Max iterations          : 200
 KAIN solver             : 10
 Localization            : First two iterations
 Diagonalization         : Off
 Start precision         : 1.00000e-06
 Final precision         : 1.00000e-06
 Helmholtz precision     : Dynamic
 Energy threshold        : 1.00000e-06
 Orbital threshold       : 5.00000e-05
~~~~~~~~~~~~~~~~~~~~~~~~~~~~~~~~~~~~~~~~~~~~~~~~~~~~~~~~~~~~~~~~~~~~~~~~~~~


===========================================================================
 Iter           MO residual             Total energy                Update
---------------------------------------------------------------------------
    0          7.211103e+00        -794.370835913128         -7.943708e+02
    1          1.263949e+00        -796.631802068627         -2.260966e+00
    2          5.939897e-01        -797.135641360469         -5.038393e-01
    3          2.098747e-01        -797.198552614542         -6.291125e-02
    4          8.538215e-02        -797.217811941034         -1.925933e-02
    5          9.087947e-02        -797.230977856540         -1.316592e-02
    6          3.703719e-02        -797.233409968588         -2.432112e-03
    7          1.910119e-02        -797.234025416929         -6.154483e-04
    8          2.519664e-02        -797.234387428435         -3.620115e-04
    9          1.082402e-02        -797.234541105369         -1.536769e-04
   10          7.334950e-03        -797.234621894302         -8.078893e-05
   11          2.928920e-03        -797.234637009567         -1.511527e-05
   12          1.751156e-03        -797.234641679638         -4.670071e-06
   13          1.469218e-03        -797.234644456737         -2.777098e-06
   14          9.325198e-04        -797.234645242990         -7.862538e-07
   15          5.390811e-04        -797.234645756525         -5.135341e-07
   16          3.589151e-04        -797.234645928013         -1.714889e-07
   17          1.149054e-04        -797.234645952748         -2.473507e-08
---------------------------------------------------------------------------
                      SCF converged in 17 iterations!
===========================================================================


                                                                           
***************************************************************************
***                                                                     ***
***                    Printing Molecular Properties                    ***
***                                                                     ***
***************************************************************************
                                                                           
                                                                           
===========================================================================
                                 Molecule
---------------------------------------------------------------------------
 Charge                  :                                               0
 Multiplicity            :                                               1
---------------------------------------------------------------------------
    N    Atom            :               x               y               z
---------------------------------------------------------------------------
    0       S            :        0.000000        0.000000        0.715314
    1       F            :        0.000000        3.104820        0.527286
    2       F            :        0.000000       -3.104820        0.527286
    3       F            :        2.261813        0.000000       -1.130949
    4       F            :       -2.261813        0.000000       -1.130949
---------------------------------------------------------------------------
 Center of mass          :        0.000000        0.000000        0.000000
===========================================================================


===========================================================================
                         Molecular Energy (final)
---------------------------------------------------------------------------
 Kinetic energy          :            (au)                795.891571613992
 E-N energy              :            (au)              -2498.094028948513
 Coulomb energy          :            (au)                672.418540641143
 Exchange energy         :            (au)                  0.000000000000
 X-C energy              :            (au)                -67.070323083357
 Ext. field (el)         :            (au)                  0.000000000000
---------------------------------------------------------------------------
 N-N energy              :            (au)                299.619593823988
 Ext. field (nuc)        :            (au)                  0.000000000000
---------------------------------------------------------------------------
 Electronic energy       :            (au)              -1096.854239776736
 Nuclear energy          :            (au)                299.619593823988
---------------------------------------------------------------------------
 Total energy            :            (au)             -7.972346459527e+02
                         :      (kcal/mol)             -5.002722893502e+05
                         :        (kJ/mol)             -2.093139260000e+06
                         :            (eV)             -2.169385892622e+04
===========================================================================


===========================================================================
                         Orbital Energies (final)
---------------------------------------------------------------------------
    n  Occ Spin          :                                         Epsilon
---------------------------------------------------------------------------
    0    1    a          :            (au)                -88.309536687623
    1    1    a          :            (au)                -24.340759151320
    2    1    a          :            (au)                -24.340734668343
    3    1    a          :            (au)                -24.271702845310
    4    1    a          :            (au)                -24.271682694679
    5    1    a          :            (au)                 -7.908300014110
    6    1    a          :            (au)                 -5.931122759240
    7    1    a          :            (au)                 -5.929499800930
    8    1    a          :            (au)                 -5.923063243852
    9    1    a          :            (au)                 -1.254759868893
   10    1    a          :            (au)                 -1.187560802421
   11    1    a          :            (au)                 -1.118484067817
   12    1    a          :            (au)                 -1.101787436548
   13    1    a          :            (au)                 -0.724826727865
   14    1    a          :            (au)                 -0.581517298078
   15    1    a          :            (au)                 -0.557721980951
   16    1    a          :            (au)                 -0.543045342100
   17    1    a          :            (au)                 -0.475376108380
   18    1    a          :            (au)                 -0.462973308033
   19    1    a          :            (au)                 -0.442272061009
   20    1    a          :            (au)                 -0.438732751032
   21    1    a          :            (au)                 -0.392846872504
   22    1    a          :            (au)                 -0.382891733339
   23    1    a          :            (au)                 -0.368084693905
   24    1    a          :            (au)                 -0.360971173161
   25    1    a          :            (au)                 -0.302684870744
   26    1    b          :            (au)                -88.309536686027
   27    1    b          :            (au)                -24.340759152080
   28    1    b          :            (au)                -24.340734669133
   29    1    b          :            (au)                -24.271702845182
   30    1    b          :            (au)                -24.271682692009
   31    1    b          :            (au)                 -7.908300014539
   32    1    b          :            (au)                 -5.931122759214
   33    1    b          :            (au)                 -5.929499801007
   34    1    b          :            (au)                 -5.923063244122
   35    1    b          :            (au)                 -1.254759869065
   36    1    b          :            (au)                 -1.187560801829
   37    1    b          :            (au)                 -1.118484067226
   38    1    b          :            (au)                 -1.101787436059
   39    1    b          :            (au)                 -0.724826728774
   40    1    b          :            (au)                 -0.581517297882
   41    1    b          :            (au)                 -0.557721980634
   42    1    b          :            (au)                 -0.543045343206
   43    1    b          :            (au)                 -0.475376108146
   44    1    b          :            (au)                 -0.462973307361
   45    1    b          :            (au)                 -0.442272060255
   46    1    b          :            (au)                 -0.438732750174
   47    1    b          :            (au)                 -0.392846871853
   48    1    b          :            (au)                 -0.382891732883
   49    1    b          :            (au)                 -0.368084693114
   50    1    b          :            (au)                 -0.360971172738
   51    1    b          :            (au)                 -0.302684869908
---------------------------------------------------------------------------
 Sum occupied            :            (au)               -443.845877916609
===========================================================================


===========================================================================
                           Dipole Moment (dip-1)
---------------------------------------------------------------------------
 r_O                     :        0.000000        0.000000        0.000000
---------------------------------------------------------------------------
 Electronic vector       :       -0.000026        0.000018       -0.404801
 Magnitude               :            (au)                        0.404801
                         :         (Debye)                        1.028901
---------------------------------------------------------------------------
 Nuclear vector          :        0.000000        0.000000        0.579093
 Magnitude               :            (au)                        0.579093
                         :         (Debye)                        1.471908
---------------------------------------------------------------------------
 Total vector            :       -0.000026        0.000018        0.174292
 Magnitude               :            (au)                        0.174292
                         :         (Debye)                        0.443007
===========================================================================


                                                                           
                                                                           
***************************************************************************
***                                                                     ***
***                            Exiting MRChem                           ***
***                                                                     ***
***                       Wall time :  1h  5m 42s                       ***
***                                                                     ***
***************************************************************************
                                                                           
                                                                           
