Starting job 5688146 on c2-35,c10-[7,52],c11-60 at Fri May 20 09:56:44 CEST 2022

Copying si_11_pbe0_.out to /cluster/home/ambr/projects/psp/row3/calcs/singlets
Copying si_11_pbe0_.json to /cluster/home/ambr/projects/psp/row3/calcs/singlets

Task and CPU usage stats:
JobID           JobName  AllocCPUS   NTasks     MinCPU MinCPUTask     AveCPU    Elapsed ExitCode 
------------ ---------- ---------- -------- ---------- ---------- ---------- ---------- -------- 
5688146      si_11_pbe+        180                                             00:30:30      0:0 
5688146.bat+      batch         36        1   00:00:03          0   00:00:03   00:30:30      0:0 
5688146.ext+     extern        180        4   00:00:00          2   00:00:00   00:30:30      0:0 
5688146.0      mrchem.x        180       30   00:30:12         29   01:15:43   00:30:16      0:0 

Memory usage stats:
JobID            MaxRSS MaxRSSTask     AveRSS MaxPages   MaxPagesTask   AvePages 
------------ ---------- ---------- ---------- -------- -------------- ---------- 
5688146                                                                          
5688146.bat+     19220K          0     19220K        0              0          0 
5688146.ext+          0          2          0        0              2          0 
5688146.0     12236764K         29 4850934442        0             10          0 

Disk usage stats:
JobID         MaxDiskRead MaxDiskReadTask    AveDiskRead MaxDiskWrite MaxDiskWriteTask   AveDiskWrite 
------------ ------------ --------------- -------------- ------------ ---------------- -------------- 
5688146                                                                                               
5688146.bat+       19.38M               0         19.38M        0.06M                0          0.06M 
5688146.ext+        0.00M               2          0.00M            0                2              0 
5688146.0           7.32M               6          7.20M      163.78M               29         69.71M 

Job 5688146 completed at Fri May 20 10:27:15 CEST 2022
