Starting job 3254968 on c1-23,c2-[25-26],c5-29 at Tue Aug 10 15:06:14 CEST 2021

Copying si_12_pbe_.out to /cluster/home/ambr/projects/psp/row3/calcs/singlets
Copying si_12_pbe_.json to /cluster/home/ambr/projects/psp/row3/calcs/singlets

Task and CPU usage stats:
       JobID    JobName  AllocCPUS   NTasks     MinCPU MinCPUTask     AveCPU    Elapsed ExitCode 
------------ ---------- ---------- -------- ---------- ---------- ---------- ---------- -------- 
3254968      si_12_pbe_        120                                             00:24:39      1:0 
3254968.bat+      batch         30        1   00:00:01          0   00:00:01   00:24:39      1:0 
3254968.ext+     extern        120        4   00:00:00          1   00:00:00   00:24:39      0:0 
3254968.0      mrchem.x        120       20   00:24:32         19   01:21:11   00:24:34      0:0 

Memory usage stats:
       JobID     MaxRSS MaxRSSTask     AveRSS MaxPages   MaxPagesTask   AvePages 
------------ ---------- ---------- ---------- -------- -------------- ---------- 
3254968                                                                          
3254968.bat+     14276K          0     14276K        0              0          0 
3254968.ext+          0          1          0        0              1          0 
3254968.0      5917348K          2 4280239718        0             11          0 

Disk usage stats:
       JobID  MaxDiskRead MaxDiskReadTask    AveDiskRead MaxDiskWrite MaxDiskWriteTask   AveDiskWrite 
------------ ------------ --------------- -------------- ------------ ---------------- -------------- 
3254968                                                                                               
3254968.bat+        3.70M               0          3.70M        0.02M                0          0.02M 
3254968.ext+        0.00M               1          0.00M            0                1              0 
3254968.0           2.07M               0          2.06M      141.23M                6         69.30M 

Job 3254968 completed at Tue Aug 10 15:30:53 CEST 2021
