                                                                           
                                                                           
***************************************************************************
***                                                                     ***
***                                                                     ***
***          __  __ ____   ____ _                                       ***
***         |  \/  |  _ \ / ___| |__   ___ _ __ ___                     ***
***         | |\/| | |_) | |   | '_ \ / _ \ '_ ` _ \                    ***
***         | |  | |  _ <| |___| | | |  __/ | | | | |                   ***
***         |_|  |_|_| \_\\____|_| |_|\___|_| |_| |_|                   ***
***                                                                     ***
***         VERSION            1.0.1                                    ***
***                                                                     ***
***         Git branch         HEAD                                     ***
***         Git commit hash    9309e3e1e52e5319b766-dirty               ***
***         Git commit author  Stig Rune Jensen                         ***
***         Git commit date    Fri Dec 4 16:08:55 2020 +0100            ***
***                                                                     ***
***         Contact: luca.frediani@uit.no                               ***
***                                                                     ***
***         Radovan Bast            Magnar Bjorgve                      ***
***         Roberto Di Remigio      Antoine Durdek                      ***
***         Luca Frediani           Gabriel Gerez                       ***
***         Stig Rune Jensen        Jonas Juselius                      ***
***         Rune Monstad            Peter Wind                          ***
***                                                                     ***
***************************************************************************

---------------------------------------------------------------------------

 MPI processes           :        (1 bank)                              20
 OpenMP threads          :                                               6
 Total cores             :                                             120
                                                                           
---------------------------------------------------------------------------

XCFun DFT library Copyright 2009-2020 Ulf Ekstrom and contributors.
See http://dftlibs.org/xcfun/ for more information.

This is free software; see the source code for copying conditions.
There is ABSOLUTELY NO WARRANTY; not even for MERCHANTABILITY or
FITNESS FOR A PARTICULAR PURPOSE. For details see the documentation.
Scientific users of this library should cite
U. Ekstrom, L. Visscher, R. Bast, A. J. Thorvaldsen and K. Ruud;
J.Chem.Theor.Comp. 2010, DOI: 10.1021/ct100117s

---------------------------------------------------------------------------

 MRCPP version         : 1.3.6
 Git branch            : HEAD
 Git commit hash       : 9309e3e1e52e5319b766-dirty
 Git commit author     : Stig Rune Jensen
 Git commit date       : Fri Dec 4 16:08:55 2020 +0100

 Linear algebra        : EIGEN v3.3.7
 Parallelization       : MPI/OpenMP (6 threads)

---------------------------------------------------------------------------


                                                                           
===========================================================================
                         MultiResolution Analysis
---------------------------------------------------------------------------
 polynomial order      : 9
 polynomial type       : Interpolating
---------------------------------------------------------------------------
 total boxes           : 8
 boxes                 : [          2           2           2 ]
 unit lengths          : [   32.00000    32.00000    32.00000 ]
 scaling factor        : [    1.00000     1.00000     1.00000 ]
 lower bounds          : [  -32.00000   -32.00000   -32.00000 ]
 upper bounds          : [   32.00000    32.00000    32.00000 ]
 total length          : [   64.00000    64.00000    64.00000 ]
===========================================================================


                                                                           
***************************************************************************
***                                                                     ***
***                        Initializing Molecule                        ***
***                                                                     ***
***************************************************************************
                                                                           
                                                                           
===========================================================================
                                 Molecule
---------------------------------------------------------------------------
 Charge                  :                                               0
 Multiplicity            :                                               1
---------------------------------------------------------------------------
    N    Atom            :               x               y               z
---------------------------------------------------------------------------
    0      Si            :        0.000000       -0.000004        1.089681
    1       F            :        0.000000       -0.000004       -1.923487
    2       H            :        0.000000        2.648825        1.964057
    3       H            :       -2.293938       -1.324324        1.964057
    4       H            :        2.293938       -1.324324        1.964057
---------------------------------------------------------------------------
 Center of mass          :       -0.000000        0.000000        0.000000
===========================================================================


                                                                           
***************************************************************************
***                                                                     ***
***                 Computing Ground State Wavefunction                 ***
***                                                                     ***
***************************************************************************
                                                                           
                                                                           
~~~~~~~~~~~~~~~~~~~~~~~~~~~~~~~~~~~~~~~~~~~~~~~~~~~~~~~~~~~~~~~~~~~~~~~~~~~
 Calculation             : Compute initial orbitals
 Method                  : Diagonalize SAD Hamiltonian
 Precision               : 1.00000e-04
 Restricted              : False
 Functional              : LDA (SVWN5)
 AO basis                : Hydrogenic orbitals
 Zeta quality            : 2
~~~~~~~~~~~~~~~~~~~~~~~~~~~~~~~~~~~~~~~~~~~~~~~~~~~~~~~~~~~~~~~~~~~~~~~~~~~


===========================================================================
                            Molecular Orbitals
---------------------------------------------------------------------------
 Alpha electrons         :                                              13
 Beta electrons          :                                              13
 Total electrons         :                                              26
---------------------------------------------------------------------------
    n  Occ Spin          :                                            Norm
---------------------------------------------------------------------------
    0    1    a          :                              9.999996563257e-01
    1    1    a          :                              9.999999780621e-01
    2    1    a          :                              1.000000026596e+00
    3    1    a          :                              9.999999999388e-01
    4    1    a          :                              9.999999998305e-01
    5    1    a          :                              1.000000176131e+00
    6    1    a          :                              1.000000016059e+00
    7    1    a          :                              1.000000010668e+00
    8    1    a          :                              1.000000003690e+00
    9    1    a          :                              1.000000121541e+00
   10    1    a          :                              9.999938692014e-01
   11    1    a          :                              1.000000276974e+00
   12    1    a          :                              1.000005398177e+00
   13    1    b          :                              9.999999662816e-01
   14    1    b          :                              9.999999953471e-01
   15    1    b          :                              1.000000026704e+00
   16    1    b          :                              9.999999999392e-01
   17    1    b          :                              9.999999998304e-01
   18    1    b          :                              1.000000408937e+00
   19    1    b          :                              1.000000013896e+00
   20    1    b          :                              9.999999820344e-01
   21    1    b          :                              1.000000004007e+00
   22    1    b          :                              1.000000191479e+00
   23    1    b          :                              9.999938526188e-01
   24    1    b          :                              1.000001060382e+00
   25    1    b          :                              1.000005415527e+00
===========================================================================


~~~~~~~~~~~~~~~~~~~~~~~~~~~~~~~~~~~~~~~~~~~~~~~~~~~~~~~~~~~~~~~~~~~~~~~~~~~
 Calculation             : Compute initial energy
 Method                  : DFT (PBE)
 Precision               : 1.00000e-04
 Localization            : On
~~~~~~~~~~~~~~~~~~~~~~~~~~~~~~~~~~~~~~~~~~~~~~~~~~~~~~~~~~~~~~~~~~~~~~~~~~~


===========================================================================
                        Molecular Energy (initial)
---------------------------------------------------------------------------
 Kinetic energy          :            (au)                404.666634758760
 E-N energy              :            (au)              -1072.328599622117
 Coulomb energy          :            (au)                247.092401373177
 Exchange energy         :            (au)                  0.000000000000
 X-C energy              :            (au)                -32.695256584071
 Ext. field (el)         :            (au)                  0.000000000000
---------------------------------------------------------------------------
 N-N energy              :            (au)                 63.267093981434
 Ext. field (nuc)        :            (au)                  0.000000000000
---------------------------------------------------------------------------
 Electronic energy       :            (au)               -453.264820074251
 Nuclear energy          :            (au)                 63.267093981434
---------------------------------------------------------------------------
 Total energy            :            (au)             -3.899977260928e+02
                         :      (kcal/mol)             -2.447272660117e+05
                         :        (kJ/mol)             -1.023938881658e+06
                         :            (eV)             -1.061237829334e+04
===========================================================================


===========================================================================
                        Orbital Energies (initial)
---------------------------------------------------------------------------
    n  Occ Spin          :                                         Epsilon
---------------------------------------------------------------------------
    0    1    a          :            (au)                -65.401293288095
    1    1    a          :            (au)                -23.661425760135
    2    1    a          :            (au)                 -5.198567555104
    3    1    a          :            (au)                 -3.647187302321
    4    1    a          :            (au)                 -3.644261437958
    5    1    a          :            (au)                 -3.643166641140
    6    1    a          :            (au)                 -0.911780919933
    7    1    a          :            (au)                 -0.502573930030
    8    1    a          :            (au)                 -0.346052999910
    9    1    a          :            (au)                 -0.337331831766
   10    1    a          :            (au)                 -0.231456352081
   11    1    a          :            (au)                 -0.149373088856
   12    1    a          :            (au)                 -0.148650274871
   13    1    b          :            (au)                -65.401302828559
   14    1    b          :            (au)                -23.661436338537
   15    1    b          :            (au)                 -5.198561124387
   16    1    b          :            (au)                 -3.647186862673
   17    1    b          :            (au)                 -3.644267607055
   18    1    b          :            (au)                 -3.643166565926
   19    1    b          :            (au)                 -0.911781265974
   20    1    b          :            (au)                 -0.502581987236
   21    1    b          :            (au)                 -0.346024102050
   22    1    b          :            (au)                 -0.337333381450
   23    1    b          :            (au)                 -0.231459018834
   24    1    b          :            (au)                 -0.149375291717
   25    1    b          :            (au)                 -0.148650845714
---------------------------------------------------------------------------
 Sum occupied            :            (au)               -215.646248602312
===========================================================================


~~~~~~~~~~~~~~~~~~~~~~~~~~~~~~~~~~~~~~~~~~~~~~~~~~~~~~~~~~~~~~~~~~~~~~~~~~~
 Calculation             : Optimize ground state orbitals
 Method                  : DFT (PBE)
 Checkpointing           : Off
 Max iterations          : 200
 KAIN solver             : 10
 Localization            : First two iterations
 Diagonalization         : Off
 Start precision         : 1.00000e-06
 Final precision         : 1.00000e-06
 Helmholtz precision     : Dynamic
 Energy threshold        : 1.00000e-06
 Orbital threshold       : 5.00000e-05
~~~~~~~~~~~~~~~~~~~~~~~~~~~~~~~~~~~~~~~~~~~~~~~~~~~~~~~~~~~~~~~~~~~~~~~~~~~


===========================================================================
 Iter           MO residual             Total energy                Update
---------------------------------------------------------------------------
    0          5.099020e+00        -389.997726092817         -3.899977e+02
    1          5.160431e-01        -390.889492177119         -8.917661e-01
    2          2.196544e-01        -390.982796454780         -9.330428e-02
    3          1.241322e-01        -390.997301433934         -1.450498e-02
    4          5.576076e-02        -391.004435126922         -7.133693e-03
    5          1.855739e-02        -391.005752814347         -1.317687e-03
    6          1.283822e-02        -391.006088009371         -3.351950e-04
    7          3.968740e-03        -391.006127549110         -3.953974e-05
    8          2.855108e-03        -391.006147021408         -1.947230e-05
    9          1.136888e-03        -391.006149753005         -2.731597e-06
   10          6.640186e-04        -391.006150503905         -7.509007e-07
   11          3.231989e-04        -391.006150662387         -1.584820e-07
   12          2.029105e-04        -391.006150710034         -4.764672e-08
   13          1.016501e-04        -391.006150736383         -2.634897e-08
---------------------------------------------------------------------------
                      SCF converged in 13 iterations!
===========================================================================


                                                                           
***************************************************************************
***                                                                     ***
***                    Printing Molecular Properties                    ***
***                                                                     ***
***************************************************************************
                                                                           
                                                                           
===========================================================================
                                 Molecule
---------------------------------------------------------------------------
 Charge                  :                                               0
 Multiplicity            :                                               1
---------------------------------------------------------------------------
    N    Atom            :               x               y               z
---------------------------------------------------------------------------
    0      Si            :        0.000000       -0.000004        1.089681
    1       F            :        0.000000       -0.000004       -1.923487
    2       H            :        0.000000        2.648825        1.964057
    3       H            :       -2.293938       -1.324324        1.964057
    4       H            :        2.293938       -1.324324        1.964057
---------------------------------------------------------------------------
 Center of mass          :       -0.000000        0.000000        0.000000
===========================================================================


===========================================================================
                         Molecular Energy (final)
---------------------------------------------------------------------------
 Kinetic energy          :            (au)                390.310368600797
 E-N energy              :            (au)              -1058.664984315883
 Coulomb energy          :            (au)                246.353389454819
 Exchange energy         :            (au)                  0.000000000000
 X-C energy              :            (au)                -32.272018457549
 Ext. field (el)         :            (au)                  0.000000000000
---------------------------------------------------------------------------
 N-N energy              :            (au)                 63.267093981434
 Ext. field (nuc)        :            (au)                  0.000000000000
---------------------------------------------------------------------------
 Electronic energy       :            (au)               -454.273244717817
 Nuclear energy          :            (au)                 63.267093981434
---------------------------------------------------------------------------
 Total energy            :            (au)             -3.910061507364e+02
                         :      (kcal/mol)             -2.453600620243e+05
                         :        (kJ/mol)             -1.026586500176e+06
                         :            (eV)             -1.063981892461e+04
===========================================================================


===========================================================================
                         Orbital Energies (final)
---------------------------------------------------------------------------
    n  Occ Spin          :                                         Epsilon
---------------------------------------------------------------------------
    0    1    a          :            (au)                -65.426915940291
    1    1    a          :            (au)                -24.250677612902
    2    1    a          :            (au)                 -5.079595625866
    3    1    a          :            (au)                 -3.491643336790
    4    1    a          :            (au)                 -3.488291519135
    5    1    a          :            (au)                 -3.488291363939
    6    1    a          :            (au)                 -1.090759415499
    7    1    a          :            (au)                 -0.510147845246
    8    1    a          :            (au)                 -0.406964758656
    9    1    a          :            (au)                 -0.395021340595
   10    1    a          :            (au)                 -0.395019854690
   11    1    a          :            (au)                 -0.306640702920
   12    1    a          :            (au)                 -0.306633182155
   13    1    b          :            (au)                -65.426917427687
   14    1    b          :            (au)                -24.250675280082
   15    1    b          :            (au)                 -5.079596299184
   16    1    b          :            (au)                 -3.491644579702
   17    1    b          :            (au)                 -3.488291816686
   18    1    b          :            (au)                 -3.488291728494
   19    1    b          :            (au)                 -1.090756607586
   20    1    b          :            (au)                 -0.510147237320
   21    1    b          :            (au)                 -0.406961871754
   22    1    b          :            (au)                 -0.395020680100
   23    1    b          :            (au)                 -0.395019274976
   24    1    b          :            (au)                 -0.306640266907
   25    1    b          :            (au)                 -0.306633582618
---------------------------------------------------------------------------
 Sum occupied            :            (au)               -217.273199151781
===========================================================================


===========================================================================
                           Dipole Moment (dip-1)
---------------------------------------------------------------------------
 r_O                     :        0.000000        0.000000        0.000000
---------------------------------------------------------------------------
 Electronic vector       :        0.000002       -0.000145       -3.374141
 Magnitude               :            (au)                        3.374141
                         :         (Debye)                        8.576210
---------------------------------------------------------------------------
 Nuclear vector          :        0.000000        0.000090        3.836318
 Magnitude               :            (au)                        3.836318
                         :         (Debye)                        9.750946
---------------------------------------------------------------------------
 Total vector            :        0.000002       -0.000055        0.462177
 Magnitude               :            (au)                        0.462177
                         :         (Debye)                        1.174736
===========================================================================


                                                                           
                                                                           
***************************************************************************
***                                                                     ***
***                            Exiting MRChem                           ***
***                                                                     ***
***                       Wall time :  0h 24m 31s                       ***
***                                                                     ***
***************************************************************************
                                                                           
                                                                           
