                                                                           
                                                                           
***************************************************************************
***                                                                     ***
***                                                                     ***
***          __  __ ____   ____ _                                       ***
***         |  \/  |  _ \ / ___| |__   ___ _ __ ___                     ***
***         | |\/| | |_) | |   | '_ \ / _ \ '_ ` _ \                    ***
***         | |  | |  _ <| |___| | | |  __/ | | | | |                   ***
***         |_|  |_|_| \_\\____|_| |_|\___|_| |_| |_|                   ***
***                                                                     ***
***         VERSION            1.0.1                                    ***
***                                                                     ***
***         Git branch         HEAD                                     ***
***         Git commit hash    9309e3e1e52e5319b766-dirty               ***
***         Git commit author  Stig Rune Jensen                         ***
***         Git commit date    Fri Dec 4 16:08:55 2020 +0100            ***
***                                                                     ***
***         Contact: luca.frediani@uit.no                               ***
***                                                                     ***
***         Radovan Bast            Magnar Bjorgve                      ***
***         Roberto Di Remigio      Antoine Durdek                      ***
***         Luca Frediani           Gabriel Gerez                       ***
***         Stig Rune Jensen        Jonas Juselius                      ***
***         Rune Monstad            Peter Wind                          ***
***                                                                     ***
***************************************************************************

---------------------------------------------------------------------------

 MPI processes           :        (1 bank)                              20
 OpenMP threads          :                                               6
 Total cores             :                                             120
                                                                           
---------------------------------------------------------------------------

XCFun DFT library Copyright 2009-2020 Ulf Ekstrom and contributors.
See http://dftlibs.org/xcfun/ for more information.

This is free software; see the source code for copying conditions.
There is ABSOLUTELY NO WARRANTY; not even for MERCHANTABILITY or
FITNESS FOR A PARTICULAR PURPOSE. For details see the documentation.
Scientific users of this library should cite
U. Ekstrom, L. Visscher, R. Bast, A. J. Thorvaldsen and K. Ruud;
J.Chem.Theor.Comp. 2010, DOI: 10.1021/ct100117s

---------------------------------------------------------------------------

 MRCPP version         : 1.3.6
 Git branch            : HEAD
 Git commit hash       : 9309e3e1e52e5319b766-dirty
 Git commit author     : Stig Rune Jensen
 Git commit date       : Fri Dec 4 16:08:55 2020 +0100

 Linear algebra        : EIGEN v3.3.7
 Parallelization       : MPI/OpenMP (6 threads)

---------------------------------------------------------------------------


                                                                           
===========================================================================
                         MultiResolution Analysis
---------------------------------------------------------------------------
 polynomial order      : 9
 polynomial type       : Interpolating
---------------------------------------------------------------------------
 total boxes           : 8
 boxes                 : [          2           2           2 ]
 unit lengths          : [   32.00000    32.00000    32.00000 ]
 scaling factor        : [    1.00000     1.00000     1.00000 ]
 lower bounds          : [  -32.00000   -32.00000   -32.00000 ]
 upper bounds          : [   32.00000    32.00000    32.00000 ]
 total length          : [   64.00000    64.00000    64.00000 ]
===========================================================================


                                                                           
***************************************************************************
***                                                                     ***
***                        Initializing Molecule                        ***
***                                                                     ***
***************************************************************************
                                                                           
                                                                           
===========================================================================
                                 Molecule
---------------------------------------------------------------------------
 Charge                  :                                               0
 Multiplicity            :                                               1
---------------------------------------------------------------------------
    N    Atom            :               x               y               z
---------------------------------------------------------------------------
    0      Si            :        0.000000        0.000000        0.000000
    1       O            :        0.000000        0.000000        2.861612
    2       O            :        0.000000        0.000000       -2.861612
---------------------------------------------------------------------------
 Center of mass          :        0.000000        0.000000       -0.000000
===========================================================================


                                                                           
***************************************************************************
***                                                                     ***
***                 Computing Ground State Wavefunction                 ***
***                                                                     ***
***************************************************************************
                                                                           
                                                                           
~~~~~~~~~~~~~~~~~~~~~~~~~~~~~~~~~~~~~~~~~~~~~~~~~~~~~~~~~~~~~~~~~~~~~~~~~~~
 Calculation             : Compute initial orbitals
 Method                  : Diagonalize SAD Hamiltonian
 Precision               : 1.00000e-04
 Restricted              : False
 Functional              : LDA (SVWN5)
 AO basis                : Hydrogenic orbitals
 Zeta quality            : 2
~~~~~~~~~~~~~~~~~~~~~~~~~~~~~~~~~~~~~~~~~~~~~~~~~~~~~~~~~~~~~~~~~~~~~~~~~~~


===========================================================================
                            Molecular Orbitals
---------------------------------------------------------------------------
 Alpha electrons         :                                              15
 Beta electrons          :                                              15
 Total electrons         :                                              30
---------------------------------------------------------------------------
    n  Occ Spin          :                                            Norm
---------------------------------------------------------------------------
    0    1    a          :                              1.000000000739e+00
    1    1    a          :                              9.999994913291e-01
    2    1    a          :                              1.000006398853e+00
    3    1    a          :                              1.000000015454e+00
    4    1    a          :                              9.999995465599e-01
    5    1    a          :                              9.999999820253e-01
    6    1    a          :                              1.000000003492e+00
    7    1    a          :                              1.000000367970e+00
    8    1    a          :                              9.999994780060e-01
    9    1    a          :                              9.999945649334e-01
   10    1    a          :                              1.000005031048e+00
   11    1    a          :                              1.000000691578e+00
   12    1    a          :                              9.999981105472e-01
   13    1    a          :                              1.000001367162e+00
   14    1    a          :                              9.999983083357e-01
   15    1    b          :                              1.000000000739e+00
   16    1    b          :                              9.999996137455e-01
   17    1    b          :                              1.000006489819e+00
   18    1    b          :                              1.000000015456e+00
   19    1    b          :                              9.999995471069e-01
   20    1    b          :                              9.999999820253e-01
   21    1    b          :                              1.000000003492e+00
   22    1    b          :                              1.000000365465e+00
   23    1    b          :                              9.999994780571e-01
   24    1    b          :                              9.999946032362e-01
   25    1    b          :                              1.000005209956e+00
   26    1    b          :                              1.000000695023e+00
   27    1    b          :                              9.999981626990e-01
   28    1    b          :                              1.000001366386e+00
   29    1    b          :                              9.999983161379e-01
===========================================================================


~~~~~~~~~~~~~~~~~~~~~~~~~~~~~~~~~~~~~~~~~~~~~~~~~~~~~~~~~~~~~~~~~~~~~~~~~~~
 Calculation             : Compute initial energy
 Method                  : DFT (PBE)
 Precision               : 1.00000e-04
 Localization            : On
~~~~~~~~~~~~~~~~~~~~~~~~~~~~~~~~~~~~~~~~~~~~~~~~~~~~~~~~~~~~~~~~~~~~~~~~~~~


===========================================================================
                        Molecular Energy (initial)
---------------------------------------------------------------------------
 Kinetic energy          :            (au)                459.517636006975
 E-N energy              :            (au)              -1248.702571054203
 Coulomb energy          :            (au)                300.929996799479
 Exchange energy         :            (au)                  0.000000000000
 X-C energy              :            (au)                -39.125842458618
 Ext. field (el)         :            (au)                  0.000000000000
---------------------------------------------------------------------------
 N-N energy              :            (au)                 89.460064375532
 Ext. field (nuc)        :            (au)                  0.000000000000
---------------------------------------------------------------------------
 Electronic energy       :            (au)               -527.380780706367
 Nuclear energy          :            (au)                 89.460064375532
---------------------------------------------------------------------------
 Total energy            :            (au)             -4.379207163308e+02
                         :      (kcal/mol)             -2.747993961689e+05
                         :        (kJ/mol)             -1.149760674317e+06
                         :            (eV)             -1.191642923345e+04
===========================================================================


===========================================================================
                        Orbital Energies (initial)
---------------------------------------------------------------------------
    n  Occ Spin          :                                         Epsilon
---------------------------------------------------------------------------
    0    1    a          :            (au)                -65.642375896866
    1    1    a          :            (au)                -17.777542625991
    2    1    a          :            (au)                -17.777515562180
    3    1    a          :            (au)                 -5.402961442091
    4    1    a          :            (au)                 -3.861075564597
    5    1    a          :            (au)                 -3.860755523181
    6    1    a          :            (au)                 -3.838720096038
    7    1    a          :            (au)                 -0.631929393485
    8    1    a          :            (au)                 -0.573577902318
    9    1    a          :            (au)                 -0.007411290236
   10    1    a          :            (au)                  0.070791625090
   11    1    a          :            (au)                  0.071888327643
   12    1    a          :            (au)                  0.074696261311
   13    1    a          :            (au)                  0.135783597772
   14    1    a          :            (au)                  0.136051985128
   15    1    b          :            (au)                -65.642390105563
   16    1    b          :            (au)                -17.777533585372
   17    1    b          :            (au)                -17.777474206186
   18    1    b          :            (au)                 -5.402962661292
   19    1    b          :            (au)                 -3.861076193106
   20    1    b          :            (au)                 -3.860757151166
   21    1    b          :            (au)                 -3.838719460934
   22    1    b          :            (au)                 -0.631923922409
   23    1    b          :            (au)                 -0.573575552019
   24    1    b          :            (au)                 -0.007432358233
   25    1    b          :            (au)                  0.070791474387
   26    1    b          :            (au)                  0.071894340844
   27    1    b          :            (au)                  0.074698712565
   28    1    b          :            (au)                  0.135783284269
   29    1    b          :            (au)                  0.136052815771
---------------------------------------------------------------------------
 Sum occupied            :            (au)               -237.769278068483
===========================================================================


~~~~~~~~~~~~~~~~~~~~~~~~~~~~~~~~~~~~~~~~~~~~~~~~~~~~~~~~~~~~~~~~~~~~~~~~~~~
 Calculation             : Optimize ground state orbitals
 Method                  : DFT (PBE)
 Checkpointing           : Off
 Max iterations          : 200
 KAIN solver             : 10
 Localization            : First two iterations
 Diagonalization         : Off
 Start precision         : 1.00000e-06
 Final precision         : 1.00000e-06
 Helmholtz precision     : Dynamic
 Energy threshold        : 1.00000e-06
 Orbital threshold       : 5.00000e-05
~~~~~~~~~~~~~~~~~~~~~~~~~~~~~~~~~~~~~~~~~~~~~~~~~~~~~~~~~~~~~~~~~~~~~~~~~~~


===========================================================================
 Iter           MO residual             Total energy                Update
---------------------------------------------------------------------------
    0          5.477226e+00        -437.920716330835         -4.379207e+02
    1          9.444652e-01        -439.464589862138         -1.543874e+00
    2          3.684720e-01        -439.708427465513         -2.438376e-01
    3          1.869106e-01        -439.743423686320         -3.499622e-02
    4          7.174942e-02        -439.753032759315         -9.609073e-03
    5          5.315776e-02        -439.757693613898         -4.660855e-03
    6          4.954412e-02        -439.759378719513         -1.685106e-03
    7          1.590478e-02        -439.759613772836         -2.350533e-04
    8          1.087544e-02        -439.759710707125         -9.693429e-05
    9          3.501030e-03        -439.759728841125         -1.813400e-05
   10          1.003864e-03        -439.759732450773         -3.609648e-06
   11          4.951071e-04        -439.759732978193         -5.274193e-07
   12          1.501175e-04        -439.759733042131         -6.393884e-08
   13          8.270509e-05        -439.759733055000         -1.286867e-08
---------------------------------------------------------------------------
                      SCF converged in 13 iterations!
===========================================================================


                                                                           
***************************************************************************
***                                                                     ***
***                    Printing Molecular Properties                    ***
***                                                                     ***
***************************************************************************
                                                                           
                                                                           
===========================================================================
                                 Molecule
---------------------------------------------------------------------------
 Charge                  :                                               0
 Multiplicity            :                                               1
---------------------------------------------------------------------------
    N    Atom            :               x               y               z
---------------------------------------------------------------------------
    0      Si            :        0.000000        0.000000        0.000000
    1       O            :        0.000000        0.000000        2.861612
    2       O            :        0.000000        0.000000       -2.861612
---------------------------------------------------------------------------
 Center of mass          :        0.000000        0.000000       -0.000000
===========================================================================


===========================================================================
                         Molecular Energy (final)
---------------------------------------------------------------------------
 Kinetic energy          :            (au)                438.909004669250
 E-N energy              :            (au)              -1225.117372102829
 Coulomb energy          :            (au)                294.779995592962
 Exchange energy         :            (au)                  0.000000000000
 X-C energy              :            (au)                -37.791425589915
 Ext. field (el)         :            (au)                  0.000000000000
---------------------------------------------------------------------------
 N-N energy              :            (au)                 89.460064375532
 Ext. field (nuc)        :            (au)                  0.000000000000
---------------------------------------------------------------------------
 Electronic energy       :            (au)               -529.219797430532
 Nuclear energy          :            (au)                 89.460064375532
---------------------------------------------------------------------------
 Total energy            :            (au)             -4.397597330550e+02
                         :      (kcal/mol)             -2.759533965769e+05
                         :        (kJ/mol)             -1.154589012027e+06
                         :            (eV)             -1.196647142564e+04
===========================================================================


===========================================================================
                         Orbital Energies (final)
---------------------------------------------------------------------------
    n  Occ Spin          :                                         Epsilon
---------------------------------------------------------------------------
    0    1    a          :            (au)                -65.472009493827
    1    1    a          :            (au)                -18.782931620002
    2    1    a          :            (au)                -18.782920933474
    3    1    a          :            (au)                 -5.128127882758
    4    1    a          :            (au)                 -3.541025426185
    5    1    a          :            (au)                 -3.541024993947
    6    1    a          :            (au)                 -3.531666906810
    7    1    a          :            (au)                 -0.913286890471
    8    1    a          :            (au)                 -0.889441285814
    9    1    a          :            (au)                 -0.425412483002
   10    1    a          :            (au)                 -0.358126055668
   11    1    a          :            (au)                 -0.345855844936
   12    1    a          :            (au)                 -0.345855647483
   13    1    a          :            (au)                 -0.310228291380
   14    1    a          :            (au)                 -0.310228019778
   15    1    b          :            (au)                -65.472009489127
   16    1    b          :            (au)                -18.782931631214
   17    1    b          :            (au)                -18.782920949246
   18    1    b          :            (au)                 -5.128127876459
   19    1    b          :            (au)                 -3.541025418131
   20    1    b          :            (au)                 -3.541024985899
   21    1    b          :            (au)                 -3.531666901427
   22    1    b          :            (au)                 -0.913286909202
   23    1    b          :            (au)                 -0.889441308678
   24    1    b          :            (au)                 -0.425412489534
   25    1    b          :            (au)                 -0.358126085756
   26    1    b          :            (au)                 -0.345855845489
   27    1    b          :            (au)                 -0.345855648033
   28    1    b          :            (au)                 -0.310228307955
   29    1    b          :            (au)                 -0.310228036356
---------------------------------------------------------------------------
 Sum occupied            :            (au)               -245.356283658042
===========================================================================


===========================================================================
                           Dipole Moment (dip-1)
---------------------------------------------------------------------------
 r_O                     :        0.000000        0.000000        0.000000
---------------------------------------------------------------------------
 Electronic vector       :        0.000000        0.000000       -0.000008
 Magnitude               :            (au)                        0.000008
                         :         (Debye)                        0.000020
---------------------------------------------------------------------------
 Nuclear vector          :        0.000000        0.000000        0.000000
 Magnitude               :            (au)                        0.000000
                         :         (Debye)                        0.000000
---------------------------------------------------------------------------
 Total vector            :        0.000000        0.000000       -0.000008
 Magnitude               :            (au)                        0.000008
                         :         (Debye)                        0.000020
===========================================================================


                                                                           
                                                                           
***************************************************************************
***                                                                     ***
***                            Exiting MRChem                           ***
***                                                                     ***
***                       Wall time :  0h 22m 40s                       ***
***                                                                     ***
***************************************************************************
                                                                           
                                                                           
