Starting job 3254966 on c11-[5,10,19] at Tue Aug 10 14:53:52 CEST 2021

Copying si_10_pbe_.out to /cluster/home/ambr/projects/psp/row3/calcs/singlets
Copying si_10_pbe_.json to /cluster/home/ambr/projects/psp/row3/calcs/singlets

Task and CPU usage stats:
       JobID    JobName  AllocCPUS   NTasks     MinCPU MinCPUTask     AveCPU    Elapsed ExitCode 
------------ ---------- ---------- -------- ---------- ---------- ---------- ---------- -------- 
3254966      si_10_pbe_        120                                             00:13:41      1:0 
3254966.bat+      batch         42        1   00:00:01          0   00:00:01   00:13:41      1:0 
3254966.ext+     extern        120        3   00:00:00          2   00:00:00   00:13:41      0:0 
3254966.0      mrchem.x        120       20   00:13:36         19   00:45:13   00:13:37      0:0 

Memory usage stats:
       JobID     MaxRSS MaxRSSTask     AveRSS MaxPages   MaxPagesTask   AvePages 
------------ ---------- ---------- ---------- -------- -------------- ---------- 
3254966                                                                          
3254966.bat+     14240K          0     14240K        0              0          0 
3254966.ext+          0          2          0        0              2          0 
3254966.0      3761804K          2   2613694K        0              8          0 

Disk usage stats:
       JobID  MaxDiskRead MaxDiskReadTask    AveDiskRead MaxDiskWrite MaxDiskWriteTask   AveDiskWrite 
------------ ------------ --------------- -------------- ------------ ---------------- -------------- 
3254966                                                                                               
3254966.bat+        3.73M               0          3.73M        0.02M                0          0.02M 
3254966.ext+        0.00M               2          0.00M            0                2              0 
3254966.0           2.67M               0          2.66M      107.91M                2         52.25M 

Job 3254966 completed at Tue Aug 10 15:07:33 CEST 2021
