Starting job 3254967 on c10-[48-49,55] at Tue Aug 10 14:57:28 CEST 2021

Copying si_11_pbe_.out to /cluster/home/ambr/projects/psp/row3/calcs/singlets
Copying si_11_pbe_.json to /cluster/home/ambr/projects/psp/row3/calcs/singlets

Task and CPU usage stats:
       JobID    JobName  AllocCPUS   NTasks     MinCPU MinCPUTask     AveCPU    Elapsed ExitCode 
------------ ---------- ---------- -------- ---------- ---------- ---------- ---------- -------- 
3254967      si_11_pbe_        120                                             00:22:49      1:0 
3254967.bat+      batch         42        1   00:00:01          0   00:00:01   00:22:49      1:0 
3254967.ext+     extern        120        3   00:00:00          0   00:00:00   00:22:49      0:0 
3254967.0      mrchem.x        120       20   00:22:41         19   01:14:52   00:22:43      0:0 

Memory usage stats:
       JobID     MaxRSS MaxRSSTask     AveRSS MaxPages   MaxPagesTask   AvePages 
------------ ---------- ---------- ---------- -------- -------------- ---------- 
3254967                                                                          
3254967.bat+     14232K          0     14232K        0              0          0 
3254967.ext+          0          0          0        0              0          0 
3254967.0      6059120K          3 4748812902        0             19          0 

Disk usage stats:
       JobID  MaxDiskRead MaxDiskReadTask    AveDiskRead MaxDiskWrite MaxDiskWriteTask   AveDiskWrite 
------------ ------------ --------------- -------------- ------------ ---------------- -------------- 
3254967                                                                                               
3254967.bat+        3.73M               0          3.73M        0.02M                0          0.02M 
3254967.ext+        0.00M               0          0.00M            0                0              0 
3254967.0           2.67M               0          2.66M      151.03M                3         87.53M 

Job 3254967 completed at Tue Aug 10 15:20:16 CEST 2021
