Starting job 5688412 on c1-[24,36,38],c2-49,c3-13,c5-49 at Fri May 20 20:54:38 CEST 2022

Copying si_2_pbe0_.out to /cluster/home/ambr/projects/psp/row3/calcs/doublets
Copying si_2_pbe0_.json to /cluster/home/ambr/projects/psp/row3/calcs/doublets

Task and CPU usage stats:
JobID           JobName  AllocCPUS   NTasks     MinCPU MinCPUTask     AveCPU    Elapsed ExitCode 
------------ ---------- ---------- -------- ---------- ---------- ---------- ---------- -------- 
5688412      si_2_pbe0_        180                                             00:16:41      0:0 
5688412.bat+      batch         36        1   00:00:02          0   00:00:02   00:16:41      0:0 
5688412.ext+     extern        180        6   00:00:00          0   00:00:00   00:16:41      0:0 
5688412.0      mrchem.x        180       30   00:15:42         29   00:32:27   00:15:50      0:0 

Memory usage stats:
JobID            MaxRSS MaxRSSTask     AveRSS MaxPages   MaxPagesTask   AvePages 
------------ ---------- ---------- ---------- -------- -------------- ---------- 
5688412                                                                          
5688412.bat+     19344K          0     19344K        0              0          0 
5688412.ext+          0          0          0        0              0          0 
5688412.0      4402940K         29 2556405896        0             23          0 

Disk usage stats:
JobID         MaxDiskRead MaxDiskReadTask    AveDiskRead MaxDiskWrite MaxDiskWriteTask   AveDiskWrite 
------------ ------------ --------------- -------------- ------------ ---------------- -------------- 
5688412                                                                                               
5688412.bat+       19.43M               0         19.43M        0.06M                0          0.06M 
5688412.ext+        0.00M               0          0.00M            0                0              0 
5688412.0           6.77M               0          6.74M       59.21M                0         28.47M 

Job 5688412 completed at Fri May 20 21:11:18 CEST 2022
