Starting job 3255859 on c10-[48-49,55] at Tue Aug 10 16:55:03 CEST 2021

Copying si_2_pbe_.out to /cluster/home/ambr/projects/psp/row3/calcs/doublets
Copying si_2_pbe_.json to /cluster/home/ambr/projects/psp/row3/calcs/doublets

Task and CPU usage stats:
       JobID    JobName  AllocCPUS   NTasks     MinCPU MinCPUTask     AveCPU    Elapsed ExitCode 
------------ ---------- ---------- -------- ---------- ---------- ---------- ---------- -------- 
3255859       si_2_pbe_        120                                             00:09:34      1:0 
3255859.bat+      batch         42        1   00:00:01          0   00:00:01   00:09:34      1:0 
3255859.ext+     extern        120        3   00:00:00          2   00:00:00   00:09:34      0:0 
3255859.0      mrchem.x        120       20   00:09:30         19   00:31:20   00:09:31      0:0 

Memory usage stats:
       JobID     MaxRSS MaxRSSTask     AveRSS MaxPages   MaxPagesTask   AvePages 
------------ ---------- ---------- ---------- -------- -------------- ---------- 
3255859                                                                          
3255859.bat+     14244K          0     14244K        0              0          0 
3255859.ext+          0          2          0        0              2          0 
3255859.0      2518604K         14 2109327155        0             19          0 

Disk usage stats:
       JobID  MaxDiskRead MaxDiskReadTask    AveDiskRead MaxDiskWrite MaxDiskWriteTask   AveDiskWrite 
------------ ------------ --------------- -------------- ------------ ---------------- -------------- 
3255859                                                                                               
3255859.bat+        3.73M               0          3.73M        0.02M                0          0.02M 
3255859.ext+        0.00M               2          0.00M            0                2              0 
3255859.0           2.67M               0          2.66M       53.03M               13         30.59M 

Job 3255859 completed at Tue Aug 10 17:04:37 CEST 2021
