Starting job 5688148 on c10-[11,17],c11-[20,35] at Fri May 20 10:10:20 CEST 2022

Copying si_3_pbe0_.out to /cluster/home/ambr/projects/psp/row3/calcs/singlets
Copying si_3_pbe0_.json to /cluster/home/ambr/projects/psp/row3/calcs/singlets

Task and CPU usage stats:
JobID           JobName  AllocCPUS   NTasks     MinCPU MinCPUTask     AveCPU    Elapsed ExitCode 
------------ ---------- ---------- -------- ---------- ---------- ---------- ---------- -------- 
5688148      si_3_pbe0_        180                                             00:12:42      0:0 
5688148.bat+      batch         48        1   00:00:02          0   00:00:02   00:12:42      0:0 
5688148.ext+     extern        180        4   00:00:00          3   00:00:00   00:12:42      0:0 
5688148.0      mrchem.x        180       30   00:12:27         29   00:26:19   00:12:31      0:0 

Memory usage stats:
JobID            MaxRSS MaxRSSTask     AveRSS MaxPages   MaxPagesTask   AvePages 
------------ ---------- ---------- ---------- -------- -------------- ---------- 
5688148                                                                          
5688148.bat+     19220K          0     19220K        0              0          0 
5688148.ext+          0          3          0        0              3          0 
5688148.0      4757064K         29 2939507780        0             19          0 

Disk usage stats:
JobID         MaxDiskRead MaxDiskReadTask    AveDiskRead MaxDiskWrite MaxDiskWriteTask   AveDiskWrite 
------------ ------------ --------------- -------------- ------------ ---------------- -------------- 
5688148                                                                                               
5688148.bat+       16.90M               0         16.90M        0.03M                0          0.03M 
5688148.ext+        0.00M               3          0.00M            0                3              0 
5688148.0           7.32M               2          7.31M       55.25M               20         31.35M 

Job 5688148 completed at Fri May 20 10:23:02 CEST 2022
