Starting job 5688149 on c3-6,c5-[33,40],c10-27,c11-25 at Fri May 20 10:18:25 CEST 2022

Copying si_5_pbe0_.out to /cluster/home/ambr/projects/psp/row3/calcs/singlets
Copying si_5_pbe0_.json to /cluster/home/ambr/projects/psp/row3/calcs/singlets

Task and CPU usage stats:
JobID           JobName  AllocCPUS   NTasks     MinCPU MinCPUTask     AveCPU    Elapsed ExitCode 
------------ ---------- ---------- -------- ---------- ---------- ---------- ---------- -------- 
5688149      si_5_pbe0_        180                                             00:11:43      0:0 
5688149.bat+      batch         36        1   00:00:02          0   00:00:02   00:11:43      0:0 
5688149.ext+     extern        180        5   00:00:00          0   00:00:00   00:11:43      0:0 
5688149.0      mrchem.x        180       30   00:11:28         29   00:25:48   00:11:33      0:0 

Memory usage stats:
JobID            MaxRSS MaxRSSTask     AveRSS MaxPages   MaxPagesTask   AvePages 
------------ ---------- ---------- ---------- -------- -------------- ---------- 
5688149                                                                          
5688149.bat+     19276K          0     19276K        0              0          0 
5688149.ext+          0          0          0        0              0          0 
5688149.0      5481484K         29 3100833655        0             10          0 

Disk usage stats:
JobID         MaxDiskRead MaxDiskReadTask    AveDiskRead MaxDiskWrite MaxDiskWriteTask   AveDiskWrite 
------------ ------------ --------------- -------------- ------------ ---------------- -------------- 
5688149                                                                                               
5688149.bat+       16.90M               0         16.90M        0.03M                0          0.03M 
5688149.ext+        0.00M               0          0.00M            0                0              0 
5688149.0           7.32M              23          6.96M       63.09M               25         35.26M 

Job 5688149 completed at Fri May 20 10:30:08 CEST 2022
