Starting job 3254970 on c11-[30,32,37,39-40] at Tue Aug 10 15:09:59 CEST 2021

Copying si_5_pbe_.out to /cluster/home/ambr/projects/psp/row3/calcs/singlets
Copying si_5_pbe_.json to /cluster/home/ambr/projects/psp/row3/calcs/singlets

Task and CPU usage stats:
       JobID    JobName  AllocCPUS   NTasks     MinCPU MinCPUTask     AveCPU    Elapsed ExitCode 
------------ ---------- ---------- -------- ---------- ---------- ---------- ---------- -------- 
3254970       si_5_pbe_        120                                             00:09:10      1:0 
3254970.bat+      batch         12        1   00:00:01          0   00:00:01   00:09:10      1:0 
3254970.ext+     extern        120        5   00:00:00          0   00:00:00   00:09:10      0:0 
3254970.0      mrchem.x        120       20   00:09:05         19   00:30:20   00:09:07      0:0 

Memory usage stats:
       JobID     MaxRSS MaxRSSTask     AveRSS MaxPages   MaxPagesTask   AvePages 
------------ ---------- ---------- ---------- -------- -------------- ---------- 
3254970                                                                          
3254970.bat+     14328K          0     14328K        0              0          0 
3254970.ext+          0          0          0        0              0          0 
3254970.0      3050756K          7 2524505702        0              4          0 

Disk usage stats:
       JobID  MaxDiskRead MaxDiskReadTask    AveDiskRead MaxDiskWrite MaxDiskWriteTask   AveDiskWrite 
------------ ------------ --------------- -------------- ------------ ---------------- -------------- 
3254970                                                                                               
3254970.bat+        3.73M               0          3.73M        0.02M                0          0.02M 
3254970.ext+        0.00M               0          0.00M            0                0              0 
3254970.0           2.67M               0          2.66M       56.95M               11         34.51M 

Job 3254970 completed at Tue Aug 10 15:19:09 CEST 2021
