Starting job 3255861 on c2-[27-28,49,53] at Tue Aug 10 18:35:18 CEST 2021

Copying si_6_pbe_.out to /cluster/home/ambr/projects/psp/row3/calcs/doublets
Copying si_6_pbe_.json to /cluster/home/ambr/projects/psp/row3/calcs/doublets

Task and CPU usage stats:
       JobID    JobName  AllocCPUS   NTasks     MinCPU MinCPUTask     AveCPU    Elapsed ExitCode 
------------ ---------- ---------- -------- ---------- ---------- ---------- ---------- -------- 
3255861       si_6_pbe_        120                                             00:29:05      1:0 
3255861.bat+      batch         36        1   00:00:01          0   00:00:01   00:29:05      1:0 
3255861.ext+     extern        120        4   00:00:00          1   00:00:00   00:29:05      0:0 
3255861.0      mrchem.x        120       20   00:28:59         19   01:19:57   00:29:01      0:0 

Memory usage stats:
       JobID     MaxRSS MaxRSSTask     AveRSS MaxPages   MaxPagesTask   AvePages 
------------ ---------- ---------- ---------- -------- -------------- ---------- 
3255861                                                                          
3255861.bat+     14284K          0     14284K        0              0          0 
3255861.ext+          0          1          0        0              1          0 
3255861.0      4605384K          0 3288203673        0              7          0 

Disk usage stats:
       JobID  MaxDiskRead MaxDiskReadTask    AveDiskRead MaxDiskWrite MaxDiskWriteTask   AveDiskWrite 
------------ ------------ --------------- -------------- ------------ ---------------- -------------- 
3255861                                                                                               
3255861.bat+        3.70M               0          3.70M        0.02M                0          0.02M 
3255861.ext+        0.00M               1          0.00M            0                1              0 
3255861.0           2.07M               0          2.06M      107.95M                0         59.20M 

Job 3255861 completed at Tue Aug 10 19:04:23 CEST 2021
