                                                                           
                                                                           
***************************************************************************
***                                                                     ***
***                                                                     ***
***          __  __ ____   ____ _                                       ***
***         |  \/  |  _ \ / ___| |__   ___ _ __ ___                     ***
***         | |\/| | |_) | |   | '_ \ / _ \ '_ ` _ \                    ***
***         | |  | |  _ <| |___| | | |  __/ | | | | |                   ***
***         |_|  |_|_| \_\\____|_| |_|\___|_| |_| |_|                   ***
***                                                                     ***
***         VERSION            1.0.1                                    ***
***                                                                     ***
***         Git branch         HEAD                                     ***
***         Git commit hash    9309e3e1e52e5319b766-dirty               ***
***         Git commit author  Stig Rune Jensen                         ***
***         Git commit date    Fri Dec 4 16:08:55 2020 +0100            ***
***                                                                     ***
***         Contact: luca.frediani@uit.no                               ***
***                                                                     ***
***         Radovan Bast            Magnar Bjorgve                      ***
***         Roberto Di Remigio      Antoine Durdek                      ***
***         Luca Frediani           Gabriel Gerez                       ***
***         Stig Rune Jensen        Jonas Juselius                      ***
***         Rune Monstad            Peter Wind                          ***
***                                                                     ***
***************************************************************************

---------------------------------------------------------------------------

 MPI processes           :        (1 bank)                              20
 OpenMP threads          :                                               6
 Total cores             :                                             120
                                                                           
---------------------------------------------------------------------------

XCFun DFT library Copyright 2009-2020 Ulf Ekstrom and contributors.
See http://dftlibs.org/xcfun/ for more information.

This is free software; see the source code for copying conditions.
There is ABSOLUTELY NO WARRANTY; not even for MERCHANTABILITY or
FITNESS FOR A PARTICULAR PURPOSE. For details see the documentation.
Scientific users of this library should cite
U. Ekstrom, L. Visscher, R. Bast, A. J. Thorvaldsen and K. Ruud;
J.Chem.Theor.Comp. 2010, DOI: 10.1021/ct100117s

---------------------------------------------------------------------------

 MRCPP version         : 1.3.6
 Git branch            : HEAD
 Git commit hash       : 9309e3e1e52e5319b766-dirty
 Git commit author     : Stig Rune Jensen
 Git commit date       : Fri Dec 4 16:08:55 2020 +0100

 Linear algebra        : EIGEN v3.3.7
 Parallelization       : MPI/OpenMP (6 threads)

---------------------------------------------------------------------------


                                                                           
===========================================================================
                         MultiResolution Analysis
---------------------------------------------------------------------------
 polynomial order      : 9
 polynomial type       : Interpolating
---------------------------------------------------------------------------
 total boxes           : 8
 boxes                 : [          2           2           2 ]
 unit lengths          : [   32.00000    32.00000    32.00000 ]
 scaling factor        : [    1.00000     1.00000     1.00000 ]
 lower bounds          : [  -32.00000   -32.00000   -32.00000 ]
 upper bounds          : [   32.00000    32.00000    32.00000 ]
 total length          : [   64.00000    64.00000    64.00000 ]
===========================================================================


                                                                           
***************************************************************************
***                                                                     ***
***                        Initializing Molecule                        ***
***                                                                     ***
***************************************************************************
                                                                           
                                                                           
===========================================================================
                                 Molecule
---------------------------------------------------------------------------
 Charge                  :                                               0
 Multiplicity            :                                               2
---------------------------------------------------------------------------
    N    Atom            :               x               y               z
---------------------------------------------------------------------------
    0      Si            :        0.000000        0.000000       -1.223060
    1       F            :        0.000000        0.000000        1.808060
---------------------------------------------------------------------------
 Center of mass          :        0.000000        0.000000       -0.000000
===========================================================================


                                                                           
***************************************************************************
***                                                                     ***
***                 Computing Ground State Wavefunction                 ***
***                                                                     ***
***************************************************************************
                                                                           
                                                                           
~~~~~~~~~~~~~~~~~~~~~~~~~~~~~~~~~~~~~~~~~~~~~~~~~~~~~~~~~~~~~~~~~~~~~~~~~~~
 Calculation             : Compute initial orbitals
 Method                  : Diagonalize SAD Hamiltonian
 Precision               : 1.00000e-04
 Restricted              : False
 Functional              : LDA (SVWN5)
 AO basis                : Hydrogenic orbitals
 Zeta quality            : 2
~~~~~~~~~~~~~~~~~~~~~~~~~~~~~~~~~~~~~~~~~~~~~~~~~~~~~~~~~~~~~~~~~~~~~~~~~~~


===========================================================================
                            Molecular Orbitals
---------------------------------------------------------------------------
 Alpha electrons         :                                              12
 Beta electrons          :                                              11
 Total electrons         :                                              23
---------------------------------------------------------------------------
    n  Occ Spin          :                                            Norm
---------------------------------------------------------------------------
    0    1    a          :                              9.999997379863e-01
    1    1    a          :                              9.999999887202e-01
    2    1    a          :                              9.999999998399e-01
    3    1    a          :                              9.999980915141e-01
    4    1    a          :                              9.999999993570e-01
    5    1    a          :                              9.999975892222e-01
    6    1    a          :                              1.000000017543e+00
    7    1    a          :                              9.999999999164e-01
    8    1    a          :                              9.999999999590e-01
    9    1    a          :                              9.999997396867e-01
   10    1    a          :                              1.000000007912e+00
   11    1    a          :                              9.999999995623e-01
   12    1    b          :                              9.999997379863e-01
   13    1    b          :                              9.999999892892e-01
   14    1    b          :                              9.999999998442e-01
   15    1    b          :                              9.999982606987e-01
   16    1    b          :                              9.999999993570e-01
   17    1    b          :                              9.999975123878e-01
   18    1    b          :                              1.000000017515e+00
   19    1    b          :                              9.999999999472e-01
   20    1    b          :                              9.999999999644e-01
   21    1    b          :                              9.999997397454e-01
   22    1    b          :                              9.999999998959e-01
===========================================================================


~~~~~~~~~~~~~~~~~~~~~~~~~~~~~~~~~~~~~~~~~~~~~~~~~~~~~~~~~~~~~~~~~~~~~~~~~~~
 Calculation             : Compute initial energy
 Method                  : DFT (PBE)
 Precision               : 1.00000e-04
 Localization            : On
~~~~~~~~~~~~~~~~~~~~~~~~~~~~~~~~~~~~~~~~~~~~~~~~~~~~~~~~~~~~~~~~~~~~~~~~~~~


===========================================================================
                        Molecular Energy (initial)
---------------------------------------------------------------------------
 Kinetic energy          :            (au)                409.314213990997
 E-N energy              :            (au)              -1040.697087006329
 Coulomb energy          :            (au)                234.736489479401
 Exchange energy         :            (au)                  0.000000000000
 X-C energy              :            (au)                -32.252594742421
 Ext. field (el)         :            (au)                  0.000000000000
---------------------------------------------------------------------------
 N-N energy              :            (au)                 41.568786388388
 Ext. field (nuc)        :            (au)                  0.000000000000
---------------------------------------------------------------------------
 Electronic energy       :            (au)               -428.898978278352
 Nuclear energy          :            (au)                 41.568786388388
---------------------------------------------------------------------------
 Total energy            :            (au)             -3.873301918900e+02
                         :      (kcal/mol)             -2.430533630405e+05
                         :        (kJ/mol)             -1.016935271622e+06
                         :            (eV)             -1.053979099301e+04
===========================================================================


===========================================================================
                        Orbital Energies (initial)
---------------------------------------------------------------------------
    n  Occ Spin          :                                         Epsilon
---------------------------------------------------------------------------
    0    1    a          :            (au)                -64.619831496448
    1    1    a          :            (au)                -23.330666310830
    2    1    a          :            (au)                 -4.586327960532
    3    1    a          :            (au)                 -3.034916254665
    4    1    a          :            (au)                 -3.024914555741
    5    1    a          :            (au)                 -3.014171141437
    6    1    a          :            (au)                 -0.660865650528
    7    1    a          :            (au)                 -0.064932997013
    8    1    a          :            (au)                  0.070582543175
    9    1    a          :            (au)                  0.071661562371
   10    1    a          :            (au)                  0.140337767076
   11    1    a          :            (au)                  0.449923707082
   12    1    b          :            (au)                -64.610578727745
   13    1    b          :            (au)                -23.329670268310
   14    1    b          :            (au)                 -4.576020556651
   15    1    b          :            (au)                 -3.028921312854
   16    1    b          :            (au)                 -3.019002054688
   17    1    b          :            (au)                 -2.986667024757
   18    1    b          :            (au)                 -0.658209032215
   19    1    b          :            (au)                 -0.043943688834
   20    1    b          :            (au)                  0.072616853852
   21    1    b          :            (au)                  0.077912477076
   22    1    b          :            (au)                  0.175711927163
---------------------------------------------------------------------------
 Sum occupied            :            (au)               -203.530892195456
===========================================================================


~~~~~~~~~~~~~~~~~~~~~~~~~~~~~~~~~~~~~~~~~~~~~~~~~~~~~~~~~~~~~~~~~~~~~~~~~~~
 Calculation             : Optimize ground state orbitals
 Method                  : DFT (PBE)
 Checkpointing           : Off
 Max iterations          : 200
 KAIN solver             : 10
 Localization            : First two iterations
 Diagonalization         : Off
 Start precision         : 1.00000e-06
 Final precision         : 1.00000e-06
 Helmholtz precision     : Dynamic
 Energy threshold        : 1.00000e-06
 Orbital threshold       : 5.00000e-05
~~~~~~~~~~~~~~~~~~~~~~~~~~~~~~~~~~~~~~~~~~~~~~~~~~~~~~~~~~~~~~~~~~~~~~~~~~~


===========================================================================
 Iter           MO residual             Total energy                Update
---------------------------------------------------------------------------
    0          4.795832e+00        -387.330191889964         -3.873302e+02
    1          8.563315e-01        -388.761248800874         -1.431057e+00
    2          7.706199e-01        -389.075922236112         -3.146734e-01
    3          3.192049e-01        -389.124916959446         -4.899472e-02
    4          1.213356e-01        -389.138886514307         -1.396955e-02
    5          5.358707e-02        -389.142390400783         -3.503886e-03
    6          1.651208e-02        -389.142901590840         -5.111901e-04
    7          1.049920e-02        -389.143067727529         -1.661367e-04
    8          4.668497e-03        -389.143090914393         -2.318686e-05
    9          1.642469e-03        -389.143094042582         -3.128189e-06
   10          7.272226e-04        -389.143094568121         -5.255387e-07
   11          4.145152e-04        -389.143094671373         -1.032528e-07
   12          2.070143e-04        -389.143094698453         -2.707935e-08
   13          9.550586e-05        -389.143094704747         -6.293760e-09
   14          7.607407e-05        -389.143094706904         -2.157037e-09
   15          3.187297e-05        -389.143094707588         -6.842811e-10
---------------------------------------------------------------------------
                      SCF converged in 15 iterations!
===========================================================================


                                                                           
***************************************************************************
***                                                                     ***
***                    Printing Molecular Properties                    ***
***                                                                     ***
***************************************************************************
                                                                           
                                                                           
===========================================================================
                                 Molecule
---------------------------------------------------------------------------
 Charge                  :                                               0
 Multiplicity            :                                               2
---------------------------------------------------------------------------
    N    Atom            :               x               y               z
---------------------------------------------------------------------------
    0      Si            :        0.000000        0.000000       -1.223060
    1       F            :        0.000000        0.000000        1.808060
---------------------------------------------------------------------------
 Center of mass          :        0.000000        0.000000       -0.000000
===========================================================================


===========================================================================
                         Molecular Energy (final)
---------------------------------------------------------------------------
 Kinetic energy          :            (au)                388.476921829028
 E-N energy              :            (au)              -1011.504442297722
 Coulomb energy          :            (au)                223.396192921627
 Exchange energy         :            (au)                  0.000000000000
 X-C energy              :            (au)                -31.080553548909
 Ext. field (el)         :            (au)                  0.000000000000
---------------------------------------------------------------------------
 N-N energy              :            (au)                 41.568786388388
 Ext. field (nuc)        :            (au)                  0.000000000000
---------------------------------------------------------------------------
 Electronic energy       :            (au)               -430.711881095976
 Nuclear energy          :            (au)                 41.568786388388
---------------------------------------------------------------------------
 Total energy            :            (au)             -3.891430947076e+02
                         :      (kcal/mol)             -2.441909767250e+05
                         :        (kJ/mol)             -1.021695047280e+06
                         :            (eV)             -1.058912258964e+04
===========================================================================


===========================================================================
                         Orbital Energies (final)
---------------------------------------------------------------------------
    n  Occ Spin          :                                         Epsilon
---------------------------------------------------------------------------
    0    1    a          :            (au)                -65.458726396749
    1    1    a          :            (au)                -24.272398430242
    2    1    a          :            (au)                 -5.104565886575
    3    1    a          :            (au)                 -3.519413678219
    4    1    a          :            (au)                 -3.513676691184
    5    1    a          :            (au)                 -3.513169177382
    6    1    a          :            (au)                 -1.107223259311
    7    1    a          :            (au)                 -0.491781789557
    8    1    a          :            (au)                 -0.405915084805
    9    1    a          :            (au)                 -0.403820514872
   10    1    a          :            (au)                 -0.328112475278
   11    1    a          :            (au)                 -0.145732021115
   12    1    b          :            (au)                -65.456227116022
   13    1    b          :            (au)                -24.270522497870
   14    1    b          :            (au)                 -5.101807518118
   15    1    b          :            (au)                 -3.517957058223
   16    1    b          :            (au)                 -3.511795812025
   17    1    b          :            (au)                 -3.505558218811
   18    1    b          :            (au)                 -1.103911193427
   19    1    b          :            (au)                 -0.484204325742
   20    1    b          :            (au)                 -0.404476299793
   21    1    b          :            (au)                 -0.394234471810
   22    1    b          :            (au)                 -0.305953417127
---------------------------------------------------------------------------
 Sum occupied            :            (au)               -216.321183334256
===========================================================================


===========================================================================
                           Dipole Moment (dip-1)
---------------------------------------------------------------------------
 r_O                     :        0.000000        0.000000        0.000000
---------------------------------------------------------------------------
 Electronic vector       :       -0.000000       -0.000002        0.579961
 Magnitude               :            (au)                        0.579961
                         :         (Debye)                        1.474113
---------------------------------------------------------------------------
 Nuclear vector          :        0.000000        0.000000       -0.850301
 Magnitude               :            (au)                        0.850301
                         :         (Debye)                        2.161249
---------------------------------------------------------------------------
 Total vector            :       -0.000000       -0.000002       -0.270340
 Magnitude               :            (au)                        0.270340
                         :         (Debye)                        0.687136
===========================================================================


                                                                           
                                                                           
***************************************************************************
***                                                                     ***
***                            Exiting MRChem                           ***
***                                                                     ***
***                       Wall time :  0h 28m 58s                       ***
***                                                                     ***
***************************************************************************
                                                                           
                                                                           
