Starting job 5688414 on c1-[26,39],c2-32,c5-[34-36] at Sat May 21 08:23:44 CEST 2022

Copying si_6_pbe0_.out to /cluster/home/ambr/projects/psp/row3/calcs/doublets
Copying si_6_pbe0_.json to /cluster/home/ambr/projects/psp/row3/calcs/doublets

Task and CPU usage stats:
JobID           JobName  AllocCPUS   NTasks     MinCPU MinCPUTask     AveCPU    Elapsed ExitCode 
------------ ---------- ---------- -------- ---------- ---------- ---------- ---------- -------- 
5688414      si_6_pbe0_        180                                             00:22:33      0:0 
5688414.bat+      batch         36        1   00:00:02          0   00:00:02   00:22:33      0:0 
5688414.ext+     extern        180        6   00:00:00          0   00:00:00   00:22:33      0:0 
5688414.0      mrchem.x        180       30   00:22:04         29   00:56:57   00:22:14      0:0 

Memory usage stats:
JobID            MaxRSS MaxRSSTask     AveRSS MaxPages   MaxPagesTask   AvePages 
------------ ---------- ---------- ---------- -------- -------------- ---------- 
5688414                                                                          
5688414.bat+     19332K          0     19332K        0              0          0 
5688414.ext+          0          0          0        0              0          0 
5688414.0      7620272K         29 4169982088        0              1          0 

Disk usage stats:
JobID         MaxDiskRead MaxDiskReadTask    AveDiskRead MaxDiskWrite MaxDiskWriteTask   AveDiskWrite 
------------ ------------ --------------- -------------- ------------ ---------------- -------------- 
5688414                                                                                               
5688414.bat+       19.44M               0         19.44M        0.06M                0          0.06M 
5688414.ext+        0.00M               0          0.00M            0                0              0 
5688414.0           6.77M               8          6.73M       67.01M               26         42.05M 

Job 5688414 completed at Sat May 21 08:46:18 CEST 2022
