                                                                           
                                                                           
***************************************************************************
***                                                                     ***
***                                                                     ***
***          __  __ ____   ____ _                                       ***
***         |  \/  |  _ \ / ___| |__   ___ _ __ ___                     ***
***         | |\/| | |_) | |   | '_ \ / _ \ '_ ` _ \                    ***
***         | |  | |  _ <| |___| | | |  __/ | | | | |                   ***
***         |_|  |_|_| \_\\____|_| |_|\___|_| |_| |_|                   ***
***                                                                     ***
***         VERSION            1.0.1                                    ***
***                                                                     ***
***         Git branch         HEAD                                     ***
***         Git commit hash    9309e3e1e52e5319b766-dirty               ***
***         Git commit author  Stig Rune Jensen                         ***
***         Git commit date    Fri Dec 4 16:08:55 2020 +0100            ***
***                                                                     ***
***         Contact: luca.frediani@uit.no                               ***
***                                                                     ***
***         Radovan Bast            Magnar Bjorgve                      ***
***         Roberto Di Remigio      Antoine Durdek                      ***
***         Luca Frediani           Gabriel Gerez                       ***
***         Stig Rune Jensen        Jonas Juselius                      ***
***         Rune Monstad            Peter Wind                          ***
***                                                                     ***
***************************************************************************

---------------------------------------------------------------------------

 MPI processes           :        (1 bank)                              20
 OpenMP threads          :                                              10
 Total cores             :                                             200
                                                                           
---------------------------------------------------------------------------

XCFun DFT library Copyright 2009-2020 Ulf Ekstrom and contributors.
See http://dftlibs.org/xcfun/ for more information.

This is free software; see the source code for copying conditions.
There is ABSOLUTELY NO WARRANTY; not even for MERCHANTABILITY or
FITNESS FOR A PARTICULAR PURPOSE. For details see the documentation.
Scientific users of this library should cite
U. Ekstrom, L. Visscher, R. Bast, A. J. Thorvaldsen and K. Ruud;
J.Chem.Theor.Comp. 2010, DOI: 10.1021/ct100117s

---------------------------------------------------------------------------

 MRCPP version         : 1.3.6
 Git branch            : HEAD
 Git commit hash       : 9309e3e1e52e5319b766-dirty
 Git commit author     : Stig Rune Jensen
 Git commit date       : Fri Dec 4 16:08:55 2020 +0100

 Linear algebra        : EIGEN v3.3.7
 Parallelization       : MPI/OpenMP (10 threads)

---------------------------------------------------------------------------


                                                                           
===========================================================================
                         MultiResolution Analysis
---------------------------------------------------------------------------
 polynomial order      : 9
 polynomial type       : Interpolating
---------------------------------------------------------------------------
 total boxes           : 8
 boxes                 : [          2           2           2 ]
 unit lengths          : [   16.00000    16.00000    16.00000 ]
 scaling factor        : [    1.00000     1.00000     1.00000 ]
 lower bounds          : [  -16.00000   -16.00000   -16.00000 ]
 upper bounds          : [   16.00000    16.00000    16.00000 ]
 total length          : [   32.00000    32.00000    32.00000 ]
===========================================================================


                                                                           
***************************************************************************
***                                                                     ***
***                        Initializing Molecule                        ***
***                                                                     ***
***************************************************************************
                                                                           
                                                                           
===========================================================================
                                 Molecule
---------------------------------------------------------------------------
 Charge                  :                                               0
 Multiplicity            :                                               1
---------------------------------------------------------------------------
    N    Atom            :               x               y               z
---------------------------------------------------------------------------
    0       O            :        0.000000        0.000000        1.161837
    1       F            :        0.000000        2.079266       -0.489217
    2       F            :        0.000000       -2.079266       -0.489217
---------------------------------------------------------------------------
 Center of mass          :        0.000000        0.000000       -0.000000
===========================================================================


                                                                           
***************************************************************************
***                                                                     ***
***                 Computing Ground State Wavefunction                 ***
***                                                                     ***
***************************************************************************
                                                                           
                                                                           
~~~~~~~~~~~~~~~~~~~~~~~~~~~~~~~~~~~~~~~~~~~~~~~~~~~~~~~~~~~~~~~~~~~~~~~~~~~
 Calculation             : Compute initial orbitals
 Method                  : Diagonalize SAD Hamiltonian
 Precision               : 1.00000e-03
 Restricted              : True
 Functional              : LDA (SVWN5)
 AO basis                : Hydrogenic orbitals
 Zeta quality            : 2
~~~~~~~~~~~~~~~~~~~~~~~~~~~~~~~~~~~~~~~~~~~~~~~~~~~~~~~~~~~~~~~~~~~~~~~~~~~


===========================================================================
                            Molecular Orbitals
---------------------------------------------------------------------------
 Alpha electrons         :                                              13
 Beta electrons          :                                              13
 Total electrons         :                                              26
---------------------------------------------------------------------------
    n  Occ Spin          :                                            Norm
---------------------------------------------------------------------------
    0    2    p          :                              1.000000340654e+00
    1    2    p          :                              9.999964509891e-01
    2    2    p          :                              9.999993072274e-01
    3    2    p          :                              9.999999742896e-01
    4    2    p          :                              1.000000540808e+00
    5    2    p          :                              1.000001567240e+00
    6    2    p          :                              1.000061191238e+00
    7    2    p          :                              1.000055034954e+00
    8    2    p          :                              1.000001390975e+00
    9    2    p          :                              1.000000429013e+00
   10    2    p          :                              1.000014958709e+00
   11    2    p          :                              1.000002155417e+00
   12    2    p          :                              1.000000202918e+00
===========================================================================


~~~~~~~~~~~~~~~~~~~~~~~~~~~~~~~~~~~~~~~~~~~~~~~~~~~~~~~~~~~~~~~~~~~~~~~~~~~
 Calculation             : Compute initial energy
 Method                  : DFT (B3LYP-G)
 Precision               : 1.00000e-03
 Localization            : Off
~~~~~~~~~~~~~~~~~~~~~~~~~~~~~~~~~~~~~~~~~~~~~~~~~~~~~~~~~~~~~~~~~~~~~~~~~~~


===========================================================================
                        Molecular Energy (initial)
---------------------------------------------------------------------------
 Kinetic energy          :            (au)                286.897852571195
 E-N energy              :            (au)               -816.293290503917
 Coulomb energy          :            (au)                211.604752183349
 Exchange energy         :            (au)                 -5.699741333688
 X-C energy              :            (au)                -24.199326326333
 Ext. field (el)         :            (au)                  0.000000000000
---------------------------------------------------------------------------
 N-N energy              :            (au)                 73.714173457541
 Ext. field (nuc)        :            (au)                  0.000000000000
---------------------------------------------------------------------------
 Electronic energy       :            (au)               -347.689753409394
 Nuclear energy          :            (au)                 73.714173457541
---------------------------------------------------------------------------
 Total energy            :            (au)             -2.739755799519e+02
                         :      (kcal/mol)             -1.719222706946e+05
                         :        (kJ/mol)             -7.193227810529e+05
                         :            (eV)             -7.455255000367e+03
===========================================================================


===========================================================================
                        Orbital Energies (initial)
---------------------------------------------------------------------------
    n  Occ Spin          :                                         Epsilon
---------------------------------------------------------------------------
    0    2    p          :            (au)                -24.384350179684
    1    2    p          :            (au)                -24.352031928618
    2    2    p          :            (au)                -19.351966188655
    3    2    p          :            (au)                 -1.297215983389
    4    2    p          :            (au)                 -1.125606082168
    5    2    p          :            (au)                 -0.884088842281
    6    2    p          :            (au)                 -0.553680678250
    7    2    p          :            (au)                 -0.538298477006
    8    2    p          :            (au)                 -0.527922789037
    9    2    p          :            (au)                 -0.344945813114
   10    2    p          :            (au)                 -0.343572788329
   11    2    p          :            (au)                 -0.322297288962
   12    2    p          :            (au)                 -0.287020323412
---------------------------------------------------------------------------
 Sum occupied            :            (au)               -148.625994725812
===========================================================================


~~~~~~~~~~~~~~~~~~~~~~~~~~~~~~~~~~~~~~~~~~~~~~~~~~~~~~~~~~~~~~~~~~~~~~~~~~~
 Calculation             : Optimize ground state orbitals
 Method                  : DFT (B3LYP-G)
 Checkpointing           : Off
 Max iterations          : 200
 KAIN solver             : 10
 Localization            : Off
 Diagonalization         : First two iterations
 Start precision         : 1.00000e-06
 Final precision         : 1.00000e-06
 Helmholtz precision     : Dynamic
 Energy threshold        : 1.00000e-06
 Orbital threshold       : 1.00000e-05
~~~~~~~~~~~~~~~~~~~~~~~~~~~~~~~~~~~~~~~~~~~~~~~~~~~~~~~~~~~~~~~~~~~~~~~~~~~


===========================================================================
 Iter           MO residual             Total energy                Update
---------------------------------------------------------------------------
    0          3.605551e+00        -273.975579951853         -2.739756e+02
    1          3.347989e-01        -274.739517968323         -7.639380e-01
    2          9.456604e-02        -274.789635975366         -5.011801e-02
    3          5.371005e-02        -274.789960477361         -3.245020e-04
    4          1.484410e-02        -274.798327591408         -8.367114e-03
    5          1.340932e-02        -274.801582677408         -3.255086e-03
    6          8.858350e-03        -274.802159828182         -5.771508e-04
    7          1.632058e-02        -274.803052895445         -8.930673e-04
    8          7.063620e-03        -274.803205031684         -1.521362e-04
    9          4.853430e-03        -274.803288544019         -8.351234e-05
   10          7.302567e-03        -274.803351659230         -6.311521e-05
   11          2.403742e-03        -274.803382811809         -3.115258e-05
   12          1.192581e-03        -274.803393632152         -1.082034e-05
   13          8.300005e-04        -274.803395326797         -1.694646e-06
   14          7.224519e-04        -274.803397083899         -1.757102e-06
   15          2.149057e-04        -274.803397355348         -2.714489e-07
   16          2.726045e-04        -274.803397361312         -5.963443e-09
   17          1.037695e-04        -274.803397549174         -1.878627e-07
   18          2.078039e-04        -274.803397627734         -7.855931e-08
   19          1.013826e-04        -274.803397655984         -2.825038e-08
   20          4.601658e-05        -274.803397665951         -9.967039e-09
   21          9.434372e-05        -274.803397680116         -1.416527e-08
   22          4.109276e-05        -274.803397685664         -5.547236e-09
   23          3.630224e-05        -274.803397688718         -3.054652e-09
   24          3.528438e-05        -274.803397691897         -3.178570e-09
   25          1.774296e-05        -274.803397693025         -1.128569e-09
   26          1.613496e-05        -274.803397694399         -1.373223e-09
---------------------------------------------------------------------------
                      SCF converged in 26 iterations!
===========================================================================


                                                                           
***************************************************************************
***                                                                     ***
***                    Printing Molecular Properties                    ***
***                                                                     ***
***************************************************************************
                                                                           
                                                                           
===========================================================================
                                 Molecule
---------------------------------------------------------------------------
 Charge                  :                                               0
 Multiplicity            :                                               1
---------------------------------------------------------------------------
    N    Atom            :               x               y               z
---------------------------------------------------------------------------
    0       O            :        0.000000        0.000000        1.161837
    1       F            :        0.000000        2.079266       -0.489217
    2       F            :        0.000000       -2.079266       -0.489217
---------------------------------------------------------------------------
 Center of mass          :        0.000000        0.000000       -0.000000
===========================================================================


===========================================================================
                         Molecular Energy (final)
---------------------------------------------------------------------------
 Kinetic energy          :            (au)                273.914886850630
 E-N energy              :            (au)               -801.967741744953
 Coulomb energy          :            (au)                208.814193381592
 Exchange energy         :            (au)                 -5.605072279581
 X-C energy              :            (au)                -23.673837359628
 Ext. field (el)         :            (au)                  0.000000000000
---------------------------------------------------------------------------
 N-N energy              :            (au)                 73.714173457541
 Ext. field (nuc)        :            (au)                  0.000000000000
---------------------------------------------------------------------------
 Electronic energy       :            (au)               -348.517571151939
 Nuclear energy          :            (au)                 73.714173457541
---------------------------------------------------------------------------
 Total energy            :            (au)             -2.748033976944e+02
                         :      (kcal/mol)             -1.724417341666e+05
                         :        (kJ/mol)             -7.214962162214e+05
                         :            (eV)             -7.477781067711e+03
===========================================================================


===========================================================================
                         Orbital Energies (final)
---------------------------------------------------------------------------
    n  Occ Spin          :                                         Epsilon
---------------------------------------------------------------------------
    0    2    p          :            (au)                -24.773560735068
    1    2    p          :            (au)                -24.773556421574
    2    2    p          :            (au)                -19.360822762068
    3    2    p          :            (au)                 -1.352557247650
    4    2    p          :            (au)                 -1.242984274317
    5    2    p          :            (au)                 -0.959050154098
    6    2    p          :            (au)                 -0.632164307376
    7    2    p          :            (au)                 -0.587358212280
    8    2    p          :            (au)                 -0.563111577216
    9    2    p          :            (au)                 -0.475862057365
   10    2    p          :            (au)                 -0.464813365133
   11    2    p          :            (au)                 -0.457392280036
   12    2    p          :            (au)                 -0.354458639155
---------------------------------------------------------------------------
 Sum occupied            :            (au)               -151.995384066673
===========================================================================


===========================================================================
                           Dipole Moment (dip-1)
---------------------------------------------------------------------------
 r_O                     :        0.000000        0.000000        0.000000
---------------------------------------------------------------------------
 Electronic vector       :        0.000001        0.000006       -0.358336
 Magnitude               :            (au)                        0.358336
                         :         (Debye)                        0.910800
---------------------------------------------------------------------------
 Nuclear vector          :        0.000000        0.000000        0.488784
 Magnitude               :            (au)                        0.488784
                         :         (Debye)                        1.242366
---------------------------------------------------------------------------
 Total vector            :        0.000001        0.000006        0.130448
 Magnitude               :            (au)                        0.130448
                         :         (Debye)                        0.331566
===========================================================================


                                                                           
                                                                           
***************************************************************************
***                                                                     ***
***                            Exiting MRChem                           ***
***                                                                     ***
***                       Wall time :  0h 55m 54s                       ***
***                                                                     ***
***************************************************************************
                                                                           
                                                                           
[1625699942.210517] [c5-28:36952:0]          mpool.c:43   UCX  WARN  object 0x14c9a80 was not returned to mpool ucp_requests
[1625699942.210531] [c5-28:36952:0]          mpool.c:43   UCX  WARN  object 0x14c9b80 was not returned to mpool ucp_requests
[1625699942.210533] [c5-28:36952:0]          mpool.c:43   UCX  WARN  object 0x14c9c80 was not returned to mpool ucp_requests
[1625699942.210535] [c5-28:36952:0]          mpool.c:43   UCX  WARN  object 0x14c9d80 was not returned to mpool ucp_requests
[1625699942.210536] [c5-28:36952:0]          mpool.c:43   UCX  WARN  object 0x14c9e80 was not returned to mpool ucp_requests
[1625699942.210537] [c5-28:36952:0]          mpool.c:43   UCX  WARN  object 0x14c9f80 was not returned to mpool ucp_requests
[1625699942.220084] [c5-20:35641:0]          mpool.c:43   UCX  WARN  object 0x259ab40 was not returned to mpool ucp_requests
[1625699942.220101] [c5-20:35641:0]          mpool.c:43   UCX  WARN  object 0x259ac40 was not returned to mpool ucp_requests
[1625699942.220102] [c5-20:35641:0]          mpool.c:43   UCX  WARN  object 0x259ad40 was not returned to mpool ucp_requests
[1625699942.220104] [c5-20:35641:0]          mpool.c:43   UCX  WARN  object 0x259ae40 was not returned to mpool ucp_requests
[1625699942.220105] [c5-20:35641:0]          mpool.c:43   UCX  WARN  object 0x259af40 was not returned to mpool ucp_requests
[1625699942.220106] [c5-20:35641:0]          mpool.c:43   UCX  WARN  object 0x259b040 was not returned to mpool ucp_requests
[1625699942.198532] [c5-24:13857:0]          mpool.c:43   UCX  WARN  object 0xb03a00 was not returned to mpool ucp_requests
[1625699942.198548] [c5-24:13857:0]          mpool.c:43   UCX  WARN  object 0xb03b00 was not returned to mpool ucp_requests
[1625699942.198550] [c5-24:13857:0]          mpool.c:43   UCX  WARN  object 0xb03c00 was not returned to mpool ucp_requests
[1625699942.198551] [c5-24:13857:0]          mpool.c:43   UCX  WARN  object 0xb03d00 was not returned to mpool ucp_requests
[1625699942.198552] [c5-24:13857:0]          mpool.c:43   UCX  WARN  object 0xb03e00 was not returned to mpool ucp_requests
[1625699942.198554] [c5-24:13857:0]          mpool.c:43   UCX  WARN  object 0xb03f00 was not returned to mpool ucp_requests
[1625699942.201887] [c5-25:55067:0]          mpool.c:43   UCX  WARN  object 0x1dddb40 was not returned to mpool ucp_requests
[1625699942.201902] [c5-25:55067:0]          mpool.c:43   UCX  WARN  object 0x1dddc40 was not returned to mpool ucp_requests
[1625699942.201904] [c5-25:55067:0]          mpool.c:43   UCX  WARN  object 0x1dddd40 was not returned to mpool ucp_requests
[1625699942.201906] [c5-25:55067:0]          mpool.c:43   UCX  WARN  object 0x1ddde40 was not returned to mpool ucp_requests
[1625699942.201907] [c5-25:55067:0]          mpool.c:43   UCX  WARN  object 0x1dddf40 was not returned to mpool ucp_requests
[1625699942.201908] [c5-25:55067:0]          mpool.c:43   UCX  WARN  object 0x1dde040 was not returned to mpool ucp_requests
[1625699942.201816] [c5-28:36953:0]          mpool.c:43   UCX  WARN  object 0x2125340 was not returned to mpool ucp_requests
[1625699942.201831] [c5-28:36953:0]          mpool.c:43   UCX  WARN  object 0x2125440 was not returned to mpool ucp_requests
[1625699942.201833] [c5-28:36953:0]          mpool.c:43   UCX  WARN  object 0x2125540 was not returned to mpool ucp_requests
[1625699942.227205] [c5-4:35541:0]          mpool.c:43   UCX  WARN  object 0x1956840 was not returned to mpool ucp_requests
[1625699942.227221] [c5-4:35541:0]          mpool.c:43   UCX  WARN  object 0x1956e40 was not returned to mpool ucp_requests
[1625699942.227223] [c5-4:35541:0]          mpool.c:43   UCX  WARN  object 0x1957040 was not returned to mpool ucp_requests
[1625699942.244142] [c5-18:26136:0]          mpool.c:43   UCX  WARN  object 0x1d21a40 was not returned to mpool ucp_requests
[1625699942.244162] [c5-18:26136:0]          mpool.c:43   UCX  WARN  object 0x1d21f40 was not returned to mpool ucp_requests
[1625699942.244164] [c5-18:26136:0]          mpool.c:43   UCX  WARN  object 0x1d22040 was not returned to mpool ucp_requests
[1625699942.239387] [c5-19:69090:0]          mpool.c:43   UCX  WARN  object 0x1e985c0 was not returned to mpool ucp_requests
[1625699942.239405] [c5-19:69090:0]          mpool.c:43   UCX  WARN  object 0x1e98fc0 was not returned to mpool ucp_requests
[1625699942.239407] [c5-19:69090:0]          mpool.c:43   UCX  WARN  object 0x1e991c0 was not returned to mpool ucp_requests
[1625699942.255791] [c5-24:13859:0]          mpool.c:43   UCX  WARN  object 0x1da0f00 was not returned to mpool ucp_requests
[1625699942.255807] [c5-24:13859:0]          mpool.c:43   UCX  WARN  object 0x1da1d00 was not returned to mpool ucp_requests
[1625699942.255809] [c5-24:13859:0]          mpool.c:43   UCX  WARN  object 0x1da1f00 was not returned to mpool ucp_requests
[1625699942.279160] [c5-4:35540:0]          mpool.c:43   UCX  WARN  object 0x187fb40 was not returned to mpool ucp_requests
[1625699942.279179] [c5-4:35540:0]          mpool.c:43   UCX  WARN  object 0x187fc40 was not returned to mpool ucp_requests
[1625699942.279181] [c5-4:35540:0]          mpool.c:43   UCX  WARN  object 0x187fd40 was not returned to mpool ucp_requests
[1625699942.279182] [c5-4:35540:0]          mpool.c:43   UCX  WARN  object 0x187fe40 was not returned to mpool ucp_requests
[1625699942.279183] [c5-4:35540:0]          mpool.c:43   UCX  WARN  object 0x187ff40 was not returned to mpool ucp_requests
[1625699942.279184] [c5-4:35540:0]          mpool.c:43   UCX  WARN  object 0x1880040 was not returned to mpool ucp_requests
[1625699942.291833] [c5-25:55069:0]          mpool.c:43   UCX  WARN  object 0x1d3da00 was not returned to mpool ucp_requests
[1625699942.291848] [c5-25:55069:0]          mpool.c:43   UCX  WARN  object 0x1d3e600 was not returned to mpool ucp_requests
[1625699942.291850] [c5-25:55069:0]          mpool.c:43   UCX  WARN  object 0x1d3e700 was not returned to mpool ucp_requests
[1625699942.281989] [c5-18:26135:0]          mpool.c:43   UCX  WARN  object 0x120cd40 was not returned to mpool ucp_requests
[1625699942.282007] [c5-18:26135:0]          mpool.c:43   UCX  WARN  object 0x120db40 was not returned to mpool ucp_requests
[1625699942.282009] [c5-18:26135:0]          mpool.c:43   UCX  WARN  object 0x120dc40 was not returned to mpool ucp_requests
[1625699942.282010] [c5-18:26135:0]          mpool.c:43   UCX  WARN  object 0x120de40 was not returned to mpool ucp_requests
[1625699942.282011] [c5-18:26135:0]          mpool.c:43   UCX  WARN  object 0x120df40 was not returned to mpool ucp_requests
[1625699942.282013] [c5-18:26135:0]          mpool.c:43   UCX  WARN  object 0x120e040 was not returned to mpool ucp_requests
[1625699942.281230] [c5-19:69088:0]          mpool.c:43   UCX  WARN  object 0x15d8b40 was not returned to mpool ucp_requests
[1625699942.281244] [c5-19:69088:0]          mpool.c:43   UCX  WARN  object 0x15d8c40 was not returned to mpool ucp_requests
[1625699942.281245] [c5-19:69088:0]          mpool.c:43   UCX  WARN  object 0x15d8d40 was not returned to mpool ucp_requests
[1625699942.281247] [c5-19:69088:0]          mpool.c:43   UCX  WARN  object 0x15d8e40 was not returned to mpool ucp_requests
[1625699942.281248] [c5-19:69088:0]          mpool.c:43   UCX  WARN  object 0x15d8f40 was not returned to mpool ucp_requests
[1625699942.281249] [c5-19:69088:0]          mpool.c:43   UCX  WARN  object 0x15d9040 was not returned to mpool ucp_requests
[1625699942.282019] [c5-20:35642:0]          mpool.c:43   UCX  WARN  object 0x270bc00 was not returned to mpool ucp_requests
[1625699942.282035] [c5-20:35642:0]          mpool.c:43   UCX  WARN  object 0x270cd00 was not returned to mpool ucp_requests
[1625699942.282036] [c5-20:35642:0]          mpool.c:43   UCX  WARN  object 0x270ce00 was not returned to mpool ucp_requests
[1625699942.283509] [c5-1:16614:0]          mpool.c:43   UCX  WARN  object 0xb5c840 was not returned to mpool ucp_requests
[1625699942.283515] [c5-1:16614:0]          mpool.c:43   UCX  WARN  object 0xb5c940 was not returned to mpool ucp_requests
[1625699942.283517] [c5-1:16614:0]          mpool.c:43   UCX  WARN  object 0xb5ca40 was not returned to mpool ucp_requests
[1625699942.283518] [c5-1:16614:0]          mpool.c:43   UCX  WARN  object 0xb5cb40 was not returned to mpool ucp_requests
[1625699942.283520] [c5-1:16614:0]          mpool.c:43   UCX  WARN  object 0xb5cc40 was not returned to mpool ucp_requests
[1625699942.283521] [c5-1:16614:0]          mpool.c:43   UCX  WARN  object 0xb5cd40 was not returned to mpool ucp_requests
[1625699942.283522] [c5-1:16614:0]          mpool.c:43   UCX  WARN  object 0xb5ce40 was not returned to mpool ucp_requests
[1625699942.283523] [c5-1:16614:0]          mpool.c:43   UCX  WARN  object 0xb5cf40 was not returned to mpool ucp_requests
[1625699942.283525] [c5-1:16614:0]          mpool.c:43   UCX  WARN  object 0xb5d040 was not returned to mpool ucp_requests
