                                                                           
                                                                           
***************************************************************************
***                                                                     ***
***                                                                     ***
***          __  __ ____   ____ _                                       ***
***         |  \/  |  _ \ / ___| |__   ___ _ __ ___                     ***
***         | |\/| | |_) | |   | '_ \ / _ \ '_ ` _ \                    ***
***         | |  | |  _ <| |___| | | |  __/ | | | | |                   ***
***         |_|  |_|_| \_\\____|_| |_|\___|_| |_| |_|                   ***
***                                                                     ***
***         VERSION            1.0.1                                    ***
***                                                                     ***
***         Git branch         HEAD                                     ***
***         Git commit hash    9309e3e1e52e5319b766-dirty               ***
***         Git commit author  Stig Rune Jensen                         ***
***         Git commit date    Fri Dec 4 16:08:55 2020 +0100            ***
***                                                                     ***
***         Contact: luca.frediani@uit.no                               ***
***                                                                     ***
***         Radovan Bast            Magnar Bjorgve                      ***
***         Roberto Di Remigio      Antoine Durdek                      ***
***         Luca Frediani           Gabriel Gerez                       ***
***         Stig Rune Jensen        Jonas Juselius                      ***
***         Rune Monstad            Peter Wind                          ***
***                                                                     ***
***************************************************************************

---------------------------------------------------------------------------

 MPI processes           :        (1 bank)                              20
 OpenMP threads          :                                               6
 Total cores             :                                             120
                                                                           
---------------------------------------------------------------------------

XCFun DFT library Copyright 2009-2020 Ulf Ekstrom and contributors.
See http://dftlibs.org/xcfun/ for more information.

This is free software; see the source code for copying conditions.
There is ABSOLUTELY NO WARRANTY; not even for MERCHANTABILITY or
FITNESS FOR A PARTICULAR PURPOSE. For details see the documentation.
Scientific users of this library should cite
U. Ekstrom, L. Visscher, R. Bast, A. J. Thorvaldsen and K. Ruud;
J.Chem.Theor.Comp. 2010, DOI: 10.1021/ct100117s

---------------------------------------------------------------------------

 MRCPP version         : 1.3.6
 Git branch            : HEAD
 Git commit hash       : 9309e3e1e52e5319b766-dirty
 Git commit author     : Stig Rune Jensen
 Git commit date       : Fri Dec 4 16:08:55 2020 +0100

 Linear algebra        : EIGEN v3.3.7
 Parallelization       : MPI/OpenMP (6 threads)

---------------------------------------------------------------------------


                                                                           
===========================================================================
                         MultiResolution Analysis
---------------------------------------------------------------------------
 polynomial order      : 9
 polynomial type       : Interpolating
---------------------------------------------------------------------------
 total boxes           : 8
 boxes                 : [          2           2           2 ]
 unit lengths          : [   32.00000    32.00000    32.00000 ]
 scaling factor        : [    1.00000     1.00000     1.00000 ]
 lower bounds          : [  -32.00000   -32.00000   -32.00000 ]
 upper bounds          : [   32.00000    32.00000    32.00000 ]
 total length          : [   64.00000    64.00000    64.00000 ]
===========================================================================


                                                                           
***************************************************************************
***                                                                     ***
***                        Initializing Molecule                        ***
***                                                                     ***
***************************************************************************
                                                                           
                                                                           
===========================================================================
                                 Molecule
---------------------------------------------------------------------------
 Charge                  :                                               0
 Multiplicity            :                                               1
---------------------------------------------------------------------------
    N    Atom            :               x               y               z
---------------------------------------------------------------------------
    0       O            :        0.000000        0.000000        1.161837
    1       F            :        0.000000        2.079266       -0.489217
    2       F            :        0.000000       -2.079266       -0.489217
---------------------------------------------------------------------------
 Center of mass          :        0.000000        0.000000       -0.000000
===========================================================================


                                                                           
***************************************************************************
***                                                                     ***
***                 Computing Ground State Wavefunction                 ***
***                                                                     ***
***************************************************************************
                                                                           
                                                                           
~~~~~~~~~~~~~~~~~~~~~~~~~~~~~~~~~~~~~~~~~~~~~~~~~~~~~~~~~~~~~~~~~~~~~~~~~~~
 Calculation             : Compute initial orbitals
 Method                  : Diagonalize SAD Hamiltonian
 Precision               : 1.00000e-04
 Restricted              : False
 Functional              : LDA (SVWN5)
 AO basis                : Hydrogenic orbitals
 Zeta quality            : 2
~~~~~~~~~~~~~~~~~~~~~~~~~~~~~~~~~~~~~~~~~~~~~~~~~~~~~~~~~~~~~~~~~~~~~~~~~~~


===========================================================================
                            Molecular Orbitals
---------------------------------------------------------------------------
 Alpha electrons         :                                              13
 Beta electrons          :                                              13
 Total electrons         :                                              26
---------------------------------------------------------------------------
    n  Occ Spin          :                                            Norm
---------------------------------------------------------------------------
    0    1    a          :                              1.000001078411e+00
    1    1    a          :                              9.999991315039e-01
    2    1    a          :                              9.999999839432e-01
    3    1    a          :                              9.999998739237e-01
    4    1    a          :                              9.999984435922e-01
    5    1    a          :                              9.999990696467e-01
    6    1    a          :                              1.000006368836e+00
    7    1    a          :                              1.000000712475e+00
    8    1    a          :                              9.999993176609e-01
    9    1    a          :                              1.000004852216e+00
   10    1    a          :                              1.000000545279e+00
   11    1    a          :                              1.000000771714e+00
   12    1    a          :                              9.999983012713e-01
   13    1    b          :                              1.000000031980e+00
   14    1    b          :                              1.000000009162e+00
   15    1    b          :                              9.999999839432e-01
   16    1    b          :                              9.999999038005e-01
   17    1    b          :                              9.999984392783e-01
   18    1    b          :                              9.999990719084e-01
   19    1    b          :                              1.000000375171e+00
   20    1    b          :                              1.000000361218e+00
   21    1    b          :                              9.999992253442e-01
   22    1    b          :                              9.999996676747e-01
   23    1    b          :                              1.000000570168e+00
   24    1    b          :                              9.999988402912e-01
   25    1    b          :                              9.999982990478e-01
===========================================================================


~~~~~~~~~~~~~~~~~~~~~~~~~~~~~~~~~~~~~~~~~~~~~~~~~~~~~~~~~~~~~~~~~~~~~~~~~~~
 Calculation             : Compute initial energy
 Method                  : DFT (PBE)
 Precision               : 1.00000e-04
 Localization            : On
~~~~~~~~~~~~~~~~~~~~~~~~~~~~~~~~~~~~~~~~~~~~~~~~~~~~~~~~~~~~~~~~~~~~~~~~~~~


===========================================================================
                        Molecular Energy (initial)
---------------------------------------------------------------------------
 Kinetic energy          :            (au)                286.890584727305
 E-N energy              :            (au)               -816.340734866600
 Coulomb energy          :            (au)                211.623635101473
 Exchange energy         :            (au)                  0.000000000000
 X-C energy              :            (au)                -29.694978811356
 Ext. field (el)         :            (au)                  0.000000000000
---------------------------------------------------------------------------
 N-N energy              :            (au)                 73.714173457541
 Ext. field (nuc)        :            (au)                  0.000000000000
---------------------------------------------------------------------------
 Electronic energy       :            (au)               -347.521493849177
 Nuclear energy          :            (au)                 73.714173457541
---------------------------------------------------------------------------
 Total energy            :            (au)             -2.738073203916e+02
                         :      (kcal/mol)             -1.718166862273e+05
                         :        (kJ/mol)             -7.188810156415e+05
                         :            (eV)             -7.450676424686e+03
===========================================================================


===========================================================================
                        Orbital Energies (initial)
---------------------------------------------------------------------------
    n  Occ Spin          :                                         Epsilon
---------------------------------------------------------------------------
    0    1    a          :            (au)                -23.945872879939
    1    1    a          :            (au)                -23.911979275973
    2    1    a          :            (au)                -18.949248590254
    3    1    a          :            (au)                 -1.195194815917
    4    1    a          :            (au)                 -1.023069786445
    5    1    a          :            (au)                 -0.789146350985
    6    1    a          :            (au)                 -0.495944913500
    7    1    a          :            (au)                 -0.467114069363
    8    1    a          :            (au)                 -0.453781502524
    9    1    a          :            (au)                 -0.268715567660
   10    1    a          :            (au)                 -0.259960211895
   11    1    a          :            (au)                 -0.243866193782
   12    1    a          :            (au)                 -0.204770604777
   13    1    b          :            (au)                -23.945848790755
   14    1    b          :            (au)                -23.912021661704
   15    1    b          :            (au)                -18.949250739698
   16    1    b          :            (au)                 -1.195187734300
   17    1    b          :            (au)                 -1.023064646906
   18    1    b          :            (au)                 -0.789150920551
   19    1    b          :            (au)                 -0.495953871372
   20    1    b          :            (au)                 -0.467123530532
   21    1    b          :            (au)                 -0.453786489343
   22    1    b          :            (au)                 -0.268714688562
   23    1    b          :            (au)                 -0.259956745396
   24    1    b          :            (au)                 -0.243850160380
   25    1    b          :            (au)                 -0.204797218959
---------------------------------------------------------------------------
 Sum occupied            :            (au)               -144.417371961471
===========================================================================


~~~~~~~~~~~~~~~~~~~~~~~~~~~~~~~~~~~~~~~~~~~~~~~~~~~~~~~~~~~~~~~~~~~~~~~~~~~
 Calculation             : Optimize ground state orbitals
 Method                  : DFT (PBE)
 Checkpointing           : Off
 Max iterations          : 200
 KAIN solver             : 10
 Localization            : First two iterations
 Diagonalization         : Off
 Start precision         : 1.00000e-06
 Final precision         : 1.00000e-06
 Helmholtz precision     : Dynamic
 Energy threshold        : 1.00000e-06
 Orbital threshold       : 5.00000e-05
~~~~~~~~~~~~~~~~~~~~~~~~~~~~~~~~~~~~~~~~~~~~~~~~~~~~~~~~~~~~~~~~~~~~~~~~~~~


===========================================================================
 Iter           MO residual             Total energy                Update
---------------------------------------------------------------------------
    0          5.099020e+00        -273.807320391636         -2.738073e+02
    1          4.109365e-01        -274.482276223259         -6.749558e-01
    2          1.659793e-01        -274.542697047824         -6.042082e-02
    3          1.209050e-01        -274.552054474367         -9.357427e-03
    4          6.051237e-02        -274.560015580390         -7.961106e-03
    5          2.329170e-02        -274.561780427861         -1.764847e-03
    6          1.349728e-02        -274.562586287445         -8.058596e-04
    7          2.010606e-02        -274.563597861978         -1.011575e-03
    8          1.844951e-02        -274.564107944321         -5.100823e-04
    9          1.038867e-02        -274.564271140977         -1.631967e-04
   10          6.007172e-03        -274.564358890794         -8.774982e-05
   11          1.051652e-02        -274.564494512712         -1.356219e-04
   12          1.130989e-02        -274.564576943549         -8.243084e-05
   13          3.001675e-03        -274.564592034932         -1.509138e-05
   14          1.567262e-03        -274.564597615613         -5.580681e-06
   15          9.874486e-04        -274.564601188549         -3.572936e-06
   16          1.003176e-03        -274.564603970129         -2.781579e-06
   17          1.139474e-03        -274.564605744686         -1.774558e-06
   18          5.497451e-04        -274.564606188542         -4.438559e-07
   19          3.357206e-04        -274.564606414698         -2.261559e-07
   20          2.545190e-04        -274.564606578649         -1.639510e-07
   21          2.565156e-04        -274.564606724315         -1.456660e-07
   22          2.746659e-04        -274.564606820097         -9.578162e-08
   23          1.944680e-04        -274.564606862193         -4.209664e-08
   24          9.221362e-05        -274.564606881320         -1.912690e-08
---------------------------------------------------------------------------
                      SCF converged in 24 iterations!
===========================================================================


                                                                           
***************************************************************************
***                                                                     ***
***                    Printing Molecular Properties                    ***
***                                                                     ***
***************************************************************************
                                                                           
                                                                           
===========================================================================
                                 Molecule
---------------------------------------------------------------------------
 Charge                  :                                               0
 Multiplicity            :                                               1
---------------------------------------------------------------------------
    N    Atom            :               x               y               z
---------------------------------------------------------------------------
    0       O            :        0.000000        0.000000        1.161837
    1       F            :        0.000000        2.079266       -0.489217
    2       F            :        0.000000       -2.079266       -0.489217
---------------------------------------------------------------------------
 Center of mass          :        0.000000        0.000000       -0.000000
===========================================================================


===========================================================================
                         Molecular Energy (final)
---------------------------------------------------------------------------
 Kinetic energy          :            (au)                273.854930771447
 E-N energy              :            (au)               -801.795932187284
 Coulomb energy          :            (au)                208.679275529667
 Exchange energy         :            (au)                  0.000000000000
 X-C energy              :            (au)                -29.017054452691
 Ext. field (el)         :            (au)                  0.000000000000
---------------------------------------------------------------------------
 N-N energy              :            (au)                 73.714173457541
 Ext. field (nuc)        :            (au)                  0.000000000000
---------------------------------------------------------------------------
 Electronic energy       :            (au)               -348.278780338861
 Nuclear energy          :            (au)                 73.714173457541
---------------------------------------------------------------------------
 Total energy            :            (au)             -2.745646068813e+02
                         :      (kcal/mol)             -1.722918906703e+05
                         :        (kJ/mol)             -7.208692710324e+05
                         :            (eV)             -7.471283238949e+03
===========================================================================


===========================================================================
                         Orbital Energies (final)
---------------------------------------------------------------------------
    n  Occ Spin          :                                         Epsilon
---------------------------------------------------------------------------
    0    1    a          :            (au)                -24.340910977987
    1    1    a          :            (au)                -24.340853225377
    2    1    a          :            (au)                -18.967456671545
    3    1    a          :            (au)                 -1.244327737367
    4    1    a          :            (au)                 -1.136939518845
    5    1    a          :            (au)                 -0.867609724032
    6    1    a          :            (au)                 -0.579626566973
    7    1    a          :            (au)                 -0.525062518555
    8    1    a          :            (au)                 -0.484190283985
    9    1    a          :            (au)                 -0.401731934653
   10    1    a          :            (au)                 -0.399711105225
   11    1    a          :            (au)                 -0.388136390071
   12    1    a          :            (au)                 -0.281023557641
   13    1    b          :            (au)                -24.340910976710
   14    1    b          :            (au)                -24.340853229201
   15    1    b          :            (au)                -18.967456672649
   16    1    b          :            (au)                 -1.244327738557
   17    1    b          :            (au)                 -1.136939518978
   18    1    b          :            (au)                 -0.867609724878
   19    1    b          :            (au)                 -0.579626567533
   20    1    b          :            (au)                 -0.525062511778
   21    1    b          :            (au)                 -0.484190285000
   22    1    b          :            (au)                 -0.401731946086
   23    1    b          :            (au)                 -0.399711106673
   24    1    b          :            (au)                 -0.388136384072
   25    1    b          :            (au)                 -0.281023558599
---------------------------------------------------------------------------
 Sum occupied            :            (au)               -147.915160432970
===========================================================================


===========================================================================
                           Dipole Moment (dip-1)
---------------------------------------------------------------------------
 r_O                     :        0.000000        0.000000        0.000000
---------------------------------------------------------------------------
 Electronic vector       :        0.000013       -0.000231       -0.378957
 Magnitude               :            (au)                        0.378957
                         :         (Debye)                        0.963212
---------------------------------------------------------------------------
 Nuclear vector          :        0.000000        0.000000        0.488784
 Magnitude               :            (au)                        0.488784
                         :         (Debye)                        1.242366
---------------------------------------------------------------------------
 Total vector            :        0.000013       -0.000231        0.109828
 Magnitude               :            (au)                        0.109828
                         :         (Debye)                        0.279155
===========================================================================


                                                                           
                                                                           
***************************************************************************
***                                                                     ***
***                            Exiting MRChem                           ***
***                                                                     ***
***                       Wall time :  0h 34m 15s                       ***
***                                                                     ***
***************************************************************************
                                                                           
                                                                           
