                                                                           
                                                                           
***************************************************************************
***                                                                     ***
***                                                                     ***
***          __  __ ____   ____ _                                       ***
***         |  \/  |  _ \ / ___| |__   ___ _ __ ___                     ***
***         | |\/| | |_) | |   | '_ \ / _ \ '_ ` _ \                    ***
***         | |  | |  _ <| |___| | | |  __/ | | | | |                   ***
***         |_|  |_|_| \_\\____|_| |_|\___|_| |_| |_|                   ***
***                                                                     ***
***         VERSION            1.0.1                                    ***
***                                                                     ***
***         Git branch         HEAD                                     ***
***         Git commit hash    9309e3e1e52e5319b766-dirty               ***
***         Git commit author  Stig Rune Jensen                         ***
***         Git commit date    Fri Dec 4 16:08:55 2020 +0100            ***
***                                                                     ***
***         Contact: luca.frediani@uit.no                               ***
***                                                                     ***
***         Radovan Bast            Magnar Bjorgve                      ***
***         Roberto Di Remigio      Antoine Durdek                      ***
***         Luca Frediani           Gabriel Gerez                       ***
***         Stig Rune Jensen        Jonas Juselius                      ***
***         Rune Monstad            Peter Wind                          ***
***                                                                     ***
***************************************************************************

---------------------------------------------------------------------------

 MPI processes           :        (1 bank)                              20
 OpenMP threads          :                                               6
 Total cores             :                                             120
                                                                           
---------------------------------------------------------------------------

XCFun DFT library Copyright 2009-2020 Ulf Ekstrom and contributors.
See http://dftlibs.org/xcfun/ for more information.

This is free software; see the source code for copying conditions.
There is ABSOLUTELY NO WARRANTY; not even for MERCHANTABILITY or
FITNESS FOR A PARTICULAR PURPOSE. For details see the documentation.
Scientific users of this library should cite
U. Ekstrom, L. Visscher, R. Bast, A. J. Thorvaldsen and K. Ruud;
J.Chem.Theor.Comp. 2010, DOI: 10.1021/ct100117s

---------------------------------------------------------------------------

 MRCPP version         : 1.3.6
 Git branch            : HEAD
 Git commit hash       : 9309e3e1e52e5319b766-dirty
 Git commit author     : Stig Rune Jensen
 Git commit date       : Fri Dec 4 16:08:55 2020 +0100

 Linear algebra        : EIGEN v3.3.7
 Parallelization       : MPI/OpenMP (6 threads)

---------------------------------------------------------------------------


                                                                           
===========================================================================
                         MultiResolution Analysis
---------------------------------------------------------------------------
 polynomial order      : 9
 polynomial type       : Interpolating
---------------------------------------------------------------------------
 total boxes           : 8
 boxes                 : [          2           2           2 ]
 unit lengths          : [   32.00000    32.00000    32.00000 ]
 scaling factor        : [    1.00000     1.00000     1.00000 ]
 lower bounds          : [  -32.00000   -32.00000   -32.00000 ]
 upper bounds          : [   32.00000    32.00000    32.00000 ]
 total length          : [   64.00000    64.00000    64.00000 ]
===========================================================================


                                                                           
***************************************************************************
***                                                                     ***
***                        Initializing Molecule                        ***
***                                                                     ***
***************************************************************************
                                                                           
                                                                           
===========================================================================
                                 Molecule
---------------------------------------------------------------------------
 Charge                  :                                               0
 Multiplicity            :                                               2
---------------------------------------------------------------------------
    N    Atom            :               x               y               z
---------------------------------------------------------------------------
    0       O            :        0.000000        0.456650        2.206222
    1       O            :        0.000000        1.120510        0.037762
    2       F            :        0.000000       -1.328197       -1.889759
---------------------------------------------------------------------------
 Center of mass          :        0.000000       -0.000000        0.000000
===========================================================================


                                                                           
***************************************************************************
***                                                                     ***
***                 Computing Ground State Wavefunction                 ***
***                                                                     ***
***************************************************************************
                                                                           
                                                                           
~~~~~~~~~~~~~~~~~~~~~~~~~~~~~~~~~~~~~~~~~~~~~~~~~~~~~~~~~~~~~~~~~~~~~~~~~~~
 Calculation             : Compute initial orbitals
 Method                  : Diagonalize SAD Hamiltonian
 Precision               : 1.00000e-04
 Restricted              : False
 Functional              : LDA (SVWN5)
 AO basis                : Hydrogenic orbitals
 Zeta quality            : 2
~~~~~~~~~~~~~~~~~~~~~~~~~~~~~~~~~~~~~~~~~~~~~~~~~~~~~~~~~~~~~~~~~~~~~~~~~~~


===========================================================================
                            Molecular Orbitals
---------------------------------------------------------------------------
 Alpha electrons         :                                              13
 Beta electrons          :                                              12
 Total electrons         :                                              25
---------------------------------------------------------------------------
    n  Occ Spin          :                                            Norm
---------------------------------------------------------------------------
    0    1    a          :                              1.000000433748e+00
    1    1    a          :                              9.999999819762e-01
    2    1    a          :                              9.999998268004e-01
    3    1    a          :                              1.000000052358e+00
    4    1    a          :                              9.999999594236e-01
    5    1    a          :                              9.999998024296e-01
    6    1    a          :                              1.000000002126e+00
    7    1    a          :                              1.000000066995e+00
    8    1    a          :                              9.999999791997e-01
    9    1    a          :                              9.999999965191e-01
   10    1    a          :                              1.000000014205e+00
   11    1    a          :                              9.999999937741e-01
   12    1    a          :                              9.999994406956e-01
   13    1    b          :                              9.999999663377e-01
   14    1    b          :                              9.999999812812e-01
   15    1    b          :                              9.999998184272e-01
   16    1    b          :                              1.000000054839e+00
   17    1    b          :                              1.000001268986e+00
   18    1    b          :                              9.999997975595e-01
   19    1    b          :                              9.999999974015e-01
   20    1    b          :                              1.000000000973e+00
   21    1    b          :                              9.999999788541e-01
   22    1    b          :                              9.999999962948e-01
   23    1    b          :                              1.000000012428e+00
   24    1    b          :                              9.999999946312e-01
===========================================================================


~~~~~~~~~~~~~~~~~~~~~~~~~~~~~~~~~~~~~~~~~~~~~~~~~~~~~~~~~~~~~~~~~~~~~~~~~~~
 Calculation             : Compute initial energy
 Method                  : DFT (PBE)
 Precision               : 1.00000e-04
 Localization            : On
~~~~~~~~~~~~~~~~~~~~~~~~~~~~~~~~~~~~~~~~~~~~~~~~~~~~~~~~~~~~~~~~~~~~~~~~~~~


===========================================================================
                        Molecular Energy (initial)
---------------------------------------------------------------------------
 Kinetic energy          :            (au)                261.557445416443
 E-N energy              :            (au)               -741.950611946075
 Coulomb energy          :            (au)                191.573560013720
 Exchange energy         :            (au)                  0.000000000000
 X-C energy              :            (au)                -27.779817699258
 Ext. field (el)         :            (au)                  0.000000000000
---------------------------------------------------------------------------
 N-N energy              :            (au)                 67.439963428337
 Ext. field (nuc)        :            (au)                  0.000000000000
---------------------------------------------------------------------------
 Electronic energy       :            (au)               -316.599424215170
 Nuclear energy          :            (au)                 67.439963428337
---------------------------------------------------------------------------
 Total energy            :            (au)             -2.491594607868e+02
                         :      (kcal/mol)             -1.563499209347e+05
                         :        (kJ/mol)             -6.541680696152e+05
                         :            (eV)             -6.779974026321e+03
===========================================================================


===========================================================================
                        Orbital Energies (initial)
---------------------------------------------------------------------------
    n  Occ Spin          :                                         Epsilon
---------------------------------------------------------------------------
    0    1    a          :            (au)                -23.543775083638
    1    1    a          :            (au)                -19.198553736068
    2    1    a          :            (au)                -18.722973973802
    3    1    a          :            (au)                 -1.380005846387
    4    1    a          :            (au)                 -0.871020756603
    5    1    a          :            (au)                 -0.741253953703
    6    1    a          :            (au)                 -0.659111333996
    7    1    a          :            (au)                 -0.566511508843
    8    1    a          :            (au)                 -0.532106929511
    9    1    a          :            (au)                 -0.313351558108
   10    1    a          :            (au)                 -0.161024100183
   11    1    a          :            (au)                 -0.031864729756
   12    1    a          :            (au)                 -0.030720391428
   13    1    b          :            (au)                -23.543160129714
   14    1    b          :            (au)                -19.184437819142
   15    1    b          :            (au)                -18.710225087149
   16    1    b          :            (au)                 -1.358096843293
   17    1    b          :            (au)                 -0.852576351970
   18    1    b          :            (au)                 -0.729490514776
   19    1    b          :            (au)                 -0.556136450121
   20    1    b          :            (au)                 -0.553027945946
   21    1    b          :            (au)                 -0.516977880112
   22    1    b          :            (au)                 -0.156021897543
   23    1    b          :            (au)                 -0.039645478611
   24    1    b          :            (au)                 -0.031236832671
---------------------------------------------------------------------------
 Sum occupied            :            (au)               -132.983307133073
===========================================================================


~~~~~~~~~~~~~~~~~~~~~~~~~~~~~~~~~~~~~~~~~~~~~~~~~~~~~~~~~~~~~~~~~~~~~~~~~~~
 Calculation             : Optimize ground state orbitals
 Method                  : DFT (PBE)
 Checkpointing           : Off
 Max iterations          : 200
 KAIN solver             : 10
 Localization            : First two iterations
 Diagonalization         : Off
 Start precision         : 1.00000e-06
 Final precision         : 1.00000e-06
 Helmholtz precision     : Dynamic
 Energy threshold        : 1.00000e-06
 Orbital threshold       : 5.00000e-05
~~~~~~~~~~~~~~~~~~~~~~~~~~~~~~~~~~~~~~~~~~~~~~~~~~~~~~~~~~~~~~~~~~~~~~~~~~~


===========================================================================
 Iter           MO residual             Total energy                Update
---------------------------------------------------------------------------
    0          5.000000e+00        -249.159460786833         -2.491595e+02
    1          5.394165e-01        -249.846657392495         -6.871966e-01
    2          3.071704e-01        -249.935411793034         -8.875440e-02
    3          2.666663e-01        -249.937848901092         -2.437108e-03
    4          1.376113e-01        -249.978094147597         -4.024525e-02
    5          2.769252e-02        -249.980523828976         -2.429681e-03
    6          3.079047e-02        -249.982925966368         -2.402137e-03
    7          1.634826e-02        -249.983805853595         -8.798872e-04
    8          3.006613e-02        -249.984925704848         -1.119851e-03
    9          1.313684e-02        -249.985198844470         -2.731396e-04
   10          9.190831e-03        -249.985287805164         -8.896069e-05
   11          5.126171e-03        -249.985348883004         -6.107784e-05
   12          4.777783e-03        -249.985399292532         -5.040953e-05
   13          7.863576e-03        -249.985459189773         -5.989724e-05
   14          7.078369e-03        -249.985494436978         -3.524720e-05
   15          3.918428e-03        -249.985515321131         -2.088415e-05
   16          6.084226e-03        -249.985547533552         -3.221242e-05
   17          6.384599e-03        -249.985571749607         -2.421606e-05
   18          5.419834e-03        -249.985585203786         -1.345418e-05
   19          2.062080e-03        -249.985590352043         -5.148257e-06
   20          2.652870e-03        -249.985597541894         -7.189851e-06
   21          1.826151e-03        -249.985601680199         -4.138305e-06
   22          2.306834e-03        -249.985606172263         -4.492064e-06
   23          2.807751e-03        -249.985610890007         -4.717744e-06
   24          3.121247e-03        -249.985615528488         -4.638481e-06
   25          2.035284e-03        -249.985618407546         -2.879059e-06
   26          1.779035e-03        -249.985620617086         -2.209540e-06
   27          1.657623e-03        -249.985622425880         -1.808794e-06
   28          1.317864e-03        -249.985623551723         -1.125843e-06
   29          1.521834e-03        -249.985624748214         -1.196491e-06
   30          9.472337e-04        -249.985625456859         -7.086447e-07
   31          9.583746e-04        -249.985626183516         -7.266574e-07
   32          7.803451e-04        -249.985626739872         -5.563551e-07
   33          6.736668e-04        -249.985627164999         -4.251275e-07
   34          4.012495e-04        -249.985627364840         -1.998407e-07
   35          2.963114e-04        -249.985627506391         -1.415514e-07
   36          2.569202e-04        -249.985627614404         -1.080128e-07
   37          3.358556e-04        -249.985627726849         -1.124449e-07
   38          3.033801e-04        -249.985627807004         -8.015525e-08
   39          2.208909e-04        -249.985627845459         -3.845525e-08
   40          2.022623e-04        -249.985627883170         -3.771072e-08
   41          1.946404e-04        -249.985627907868         -2.469801e-08
   42          1.771419e-04        -249.985627932674         -2.480596e-08
   43          1.334140e-04        -249.985627952012         -1.933779e-08
---------------------------------------------------------------------------
                      SCF converged in 43 iterations!
===========================================================================


                                                                           
***************************************************************************
***                                                                     ***
***                    Printing Molecular Properties                    ***
***                                                                     ***
***************************************************************************
                                                                           
                                                                           
===========================================================================
                                 Molecule
---------------------------------------------------------------------------
 Charge                  :                                               0
 Multiplicity            :                                               2
---------------------------------------------------------------------------
    N    Atom            :               x               y               z
---------------------------------------------------------------------------
    0       O            :        0.000000        0.456650        2.206222
    1       O            :        0.000000        1.120510        0.037762
    2       F            :        0.000000       -1.328197       -1.889759
---------------------------------------------------------------------------
 Center of mass          :        0.000000       -0.000000        0.000000
===========================================================================


===========================================================================
                         Molecular Energy (final)
---------------------------------------------------------------------------
 Kinetic energy          :            (au)                249.251147389293
 E-N energy              :            (au)               -728.626730502574
 Coulomb energy          :            (au)                189.091000683185
 Exchange energy         :            (au)                  0.000000000000
 X-C energy              :            (au)                -27.141008950254
 Ext. field (el)         :            (au)                  0.000000000000
---------------------------------------------------------------------------
 N-N energy              :            (au)                 67.439963428337
 Ext. field (nuc)        :            (au)                  0.000000000000
---------------------------------------------------------------------------
 Electronic energy       :            (au)               -317.425591380349
 Nuclear energy          :            (au)                 67.439963428337
---------------------------------------------------------------------------
 Total energy            :            (au)             -2.499856279520e+02
                         :      (kcal/mol)             -1.568683486538e+05
                         :        (kJ/mol)             -6.563371711935e+05
                         :            (eV)             -6.802455179168e+03
===========================================================================


===========================================================================
                         Orbital Energies (final)
---------------------------------------------------------------------------
    n  Occ Spin          :                                         Epsilon
---------------------------------------------------------------------------
    0    1    a          :            (au)                -24.257642942983
    1    1    a          :            (au)                -19.008614132106
    2    1    a          :            (au)                -18.940366301629
    3    1    a          :            (au)                 -1.272508590004
    4    1    a          :            (au)                 -1.044602921742
    5    1    a          :            (au)                 -0.789512952747
    6    1    a          :            (au)                 -0.561852195276
    7    1    a          :            (au)                 -0.552112699923
    8    1    a          :            (au)                 -0.542560558758
    9    1    a          :            (au)                 -0.347752170152
   10    1    a          :            (au)                 -0.347239363786
   11    1    a          :            (au)                 -0.333979089831
   12    1    a          :            (au)                 -0.283115799710
   13    1    b          :            (au)                -24.258255751782
   14    1    b          :            (au)                -18.995910437369
   15    1    b          :            (au)                -18.925702783224
   16    1    b          :            (au)                 -1.250866382388
   17    1    b          :            (au)                 -1.044561416901
   18    1    b          :            (au)                 -0.757764515996
   19    1    b          :            (au)                 -0.549380947413
   20    1    b          :            (au)                 -0.527023048668
   21    1    b          :            (au)                 -0.497187265276
   22    1    b          :            (au)                 -0.341943877887
   23    1    b          :            (au)                 -0.335783446850
   24    1    b          :            (au)                 -0.333695260343
---------------------------------------------------------------------------
 Sum occupied            :            (au)               -136.099934852742
===========================================================================


===========================================================================
                           Dipole Moment (dip-1)
---------------------------------------------------------------------------
 r_O                     :        0.000000        0.000000        0.000000
---------------------------------------------------------------------------
 Electronic vector       :       -0.000002       -0.153606       -0.412765
 Magnitude               :            (au)                        0.440420
                         :         (Debye)                        1.119437
---------------------------------------------------------------------------
 Nuclear vector          :        0.000000        0.663511        0.944044
 Magnitude               :            (au)                        1.153891
                         :         (Debye)                        2.932899
---------------------------------------------------------------------------
 Total vector            :       -0.000002        0.509905        0.531279
 Magnitude               :            (au)                        0.736383
                         :         (Debye)                        1.871698
===========================================================================


                                                                           
                                                                           
***************************************************************************
***                                                                     ***
***                            Exiting MRChem                           ***
***                                                                     ***
***                       Wall time :  1h  8m 15s                       ***
***                                                                     ***
***************************************************************************
                                                                           
                                                                           
