Starting job 3267492 on c11-[4,6,15] at Wed Aug 11 11:30:18 CEST 2021

Copying 12_pbe_.out to /cluster/home/ambr/projects/psp/row12/calcs/singlets
Copying 12_pbe_.json to /cluster/home/ambr/projects/psp/row12/calcs/singlets

Task and CPU usage stats:
       JobID    JobName  AllocCPUS   NTasks     MinCPU MinCPUTask     AveCPU    Elapsed ExitCode 
------------ ---------- ---------- -------- ---------- ---------- ---------- ---------- -------- 
3267492         12_pbe_        120                                             00:09:38      1:0 
3267492.bat+      batch         42        1   00:00:00          0   00:00:00   00:09:38      1:0 
3267492.ext+     extern        120        3   00:00:00          1   00:00:00   00:09:38      0:0 
3267492.0      mrchem.x        120       20   00:09:33         19   00:32:08   00:09:36      0:0 

Memory usage stats:
       JobID     MaxRSS MaxRSSTask     AveRSS MaxPages   MaxPagesTask   AvePages 
------------ ---------- ---------- ---------- -------- -------------- ---------- 
3267492                                                                          
3267492.bat+     14236K          0     14236K        0              0          0 
3267492.ext+          0          1          0        0              1          0 
3267492.0      2851732K         12 2532295065        0              1          0 

Disk usage stats:
       JobID  MaxDiskRead MaxDiskReadTask    AveDiskRead MaxDiskWrite MaxDiskWriteTask   AveDiskWrite 
------------ ------------ --------------- -------------- ------------ ---------------- -------------- 
3267492                                                                                               
3267492.bat+        3.73M               0          3.73M        0.02M                0          0.02M 
3267492.ext+        0.00M               1          0.00M            0                1              0 
3267492.0           2.67M               0          2.66M        2.10M                0          2.07M 

Job 3267492 completed at Wed Aug 11 11:39:56 CEST 2021
