                                                                           
                                                                           
***************************************************************************
***                                                                     ***
***                                                                     ***
***          __  __ ____   ____ _                                       ***
***         |  \/  |  _ \ / ___| |__   ___ _ __ ___                     ***
***         | |\/| | |_) | |   | '_ \ / _ \ '_ ` _ \                    ***
***         | |  | |  _ <| |___| | | |  __/ | | | | |                   ***
***         |_|  |_|_| \_\\____|_| |_|\___|_| |_| |_|                   ***
***                                                                     ***
***         VERSION            1.0.1                                    ***
***                                                                     ***
***         Git branch         HEAD                                     ***
***         Git commit hash    9309e3e1e52e5319b766-dirty               ***
***         Git commit author  Stig Rune Jensen                         ***
***         Git commit date    Fri Dec 4 16:08:55 2020 +0100            ***
***                                                                     ***
***         Contact: luca.frediani@uit.no                               ***
***                                                                     ***
***         Radovan Bast            Magnar Bjorgve                      ***
***         Roberto Di Remigio      Antoine Durdek                      ***
***         Luca Frediani           Gabriel Gerez                       ***
***         Stig Rune Jensen        Jonas Juselius                      ***
***         Rune Monstad            Peter Wind                          ***
***                                                                     ***
***************************************************************************

---------------------------------------------------------------------------

 MPI processes           :        (1 bank)                              20
 OpenMP threads          :                                               6
 Total cores             :                                             120
                                                                           
---------------------------------------------------------------------------

XCFun DFT library Copyright 2009-2020 Ulf Ekstrom and contributors.
See http://dftlibs.org/xcfun/ for more information.

This is free software; see the source code for copying conditions.
There is ABSOLUTELY NO WARRANTY; not even for MERCHANTABILITY or
FITNESS FOR A PARTICULAR PURPOSE. For details see the documentation.
Scientific users of this library should cite
U. Ekstrom, L. Visscher, R. Bast, A. J. Thorvaldsen and K. Ruud;
J.Chem.Theor.Comp. 2010, DOI: 10.1021/ct100117s

---------------------------------------------------------------------------

 MRCPP version         : 1.3.6
 Git branch            : HEAD
 Git commit hash       : 9309e3e1e52e5319b766-dirty
 Git commit author     : Stig Rune Jensen
 Git commit date       : Fri Dec 4 16:08:55 2020 +0100

 Linear algebra        : EIGEN v3.3.7
 Parallelization       : MPI/OpenMP (6 threads)

---------------------------------------------------------------------------


                                                                           
===========================================================================
                         MultiResolution Analysis
---------------------------------------------------------------------------
 polynomial order      : 9
 polynomial type       : Interpolating
---------------------------------------------------------------------------
 total boxes           : 8
 boxes                 : [          2           2           2 ]
 unit lengths          : [   32.00000    32.00000    32.00000 ]
 scaling factor        : [    1.00000     1.00000     1.00000 ]
 lower bounds          : [  -32.00000   -32.00000   -32.00000 ]
 upper bounds          : [   32.00000    32.00000    32.00000 ]
 total length          : [   64.00000    64.00000    64.00000 ]
===========================================================================


                                                                           
***************************************************************************
***                                                                     ***
***                        Initializing Molecule                        ***
***                                                                     ***
***************************************************************************
                                                                           
                                                                           
===========================================================================
                                 Molecule
---------------------------------------------------------------------------
 Charge                  :                                               0
 Multiplicity            :                                               3
---------------------------------------------------------------------------
    N    Atom            :               x               y               z
---------------------------------------------------------------------------
    0       N            :        0.000000        0.000000       -0.131450
    1       H            :        0.000000        0.000000        1.826684
---------------------------------------------------------------------------
 Center of mass          :        0.000000        0.000000       -0.000000
===========================================================================


                                                                           
***************************************************************************
***                                                                     ***
***                 Computing Ground State Wavefunction                 ***
***                                                                     ***
***************************************************************************
                                                                           
                                                                           
~~~~~~~~~~~~~~~~~~~~~~~~~~~~~~~~~~~~~~~~~~~~~~~~~~~~~~~~~~~~~~~~~~~~~~~~~~~
 Calculation             : Compute initial orbitals
 Method                  : Diagonalize SAD Hamiltonian
 Precision               : 1.00000e-04
 Restricted              : False
 Functional              : LDA (SVWN5)
 AO basis                : Hydrogenic orbitals
 Zeta quality            : 2
~~~~~~~~~~~~~~~~~~~~~~~~~~~~~~~~~~~~~~~~~~~~~~~~~~~~~~~~~~~~~~~~~~~~~~~~~~~


===========================================================================
                            Molecular Orbitals
---------------------------------------------------------------------------
 Alpha electrons         :                                               5
 Beta electrons          :                                               3
 Total electrons         :                                               8
---------------------------------------------------------------------------
    n  Occ Spin          :                                            Norm
---------------------------------------------------------------------------
    0    1    a          :                              9.999999999995e-01
    1    1    a          :                              9.999999999123e-01
    2    1    a          :                              9.999999996572e-01
    3    1    a          :                              9.999999999120e-01
    4    1    a          :                              9.999999999120e-01
    5    1    b          :                              9.999999999995e-01
    6    1    b          :                              9.999999999123e-01
    7    1    b          :                              9.999999996572e-01
===========================================================================


~~~~~~~~~~~~~~~~~~~~~~~~~~~~~~~~~~~~~~~~~~~~~~~~~~~~~~~~~~~~~~~~~~~~~~~~~~~
 Calculation             : Compute initial energy
 Method                  : DFT (PBE)
 Precision               : 1.00000e-04
 Localization            : On
~~~~~~~~~~~~~~~~~~~~~~~~~~~~~~~~~~~~~~~~~~~~~~~~~~~~~~~~~~~~~~~~~~~~~~~~~~~


===========================================================================
                        Molecular Energy (initial)
---------------------------------------------------------------------------
 Kinetic energy          :            (au)                 57.496935964583
 E-N energy              :            (au)               -138.920653693055
 Coulomb energy          :            (au)                 30.022875701848
 Exchange energy         :            (au)                  0.000000000000
 X-C energy              :            (au)                 -7.166470498201
 Ext. field (el)         :            (au)                  0.000000000000
---------------------------------------------------------------------------
 N-N energy              :            (au)                  3.574831829569
 Ext. field (nuc)        :            (au)                  0.000000000000
---------------------------------------------------------------------------
 Electronic energy       :            (au)                -58.567312524824
 Nuclear energy          :            (au)                  3.574831829569
---------------------------------------------------------------------------
 Total energy            :            (au)             -5.499248069526e+01
                         :      (kcal/mol)             -3.450830236007e+04
                         :        (kJ/mol)             -1.443827371682e+05
                         :            (eV)             -1.496421567053e+03
===========================================================================


===========================================================================
                        Orbital Energies (initial)
---------------------------------------------------------------------------
    n  Occ Spin          :                                         Epsilon
---------------------------------------------------------------------------
    0    1    a          :            (au)                -13.949297895748
    1    1    a          :            (au)                 -0.779692135508
    2    1    a          :            (au)                 -0.355084565279
    3    1    a          :            (au)                 -0.291886364985
    4    1    a          :            (au)                 -0.291886364638
    5    1    b          :            (au)                -13.910422165549
    6    1    b          :            (au)                 -0.695722596090
    7    1    b          :            (au)                 -0.306364250974
---------------------------------------------------------------------------
 Sum occupied            :            (au)                -30.580356338770
===========================================================================


~~~~~~~~~~~~~~~~~~~~~~~~~~~~~~~~~~~~~~~~~~~~~~~~~~~~~~~~~~~~~~~~~~~~~~~~~~~
 Calculation             : Optimize ground state orbitals
 Method                  : DFT (PBE)
 Checkpointing           : Off
 Max iterations          : 200
 KAIN solver             : 10
 Localization            : First two iterations
 Diagonalization         : Off
 Start precision         : 1.00000e-06
 Final precision         : 1.00000e-06
 Helmholtz precision     : Dynamic
 Energy threshold        : 1.00000e-06
 Orbital threshold       : 5.00000e-05
~~~~~~~~~~~~~~~~~~~~~~~~~~~~~~~~~~~~~~~~~~~~~~~~~~~~~~~~~~~~~~~~~~~~~~~~~~~


===========================================================================
 Iter           MO residual             Total energy                Update
---------------------------------------------------------------------------
    0          2.828427e+00         -54.992480695255         -5.499248e+01
    1          1.907609e-01         -55.159323867366         -1.668432e-01
    2          5.625339e-02         -55.173893796867         -1.456993e-02
    3          2.480163e-02         -55.176013970843         -2.120174e-03
    4          1.377161e-02         -55.176479856759         -4.658859e-04
    5          9.859013e-03         -55.176781484238         -3.016275e-04
    6          4.791975e-03         -55.176834877549         -5.339331e-05
    7          3.966466e-03         -55.176853688727         -1.881118e-05
    8          1.127071e-03         -55.176856112050         -2.423324e-06
    9          9.930292e-04         -55.176857522214         -1.410164e-06
   10          5.258931e-04         -55.176857900055         -3.778407e-07
   11          5.364600e-04         -55.176858134468         -2.344135e-07
   12          1.629565e-04         -55.176858172813         -3.834425e-08
   13          7.893162e-05         -55.176858185371         -1.255808e-08
---------------------------------------------------------------------------
                      SCF converged in 13 iterations!
===========================================================================


                                                                           
***************************************************************************
***                                                                     ***
***                    Printing Molecular Properties                    ***
***                                                                     ***
***************************************************************************
                                                                           
                                                                           
===========================================================================
                                 Molecule
---------------------------------------------------------------------------
 Charge                  :                                               0
 Multiplicity            :                                               3
---------------------------------------------------------------------------
    N    Atom            :               x               y               z
---------------------------------------------------------------------------
    0       N            :        0.000000        0.000000       -0.131450
    1       H            :        0.000000        0.000000        1.826684
---------------------------------------------------------------------------
 Center of mass          :        0.000000        0.000000       -0.000000
===========================================================================


===========================================================================
                         Molecular Energy (final)
---------------------------------------------------------------------------
 Kinetic energy          :            (au)                 55.006735533012
 E-N energy              :            (au)               -136.623589089784
 Coulomb energy          :            (au)                 29.969743808282
 Exchange energy         :            (au)                  0.000000000000
 X-C energy              :            (au)                 -7.104580266450
 Ext. field (el)         :            (au)                  0.000000000000
---------------------------------------------------------------------------
 N-N energy              :            (au)                  3.574831829569
 Ext. field (nuc)        :            (au)                  0.000000000000
---------------------------------------------------------------------------
 Electronic energy       :            (au)                -58.751690014940
 Nuclear energy          :            (au)                  3.574831829569
---------------------------------------------------------------------------
 Total energy            :            (au)             -5.517685818537e+01
                         :      (kcal/mol)             -3.462400098099e+04
                         :        (kJ/mol)             -1.448668201985e+05
                         :            (eV)             -1.501438733931e+03
===========================================================================


===========================================================================
                         Orbital Energies (final)
---------------------------------------------------------------------------
    n  Occ Spin          :                                         Epsilon
---------------------------------------------------------------------------
    0    1    a          :            (au)                -14.067693736642
    1    1    a          :            (au)                 -0.768645739795
    2    1    a          :            (au)                 -0.357874435845
    3    1    a          :            (au)                 -0.291153188583
    4    1    a          :            (au)                 -0.291153187727
    5    1    b          :            (au)                -14.030432726324
    6    1    b          :            (au)                 -0.674678515825
    7    1    b          :            (au)                 -0.318230446035
---------------------------------------------------------------------------
 Sum occupied            :            (au)                -30.799861976776
===========================================================================


===========================================================================
                           Dipole Moment (dip-1)
---------------------------------------------------------------------------
 r_O                     :        0.000000        0.000000        0.000000
---------------------------------------------------------------------------
 Electronic vector       :        0.000000        0.000000       -0.323557
 Magnitude               :            (au)                        0.323557
                         :         (Debye)                        0.822399
---------------------------------------------------------------------------
 Nuclear vector          :        0.000000        0.000000        0.906533
 Magnitude               :            (au)                        0.906533
                         :         (Debye)                        2.304177
---------------------------------------------------------------------------
 Total vector            :        0.000000        0.000000        0.582977
 Magnitude               :            (au)                        0.582977
                         :         (Debye)                        1.481778
===========================================================================


                                                                           
                                                                           
***************************************************************************
***                                                                     ***
***                            Exiting MRChem                           ***
***                                                                     ***
***                       Wall time :  0h 10m 21s                       ***
***                                                                     ***
***************************************************************************
                                                                           
                                                                           
