                                                                           
                                                                           
***************************************************************************
***                                                                     ***
***                                                                     ***
***          __  __ ____   ____ _                                       ***
***         |  \/  |  _ \ / ___| |__   ___ _ __ ___                     ***
***         | |\/| | |_) | |   | '_ \ / _ \ '_ ` _ \                    ***
***         | |  | |  _ <| |___| | | |  __/ | | | | |                   ***
***         |_|  |_|_| \_\\____|_| |_|\___|_| |_| |_|                   ***
***                                                                     ***
***         VERSION            1.0.1                                    ***
***                                                                     ***
***         Git branch         HEAD                                     ***
***         Git commit hash    9309e3e1e52e5319b766-dirty               ***
***         Git commit author  Stig Rune Jensen                         ***
***         Git commit date    Fri Dec 4 16:08:55 2020 +0100            ***
***                                                                     ***
***         Contact: luca.frediani@uit.no                               ***
***                                                                     ***
***         Radovan Bast            Magnar Bjorgve                      ***
***         Roberto Di Remigio      Antoine Durdek                      ***
***         Luca Frediani           Gabriel Gerez                       ***
***         Stig Rune Jensen        Jonas Juselius                      ***
***         Rune Monstad            Peter Wind                          ***
***                                                                     ***
***************************************************************************

---------------------------------------------------------------------------

 MPI processes           :        (1 bank)                              20
 OpenMP threads          :                                               6
 Total cores             :                                             120
                                                                           
---------------------------------------------------------------------------

XCFun DFT library Copyright 2009-2020 Ulf Ekstrom and contributors.
See http://dftlibs.org/xcfun/ for more information.

This is free software; see the source code for copying conditions.
There is ABSOLUTELY NO WARRANTY; not even for MERCHANTABILITY or
FITNESS FOR A PARTICULAR PURPOSE. For details see the documentation.
Scientific users of this library should cite
U. Ekstrom, L. Visscher, R. Bast, A. J. Thorvaldsen and K. Ruud;
J.Chem.Theor.Comp. 2010, DOI: 10.1021/ct100117s

---------------------------------------------------------------------------

 MRCPP version         : 1.3.6
 Git branch            : HEAD
 Git commit hash       : 9309e3e1e52e5319b766-dirty
 Git commit author     : Stig Rune Jensen
 Git commit date       : Fri Dec 4 16:08:55 2020 +0100

 Linear algebra        : EIGEN v3.3.7
 Parallelization       : MPI/OpenMP (6 threads)

---------------------------------------------------------------------------


                                                                           
===========================================================================
                         MultiResolution Analysis
---------------------------------------------------------------------------
 polynomial order      : 9
 polynomial type       : Interpolating
---------------------------------------------------------------------------
 total boxes           : 8
 boxes                 : [          2           2           2 ]
 unit lengths          : [   16.00000    16.00000    16.00000 ]
 scaling factor        : [    1.00000     1.00000     1.00000 ]
 lower bounds          : [  -16.00000   -16.00000   -16.00000 ]
 upper bounds          : [   16.00000    16.00000    16.00000 ]
 total length          : [   32.00000    32.00000    32.00000 ]
===========================================================================


                                                                           
***************************************************************************
***                                                                     ***
***                        Initializing Molecule                        ***
***                                                                     ***
***************************************************************************
                                                                           
                                                                           
===========================================================================
                                 Molecule
---------------------------------------------------------------------------
 Charge                  :                                               0
 Multiplicity            :                                               2
---------------------------------------------------------------------------
    N    Atom            :               x               y               z
---------------------------------------------------------------------------
    0       N            :        0.000000        0.000000       -0.150903
    1       H            :        0.000000        1.518584        1.048506
    2       H            :        0.000000       -1.518584        1.048506
---------------------------------------------------------------------------
 Center of mass          :        0.000000        0.000000       -0.000000
===========================================================================


                                                                           
***************************************************************************
***                                                                     ***
***                 Computing Ground State Wavefunction                 ***
***                                                                     ***
***************************************************************************
                                                                           
                                                                           
~~~~~~~~~~~~~~~~~~~~~~~~~~~~~~~~~~~~~~~~~~~~~~~~~~~~~~~~~~~~~~~~~~~~~~~~~~~
 Calculation             : Compute initial orbitals
 Method                  : Project MW molecular orbitals
 Precision               : 1.00000e-04
 Restricted              : False
 MO alpha file           : initial_guess/phi_a_scf
 MO beta file            : initial_guess/phi_b_scf
~~~~~~~~~~~~~~~~~~~~~~~~~~~~~~~~~~~~~~~~~~~~~~~~~~~~~~~~~~~~~~~~~~~~~~~~~~~


===========================================================================
                            Molecular Orbitals
---------------------------------------------------------------------------
 Alpha electrons         :                                               5
 Beta electrons          :                                               4
 Total electrons         :                                               9
---------------------------------------------------------------------------
    n  Occ Spin          :                                            Norm
---------------------------------------------------------------------------
    0    1    a          :                              1.000000004632e+00
    1    1    a          :                              1.000000000999e+00
    2    1    a          :                              1.000000001000e+00
    3    1    a          :                              1.000000000679e+00
    4    1    a          :                              1.000000000679e+00
    5    1    b          :                              1.000000004638e+00
    6    1    b          :                              1.000000000189e+00
    7    1    b          :                              1.000000000189e+00
    8    1    b          :                              1.000000000815e+00
===========================================================================


~~~~~~~~~~~~~~~~~~~~~~~~~~~~~~~~~~~~~~~~~~~~~~~~~~~~~~~~~~~~~~~~~~~~~~~~~~~
 Calculation             : Compute initial energy
 Method                  : DFT (B3LYP-G)
 Precision               : 1.00000e-04
 Localization            : On
~~~~~~~~~~~~~~~~~~~~~~~~~~~~~~~~~~~~~~~~~~~~~~~~~~~~~~~~~~~~~~~~~~~~~~~~~~~


===========================================================================
                        Molecular Energy (initial)
---------------------------------------------------------------------------
 Kinetic energy          :            (au)                 55.671469106249
 E-N energy              :            (au)               -145.912445361423
 Coulomb energy          :            (au)                 34.363004984426
 Exchange energy         :            (au)                 -1.454081016625
 X-C energy              :            (au)                 -6.143727277930
 Ext. field (el)         :            (au)                  0.000000000000
---------------------------------------------------------------------------
 N-N energy              :            (au)                  7.563957697008
 Ext. field (nuc)        :            (au)                  0.000000000000
---------------------------------------------------------------------------
 Electronic energy       :            (au)                -63.475779565304
 Nuclear energy          :            (au)                  7.563957697008
---------------------------------------------------------------------------
 Total energy            :            (au)             -5.591182186830e+01
                         :      (kcal/mol)             -3.508519765140e+04
                         :        (kJ/mol)             -1.467964670687e+05
                         :            (eV)             -1.521438113705e+03
===========================================================================


===========================================================================
                        Orbital Energies (initial)
---------------------------------------------------------------------------
    n  Occ Spin          :                                         Epsilon
---------------------------------------------------------------------------
    0    1    a          :            (au)                -14.353463917611
    1    1    a          :            (au)                 -0.862874189313
    2    1    a          :            (au)                 -0.481921432541
    3    1    a          :            (au)                 -0.338218694256
    4    1    a          :            (au)                 -0.325958023715
    5    1    b          :            (au)                -14.333910493307
    6    1    b          :            (au)                 -0.810167125477
    7    1    b          :            (au)                 -0.468247503116
    8    1    b          :            (au)                 -0.314701667854
---------------------------------------------------------------------------
 Sum occupied            :            (au)                -32.289463047191
===========================================================================


~~~~~~~~~~~~~~~~~~~~~~~~~~~~~~~~~~~~~~~~~~~~~~~~~~~~~~~~~~~~~~~~~~~~~~~~~~~
 Calculation             : Optimize ground state orbitals
 Method                  : DFT (B3LYP-G)
 Checkpointing           : Off
 Max iterations          : 200
 KAIN solver             : 10
 Localization            : First two iterations
 Diagonalization         : Off
 Start precision         : 1.00000e-06
 Final precision         : 1.00000e-06
 Helmholtz precision     : Dynamic
 Energy threshold        : 1.00000e-06
 Orbital threshold       : 1.00000e-05
~~~~~~~~~~~~~~~~~~~~~~~~~~~~~~~~~~~~~~~~~~~~~~~~~~~~~~~~~~~~~~~~~~~~~~~~~~~


===========================================================================
 Iter           MO residual             Total energy                Update
---------------------------------------------------------------------------
    0          3.000000e+00         -55.911821868296         -5.591182e+01
    1          7.500519e-04         -55.911883262608         -6.139431e-05
    2          5.067459e-04         -55.911890508313         -7.245705e-06
    3          4.040607e-04         -55.911890861140         -3.528267e-07
    4          2.765058e-04         -55.911891055203         -1.940634e-07
    5          7.474317e-04         -55.911891439628         -3.844255e-07
    6          1.127442e-04         -55.911891461400         -2.177206e-08
    7          1.114329e-04         -55.911891477172         -1.577165e-08
    8          3.140678e-05         -55.911891478036         -8.637429e-10
    9          1.248592e-05         -55.911891478402         -3.664624e-10
---------------------------------------------------------------------------
                      SCF converged in 9 iterations!
===========================================================================


                                                                           
***************************************************************************
***                                                                     ***
***                    Printing Molecular Properties                    ***
***                                                                     ***
***************************************************************************
                                                                           
                                                                           
===========================================================================
                                 Molecule
---------------------------------------------------------------------------
 Charge                  :                                               0
 Multiplicity            :                                               2
---------------------------------------------------------------------------
    N    Atom            :               x               y               z
---------------------------------------------------------------------------
    0       N            :        0.000000        0.000000       -0.150903
    1       H            :        0.000000        1.518584        1.048506
    2       H            :        0.000000       -1.518584        1.048506
---------------------------------------------------------------------------
 Center of mass          :        0.000000        0.000000       -0.000000
===========================================================================


===========================================================================
                         Molecular Energy (final)
---------------------------------------------------------------------------
 Kinetic energy          :            (au)                 55.672563754114
 E-N energy              :            (au)               -145.913932725390
 Coulomb energy          :            (au)                 34.363247721961
 Exchange energy         :            (au)                 -1.454012864502
 X-C energy              :            (au)                 -6.143715061593
 Ext. field (el)         :            (au)                  0.000000000000
---------------------------------------------------------------------------
 N-N energy              :            (au)                  7.563957697008
 Ext. field (nuc)        :            (au)                  0.000000000000
---------------------------------------------------------------------------
 Electronic energy       :            (au)                -63.475849175410
 Nuclear energy          :            (au)                  7.563957697008
---------------------------------------------------------------------------
 Total energy            :            (au)             -5.591189147840e+01
                         :      (kcal/mol)             -3.508524133240e+04
                         :        (kJ/mol)             -1.467966498300e+05
                         :            (eV)             -1.521440007893e+03
===========================================================================


===========================================================================
                         Orbital Energies (final)
---------------------------------------------------------------------------
    n  Occ Spin          :                                         Epsilon
---------------------------------------------------------------------------
    0    1    a          :            (au)                -14.353349516655
    1    1    a          :            (au)                 -0.862976893041
    2    1    a          :            (au)                 -0.482013249023
    3    1    a          :            (au)                 -0.338303685705
    4    1    a          :            (au)                 -0.326002347487
    5    1    b          :            (au)                -14.333569133284
    6    1    b          :            (au)                 -0.810182076941
    7    1    b          :            (au)                 -0.468267221225
    8    1    b          :            (au)                 -0.314671987823
---------------------------------------------------------------------------
 Sum occupied            :            (au)                -32.289336111184
===========================================================================


===========================================================================
                           Dipole Moment (dip-1)
---------------------------------------------------------------------------
 r_O                     :        0.000000        0.000000        0.000000
---------------------------------------------------------------------------
 Electronic vector       :       -0.000000        0.000000       -0.344275
 Magnitude               :            (au)                        0.344275
                         :         (Debye)                        0.875060
---------------------------------------------------------------------------
 Nuclear vector          :        0.000000        0.000000        1.040689
 Magnitude               :            (au)                        1.040689
                         :         (Debye)                        2.645168
---------------------------------------------------------------------------
 Total vector            :       -0.000000        0.000000        0.696414
 Magnitude               :            (au)                        0.696414
                         :         (Debye)                        1.770109
===========================================================================


                                                                           
                                                                           
***************************************************************************
***                                                                     ***
***                            Exiting MRChem                           ***
***                                                                     ***
***                       Wall time :  0h 10m 44s                       ***
***                                                                     ***
***************************************************************************
                                                                           
                                                                           
