                                                                           
                                                                           
***************************************************************************
***                                                                     ***
***                                                                     ***
***          __  __ ____   ____ _                                       ***
***         |  \/  |  _ \ / ___| |__   ___ _ __ ___                     ***
***         | |\/| | |_) | |   | '_ \ / _ \ '_ ` _ \                    ***
***         | |  | |  _ <| |___| | | |  __/ | | | | |                   ***
***         |_|  |_|_| \_\\____|_| |_|\___|_| |_| |_|                   ***
***                                                                     ***
***         VERSION            1.0.1                                    ***
***                                                                     ***
***         Git branch         HEAD                                     ***
***         Git commit hash    9309e3e1e52e5319b766-dirty               ***
***         Git commit author  Stig Rune Jensen                         ***
***         Git commit date    Fri Dec 4 16:08:55 2020 +0100            ***
***                                                                     ***
***         Contact: luca.frediani@uit.no                               ***
***                                                                     ***
***         Radovan Bast            Magnar Bjorgve                      ***
***         Roberto Di Remigio      Antoine Durdek                      ***
***         Luca Frediani           Gabriel Gerez                       ***
***         Stig Rune Jensen        Jonas Juselius                      ***
***         Rune Monstad            Peter Wind                          ***
***                                                                     ***
***************************************************************************

---------------------------------------------------------------------------

 MPI processes           :        (1 bank)                              20
 OpenMP threads          :                                               6
 Total cores             :                                             120
                                                                           
---------------------------------------------------------------------------

XCFun DFT library Copyright 2009-2020 Ulf Ekstrom and contributors.
See http://dftlibs.org/xcfun/ for more information.

This is free software; see the source code for copying conditions.
There is ABSOLUTELY NO WARRANTY; not even for MERCHANTABILITY or
FITNESS FOR A PARTICULAR PURPOSE. For details see the documentation.
Scientific users of this library should cite
U. Ekstrom, L. Visscher, R. Bast, A. J. Thorvaldsen and K. Ruud;
J.Chem.Theor.Comp. 2010, DOI: 10.1021/ct100117s

---------------------------------------------------------------------------

 MRCPP version         : 1.3.6
 Git branch            : HEAD
 Git commit hash       : 9309e3e1e52e5319b766-dirty
 Git commit author     : Stig Rune Jensen
 Git commit date       : Fri Dec 4 16:08:55 2020 +0100

 Linear algebra        : EIGEN v3.3.7
 Parallelization       : MPI/OpenMP (6 threads)

---------------------------------------------------------------------------


                                                                           
===========================================================================
                         MultiResolution Analysis
---------------------------------------------------------------------------
 polynomial order      : 9
 polynomial type       : Interpolating
---------------------------------------------------------------------------
 total boxes           : 8
 boxes                 : [          2           2           2 ]
 unit lengths          : [   32.00000    32.00000    32.00000 ]
 scaling factor        : [    1.00000     1.00000     1.00000 ]
 lower bounds          : [  -32.00000   -32.00000   -32.00000 ]
 upper bounds          : [   32.00000    32.00000    32.00000 ]
 total length          : [   64.00000    64.00000    64.00000 ]
===========================================================================


                                                                           
***************************************************************************
***                                                                     ***
***                        Initializing Molecule                        ***
***                                                                     ***
***************************************************************************
                                                                           
                                                                           
===========================================================================
                                 Molecule
---------------------------------------------------------------------------
 Charge                  :                                               0
 Multiplicity            :                                               2
---------------------------------------------------------------------------
    N    Atom            :               x               y               z
---------------------------------------------------------------------------
    0       N            :        0.000000        0.000000       -0.150903
    1       H            :        0.000000        1.518584        1.048506
    2       H            :        0.000000       -1.518584        1.048506
---------------------------------------------------------------------------
 Center of mass          :        0.000000        0.000000       -0.000000
===========================================================================


                                                                           
***************************************************************************
***                                                                     ***
***                 Computing Ground State Wavefunction                 ***
***                                                                     ***
***************************************************************************
                                                                           
                                                                           
~~~~~~~~~~~~~~~~~~~~~~~~~~~~~~~~~~~~~~~~~~~~~~~~~~~~~~~~~~~~~~~~~~~~~~~~~~~
 Calculation             : Compute initial orbitals
 Method                  : Diagonalize SAD Hamiltonian
 Precision               : 1.00000e-04
 Restricted              : False
 Functional              : LDA (SVWN5)
 AO basis                : Hydrogenic orbitals
 Zeta quality            : 2
~~~~~~~~~~~~~~~~~~~~~~~~~~~~~~~~~~~~~~~~~~~~~~~~~~~~~~~~~~~~~~~~~~~~~~~~~~~


===========================================================================
                            Molecular Orbitals
---------------------------------------------------------------------------
 Alpha electrons         :                                               5
 Beta electrons          :                                               4
 Total electrons         :                                               9
---------------------------------------------------------------------------
    n  Occ Spin          :                                            Norm
---------------------------------------------------------------------------
    0    1    a          :                              9.999999999945e-01
    1    1    a          :                              9.999999999340e-01
    2    1    a          :                              9.999999446802e-01
    3    1    a          :                              1.000000000081e+00
    4    1    a          :                              1.000000000000e+00
    5    1    b          :                              1.000000000015e+00
    6    1    b          :                              1.000000004244e+00
    7    1    b          :                              9.999999944369e-01
    8    1    b          :                              9.999999997370e-01
===========================================================================


~~~~~~~~~~~~~~~~~~~~~~~~~~~~~~~~~~~~~~~~~~~~~~~~~~~~~~~~~~~~~~~~~~~~~~~~~~~
 Calculation             : Compute initial energy
 Method                  : DFT (PBE)
 Precision               : 1.00000e-04
 Localization            : On
~~~~~~~~~~~~~~~~~~~~~~~~~~~~~~~~~~~~~~~~~~~~~~~~~~~~~~~~~~~~~~~~~~~~~~~~~~~


===========================================================================
                        Molecular Energy (initial)
---------------------------------------------------------------------------
 Kinetic energy          :            (au)                 58.636835282835
 E-N energy              :            (au)               -149.237628934291
 Coulomb energy          :            (au)                 35.081608833702
 Exchange energy         :            (au)                  0.000000000000
 X-C energy              :            (au)                 -7.660670649126
 Ext. field (el)         :            (au)                  0.000000000000
---------------------------------------------------------------------------
 N-N energy              :            (au)                  7.563957697008
 Ext. field (nuc)        :            (au)                  0.000000000000
---------------------------------------------------------------------------
 Electronic energy       :            (au)                -63.179855466880
 Nuclear energy          :            (au)                  7.563957697008
---------------------------------------------------------------------------
 Total energy            :            (au)             -5.561589776987e+01
                         :      (kcal/mol)             -3.489950247753e+04
                         :        (kJ/mol)             -1.460195184608e+05
                         :            (eV)             -1.513385609117e+03
===========================================================================


===========================================================================
                        Orbital Energies (initial)
---------------------------------------------------------------------------
    n  Occ Spin          :                                         Epsilon
---------------------------------------------------------------------------
    0    1    a          :            (au)                -13.739937329464
    1    1    a          :            (au)                 -0.740204730682
    2    1    a          :            (au)                 -0.408568294600
    3    1    a          :            (au)                 -0.207782187543
    4    1    a          :            (au)                 -0.198297698992
    5    1    b          :            (au)                -13.720379502097
    6    1    b          :            (au)                 -0.699507498157
    7    1    b          :            (au)                 -0.393527476989
    8    1    b          :            (au)                 -0.173181653661
---------------------------------------------------------------------------
 Sum occupied            :            (au)                -30.281386372185
===========================================================================


~~~~~~~~~~~~~~~~~~~~~~~~~~~~~~~~~~~~~~~~~~~~~~~~~~~~~~~~~~~~~~~~~~~~~~~~~~~
 Calculation             : Optimize ground state orbitals
 Method                  : DFT (PBE)
 Checkpointing           : Off
 Max iterations          : 200
 KAIN solver             : 10
 Localization            : First two iterations
 Diagonalization         : Off
 Start precision         : 1.00000e-06
 Final precision         : 1.00000e-06
 Helmholtz precision     : Dynamic
 Energy threshold        : 1.00000e-06
 Orbital threshold       : 5.00000e-05
~~~~~~~~~~~~~~~~~~~~~~~~~~~~~~~~~~~~~~~~~~~~~~~~~~~~~~~~~~~~~~~~~~~~~~~~~~~


===========================================================================
 Iter           MO residual             Total energy                Update
---------------------------------------------------------------------------
    0          3.000000e+00         -55.615897769872         -5.561590e+01
    1          2.506839e-01         -55.811176364979         -1.952786e-01
    2          1.022464e-01         -55.831093918169         -1.991755e-02
    3          5.853856e-02         -55.834628073887         -3.534156e-03
    4          2.815395e-02         -55.835887493773         -1.259420e-03
    5          1.395078e-02         -55.836437497384         -5.500036e-04
    6          7.365198e-03         -55.836533947452         -9.645007e-05
    7          4.418735e-03         -55.836559087652         -2.514020e-05
    8          1.829510e-03         -55.836563797087         -4.709435e-06
    9          1.048146e-03         -55.836565629417         -1.832330e-06
   10          5.446017e-04         -55.836566119725         -4.903076e-07
   11          4.197070e-04         -55.836566332270         -2.125451e-07
   12          2.138924e-04         -55.836566391997         -5.972690e-08
   13          1.014906e-04         -55.836566408992         -1.699504e-08
---------------------------------------------------------------------------
                      SCF converged in 13 iterations!
===========================================================================


                                                                           
***************************************************************************
***                                                                     ***
***                    Printing Molecular Properties                    ***
***                                                                     ***
***************************************************************************
                                                                           
                                                                           
===========================================================================
                                 Molecule
---------------------------------------------------------------------------
 Charge                  :                                               0
 Multiplicity            :                                               2
---------------------------------------------------------------------------
    N    Atom            :               x               y               z
---------------------------------------------------------------------------
    0       N            :        0.000000        0.000000       -0.150903
    1       H            :        0.000000        1.518584        1.048506
    2       H            :        0.000000       -1.518584        1.048506
---------------------------------------------------------------------------
 Center of mass          :        0.000000        0.000000       -0.000000
===========================================================================


===========================================================================
                         Molecular Energy (final)
---------------------------------------------------------------------------
 Kinetic energy          :            (au)                 55.647672787150
 E-N energy              :            (au)               -145.856085392985
 Coulomb energy          :            (au)                 34.324579648826
 Exchange energy         :            (au)                  0.000000000000
 X-C energy              :            (au)                 -7.516691148992
 Ext. field (el)         :            (au)                  0.000000000000
---------------------------------------------------------------------------
 N-N energy              :            (au)                  7.563957697008
 Ext. field (nuc)        :            (au)                  0.000000000000
---------------------------------------------------------------------------
 Electronic energy       :            (au)                -63.400524106000
 Nuclear energy          :            (au)                  7.563957697008
---------------------------------------------------------------------------
 Total energy            :            (au)             -5.583656640899e+01
                         :      (kcal/mol)             -3.503797413809e+04
                         :        (kJ/mol)             -1.465988838889e+05
                         :            (eV)             -1.519390308425e+03
===========================================================================


===========================================================================
                         Orbital Energies (final)
---------------------------------------------------------------------------
    n  Occ Spin          :                                         Epsilon
---------------------------------------------------------------------------
    0    1    a          :            (au)                -14.019359474272
    1    1    a          :            (au)                 -0.782596334596
    2    1    a          :            (au)                 -0.429665866919
    3    1    a          :            (au)                 -0.286203673752
    4    1    a          :            (au)                 -0.275503135310
    5    1    b          :            (au)                -14.000875393652
    6    1    b          :            (au)                 -0.738370573182
    7    1    b          :            (au)                 -0.416521848337
    8    1    b          :            (au)                 -0.265312298944
---------------------------------------------------------------------------
 Sum occupied            :            (au)                -31.214408598965
===========================================================================


===========================================================================
                           Dipole Moment (dip-1)
---------------------------------------------------------------------------
 r_O                     :        0.000000        0.000000        0.000000
---------------------------------------------------------------------------
 Electronic vector       :        0.000000        0.000000       -0.363776
 Magnitude               :            (au)                        0.363776
                         :         (Debye)                        0.924626
---------------------------------------------------------------------------
 Nuclear vector          :        0.000000        0.000000        1.040689
 Magnitude               :            (au)                        1.040689
                         :         (Debye)                        2.645168
---------------------------------------------------------------------------
 Total vector            :        0.000000        0.000000        0.676913
 Magnitude               :            (au)                        0.676913
                         :         (Debye)                        1.720542
===========================================================================


                                                                           
                                                                           
***************************************************************************
***                                                                     ***
***                            Exiting MRChem                           ***
***                                                                     ***
***                       Wall time :  0h 12m 18s                       ***
***                                                                     ***
***************************************************************************
                                                                           
                                                                           
