                                                                           
                                                                           
***************************************************************************
***                                                                     ***
***                                                                     ***
***          __  __ ____   ____ _                                       ***
***         |  \/  |  _ \ / ___| |__   ___ _ __ ___                     ***
***         | |\/| | |_) | |   | '_ \ / _ \ '_ ` _ \                    ***
***         | |  | |  _ <| |___| | | |  __/ | | | | |                   ***
***         |_|  |_|_| \_\\____|_| |_|\___|_| |_| |_|                   ***
***                                                                     ***
***         VERSION            1.0.1                                    ***
***                                                                     ***
***         Git branch         HEAD                                     ***
***         Git commit hash    9309e3e1e52e5319b766-dirty               ***
***         Git commit author  Stig Rune Jensen                         ***
***         Git commit date    Fri Dec 4 16:08:55 2020 +0100            ***
***                                                                     ***
***         Contact: luca.frediani@uit.no                               ***
***                                                                     ***
***         Radovan Bast            Magnar Bjorgve                      ***
***         Roberto Di Remigio      Antoine Durdek                      ***
***         Luca Frediani           Gabriel Gerez                       ***
***         Stig Rune Jensen        Jonas Juselius                      ***
***         Rune Monstad            Peter Wind                          ***
***                                                                     ***
***************************************************************************

---------------------------------------------------------------------------

 MPI processes           :        (1 bank)                              20
 OpenMP threads          :                                               6
 Total cores             :                                             120
                                                                           
---------------------------------------------------------------------------

XCFun DFT library Copyright 2009-2020 Ulf Ekstrom and contributors.
See http://dftlibs.org/xcfun/ for more information.

This is free software; see the source code for copying conditions.
There is ABSOLUTELY NO WARRANTY; not even for MERCHANTABILITY or
FITNESS FOR A PARTICULAR PURPOSE. For details see the documentation.
Scientific users of this library should cite
U. Ekstrom, L. Visscher, R. Bast, A. J. Thorvaldsen and K. Ruud;
J.Chem.Theor.Comp. 2010, DOI: 10.1021/ct100117s

---------------------------------------------------------------------------

 MRCPP version         : 1.3.6
 Git branch            : HEAD
 Git commit hash       : 9309e3e1e52e5319b766-dirty
 Git commit author     : Stig Rune Jensen
 Git commit date       : Fri Dec 4 16:08:55 2020 +0100

 Linear algebra        : EIGEN v3.3.7
 Parallelization       : MPI/OpenMP (6 threads)

---------------------------------------------------------------------------


                                                                           
===========================================================================
                         MultiResolution Analysis
---------------------------------------------------------------------------
 polynomial order      : 9
 polynomial type       : Interpolating
---------------------------------------------------------------------------
 total boxes           : 8
 boxes                 : [          2           2           2 ]
 unit lengths          : [   16.00000    16.00000    16.00000 ]
 scaling factor        : [    1.00000     1.00000     1.00000 ]
 lower bounds          : [  -16.00000   -16.00000   -16.00000 ]
 upper bounds          : [   16.00000    16.00000    16.00000 ]
 total length          : [   32.00000    32.00000    32.00000 ]
===========================================================================


                                                                           
***************************************************************************
***                                                                     ***
***                        Initializing Molecule                        ***
***                                                                     ***
***************************************************************************
                                                                           
                                                                           
===========================================================================
                                 Molecule
---------------------------------------------------------------------------
 Charge                  :                                               0
 Multiplicity            :                                               2
---------------------------------------------------------------------------
    N    Atom            :               x               y               z
---------------------------------------------------------------------------
    0       N            :        0.000000        0.000000       -0.150903
    1       H            :        0.000000        1.518584        1.048506
    2       H            :        0.000000       -1.518584        1.048506
---------------------------------------------------------------------------
 Center of mass          :        0.000000        0.000000       -0.000000
===========================================================================


                                                                           
***************************************************************************
***                                                                     ***
***                 Computing Ground State Wavefunction                 ***
***                                                                     ***
***************************************************************************
                                                                           
                                                                           
~~~~~~~~~~~~~~~~~~~~~~~~~~~~~~~~~~~~~~~~~~~~~~~~~~~~~~~~~~~~~~~~~~~~~~~~~~~
 Calculation             : Compute initial orbitals
 Method                  : Project MW molecular orbitals
 Precision               : 1.00000e-04
 Restricted              : False
 MO alpha file           : initial_guess/phi_a_scf
 MO beta file            : initial_guess/phi_b_scf
~~~~~~~~~~~~~~~~~~~~~~~~~~~~~~~~~~~~~~~~~~~~~~~~~~~~~~~~~~~~~~~~~~~~~~~~~~~


===========================================================================
                            Molecular Orbitals
---------------------------------------------------------------------------
 Alpha electrons         :                                               5
 Beta electrons          :                                               4
 Total electrons         :                                               9
---------------------------------------------------------------------------
    n  Occ Spin          :                                            Norm
---------------------------------------------------------------------------
    0    1    a          :                              1.000000004631e+00
    1    1    a          :                              1.000000001479e+00
    2    1    a          :                              1.000000001479e+00
    3    1    a          :                              1.000000000667e+00
    4    1    a          :                              1.000000000667e+00
    5    1    b          :                              1.000000004642e+00
    6    1    b          :                              1.000000000052e+00
    7    1    b          :                              1.000000000052e+00
    8    1    b          :                              1.000000000794e+00
===========================================================================


~~~~~~~~~~~~~~~~~~~~~~~~~~~~~~~~~~~~~~~~~~~~~~~~~~~~~~~~~~~~~~~~~~~~~~~~~~~
 Calculation             : Compute initial energy
 Method                  : DFT (PBE0)
 Precision               : 1.00000e-04
 Localization            : On
~~~~~~~~~~~~~~~~~~~~~~~~~~~~~~~~~~~~~~~~~~~~~~~~~~~~~~~~~~~~~~~~~~~~~~~~~~~


===========================================================================
                        Molecular Energy (initial)
---------------------------------------------------------------------------
 Kinetic energy          :            (au)                 55.619905241340
 E-N energy              :            (au)               -145.850990251273
 Coulomb energy          :            (au)                 34.354584173832
 Exchange energy         :            (au)                 -1.818770376686
 X-C energy              :            (au)                 -5.710033471062
 Ext. field (el)         :            (au)                  0.000000000000
---------------------------------------------------------------------------
 N-N energy              :            (au)                  7.563957697008
 Ext. field (nuc)        :            (au)                  0.000000000000
---------------------------------------------------------------------------
 Electronic energy       :            (au)                -63.405304683849
 Nuclear energy          :            (au)                  7.563957697008
---------------------------------------------------------------------------
 Total energy            :            (au)             -5.584134698684e+01
                         :      (kcal/mol)             -3.504097399596e+04
                         :        (kJ/mol)             -1.466114352942e+05
                         :            (eV)             -1.519520394570e+03
===========================================================================


===========================================================================
                        Orbital Energies (initial)
---------------------------------------------------------------------------
    n  Occ Spin          :                                         Epsilon
---------------------------------------------------------------------------
    0    1    a          :            (au)                -14.416070037351
    1    1    a          :            (au)                 -0.884809508957
    2    1    a          :            (au)                 -0.491066236502
    3    1    a          :            (au)                 -0.347516943846
    4    1    a          :            (au)                 -0.340474119951
    5    1    b          :            (au)                -14.395407934342
    6    1    b          :            (au)                 -0.824991487966
    7    1    b          :            (au)                 -0.476328517413
    8    1    b          :            (au)                 -0.322637114000
---------------------------------------------------------------------------
 Sum occupied            :            (au)                -32.499301900328
===========================================================================


~~~~~~~~~~~~~~~~~~~~~~~~~~~~~~~~~~~~~~~~~~~~~~~~~~~~~~~~~~~~~~~~~~~~~~~~~~~
 Calculation             : Optimize ground state orbitals
 Method                  : DFT (PBE0)
 Checkpointing           : Off
 Max iterations          : 200
 KAIN solver             : 10
 Localization            : First two iterations
 Diagonalization         : Off
 Start precision         : 1.00000e-06
 Final precision         : 1.00000e-06
 Helmholtz precision     : Dynamic
 Energy threshold        : 1.00000e-06
 Orbital threshold       : 1.00000e-05
~~~~~~~~~~~~~~~~~~~~~~~~~~~~~~~~~~~~~~~~~~~~~~~~~~~~~~~~~~~~~~~~~~~~~~~~~~~


===========================================================================
 Iter           MO residual             Total energy                Update
---------------------------------------------------------------------------
    0          3.000000e+00         -55.841346986842         -5.584135e+01
    1          7.287151e-04         -55.841393334977         -4.634814e-05
    2          4.864153e-04         -55.841401185061         -7.850084e-06
    3          3.858507e-04         -55.841401526131         -3.410701e-07
    4          2.709349e-04         -55.841401716599         -1.904676e-07
    5          7.463049e-04         -55.841402089272         -3.726728e-07
    6          1.100511e-04         -55.841402110290         -2.101810e-08
    7          1.047586e-04         -55.841402125359         -1.506891e-08
    8          3.130527e-05         -55.841402126228         -8.694414e-10
    9          1.268503e-05         -55.841402126617         -3.882406e-10
---------------------------------------------------------------------------
                      SCF converged in 9 iterations!
===========================================================================


                                                                           
***************************************************************************
***                                                                     ***
***                    Printing Molecular Properties                    ***
***                                                                     ***
***************************************************************************
                                                                           
                                                                           
===========================================================================
                                 Molecule
---------------------------------------------------------------------------
 Charge                  :                                               0
 Multiplicity            :                                               2
---------------------------------------------------------------------------
    N    Atom            :               x               y               z
---------------------------------------------------------------------------
    0       N            :        0.000000        0.000000       -0.150903
    1       H            :        0.000000        1.518584        1.048506
    2       H            :        0.000000       -1.518584        1.048506
---------------------------------------------------------------------------
 Center of mass          :        0.000000        0.000000       -0.000000
===========================================================================


===========================================================================
                         Molecular Energy (final)
---------------------------------------------------------------------------
 Kinetic energy          :            (au)                 55.620839137755
 E-N energy              :            (au)               -145.852473572422
 Coulomb energy          :            (au)                 34.354985273296
 Exchange energy         :            (au)                 -1.818691070802
 X-C energy              :            (au)                 -5.710019591451
 Ext. field (el)         :            (au)                  0.000000000000
---------------------------------------------------------------------------
 N-N energy              :            (au)                  7.563957697008
 Ext. field (nuc)        :            (au)                  0.000000000000
---------------------------------------------------------------------------
 Electronic energy       :            (au)                -63.405359823624
 Nuclear energy          :            (au)                  7.563957697008
---------------------------------------------------------------------------
 Total energy            :            (au)             -5.584140212662e+01
                         :      (kcal/mol)             -3.504100859669e+04
                         :        (kJ/mol)             -1.466115800637e+05
                         :            (eV)             -1.519521894999e+03
===========================================================================


===========================================================================
                         Orbital Energies (final)
---------------------------------------------------------------------------
    n  Occ Spin          :                                         Epsilon
---------------------------------------------------------------------------
    0    1    a          :            (au)                -14.415929074951
    1    1    a          :            (au)                 -0.884910894949
    2    1    a          :            (au)                 -0.491164214637
    3    1    a          :            (au)                 -0.347593826713
    4    1    a          :            (au)                 -0.340508005877
    5    1    b          :            (au)                -14.395009355633
    6    1    b          :            (au)                 -0.824993250407
    7    1    b          :            (au)                 -0.476334619501
    8    1    b          :            (au)                 -0.322588929080
---------------------------------------------------------------------------
 Sum occupied            :            (au)                -32.499032171747
===========================================================================


===========================================================================
                           Dipole Moment (dip-1)
---------------------------------------------------------------------------
 r_O                     :        0.000000        0.000000        0.000000
---------------------------------------------------------------------------
 Electronic vector       :       -0.000000        0.000000       -0.341239
 Magnitude               :            (au)                        0.341239
                         :         (Debye)                        0.867343
---------------------------------------------------------------------------
 Nuclear vector          :        0.000000        0.000000        1.040689
 Magnitude               :            (au)                        1.040689
                         :         (Debye)                        2.645168
---------------------------------------------------------------------------
 Total vector            :       -0.000000        0.000000        0.699450
 Magnitude               :            (au)                        0.699450
                         :         (Debye)                        1.777825
===========================================================================


                                                                           
                                                                           
***************************************************************************
***                                                                     ***
***                            Exiting MRChem                           ***
***                                                                     ***
***                       Wall time :  0h 10m 57s                       ***
***                                                                     ***
***************************************************************************
                                                                           
                                                                           
