Starting job 3267537 on c3-[4,27],c5-[25,29],c11-30 at Thu Aug 12 23:41:47 CEST 2021

Copying 14_pbe_.out to /cluster/home/ambr/projects/psp/row12/calcs/doublets
Copying 14_pbe_.json to /cluster/home/ambr/projects/psp/row12/calcs/doublets

Task and CPU usage stats:
       JobID    JobName  AllocCPUS   NTasks     MinCPU MinCPUTask     AveCPU    Elapsed ExitCode 
------------ ---------- ---------- -------- ---------- ---------- ---------- ---------- -------- 
3267537         14_pbe_        120                                             00:12:22      1:0 
3267537.bat+      batch         24        1   00:00:00          0   00:00:00   00:12:22      1:0 
3267537.ext+     extern        120        5   00:00:00          4   00:00:00   00:12:22      0:0 
3267537.0      mrchem.x        120       20   00:12:18         19   00:36:20   00:12:20      0:0 

Memory usage stats:
       JobID     MaxRSS MaxRSSTask     AveRSS MaxPages   MaxPagesTask   AvePages 
------------ ---------- ---------- ---------- -------- -------------- ---------- 
3267537                                                                          
3267537.bat+     14312K          0     14312K        0              0          0 
3267537.ext+          0          4          0        0              4          0 
3267537.0      2679356K          2 2153659801        0             15          0 

Disk usage stats:
       JobID  MaxDiskRead MaxDiskReadTask    AveDiskRead MaxDiskWrite MaxDiskWriteTask   AveDiskWrite 
------------ ------------ --------------- -------------- ------------ ---------------- -------------- 
3267537                                                                                               
3267537.bat+        3.70M               0          3.70M        0.02M                0          0.02M 
3267537.ext+        0.00M               4          0.00M            0                4              0 
3267537.0           2.67M              18          2.18M        2.10M                0          2.07M 

Job 3267537 completed at Thu Aug 12 23:54:10 CEST 2021
