Starting job 3267493 on c11-[40,46-47] at Wed Aug 11 11:30:18 CEST 2021

Copying 15_pbe_.out to /cluster/home/ambr/projects/psp/row12/calcs/singlets
Copying 15_pbe_.json to /cluster/home/ambr/projects/psp/row12/calcs/singlets

Task and CPU usage stats:
       JobID    JobName  AllocCPUS   NTasks     MinCPU MinCPUTask     AveCPU    Elapsed ExitCode 
------------ ---------- ---------- -------- ---------- ---------- ---------- ---------- -------- 
3267493         15_pbe_        120                                             00:09:39      1:0 
3267493.bat+      batch         42        1   00:00:00          0   00:00:00   00:09:39      1:0 
3267493.ext+     extern        120        3   00:00:00          0   00:00:00   00:09:39      0:0 
3267493.0      mrchem.x        120       20   00:09:34         19   00:30:55   00:09:37      0:0 

Memory usage stats:
       JobID     MaxRSS MaxRSSTask     AveRSS MaxPages   MaxPagesTask   AvePages 
------------ ---------- ---------- ---------- -------- -------------- ---------- 
3267493                                                                          
3267493.bat+     14240K          0     14240K        0              0          0 
3267493.ext+          0          0          0        0              0          0 
3267493.0      2676300K          3 2295354982        0             19          0 

Disk usage stats:
       JobID  MaxDiskRead MaxDiskReadTask    AveDiskRead MaxDiskWrite MaxDiskWriteTask   AveDiskWrite 
------------ ------------ --------------- -------------- ------------ ---------------- -------------- 
3267493                                                                                               
3267493.bat+        3.73M               0          3.73M        0.02M                0          0.02M 
3267493.ext+        0.00M               0          0.00M            0                0              0 
3267493.0           2.67M               0          2.66M        2.10M                0          2.07M 

Job 3267493 completed at Wed Aug 11 11:39:57 CEST 2021
