Starting job 3267494 on c11-[4,6,15] at Wed Aug 11 11:40:01 CEST 2021

Copying 16_pbe_.out to /cluster/home/ambr/projects/psp/row12/calcs/singlets
Copying 16_pbe_.json to /cluster/home/ambr/projects/psp/row12/calcs/singlets

Task and CPU usage stats:
       JobID    JobName  AllocCPUS   NTasks     MinCPU MinCPUTask     AveCPU    Elapsed ExitCode 
------------ ---------- ---------- -------- ---------- ---------- ---------- ---------- -------- 
3267494         16_pbe_        120                                             00:12:40      1:0 
3267494.bat+      batch         42        1   00:00:00          0   00:00:00   00:12:40      1:0 
3267494.ext+     extern        120        3   00:00:00          0   00:00:00   00:12:40      0:0 
3267494.0      mrchem.x        120       20   00:12:37         19   00:44:47   00:12:39      0:0 

Memory usage stats:
       JobID     MaxRSS MaxRSSTask     AveRSS MaxPages   MaxPagesTask   AvePages 
------------ ---------- ---------- ---------- -------- -------------- ---------- 
3267494                                                                          
3267494.bat+     14228K          0     14228K        0              0          0 
3267494.ext+          0          0          0        0              0          0 
3267494.0      3882428K         15 3045546598        0              3          0 

Disk usage stats:
       JobID  MaxDiskRead MaxDiskReadTask    AveDiskRead MaxDiskWrite MaxDiskWriteTask   AveDiskWrite 
------------ ------------ --------------- -------------- ------------ ---------------- -------------- 
3267494                                                                                               
3267494.bat+        3.73M               0          3.73M        0.02M                0          0.02M 
3267494.ext+        0.00M               0          0.00M            0                0              0 
3267494.0           2.67M               1          2.66M        2.10M                0          2.07M 

Job 3267494 completed at Wed Aug 11 11:52:41 CEST 2021
