                                                                           
                                                                           
***************************************************************************
***                                                                     ***
***                                                                     ***
***          __  __ ____   ____ _                                       ***
***         |  \/  |  _ \ / ___| |__   ___ _ __ ___                     ***
***         | |\/| | |_) | |   | '_ \ / _ \ '_ ` _ \                    ***
***         | |  | |  _ <| |___| | | |  __/ | | | | |                   ***
***         |_|  |_|_| \_\\____|_| |_|\___|_| |_| |_|                   ***
***                                                                     ***
***         VERSION            1.0.1                                    ***
***                                                                     ***
***         Git branch         HEAD                                     ***
***         Git commit hash    9309e3e1e52e5319b766-dirty               ***
***         Git commit author  Stig Rune Jensen                         ***
***         Git commit date    Fri Dec 4 16:08:55 2020 +0100            ***
***                                                                     ***
***         Contact: luca.frediani@uit.no                               ***
***                                                                     ***
***         Radovan Bast            Magnar Bjorgve                      ***
***         Roberto Di Remigio      Antoine Durdek                      ***
***         Luca Frediani           Gabriel Gerez                       ***
***         Stig Rune Jensen        Jonas Juselius                      ***
***         Rune Monstad            Peter Wind                          ***
***                                                                     ***
***************************************************************************

---------------------------------------------------------------------------

 MPI processes           :        (1 bank)                              10
 OpenMP threads          :                                              10
 Total cores             :                                             100
                                                                           
---------------------------------------------------------------------------

XCFun DFT library Copyright 2009-2020 Ulf Ekstrom and contributors.
See http://dftlibs.org/xcfun/ for more information.

This is free software; see the source code for copying conditions.
There is ABSOLUTELY NO WARRANTY; not even for MERCHANTABILITY or
FITNESS FOR A PARTICULAR PURPOSE. For details see the documentation.
Scientific users of this library should cite
U. Ekstrom, L. Visscher, R. Bast, A. J. Thorvaldsen and K. Ruud;
J.Chem.Theor.Comp. 2010, DOI: 10.1021/ct100117s

---------------------------------------------------------------------------

 MRCPP version         : 1.3.6
 Git branch            : HEAD
 Git commit hash       : 9309e3e1e52e5319b766-dirty
 Git commit author     : Stig Rune Jensen
 Git commit date       : Fri Dec 4 16:08:55 2020 +0100

 Linear algebra        : EIGEN v3.3.7
 Parallelization       : MPI/OpenMP (10 threads)

---------------------------------------------------------------------------


                                                                           
===========================================================================
                         MultiResolution Analysis
---------------------------------------------------------------------------
 polynomial order      : 9
 polynomial type       : Interpolating
---------------------------------------------------------------------------
 total boxes           : 8
 boxes                 : [          2           2           2 ]
 unit lengths          : [   16.00000    16.00000    16.00000 ]
 scaling factor        : [    1.00000     1.00000     1.00000 ]
 lower bounds          : [  -16.00000   -16.00000   -16.00000 ]
 upper bounds          : [   16.00000    16.00000    16.00000 ]
 total length          : [   32.00000    32.00000    32.00000 ]
===========================================================================


                                                                           
***************************************************************************
***                                                                     ***
***                        Initializing Molecule                        ***
***                                                                     ***
***************************************************************************
                                                                           
                                                                           
===========================================================================
                                 Molecule
---------------------------------------------------------------------------
 Charge                  :                                               0
 Multiplicity            :                                               1
---------------------------------------------------------------------------
    N    Atom            :               x               y               z
---------------------------------------------------------------------------
    0       N            :       -0.120173        0.000000        1.366272
    1       N            :       -0.120173        0.000000       -1.366272
    2       H            :        1.521054       -0.844708        1.895584
    3       H            :        1.521054        0.844708       -1.895584
    4       H            :        0.148924        1.826042        1.895584
    5       H            :        0.148924       -1.826042       -1.895584
---------------------------------------------------------------------------
 Center of mass          :        0.000000        0.000000        0.000000
===========================================================================


                                                                           
***************************************************************************
***                                                                     ***
***                 Computing Ground State Wavefunction                 ***
***                                                                     ***
***************************************************************************
                                                                           
                                                                           
~~~~~~~~~~~~~~~~~~~~~~~~~~~~~~~~~~~~~~~~~~~~~~~~~~~~~~~~~~~~~~~~~~~~~~~~~~~
 Calculation             : Compute initial orbitals
 Method                  : Diagonalize SAD Hamiltonian
 Precision               : 1.00000e-03
 Restricted              : True
 Functional              : LDA (SVWN5)
 AO basis                : Hydrogenic orbitals
 Zeta quality            : 2
~~~~~~~~~~~~~~~~~~~~~~~~~~~~~~~~~~~~~~~~~~~~~~~~~~~~~~~~~~~~~~~~~~~~~~~~~~~


===========================================================================
                            Molecular Orbitals
---------------------------------------------------------------------------
 Alpha electrons         :                                               9
 Beta electrons          :                                               9
 Total electrons         :                                              18
---------------------------------------------------------------------------
    n  Occ Spin          :                                            Norm
---------------------------------------------------------------------------
    0    2    p          :                              1.000000004309e+00
    1    2    p          :                              9.999999996616e-01
    2    2    p          :                              1.000000001472e+00
    3    2    p          :                              1.000000038952e+00
    4    2    p          :                              1.000002532401e+00
    5    2    p          :                              1.000004035926e+00
    6    2    p          :                              9.999941264034e-01
    7    2    p          :                              1.000016768354e+00
    8    2    p          :                              1.000000008931e+00
===========================================================================


~~~~~~~~~~~~~~~~~~~~~~~~~~~~~~~~~~~~~~~~~~~~~~~~~~~~~~~~~~~~~~~~~~~~~~~~~~~
 Calculation             : Compute initial energy
 Method                  : DFT (B3LYP-G)
 Precision               : 1.00000e-03
 Localization            : Off
~~~~~~~~~~~~~~~~~~~~~~~~~~~~~~~~~~~~~~~~~~~~~~~~~~~~~~~~~~~~~~~~~~~~~~~~~~~


===========================================================================
                        Molecular Energy (initial)
---------------------------------------------------------------------------
 Kinetic energy          :            (au)                116.879649373157
 E-N energy              :            (au)               -351.066037584366
 Coulomb energy          :            (au)                 96.701442760098
 Exchange energy         :            (au)                 -2.950932251673
 X-C energy              :            (au)                -12.611920408549
 Ext. field (el)         :            (au)                  0.000000000000
---------------------------------------------------------------------------
 N-N energy              :            (au)                 41.563646687445
 Ext. field (nuc)        :            (au)                  0.000000000000
---------------------------------------------------------------------------
 Electronic energy       :            (au)               -153.047798111332
 Nuclear energy          :            (au)                 41.563646687445
---------------------------------------------------------------------------
 Total energy            :            (au)             -1.114841514239e+02
                         :      (kcal/mol)             -6.995736066192e+04
                         :        (kJ/mol)             -2.927015971994e+05
                         :            (eV)             -3.033638171368e+03
===========================================================================


===========================================================================
                        Orbital Energies (initial)
---------------------------------------------------------------------------
    n  Occ Spin          :                                         Epsilon
---------------------------------------------------------------------------
    0    2    p          :            (au)                -14.072966121629
    1    2    p          :            (au)                -14.067993614992
    2    2    p          :            (au)                 -0.903501707620
    3    2    p          :            (au)                 -0.713010533569
    4    2    p          :            (au)                 -0.476680228913
    5    2    p          :            (au)                 -0.433176035393
    6    2    p          :            (au)                 -0.394518958506
    7    2    p          :            (au)                 -0.213633618957
    8    2    p          :            (au)                 -0.148396260380
---------------------------------------------------------------------------
 Sum occupied            :            (au)                -62.847754159914
===========================================================================


~~~~~~~~~~~~~~~~~~~~~~~~~~~~~~~~~~~~~~~~~~~~~~~~~~~~~~~~~~~~~~~~~~~~~~~~~~~
 Calculation             : Optimize ground state orbitals
 Method                  : DFT (B3LYP-G)
 Checkpointing           : Off
 Max iterations          : 200
 KAIN solver             : 10
 Localization            : Off
 Diagonalization         : First two iterations
 Start precision         : 1.00000e-06
 Final precision         : 1.00000e-06
 Helmholtz precision     : Dynamic
 Energy threshold        : 1.00000e-06
 Orbital threshold       : 1.00000e-05
~~~~~~~~~~~~~~~~~~~~~~~~~~~~~~~~~~~~~~~~~~~~~~~~~~~~~~~~~~~~~~~~~~~~~~~~~~~


===========================================================================
 Iter           MO residual             Total energy                Update
---------------------------------------------------------------------------
    0          3.000000e+00        -111.484151423888         -1.114842e+02
    1          2.453050e-01        -111.884060620086         -3.999092e-01
    2          7.875939e-02        -111.916670460202         -3.260984e-02
    3          2.856043e-02        -111.922913845464         -6.243385e-03
    4          1.511271e-02        -111.924574144322         -1.660299e-03
    5          1.490451e-02        -111.925508966334         -9.348220e-04
    6          6.740026e-03        -111.925633568942         -1.246026e-04
    7          3.090640e-03        -111.925672932624         -3.936368e-05
    8          2.146527e-03        -111.925687381383         -1.444876e-05
    9          1.553592e-03        -111.925692075622         -4.694240e-06
   10          5.846925e-04        -111.925693072849         -9.972267e-07
   11          4.863452e-04        -111.925693537249         -4.643998e-07
   12          1.837697e-04        -111.925693666707         -1.294579e-07
   13          8.772417e-05        -111.925693687913         -2.120643e-08
   14          2.158315e-05        -111.925693690244         -2.330893e-09
   15          9.920402e-06        -111.925693690702         -4.583285e-10
---------------------------------------------------------------------------
                      SCF converged in 15 iterations!
===========================================================================


                                                                           
***************************************************************************
***                                                                     ***
***                    Printing Molecular Properties                    ***
***                                                                     ***
***************************************************************************
                                                                           
                                                                           
===========================================================================
                                 Molecule
---------------------------------------------------------------------------
 Charge                  :                                               0
 Multiplicity            :                                               1
---------------------------------------------------------------------------
    N    Atom            :               x               y               z
---------------------------------------------------------------------------
    0       N            :       -0.120173        0.000000        1.366272
    1       N            :       -0.120173        0.000000       -1.366272
    2       H            :        1.521054       -0.844708        1.895584
    3       H            :        1.521054        0.844708       -1.895584
    4       H            :        0.148924        1.826042        1.895584
    5       H            :        0.148924       -1.826042       -1.895584
---------------------------------------------------------------------------
 Center of mass          :        0.000000        0.000000        0.000000
===========================================================================


===========================================================================
                         Molecular Energy (final)
---------------------------------------------------------------------------
 Kinetic energy          :            (au)                111.463168059331
 E-N energy              :            (au)               -344.786602436673
 Coulomb energy          :            (au)                 95.150073088938
 Exchange energy         :            (au)                 -2.920389955561
 X-C energy              :            (au)                -12.395589134182
 Ext. field (el)         :            (au)                  0.000000000000
---------------------------------------------------------------------------
 N-N energy              :            (au)                 41.563646687445
 Ext. field (nuc)        :            (au)                  0.000000000000
---------------------------------------------------------------------------
 Electronic energy       :            (au)               -153.489340378147
 Nuclear energy          :            (au)                 41.563646687445
---------------------------------------------------------------------------
 Total energy            :            (au)             -1.119256936907e+02
                         :      (kcal/mol)             -7.023443261531e+04
                         :        (kJ/mol)             -2.938608662532e+05
                         :            (eV)             -3.045653148006e+03
===========================================================================


===========================================================================
                         Orbital Energies (final)
---------------------------------------------------------------------------
    n  Occ Spin          :                                         Epsilon
---------------------------------------------------------------------------
    0    2    p          :            (au)                -14.330461382576
    1    2    p          :            (au)                -14.330337293202
    2    2    p          :            (au)                 -0.962098680095
    3    2    p          :            (au)                 -0.757275288871
    4    2    p          :            (au)                 -0.515505254722
    5    2    p          :            (au)                 -0.492255811108
    6    2    p          :            (au)                 -0.440336883463
    7    2    p          :            (au)                 -0.301897440387
    8    2    p          :            (au)                 -0.243270638482
---------------------------------------------------------------------------
 Sum occupied            :            (au)                -64.746877345814
===========================================================================


===========================================================================
                           Dipole Moment (dip-1)
---------------------------------------------------------------------------
 r_O                     :        0.000000        0.000000        0.000000
---------------------------------------------------------------------------
 Electronic vector       :       -0.594720       -0.000003       -0.000023
 Magnitude               :            (au)                        0.594720
                         :         (Debye)                        1.511628
---------------------------------------------------------------------------
 Nuclear vector          :        1.657528        0.000000       -0.000000
 Magnitude               :            (au)                        1.657528
                         :         (Debye)                        4.213015
---------------------------------------------------------------------------
 Total vector            :        1.062807       -0.000003       -0.000023
 Magnitude               :            (au)                        1.062807
                         :         (Debye)                        2.701387
===========================================================================


                                                                           
                                                                           
***************************************************************************
***                                                                     ***
***                            Exiting MRChem                           ***
***                                                                     ***
***                       Wall time :  0h 17m 52s                       ***
***                                                                     ***
***************************************************************************
                                                                           
                                                                           
