                                                                           
                                                                           
***************************************************************************
***                                                                     ***
***                                                                     ***
***          __  __ ____   ____ _                                       ***
***         |  \/  |  _ \ / ___| |__   ___ _ __ ___                     ***
***         | |\/| | |_) | |   | '_ \ / _ \ '_ ` _ \                    ***
***         | |  | |  _ <| |___| | | |  __/ | | | | |                   ***
***         |_|  |_|_| \_\\____|_| |_|\___|_| |_| |_|                   ***
***                                                                     ***
***         VERSION            1.0.1                                    ***
***                                                                     ***
***         Git branch         HEAD                                     ***
***         Git commit hash    9309e3e1e52e5319b766-dirty               ***
***         Git commit author  Stig Rune Jensen                         ***
***         Git commit date    Fri Dec 4 16:08:55 2020 +0100            ***
***                                                                     ***
***         Contact: luca.frediani@uit.no                               ***
***                                                                     ***
***         Radovan Bast            Magnar Bjorgve                      ***
***         Roberto Di Remigio      Antoine Durdek                      ***
***         Luca Frediani           Gabriel Gerez                       ***
***         Stig Rune Jensen        Jonas Juselius                      ***
***         Rune Monstad            Peter Wind                          ***
***                                                                     ***
***************************************************************************

---------------------------------------------------------------------------

 MPI processes           :        (1 bank)                              20
 OpenMP threads          :                                              10
 Total cores             :                                             200
                                                                           
---------------------------------------------------------------------------

XCFun DFT library Copyright 2009-2020 Ulf Ekstrom and contributors.
See http://dftlibs.org/xcfun/ for more information.

This is free software; see the source code for copying conditions.
There is ABSOLUTELY NO WARRANTY; not even for MERCHANTABILITY or
FITNESS FOR A PARTICULAR PURPOSE. For details see the documentation.
Scientific users of this library should cite
U. Ekstrom, L. Visscher, R. Bast, A. J. Thorvaldsen and K. Ruud;
J.Chem.Theor.Comp. 2010, DOI: 10.1021/ct100117s

---------------------------------------------------------------------------

 MRCPP version         : 1.3.6
 Git branch            : HEAD
 Git commit hash       : 9309e3e1e52e5319b766-dirty
 Git commit author     : Stig Rune Jensen
 Git commit date       : Fri Dec 4 16:08:55 2020 +0100

 Linear algebra        : EIGEN v3.3.7
 Parallelization       : MPI/OpenMP (10 threads)

---------------------------------------------------------------------------


                                                                           
===========================================================================
                         MultiResolution Analysis
---------------------------------------------------------------------------
 polynomial order      : 9
 polynomial type       : Interpolating
---------------------------------------------------------------------------
 total boxes           : 8
 boxes                 : [          2           2           2 ]
 unit lengths          : [   16.00000    16.00000    16.00000 ]
 scaling factor        : [    1.00000     1.00000     1.00000 ]
 lower bounds          : [  -16.00000   -16.00000   -16.00000 ]
 upper bounds          : [   16.00000    16.00000    16.00000 ]
 total length          : [   32.00000    32.00000    32.00000 ]
===========================================================================


                                                                           
***************************************************************************
***                                                                     ***
***                        Initializing Molecule                        ***
***                                                                     ***
***************************************************************************
                                                                           
                                                                           
===========================================================================
                                 Molecule
---------------------------------------------------------------------------
 Charge                  :                                               0
 Multiplicity            :                                               1
---------------------------------------------------------------------------
    N    Atom            :               x               y               z
---------------------------------------------------------------------------
    0       N            :       -0.120173        0.000000        1.366272
    1       N            :       -0.120173        0.000000       -1.366272
    2       H            :        1.521054       -0.844708        1.895584
    3       H            :        1.521054        0.844708       -1.895584
    4       H            :        0.148924        1.826042        1.895584
    5       H            :        0.148924       -1.826042       -1.895584
---------------------------------------------------------------------------
 Center of mass          :        0.000000        0.000000        0.000000
===========================================================================


                                                                           
***************************************************************************
***                                                                     ***
***                 Computing Ground State Wavefunction                 ***
***                                                                     ***
***************************************************************************
                                                                           
                                                                           
~~~~~~~~~~~~~~~~~~~~~~~~~~~~~~~~~~~~~~~~~~~~~~~~~~~~~~~~~~~~~~~~~~~~~~~~~~~
 Calculation             : Compute initial orbitals
 Method                  : Diagonalize SAD Hamiltonian
 Precision               : 1.00000e-03
 Restricted              : True
 Functional              : LDA (SVWN5)
 AO basis                : Hydrogenic orbitals
 Zeta quality            : 2
~~~~~~~~~~~~~~~~~~~~~~~~~~~~~~~~~~~~~~~~~~~~~~~~~~~~~~~~~~~~~~~~~~~~~~~~~~~


===========================================================================
                            Molecular Orbitals
---------------------------------------------------------------------------
 Alpha electrons         :                                               9
 Beta electrons          :                                               9
 Total electrons         :                                              18
---------------------------------------------------------------------------
    n  Occ Spin          :                                            Norm
---------------------------------------------------------------------------
    0    2    p          :                              1.000006467783e+00
    1    2    p          :                              1.000097483876e+00
    2    2    p          :                              9.999998407271e-01
    3    2    p          :                              1.000000063181e+00
    4    2    p          :                              1.000007557141e+00
    5    2    p          :                              1.000000881541e+00
    6    2    p          :                              9.999909712075e-01
    7    2    p          :                              1.000043000671e+00
    8    2    p          :                              9.999932772981e-01
===========================================================================


~~~~~~~~~~~~~~~~~~~~~~~~~~~~~~~~~~~~~~~~~~~~~~~~~~~~~~~~~~~~~~~~~~~~~~~~~~~
 Calculation             : Compute initial energy
 Method                  : DFT (PBE0)
 Precision               : 1.00000e-03
 Localization            : Off
~~~~~~~~~~~~~~~~~~~~~~~~~~~~~~~~~~~~~~~~~~~~~~~~~~~~~~~~~~~~~~~~~~~~~~~~~~~


===========================================================================
                        Molecular Energy (initial)
---------------------------------------------------------------------------
 Kinetic energy          :            (au)                116.892101445474
 E-N energy              :            (au)               -351.083655757221
 Coulomb energy          :            (au)                 96.708538460999
 Exchange energy         :            (au)                 -3.688829085271
 X-C energy              :            (au)                -11.737413046963
 Ext. field (el)         :            (au)                  0.000000000000
---------------------------------------------------------------------------
 N-N energy              :            (au)                 41.563646687445
 Ext. field (nuc)        :            (au)                  0.000000000000
---------------------------------------------------------------------------
 Electronic energy       :            (au)               -152.909257982982
 Nuclear energy          :            (au)                 41.563646687445
---------------------------------------------------------------------------
 Total energy            :            (au)             -1.113456112955e+02
                         :      (kcal/mol)             -6.987042541954e+04
                         :        (kJ/mol)             -2.923378601451e+05
                         :            (eV)             -3.029868302591e+03
===========================================================================


===========================================================================
                        Orbital Energies (initial)
---------------------------------------------------------------------------
    n  Occ Spin          :                                         Epsilon
---------------------------------------------------------------------------
    0    2    p          :            (au)                -14.126322410725
    1    2    p          :            (au)                -14.120522090111
    2    2    p          :            (au)                 -0.927257839990
    3    2    p          :            (au)                 -0.730940821201
    4    2    p          :            (au)                 -0.488925981686
    5    2    p          :            (au)                 -0.445002052979
    6    2    p          :            (au)                 -0.404514211036
    7    2    p          :            (au)                 -0.223390635981
    8    2    p          :            (au)                 -0.156905675427
---------------------------------------------------------------------------
 Sum occupied            :            (au)                -63.247563438271
===========================================================================


~~~~~~~~~~~~~~~~~~~~~~~~~~~~~~~~~~~~~~~~~~~~~~~~~~~~~~~~~~~~~~~~~~~~~~~~~~~
 Calculation             : Optimize ground state orbitals
 Method                  : DFT (PBE0)
 Checkpointing           : Off
 Max iterations          : 200
 KAIN solver             : 10
 Localization            : Off
 Diagonalization         : First two iterations
 Start precision         : 1.00000e-06
 Final precision         : 1.00000e-06
 Helmholtz precision     : Dynamic
 Energy threshold        : 1.00000e-06
 Orbital threshold       : 1.00000e-05
~~~~~~~~~~~~~~~~~~~~~~~~~~~~~~~~~~~~~~~~~~~~~~~~~~~~~~~~~~~~~~~~~~~~~~~~~~~


===========================================================================
 Iter           MO residual             Total energy                Update
---------------------------------------------------------------------------
    0          3.000000e+00        -111.345611295538         -1.113456e+02
    1          2.382349e-01        -111.747795462573         -4.021842e-01
    2          8.114746e-02        -111.777501466825         -2.970600e-02
    3          2.819188e-02        -111.773554963339          3.946503e-03
    4          1.658068e-02        -111.787908355478         -1.435339e-02
    5          1.628680e-02        -111.790072892753         -2.164537e-03
    6          4.125291e-03        -111.790607497959         -5.346052e-04
    7          5.293171e-03        -111.790809644115         -2.021462e-04
    8          2.166432e-03        -111.790824804843         -1.516073e-05
    9          1.782488e-03        -111.790834563047         -9.758204e-06
   10          8.691620e-04        -111.790837123036         -2.559989e-06
   11          4.609976e-04        -111.790837888895         -7.658588e-07
   12          1.846751e-04        -111.790838047326         -1.584312e-07
   13          1.106993e-04        -111.790838136720         -8.939381e-08
   14          2.669807e-05        -111.790838140390         -3.670294e-09
   15          1.420361e-05        -111.790838141661         -1.270934e-09
---------------------------------------------------------------------------
                      SCF converged in 15 iterations!
===========================================================================


                                                                           
***************************************************************************
***                                                                     ***
***                    Printing Molecular Properties                    ***
***                                                                     ***
***************************************************************************
                                                                           
                                                                           
===========================================================================
                                 Molecule
---------------------------------------------------------------------------
 Charge                  :                                               0
 Multiplicity            :                                               1
---------------------------------------------------------------------------
    N    Atom            :               x               y               z
---------------------------------------------------------------------------
    0       N            :       -0.120173        0.000000        1.366272
    1       N            :       -0.120173        0.000000       -1.366272
    2       H            :        1.521054       -0.844708        1.895584
    3       H            :        1.521054        0.844708       -1.895584
    4       H            :        0.148924        1.826042        1.895584
    5       H            :        0.148924       -1.826042       -1.895584
---------------------------------------------------------------------------
 Center of mass          :        0.000000        0.000000        0.000000
===========================================================================


===========================================================================
                         Molecular Energy (final)
---------------------------------------------------------------------------
 Kinetic energy          :            (au)                111.330980182313
 E-N energy              :            (au)               -344.636235637896
 Coulomb energy          :            (au)                 95.129240360270
 Exchange energy         :            (au)                 -3.651444913082
 X-C energy              :            (au)                -11.527024820710
 Ext. field (el)         :            (au)                  0.000000000000
---------------------------------------------------------------------------
 N-N energy              :            (au)                 41.563646687445
 Ext. field (nuc)        :            (au)                  0.000000000000
---------------------------------------------------------------------------
 Electronic energy       :            (au)               -153.354484829106
 Nuclear energy          :            (au)                 41.563646687445
---------------------------------------------------------------------------
 Total energy            :            (au)             -1.117908381417e+02
                         :      (kcal/mol)             -7.014980948134e+04
                         :        (kJ/mol)             -2.935068030604e+05
                         :            (eV)             -3.041983541735e+03
===========================================================================


===========================================================================
                         Orbital Energies (final)
---------------------------------------------------------------------------
    n  Occ Spin          :                                         Epsilon
---------------------------------------------------------------------------
    0    2    p          :            (au)                -14.393959268797
    1    2    p          :            (au)                -14.393814948725
    2    2    p          :            (au)                 -0.985033509935
    3    2    p          :            (au)                 -0.775039080011
    4    2    p          :            (au)                 -0.526337134238
    5    2    p          :            (au)                 -0.502978397272
    6    2    p          :            (au)                 -0.449385538497
    7    2    p          :            (au)                 -0.310974147721
    8    2    p          :            (au)                 -0.251080035859
---------------------------------------------------------------------------
 Sum occupied            :            (au)                -65.177204122109
===========================================================================


===========================================================================
                           Dipole Moment (dip-1)
---------------------------------------------------------------------------
 r_O                     :        0.000000        0.000000        0.000000
---------------------------------------------------------------------------
 Electronic vector       :       -0.592508       -0.000002       -0.000021
 Magnitude               :            (au)                        0.592508
                         :         (Debye)                        1.506006
---------------------------------------------------------------------------
 Nuclear vector          :        1.657528        0.000000       -0.000000
 Magnitude               :            (au)                        1.657528
                         :         (Debye)                        4.213015
---------------------------------------------------------------------------
 Total vector            :        1.065019       -0.000002       -0.000021
 Magnitude               :            (au)                        1.065019
                         :         (Debye)                        2.707009
===========================================================================


                                                                           
                                                                           
***************************************************************************
***                                                                     ***
***                            Exiting MRChem                           ***
***                                                                     ***
***                       Wall time :  0h 17m 56s                       ***
***                                                                     ***
***************************************************************************
                                                                           
                                                                           
