                                                                           
                                                                           
***************************************************************************
***                                                                     ***
***                                                                     ***
***          __  __ ____   ____ _                                       ***
***         |  \/  |  _ \ / ___| |__   ___ _ __ ___                     ***
***         | |\/| | |_) | |   | '_ \ / _ \ '_ ` _ \                    ***
***         | |  | |  _ <| |___| | | |  __/ | | | | |                   ***
***         |_|  |_|_| \_\\____|_| |_|\___|_| |_| |_|                   ***
***                                                                     ***
***         VERSION            1.0.1                                    ***
***                                                                     ***
***         Git branch         HEAD                                     ***
***         Git commit hash    9309e3e1e52e5319b766-dirty               ***
***         Git commit author  Stig Rune Jensen                         ***
***         Git commit date    Fri Dec 4 16:08:55 2020 +0100            ***
***                                                                     ***
***         Contact: luca.frediani@uit.no                               ***
***                                                                     ***
***         Radovan Bast            Magnar Bjorgve                      ***
***         Roberto Di Remigio      Antoine Durdek                      ***
***         Luca Frediani           Gabriel Gerez                       ***
***         Stig Rune Jensen        Jonas Juselius                      ***
***         Rune Monstad            Peter Wind                          ***
***                                                                     ***
***************************************************************************

---------------------------------------------------------------------------

 MPI processes           :        (1 bank)                              20
 OpenMP threads          :                                               6
 Total cores             :                                             120
                                                                           
---------------------------------------------------------------------------

XCFun DFT library Copyright 2009-2020 Ulf Ekstrom and contributors.
See http://dftlibs.org/xcfun/ for more information.

This is free software; see the source code for copying conditions.
There is ABSOLUTELY NO WARRANTY; not even for MERCHANTABILITY or
FITNESS FOR A PARTICULAR PURPOSE. For details see the documentation.
Scientific users of this library should cite
U. Ekstrom, L. Visscher, R. Bast, A. J. Thorvaldsen and K. Ruud;
J.Chem.Theor.Comp. 2010, DOI: 10.1021/ct100117s

---------------------------------------------------------------------------

 MRCPP version         : 1.3.6
 Git branch            : HEAD
 Git commit hash       : 9309e3e1e52e5319b766-dirty
 Git commit author     : Stig Rune Jensen
 Git commit date       : Fri Dec 4 16:08:55 2020 +0100

 Linear algebra        : EIGEN v3.3.7
 Parallelization       : MPI/OpenMP (6 threads)

---------------------------------------------------------------------------


                                                                           
===========================================================================
                         MultiResolution Analysis
---------------------------------------------------------------------------
 polynomial order      : 9
 polynomial type       : Interpolating
---------------------------------------------------------------------------
 total boxes           : 8
 boxes                 : [          2           2           2 ]
 unit lengths          : [   32.00000    32.00000    32.00000 ]
 scaling factor        : [    1.00000     1.00000     1.00000 ]
 lower bounds          : [  -32.00000   -32.00000   -32.00000 ]
 upper bounds          : [   32.00000    32.00000    32.00000 ]
 total length          : [   64.00000    64.00000    64.00000 ]
===========================================================================


                                                                           
***************************************************************************
***                                                                     ***
***                        Initializing Molecule                        ***
***                                                                     ***
***************************************************************************
                                                                           
                                                                           
===========================================================================
                                 Molecule
---------------------------------------------------------------------------
 Charge                  :                                               0
 Multiplicity            :                                               1
---------------------------------------------------------------------------
    N    Atom            :               x               y               z
---------------------------------------------------------------------------
    0       N            :       -0.120173        0.000000        1.366272
    1       N            :       -0.120173        0.000000       -1.366272
    2       H            :        1.521054       -0.844708        1.895584
    3       H            :        1.521054        0.844708       -1.895584
    4       H            :        0.148924        1.826042        1.895584
    5       H            :        0.148924       -1.826042       -1.895584
---------------------------------------------------------------------------
 Center of mass          :        0.000000        0.000000        0.000000
===========================================================================


                                                                           
***************************************************************************
***                                                                     ***
***                 Computing Ground State Wavefunction                 ***
***                                                                     ***
***************************************************************************
                                                                           
                                                                           
~~~~~~~~~~~~~~~~~~~~~~~~~~~~~~~~~~~~~~~~~~~~~~~~~~~~~~~~~~~~~~~~~~~~~~~~~~~
 Calculation             : Compute initial orbitals
 Method                  : Diagonalize SAD Hamiltonian
 Precision               : 1.00000e-04
 Restricted              : False
 Functional              : LDA (SVWN5)
 AO basis                : Hydrogenic orbitals
 Zeta quality            : 2
~~~~~~~~~~~~~~~~~~~~~~~~~~~~~~~~~~~~~~~~~~~~~~~~~~~~~~~~~~~~~~~~~~~~~~~~~~~


===========================================================================
                            Molecular Orbitals
---------------------------------------------------------------------------
 Alpha electrons         :                                               9
 Beta electrons          :                                               9
 Total electrons         :                                              18
---------------------------------------------------------------------------
    n  Occ Spin          :                                            Norm
---------------------------------------------------------------------------
    0    1    a          :                              9.999884877675e-01
    1    1    a          :                              1.000006430197e+00
    2    1    a          :                              1.000000040043e+00
    3    1    a          :                              9.999999939700e-01
    4    1    a          :                              1.000000483897e+00
    5    1    a          :                              1.000000097628e+00
    6    1    a          :                              1.000000245131e+00
    7    1    a          :                              9.999999960687e-01
    8    1    a          :                              9.999999976490e-01
    9    1    b          :                              9.999896901338e-01
   10    1    b          :                              1.000006429573e+00
   11    1    b          :                              1.000000040041e+00
   12    1    b          :                              9.999999940563e-01
   13    1    b          :                              1.000000257015e+00
   14    1    b          :                              1.000000098976e+00
   15    1    b          :                              1.000000213739e+00
   16    1    b          :                              9.999999955838e-01
   17    1    b          :                              9.999999977644e-01
===========================================================================


~~~~~~~~~~~~~~~~~~~~~~~~~~~~~~~~~~~~~~~~~~~~~~~~~~~~~~~~~~~~~~~~~~~~~~~~~~~
 Calculation             : Compute initial energy
 Method                  : DFT (PBE)
 Precision               : 1.00000e-04
 Localization            : On
~~~~~~~~~~~~~~~~~~~~~~~~~~~~~~~~~~~~~~~~~~~~~~~~~~~~~~~~~~~~~~~~~~~~~~~~~~~


===========================================================================
                        Molecular Energy (initial)
---------------------------------------------------------------------------
 Kinetic energy          :            (au)                117.462055450880
 E-N energy              :            (au)               -352.066021471863
 Coulomb energy          :            (au)                 97.186078414245
 Exchange energy         :            (au)                  0.000000000000
 X-C energy              :            (au)                -15.505594207732
 Ext. field (el)         :            (au)                  0.000000000000
---------------------------------------------------------------------------
 N-N energy              :            (au)                 41.563646687445
 Ext. field (nuc)        :            (au)                  0.000000000000
---------------------------------------------------------------------------
 Electronic energy       :            (au)               -152.923481814470
 Nuclear energy          :            (au)                 41.563646687445
---------------------------------------------------------------------------
 Total energy            :            (au)             -1.113598351270e+02
                         :      (kcal/mol)             -6.987935100849e+04
                         :        (kJ/mol)             -2.923752048093e+05
                         :            (eV)             -3.030255352746e+03
===========================================================================


===========================================================================
                        Orbital Energies (initial)
---------------------------------------------------------------------------
    n  Occ Spin          :                                         Epsilon
---------------------------------------------------------------------------
    0    1    a          :            (au)                -13.678707311040
    1    1    a          :            (au)                -13.666792403608
    2    1    a          :            (au)                 -0.805604866155
    3    1    a          :            (au)                 -0.626044702881
    4    1    a          :            (au)                 -0.406975004163
    5    1    a          :            (au)                 -0.364652181911
    6    1    a          :            (au)                 -0.329928005255
    7    1    a          :            (au)                 -0.136764195765
    8    1    a          :            (au)                 -0.071087819902
    9    1    b          :            (au)                -13.678703280543
   10    1    b          :            (au)                -13.666793116461
   11    1    b          :            (au)                 -0.805604718546
   12    1    b          :            (au)                 -0.626043247847
   13    1    b          :            (au)                 -0.406982222335
   14    1    b          :            (au)                 -0.364653566222
   15    1    b          :            (au)                 -0.329925039693
   16    1    b          :            (au)                 -0.136766756515
   17    1    b          :            (au)                 -0.071087944399
---------------------------------------------------------------------------
 Sum occupied            :            (au)                -60.173116383239
===========================================================================


~~~~~~~~~~~~~~~~~~~~~~~~~~~~~~~~~~~~~~~~~~~~~~~~~~~~~~~~~~~~~~~~~~~~~~~~~~~
 Calculation             : Optimize ground state orbitals
 Method                  : DFT (PBE)
 Checkpointing           : Off
 Max iterations          : 200
 KAIN solver             : 10
 Localization            : First two iterations
 Diagonalization         : Off
 Start precision         : 1.00000e-06
 Final precision         : 1.00000e-06
 Helmholtz precision     : Dynamic
 Energy threshold        : 1.00000e-06
 Orbital threshold       : 5.00000e-05
~~~~~~~~~~~~~~~~~~~~~~~~~~~~~~~~~~~~~~~~~~~~~~~~~~~~~~~~~~~~~~~~~~~~~~~~~~~


===========================================================================
 Iter           MO residual             Total energy                Update
---------------------------------------------------------------------------
    0          4.242641e+00        -111.359835127025         -1.113598e+02
    1          3.735779e-01        -111.732884413138         -3.730493e-01
    2          1.751490e-01        -111.774621964067         -4.173755e-02
    3          1.019081e-01        -111.782623707423         -8.001743e-03
    4          4.768598e-02        -111.786149064724         -3.525357e-03
    5          2.503535e-02        -111.787441373922         -1.292309e-03
    6          1.207405e-02        -111.787662825794         -2.214519e-04
    7          6.952581e-03        -111.787736912670         -7.408688e-05
    8          3.903104e-03        -111.787756630321         -1.971765e-05
    9          2.346719e-03        -111.787764746185         -8.115865e-06
   10          1.074021e-03        -111.787767186052         -2.439866e-06
   11          9.185696e-04        -111.787768571480         -1.385429e-06
   12          5.710225e-04        -111.787769126536         -5.550551e-07
   13          4.052831e-04        -111.787769396059         -2.695239e-07
   14          3.323256e-04        -111.787769552039         -1.559795e-07
   15          2.834105e-04        -111.787769639253         -8.721395e-08
   16          1.208089e-04        -111.787769661161         -2.190845e-08
---------------------------------------------------------------------------
                      SCF converged in 16 iterations!
===========================================================================


                                                                           
***************************************************************************
***                                                                     ***
***                    Printing Molecular Properties                    ***
***                                                                     ***
***************************************************************************
                                                                           
                                                                           
===========================================================================
                                 Molecule
---------------------------------------------------------------------------
 Charge                  :                                               0
 Multiplicity            :                                               1
---------------------------------------------------------------------------
    N    Atom            :               x               y               z
---------------------------------------------------------------------------
    0       N            :       -0.120173        0.000000        1.366272
    1       N            :       -0.120173        0.000000       -1.366272
    2       H            :        1.521054       -0.844708        1.895584
    3       H            :        1.521054        0.844708       -1.895584
    4       H            :        0.148924        1.826042        1.895584
    5       H            :        0.148924       -1.826042       -1.895584
---------------------------------------------------------------------------
 Center of mass          :        0.000000        0.000000        0.000000
===========================================================================


===========================================================================
                         Molecular Energy (final)
---------------------------------------------------------------------------
 Kinetic energy          :            (au)                111.423739642281
 E-N energy              :            (au)               -344.691436262893
 Coulomb energy          :            (au)                 95.083665900381
 Exchange energy         :            (au)                  0.000000000000
 X-C energy              :            (au)                -15.167385628375
 Ext. field (el)         :            (au)                  0.000000000000
---------------------------------------------------------------------------
 N-N energy              :            (au)                 41.563646687445
 Ext. field (nuc)        :            (au)                  0.000000000000
---------------------------------------------------------------------------
 Electronic energy       :            (au)               -153.351416348606
 Nuclear energy          :            (au)                 41.563646687445
---------------------------------------------------------------------------
 Total energy            :            (au)             -1.117877696612e+02
                         :      (kcal/mol)             -7.014788398077e+04
                         :        (kJ/mol)             -2.934987467660e+05
                         :            (eV)             -3.041900044131e+03
===========================================================================


===========================================================================
                         Orbital Energies (final)
---------------------------------------------------------------------------
    n  Occ Spin          :                                         Epsilon
---------------------------------------------------------------------------
    0    1    a          :            (au)                -13.996020106148
    1    1    a          :            (au)                -13.995985261133
    2    1    a          :            (au)                 -0.880074947295
    3    1    a          :            (au)                 -0.684903952457
    4    1    a          :            (au)                 -0.461394162535
    5    1    a          :            (au)                 -0.442668122422
    6    1    a          :            (au)                 -0.391124161255
    7    1    a          :            (au)                 -0.252598304749
    8    1    a          :            (au)                 -0.194739976959
    9    1    b          :            (au)                -13.996020106192
   10    1    b          :            (au)                -13.995985261054
   11    1    b          :            (au)                 -0.880074946529
   12    1    b          :            (au)                 -0.684903948596
   13    1    b          :            (au)                 -0.461394159253
   14    1    b          :            (au)                 -0.442668132830
   15    1    b          :            (au)                 -0.391124144370
   16    1    b          :            (au)                 -0.252598300619
   17    1    b          :            (au)                 -0.194739981505
---------------------------------------------------------------------------
 Sum occupied            :            (au)                -62.599017975901
===========================================================================


===========================================================================
                           Dipole Moment (dip-1)
---------------------------------------------------------------------------
 r_O                     :        0.000000        0.000000        0.000000
---------------------------------------------------------------------------
 Electronic vector       :       -0.620196       -0.000002       -0.000007
 Magnitude               :            (au)                        0.620196
                         :         (Debye)                        1.576381
---------------------------------------------------------------------------
 Nuclear vector          :        1.657528        0.000000        0.000000
 Magnitude               :            (au)                        1.657528
                         :         (Debye)                        4.213015
---------------------------------------------------------------------------
 Total vector            :        1.037331       -0.000002       -0.000007
 Magnitude               :            (au)                        1.037331
                         :         (Debye)                        2.636633
===========================================================================


                                                                           
                                                                           
***************************************************************************
***                                                                     ***
***                            Exiting MRChem                           ***
***                                                                     ***
***                       Wall time :  0h 17m 48s                       ***
***                                                                     ***
***************************************************************************
                                                                           
                                                                           
