Starting job 3267495 on c11-[40,46-47] at Wed Aug 11 11:40:01 CEST 2021

Copying 17_pbe_.out to /cluster/home/ambr/projects/psp/row12/calcs/singlets
Copying 17_pbe_.json to /cluster/home/ambr/projects/psp/row12/calcs/singlets

Task and CPU usage stats:
       JobID    JobName  AllocCPUS   NTasks     MinCPU MinCPUTask     AveCPU    Elapsed ExitCode 
------------ ---------- ---------- -------- ---------- ---------- ---------- ---------- -------- 
3267495         17_pbe_        120                                             00:17:52      1:0 
3267495.bat+      batch         42        1   00:00:00          0   00:00:00   00:17:52      1:0 
3267495.ext+     extern        120        3   00:00:00          2   00:00:00   00:17:52      0:0 
3267495.0      mrchem.x        120       20   00:17:49         19   01:05:01   00:17:51      0:0 

Memory usage stats:
       JobID     MaxRSS MaxRSSTask     AveRSS MaxPages   MaxPagesTask   AvePages 
------------ ---------- ---------- ---------- -------- -------------- ---------- 
3267495                                                                          
3267495.bat+     14228K          0     14228K        0              0          0 
3267495.ext+          0          2          0        0              2          0 
3267495.0      3940408K          5 3450690969        0             19          0 

Disk usage stats:
       JobID  MaxDiskRead MaxDiskReadTask    AveDiskRead MaxDiskWrite MaxDiskWriteTask   AveDiskWrite 
------------ ------------ --------------- -------------- ------------ ---------------- -------------- 
3267495                                                                                               
3267495.bat+        3.73M               0          3.73M        0.02M                0          0.02M 
3267495.ext+        0.00M               2          0.00M            0                2              0 
3267495.0           2.67M               1          2.66M        2.11M                0          2.07M 

Job 3267495 completed at Wed Aug 11 11:57:53 CEST 2021
