Starting job 3267559 on c3-[1,4,27],c5-[19,25] at Fri Aug 13 03:33:14 CEST 2021

Copying 18_pbe_.out to /cluster/home/ambr/projects/psp/row12/calcs/triplets
Copying 18_pbe_.json to /cluster/home/ambr/projects/psp/row12/calcs/triplets

Task and CPU usage stats:
       JobID    JobName  AllocCPUS   NTasks     MinCPU MinCPUTask     AveCPU    Elapsed ExitCode 
------------ ---------- ---------- -------- ---------- ---------- ---------- ---------- -------- 
3267559         18_pbe_        120                                             00:18:56      1:0 
3267559.bat+      batch         24        1   00:00:00          0   00:00:00   00:18:56      1:0 
3267559.ext+     extern        120        5   00:00:00          0   00:00:00   00:18:56      0:0 
3267559.0      mrchem.x        120       20   00:18:53         19   01:03:26   00:18:55      0:0 

Memory usage stats:
       JobID     MaxRSS MaxRSSTask     AveRSS MaxPages   MaxPagesTask   AvePages 
------------ ---------- ---------- ---------- -------- -------------- ---------- 
3267559                                                                          
3267559.bat+     14324K          0     14324K        0              0          0 
3267559.ext+          0          0          0        0              0          0 
3267559.0      3376872K         12 2929399398        0              1          0 

Disk usage stats:
       JobID  MaxDiskRead MaxDiskReadTask    AveDiskRead MaxDiskWrite MaxDiskWriteTask   AveDiskWrite 
------------ ------------ --------------- -------------- ------------ ---------------- -------------- 
3267559                                                                                               
3267559.bat+        3.70M               0          3.70M        0.02M                0          0.02M 
3267559.ext+        0.00M               0          0.00M            0                0              0 
3267559.0           2.06M               0          2.06M        2.11M                0          2.07M 

Job 3267559 completed at Fri Aug 13 03:52:10 CEST 2021
