                                                                           
                                                                           
***************************************************************************
***                                                                     ***
***                                                                     ***
***          __  __ ____   ____ _                                       ***
***         |  \/  |  _ \ / ___| |__   ___ _ __ ___                     ***
***         | |\/| | |_) | |   | '_ \ / _ \ '_ ` _ \                    ***
***         | |  | |  _ <| |___| | | |  __/ | | | | |                   ***
***         |_|  |_|_| \_\\____|_| |_|\___|_| |_| |_|                   ***
***                                                                     ***
***         VERSION            1.0.1                                    ***
***                                                                     ***
***         Git branch         HEAD                                     ***
***         Git commit hash    9309e3e1e52e5319b766-dirty               ***
***         Git commit author  Stig Rune Jensen                         ***
***         Git commit date    Fri Dec 4 16:08:55 2020 +0100            ***
***                                                                     ***
***         Contact: luca.frediani@uit.no                               ***
***                                                                     ***
***         Radovan Bast            Magnar Bjorgve                      ***
***         Roberto Di Remigio      Antoine Durdek                      ***
***         Luca Frediani           Gabriel Gerez                       ***
***         Stig Rune Jensen        Jonas Juselius                      ***
***         Rune Monstad            Peter Wind                          ***
***                                                                     ***
***************************************************************************

---------------------------------------------------------------------------

 MPI processes           :        (1 bank)                              20
 OpenMP threads          :                                               6
 Total cores             :                                             120
                                                                           
---------------------------------------------------------------------------

XCFun DFT library Copyright 2009-2020 Ulf Ekstrom and contributors.
See http://dftlibs.org/xcfun/ for more information.

This is free software; see the source code for copying conditions.
There is ABSOLUTELY NO WARRANTY; not even for MERCHANTABILITY or
FITNESS FOR A PARTICULAR PURPOSE. For details see the documentation.
Scientific users of this library should cite
U. Ekstrom, L. Visscher, R. Bast, A. J. Thorvaldsen and K. Ruud;
J.Chem.Theor.Comp. 2010, DOI: 10.1021/ct100117s

---------------------------------------------------------------------------

 MRCPP version         : 1.3.6
 Git branch            : HEAD
 Git commit hash       : 9309e3e1e52e5319b766-dirty
 Git commit author     : Stig Rune Jensen
 Git commit date       : Fri Dec 4 16:08:55 2020 +0100

 Linear algebra        : EIGEN v3.3.7
 Parallelization       : MPI/OpenMP (6 threads)

---------------------------------------------------------------------------


                                                                           
===========================================================================
                         MultiResolution Analysis
---------------------------------------------------------------------------
 polynomial order      : 9
 polynomial type       : Interpolating
---------------------------------------------------------------------------
 total boxes           : 8
 boxes                 : [          2           2           2 ]
 unit lengths          : [   32.00000    32.00000    32.00000 ]
 scaling factor        : [    1.00000     1.00000     1.00000 ]
 lower bounds          : [  -32.00000   -32.00000   -32.00000 ]
 upper bounds          : [   32.00000    32.00000    32.00000 ]
 total length          : [   64.00000    64.00000    64.00000 ]
===========================================================================


                                                                           
***************************************************************************
***                                                                     ***
***                        Initializing Molecule                        ***
***                                                                     ***
***************************************************************************
                                                                           
                                                                           
===========================================================================
                                 Molecule
---------------------------------------------------------------------------
 Charge                  :                                               0
 Multiplicity            :                                               3
---------------------------------------------------------------------------
    N    Atom            :               x               y               z
---------------------------------------------------------------------------
    0       N            :        0.000000        0.000000       -1.432584
    1       F            :        0.000000        0.000000        1.056185
---------------------------------------------------------------------------
 Center of mass          :        0.000000        0.000000        0.000000
===========================================================================


                                                                           
***************************************************************************
***                                                                     ***
***                 Computing Ground State Wavefunction                 ***
***                                                                     ***
***************************************************************************
                                                                           
                                                                           
~~~~~~~~~~~~~~~~~~~~~~~~~~~~~~~~~~~~~~~~~~~~~~~~~~~~~~~~~~~~~~~~~~~~~~~~~~~
 Calculation             : Compute initial orbitals
 Method                  : Diagonalize SAD Hamiltonian
 Precision               : 1.00000e-04
 Restricted              : False
 Functional              : LDA (SVWN5)
 AO basis                : Hydrogenic orbitals
 Zeta quality            : 2
~~~~~~~~~~~~~~~~~~~~~~~~~~~~~~~~~~~~~~~~~~~~~~~~~~~~~~~~~~~~~~~~~~~~~~~~~~~


===========================================================================
                            Molecular Orbitals
---------------------------------------------------------------------------
 Alpha electrons         :                                               9
 Beta electrons          :                                               7
 Total electrons         :                                              16
---------------------------------------------------------------------------
    n  Occ Spin          :                                            Norm
---------------------------------------------------------------------------
    0    1    a          :                              9.999999028179e-01
    1    1    a          :                              1.000000292981e+00
    2    1    a          :                              9.999999621584e-01
    3    1    a          :                              9.999998604229e-01
    4    1    a          :                              1.000000028282e+00
    5    1    a          :                              1.000000004363e+00
    6    1    a          :                              9.999999999726e-01
    7    1    a          :                              9.999999999430e-01
    8    1    a          :                              1.000000000021e+00
    9    1    b          :                              9.999998983636e-01
   10    1    b          :                              9.999999151294e-01
   11    1    b          :                              9.999999656953e-01
   12    1    b          :                              9.999998487267e-01
   13    1    b          :                              1.000000029585e+00
   14    1    b          :                              1.000000000584e+00
   15    1    b          :                              9.999999999726e-01
===========================================================================


~~~~~~~~~~~~~~~~~~~~~~~~~~~~~~~~~~~~~~~~~~~~~~~~~~~~~~~~~~~~~~~~~~~~~~~~~~~
 Calculation             : Compute initial energy
 Method                  : DFT (PBE)
 Precision               : 1.00000e-04
 Localization            : On
~~~~~~~~~~~~~~~~~~~~~~~~~~~~~~~~~~~~~~~~~~~~~~~~~~~~~~~~~~~~~~~~~~~~~~~~~~~


===========================================================================
                        Molecular Energy (initial)
---------------------------------------------------------------------------
 Kinetic energy          :            (au)                160.688345206112
 E-N energy              :            (au)               -423.601861969679
 Coulomb energy          :            (au)                101.001108446796
 Exchange energy         :            (au)                  0.000000000000
 X-C energy              :            (au)                -17.321446883870
 Ext. field (el)         :            (au)                  0.000000000000
---------------------------------------------------------------------------
 N-N energy              :            (au)                 25.313718061081
 Ext. field (nuc)        :            (au)                  0.000000000000
---------------------------------------------------------------------------
 Electronic energy       :            (au)               -179.233855200641
 Nuclear energy          :            (au)                 25.313718061081
---------------------------------------------------------------------------
 Total energy            :            (au)             -1.539201371396e+02
                         :      (kcal/mol)             -9.658634352485e+04
                         :        (kJ/mol)             -4.041172615703e+05
                         :            (eV)             -4.188380118653e+03
===========================================================================


===========================================================================
                        Orbital Energies (initial)
---------------------------------------------------------------------------
    n  Occ Spin          :                                         Epsilon
---------------------------------------------------------------------------
    0    1    a          :            (au)                -24.304276272017
    1    1    a          :            (au)                -13.856290329981
    2    1    a          :            (au)                 -1.262547653004
    3    1    a          :            (au)                 -0.707367748467
    4    1    a          :            (au)                 -0.521827698750
    5    1    a          :            (au)                 -0.521139837515
    6    1    a          :            (au)                 -0.397170647832
    7    1    a          :            (au)                 -0.178977313429
    8    1    a          :            (au)                 -0.178792454099
    9    1    b          :            (au)                -24.288161855621
   10    1    b          :            (au)                -13.823783267069
   11    1    b          :            (au)                 -1.231546297281
   12    1    b          :            (au)                 -0.664696246683
   13    1    b          :            (au)                 -0.454049516913
   14    1    b          :            (au)                 -0.452563556093
   15    1    b          :            (au)                 -0.342483800231
---------------------------------------------------------------------------
 Sum occupied            :            (au)                -83.185674494986
===========================================================================


~~~~~~~~~~~~~~~~~~~~~~~~~~~~~~~~~~~~~~~~~~~~~~~~~~~~~~~~~~~~~~~~~~~~~~~~~~~
 Calculation             : Optimize ground state orbitals
 Method                  : DFT (PBE)
 Checkpointing           : Off
 Max iterations          : 200
 KAIN solver             : 10
 Localization            : First two iterations
 Diagonalization         : Off
 Start precision         : 1.00000e-06
 Final precision         : 1.00000e-06
 Helmholtz precision     : Dynamic
 Energy threshold        : 1.00000e-06
 Orbital threshold       : 5.00000e-05
~~~~~~~~~~~~~~~~~~~~~~~~~~~~~~~~~~~~~~~~~~~~~~~~~~~~~~~~~~~~~~~~~~~~~~~~~~~


===========================================================================
 Iter           MO residual             Total energy                Update
---------------------------------------------------------------------------
    0          4.000000e+00        -153.920137139560         -1.539201e+02
    1          3.317352e-01        -154.325214911621         -4.050778e-01
    2          6.684827e-02        -154.352772616921         -2.755771e-02
    3          2.926914e-02        -154.358270000278         -5.497383e-03
    4          3.751544e-02        -154.362401387811         -4.131388e-03
    5          4.310491e-02        -154.364907757538         -2.506370e-03
    6          2.585598e-02        -154.365946743746         -1.038986e-03
    7          1.779109e-02        -154.366229592787         -2.828490e-04
    8          1.079147e-02        -154.366370089346         -1.404966e-04
    9          7.132857e-03        -154.366434201857         -6.411251e-05
   10          1.921097e-03        -154.366442070722         -7.868865e-06
   11          1.255684e-03        -154.366445540201         -3.469480e-06
   12          1.127683e-03        -154.366447049801         -1.509600e-06
   13          3.335847e-04        -154.366447271499         -2.216973e-07
   14          4.202365e-04        -154.366447459824         -1.883258e-07
   15          4.586537e-04        -154.366447561449         -1.016244e-07
   16          9.335425e-05        -154.366447576218         -1.476877e-08
   17          3.640496e-05        -154.366447580360         -4.142407e-09
---------------------------------------------------------------------------
                      SCF converged in 17 iterations!
===========================================================================


                                                                           
***************************************************************************
***                                                                     ***
***                    Printing Molecular Properties                    ***
***                                                                     ***
***************************************************************************
                                                                           
                                                                           
===========================================================================
                                 Molecule
---------------------------------------------------------------------------
 Charge                  :                                               0
 Multiplicity            :                                               3
---------------------------------------------------------------------------
    N    Atom            :               x               y               z
---------------------------------------------------------------------------
    0       N            :        0.000000        0.000000       -1.432584
    1       F            :        0.000000        0.000000        1.056185
---------------------------------------------------------------------------
 Center of mass          :        0.000000        0.000000        0.000000
===========================================================================


===========================================================================
                         Molecular Energy (final)
---------------------------------------------------------------------------
 Kinetic energy          :            (au)                153.942753557804
 E-N energy              :            (au)               -417.070786952128
 Coulomb energy          :            (au)                100.509292509931
 Exchange energy         :            (au)                  0.000000000000
 X-C energy              :            (au)                -17.061424757048
 Ext. field (el)         :            (au)                  0.000000000000
---------------------------------------------------------------------------
 N-N energy              :            (au)                 25.313718061081
 Ext. field (nuc)        :            (au)                  0.000000000000
---------------------------------------------------------------------------
 Electronic energy       :            (au)               -179.680165641441
 Nuclear energy          :            (au)                 25.313718061081
---------------------------------------------------------------------------
 Total energy            :            (au)             -1.543664475804e+02
                         :      (kcal/mol)             -9.686640755257e+04
                         :        (kJ/mol)             -4.052890494630e+05
                         :            (eV)             -4.200524843910e+03
===========================================================================


===========================================================================
                         Orbital Energies (final)
---------------------------------------------------------------------------
    n  Occ Spin          :                                         Epsilon
---------------------------------------------------------------------------
    0    1    a          :            (au)                -24.357519490840
    1    1    a          :            (au)                -14.131124376857
    2    1    a          :            (au)                 -1.224514258345
    3    1    a          :            (au)                 -0.736078883554
    4    1    a          :            (au)                 -0.485129876379
    5    1    a          :            (au)                 -0.485129523456
    6    1    a          :            (au)                 -0.471285111703
    7    1    a          :            (au)                 -0.256517554823
    8    1    a          :            (au)                 -0.256517348638
    9    1    b          :            (au)                -24.348754204918
   10    1    b          :            (au)                -14.095285149099
   11    1    b          :            (au)                 -1.202810443789
   12    1    b          :            (au)                 -0.674235079031
   13    1    b          :            (au)                 -0.449426395798
   14    1    b          :            (au)                 -0.449426326764
   15    1    b          :            (au)                 -0.425309304907
---------------------------------------------------------------------------
 Sum occupied            :            (au)                -84.049063328903
===========================================================================


===========================================================================
                           Dipole Moment (dip-1)
---------------------------------------------------------------------------
 r_O                     :        0.000000        0.000000        0.000000
---------------------------------------------------------------------------
 Electronic vector       :        0.000004        0.000016        0.645706
 Magnitude               :            (au)                        0.645706
                         :         (Debye)                        1.641220
---------------------------------------------------------------------------
 Nuclear vector          :        0.000000        0.000000       -0.522422
 Magnitude               :            (au)                        0.522422
                         :         (Debye)                        1.327863
---------------------------------------------------------------------------
 Total vector            :        0.000004        0.000016        0.123284
 Magnitude               :            (au)                        0.123284
                         :         (Debye)                        0.313357
===========================================================================


                                                                           
                                                                           
***************************************************************************
***                                                                     ***
***                            Exiting MRChem                           ***
***                                                                     ***
***                       Wall time :  0h 18m 52s                       ***
***                                                                     ***
***************************************************************************
                                                                           
                                                                           
