Starting job 3267538 on c3-[4,27],c5-[25,29],c11-30 at Thu Aug 12 23:54:18 CEST 2021

Copying 19_pbe_.out to /cluster/home/ambr/projects/psp/row12/calcs/doublets
Copying 19_pbe_.json to /cluster/home/ambr/projects/psp/row12/calcs/doublets

Task and CPU usage stats:
       JobID    JobName  AllocCPUS   NTasks     MinCPU MinCPUTask     AveCPU    Elapsed ExitCode 
------------ ---------- ---------- -------- ---------- ---------- ---------- ---------- -------- 
3267538         19_pbe_        120                                             00:48:09      1:0 
3267538.bat+      batch         24        1   00:00:00          0   00:00:00   00:48:09      1:0 
3267538.ext+     extern        120        5   00:00:00          4   00:00:00   00:48:09      0:0 
3267538.0      mrchem.x        120       20   00:48:05         19   02:24:11   00:48:07      0:0 

Memory usage stats:
       JobID     MaxRSS MaxRSSTask     AveRSS MaxPages   MaxPagesTask   AvePages 
------------ ---------- ---------- ---------- -------- -------------- ---------- 
3267538                                                                          
3267538.bat+     14328K          0     14328K        0              0          0 
3267538.ext+          0          4          0        0              4          0 
3267538.0      5617776K         14 4312269004        0             15          0 

Disk usage stats:
       JobID  MaxDiskRead MaxDiskReadTask    AveDiskRead MaxDiskWrite MaxDiskWriteTask   AveDiskWrite 
------------ ------------ --------------- -------------- ------------ ---------------- -------------- 
3267538                                                                                               
3267538.bat+        3.70M               0          3.70M        0.02M                0          0.02M 
3267538.ext+        0.00M               4          0.00M            0                4              0 
3267538.0           2.67M              18          2.18M        2.11M                0          2.07M 

Job 3267538 completed at Fri Aug 13 00:42:27 CEST 2021
