Starting job 3213293 on c11-[17-19] at Tue Aug 3 12:14:55 CEST 2021

Copying 19_pbe0_.out to /cluster/home/ambr/projects/psp/calcs/doublets
Copying 19_pbe0_.json to /cluster/home/ambr/projects/psp/calcs/doublets

Task and CPU usage stats:
       JobID    JobName  AllocCPUS   NTasks     MinCPU MinCPUTask     AveCPU    Elapsed ExitCode 
------------ ---------- ---------- -------- ---------- ---------- ---------- ---------- -------- 
3213293        19_pbe0_        120                                             01:13:45      1:0 
3213293.bat+      batch         42        1   00:00:01          0   00:00:01   01:13:45      1:0 
3213293.ext+     extern        120        3   00:00:00          1   00:00:00   01:13:45      0:0 
3213293.0      mrchem.x        120       20   01:13:33         19   03:45:50   01:13:34      0:0 

Memory usage stats:
       JobID     MaxRSS MaxRSSTask     AveRSS MaxPages   MaxPagesTask   AvePages 
------------ ---------- ---------- ---------- -------- -------------- ---------- 
3213293                                                                          
3213293.bat+     14232K          0     14232K        0              0          0 
3213293.ext+          0          1          0        0              1          0 
3213293.0      5854608K          3 4448054067        0             19          0 

Disk usage stats:
       JobID  MaxDiskRead MaxDiskReadTask    AveDiskRead MaxDiskWrite MaxDiskWriteTask   AveDiskWrite 
------------ ------------ --------------- -------------- ------------ ---------------- -------------- 
3213293                                                                                               
3213293.bat+      305.24M               0        305.24M      301.52M                0        301.52M 
3213293.ext+        0.00M               1          0.00M            0                1              0 
3213293.0          28.73M               3         17.74M      115.75M                5         63.52M 

Job 3213293 completed at Tue Aug 3 13:28:41 CEST 2021
