Starting job 3125905 on c2-25,c11-[1,3-4,7-9] at Thu Jul 8 00:27:36 CEST 2021

Copying 1_b3lyp-g_.out to /cluster/home/ambr/projects/psp/calcs
Copying 1_b3lyp-g_.json to /cluster/home/ambr/projects/psp/calcs

Task and CPU usage stats:
       JobID    JobName  AllocCPUS   NTasks     MinCPU MinCPUTask     AveCPU    Elapsed ExitCode 
------------ ---------- ---------- -------- ---------- ---------- ---------- ---------- -------- 
3125905      1_b3lyp-g_        200                                             00:02:40      1:0 
3125905.bat+      batch         20        1   00:00:00          0   00:00:00   00:02:40      1:0 
3125905.ext+     extern        200        7   00:00:00          3   00:00:00   00:02:40      0:0 
3125905.0      mrchem.x        200       20   00:02:28         19   00:06:08   00:02:31      0:0 

Memory usage stats:
       JobID     MaxRSS MaxRSSTask     AveRSS MaxPages   MaxPagesTask   AvePages 
------------ ---------- ---------- ---------- -------- -------------- ---------- 
3125905                                                                          
3125905.bat+     14728K          0     14728K        0              0          0 
3125905.ext+          0          3          0        0              3          0 
3125905.0      1547880K          0 1039154790        0             14          0 

Disk usage stats:
       JobID  MaxDiskRead MaxDiskReadTask    AveDiskRead MaxDiskWrite MaxDiskWriteTask   AveDiskWrite 
------------ ------------ --------------- -------------- ------------ ---------------- -------------- 
3125905                                                                                               
3125905.bat+        3.55M               0          3.55M        0.02M                0          0.02M 
3125905.ext+        0.00M               3          0.00M            0                3              0 
3125905.0           2.67M              13          2.60M       35.42M                0          3.74M 

Job 3125905 completed at Thu Jul 8 00:30:16 CEST 2021
