Starting job 3125908 on c2-25,c11-[1,3-4,7-9] at Thu Jul 8 00:30:37 CEST 2021

Copying 20_pbe0_.out to /cluster/home/ambr/projects/psp/calcs
Copying 20_pbe0_.json to /cluster/home/ambr/projects/psp/calcs

Task and CPU usage stats:
       JobID    JobName  AllocCPUS   NTasks     MinCPU MinCPUTask     AveCPU    Elapsed ExitCode 
------------ ---------- ---------- -------- ---------- ---------- ---------- ---------- -------- 
3125908        20_pbe0_        200                                             00:51:41      1:0 
3125908.bat+      batch         20        1   00:00:01          0   00:00:01   00:51:41      1:0 
3125908.ext+     extern        200        7   00:00:00          3   00:00:00   00:51:41      0:0 
3125908.0      mrchem.x        200       20   00:51:34         19   04:04:25   00:51:36      0:0 

Memory usage stats:
       JobID     MaxRSS MaxRSSTask     AveRSS MaxPages   MaxPagesTask   AvePages 
------------ ---------- ---------- ---------- -------- -------------- ---------- 
3125908                                                                          
3125908.bat+     14736K          0     14736K        0              0          0 
3125908.ext+          0          3          0        0              3          0 
3125908.0      4755260K          2 3863779123        0             19          0 

Disk usage stats:
       JobID  MaxDiskRead MaxDiskReadTask    AveDiskRead MaxDiskWrite MaxDiskWriteTask   AveDiskWrite 
------------ ------------ --------------- -------------- ------------ ---------------- -------------- 
3125908                                                                                               
3125908.bat+        3.55M               0          3.55M        0.02M                0          0.02M 
3125908.ext+        0.00M               3          0.00M            0                3              0 
3125908.0           2.67M              13          2.60M       84.39M                2         36.76M 

Job 3125908 completed at Thu Jul 8 01:22:19 CEST 2021
Starting job 3148659 on c2-[6,20,24,26],c11-[2,8] at Wed Jul 14 09:47:24 CEST 2021

Copying 20_pbe0_.out to /cluster/home/ambr/projects/psp/calcs
Copying 20_pbe0_.json to /cluster/home/ambr/projects/psp/calcs

Task and CPU usage stats:
       JobID    JobName  AllocCPUS   NTasks     MinCPU MinCPUTask     AveCPU    Elapsed ExitCode 
------------ ---------- ---------- -------- ---------- ---------- ---------- ---------- -------- 
3148659        20_pbe0_        100                                             00:03:23      1:0 
3148659.bat+      batch         10        1   00:00:00          0   00:00:00   00:03:23      1:0 
3148659.ext+     extern        100        6   00:00:00          3   00:00:00   00:03:23      0:0 

Memory usage stats:
       JobID     MaxRSS MaxRSSTask     AveRSS MaxPages   MaxPagesTask   AvePages 
------------ ---------- ---------- ---------- -------- -------------- ---------- 
3148659                                                                          
3148659.bat+      6092K          0      6092K        0              0          0 
3148659.ext+          0          3          0        0              3          0 

Disk usage stats:
       JobID  MaxDiskRead MaxDiskReadTask    AveDiskRead MaxDiskWrite MaxDiskWriteTask   AveDiskWrite 
------------ ------------ --------------- -------------- ------------ ---------------- -------------- 
3148659                                                                                               
3148659.bat+        3.55M               0          3.55M        0.02M                0          0.02M 
3148659.ext+        0.00M               3          0.00M            0                3              0 

Job 3148659 completed at Wed Jul 14 09:50:47 CEST 2021
Starting job 3149528 on c10-[1-3,7,9-11,13] at Wed Jul 14 15:06:48 CEST 2021

Copying 20_pbe0_.out to /cluster/home/ambr/projects/psp/calcs
Copying 20_pbe0_.json to /cluster/home/ambr/projects/psp/calcs

Task and CPU usage stats:
       JobID    JobName  AllocCPUS   NTasks     MinCPU MinCPUTask     AveCPU    Elapsed ExitCode 
------------ ---------- ---------- -------- ---------- ---------- ---------- ---------- -------- 
3149528        20_pbe0_        100                                             02:30:21      1:0 
3149528.bat+      batch         30        1   00:00:01          0   00:00:01   02:30:21      1:0 
3149528.ext+     extern        100        8   00:00:00          3   00:00:00   02:30:21      0:0 
3149528.0      mrchem.x        100       10   01:07:01          9   06:39:42   01:09:15      0:0 

Memory usage stats:
       JobID     MaxRSS MaxRSSTask     AveRSS MaxPages   MaxPagesTask   AvePages 
------------ ---------- ---------- ---------- -------- -------------- ---------- 
3149528                                                                          
3149528.bat+     14448K          0     14448K        0              0          0 
3149528.ext+          0          3          0        0              3          0 
3149528.0      7212708K          7 5571922739        0              8          0 

Disk usage stats:
       JobID  MaxDiskRead MaxDiskReadTask    AveDiskRead MaxDiskWrite MaxDiskWriteTask   AveDiskWrite 
------------ ------------ --------------- -------------- ------------ ---------------- -------------- 
3149528                                                                                               
3149528.bat+        5.57M               0          5.57M        0.06M                0          0.06M 
3149528.ext+        0.00M               3          0.00M            0                3              0 
3149528.0           2.66M               2          2.64M      145.15M                1         99.68M 

Job 3149528 completed at Wed Jul 14 17:37:12 CEST 2021
