Starting job 3267497 on c5-9,c11-[22,52] at Wed Aug 11 11:51:43 CEST 2021

Copying 20_pbe_.out to /cluster/home/ambr/projects/psp/row12/calcs/singlets
Copying 20_pbe_.json to /cluster/home/ambr/projects/psp/row12/calcs/singlets

Task and CPU usage stats:
       JobID    JobName  AllocCPUS   NTasks     MinCPU MinCPUTask     AveCPU    Elapsed ExitCode 
------------ ---------- ---------- -------- ---------- ---------- ---------- ---------- -------- 
3267497         20_pbe_        120                                             00:41:36      1:0 
3267497.bat+      batch         36        1   00:00:00          0   00:00:00   00:41:36      1:0 
3267497.ext+     extern        120        3   00:00:00          2   00:00:00   00:41:36      0:0 
3267497.0      mrchem.x        120       20   00:41:33         19   02:23:05   00:41:34      0:0 

Memory usage stats:
       JobID     MaxRSS MaxRSSTask     AveRSS MaxPages   MaxPagesTask   AvePages 
------------ ---------- ---------- ---------- -------- -------------- ---------- 
3267497                                                                          
3267497.bat+     14240K          0     14240K        0              0          0 
3267497.ext+          0          2          0        0              2          0 
3267497.0      7046616K          6 5728095027        0              1          0 

Disk usage stats:
       JobID  MaxDiskRead MaxDiskReadTask    AveDiskRead MaxDiskWrite MaxDiskWriteTask   AveDiskWrite 
------------ ------------ --------------- -------------- ------------ ---------------- -------------- 
3267497                                                                                               
3267497.bat+        3.70M               0          3.70M        0.02M                0          0.02M 
3267497.ext+        0.00M               2          0.00M            0                2              0 
3267497.0           2.67M              18          2.48M        2.12M                0          2.07M 

Job 3267497 completed at Wed Aug 11 12:33:19 CEST 2021
