Starting job 3267539 on c2-[4,6,25,46,53],c3-1 at Fri Aug 13 00:12:38 CEST 2021

Copying 21_pbe_.out to /cluster/home/ambr/projects/psp/row12/calcs/doublets
Copying 21_pbe_.json to /cluster/home/ambr/projects/psp/row12/calcs/doublets

Task and CPU usage stats:
       JobID    JobName  AllocCPUS   NTasks     MinCPU MinCPUTask     AveCPU    Elapsed ExitCode 
------------ ---------- ---------- -------- ---------- ---------- ---------- ---------- -------- 
3267539         21_pbe_        120                                             00:19:13      1:0 
3267539.bat+      batch          6        1   00:00:00          0   00:00:00   00:19:13      1:0 
3267539.ext+     extern        120        6   00:00:00          5   00:00:00   00:19:13      0:0 
3267539.0      mrchem.x        120       20   00:19:10         19   01:07:45   00:19:12      0:0 

Memory usage stats:
       JobID     MaxRSS MaxRSSTask     AveRSS MaxPages   MaxPagesTask   AvePages 
------------ ---------- ---------- ---------- -------- -------------- ---------- 
3267539                                                                          
3267539.bat+     14368K          0     14368K        0              0          0 
3267539.ext+          0          5          0        0              5          0 
3267539.0      3139076K          1   2668273K        0              8          0 

Disk usage stats:
       JobID  MaxDiskRead MaxDiskReadTask    AveDiskRead MaxDiskWrite MaxDiskWriteTask   AveDiskWrite 
------------ ------------ --------------- -------------- ------------ ---------------- -------------- 
3267539                                                                                               
3267539.bat+        3.70M               0          3.70M        0.02M                0          0.02M 
3267539.ext+        0.00M               5          0.00M            0                5              0 
3267539.0           2.06M               7          2.05M        2.08M                0          2.07M 

Job 3267539 completed at Fri Aug 13 00:31:51 CEST 2021
