Starting job 3213294 on c10-[19-21] at Tue Aug 3 12:14:55 CEST 2021

Copying 21_pbe0_.out to /cluster/home/ambr/projects/psp/calcs/doublets
Copying 21_pbe0_.json to /cluster/home/ambr/projects/psp/calcs/doublets

Task and CPU usage stats:
       JobID    JobName  AllocCPUS   NTasks     MinCPU MinCPUTask     AveCPU    Elapsed ExitCode 
------------ ---------- ---------- -------- ---------- ---------- ---------- ---------- -------- 
3213294        21_pbe0_        120                                             00:33:38      1:0 
3213294.bat+      batch         42        1   00:00:01          0   00:00:01   00:33:38      1:0 
3213294.ext+     extern        120        3   00:00:00          1   00:00:00   00:33:38      0:0 
3213294.0      mrchem.x        120       20   00:33:27         19   01:55:43   00:33:29      0:0 

Memory usage stats:
       JobID     MaxRSS MaxRSSTask     AveRSS MaxPages   MaxPagesTask   AvePages 
------------ ---------- ---------- ---------- -------- -------------- ---------- 
3213294                                                                          
3213294.bat+     14236K          0     14236K        0              0          0 
3213294.ext+          0          1          0        0              1          0 
3213294.0      3104320K         14 2868832665        0             19          0 

Disk usage stats:
       JobID  MaxDiskRead MaxDiskReadTask    AveDiskRead MaxDiskWrite MaxDiskWriteTask   AveDiskWrite 
------------ ------------ --------------- -------------- ------------ ---------------- -------------- 
3213294                                                                                               
3213294.bat+      171.24M               0        171.24M      167.52M                0        167.52M 
3213294.ext+        0.00M               1          0.00M            0                1              0 
3213294.0          13.84M              11         11.04M       53.03M               13         33.14M 

Job 3213294 completed at Tue Aug 3 12:48:33 CEST 2021
