Starting job 3267540 on c2-[4,6,25,46,53],c3-1 at Fri Aug 13 00:32:13 CEST 2021

Copying 22_pbe_.out to /cluster/home/ambr/projects/psp/row12/calcs/doublets
Copying 22_pbe_.json to /cluster/home/ambr/projects/psp/row12/calcs/doublets

Task and CPU usage stats:
       JobID    JobName  AllocCPUS   NTasks     MinCPU MinCPUTask     AveCPU    Elapsed ExitCode 
------------ ---------- ---------- -------- ---------- ---------- ---------- ---------- -------- 
3267540         22_pbe_        120                                             00:26:34      1:0 
3267540.bat+      batch          6        1   00:00:00          0   00:00:00   00:26:34      1:0 
3267540.ext+     extern        120        6   00:00:00          5   00:00:00   00:26:35      0:0 
3267540.0      mrchem.x        120       20   00:26:31         19   01:30:53   00:26:33      0:0 

Memory usage stats:
       JobID     MaxRSS MaxRSSTask     AveRSS MaxPages   MaxPagesTask   AvePages 
------------ ---------- ---------- ---------- -------- -------------- ---------- 
3267540                                                                          
3267540.bat+     14372K          0     14372K        0              0          0 
3267540.ext+          0          5          0        0              5          0 
3267540.0      5796856K          0 4330577510        0              1          0 

Disk usage stats:
       JobID  MaxDiskRead MaxDiskReadTask    AveDiskRead MaxDiskWrite MaxDiskWriteTask   AveDiskWrite 
------------ ------------ --------------- -------------- ------------ ---------------- -------------- 
3267540                                                                                               
3267540.bat+        3.70M               0          3.70M        0.02M                0          0.02M 
3267540.ext+        0.00M               5          0.00M            0                5              0 
3267540.0           2.07M               4          2.05M        2.08M                0          2.07M 

Job 3267540 completed at Fri Aug 13 00:58:48 CEST 2021
