                                                                           
                                                                           
***************************************************************************
***                                                                     ***
***                                                                     ***
***          __  __ ____   ____ _                                       ***
***         |  \/  |  _ \ / ___| |__   ___ _ __ ___                     ***
***         | |\/| | |_) | |   | '_ \ / _ \ '_ ` _ \                    ***
***         | |  | |  _ <| |___| | | |  __/ | | | | |                   ***
***         |_|  |_|_| \_\\____|_| |_|\___|_| |_| |_|                   ***
***                                                                     ***
***         VERSION            1.0.1                                    ***
***                                                                     ***
***         Git branch         HEAD                                     ***
***         Git commit hash    9309e3e1e52e5319b766-dirty               ***
***         Git commit author  Stig Rune Jensen                         ***
***         Git commit date    Fri Dec 4 16:08:55 2020 +0100            ***
***                                                                     ***
***         Contact: luca.frediani@uit.no                               ***
***                                                                     ***
***         Radovan Bast            Magnar Bjorgve                      ***
***         Roberto Di Remigio      Antoine Durdek                      ***
***         Luca Frediani           Gabriel Gerez                       ***
***         Stig Rune Jensen        Jonas Juselius                      ***
***         Rune Monstad            Peter Wind                          ***
***                                                                     ***
***************************************************************************

---------------------------------------------------------------------------

 MPI processes           :        (1 bank)                              20
 OpenMP threads          :                                               6
 Total cores             :                                             120
                                                                           
---------------------------------------------------------------------------

XCFun DFT library Copyright 2009-2020 Ulf Ekstrom and contributors.
See http://dftlibs.org/xcfun/ for more information.

This is free software; see the source code for copying conditions.
There is ABSOLUTELY NO WARRANTY; not even for MERCHANTABILITY or
FITNESS FOR A PARTICULAR PURPOSE. For details see the documentation.
Scientific users of this library should cite
U. Ekstrom, L. Visscher, R. Bast, A. J. Thorvaldsen and K. Ruud;
J.Chem.Theor.Comp. 2010, DOI: 10.1021/ct100117s

---------------------------------------------------------------------------

 MRCPP version         : 1.3.6
 Git branch            : HEAD
 Git commit hash       : 9309e3e1e52e5319b766-dirty
 Git commit author     : Stig Rune Jensen
 Git commit date       : Fri Dec 4 16:08:55 2020 +0100

 Linear algebra        : EIGEN v3.3.7
 Parallelization       : MPI/OpenMP (6 threads)

---------------------------------------------------------------------------


                                                                           
===========================================================================
                         MultiResolution Analysis
---------------------------------------------------------------------------
 polynomial order      : 9
 polynomial type       : Interpolating
---------------------------------------------------------------------------
 total boxes           : 8
 boxes                 : [          2           2           2 ]
 unit lengths          : [   32.00000    32.00000    32.00000 ]
 scaling factor        : [    1.00000     1.00000     1.00000 ]
 lower bounds          : [  -32.00000   -32.00000   -32.00000 ]
 upper bounds          : [   32.00000    32.00000    32.00000 ]
 total length          : [   64.00000    64.00000    64.00000 ]
===========================================================================


                                                                           
***************************************************************************
***                                                                     ***
***                        Initializing Molecule                        ***
***                                                                     ***
***************************************************************************
                                                                           
                                                                           
===========================================================================
                                 Molecule
---------------------------------------------------------------------------
 Charge                  :                                               0
 Multiplicity            :                                               2
---------------------------------------------------------------------------
    N    Atom            :               x               y               z
---------------------------------------------------------------------------
    0       N            :        0.000000        0.000000       -0.611583
    1       O            :        0.000000        2.076620        0.267706
    2       O            :        0.000000       -2.076620        0.267706
---------------------------------------------------------------------------
 Center of mass          :        0.000000       -0.000000        0.000000
===========================================================================


                                                                           
***************************************************************************
***                                                                     ***
***                 Computing Ground State Wavefunction                 ***
***                                                                     ***
***************************************************************************
                                                                           
                                                                           
~~~~~~~~~~~~~~~~~~~~~~~~~~~~~~~~~~~~~~~~~~~~~~~~~~~~~~~~~~~~~~~~~~~~~~~~~~~
 Calculation             : Compute initial orbitals
 Method                  : Diagonalize SAD Hamiltonian
 Precision               : 1.00000e-04
 Restricted              : False
 Functional              : LDA (SVWN5)
 AO basis                : Hydrogenic orbitals
 Zeta quality            : 2
~~~~~~~~~~~~~~~~~~~~~~~~~~~~~~~~~~~~~~~~~~~~~~~~~~~~~~~~~~~~~~~~~~~~~~~~~~~


===========================================================================
                            Molecular Orbitals
---------------------------------------------------------------------------
 Alpha electrons         :                                              12
 Beta electrons          :                                              11
 Total electrons         :                                              23
---------------------------------------------------------------------------
    n  Occ Spin          :                                            Norm
---------------------------------------------------------------------------
    0    1    a          :                              1.000000451792e+00
    1    1    a          :                              9.999999821932e-01
    2    1    a          :                              1.000000000470e+00
    3    1    a          :                              9.999999424200e-01
    4    1    a          :                              1.000000098672e+00
    5    1    a          :                              1.000001307490e+00
    6    1    a          :                              1.000000985271e+00
    7    1    a          :                              9.999968055578e-01
    8    1    a          :                              9.999983763663e-01
    9    1    a          :                              1.000004040823e+00
   10    1    a          :                              1.000003960917e+00
   11    1    a          :                              9.999890289196e-01
   12    1    b          :                              9.999999804750e-01
   13    1    b          :                              9.999999745871e-01
   14    1    b          :                              1.000000000470e+00
   15    1    b          :                              1.000000063740e+00
   16    1    b          :                              1.000000098529e+00
   17    1    b          :                              1.000000446431e+00
   18    1    b          :                              1.000003261353e+00
   19    1    b          :                              1.000002171982e+00
   20    1    b          :                              9.999983763704e-01
   21    1    b          :                              9.999964176975e-01
   22    1    b          :                              1.000001698500e+00
===========================================================================


~~~~~~~~~~~~~~~~~~~~~~~~~~~~~~~~~~~~~~~~~~~~~~~~~~~~~~~~~~~~~~~~~~~~~~~~~~~
 Calculation             : Compute initial energy
 Method                  : DFT (PBE)
 Precision               : 1.00000e-04
 Localization            : On
~~~~~~~~~~~~~~~~~~~~~~~~~~~~~~~~~~~~~~~~~~~~~~~~~~~~~~~~~~~~~~~~~~~~~~~~~~~


===========================================================================
                        Molecular Energy (initial)
---------------------------------------------------------------------------
 Kinetic energy          :            (au)                214.588962828429
 E-N energy              :            (au)               -623.465753548927
 Coulomb energy          :            (au)                163.730515300289
 Exchange energy         :            (au)                  0.000000000000
 X-C energy              :            (au)                -24.230609161017
 Ext. field (el)         :            (au)                  0.000000000000
---------------------------------------------------------------------------
 N-N energy              :            (au)                 65.074742125855
 Ext. field (nuc)        :            (au)                  0.000000000000
---------------------------------------------------------------------------
 Electronic energy       :            (au)               -269.376884581226
 Nuclear energy          :            (au)                 65.074742125855
---------------------------------------------------------------------------
 Total energy            :            (au)             -2.043021424554e+02
                         :      (kcal/mol)             -1.282015289277e+05
                         :        (kJ/mol)             -5.363951973818e+05
                         :            (eV)             -5.559344264893e+03
===========================================================================


===========================================================================
                        Orbital Energies (initial)
---------------------------------------------------------------------------
    n  Occ Spin          :                                         Epsilon
---------------------------------------------------------------------------
    0    1    a          :            (au)                -18.553435647224
    1    1    a          :            (au)                -18.550407677253
    2    1    a          :            (au)                -14.326990751583
    3    1    a          :            (au)                 -1.230429407167
    4    1    a          :            (au)                 -1.063384629364
    5    1    a          :            (au)                 -0.596684660362
    6    1    a          :            (au)                 -0.547557972110
    7    1    a          :            (au)                 -0.479390992635
    8    1    a          :            (au)                 -0.430866777194
    9    1    a          :            (au)                 -0.264511678802
   10    1    a          :            (au)                 -0.249391877801
   11    1    a          :            (au)                 -0.187236834356
   12    1    b          :            (au)                -18.544650881267
   13    1    b          :            (au)                -18.543103920379
   14    1    b          :            (au)                -14.316547699911
   15    1    b          :            (au)                 -1.216787914586
   16    1    b          :            (au)                 -1.048244783561
   17    1    b          :            (au)                 -0.536873117141
   18    1    b          :            (au)                 -0.522575825187
   19    1    b          :            (au)                 -0.464193577910
   20    1    b          :            (au)                 -0.414152376189
   21    1    b          :            (au)                 -0.256779144765
   22    1    b          :            (au)                 -0.226871144424
---------------------------------------------------------------------------
 Sum occupied            :            (au)               -112.571069291169
===========================================================================


~~~~~~~~~~~~~~~~~~~~~~~~~~~~~~~~~~~~~~~~~~~~~~~~~~~~~~~~~~~~~~~~~~~~~~~~~~~
 Calculation             : Optimize ground state orbitals
 Method                  : DFT (PBE)
 Checkpointing           : Off
 Max iterations          : 200
 KAIN solver             : 10
 Localization            : First two iterations
 Diagonalization         : Off
 Start precision         : 1.00000e-06
 Final precision         : 1.00000e-06
 Helmholtz precision     : Dynamic
 Energy threshold        : 1.00000e-06
 Orbital threshold       : 5.00000e-05
~~~~~~~~~~~~~~~~~~~~~~~~~~~~~~~~~~~~~~~~~~~~~~~~~~~~~~~~~~~~~~~~~~~~~~~~~~~


===========================================================================
 Iter           MO residual             Total energy                Update
---------------------------------------------------------------------------
    0          4.795832e+00        -204.302142455371         -2.043021e+02
    1          3.644303e-01        -204.930653378681         -6.285109e-01
    2          1.200443e-01        -204.983877657587         -5.322428e-02
    3          6.127763e-02        -204.992559893181         -8.682236e-03
    4          3.371222e-02        -204.994788929224         -2.229036e-03
    5          2.800926e-02        -204.996069794647         -1.280865e-03
    6          8.219523e-03        -204.996248592994         -1.787983e-04
    7          9.173630e-03        -204.996416016799         -1.674238e-04
    8          5.337493e-03        -204.996473853770         -5.783697e-05
    9          4.532472e-03        -204.996505707891         -3.185412e-05
   10          2.150404e-03        -204.996514479415         -8.771524e-06
   11          2.358087e-03        -204.996521687999         -7.208584e-06
   12          1.533955e-03        -204.996524946744         -3.258745e-06
   13          1.096066e-03        -204.996526857048         -1.910303e-06
   14          9.981792e-04        -204.996527969219         -1.112171e-06
   15          5.097173e-04        -204.996528242318         -2.730986e-07
   16          2.183856e-04        -204.996528332060         -8.974285e-08
   17          1.405806e-04        -204.996528369299         -3.723898e-08
---------------------------------------------------------------------------
                      SCF converged in 17 iterations!
===========================================================================


                                                                           
***************************************************************************
***                                                                     ***
***                    Printing Molecular Properties                    ***
***                                                                     ***
***************************************************************************
                                                                           
                                                                           
===========================================================================
                                 Molecule
---------------------------------------------------------------------------
 Charge                  :                                               0
 Multiplicity            :                                               2
---------------------------------------------------------------------------
    N    Atom            :               x               y               z
---------------------------------------------------------------------------
    0       N            :        0.000000        0.000000       -0.611583
    1       O            :        0.000000        2.076620        0.267706
    2       O            :        0.000000       -2.076620        0.267706
---------------------------------------------------------------------------
 Center of mass          :        0.000000       -0.000000        0.000000
===========================================================================


===========================================================================
                         Molecular Energy (final)
---------------------------------------------------------------------------
 Kinetic energy          :            (au)                204.414471939568
 E-N energy              :            (au)               -613.420654180318
 Coulomb energy          :            (au)                162.685169055998
 Exchange energy         :            (au)                  0.000000000000
 X-C energy              :            (au)                -23.750257310402
 Ext. field (el)         :            (au)                  0.000000000000
---------------------------------------------------------------------------
 N-N energy              :            (au)                 65.074742125855
 Ext. field (nuc)        :            (au)                  0.000000000000
---------------------------------------------------------------------------
 Electronic energy       :            (au)               -270.071270495154
 Nuclear energy          :            (au)                 65.074742125855
---------------------------------------------------------------------------
 Total energy            :            (au)             -2.049965283693e+02
                         :      (kcal/mol)             -1.286372626639e+05
                         :        (kJ/mol)             -5.382183073349e+05
                         :            (eV)             -5.578239467370e+03
===========================================================================


===========================================================================
                         Orbital Energies (final)
---------------------------------------------------------------------------
    n  Occ Spin          :                                         Epsilon
---------------------------------------------------------------------------
    0    1    a          :            (au)                -18.862386249574
    1    1    a          :            (au)                -18.862383032496
    2    1    a          :            (au)                -14.217492233621
    3    1    a          :            (au)                 -1.194830006088
    4    1    a          :            (au)                 -1.055601667375
    5    1    a          :            (au)                 -0.611273655561
    6    1    a          :            (au)                 -0.522963426337
    7    1    a          :            (au)                 -0.520140417249
    8    1    a          :            (au)                 -0.520021804419
    9    1    a          :            (au)                 -0.346335211742
   10    1    a          :            (au)                 -0.333623364800
   11    1    a          :            (au)                 -0.238473145614
   12    1    b          :            (au)                -18.854682865256
   13    1    b          :            (au)                -18.854680890573
   14    1    b          :            (au)                -14.208798715864
   15    1    b          :            (au)                 -1.180865059412
   16    1    b          :            (au)                 -1.039851044408
   17    1    b          :            (au)                 -0.589169682662
   18    1    b          :            (au)                 -0.513559438479
   19    1    b          :            (au)                 -0.504754974141
   20    1    b          :            (au)                 -0.488413605136
   21    1    b          :            (au)                 -0.339699373232
   22    1    b          :            (au)                 -0.310313508734
---------------------------------------------------------------------------
 Sum occupied            :            (au)               -114.170313372774
===========================================================================


===========================================================================
                           Dipole Moment (dip-1)
---------------------------------------------------------------------------
 r_O                     :        0.000000        0.000000        0.000000
---------------------------------------------------------------------------
 Electronic vector       :        0.000000       -0.000013       -0.110602
 Magnitude               :            (au)                        0.110602
                         :         (Debye)                        0.281122
---------------------------------------------------------------------------
 Nuclear vector          :        0.000000        0.000000        0.002222
 Magnitude               :            (au)                        0.002222
                         :         (Debye)                        0.005647
---------------------------------------------------------------------------
 Total vector            :        0.000000       -0.000013       -0.108380
 Magnitude               :            (au)                        0.108380
                         :         (Debye)                        0.275475
===========================================================================


                                                                           
                                                                           
***************************************************************************
***                                                                     ***
***                            Exiting MRChem                           ***
***                                                                     ***
***                       Wall time :  0h 26m 30s                       ***
***                                                                     ***
***************************************************************************
                                                                           
                                                                           
