                                                                           
                                                                           
***************************************************************************
***                                                                     ***
***                                                                     ***
***          __  __ ____   ____ _                                       ***
***         |  \/  |  _ \ / ___| |__   ___ _ __ ___                     ***
***         | |\/| | |_) | |   | '_ \ / _ \ '_ ` _ \                    ***
***         | |  | |  _ <| |___| | | |  __/ | | | | |                   ***
***         |_|  |_|_| \_\\____|_| |_|\___|_| |_| |_|                   ***
***                                                                     ***
***         VERSION            1.0.1                                    ***
***                                                                     ***
***         Git branch         HEAD                                     ***
***         Git commit hash    9309e3e1e52e5319b766-dirty               ***
***         Git commit author  Stig Rune Jensen                         ***
***         Git commit date    Fri Dec 4 16:08:55 2020 +0100            ***
***                                                                     ***
***         Contact: luca.frediani@uit.no                               ***
***                                                                     ***
***         Radovan Bast            Magnar Bjorgve                      ***
***         Roberto Di Remigio      Antoine Durdek                      ***
***         Luca Frediani           Gabriel Gerez                       ***
***         Stig Rune Jensen        Jonas Juselius                      ***
***         Rune Monstad            Peter Wind                          ***
***                                                                     ***
***************************************************************************

---------------------------------------------------------------------------

 MPI processes           :        (1 bank)                              20
 OpenMP threads          :                                               6
 Total cores             :                                             120
                                                                           
---------------------------------------------------------------------------

XCFun DFT library Copyright 2009-2020 Ulf Ekstrom and contributors.
See http://dftlibs.org/xcfun/ for more information.

This is free software; see the source code for copying conditions.
There is ABSOLUTELY NO WARRANTY; not even for MERCHANTABILITY or
FITNESS FOR A PARTICULAR PURPOSE. For details see the documentation.
Scientific users of this library should cite
U. Ekstrom, L. Visscher, R. Bast, A. J. Thorvaldsen and K. Ruud;
J.Chem.Theor.Comp. 2010, DOI: 10.1021/ct100117s

---------------------------------------------------------------------------

 MRCPP version         : 1.3.6
 Git branch            : HEAD
 Git commit hash       : 9309e3e1e52e5319b766-dirty
 Git commit author     : Stig Rune Jensen
 Git commit date       : Fri Dec 4 16:08:55 2020 +0100

 Linear algebra        : EIGEN v3.3.7
 Parallelization       : MPI/OpenMP (6 threads)

---------------------------------------------------------------------------


                                                                           
===========================================================================
                         MultiResolution Analysis
---------------------------------------------------------------------------
 polynomial order      : 9
 polynomial type       : Interpolating
---------------------------------------------------------------------------
 total boxes           : 8
 boxes                 : [          2           2           2 ]
 unit lengths          : [   16.00000    16.00000    16.00000 ]
 scaling factor        : [    1.00000     1.00000     1.00000 ]
 lower bounds          : [  -16.00000   -16.00000   -16.00000 ]
 upper bounds          : [   16.00000    16.00000    16.00000 ]
 total length          : [   32.00000    32.00000    32.00000 ]
===========================================================================


                                                                           
***************************************************************************
***                                                                     ***
***                        Initializing Molecule                        ***
***                                                                     ***
***************************************************************************
                                                                           
                                                                           
===========================================================================
                                 Molecule
---------------------------------------------------------------------------
 Charge                  :                                               0
 Multiplicity            :                                               2
---------------------------------------------------------------------------
    N    Atom            :               x               y               z
---------------------------------------------------------------------------
    0       N            :        0.000000        0.000049        0.000000
    1       O            :        0.000000        2.338963        0.000000
    2       O            :        0.000000       -1.169503        2.025597
    3       O            :        0.000000       -1.169503       -2.025597
---------------------------------------------------------------------------
 Center of mass          :        0.000000        0.000000        0.000000
===========================================================================


                                                                           
***************************************************************************
***                                                                     ***
***                 Computing Ground State Wavefunction                 ***
***                                                                     ***
***************************************************************************
                                                                           
                                                                           
~~~~~~~~~~~~~~~~~~~~~~~~~~~~~~~~~~~~~~~~~~~~~~~~~~~~~~~~~~~~~~~~~~~~~~~~~~~
 Calculation             : Compute initial orbitals
 Method                  : Project MW molecular orbitals
 Precision               : 1.00000e-04
 Restricted              : False
 MO alpha file           : initial_guess/phi_a_scf
 MO beta file            : initial_guess/phi_b_scf
~~~~~~~~~~~~~~~~~~~~~~~~~~~~~~~~~~~~~~~~~~~~~~~~~~~~~~~~~~~~~~~~~~~~~~~~~~~


===========================================================================
                            Molecular Orbitals
---------------------------------------------------------------------------
 Alpha electrons         :                                              16
 Beta electrons          :                                              15
 Total electrons         :                                              31
---------------------------------------------------------------------------
    n  Occ Spin          :                                            Norm
---------------------------------------------------------------------------
    0    1    a          :                              1.000000007246e+00
    1    1    a          :                              1.000000005180e+00
    2    1    a          :                              9.999996749374e-01
    3    1    a          :                              9.999999781416e-01
    4    1    a          :                              9.999999988373e-01
    5    1    a          :                              1.000000001006e+00
    6    1    a          :                              9.999999988474e-01
    7    1    a          :                              9.999999913758e-01
    8    1    a          :                              9.999999964203e-01
    9    1    a          :                              1.000000003088e+00
   10    1    a          :                              9.999999986928e-01
   11    1    a          :                              9.999999962824e-01
   12    1    a          :                              1.000000003092e+00
   13    1    a          :                              9.999999913933e-01
   14    1    a          :                              9.999999987179e-01
   15    1    a          :                              1.000000009281e+00
   16    1    b          :                              1.000000006205e+00
   17    1    b          :                              1.000000006702e+00
   18    1    b          :                              9.999998449179e-01
   19    1    b          :                              9.999999766467e-01
   20    1    b          :                              9.999999884546e-01
   21    1    b          :                              1.000000000759e+00
   22    1    b          :                              9.999999884448e-01
   23    1    b          :                              9.999999990570e-01
   24    1    b          :                              9.999999997547e-01
   25    1    b          :                              1.000000002609e+00
   26    1    b          :                              9.999999884687e-01
   27    1    b          :                              9.999999997260e-01
   28    1    b          :                              1.000000002621e+00
   29    1    b          :                              9.999999990591e-01
   30    1    b          :                              9.999999884450e-01
===========================================================================


~~~~~~~~~~~~~~~~~~~~~~~~~~~~~~~~~~~~~~~~~~~~~~~~~~~~~~~~~~~~~~~~~~~~~~~~~~~
 Calculation             : Compute initial energy
 Method                  : DFT (PBE0)
 Precision               : 1.00000e-04
 Localization            : On
~~~~~~~~~~~~~~~~~~~~~~~~~~~~~~~~~~~~~~~~~~~~~~~~~~~~~~~~~~~~~~~~~~~~~~~~~~~


===========================================================================
                        Molecular Energy (initial)
---------------------------------------------------------------------------
 Kinetic energy          :            (au)                279.243154167753
 E-N energy              :            (au)               -898.719955878225
 Coulomb energy          :            (au)                252.472150486186
 Exchange energy         :            (au)                 -7.772270191678
 X-C energy              :            (au)                -24.466832340723
 Ext. field (el)         :            (au)                  0.000000000000
---------------------------------------------------------------------------
 N-N energy              :            (au)                119.219802780843
 Ext. field (nuc)        :            (au)                  0.000000000000
---------------------------------------------------------------------------
 Electronic energy       :            (au)               -399.243753756687
 Nuclear energy          :            (au)                119.219802780843
---------------------------------------------------------------------------
 Total energy            :            (au)             -2.800239509758e+02
                         :      (kcal/mol)             -1.757176807841e+05
                         :        (kJ/mol)             -7.352027768780e+05
                         :            (eV)             -7.619839553226e+03
===========================================================================


===========================================================================
                        Orbital Energies (initial)
---------------------------------------------------------------------------
    n  Occ Spin          :                                         Epsilon
---------------------------------------------------------------------------
    0    1    a          :            (au)                -19.395563154516
    1    1    a          :            (au)                -19.294819575178
    2    1    a          :            (au)                -19.294561090286
    3    1    a          :            (au)                -14.716679677082
    4    1    a          :            (au)                 -1.389484689912
    5    1    a          :            (au)                 -1.186708309879
    6    1    a          :            (au)                 -1.135950414861
    7    1    a          :            (au)                 -0.725449859989
    8    1    a          :            (au)                 -0.673086424937
    9    1    a          :            (au)                 -0.628319078771
   10    1    a          :            (au)                 -0.610283730373
   11    1    a          :            (au)                 -0.482528617546
   12    1    a          :            (au)                 -0.454593371638
   13    1    a          :            (au)                 -0.411377439442
   14    1    a          :            (au)                 -0.390062645989
   15    1    a          :            (au)                 -0.345088471978
   16    1    b          :            (au)                -19.372616211997
   17    1    b          :            (au)                -19.291088864429
   18    1    b          :            (au)                -19.290917776799
   19    1    b          :            (au)                -14.719737663764
   20    1    b          :            (au)                 -1.372667112614
   21    1    b          :            (au)                 -1.149251462583
   22    1    b          :            (au)                 -1.127409903019
   23    1    b          :            (au)                 -0.701274921978
   24    1    b          :            (au)                 -0.633136617730
   25    1    b          :            (au)                 -0.617601500281
   26    1    b          :            (au)                 -0.603868556372
   27    1    b          :            (au)                 -0.437692673404
   28    1    b          :            (au)                 -0.405781058339
   29    1    b          :            (au)                 -0.357090861029
   30    1    b          :            (au)                 -0.338996875308
---------------------------------------------------------------------------
 Sum occupied            :            (au)               -161.553688612023
===========================================================================


~~~~~~~~~~~~~~~~~~~~~~~~~~~~~~~~~~~~~~~~~~~~~~~~~~~~~~~~~~~~~~~~~~~~~~~~~~~
 Calculation             : Optimize ground state orbitals
 Method                  : DFT (PBE0)
 Checkpointing           : Off
 Max iterations          : 200
 KAIN solver             : 10
 Localization            : First two iterations
 Diagonalization         : Off
 Start precision         : 1.00000e-06
 Final precision         : 1.00000e-06
 Helmholtz precision     : Dynamic
 Energy threshold        : 1.00000e-06
 Orbital threshold       : 1.00000e-05
~~~~~~~~~~~~~~~~~~~~~~~~~~~~~~~~~~~~~~~~~~~~~~~~~~~~~~~~~~~~~~~~~~~~~~~~~~~


===========================================================================
 Iter           MO residual             Total energy                Update
---------------------------------------------------------------------------
    0          5.567764e+00        -280.023950975844         -2.800240e+02
    1          1.255385e-03        -280.026033680142         -2.082704e-03
    2          6.867002e-04        -280.026056669789         -2.298965e-05
    3          5.854740e-04        -280.026058416087         -1.746298e-06
    4          5.135247e-04        -280.026059578445         -1.162358e-06
    5          3.342993e-03        -280.026064709496         -5.131050e-06
    6          6.480029e-04        -280.026065751968         -1.042472e-06
    7          6.984960e-04        -280.026066330459         -5.784914e-07
    8          2.936900e-04        -280.026066553057         -2.225979e-07
    9          3.040912e-04        -280.026066728448         -1.753904e-07
   10          2.540303e-04        -280.026066793701         -6.525329e-08
   11          1.564848e-04        -280.026066832619         -3.891768e-08
   12          1.141117e-04        -280.026066858000         -2.538144e-08
   13          1.055886e-04        -280.026066873058         -1.505754e-08
   14          1.057962e-04        -280.026066882484         -9.426117e-09
   15          3.382897e-05        -280.026066884564         -2.080526e-09
   16          1.248341e-05        -280.026066885152         -5.881020e-10
---------------------------------------------------------------------------
                      SCF converged in 16 iterations!
===========================================================================


                                                                           
***************************************************************************
***                                                                     ***
***                    Printing Molecular Properties                    ***
***                                                                     ***
***************************************************************************
                                                                           
                                                                           
===========================================================================
                                 Molecule
---------------------------------------------------------------------------
 Charge                  :                                               0
 Multiplicity            :                                               2
---------------------------------------------------------------------------
    N    Atom            :               x               y               z
---------------------------------------------------------------------------
    0       N            :        0.000000        0.000049        0.000000
    1       O            :        0.000000        2.338963        0.000000
    2       O            :        0.000000       -1.169503        2.025597
    3       O            :        0.000000       -1.169503       -2.025597
---------------------------------------------------------------------------
 Center of mass          :        0.000000        0.000000        0.000000
===========================================================================


===========================================================================
                         Molecular Energy (final)
---------------------------------------------------------------------------
 Kinetic energy          :            (au)                279.243550471433
 E-N energy              :            (au)               -898.724280915901
 Coulomb energy          :            (au)                252.474875898152
 Exchange energy         :            (au)                 -7.773086263457
 X-C energy              :            (au)                -24.466928856222
 Ext. field (el)         :            (au)                  0.000000000000
---------------------------------------------------------------------------
 N-N energy              :            (au)                119.219802780843
 Ext. field (nuc)        :            (au)                  0.000000000000
---------------------------------------------------------------------------
 Electronic energy       :            (au)               -399.245869665995
 Nuclear energy          :            (au)                119.219802780843
---------------------------------------------------------------------------
 Total energy            :            (au)             -2.800260668852e+02
                         :      (kcal/mol)             -1.757190085373e+05
                         :        (kJ/mol)             -7.352083321971e+05
                         :            (eV)             -7.619897130049e+03
===========================================================================


===========================================================================
                         Orbital Energies (final)
---------------------------------------------------------------------------
    n  Occ Spin          :                                         Epsilon
---------------------------------------------------------------------------
    0    1    a          :            (au)                -19.396015025217
    1    1    a          :            (au)                -19.294758141343
    2    1    a          :            (au)                -19.294741229732
    3    1    a          :            (au)                -14.716484766105
    4    1    a          :            (au)                 -1.389583082683
    5    1    a          :            (au)                 -1.186753501409
    6    1    a          :            (au)                 -1.135731219483
    7    1    a          :            (au)                 -0.725568802579
    8    1    a          :            (au)                 -0.673392348420
    9    1    a          :            (au)                 -0.628285033091
   10    1    a          :            (au)                 -0.610251502079
   11    1    a          :            (au)                 -0.482527308561
   12    1    a          :            (au)                 -0.454675783092
   13    1    a          :            (au)                 -0.411311344029
   14    1    a          :            (au)                 -0.389510680819
   15    1    a          :            (au)                 -0.345028529690
   16    1    b          :            (au)                -19.372821177887
   17    1    b          :            (au)                -19.291205996058
   18    1    b          :            (au)                -19.291185689929
   19    1    b          :            (au)                -14.719270417344
   20    1    b          :            (au)                 -1.372532785291
   21    1    b          :            (au)                 -1.149349827829
   22    1    b          :            (au)                 -1.127444841519
   23    1    b          :            (au)                 -0.701316189608
   24    1    b          :            (au)                 -0.632659156800
   25    1    b          :            (au)                 -0.617625187344
   26    1    b          :            (au)                 -0.603894965957
   27    1    b          :            (au)                 -0.437772475568
   28    1    b          :            (au)                 -0.405838929283
   29    1    b          :            (au)                 -0.357558827020
   30    1    b          :            (au)                 -0.339034577585
---------------------------------------------------------------------------
 Sum occupied            :            (au)               -161.554129343355
===========================================================================


===========================================================================
                           Dipole Moment (dip-1)
---------------------------------------------------------------------------
 r_O                     :        0.000000        0.000000        0.000000
---------------------------------------------------------------------------
 Electronic vector       :       -0.000000        0.514034        0.000007
 Magnitude               :            (au)                        0.514034
                         :         (Debye)                        1.306544
---------------------------------------------------------------------------
 Nuclear vector          :        0.000000       -0.000000        0.000000
 Magnitude               :            (au)                        0.000000
                         :         (Debye)                        0.000000
---------------------------------------------------------------------------
 Total vector            :       -0.000000        0.514034        0.000007
 Magnitude               :            (au)                        0.514034
                         :         (Debye)                        1.306544
===========================================================================


                                                                           
                                                                           
***************************************************************************
***                                                                     ***
***                            Exiting MRChem                           ***
***                                                                     ***
***                       Wall time :  1h 24m 34s                       ***
***                                                                     ***
***************************************************************************
                                                                           
                                                                           
