                                                                           
                                                                           
***************************************************************************
***                                                                     ***
***                                                                     ***
***          __  __ ____   ____ _                                       ***
***         |  \/  |  _ \ / ___| |__   ___ _ __ ___                     ***
***         | |\/| | |_) | |   | '_ \ / _ \ '_ ` _ \                    ***
***         | |  | |  _ <| |___| | | |  __/ | | | | |                   ***
***         |_|  |_|_| \_\\____|_| |_|\___|_| |_| |_|                   ***
***                                                                     ***
***         VERSION            1.0.1                                    ***
***                                                                     ***
***         Git branch         HEAD                                     ***
***         Git commit hash    9309e3e1e52e5319b766-dirty               ***
***         Git commit author  Stig Rune Jensen                         ***
***         Git commit date    Fri Dec 4 16:08:55 2020 +0100            ***
***                                                                     ***
***         Contact: luca.frediani@uit.no                               ***
***                                                                     ***
***         Radovan Bast            Magnar Bjorgve                      ***
***         Roberto Di Remigio      Antoine Durdek                      ***
***         Luca Frediani           Gabriel Gerez                       ***
***         Stig Rune Jensen        Jonas Juselius                      ***
***         Rune Monstad            Peter Wind                          ***
***                                                                     ***
***************************************************************************

---------------------------------------------------------------------------

 MPI processes           :        (1 bank)                              20
 OpenMP threads          :                                              10
 Total cores             :                                             200
                                                                           
---------------------------------------------------------------------------

XCFun DFT library Copyright 2009-2020 Ulf Ekstrom and contributors.
See http://dftlibs.org/xcfun/ for more information.

This is free software; see the source code for copying conditions.
There is ABSOLUTELY NO WARRANTY; not even for MERCHANTABILITY or
FITNESS FOR A PARTICULAR PURPOSE. For details see the documentation.
Scientific users of this library should cite
U. Ekstrom, L. Visscher, R. Bast, A. J. Thorvaldsen and K. Ruud;
J.Chem.Theor.Comp. 2010, DOI: 10.1021/ct100117s

---------------------------------------------------------------------------

 MRCPP version         : 1.3.6
 Git branch            : HEAD
 Git commit hash       : 9309e3e1e52e5319b766-dirty
 Git commit author     : Stig Rune Jensen
 Git commit date       : Fri Dec 4 16:08:55 2020 +0100

 Linear algebra        : EIGEN v3.3.7
 Parallelization       : MPI/OpenMP (10 threads)

---------------------------------------------------------------------------


                                                                           
===========================================================================
                         MultiResolution Analysis
---------------------------------------------------------------------------
 polynomial order      : 9
 polynomial type       : Interpolating
---------------------------------------------------------------------------
 total boxes           : 8
 boxes                 : [          2           2           2 ]
 unit lengths          : [   16.00000    16.00000    16.00000 ]
 scaling factor        : [    1.00000     1.00000     1.00000 ]
 lower bounds          : [  -16.00000   -16.00000   -16.00000 ]
 upper bounds          : [   16.00000    16.00000    16.00000 ]
 total length          : [   32.00000    32.00000    32.00000 ]
===========================================================================


                                                                           
***************************************************************************
***                                                                     ***
***                        Initializing Molecule                        ***
***                                                                     ***
***************************************************************************
                                                                           
                                                                           
===========================================================================
                                 Molecule
---------------------------------------------------------------------------
 Charge                  :                                               0
 Multiplicity            :                                               1
---------------------------------------------------------------------------
    N    Atom            :               x               y               z
---------------------------------------------------------------------------
    0       N            :        0.000000        0.000000       -2.266983
    1       N            :        0.000000        0.000000       -0.134994
    2       O            :        0.000000        0.000000        2.102820
---------------------------------------------------------------------------
 Center of mass          :        0.000000        0.000000        0.000000
===========================================================================


                                                                           
***************************************************************************
***                                                                     ***
***                 Computing Ground State Wavefunction                 ***
***                                                                     ***
***************************************************************************
                                                                           
                                                                           
~~~~~~~~~~~~~~~~~~~~~~~~~~~~~~~~~~~~~~~~~~~~~~~~~~~~~~~~~~~~~~~~~~~~~~~~~~~
 Calculation             : Compute initial orbitals
 Method                  : Diagonalize SAD Hamiltonian
 Precision               : 1.00000e-03
 Restricted              : True
 Functional              : LDA (SVWN5)
 AO basis                : Hydrogenic orbitals
 Zeta quality            : 2
~~~~~~~~~~~~~~~~~~~~~~~~~~~~~~~~~~~~~~~~~~~~~~~~~~~~~~~~~~~~~~~~~~~~~~~~~~~


===========================================================================
                            Molecular Orbitals
---------------------------------------------------------------------------
 Alpha electrons         :                                              11
 Beta electrons          :                                              11
 Total electrons         :                                              22
---------------------------------------------------------------------------
    n  Occ Spin          :                                            Norm
---------------------------------------------------------------------------
    0    2    p          :                              9.999996478808e-01
    1    2    p          :                              9.999999970730e-01
    2    2    p          :                              9.999998158756e-01
    3    2    p          :                              1.000000668514e+00
    4    2    p          :                              9.999989450854e-01
    5    2    p          :                              9.999984538815e-01
    6    2    p          :                              1.000000497345e+00
    7    2    p          :                              1.000000447426e+00
    8    2    p          :                              1.000001276516e+00
    9    2    p          :                              9.999997703198e-01
   10    2    p          :                              9.999992821166e-01
===========================================================================


~~~~~~~~~~~~~~~~~~~~~~~~~~~~~~~~~~~~~~~~~~~~~~~~~~~~~~~~~~~~~~~~~~~~~~~~~~~
 Calculation             : Compute initial energy
 Method                  : DFT (B3LYP-G)
 Precision               : 1.00000e-03
 Localization            : Off
~~~~~~~~~~~~~~~~~~~~~~~~~~~~~~~~~~~~~~~~~~~~~~~~~~~~~~~~~~~~~~~~~~~~~~~~~~~


===========================================================================
                        Molecular Energy (initial)
---------------------------------------------------------------------------
 Kinetic energy          :            (au)                193.188726494726
 E-N energy              :            (au)               -563.447516823583
 Coulomb energy          :            (au)                148.053697621249
 Exchange energy         :            (au)                 -4.298433974970
 X-C energy              :            (au)                -18.349009637514
 Ext. field (el)         :            (au)                  0.000000000000
---------------------------------------------------------------------------
 N-N energy              :            (au)                 60.822885897249
 Ext. field (nuc)        :            (au)                  0.000000000000
---------------------------------------------------------------------------
 Electronic energy       :            (au)               -244.852536320092
 Nuclear energy          :            (au)                 60.822885897249
---------------------------------------------------------------------------
 Total energy            :            (au)             -1.840296504228e+02
                         :      (kcal/mol)             -1.154803482171e+05
                         :        (kJ/mol)             -4.831697772539e+05
                         :            (eV)             -5.007701678273e+03
===========================================================================


===========================================================================
                        Orbital Energies (initial)
---------------------------------------------------------------------------
    n  Occ Spin          :                                         Epsilon
---------------------------------------------------------------------------
    0    2    p          :            (au)                -18.998029306513
    1    2    p          :            (au)                -14.741625664232
    2    2    p          :            (au)                -14.116738918231
    3    2    p          :            (au)                 -1.320476724607
    4    2    p          :            (au)                 -1.149687418261
    5    2    p          :            (au)                 -0.637693883456
    6    2    p          :            (au)                 -0.633438630917
    7    2    p          :            (au)                 -0.559718246211
    8    2    p          :            (au)                 -0.372769139351
    9    2    p          :            (au)                 -0.302730351630
   10    2    p          :            (au)                 -0.296852078212
---------------------------------------------------------------------------
 Sum occupied            :            (au)               -106.259520723243
===========================================================================


~~~~~~~~~~~~~~~~~~~~~~~~~~~~~~~~~~~~~~~~~~~~~~~~~~~~~~~~~~~~~~~~~~~~~~~~~~~
 Calculation             : Optimize ground state orbitals
 Method                  : DFT (B3LYP-G)
 Checkpointing           : Off
 Max iterations          : 200
 KAIN solver             : 10
 Localization            : Off
 Diagonalization         : First two iterations
 Start precision         : 1.00000e-06
 Final precision         : 1.00000e-06
 Helmholtz precision     : Dynamic
 Energy threshold        : 1.00000e-06
 Orbital threshold       : 1.00000e-05
~~~~~~~~~~~~~~~~~~~~~~~~~~~~~~~~~~~~~~~~~~~~~~~~~~~~~~~~~~~~~~~~~~~~~~~~~~~


===========================================================================
 Iter           MO residual             Total energy                Update
---------------------------------------------------------------------------
    0          3.316625e+00        -184.029650422843         -1.840297e+02
    1          2.700936e-01        -184.701222887660         -6.715725e-01
    2          6.904384e-02        -184.742264235834         -4.104135e-02
    3          3.429259e-02        -184.751847334443         -9.583099e-03
    4          1.544972e-02        -184.753906151050         -2.058817e-03
    5          1.129206e-02        -184.754873968611         -9.678176e-04
    6          1.304991e-02        -184.755413607230         -5.396386e-04
    7          6.526477e-03        -184.755564997244         -1.513900e-04
    8          6.092626e-03        -184.755628839860         -6.384262e-05
    9          4.329235e-03        -184.755662724480         -3.388462e-05
   10          1.838279e-03        -184.755676404106         -1.367963e-05
   11          1.843312e-03        -184.755681417921         -5.013816e-06
   12          1.290922e-03        -184.755683877523         -2.459601e-06
   13          4.072931e-04        -184.755684372982         -4.954596e-07
   14          1.742977e-04        -184.755684485193         -1.122109e-07
   15          1.065993e-04        -184.755684528833         -4.364003e-08
   16          3.994951e-05        -184.755684537700         -8.867119e-09
   17          1.995918e-05        -184.755684540225         -2.524843e-09
   18          1.173266e-05        -184.755684540841         -6.162111e-10
---------------------------------------------------------------------------
                      SCF converged in 18 iterations!
===========================================================================


                                                                           
***************************************************************************
***                                                                     ***
***                    Printing Molecular Properties                    ***
***                                                                     ***
***************************************************************************
                                                                           
                                                                           
===========================================================================
                                 Molecule
---------------------------------------------------------------------------
 Charge                  :                                               0
 Multiplicity            :                                               1
---------------------------------------------------------------------------
    N    Atom            :               x               y               z
---------------------------------------------------------------------------
    0       N            :        0.000000        0.000000       -2.266983
    1       N            :        0.000000        0.000000       -0.134994
    2       O            :        0.000000        0.000000        2.102820
---------------------------------------------------------------------------
 Center of mass          :        0.000000        0.000000        0.000000
===========================================================================


===========================================================================
                         Molecular Energy (final)
---------------------------------------------------------------------------
 Kinetic energy          :            (au)                184.014162681909
 E-N energy              :            (au)               -555.187086238407
 Coulomb energy          :            (au)                147.880545390499
 Exchange energy         :            (au)                 -4.252925647154
 X-C energy              :            (au)                -18.033266624938
 Ext. field (el)         :            (au)                  0.000000000000
---------------------------------------------------------------------------
 N-N energy              :            (au)                 60.822885897249
 Ext. field (nuc)        :            (au)                  0.000000000000
---------------------------------------------------------------------------
 Electronic energy       :            (au)               -245.578570438090
 Nuclear energy          :            (au)                 60.822885897249
---------------------------------------------------------------------------
 Total energy            :            (au)             -1.847556845408e+02
                         :      (kcal/mol)             -1.159359415010e+05
                         :        (kJ/mol)             -4.850759795548e+05
                         :            (eV)             -5.027458072217e+03
===========================================================================


===========================================================================
                         Orbital Energies (final)
---------------------------------------------------------------------------
    n  Occ Spin          :                                         Epsilon
---------------------------------------------------------------------------
    0    2    p          :            (au)                -19.233869423381
    1    2    p          :            (au)                -14.551630987543
    2    2    p          :            (au)                -14.421471210224
    3    2    p          :            (au)                 -1.253644238646
    4    2    p          :            (au)                 -1.095716709854
    5    2    p          :            (au)                 -0.614556311999
    6    2    p          :            (au)                 -0.573649142345
    7    2    p          :            (au)                 -0.573648986158
    8    2    p          :            (au)                 -0.487387882883
    9    2    p          :            (au)                 -0.353621786809
   10    2    p          :            (au)                 -0.353621432451
---------------------------------------------------------------------------
 Sum occupied            :            (au)               -107.025636224588
===========================================================================


===========================================================================
                           Dipole Moment (dip-1)
---------------------------------------------------------------------------
 r_O                     :        0.000000        0.000000        0.000000
---------------------------------------------------------------------------
 Electronic vector       :        0.000000        0.000000       -0.028648
 Magnitude               :            (au)                        0.028648
                         :         (Debye)                        0.072816
---------------------------------------------------------------------------
 Nuclear vector          :        0.000000        0.000000        0.008726
 Magnitude               :            (au)                        0.008726
                         :         (Debye)                        0.022178
---------------------------------------------------------------------------
 Total vector            :        0.000000        0.000000       -0.019923
 Magnitude               :            (au)                        0.019923
                         :         (Debye)                        0.050638
===========================================================================


                                                                           
                                                                           
***************************************************************************
***                                                                     ***
***                            Exiting MRChem                           ***
***                                                                     ***
***                       Wall time :  0h 29m  8s                       ***
***                                                                     ***
***************************************************************************
                                                                           
                                                                           
