                                                                           
                                                                           
***************************************************************************
***                                                                     ***
***                                                                     ***
***          __  __ ____   ____ _                                       ***
***         |  \/  |  _ \ / ___| |__   ___ _ __ ___                     ***
***         | |\/| | |_) | |   | '_ \ / _ \ '_ ` _ \                    ***
***         | |  | |  _ <| |___| | | |  __/ | | | | |                   ***
***         |_|  |_|_| \_\\____|_| |_|\___|_| |_| |_|                   ***
***                                                                     ***
***         VERSION            1.0.1                                    ***
***                                                                     ***
***         Git branch         HEAD                                     ***
***         Git commit hash    9309e3e1e52e5319b766-dirty               ***
***         Git commit author  Stig Rune Jensen                         ***
***         Git commit date    Fri Dec 4 16:08:55 2020 +0100            ***
***                                                                     ***
***         Contact: luca.frediani@uit.no                               ***
***                                                                     ***
***         Radovan Bast            Magnar Bjorgve                      ***
***         Roberto Di Remigio      Antoine Durdek                      ***
***         Luca Frediani           Gabriel Gerez                       ***
***         Stig Rune Jensen        Jonas Juselius                      ***
***         Rune Monstad            Peter Wind                          ***
***                                                                     ***
***************************************************************************

---------------------------------------------------------------------------

 MPI processes           :        (1 bank)                              20
 OpenMP threads          :                                              10
 Total cores             :                                             200
                                                                           
---------------------------------------------------------------------------

XCFun DFT library Copyright 2009-2020 Ulf Ekstrom and contributors.
See http://dftlibs.org/xcfun/ for more information.

This is free software; see the source code for copying conditions.
There is ABSOLUTELY NO WARRANTY; not even for MERCHANTABILITY or
FITNESS FOR A PARTICULAR PURPOSE. For details see the documentation.
Scientific users of this library should cite
U. Ekstrom, L. Visscher, R. Bast, A. J. Thorvaldsen and K. Ruud;
J.Chem.Theor.Comp. 2010, DOI: 10.1021/ct100117s

---------------------------------------------------------------------------

 MRCPP version         : 1.3.6
 Git branch            : HEAD
 Git commit hash       : 9309e3e1e52e5319b766-dirty
 Git commit author     : Stig Rune Jensen
 Git commit date       : Fri Dec 4 16:08:55 2020 +0100

 Linear algebra        : EIGEN v3.3.7
 Parallelization       : MPI/OpenMP (10 threads)

---------------------------------------------------------------------------


                                                                           
===========================================================================
                         MultiResolution Analysis
---------------------------------------------------------------------------
 polynomial order      : 9
 polynomial type       : Interpolating
---------------------------------------------------------------------------
 total boxes           : 8
 boxes                 : [          2           2           2 ]
 unit lengths          : [   16.00000    16.00000    16.00000 ]
 scaling factor        : [    1.00000     1.00000     1.00000 ]
 lower bounds          : [  -16.00000   -16.00000   -16.00000 ]
 upper bounds          : [   16.00000    16.00000    16.00000 ]
 total length          : [   32.00000    32.00000    32.00000 ]
===========================================================================


                                                                           
***************************************************************************
***                                                                     ***
***                        Initializing Molecule                        ***
***                                                                     ***
***************************************************************************
                                                                           
                                                                           
===========================================================================
                                 Molecule
---------------------------------------------------------------------------
 Charge                  :                                               0
 Multiplicity            :                                               1
---------------------------------------------------------------------------
    N    Atom            :               x               y               z
---------------------------------------------------------------------------
    0       N            :        0.000000        0.000000       -2.266983
    1       N            :        0.000000        0.000000       -0.134994
    2       O            :        0.000000        0.000000        2.102820
---------------------------------------------------------------------------
 Center of mass          :        0.000000        0.000000        0.000000
===========================================================================


                                                                           
***************************************************************************
***                                                                     ***
***                 Computing Ground State Wavefunction                 ***
***                                                                     ***
***************************************************************************
                                                                           
                                                                           
~~~~~~~~~~~~~~~~~~~~~~~~~~~~~~~~~~~~~~~~~~~~~~~~~~~~~~~~~~~~~~~~~~~~~~~~~~~
 Calculation             : Compute initial orbitals
 Method                  : Diagonalize SAD Hamiltonian
 Precision               : 1.00000e-03
 Restricted              : True
 Functional              : LDA (SVWN5)
 AO basis                : Hydrogenic orbitals
 Zeta quality            : 2
~~~~~~~~~~~~~~~~~~~~~~~~~~~~~~~~~~~~~~~~~~~~~~~~~~~~~~~~~~~~~~~~~~~~~~~~~~~


===========================================================================
                            Molecular Orbitals
---------------------------------------------------------------------------
 Alpha electrons         :                                              11
 Beta electrons          :                                              11
 Total electrons         :                                              22
---------------------------------------------------------------------------
    n  Occ Spin          :                                            Norm
---------------------------------------------------------------------------
    0    2    p          :                              9.999996478808e-01
    1    2    p          :                              9.999999970730e-01
    2    2    p          :                              9.999998158756e-01
    3    2    p          :                              1.000000668514e+00
    4    2    p          :                              9.999989450854e-01
    5    2    p          :                              9.999984538815e-01
    6    2    p          :                              1.000000497345e+00
    7    2    p          :                              1.000000447426e+00
    8    2    p          :                              1.000001276516e+00
    9    2    p          :                              9.999997703198e-01
   10    2    p          :                              9.999992821166e-01
===========================================================================


~~~~~~~~~~~~~~~~~~~~~~~~~~~~~~~~~~~~~~~~~~~~~~~~~~~~~~~~~~~~~~~~~~~~~~~~~~~
 Calculation             : Compute initial energy
 Method                  : DFT (PBE0)
 Precision               : 1.00000e-03
 Localization            : Off
~~~~~~~~~~~~~~~~~~~~~~~~~~~~~~~~~~~~~~~~~~~~~~~~~~~~~~~~~~~~~~~~~~~~~~~~~~~


===========================================================================
                        Molecular Energy (initial)
---------------------------------------------------------------------------
 Kinetic energy          :            (au)                193.188726494726
 E-N energy              :            (au)               -563.447516823583
 Coulomb energy          :            (au)                148.053697621249
 Exchange energy         :            (au)                 -5.373042468712
 X-C energy              :            (au)                -17.063452709709
 Ext. field (el)         :            (au)                  0.000000000000
---------------------------------------------------------------------------
 N-N energy              :            (au)                 60.822885897249
 Ext. field (nuc)        :            (au)                  0.000000000000
---------------------------------------------------------------------------
 Electronic energy       :            (au)               -244.641587886029
 Nuclear energy          :            (au)                 60.822885897249
---------------------------------------------------------------------------
 Total energy            :            (au)             -1.838187019888e+02
                         :      (kcal/mol)             -1.153479760772e+05
                         :        (kJ/mol)             -4.826159322204e+05
                         :            (eV)             -5.001961479208e+03
===========================================================================


===========================================================================
                        Orbital Energies (initial)
---------------------------------------------------------------------------
    n  Occ Spin          :                                         Epsilon
---------------------------------------------------------------------------
    0    2    p          :            (au)                -19.063210470590
    1    2    p          :            (au)                -14.797258180981
    2    2    p          :            (au)                -14.171397405815
    3    2    p          :            (au)                 -1.344983072069
    4    2    p          :            (au)                 -1.169378675859
    5    2    p          :            (au)                 -0.651224406777
    6    2    p          :            (au)                 -0.647004108137
    7    2    p          :            (au)                 -0.575407267745
    8    2    p          :            (au)                 -0.385904459570
    9    2    p          :            (au)                 -0.311057832973
   10    2    p          :            (au)                 -0.304878483835
---------------------------------------------------------------------------
 Sum occupied            :            (au)               -106.843408728702
===========================================================================


~~~~~~~~~~~~~~~~~~~~~~~~~~~~~~~~~~~~~~~~~~~~~~~~~~~~~~~~~~~~~~~~~~~~~~~~~~~
 Calculation             : Optimize ground state orbitals
 Method                  : DFT (PBE0)
 Checkpointing           : Off
 Max iterations          : 200
 KAIN solver             : 10
 Localization            : Off
 Diagonalization         : First two iterations
 Start precision         : 1.00000e-06
 Final precision         : 1.00000e-06
 Helmholtz precision     : Dynamic
 Energy threshold        : 1.00000e-06
 Orbital threshold       : 1.00000e-05
~~~~~~~~~~~~~~~~~~~~~~~~~~~~~~~~~~~~~~~~~~~~~~~~~~~~~~~~~~~~~~~~~~~~~~~~~~~


===========================================================================
 Iter           MO residual             Total energy                Update
---------------------------------------------------------------------------
    0          3.316625e+00        -183.818701988780         -1.838187e+02
    1          2.643747e-01        -184.498206775952         -6.795048e-01
    2          7.567087e-02        -184.540119356531         -4.191258e-02
    3          4.058267e-02        -184.552021914389         -1.190256e-02
    4          1.672416e-02        -184.554378578896         -2.356665e-03
    5          1.209976e-02        -184.555449716819         -1.071138e-03
    6          1.276197e-02        -184.555997559279         -5.478425e-04
    7          7.111915e-03        -184.556164588513         -1.670292e-04
    8          6.398802e-03        -184.556234134716         -6.954620e-05
    9          4.096919e-03        -184.556266783776         -3.264906e-05
   10          1.940464e-03        -184.556280290873         -1.350710e-05
   11          1.722323e-03        -184.556284656864         -4.365991e-06
   12          1.256105e-03        -184.556287119892         -2.463028e-06
   13          3.622798e-04        -184.556287538057         -4.181656e-07
   14          1.749341e-04        -184.556287639341         -1.012841e-07
   15          9.934983e-05        -184.556287675660         -3.631823e-08
   16          4.251524e-05        -184.556287683392         -7.732012e-09
   17          1.597549e-05        -184.556287684897         -1.505470e-09
---------------------------------------------------------------------------
                      SCF converged in 17 iterations!
===========================================================================


                                                                           
***************************************************************************
***                                                                     ***
***                    Printing Molecular Properties                    ***
***                                                                     ***
***************************************************************************
                                                                           
                                                                           
===========================================================================
                                 Molecule
---------------------------------------------------------------------------
 Charge                  :                                               0
 Multiplicity            :                                               1
---------------------------------------------------------------------------
    N    Atom            :               x               y               z
---------------------------------------------------------------------------
    0       N            :        0.000000        0.000000       -2.266983
    1       N            :        0.000000        0.000000       -0.134994
    2       O            :        0.000000        0.000000        2.102820
---------------------------------------------------------------------------
 Center of mass          :        0.000000        0.000000        0.000000
===========================================================================


===========================================================================
                         Molecular Energy (final)
---------------------------------------------------------------------------
 Kinetic energy          :            (au)                183.843647549708
 E-N energy              :            (au)               -554.954310413323
 Coulomb energy          :            (au)                147.814969450139
 Exchange energy         :            (au)                 -5.317713185352
 X-C energy              :            (au)                -16.765766983317
 Ext. field (el)         :            (au)                  0.000000000000
---------------------------------------------------------------------------
 N-N energy              :            (au)                 60.822885897249
 Ext. field (nuc)        :            (au)                  0.000000000000
---------------------------------------------------------------------------
 Electronic energy       :            (au)               -245.379173582146
 Nuclear energy          :            (au)                 60.822885897249
---------------------------------------------------------------------------
 Total energy            :            (au)             -1.845562876849e+02
                         :      (kcal/mol)             -1.158108180858e+05
                         :        (kJ/mol)             -4.845524631853e+05
                         :            (eV)             -5.022032207592e+03
===========================================================================


===========================================================================
                         Orbital Energies (final)
---------------------------------------------------------------------------
    n  Occ Spin          :                                         Epsilon
---------------------------------------------------------------------------
    0    2    p          :            (au)                -19.309662717552
    1    2    p          :            (au)                -14.616066941824
    2    2    p          :            (au)                -14.484728571263
    3    2    p          :            (au)                 -1.281086927419
    4    2    p          :            (au)                 -1.118314965173
    5    2    p          :            (au)                 -0.630531819237
    6    2    p          :            (au)                 -0.587163844676
    7    2    p          :            (au)                 -0.587163615166
    8    2    p          :            (au)                 -0.499728971562
    9    2    p          :            (au)                 -0.361850952512
   10    2    p          :            (au)                 -0.361850425752
---------------------------------------------------------------------------
 Sum occupied            :            (au)               -107.676299504269
===========================================================================


===========================================================================
                           Dipole Moment (dip-1)
---------------------------------------------------------------------------
 r_O                     :        0.000000        0.000000        0.000000
---------------------------------------------------------------------------
 Electronic vector       :        0.000000        0.000000       -0.031666
 Magnitude               :            (au)                        0.031666
                         :         (Debye)                        0.080487
---------------------------------------------------------------------------
 Nuclear vector          :        0.000000        0.000000        0.008726
 Magnitude               :            (au)                        0.008726
                         :         (Debye)                        0.022178
---------------------------------------------------------------------------
 Total vector            :        0.000000        0.000000       -0.022940
 Magnitude               :            (au)                        0.022940
                         :         (Debye)                        0.058309
===========================================================================


                                                                           
                                                                           
***************************************************************************
***                                                                     ***
***                            Exiting MRChem                           ***
***                                                                     ***
***                       Wall time :  0h 27m 10s                       ***
***                                                                     ***
***************************************************************************
                                                                           
                                                                           
[1626200099.519668] [c2-36:38118:0]          mpool.c:43   UCX  WARN  object 0x1afc940 was not returned to mpool ucp_requests
[1626200099.519689] [c2-36:38118:0]          mpool.c:43   UCX  WARN  object 0x1afca40 was not returned to mpool ucp_requests
[1626200099.519691] [c2-36:38118:0]          mpool.c:43   UCX  WARN  object 0x1afcb40 was not returned to mpool ucp_requests
[1626200099.519693] [c2-36:38118:0]          mpool.c:43   UCX  WARN  object 0x1afcc40 was not returned to mpool ucp_requests
[1626200099.519694] [c2-36:38118:0]          mpool.c:43   UCX  WARN  object 0x1afcd40 was not returned to mpool ucp_requests
[1626200099.519695] [c2-36:38118:0]          mpool.c:43   UCX  WARN  object 0x1afce40 was not returned to mpool ucp_requests
[1626200099.519696] [c2-36:38118:0]          mpool.c:43   UCX  WARN  object 0x1afcf40 was not returned to mpool ucp_requests
[1626200099.519698] [c2-36:38118:0]          mpool.c:43   UCX  WARN  object 0x1afd040 was not returned to mpool ucp_requests
[1626200099.559971] [c2-33:79295:0]          mpool.c:43   UCX  WARN  object 0x115fe00 was not returned to mpool ucp_requests
[1626200099.559991] [c2-33:79295:0]          mpool.c:43   UCX  WARN  object 0x1160c00 was not returned to mpool ucp_requests
[1626200099.559993] [c2-33:79295:0]          mpool.c:43   UCX  WARN  object 0x1160d00 was not returned to mpool ucp_requests
[1626200099.559994] [c2-33:79295:0]          mpool.c:43   UCX  WARN  object 0x1160e00 was not returned to mpool ucp_requests
[1626200099.556931] [c1-49:13197:0]          mpool.c:43   UCX  WARN  object 0x11bb700 was not returned to mpool ucp_requests
[1626200099.556946] [c1-49:13197:0]          mpool.c:43   UCX  WARN  object 0x11bbd00 was not returned to mpool ucp_requests
[1626200099.556948] [c1-49:13197:0]          mpool.c:43   UCX  WARN  object 0x11bbe00 was not returned to mpool ucp_requests
[1626200099.556949] [c1-49:13197:0]          mpool.c:43   UCX  WARN  object 0x11bbf00 was not returned to mpool ucp_requests
[1626200099.543356] [c2-40:33359:0]          mpool.c:43   UCX  WARN  object 0x1b23480 was not returned to mpool ucp_requests
[1626200099.543374] [c2-40:33359:0]          mpool.c:43   UCX  WARN  object 0x1b23580 was not returned to mpool ucp_requests
[1626200099.543376] [c2-40:33359:0]          mpool.c:43   UCX  WARN  object 0x1b23680 was not returned to mpool ucp_requests
[1626200099.543377] [c2-40:33359:0]          mpool.c:43   UCX  WARN  object 0x1b23780 was not returned to mpool ucp_requests
[1626200099.543378] [c2-40:33359:0]          mpool.c:43   UCX  WARN  object 0x1b23880 was not returned to mpool ucp_requests
[1626200099.543380] [c2-40:33359:0]          mpool.c:43   UCX  WARN  object 0x1b23980 was not returned to mpool ucp_requests
[1626200099.543381] [c2-40:33359:0]          mpool.c:43   UCX  WARN  object 0x1b23a80 was not returned to mpool ucp_requests
[1626200099.543382] [c2-40:33359:0]          mpool.c:43   UCX  WARN  object 0x1b23b80 was not returned to mpool ucp_requests
[1626200099.544806] [c1-10:72493:0]          mpool.c:43   UCX  WARN  object 0xa12340 was not returned to mpool ucp_requests
[1626200099.544824] [c1-10:72493:0]          mpool.c:43   UCX  WARN  object 0xa12d40 was not returned to mpool ucp_requests
[1626200099.544826] [c1-10:72493:0]          mpool.c:43   UCX  WARN  object 0xa12e40 was not returned to mpool ucp_requests
[1626200099.544827] [c1-10:72493:0]          mpool.c:43   UCX  WARN  object 0xa12f40 was not returned to mpool ucp_requests
[1626200099.528839] [c1-49:13196:0]          mpool.c:43   UCX  WARN  object 0x236a940 was not returned to mpool ucp_requests
[1626200099.528856] [c1-49:13196:0]          mpool.c:43   UCX  WARN  object 0x236aa40 was not returned to mpool ucp_requests
[1626200099.528858] [c1-49:13196:0]          mpool.c:43   UCX  WARN  object 0x236ab40 was not returned to mpool ucp_requests
[1626200099.528859] [c1-49:13196:0]          mpool.c:43   UCX  WARN  object 0x236ac40 was not returned to mpool ucp_requests
[1626200099.528860] [c1-49:13196:0]          mpool.c:43   UCX  WARN  object 0x236ad40 was not returned to mpool ucp_requests
[1626200099.528861] [c1-49:13196:0]          mpool.c:43   UCX  WARN  object 0x236ae40 was not returned to mpool ucp_requests
[1626200099.528863] [c1-49:13196:0]          mpool.c:43   UCX  WARN  object 0x236af40 was not returned to mpool ucp_requests
[1626200099.528864] [c1-49:13196:0]          mpool.c:43   UCX  WARN  object 0x236b040 was not returned to mpool ucp_requests
[1626200099.543383] [c2-40:33359:0]          mpool.c:43   UCX  WARN  object 0x1b23c80 was not returned to mpool ucp_requests
[1626200099.543385] [c2-40:33359:0]          mpool.c:43   UCX  WARN  object 0x1b23d80 was not returned to mpool ucp_requests
[1626200099.543386] [c2-40:33359:0]          mpool.c:43   UCX  WARN  object 0x1b23e80 was not returned to mpool ucp_requests
[1626200099.543387] [c2-40:33359:0]          mpool.c:43   UCX  WARN  object 0x1b23f80 was not returned to mpool ucp_requests
[1626200099.519574] [c2-38:22538:0]          mpool.c:43   UCX  WARN  object 0x1068200 was not returned to mpool ucp_requests
[1626200099.519591] [c2-38:22538:0]          mpool.c:43   UCX  WARN  object 0x1068300 was not returned to mpool ucp_requests
[1626200099.519592] [c2-38:22538:0]          mpool.c:43   UCX  WARN  object 0x1068400 was not returned to mpool ucp_requests
[1626200099.519594] [c2-38:22538:0]          mpool.c:43   UCX  WARN  object 0x1068500 was not returned to mpool ucp_requests
[1626200099.519595] [c2-38:22538:0]          mpool.c:43   UCX  WARN  object 0x1068600 was not returned to mpool ucp_requests
[1626200099.519596] [c2-38:22538:0]          mpool.c:43   UCX  WARN  object 0x1068700 was not returned to mpool ucp_requests
[1626200099.519597] [c2-38:22538:0]          mpool.c:43   UCX  WARN  object 0x1068900 was not returned to mpool ucp_requests
[1626200099.519599] [c2-38:22538:0]          mpool.c:43   UCX  WARN  object 0x1068a00 was not returned to mpool ucp_requests
[1626200099.520592] [c2-33:79294:0]          mpool.c:43   UCX  WARN  object 0x2974600 was not returned to mpool ucp_requests
[1626200099.520614] [c2-33:79294:0]          mpool.c:43   UCX  WARN  object 0x2975700 was not returned to mpool ucp_requests
[1626200099.520616] [c2-33:79294:0]          mpool.c:43   UCX  WARN  object 0x2975900 was not returned to mpool ucp_requests
[1626200099.520617] [c2-33:79294:0]          mpool.c:43   UCX  WARN  object 0x2975a00 was not returned to mpool ucp_requests
[1626200099.520619] [c2-33:79294:0]          mpool.c:43   UCX  WARN  object 0x2975b00 was not returned to mpool ucp_requests
[1626200099.520620] [c2-33:79294:0]          mpool.c:43   UCX  WARN  object 0x2975c00 was not returned to mpool ucp_requests
[1626200099.520621] [c2-33:79294:0]          mpool.c:43   UCX  WARN  object 0x2975d00 was not returned to mpool ucp_requests
[1626200099.520622] [c2-33:79294:0]          mpool.c:43   UCX  WARN  object 0x2975f00 was not returned to mpool ucp_requests
[1626200099.617053] [c2-36:38119:0]          mpool.c:43   UCX  WARN  object 0x1b9aa00 was not returned to mpool ucp_requests
[1626200099.617069] [c2-36:38119:0]          mpool.c:43   UCX  WARN  object 0x1b9bd00 was not returned to mpool ucp_requests
[1626200099.617071] [c2-36:38119:0]          mpool.c:43   UCX  WARN  object 0x1b9be00 was not returned to mpool ucp_requests
[1626200099.617073] [c2-36:38119:0]          mpool.c:43   UCX  WARN  object 0x1b9bf00 was not returned to mpool ucp_requests
[1626200099.634390] [c1-2:71374:0]          mpool.c:43   UCX  WARN  object 0x2469040 was not returned to mpool ucp_requests
[1626200099.634396] [c1-2:71374:0]          mpool.c:43   UCX  WARN  object 0x2469440 was not returned to mpool ucp_requests
[1626200099.634397] [c1-2:71374:0]          mpool.c:43   UCX  WARN  object 0x2469640 was not returned to mpool ucp_requests
[1626200099.634399] [c1-2:71374:0]          mpool.c:43   UCX  WARN  object 0x2469840 was not returned to mpool ucp_requests
[1626200099.634400] [c1-2:71374:0]          mpool.c:43   UCX  WARN  object 0x2469940 was not returned to mpool ucp_requests
[1626200099.634402] [c1-2:71374:0]          mpool.c:43   UCX  WARN  object 0x2469a40 was not returned to mpool ucp_requests
[1626200099.634403] [c1-2:71374:0]          mpool.c:43   UCX  WARN  object 0x2469b40 was not returned to mpool ucp_requests
[1626200099.634404] [c1-2:71374:0]          mpool.c:43   UCX  WARN  object 0x2469d40 was not returned to mpool ucp_requests
[1626200099.634405] [c1-2:71374:0]          mpool.c:43   UCX  WARN  object 0x2469e40 was not returned to mpool ucp_requests
[1626200099.634407] [c1-2:71374:0]          mpool.c:43   UCX  WARN  object 0x246a040 was not returned to mpool ucp_requests
[1626200099.591584] [c1-37:29121:0]          mpool.c:43   UCX  WARN  object 0xaa3a40 was not returned to mpool ucp_requests
[1626200099.591600] [c1-37:29121:0]          mpool.c:43   UCX  WARN  object 0xaa4540 was not returned to mpool ucp_requests
[1626200099.591602] [c1-37:29121:0]          mpool.c:43   UCX  WARN  object 0xaa4640 was not returned to mpool ucp_requests
[1626200099.591603] [c1-37:29121:0]          mpool.c:43   UCX  WARN  object 0xaa4740 was not returned to mpool ucp_requests
[1626200099.591604] [c1-37:29121:0]          mpool.c:43   UCX  WARN  object 0xaa4840 was not returned to mpool ucp_requests
[1626200099.591605] [c1-37:29121:0]          mpool.c:43   UCX  WARN  object 0xaa4a40 was not returned to mpool ucp_requests
[1626200099.591607] [c1-37:29121:0]          mpool.c:43   UCX  WARN  object 0xaa4b40 was not returned to mpool ucp_requests
[1626200099.591608] [c1-37:29121:0]          mpool.c:43   UCX  WARN  object 0xaa4c40 was not returned to mpool ucp_requests
[1626200099.605995] [c1-10:72492:0]          mpool.c:43   UCX  WARN  object 0xa34140 was not returned to mpool ucp_requests
[1626200099.606011] [c1-10:72492:0]          mpool.c:43   UCX  WARN  object 0xa34940 was not returned to mpool ucp_requests
[1626200099.606013] [c1-10:72492:0]          mpool.c:43   UCX  WARN  object 0xa34b40 was not returned to mpool ucp_requests
[1626200099.606014] [c1-10:72492:0]          mpool.c:43   UCX  WARN  object 0xa34c40 was not returned to mpool ucp_requests
[1626200099.606015] [c1-10:72492:0]          mpool.c:43   UCX  WARN  object 0xa34d40 was not returned to mpool ucp_requests
[1626200099.606017] [c1-10:72492:0]          mpool.c:43   UCX  WARN  object 0xa34e40 was not returned to mpool ucp_requests
[1626200099.606018] [c1-10:72492:0]          mpool.c:43   UCX  WARN  object 0xa34f40 was not returned to mpool ucp_requests
[1626200099.606019] [c1-10:72492:0]          mpool.c:43   UCX  WARN  object 0xa35040 was not returned to mpool ucp_requests
[1626200099.572773] [c2-38:22539:0]          mpool.c:43   UCX  WARN  object 0x21b2bc0 was not returned to mpool ucp_requests
[1626200099.572802] [c2-38:22539:0]          mpool.c:43   UCX  WARN  object 0x21b34c0 was not returned to mpool ucp_requests
[1626200099.572803] [c2-38:22539:0]          mpool.c:43   UCX  WARN  object 0x21b36c0 was not returned to mpool ucp_requests
[1626200099.572805] [c2-38:22539:0]          mpool.c:43   UCX  WARN  object 0x21b37c0 was not returned to mpool ucp_requests
[1626200099.591609] [c1-37:29121:0]          mpool.c:43   UCX  WARN  object 0xaa4d40 was not returned to mpool ucp_requests
[1626200099.591610] [c1-37:29121:0]          mpool.c:43   UCX  WARN  object 0xaa4e40 was not returned to mpool ucp_requests
[1626200099.591612] [c1-37:29121:0]          mpool.c:43   UCX  WARN  object 0xaa4f40 was not returned to mpool ucp_requests
[1626200099.591613] [c1-37:29121:0]          mpool.c:43   UCX  WARN  object 0xaa5040 was not returned to mpool ucp_requests
[1626200099.572297] [c1-44:14489:0]          mpool.c:43   UCX  WARN  object 0x12c8040 was not returned to mpool ucp_requests
[1626200099.572312] [c1-44:14489:0]          mpool.c:43   UCX  WARN  object 0x12c8540 was not returned to mpool ucp_requests
[1626200099.572314] [c1-44:14489:0]          mpool.c:43   UCX  WARN  object 0x12c8640 was not returned to mpool ucp_requests
[1626200099.572316] [c1-44:14489:0]          mpool.c:43   UCX  WARN  object 0x12c8740 was not returned to mpool ucp_requests
[1626200099.572317] [c1-44:14489:0]          mpool.c:43   UCX  WARN  object 0x12c8940 was not returned to mpool ucp_requests
[1626200099.572318] [c1-44:14489:0]          mpool.c:43   UCX  WARN  object 0x12c8a40 was not returned to mpool ucp_requests
[1626200099.572319] [c1-44:14489:0]          mpool.c:43   UCX  WARN  object 0x12c8b40 was not returned to mpool ucp_requests
[1626200099.572321] [c1-44:14489:0]          mpool.c:43   UCX  WARN  object 0x12c8c40 was not returned to mpool ucp_requests
[1626200099.633992] [c1-3:70503:0]          mpool.c:43   UCX  WARN  object 0x1d2dd40 was not returned to mpool ucp_requests
[1626200099.634007] [c1-3:70503:0]          mpool.c:43   UCX  WARN  object 0x1d2e540 was not returned to mpool ucp_requests
[1626200099.634009] [c1-3:70503:0]          mpool.c:43   UCX  WARN  object 0x1d2e740 was not returned to mpool ucp_requests
[1626200099.634011] [c1-3:70503:0]          mpool.c:43   UCX  WARN  object 0x1d2e840 was not returned to mpool ucp_requests
[1626200099.634012] [c1-3:70503:0]          mpool.c:43   UCX  WARN  object 0x1d2ea40 was not returned to mpool ucp_requests
[1626200099.634013] [c1-3:70503:0]          mpool.c:43   UCX  WARN  object 0x1d2eb40 was not returned to mpool ucp_requests
[1626200099.634014] [c1-3:70503:0]          mpool.c:43   UCX  WARN  object 0x1d2ec40 was not returned to mpool ucp_requests
[1626200099.634016] [c1-3:70503:0]          mpool.c:43   UCX  WARN  object 0x1d2ed40 was not returned to mpool ucp_requests
[1626200099.572322] [c1-44:14489:0]          mpool.c:43   UCX  WARN  object 0x12c8d40 was not returned to mpool ucp_requests
[1626200099.572323] [c1-44:14489:0]          mpool.c:43   UCX  WARN  object 0x12c8e40 was not returned to mpool ucp_requests
[1626200099.572324] [c1-44:14489:0]          mpool.c:43   UCX  WARN  object 0x12c8f40 was not returned to mpool ucp_requests
[1626200099.572326] [c1-44:14489:0]          mpool.c:43   UCX  WARN  object 0x12c9040 was not returned to mpool ucp_requests
[1626200099.634017] [c1-3:70503:0]          mpool.c:43   UCX  WARN  object 0x1d2ee40 was not returned to mpool ucp_requests
[1626200099.634018] [c1-3:70503:0]          mpool.c:43   UCX  WARN  object 0x1d2f040 was not returned to mpool ucp_requests
