                                                                           
                                                                           
***************************************************************************
***                                                                     ***
***                                                                     ***
***          __  __ ____   ____ _                                       ***
***         |  \/  |  _ \ / ___| |__   ___ _ __ ___                     ***
***         | |\/| | |_) | |   | '_ \ / _ \ '_ ` _ \                    ***
***         | |  | |  _ <| |___| | | |  __/ | | | | |                   ***
***         |_|  |_|_| \_\\____|_| |_|\___|_| |_| |_|                   ***
***                                                                     ***
***         VERSION            1.0.1                                    ***
***                                                                     ***
***         Git branch         HEAD                                     ***
***         Git commit hash    9309e3e1e52e5319b766-dirty               ***
***         Git commit author  Stig Rune Jensen                         ***
***         Git commit date    Fri Dec 4 16:08:55 2020 +0100            ***
***                                                                     ***
***         Contact: luca.frediani@uit.no                               ***
***                                                                     ***
***         Radovan Bast            Magnar Bjorgve                      ***
***         Roberto Di Remigio      Antoine Durdek                      ***
***         Luca Frediani           Gabriel Gerez                       ***
***         Stig Rune Jensen        Jonas Juselius                      ***
***         Rune Monstad            Peter Wind                          ***
***                                                                     ***
***************************************************************************

---------------------------------------------------------------------------

 MPI processes           :        (1 bank)                              20
 OpenMP threads          :                                               6
 Total cores             :                                             120
                                                                           
---------------------------------------------------------------------------

XCFun DFT library Copyright 2009-2020 Ulf Ekstrom and contributors.
See http://dftlibs.org/xcfun/ for more information.

This is free software; see the source code for copying conditions.
There is ABSOLUTELY NO WARRANTY; not even for MERCHANTABILITY or
FITNESS FOR A PARTICULAR PURPOSE. For details see the documentation.
Scientific users of this library should cite
U. Ekstrom, L. Visscher, R. Bast, A. J. Thorvaldsen and K. Ruud;
J.Chem.Theor.Comp. 2010, DOI: 10.1021/ct100117s

---------------------------------------------------------------------------

 MRCPP version         : 1.3.6
 Git branch            : HEAD
 Git commit hash       : 9309e3e1e52e5319b766-dirty
 Git commit author     : Stig Rune Jensen
 Git commit date       : Fri Dec 4 16:08:55 2020 +0100

 Linear algebra        : EIGEN v3.3.7
 Parallelization       : MPI/OpenMP (6 threads)

---------------------------------------------------------------------------


                                                                           
===========================================================================
                         MultiResolution Analysis
---------------------------------------------------------------------------
 polynomial order      : 9
 polynomial type       : Interpolating
---------------------------------------------------------------------------
 total boxes           : 8
 boxes                 : [          2           2           2 ]
 unit lengths          : [   32.00000    32.00000    32.00000 ]
 scaling factor        : [    1.00000     1.00000     1.00000 ]
 lower bounds          : [  -32.00000   -32.00000   -32.00000 ]
 upper bounds          : [   32.00000    32.00000    32.00000 ]
 total length          : [   64.00000    64.00000    64.00000 ]
===========================================================================


                                                                           
***************************************************************************
***                                                                     ***
***                        Initializing Molecule                        ***
***                                                                     ***
***************************************************************************
                                                                           
                                                                           
===========================================================================
                                 Molecule
---------------------------------------------------------------------------
 Charge                  :                                               0
 Multiplicity            :                                               1
---------------------------------------------------------------------------
    N    Atom            :               x               y               z
---------------------------------------------------------------------------
    0       N            :        0.000000        0.000000       -2.266983
    1       N            :        0.000000        0.000000       -0.134994
    2       O            :        0.000000        0.000000        2.102820
---------------------------------------------------------------------------
 Center of mass          :        0.000000        0.000000        0.000000
===========================================================================


                                                                           
***************************************************************************
***                                                                     ***
***                 Computing Ground State Wavefunction                 ***
***                                                                     ***
***************************************************************************
                                                                           
                                                                           
~~~~~~~~~~~~~~~~~~~~~~~~~~~~~~~~~~~~~~~~~~~~~~~~~~~~~~~~~~~~~~~~~~~~~~~~~~~
 Calculation             : Compute initial orbitals
 Method                  : Diagonalize SAD Hamiltonian
 Precision               : 1.00000e-04
 Restricted              : False
 Functional              : LDA (SVWN5)
 AO basis                : Hydrogenic orbitals
 Zeta quality            : 2
~~~~~~~~~~~~~~~~~~~~~~~~~~~~~~~~~~~~~~~~~~~~~~~~~~~~~~~~~~~~~~~~~~~~~~~~~~~


===========================================================================
                            Molecular Orbitals
---------------------------------------------------------------------------
 Alpha electrons         :                                              11
 Beta electrons          :                                              11
 Total electrons         :                                              22
---------------------------------------------------------------------------
    n  Occ Spin          :                                            Norm
---------------------------------------------------------------------------
    0    1    a          :                              9.999997212117e-01
    1    1    a          :                              9.999999994597e-01
    2    1    a          :                              9.999999993486e-01
    3    1    a          :                              9.999999981645e-01
    4    1    a          :                              9.999999991081e-01
    5    1    a          :                              9.999999999899e-01
    6    1    a          :                              1.000001531535e+00
    7    1    a          :                              1.000001423950e+00
    8    1    a          :                              9.999999997527e-01
    9    1    a          :                              9.999977006050e-01
   10    1    a          :                              9.999978190930e-01
   11    1    b          :                              9.999999839668e-01
   12    1    b          :                              9.999999950652e-01
   13    1    b          :                              9.999999993486e-01
   14    1    b          :                              1.000000000037e+00
   15    1    b          :                              9.999999973231e-01
   16    1    b          :                              9.999999977403e-01
   17    1    b          :                              1.000001531530e+00
   18    1    b          :                              1.000001423944e+00
   19    1    b          :                              1.000000004791e+00
   20    1    b          :                              9.999977005932e-01
   21    1    b          :                              9.999978190930e-01
===========================================================================


~~~~~~~~~~~~~~~~~~~~~~~~~~~~~~~~~~~~~~~~~~~~~~~~~~~~~~~~~~~~~~~~~~~~~~~~~~~
 Calculation             : Compute initial energy
 Method                  : DFT (PBE)
 Precision               : 1.00000e-04
 Localization            : On
~~~~~~~~~~~~~~~~~~~~~~~~~~~~~~~~~~~~~~~~~~~~~~~~~~~~~~~~~~~~~~~~~~~~~~~~~~~


===========================================================================
                        Molecular Energy (initial)
---------------------------------------------------------------------------
 Kinetic energy          :            (au)                193.146940725389
 E-N energy              :            (au)               -563.397413531067
 Coulomb energy          :            (au)                148.026836572363
 Exchange energy         :            (au)                  0.000000000000
 X-C energy              :            (au)                -22.500035315298
 Ext. field (el)         :            (au)                  0.000000000000
---------------------------------------------------------------------------
 N-N energy              :            (au)                 60.822885897249
 Ext. field (nuc)        :            (au)                  0.000000000000
---------------------------------------------------------------------------
 Electronic energy       :            (au)               -244.723671548613
 Nuclear energy          :            (au)                 60.822885897249
---------------------------------------------------------------------------
 Total energy            :            (au)             -1.839007856514e+02
                         :      (kcal/mol)             -1.153994843528e+05
                         :        (kJ/mol)             -4.828314428454e+05
                         :            (eV)             -5.004195089357e+03
===========================================================================


===========================================================================
                        Orbital Energies (initial)
---------------------------------------------------------------------------
    n  Occ Spin          :                                         Epsilon
---------------------------------------------------------------------------
    0    1    a          :            (au)                -18.610925719339
    1    1    a          :            (au)                -14.396920716234
    2    1    a          :            (au)                -13.770565663104
    3    1    a          :            (au)                 -1.236980510449
    4    1    a          :            (au)                 -1.070878903126
    5    1    a          :            (au)                 -0.583327609921
    6    1    a          :            (au)                 -0.579023057199
    7    1    a          :            (au)                 -0.493068518177
    8    1    a          :            (au)                 -0.308366945872
    9    1    a          :            (au)                 -0.256019141924
   10    1    a          :            (au)                 -0.252115617839
   11    1    b          :            (au)                -18.610923862145
   12    1    b          :            (au)                -14.396909663226
   13    1    b          :            (au)                -13.770563492197
   14    1    b          :            (au)                 -1.236978861531
   15    1    b          :            (au)                 -1.070876063725
   16    1    b          :            (au)                 -0.583326967211
   17    1    b          :            (au)                 -0.579021659737
   18    1    b          :            (au)                 -0.493072185403
   19    1    b          :            (au)                 -0.308361912476
   20    1    b          :            (au)                 -0.256016613471
   21    1    b          :            (au)                 -0.252114292111
---------------------------------------------------------------------------
 Sum occupied            :            (au)               -103.116357976419
===========================================================================


~~~~~~~~~~~~~~~~~~~~~~~~~~~~~~~~~~~~~~~~~~~~~~~~~~~~~~~~~~~~~~~~~~~~~~~~~~~
 Calculation             : Optimize ground state orbitals
 Method                  : DFT (PBE)
 Checkpointing           : Off
 Max iterations          : 200
 KAIN solver             : 10
 Localization            : First two iterations
 Diagonalization         : Off
 Start precision         : 1.00000e-06
 Final precision         : 1.00000e-06
 Helmholtz precision     : Dynamic
 Energy threshold        : 1.00000e-06
 Orbital threshold       : 5.00000e-05
~~~~~~~~~~~~~~~~~~~~~~~~~~~~~~~~~~~~~~~~~~~~~~~~~~~~~~~~~~~~~~~~~~~~~~~~~~~


===========================================================================
 Iter           MO residual             Total energy                Update
---------------------------------------------------------------------------
    0          4.690416e+00        -183.900785651364         -1.839008e+02
    1          4.010051e-01        -184.530199534408         -6.294139e-01
    2          8.204840e-02        -184.571736748720         -4.153721e-02
    3          2.983249e-02        -184.578465720579         -6.728972e-03
    4          2.052604e-02        -184.580887940897         -2.422220e-03
    5          1.919432e-02        -184.581886258859         -9.983180e-04
    6          1.430120e-02        -184.582291618035         -4.053592e-04
    7          9.092950e-03        -184.582391459344         -9.984131e-05
    8          4.684108e-03        -184.582434947900         -4.348856e-05
    9          6.842632e-03        -184.582469116207         -3.416831e-05
   10          2.487747e-03        -184.582479160972         -1.004476e-05
   11          1.793828e-03        -184.582482112671         -2.951699e-06
   12          9.120163e-04        -184.582483206291         -1.093621e-06
   13          2.129314e-04        -184.582483358922         -1.526303e-07
   14          2.368082e-04        -184.582483451949         -9.302752e-08
   15          6.488947e-05        -184.582483462588         -1.063862e-08
---------------------------------------------------------------------------
                      SCF converged in 15 iterations!
===========================================================================


                                                                           
***************************************************************************
***                                                                     ***
***                    Printing Molecular Properties                    ***
***                                                                     ***
***************************************************************************
                                                                           
                                                                           
===========================================================================
                                 Molecule
---------------------------------------------------------------------------
 Charge                  :                                               0
 Multiplicity            :                                               1
---------------------------------------------------------------------------
    N    Atom            :               x               y               z
---------------------------------------------------------------------------
    0       N            :        0.000000        0.000000       -2.266983
    1       N            :        0.000000        0.000000       -0.134994
    2       O            :        0.000000        0.000000        2.102820
---------------------------------------------------------------------------
 Center of mass          :        0.000000        0.000000        0.000000
===========================================================================


===========================================================================
                         Molecular Energy (final)
---------------------------------------------------------------------------
 Kinetic energy          :            (au)                184.027742731017
 E-N energy              :            (au)               -555.231472541062
 Coulomb energy          :            (au)                147.909957279314
 Exchange energy         :            (au)                  0.000000000000
 X-C energy              :            (au)                -22.111596829105
 Ext. field (el)         :            (au)                  0.000000000000
---------------------------------------------------------------------------
 N-N energy              :            (au)                 60.822885897249
 Ext. field (nuc)        :            (au)                  0.000000000000
---------------------------------------------------------------------------
 Electronic energy       :            (au)               -245.405369359837
 Nuclear energy          :            (au)                 60.822885897249
---------------------------------------------------------------------------
 Total energy            :            (au)             -1.845824834626e+02
                         :      (kcal/mol)             -1.158272561843e+05
                         :        (kJ/mol)             -4.846212401897e+05
                         :            (eV)             -5.022745030986e+03
===========================================================================


===========================================================================
                         Orbital Energies (final)
---------------------------------------------------------------------------
    n  Occ Spin          :                                         Epsilon
---------------------------------------------------------------------------
    0    1    a          :            (au)                -18.853343088539
    1    1    a          :            (au)                -14.198837884885
    2    1    a          :            (au)                -14.073364971831
    3    1    a          :            (au)                 -1.156203697097
    4    1    a          :            (au)                 -1.003722961297
    5    1    a          :            (au)                 -0.549881177756
    6    1    a          :            (au)                 -0.513713759235
    7    1    a          :            (au)                 -0.513712806349
    8    1    a          :            (au)                 -0.422062922718
    9    1    a          :            (au)                 -0.308482709192
   10    1    a          :            (au)                 -0.308481992804
   11    1    b          :            (au)                -18.853343090916
   12    1    b          :            (au)                -14.198837878201
   13    1    b          :            (au)                -14.073364965975
   14    1    b          :            (au)                 -1.156203698547
   15    1    b          :            (au)                 -1.003722962608
   16    1    b          :            (au)                 -0.549881181279
   17    1    b          :            (au)                 -0.513713759375
   18    1    b          :            (au)                 -0.513712806804
   19    1    b          :            (au)                 -0.422062918592
   20    1    b          :            (au)                 -0.308482709957
   21    1    b          :            (au)                 -0.308481993414
---------------------------------------------------------------------------
 Sum occupied            :            (au)               -103.803615937368
===========================================================================


===========================================================================
                           Dipole Moment (dip-1)
---------------------------------------------------------------------------
 r_O                     :        0.000000        0.000000        0.000000
---------------------------------------------------------------------------
 Electronic vector       :        0.000000        0.000000        0.046315
 Magnitude               :            (au)                        0.046315
                         :         (Debye)                        0.117722
---------------------------------------------------------------------------
 Nuclear vector          :        0.000000        0.000000        0.008726
 Magnitude               :            (au)                        0.008726
                         :         (Debye)                        0.022178
---------------------------------------------------------------------------
 Total vector            :        0.000000        0.000000        0.055041
 Magnitude               :            (au)                        0.055041
                         :         (Debye)                        0.139900
===========================================================================


                                                                           
                                                                           
***************************************************************************
***                                                                     ***
***                            Exiting MRChem                           ***
***                                                                     ***
***                       Wall time :  0h 19m 50s                       ***
***                                                                     ***
***************************************************************************
                                                                           
                                                                           
