Starting job 3267498 on c11-[4,6,15] at Wed Aug 11 11:52:43 CEST 2021

Copying 24_pbe_.out to /cluster/home/ambr/projects/psp/row12/calcs/singlets
Copying 24_pbe_.json to /cluster/home/ambr/projects/psp/row12/calcs/singlets

Task and CPU usage stats:
       JobID    JobName  AllocCPUS   NTasks     MinCPU MinCPUTask     AveCPU    Elapsed ExitCode 
------------ ---------- ---------- -------- ---------- ---------- ---------- ---------- -------- 
3267498         24_pbe_        120                                             00:19:54      1:0 
3267498.bat+      batch         42        1   00:00:00          0   00:00:00   00:19:54      1:0 
3267498.ext+     extern        120        3   00:00:00          2   00:00:00   00:19:54      0:0 
3267498.0      mrchem.x        120       20   00:19:51         19   01:06:48   00:19:53      0:0 

Memory usage stats:
       JobID     MaxRSS MaxRSSTask     AveRSS MaxPages   MaxPagesTask   AvePages 
------------ ---------- ---------- ---------- -------- -------------- ---------- 
3267498                                                                          
3267498.bat+     14232K          0     14232K        0              0          0 
3267498.ext+          0          2          0        0              2          0 
3267498.0      5293152K          1 3995795865        0             10          0 

Disk usage stats:
       JobID  MaxDiskRead MaxDiskReadTask    AveDiskRead MaxDiskWrite MaxDiskWriteTask   AveDiskWrite 
------------ ------------ --------------- -------------- ------------ ---------------- -------------- 
3267498                                                                                               
3267498.bat+        3.73M               0          3.73M        0.02M                0          0.02M 
3267498.ext+        0.00M               2          0.00M            0                2              0 
3267498.0           2.67M               1          2.66M        2.11M                0          2.07M 

Job 3267498 completed at Wed Aug 11 12:12:37 CEST 2021
