Starting job 3125917 on c11-[41-43,45,47-48] at Thu Jul 8 00:36:52 CEST 2021

Copying 25_b3lyp-g_.out to /cluster/home/ambr/projects/psp/calcs
Copying 25_b3lyp-g_.json to /cluster/home/ambr/projects/psp/calcs

Task and CPU usage stats:
       JobID    JobName  AllocCPUS   NTasks     MinCPU MinCPUTask     AveCPU    Elapsed ExitCode 
------------ ---------- ---------- -------- ---------- ---------- ---------- ---------- -------- 
3125917      25_b3lyp-+        200                                             01:33:17      1:0 
3125917.bat+      batch         40        1   00:00:01          0   00:00:01   01:33:17      1:0 
3125917.ext+     extern        200        6   00:00:00          4   00:00:00   01:33:17      0:0 
3125917.0      mrchem.x        200       20   01:32:55         19   06:07:38   01:33:07      0:0 

Memory usage stats:
       JobID     MaxRSS MaxRSSTask     AveRSS MaxPages   MaxPagesTask   AvePages 
------------ ---------- ---------- ---------- -------- -------------- ---------- 
3125917                                                                          
3125917.bat+     14652K          0     14652K        0              0          0 
3125917.ext+          0          4          0        0              4          0 
3125917.0      5231340K          7 4486142361        0              2          0 

Disk usage stats:
       JobID  MaxDiskRead MaxDiskReadTask    AveDiskRead MaxDiskWrite MaxDiskWriteTask   AveDiskWrite 
------------ ------------ --------------- -------------- ------------ ---------------- -------------- 
3125917                                                                                               
3125917.bat+        3.58M               0          3.58M        0.02M                0          0.02M 
3125917.ext+        0.00M               4          0.00M            0                4              0 
3125917.0           2.67M               3          2.66M       96.15M                7         53.72M 

Job 3125917 completed at Thu Jul 8 02:10:10 CEST 2021
