                                                                           
                                                                           
***************************************************************************
***                                                                     ***
***                                                                     ***
***          __  __ ____   ____ _                                       ***
***         |  \/  |  _ \ / ___| |__   ___ _ __ ___                     ***
***         | |\/| | |_) | |   | '_ \ / _ \ '_ ` _ \                    ***
***         | |  | |  _ <| |___| | | |  __/ | | | | |                   ***
***         |_|  |_|_| \_\\____|_| |_|\___|_| |_| |_|                   ***
***                                                                     ***
***         VERSION            1.0.1                                    ***
***                                                                     ***
***         Git branch         HEAD                                     ***
***         Git commit hash    9309e3e1e52e5319b766-dirty               ***
***         Git commit author  Stig Rune Jensen                         ***
***         Git commit date    Fri Dec 4 16:08:55 2020 +0100            ***
***                                                                     ***
***         Contact: luca.frediani@uit.no                               ***
***                                                                     ***
***         Radovan Bast            Magnar Bjorgve                      ***
***         Roberto Di Remigio      Antoine Durdek                      ***
***         Luca Frediani           Gabriel Gerez                       ***
***         Stig Rune Jensen        Jonas Juselius                      ***
***         Rune Monstad            Peter Wind                          ***
***                                                                     ***
***************************************************************************

---------------------------------------------------------------------------

 MPI processes           :        (1 bank)                              20
 OpenMP threads          :                                              10
 Total cores             :                                             200
                                                                           
---------------------------------------------------------------------------

XCFun DFT library Copyright 2009-2020 Ulf Ekstrom and contributors.
See http://dftlibs.org/xcfun/ for more information.

This is free software; see the source code for copying conditions.
There is ABSOLUTELY NO WARRANTY; not even for MERCHANTABILITY or
FITNESS FOR A PARTICULAR PURPOSE. For details see the documentation.
Scientific users of this library should cite
U. Ekstrom, L. Visscher, R. Bast, A. J. Thorvaldsen and K. Ruud;
J.Chem.Theor.Comp. 2010, DOI: 10.1021/ct100117s

---------------------------------------------------------------------------

 MRCPP version         : 1.3.6
 Git branch            : HEAD
 Git commit hash       : 9309e3e1e52e5319b766-dirty
 Git commit author     : Stig Rune Jensen
 Git commit date       : Fri Dec 4 16:08:55 2020 +0100

 Linear algebra        : EIGEN v3.3.7
 Parallelization       : MPI/OpenMP (10 threads)

---------------------------------------------------------------------------


                                                                           
===========================================================================
                         MultiResolution Analysis
---------------------------------------------------------------------------
 polynomial order      : 9
 polynomial type       : Interpolating
---------------------------------------------------------------------------
 total boxes           : 8
 boxes                 : [          2           2           2 ]
 unit lengths          : [   16.00000    16.00000    16.00000 ]
 scaling factor        : [    1.00000     1.00000     1.00000 ]
 lower bounds          : [  -16.00000   -16.00000   -16.00000 ]
 upper bounds          : [   16.00000    16.00000    16.00000 ]
 total length          : [   32.00000    32.00000    32.00000 ]
===========================================================================


                                                                           
***************************************************************************
***                                                                     ***
***                        Initializing Molecule                        ***
***                                                                     ***
***************************************************************************
                                                                           
                                                                           
===========================================================================
                                 Molecule
---------------------------------------------------------------------------
 Charge                  :                                               0
 Multiplicity            :                                               1
---------------------------------------------------------------------------
    N    Atom            :               x               y               z
---------------------------------------------------------------------------
    0       N            :        0.000000       -1.327913       -2.070653
    1       N            :        0.000000        0.000187        1.191959
    2       O            :        0.000000        0.380777       -3.388926
    3       O            :        0.000000        2.271448        1.214447
    4       O            :        0.000000       -1.489862        2.943735
---------------------------------------------------------------------------
 Center of mass          :        0.000000       -0.000000        0.000000
===========================================================================


                                                                           
***************************************************************************
***                                                                     ***
***                 Computing Ground State Wavefunction                 ***
***                                                                     ***
***************************************************************************
                                                                           
                                                                           
~~~~~~~~~~~~~~~~~~~~~~~~~~~~~~~~~~~~~~~~~~~~~~~~~~~~~~~~~~~~~~~~~~~~~~~~~~~
 Calculation             : Compute initial orbitals
 Method                  : Diagonalize SAD Hamiltonian
 Precision               : 1.00000e-03
 Restricted              : True
 Functional              : LDA (SVWN5)
 AO basis                : Hydrogenic orbitals
 Zeta quality            : 2
~~~~~~~~~~~~~~~~~~~~~~~~~~~~~~~~~~~~~~~~~~~~~~~~~~~~~~~~~~~~~~~~~~~~~~~~~~~


===========================================================================
                            Molecular Orbitals
---------------------------------------------------------------------------
 Alpha electrons         :                                              19
 Beta electrons          :                                              19
 Total electrons         :                                              38
---------------------------------------------------------------------------
    n  Occ Spin          :                                            Norm
---------------------------------------------------------------------------
    0    2    p          :                              1.000098887612e+00
    1    2    p          :                              9.999997500640e-01
    2    2    p          :                              9.999931169467e-01
    3    2    p          :                              9.999997965362e-01
    4    2    p          :                              9.999803848620e-01
    5    2    p          :                              1.000004485623e+00
    6    2    p          :                              1.000005315629e+00
    7    2    p          :                              9.999948732004e-01
    8    2    p          :                              9.999779039328e-01
    9    2    p          :                              1.000009814144e+00
   10    2    p          :                              1.000003356755e+00
   11    2    p          :                              9.999998234621e-01
   12    2    p          :                              9.999963951162e-01
   13    2    p          :                              9.999994879710e-01
   14    2    p          :                              9.999996367527e-01
   15    2    p          :                              9.999926685820e-01
   16    2    p          :                              1.000000310841e+00
   17    2    p          :                              9.999967370535e-01
   18    2    p          :                              1.000029916067e+00
===========================================================================


~~~~~~~~~~~~~~~~~~~~~~~~~~~~~~~~~~~~~~~~~~~~~~~~~~~~~~~~~~~~~~~~~~~~~~~~~~~
 Calculation             : Compute initial energy
 Method                  : DFT (PBE0)
 Precision               : 1.00000e-03
 Localization            : Off
~~~~~~~~~~~~~~~~~~~~~~~~~~~~~~~~~~~~~~~~~~~~~~~~~~~~~~~~~~~~~~~~~~~~~~~~~~~


===========================================================================
                        Molecular Energy (initial)
---------------------------------------------------------------------------
 Kinetic energy          :            (au)                350.455090098862
 E-N energy              :            (au)              -1128.408259979359
 Coulomb energy          :            (au)                322.409363380163
 Exchange energy         :            (au)                 -9.471646161692
 X-C energy              :            (au)                -30.149005365855
 Ext. field (el)         :            (au)                  0.000000000000
---------------------------------------------------------------------------
 N-N energy              :            (au)                161.712589087984
 Ext. field (nuc)        :            (au)                  0.000000000000
---------------------------------------------------------------------------
 Electronic energy       :            (au)               -495.164458027883
 Nuclear energy          :            (au)                161.712589087984
---------------------------------------------------------------------------
 Total energy            :            (au)             -3.334518689399e+02
                         :      (kcal/mol)             -2.092442052155e+05
                         :        (kJ/mol)             -8.754777551900e+05
                         :            (eV)             -9.073687201366e+03
===========================================================================


===========================================================================
                        Orbital Energies (initial)
---------------------------------------------------------------------------
    n  Occ Spin          :                                         Epsilon
---------------------------------------------------------------------------
    0    2    p          :            (au)                -19.345850293839
    1    2    p          :            (au)                -18.844700637402
    2    2    p          :            (au)                -18.754240016521
    3    2    p          :            (au)                -14.685751530635
    4    2    p          :            (au)                -14.664548071261
    5    2    p          :            (au)                 -1.458040809636
    6    2    p          :            (au)                 -1.253098061522
    7    2    p          :            (au)                 -1.052993177409
    8    2    p          :            (au)                 -0.817174284643
    9    2    p          :            (au)                 -0.714904564690
   10    2    p          :            (au)                 -0.674375768167
   11    2    p          :            (au)                 -0.630780906943
   12    2    p          :            (au)                 -0.537348925431
   13    2    p          :            (au)                 -0.528059853315
   14    2    p          :            (au)                 -0.457495417810
   15    2    p          :            (au)                 -0.401096811313
   16    2    p          :            (au)                 -0.216439125272
   17    2    p          :            (au)                 -0.206178493757
   18    2    p          :            (au)                 -0.183545728453
---------------------------------------------------------------------------
 Sum occupied            :            (au)               -190.853244956032
===========================================================================


~~~~~~~~~~~~~~~~~~~~~~~~~~~~~~~~~~~~~~~~~~~~~~~~~~~~~~~~~~~~~~~~~~~~~~~~~~~
 Calculation             : Optimize ground state orbitals
 Method                  : DFT (PBE0)
 Checkpointing           : Off
 Max iterations          : 200
 KAIN solver             : 10
 Localization            : Off
 Diagonalization         : First two iterations
 Start precision         : 1.00000e-06
 Final precision         : 1.00000e-06
 Helmholtz precision     : Dynamic
 Energy threshold        : 1.00000e-06
 Orbital threshold       : 1.00000e-05
~~~~~~~~~~~~~~~~~~~~~~~~~~~~~~~~~~~~~~~~~~~~~~~~~~~~~~~~~~~~~~~~~~~~~~~~~~~


===========================================================================
 Iter           MO residual             Total energy                Update
---------------------------------------------------------------------------
    0          4.358899e+00        -333.451868939898         -3.334519e+02
    1          4.046724e-01        -334.687349210488         -1.235480e+00
    2          1.160511e-01        -334.763157355613         -7.580815e-02
    3          7.062192e-02        -334.766408208942         -3.250853e-03
    4          2.107239e-02        -334.786303540784         -1.989533e-02
    5          2.176052e-02        -334.792258756682         -5.955216e-03
    6          1.405903e-02        -334.793344884032         -1.086127e-03
    7          3.003405e-02        -334.794601562272         -1.256678e-03
    8          5.898281e-03        -334.794779162567         -1.776003e-04
    9          4.475914e-03        -334.794847949573         -6.878701e-05
   10          3.645378e-03        -334.794883071046         -3.512147e-05
   11          1.493232e-03        -334.794894375029         -1.130398e-05
   12          1.044817e-03        -334.794898568371         -4.193342e-06
   13          7.927331e-04        -334.794900098229         -1.529858e-06
   14          4.418111e-04        -334.794900752376         -6.541466e-07
   15          2.489081e-04        -334.794900934414         -1.820378e-07
   16          1.958838e-04        -334.794901025700         -9.128615e-08
   17          9.735537e-05        -334.794901048630         -2.293058e-08
   18          7.747932e-05        -334.794901068128         -1.949792e-08
   19          1.431750e-04        -334.794901082704         -1.457590e-08
   20          4.688137e-05        -334.794901088518         -5.813490e-09
   21          1.871555e-05        -334.794901090666         -2.148568e-09
---------------------------------------------------------------------------
                      SCF converged in 21 iterations!
===========================================================================


                                                                           
***************************************************************************
***                                                                     ***
***                    Printing Molecular Properties                    ***
***                                                                     ***
***************************************************************************
                                                                           
                                                                           
===========================================================================
                                 Molecule
---------------------------------------------------------------------------
 Charge                  :                                               0
 Multiplicity            :                                               1
---------------------------------------------------------------------------
    N    Atom            :               x               y               z
---------------------------------------------------------------------------
    0       N            :        0.000000       -1.327913       -2.070653
    1       N            :        0.000000        0.000187        1.191959
    2       O            :        0.000000        0.380777       -3.388926
    3       O            :        0.000000        2.271448        1.214447
    4       O            :        0.000000       -1.489862        2.943735
---------------------------------------------------------------------------
 Center of mass          :        0.000000       -0.000000        0.000000
===========================================================================


===========================================================================
                         Molecular Energy (final)
---------------------------------------------------------------------------
 Kinetic energy          :            (au)                333.469484169734
 E-N energy              :            (au)              -1111.883567815867
 Coulomb energy          :            (au)                320.836906547385
 Exchange energy         :            (au)                 -9.370106447574
 X-C energy              :            (au)                -29.560206632329
 Ext. field (el)         :            (au)                  0.000000000000
---------------------------------------------------------------------------
 N-N energy              :            (au)                161.712589087984
 Ext. field (nuc)        :            (au)                  0.000000000000
---------------------------------------------------------------------------
 Electronic energy       :            (au)               -496.507490178650
 Nuclear energy          :            (au)                161.712589087984
---------------------------------------------------------------------------
 Total energy            :            (au)             -3.347949010907e+02
                         :      (kcal/mol)             -2.100869706073e+05
                         :        (kJ/mol)             -8.790038855915e+05
                         :            (eV)             -9.110232966355e+03
===========================================================================


===========================================================================
                         Orbital Energies (final)
---------------------------------------------------------------------------
    n  Occ Spin          :                                         Epsilon
---------------------------------------------------------------------------
    0    2    p          :            (au)                -19.394904629730
    1    2    p          :            (au)                -19.282787299271
    2    2    p          :            (au)                -19.275302003133
    3    2    p          :            (au)                -14.620687816049
    4    2    p          :            (au)                -14.608994865698
    5    2    p          :            (au)                 -1.340512132527
    6    2    p          :            (au)                 -1.279812616216
    7    2    p          :            (au)                 -1.121062778729
    8    2    p          :            (au)                 -0.776458794176
    9    2    p          :            (au)                 -0.681599965078
   10    2    p          :            (au)                 -0.618018787859
   11    2    p          :            (au)                 -0.591373530829
   12    2    p          :            (au)                 -0.569618505680
   13    2    p          :            (au)                 -0.554579894340
   14    2    p          :            (au)                 -0.551349673719
   15    2    p          :            (au)                 -0.482616628810
   16    2    p          :            (au)                 -0.362164084570
   17    2    p          :            (au)                 -0.351189993970
   18    2    p          :            (au)                 -0.288344601652
---------------------------------------------------------------------------
 Sum occupied            :            (au)               -193.502757204071
===========================================================================


===========================================================================
                           Dipole Moment (dip-1)
---------------------------------------------------------------------------
 r_O                     :        0.000000        0.000000        0.000000
---------------------------------------------------------------------------
 Electronic vector       :        0.000000       -0.208383       -0.965869
 Magnitude               :            (au)                        0.988092
                         :         (Debye)                        2.511479
---------------------------------------------------------------------------
 Nuclear vector          :        0.000000        0.004823        0.003192
 Magnitude               :            (au)                        0.005784
                         :         (Debye)                        0.014701
---------------------------------------------------------------------------
 Total vector            :        0.000000       -0.203560       -0.962677
 Magnitude               :            (au)                        0.983963
                         :         (Debye)                        2.500984
===========================================================================


                                                                           
                                                                           
***************************************************************************
***                                                                     ***
***                            Exiting MRChem                           ***
***                                                                     ***
***                       Wall time :  0h 48m 50s                       ***
***                                                                     ***
***************************************************************************
                                                                           
                                                                           
[1625700799.858989] [c11-21:85709:0]          mpool.c:43   UCX  WARN  object 0x174cc40 was not returned to mpool ucp_requests
[1625700799.859006] [c11-21:85709:0]          mpool.c:43   UCX  WARN  object 0x174cd40 was not returned to mpool ucp_requests
[1625700799.859007] [c11-21:85709:0]          mpool.c:43   UCX  WARN  object 0x174cf40 was not returned to mpool ucp_requests
[1625700799.881860] [c11-20:35936:0]          mpool.c:43   UCX  WARN  object 0xf5fe40 was not returned to mpool ucp_requests
[1625700799.881880] [c11-20:35936:0]          mpool.c:43   UCX  WARN  object 0xf5ff40 was not returned to mpool ucp_requests
[1625700799.881881] [c11-20:35936:0]          mpool.c:43   UCX  WARN  object 0xf60040 was not returned to mpool ucp_requests
[1625700799.888641] [c11-18:6844 :0]          mpool.c:43   UCX  WARN  object 0xa07440 was not returned to mpool ucp_requests
[1625700799.888656] [c11-18:6844 :0]          mpool.c:43   UCX  WARN  object 0xa07540 was not returned to mpool ucp_requests
[1625700799.888658] [c11-18:6844 :0]          mpool.c:43   UCX  WARN  object 0xa07f40 was not returned to mpool ucp_requests
[1625700799.892573] [c11-24:87548:0]          mpool.c:43   UCX  WARN  object 0x1cbac80 was not returned to mpool ucp_requests
[1625700799.892593] [c11-24:87548:0]          mpool.c:43   UCX  WARN  object 0x1cbad80 was not returned to mpool ucp_requests
[1625700799.892595] [c11-24:87548:0]          mpool.c:43   UCX  WARN  object 0x1cbaf80 was not returned to mpool ucp_requests
[1625700799.884828] [c11-23:86396:0]          mpool.c:43   UCX  WARN  object 0x23a58c0 was not returned to mpool ucp_requests
[1625700799.884846] [c11-23:86396:0]          mpool.c:43   UCX  WARN  object 0x23a5ec0 was not returned to mpool ucp_requests
[1625700799.884847] [c11-23:86396:0]          mpool.c:43   UCX  WARN  object 0x23a69c0 was not returned to mpool ucp_requests
[1625700799.911531] [c11-22:94014:0]          mpool.c:43   UCX  WARN  object 0x116f900 was not returned to mpool ucp_requests
[1625700799.911549] [c11-22:94014:0]          mpool.c:43   UCX  WARN  object 0x116fd00 was not returned to mpool ucp_requests
[1625700799.911551] [c11-22:94014:0]          mpool.c:43   UCX  WARN  object 0x116ff00 was not returned to mpool ucp_requests
[1625700799.903167] [c11-20:35937:0]          mpool.c:43   UCX  WARN  object 0xcea940 was not returned to mpool ucp_requests
[1625700799.903184] [c11-20:35937:0]          mpool.c:43   UCX  WARN  object 0xceaf40 was not returned to mpool ucp_requests
[1625700799.903186] [c11-20:35937:0]          mpool.c:43   UCX  WARN  object 0xceb040 was not returned to mpool ucp_requests
[1625700799.919254] [c11-18:6843 :0]          mpool.c:43   UCX  WARN  object 0x2175e40 was not returned to mpool ucp_requests
[1625700799.919272] [c11-18:6843 :0]          mpool.c:43   UCX  WARN  object 0x2175f40 was not returned to mpool ucp_requests
[1625700799.919274] [c11-18:6843 :0]          mpool.c:43   UCX  WARN  object 0x2176040 was not returned to mpool ucp_requests
[1625700799.882511] [c11-22:94012:0]          mpool.c:43   UCX  WARN  object 0x1ea0c00 was not returned to mpool ucp_requests
[1625700799.882534] [c11-22:94012:0]          mpool.c:43   UCX  WARN  object 0x1ea0e00 was not returned to mpool ucp_requests
[1625700799.882536] [c11-22:94012:0]          mpool.c:43   UCX  WARN  object 0x1ea0f00 was not returned to mpool ucp_requests
[1625700799.914118] [c11-24:87547:0]          mpool.c:43   UCX  WARN  object 0xa72c80 was not returned to mpool ucp_requests
[1625700799.914137] [c11-24:87547:0]          mpool.c:43   UCX  WARN  object 0xa72d80 was not returned to mpool ucp_requests
[1625700799.914139] [c11-24:87547:0]          mpool.c:43   UCX  WARN  object 0xa72f80 was not returned to mpool ucp_requests
[1625700799.910524] [c5-36:27204:0]          mpool.c:43   UCX  WARN  object 0x1648c40 was not returned to mpool ucp_requests
[1625700799.910530] [c5-36:27204:0]          mpool.c:43   UCX  WARN  object 0x1648d40 was not returned to mpool ucp_requests
[1625700799.910532] [c5-36:27204:0]          mpool.c:43   UCX  WARN  object 0x1649940 was not returned to mpool ucp_requests
[1625700799.910534] [c5-36:27204:0]          mpool.c:43   UCX  WARN  object 0x1649d40 was not returned to mpool ucp_requests
[1625700799.910535] [c5-36:27204:0]          mpool.c:43   UCX  WARN  object 0x1649e40 was not returned to mpool ucp_requests
[1625700799.910536] [c5-36:27204:0]          mpool.c:43   UCX  WARN  object 0x1649f40 was not returned to mpool ucp_requests
[1625700799.955664] [c5-58:63089:0]          mpool.c:43   UCX  WARN  object 0x1aefd40 was not returned to mpool ucp_requests
[1625700799.955685] [c5-58:63089:0]          mpool.c:43   UCX  WARN  object 0x1aeff40 was not returned to mpool ucp_requests
[1625700799.955688] [c5-58:63089:0]          mpool.c:43   UCX  WARN  object 0x1af0a40 was not returned to mpool ucp_requests
[1625700799.955689] [c5-58:63089:0]          mpool.c:43   UCX  WARN  object 0x1af0e40 was not returned to mpool ucp_requests
[1625700799.955690] [c5-58:63089:0]          mpool.c:43   UCX  WARN  object 0x1af0f40 was not returned to mpool ucp_requests
[1625700799.955691] [c5-58:63089:0]          mpool.c:43   UCX  WARN  object 0x1af1040 was not returned to mpool ucp_requests
[1625700800.036757] [c11-23:86395:0]          mpool.c:43   UCX  WARN  object 0x104cc00 was not returned to mpool ucp_requests
[1625700800.036778] [c11-23:86395:0]          mpool.c:43   UCX  WARN  object 0x104ce00 was not returned to mpool ucp_requests
[1625700800.036780] [c11-23:86395:0]          mpool.c:43   UCX  WARN  object 0x104cf00 was not returned to mpool ucp_requests
[1625700800.054329] [c11-21:85710:0]          mpool.c:43   UCX  WARN  object 0x270fd40 was not returned to mpool ucp_requests
[1625700800.054352] [c11-21:85710:0]          mpool.c:43   UCX  WARN  object 0x270ff40 was not returned to mpool ucp_requests
[1625700800.054353] [c11-21:85710:0]          mpool.c:43   UCX  WARN  object 0x2710a40 was not returned to mpool ucp_requests
