Starting job 3267499 on c11-[40,46-47] at Wed Aug 11 11:58:05 CEST 2021

Copying 25_pbe_.out to /cluster/home/ambr/projects/psp/row12/calcs/singlets
Copying 25_pbe_.json to /cluster/home/ambr/projects/psp/row12/calcs/singlets

Task and CPU usage stats:
       JobID    JobName  AllocCPUS   NTasks     MinCPU MinCPUTask     AveCPU    Elapsed ExitCode 
------------ ---------- ---------- -------- ---------- ---------- ---------- ---------- -------- 
3267499         25_pbe_        120                                             01:01:00      1:0 
3267499.bat+      batch         42        1   00:00:00          0   00:00:00   01:01:00      1:0 
3267499.ext+     extern        120        3   00:00:00          1   00:00:00   01:01:00      0:0 
3267499.0      mrchem.x        120       20   01:00:58         19   03:25:43   01:00:59      0:0 

Memory usage stats:
       JobID     MaxRSS MaxRSSTask     AveRSS MaxPages   MaxPagesTask   AvePages 
------------ ---------- ---------- ---------- -------- -------------- ---------- 
3267499                                                                          
3267499.bat+     14236K          0     14236K        0              0          0 
3267499.ext+          0          1          0        0              1          0 
3267499.0      7884112K         18 6861853081        0             19          0 

Disk usage stats:
       JobID  MaxDiskRead MaxDiskReadTask    AveDiskRead MaxDiskWrite MaxDiskWriteTask   AveDiskWrite 
------------ ------------ --------------- -------------- ------------ ---------------- -------------- 
3267499                                                                                               
3267499.bat+        3.73M               0          3.73M        0.02M                0          0.02M 
3267499.ext+        0.00M               1          0.00M            0                1              0 
3267499.0           2.67M               3          2.66M        2.12M                0          2.07M 

Job 3267499 completed at Wed Aug 11 12:59:06 CEST 2021
