                                                                           
                                                                           
***************************************************************************
***                                                                     ***
***                                                                     ***
***          __  __ ____   ____ _                                       ***
***         |  \/  |  _ \ / ___| |__   ___ _ __ ___                     ***
***         | |\/| | |_) | |   | '_ \ / _ \ '_ ` _ \                    ***
***         | |  | |  _ <| |___| | | |  __/ | | | | |                   ***
***         |_|  |_|_| \_\\____|_| |_|\___|_| |_| |_|                   ***
***                                                                     ***
***         VERSION            1.0.1                                    ***
***                                                                     ***
***         Git branch         HEAD                                     ***
***         Git commit hash    9309e3e1e52e5319b766-dirty               ***
***         Git commit author  Stig Rune Jensen                         ***
***         Git commit date    Fri Dec 4 16:08:55 2020 +0100            ***
***                                                                     ***
***         Contact: luca.frediani@uit.no                               ***
***                                                                     ***
***         Radovan Bast            Magnar Bjorgve                      ***
***         Roberto Di Remigio      Antoine Durdek                      ***
***         Luca Frediani           Gabriel Gerez                       ***
***         Stig Rune Jensen        Jonas Juselius                      ***
***         Rune Monstad            Peter Wind                          ***
***                                                                     ***
***************************************************************************

---------------------------------------------------------------------------

 MPI processes           :        (1 bank)                              20
 OpenMP threads          :                                              10
 Total cores             :                                             200
                                                                           
---------------------------------------------------------------------------

XCFun DFT library Copyright 2009-2020 Ulf Ekstrom and contributors.
See http://dftlibs.org/xcfun/ for more information.

This is free software; see the source code for copying conditions.
There is ABSOLUTELY NO WARRANTY; not even for MERCHANTABILITY or
FITNESS FOR A PARTICULAR PURPOSE. For details see the documentation.
Scientific users of this library should cite
U. Ekstrom, L. Visscher, R. Bast, A. J. Thorvaldsen and K. Ruud;
J.Chem.Theor.Comp. 2010, DOI: 10.1021/ct100117s

---------------------------------------------------------------------------

 MRCPP version         : 1.3.6
 Git branch            : HEAD
 Git commit hash       : 9309e3e1e52e5319b766-dirty
 Git commit author     : Stig Rune Jensen
 Git commit date       : Fri Dec 4 16:08:55 2020 +0100

 Linear algebra        : EIGEN v3.3.7
 Parallelization       : MPI/OpenMP (10 threads)

---------------------------------------------------------------------------


                                                                           
===========================================================================
                         MultiResolution Analysis
---------------------------------------------------------------------------
 polynomial order      : 9
 polynomial type       : Interpolating
---------------------------------------------------------------------------
 total boxes           : 8
 boxes                 : [          2           2           2 ]
 unit lengths          : [   16.00000    16.00000    16.00000 ]
 scaling factor        : [    1.00000     1.00000     1.00000 ]
 lower bounds          : [  -16.00000   -16.00000   -16.00000 ]
 upper bounds          : [   16.00000    16.00000    16.00000 ]
 total length          : [   32.00000    32.00000    32.00000 ]
===========================================================================


                                                                           
***************************************************************************
***                                                                     ***
***                        Initializing Molecule                        ***
***                                                                     ***
***************************************************************************
                                                                           
                                                                           
===========================================================================
                                 Molecule
---------------------------------------------------------------------------
 Charge                  :                                               0
 Multiplicity            :                                               1
---------------------------------------------------------------------------
    N    Atom            :               x               y               z
---------------------------------------------------------------------------
    0       N            :        0.404610       -0.000041        0.000000
    1       O            :        2.592912       -0.000041        0.000000
    2       F            :       -0.827303        2.407281        0.000000
    3       F            :       -0.827303       -1.203608        2.084746
    4       F            :       -0.827303       -1.203608       -2.084746
---------------------------------------------------------------------------
 Center of mass          :        0.000000       -0.000000        0.000000
===========================================================================


                                                                           
***************************************************************************
***                                                                     ***
***                 Computing Ground State Wavefunction                 ***
***                                                                     ***
***************************************************************************
                                                                           
                                                                           
~~~~~~~~~~~~~~~~~~~~~~~~~~~~~~~~~~~~~~~~~~~~~~~~~~~~~~~~~~~~~~~~~~~~~~~~~~~
 Calculation             : Compute initial orbitals
 Method                  : Diagonalize SAD Hamiltonian
 Precision               : 1.00000e-03
 Restricted              : True
 Functional              : LDA (SVWN5)
 AO basis                : Hydrogenic orbitals
 Zeta quality            : 2
~~~~~~~~~~~~~~~~~~~~~~~~~~~~~~~~~~~~~~~~~~~~~~~~~~~~~~~~~~~~~~~~~~~~~~~~~~~


===========================================================================
                            Molecular Orbitals
---------------------------------------------------------------------------
 Alpha electrons         :                                              21
 Beta electrons          :                                              21
 Total electrons         :                                              42
---------------------------------------------------------------------------
    n  Occ Spin          :                                            Norm
---------------------------------------------------------------------------
    0    2    p          :                              1.000002301901e+00
    1    2    p          :                              9.999992318560e-01
    2    2    p          :                              1.000019013298e+00
    3    2    p          :                              1.000000287225e+00
    4    2    p          :                              9.999997908202e-01
    5    2    p          :                              9.999983350494e-01
    6    2    p          :                              9.999855501739e-01
    7    2    p          :                              9.999976178372e-01
    8    2    p          :                              9.999986338619e-01
    9    2    p          :                              1.000373232914e+00
   10    2    p          :                              9.999999067876e-01
   11    2    p          :                              1.000000185618e+00
   12    2    p          :                              9.999991339932e-01
   13    2    p          :                              1.000003400980e+00
   14    2    p          :                              1.000001861798e+00
   15    2    p          :                              9.999976500325e-01
   16    2    p          :                              1.000002806383e+00
   17    2    p          :                              9.999958119899e-01
   18    2    p          :                              1.000001511399e+00
   19    2    p          :                              1.000021779204e+00
   20    2    p          :                              9.999997821369e-01
===========================================================================


~~~~~~~~~~~~~~~~~~~~~~~~~~~~~~~~~~~~~~~~~~~~~~~~~~~~~~~~~~~~~~~~~~~~~~~~~~~
 Calculation             : Compute initial energy
 Method                  : DFT (B3LYP-G)
 Precision               : 1.00000e-03
 Localization            : Off
~~~~~~~~~~~~~~~~~~~~~~~~~~~~~~~~~~~~~~~~~~~~~~~~~~~~~~~~~~~~~~~~~~~~~~~~~~~


===========================================================================
                        Molecular Energy (initial)
---------------------------------------------------------------------------
 Kinetic energy          :            (au)                449.440951623180
 E-N energy              :            (au)              -1452.159481200735
 Coulomb energy          :            (au)                417.393930409165
 Exchange energy         :            (au)                 -9.132859166875
 X-C energy              :            (au)                -38.716723010007
 Ext. field (el)         :            (au)                  0.000000000000
---------------------------------------------------------------------------
 N-N energy              :            (au)                205.407861683167
 Ext. field (nuc)        :            (au)                  0.000000000000
---------------------------------------------------------------------------
 Electronic energy       :            (au)               -633.174181345272
 Nuclear energy          :            (au)                205.407861683167
---------------------------------------------------------------------------
 Total energy            :            (au)             -4.277663196621e+02
                         :      (kcal/mol)             -2.684274161073e+05
                         :        (kJ/mol)             -1.123100309722e+06
                         :            (eV)             -1.164011403575e+04
===========================================================================


===========================================================================
                        Orbital Energies (initial)
---------------------------------------------------------------------------
    n  Occ Spin          :                                         Epsilon
---------------------------------------------------------------------------
    0    2    p          :            (au)                -24.376098851187
    1    2    p          :            (au)                -24.367989567317
    2    2    p          :            (au)                -24.348811463171
    3    2    p          :            (au)                -18.725723707020
    4    2    p          :            (au)                -15.410399745242
    5    2    p          :            (au)                 -1.515711511944
    6    2    p          :            (au)                 -1.257926380802
    7    2    p          :            (au)                 -1.232185196396
    8    2    p          :            (au)                 -1.221096306666
    9    2    p          :            (au)                 -0.769997815882
   10    2    p          :            (au)                 -0.689989711756
   11    2    p          :            (au)                 -0.678357990044
   12    2    p          :            (au)                 -0.470807120667
   13    2    p          :            (au)                 -0.413628796128
   14    2    p          :            (au)                 -0.410016586906
   15    2    p          :            (au)                 -0.382579349299
   16    2    p          :            (au)                 -0.377424173770
   17    2    p          :            (au)                 -0.369847885358
   18    2    p          :            (au)                 -0.361931777373
   19    2    p          :            (au)                 -0.276557272252
   20    2    p          :            (au)                 -0.275280227040
---------------------------------------------------------------------------
 Sum occupied            :            (au)               -235.864722872441
===========================================================================


~~~~~~~~~~~~~~~~~~~~~~~~~~~~~~~~~~~~~~~~~~~~~~~~~~~~~~~~~~~~~~~~~~~~~~~~~~~
 Calculation             : Optimize ground state orbitals
 Method                  : DFT (B3LYP-G)
 Checkpointing           : Off
 Max iterations          : 200
 KAIN solver             : 10
 Localization            : Off
 Diagonalization         : First two iterations
 Start precision         : 1.00000e-06
 Final precision         : 1.00000e-06
 Helmholtz precision     : Dynamic
 Energy threshold        : 1.00000e-06
 Orbital threshold       : 1.00000e-05
~~~~~~~~~~~~~~~~~~~~~~~~~~~~~~~~~~~~~~~~~~~~~~~~~~~~~~~~~~~~~~~~~~~~~~~~~~~


===========================================================================
 Iter           MO residual             Total energy                Update
---------------------------------------------------------------------------
    0          4.582576e+00        -427.766319662105         -4.277663e+02
    1          4.822414e-01        -429.324988369408         -1.558669e+00
    2          1.116168e-01        -429.436165479150         -1.111771e-01
    3          6.044176e-02        -429.444706724257         -8.541245e-03
    4          3.548237e-02        -429.465653515556         -2.094679e-02
    5          3.469513e-02        -429.476791089356         -1.113757e-02
    6          2.449653e-02        -429.480321614446         -3.530525e-03
    7          2.882911e-02        -429.482644976390         -2.323362e-03
    8          8.557117e-03        -429.483262388965         -6.174126e-04
    9          1.652157e-02        -429.483694263710         -4.318747e-04
   10          5.808815e-03        -429.483823560248         -1.292965e-04
   11          2.853174e-03        -429.483859937107         -3.637686e-05
   12          2.232118e-03        -429.483881171204         -2.123410e-05
   13          1.654572e-03        -429.483888137049         -6.965845e-06
   14          1.288569e-03        -429.483891871514         -3.734465e-06
   15          7.443024e-04        -429.483893286573         -1.415059e-06
   16          4.765794e-04        -429.483894123492         -8.369191e-07
   17          2.254954e-04        -429.483894257345         -1.338531e-07
   18          1.096809e-04        -429.483894304995         -4.765036e-08
   19          8.319788e-05        -429.483894328212         -2.321667e-08
   20          5.416170e-05        -429.483894336944         -8.731604e-09
   21          5.489925e-05        -429.483894342530         -5.586344e-09
   22          2.563211e-05        -429.483894344865         -2.335241e-09
   23          2.955719e-05        -429.483894346638         -1.772946e-09
   24          1.504943e-05        -429.483894347209         -5.711627e-10
   25          7.812081e-06        -429.483894347456         -2.468141e-10
---------------------------------------------------------------------------
                      SCF converged in 25 iterations!
===========================================================================


                                                                           
***************************************************************************
***                                                                     ***
***                    Printing Molecular Properties                    ***
***                                                                     ***
***************************************************************************
                                                                           
                                                                           
===========================================================================
                                 Molecule
---------------------------------------------------------------------------
 Charge                  :                                               0
 Multiplicity            :                                               1
---------------------------------------------------------------------------
    N    Atom            :               x               y               z
---------------------------------------------------------------------------
    0       N            :        0.404610       -0.000041        0.000000
    1       O            :        2.592912       -0.000041        0.000000
    2       F            :       -0.827303        2.407281        0.000000
    3       F            :       -0.827303       -1.203608        2.084746
    4       F            :       -0.827303       -1.203608       -2.084746
---------------------------------------------------------------------------
 Center of mass          :        0.000000       -0.000000        0.000000
===========================================================================


===========================================================================
                         Molecular Energy (final)
---------------------------------------------------------------------------
 Kinetic energy          :            (au)                428.085176345897
 E-N energy              :            (au)              -1430.802628459273
 Coulomb energy          :            (au)                414.521027912207
 Exchange energy         :            (au)                 -8.934748868599
 X-C energy              :            (au)                -37.760582960854
 Ext. field (el)         :            (au)                  0.000000000000
---------------------------------------------------------------------------
 N-N energy              :            (au)                205.407861683167
 Ext. field (nuc)        :            (au)                  0.000000000000
---------------------------------------------------------------------------
 Electronic energy       :            (au)               -634.891756030623
 Nuclear energy          :            (au)                205.407861683167
---------------------------------------------------------------------------
 Total energy            :            (au)             -4.294838943475e+02
                         :      (kcal/mol)             -2.695052104860e+05
                         :        (kJ/mol)             -1.127609801405e+06
                         :            (eV)             -1.168685162186e+04
===========================================================================


===========================================================================
                         Orbital Energies (final)
---------------------------------------------------------------------------
    n  Occ Spin          :                                         Epsilon
---------------------------------------------------------------------------
    0    2    p          :            (au)                -24.764508477518
    1    2    p          :            (au)                -24.764502939251
    2    2    p          :            (au)                -24.764483961217
    3    2    p          :            (au)                -19.249750317140
    4    2    p          :            (au)                -14.739459057898
    5    2    p          :            (au)                 -1.408041455503
    6    2    p          :            (au)                 -1.253945602868
    7    2    p          :            (au)                 -1.253926621712
    8    2    p          :            (au)                 -1.230267229984
    9    2    p          :            (au)                 -0.812528167922
   10    2    p          :            (au)                 -0.688703694857
   11    2    p          :            (au)                 -0.688696904325
   12    2    p          :            (au)                 -0.623276374157
   13    2    p          :            (au)                 -0.511078622146
   14    2    p          :            (au)                 -0.511076364450
   15    2    p          :            (au)                 -0.504076084898
   16    2    p          :            (au)                 -0.469774479094
   17    2    p          :            (au)                 -0.469765993103
   18    2    p          :            (au)                 -0.454296983995
   19    2    p          :            (au)                 -0.413505215817
   20    2    p          :            (au)                 -0.413503730165
---------------------------------------------------------------------------
 Sum occupied            :            (au)               -239.978336556041
===========================================================================


===========================================================================
                           Dipole Moment (dip-1)
---------------------------------------------------------------------------
 r_O                     :        0.000000        0.000000        0.000000
---------------------------------------------------------------------------
 Electronic vector       :       -1.228623       -0.000076        0.000004
 Magnitude               :            (au)                        1.228623
                         :         (Debye)                        3.122848
---------------------------------------------------------------------------
 Nuclear vector          :        1.238387       -0.000032        0.000000
 Magnitude               :            (au)                        1.238387
                         :         (Debye)                        3.147666
---------------------------------------------------------------------------
 Total vector            :        0.009764       -0.000108        0.000004
 Magnitude               :            (au)                        0.009765
                         :         (Debye)                        0.024819
===========================================================================


                                                                           
                                                                           
***************************************************************************
***                                                                     ***
***                            Exiting MRChem                           ***
***                                                                     ***
***                       Wall time :  1h 36m 38s                       ***
***                                                                     ***
***************************************************************************
                                                                           
                                                                           
