Starting job 3125920 on c10-[25,27,29,31,58-59] at Thu Jul 8 00:45:08 CEST 2021

Copying 26_pbe0_.out to /cluster/home/ambr/projects/psp/calcs
Copying 26_pbe0_.json to /cluster/home/ambr/projects/psp/calcs

Task and CPU usage stats:
       JobID    JobName  AllocCPUS   NTasks     MinCPU MinCPUTask     AveCPU    Elapsed ExitCode 
------------ ---------- ---------- -------- ---------- ---------- ---------- ---------- -------- 
3125920        26_pbe0_        200                                             01:15:34      1:0 
3125920.bat+      batch         30        1   00:00:01          0   00:00:01   01:15:34      1:0 
3125920.ext+     extern        200        6   00:00:00          4   00:00:00   01:15:34      0:0 
3125920.0      mrchem.x        200       20   01:15:26         19   06:25:44   01:15:26      0:0 

Memory usage stats:
       JobID     MaxRSS MaxRSSTask     AveRSS MaxPages   MaxPagesTask   AvePages 
------------ ---------- ---------- ---------- -------- -------------- ---------- 
3125920                                                                          
3125920.bat+     14668K          0     14668K        0              0          0 
3125920.ext+          0          4          0        0              4          0 
3125920.0      5932240K          0 4760918630        0             17          0 

Disk usage stats:
       JobID  MaxDiskRead MaxDiskReadTask    AveDiskRead MaxDiskWrite MaxDiskWriteTask   AveDiskWrite 
------------ ------------ --------------- -------------- ------------ ---------------- -------------- 
3125920                                                                                               
3125920.bat+        5.52M               0          5.52M        0.05M                0          0.05M 
3125920.ext+        0.00M               4          0.00M            0                4              0 
3125920.0           2.67M               8          2.66M      139.27M                1         53.62M 

Job 3125920 completed at Thu Jul 8 02:00:42 CEST 2021
