                                                                           
                                                                           
***************************************************************************
***                                                                     ***
***                                                                     ***
***          __  __ ____   ____ _                                       ***
***         |  \/  |  _ \ / ___| |__   ___ _ __ ___                     ***
***         | |\/| | |_) | |   | '_ \ / _ \ '_ ` _ \                    ***
***         | |  | |  _ <| |___| | | |  __/ | | | | |                   ***
***         |_|  |_|_| \_\\____|_| |_|\___|_| |_| |_|                   ***
***                                                                     ***
***         VERSION            1.0.1                                    ***
***                                                                     ***
***         Git branch         HEAD                                     ***
***         Git commit hash    9309e3e1e52e5319b766-dirty               ***
***         Git commit author  Stig Rune Jensen                         ***
***         Git commit date    Fri Dec 4 16:08:55 2020 +0100            ***
***                                                                     ***
***         Contact: luca.frediani@uit.no                               ***
***                                                                     ***
***         Radovan Bast            Magnar Bjorgve                      ***
***         Roberto Di Remigio      Antoine Durdek                      ***
***         Luca Frediani           Gabriel Gerez                       ***
***         Stig Rune Jensen        Jonas Juselius                      ***
***         Rune Monstad            Peter Wind                          ***
***                                                                     ***
***************************************************************************

---------------------------------------------------------------------------

 MPI processes           :        (1 bank)                              20
 OpenMP threads          :                                               6
 Total cores             :                                             120
                                                                           
---------------------------------------------------------------------------

XCFun DFT library Copyright 2009-2020 Ulf Ekstrom and contributors.
See http://dftlibs.org/xcfun/ for more information.

This is free software; see the source code for copying conditions.
There is ABSOLUTELY NO WARRANTY; not even for MERCHANTABILITY or
FITNESS FOR A PARTICULAR PURPOSE. For details see the documentation.
Scientific users of this library should cite
U. Ekstrom, L. Visscher, R. Bast, A. J. Thorvaldsen and K. Ruud;
J.Chem.Theor.Comp. 2010, DOI: 10.1021/ct100117s

---------------------------------------------------------------------------

 MRCPP version         : 1.3.6
 Git branch            : HEAD
 Git commit hash       : 9309e3e1e52e5319b766-dirty
 Git commit author     : Stig Rune Jensen
 Git commit date       : Fri Dec 4 16:08:55 2020 +0100

 Linear algebra        : EIGEN v3.3.7
 Parallelization       : MPI/OpenMP (6 threads)

---------------------------------------------------------------------------


                                                                           
===========================================================================
                         MultiResolution Analysis
---------------------------------------------------------------------------
 polynomial order      : 9
 polynomial type       : Interpolating
---------------------------------------------------------------------------
 total boxes           : 8
 boxes                 : [          2           2           2 ]
 unit lengths          : [   32.00000    32.00000    32.00000 ]
 scaling factor        : [    1.00000     1.00000     1.00000 ]
 lower bounds          : [  -32.00000   -32.00000   -32.00000 ]
 upper bounds          : [   32.00000    32.00000    32.00000 ]
 total length          : [   64.00000    64.00000    64.00000 ]
===========================================================================


                                                                           
***************************************************************************
***                                                                     ***
***                        Initializing Molecule                        ***
***                                                                     ***
***************************************************************************
                                                                           
                                                                           
===========================================================================
                                 Molecule
---------------------------------------------------------------------------
 Charge                  :                                               0
 Multiplicity            :                                               1
---------------------------------------------------------------------------
    N    Atom            :               x               y               z
---------------------------------------------------------------------------
    0       N            :        0.404610       -0.000041        0.000000
    1       O            :        2.592912       -0.000041        0.000000
    2       F            :       -0.827303        2.407281        0.000000
    3       F            :       -0.827303       -1.203608        2.084746
    4       F            :       -0.827303       -1.203608       -2.084746
---------------------------------------------------------------------------
 Center of mass          :        0.000000       -0.000000        0.000000
===========================================================================


                                                                           
***************************************************************************
***                                                                     ***
***                 Computing Ground State Wavefunction                 ***
***                                                                     ***
***************************************************************************
                                                                           
                                                                           
~~~~~~~~~~~~~~~~~~~~~~~~~~~~~~~~~~~~~~~~~~~~~~~~~~~~~~~~~~~~~~~~~~~~~~~~~~~
 Calculation             : Compute initial orbitals
 Method                  : Diagonalize SAD Hamiltonian
 Precision               : 1.00000e-04
 Restricted              : False
 Functional              : LDA (SVWN5)
 AO basis                : Hydrogenic orbitals
 Zeta quality            : 2
~~~~~~~~~~~~~~~~~~~~~~~~~~~~~~~~~~~~~~~~~~~~~~~~~~~~~~~~~~~~~~~~~~~~~~~~~~~


===========================================================================
                            Molecular Orbitals
---------------------------------------------------------------------------
 Alpha electrons         :                                              21
 Beta electrons          :                                              21
 Total electrons         :                                              42
---------------------------------------------------------------------------
    n  Occ Spin          :                                            Norm
---------------------------------------------------------------------------
    0    1    a          :                              9.999999909588e-01
    1    1    a          :                              1.000000051403e+00
    2    1    a          :                              1.000000001976e+00
    3    1    a          :                              9.999999586183e-01
    4    1    a          :                              9.999999588054e-01
    5    1    a          :                              1.000000482603e+00
    6    1    a          :                              1.000000175211e+00
    7    1    a          :                              1.000000312878e+00
    8    1    a          :                              9.999997543930e-01
    9    1    a          :                              9.999991896262e-01
   10    1    a          :                              9.999997544941e-01
   11    1    a          :                              1.000000912646e+00
   12    1    a          :                              9.999997083860e-01
   13    1    a          :                              1.000001591149e+00
   14    1    a          :                              9.999977196449e-01
   15    1    a          :                              1.000000865589e+00
   16    1    a          :                              9.999980967515e-01
   17    1    a          :                              9.999996213073e-01
   18    1    a          :                              9.999991688866e-01
   19    1    a          :                              1.000000524510e+00
   20    1    a          :                              9.999992852430e-01
   21    1    b          :                              1.000000075963e+00
   22    1    b          :                              9.999999690592e-01
   23    1    b          :                              9.999999917935e-01
   24    1    b          :                              9.999999190438e-01
   25    1    b          :                              9.999999588091e-01
   26    1    b          :                              1.000000016381e+00
   27    1    b          :                              1.000000168710e+00
   28    1    b          :                              1.000000306406e+00
   29    1    b          :                              1.000000291606e+00
   30    1    b          :                              9.999994332371e-01
   31    1    b          :                              9.999997545645e-01
   32    1    b          :                              1.000000913127e+00
   33    1    b          :                              9.999997086433e-01
   34    1    b          :                              1.000001591683e+00
   35    1    b          :                              9.999977197626e-01
   36    1    b          :                              1.000000865589e+00
   37    1    b          :                              9.999980970103e-01
   38    1    b          :                              1.000000142530e+00
   39    1    b          :                              9.999991689880e-01
   40    1    b          :                              1.000000623597e+00
   41    1    b          :                              9.999993053771e-01
===========================================================================


~~~~~~~~~~~~~~~~~~~~~~~~~~~~~~~~~~~~~~~~~~~~~~~~~~~~~~~~~~~~~~~~~~~~~~~~~~~
 Calculation             : Compute initial energy
 Method                  : DFT (PBE)
 Precision               : 1.00000e-04
 Localization            : On
~~~~~~~~~~~~~~~~~~~~~~~~~~~~~~~~~~~~~~~~~~~~~~~~~~~~~~~~~~~~~~~~~~~~~~~~~~~


===========================================================================
                        Molecular Energy (initial)
---------------------------------------------------------------------------
 Kinetic energy          :            (au)                449.392680161275
 E-N energy              :            (au)              -1452.152939536802
 Coulomb energy          :            (au)                417.385904056863
 Exchange energy         :            (au)                  0.000000000000
 X-C energy              :            (au)                -47.511344815747
 Ext. field (el)         :            (au)                  0.000000000000
---------------------------------------------------------------------------
 N-N energy              :            (au)                205.407861683167
 Ext. field (nuc)        :            (au)                  0.000000000000
---------------------------------------------------------------------------
 Electronic energy       :            (au)               -632.885700134410
 Nuclear energy          :            (au)                205.407861683167
---------------------------------------------------------------------------
 Total energy            :            (au)             -4.274778384512e+02
                         :      (kcal/mol)             -2.682463914158e+05
                         :        (kJ/mol)             -1.122342902412e+06
                         :            (eV)             -1.163226406244e+04
===========================================================================


===========================================================================
                        Orbital Energies (initial)
---------------------------------------------------------------------------
    n  Occ Spin          :                                         Epsilon
---------------------------------------------------------------------------
    0    1    a          :            (au)                -23.935265047282
    1    1    a          :            (au)                -23.923395260010
    2    1    a          :            (au)                -23.900796162422
    3    1    a          :            (au)                -18.336588482991
    4    1    a          :            (au)                -15.064211629457
    5    1    a          :            (au)                 -1.426079934971
    6    1    a          :            (au)                 -1.167970472057
    7    1    a          :            (au)                 -1.130895390208
    8    1    a          :            (au)                 -1.120136047553
    9    1    a          :            (au)                 -0.689826168662
   10    1    a          :            (au)                 -0.617253077959
   11    1    a          :            (au)                 -0.604331912553
   12    1    a          :            (au)                 -0.391532672288
   13    1    a          :            (au)                 -0.331927706008
   14    1    a          :            (au)                 -0.327954180602
   15    1    a          :            (au)                 -0.307110661459
   16    1    a          :            (au)                 -0.300002100272
   17    1    a          :            (au)                 -0.290796682597
   18    1    a          :            (au)                 -0.278909882096
   19    1    a          :            (au)                 -0.213825761119
   20    1    a          :            (au)                 -0.211916262853
   21    1    b          :            (au)                -23.935275832798
   22    1    b          :            (au)                -23.923513938371
   23    1    b          :            (au)                -23.900773309932
   24    1    b          :            (au)                -18.336578347611
   25    1    b          :            (au)                -15.064216222735
   26    1    b          :            (au)                 -1.426083115972
   27    1    b          :            (au)                 -1.167983121128
   28    1    b          :            (au)                 -1.130894334341
   29    1    b          :            (au)                 -1.120136436462
   30    1    b          :            (au)                 -0.689821037010
   31    1    b          :            (au)                 -0.617251451130
   32    1    b          :            (au)                 -0.604331394645
   33    1    b          :            (au)                 -0.391532070069
   34    1    b          :            (au)                 -0.331928364355
   35    1    b          :            (au)                 -0.327955462821
   36    1    b          :            (au)                 -0.307110515644
   37    1    b          :            (au)                 -0.300000037088
   38    1    b          :            (au)                 -0.290793891738
   39    1    b          :            (au)                 -0.278912081733
   40    1    b          :            (au)                 -0.213826622879
   41    1    b          :            (au)                 -0.211917286173
---------------------------------------------------------------------------
 Sum occupied            :            (au)               -229.141560370056
===========================================================================


~~~~~~~~~~~~~~~~~~~~~~~~~~~~~~~~~~~~~~~~~~~~~~~~~~~~~~~~~~~~~~~~~~~~~~~~~~~
 Calculation             : Optimize ground state orbitals
 Method                  : DFT (PBE)
 Checkpointing           : Off
 Max iterations          : 200
 KAIN solver             : 10
 Localization            : First two iterations
 Diagonalization         : Off
 Start precision         : 1.00000e-06
 Final precision         : 1.00000e-06
 Helmholtz precision     : Dynamic
 Energy threshold        : 1.00000e-06
 Orbital threshold       : 5.00000e-05
~~~~~~~~~~~~~~~~~~~~~~~~~~~~~~~~~~~~~~~~~~~~~~~~~~~~~~~~~~~~~~~~~~~~~~~~~~~


===========================================================================
 Iter           MO residual             Total energy                Update
---------------------------------------------------------------------------
    0          6.480741e+00        -427.477838451244         -4.274778e+02
    1          6.095071e-01        -428.913707471713         -1.435869e+00
    2          2.371256e-01        -429.053463404752         -1.397559e-01
    3          1.534628e-01        -429.082506580960         -2.904318e-02
    4          7.687067e-02        -429.097502535436         -1.499595e-02
    5          5.018057e-02        -429.106954924193         -9.452389e-03
    6          2.726784e-02        -429.110002526376         -3.047602e-03
    7          3.968940e-02        -429.112739734289         -2.737208e-03
    8          1.921887e-02        -429.113310531665         -5.707974e-04
    9          1.181334e-02        -429.113695257283         -3.847256e-04
   10          8.135672e-03        -429.113880749833         -1.854925e-04
   11          1.006364e-02        -429.114005832764         -1.250829e-04
   12          5.600825e-03        -429.114044948820         -3.911606e-05
   13          2.649499e-03        -429.114063394644         -1.844582e-05
   14          2.129122e-03        -429.114075407458         -1.201281e-05
   15          2.239282e-03        -429.114084415749         -9.008291e-06
   16          1.509503e-03        -429.114088338220         -3.922471e-06
   17          1.396397e-03        -429.114090743129         -2.404909e-06
   18          7.872274e-04        -429.114091826072         -1.082943e-06
   19          5.641252e-04        -429.114092331020         -5.049474e-07
   20          3.558394e-04        -429.114092596088         -2.650686e-07
   21          2.265651e-04        -429.114092698665         -1.025771e-07
   22          1.827868e-04        -429.114092771985         -7.331948e-08
   23          1.206350e-04        -429.114092808901         -3.691594e-08
---------------------------------------------------------------------------
                      SCF converged in 23 iterations!
===========================================================================


                                                                           
***************************************************************************
***                                                                     ***
***                    Printing Molecular Properties                    ***
***                                                                     ***
***************************************************************************
                                                                           
                                                                           
===========================================================================
                                 Molecule
---------------------------------------------------------------------------
 Charge                  :                                               0
 Multiplicity            :                                               1
---------------------------------------------------------------------------
    N    Atom            :               x               y               z
---------------------------------------------------------------------------
    0       N            :        0.404610       -0.000041        0.000000
    1       O            :        2.592912       -0.000041        0.000000
    2       F            :       -0.827303        2.407281        0.000000
    3       F            :       -0.827303       -1.203608        2.084746
    4       F            :       -0.827303       -1.203608       -2.084746
---------------------------------------------------------------------------
 Center of mass          :        0.000000       -0.000000        0.000000
===========================================================================


===========================================================================
                         Molecular Energy (final)
---------------------------------------------------------------------------
 Kinetic energy          :            (au)                428.025412022414
 E-N energy              :            (au)              -1430.689639624419
 Coulomb energy          :            (au)                414.438851943019
 Exchange energy         :            (au)                  0.000000000000
 X-C energy              :            (au)                -46.296578833081
 Ext. field (el)         :            (au)                  0.000000000000
---------------------------------------------------------------------------
 N-N energy              :            (au)                205.407861683167
 Ext. field (nuc)        :            (au)                  0.000000000000
---------------------------------------------------------------------------
 Electronic energy       :            (au)               -634.521954492067
 Nuclear energy          :            (au)                205.407861683167
---------------------------------------------------------------------------
 Total energy            :            (au)             -4.291140928089e+02
                         :      (kcal/mol)             -2.692731565189e+05
                         :        (kJ/mol)             -1.126638887606e+06
                         :            (eV)             -1.167678880980e+04
===========================================================================


===========================================================================
                         Orbital Energies (final)
---------------------------------------------------------------------------
    n  Occ Spin          :                                         Epsilon
---------------------------------------------------------------------------
    0    1    a          :            (au)                -24.328454582829
    1    1    a          :            (au)                -24.328450544641
    2    1    a          :            (au)                -24.328428386937
    3    1    a          :            (au)                -18.867215408217
    4    1    a          :            (au)                -14.378383017902
    5    1    a          :            (au)                 -1.297975490761
    6    1    a          :            (au)                 -1.143341463575
    7    1    a          :            (au)                 -1.143329569560
    8    1    a          :            (au)                 -1.128952385065
    9    1    a          :            (au)                 -0.734733745276
   10    1    a          :            (au)                 -0.622016835497
   11    1    a          :            (au)                 -0.622011615870
   12    1    a          :            (au)                 -0.556357119347
   13    1    a          :            (au)                 -0.435107791033
   14    1    a          :            (au)                 -0.435104653196
   15    1    a          :            (au)                 -0.430011674616
   16    1    a          :            (au)                 -0.403838199256
   17    1    a          :            (au)                 -0.403833029416
   18    1    a          :            (au)                 -0.378970304815
   19    1    a          :            (au)                 -0.356506953181
   20    1    a          :            (au)                 -0.356500674684
   21    1    b          :            (au)                -24.328454582122
   22    1    b          :            (au)                -24.328450546210
   23    1    b          :            (au)                -24.328428393896
   24    1    b          :            (au)                -18.867215403898
   25    1    b          :            (au)                -14.378383019816
   26    1    b          :            (au)                 -1.297975491845
   27    1    b          :            (au)                 -1.143341465172
   28    1    b          :            (au)                 -1.143329574048
   29    1    b          :            (au)                 -1.128952384097
   30    1    b          :            (au)                 -0.734733744956
   31    1    b          :            (au)                 -0.622016836859
   32    1    b          :            (au)                 -0.622011619122
   33    1    b          :            (au)                 -0.556357112195
   34    1    b          :            (au)                 -0.435107792278
   35    1    b          :            (au)                 -0.435104655935
   36    1    b          :            (au)                 -0.430011676795
   37    1    b          :            (au)                 -0.403838196641
   38    1    b          :            (au)                 -0.403833030404
   39    1    b          :            (au)                 -0.378970307317
   40    1    b          :            (au)                 -0.356506951611
   41    1    b          :            (au)                 -0.356500672487
---------------------------------------------------------------------------
 Sum occupied            :            (au)               -233.359046903377
===========================================================================


===========================================================================
                           Dipole Moment (dip-1)
---------------------------------------------------------------------------
 r_O                     :        0.000000        0.000000        0.000000
---------------------------------------------------------------------------
 Electronic vector       :       -1.187658        0.000050       -0.000098
 Magnitude               :            (au)                        1.187658
                         :         (Debye)                        3.018725
---------------------------------------------------------------------------
 Nuclear vector          :        1.238387       -0.000032        0.000000
 Magnitude               :            (au)                        1.238387
                         :         (Debye)                        3.147666
---------------------------------------------------------------------------
 Total vector            :        0.050729        0.000017       -0.000098
 Magnitude               :            (au)                        0.050729
                         :         (Debye)                        0.128941
===========================================================================


                                                                           
                                                                           
***************************************************************************
***                                                                     ***
***                            Exiting MRChem                           ***
***                                                                     ***
***                       Wall time :  0h 51m 10s                       ***
***                                                                     ***
***************************************************************************
                                                                           
                                                                           
