                                                                           
                                                                           
***************************************************************************
***                                                                     ***
***                                                                     ***
***          __  __ ____   ____ _                                       ***
***         |  \/  |  _ \ / ___| |__   ___ _ __ ___                     ***
***         | |\/| | |_) | |   | '_ \ / _ \ '_ ` _ \                    ***
***         | |  | |  _ <| |___| | | |  __/ | | | | |                   ***
***         |_|  |_|_| \_\\____|_| |_|\___|_| |_| |_|                   ***
***                                                                     ***
***         VERSION            1.0.1                                    ***
***                                                                     ***
***         Git branch         HEAD                                     ***
***         Git commit hash    9309e3e1e52e5319b766-dirty               ***
***         Git commit author  Stig Rune Jensen                         ***
***         Git commit date    Fri Dec 4 16:08:55 2020 +0100            ***
***                                                                     ***
***         Contact: luca.frediani@uit.no                               ***
***                                                                     ***
***         Radovan Bast            Magnar Bjorgve                      ***
***         Roberto Di Remigio      Antoine Durdek                      ***
***         Luca Frediani           Gabriel Gerez                       ***
***         Stig Rune Jensen        Jonas Juselius                      ***
***         Rune Monstad            Peter Wind                          ***
***                                                                     ***
***************************************************************************

---------------------------------------------------------------------------

 MPI processes           :        (1 bank)                              20
 OpenMP threads          :                                               6
 Total cores             :                                             120
                                                                           
---------------------------------------------------------------------------

XCFun DFT library Copyright 2009-2020 Ulf Ekstrom and contributors.
See http://dftlibs.org/xcfun/ for more information.

This is free software; see the source code for copying conditions.
There is ABSOLUTELY NO WARRANTY; not even for MERCHANTABILITY or
FITNESS FOR A PARTICULAR PURPOSE. For details see the documentation.
Scientific users of this library should cite
U. Ekstrom, L. Visscher, R. Bast, A. J. Thorvaldsen and K. Ruud;
J.Chem.Theor.Comp. 2010, DOI: 10.1021/ct100117s

---------------------------------------------------------------------------

 MRCPP version         : 1.3.6
 Git branch            : HEAD
 Git commit hash       : 9309e3e1e52e5319b766-dirty
 Git commit author     : Stig Rune Jensen
 Git commit date       : Fri Dec 4 16:08:55 2020 +0100

 Linear algebra        : EIGEN v3.3.7
 Parallelization       : MPI/OpenMP (6 threads)

---------------------------------------------------------------------------


                                                                           
===========================================================================
                         MultiResolution Analysis
---------------------------------------------------------------------------
 polynomial order      : 9
 polynomial type       : Interpolating
---------------------------------------------------------------------------
 total boxes           : 8
 boxes                 : [          2           2           2 ]
 unit lengths          : [   32.00000    32.00000    32.00000 ]
 scaling factor        : [    1.00000     1.00000     1.00000 ]
 lower bounds          : [  -32.00000   -32.00000   -32.00000 ]
 upper bounds          : [   32.00000    32.00000    32.00000 ]
 total length          : [   64.00000    64.00000    64.00000 ]
===========================================================================


                                                                           
***************************************************************************
***                                                                     ***
***                        Initializing Molecule                        ***
***                                                                     ***
***************************************************************************
                                                                           
                                                                           
===========================================================================
                                 Molecule
---------------------------------------------------------------------------
 Charge                  :                                               0
 Multiplicity            :                                               3
---------------------------------------------------------------------------
    N    Atom            :               x               y               z
---------------------------------------------------------------------------
    0       C            :        0.000000        0.000000       -1.173992
    1       C            :        0.000000        0.000000        1.173992
---------------------------------------------------------------------------
 Center of mass          :        0.000000        0.000000        0.000000
===========================================================================


                                                                           
***************************************************************************
***                                                                     ***
***                 Computing Ground State Wavefunction                 ***
***                                                                     ***
***************************************************************************
                                                                           
                                                                           
~~~~~~~~~~~~~~~~~~~~~~~~~~~~~~~~~~~~~~~~~~~~~~~~~~~~~~~~~~~~~~~~~~~~~~~~~~~
 Calculation             : Compute initial orbitals
 Method                  : Diagonalize SAD Hamiltonian
 Precision               : 1.00000e-04
 Restricted              : False
 Functional              : LDA (SVWN5)
 AO basis                : Hydrogenic orbitals
 Zeta quality            : 2
~~~~~~~~~~~~~~~~~~~~~~~~~~~~~~~~~~~~~~~~~~~~~~~~~~~~~~~~~~~~~~~~~~~~~~~~~~~


===========================================================================
                            Molecular Orbitals
---------------------------------------------------------------------------
 Alpha electrons         :                                               7
 Beta electrons          :                                               5
 Total electrons         :                                              12
---------------------------------------------------------------------------
    n  Occ Spin          :                                            Norm
---------------------------------------------------------------------------
    0    1    a          :                              9.999998920336e-01
    1    1    a          :                              9.999999995912e-01
    2    1    a          :                              9.999999989470e-01
    3    1    a          :                              9.999999924991e-01
    4    1    a          :                              9.999999995321e-01
    5    1    a          :                              9.999999996074e-01
    6    1    a          :                              9.999999999394e-01
    7    1    b          :                              1.000000064673e+00
    8    1    b          :                              1.000000000466e+00
    9    1    b          :                              9.999999999969e-01
   10    1    b          :                              9.999999909883e-01
   11    1    b          :                              9.999999995357e-01
===========================================================================


~~~~~~~~~~~~~~~~~~~~~~~~~~~~~~~~~~~~~~~~~~~~~~~~~~~~~~~~~~~~~~~~~~~~~~~~~~~
 Calculation             : Compute initial energy
 Method                  : DFT (PBE)
 Precision               : 1.00000e-04
 Localization            : On
~~~~~~~~~~~~~~~~~~~~~~~~~~~~~~~~~~~~~~~~~~~~~~~~~~~~~~~~~~~~~~~~~~~~~~~~~~~


===========================================================================
                        Molecular Energy (initial)
---------------------------------------------------------------------------
 Kinetic energy          :            (au)                 80.578402341788
 E-N energy              :            (au)               -212.045934907258
 Coulomb energy          :            (au)                 51.349219569887
 Exchange energy         :            (au)                  0.000000000000
 X-C energy              :            (au)                -10.778027215550
 Ext. field (el)         :            (au)                  0.000000000000
---------------------------------------------------------------------------
 N-N energy              :            (au)                 15.332298567860
 Ext. field (nuc)        :            (au)                  0.000000000000
---------------------------------------------------------------------------
 Electronic energy       :            (au)                -90.896340211132
 Nuclear energy          :            (au)                 15.332298567860
---------------------------------------------------------------------------
 Total energy            :            (au)             -7.556404164327e+01
                         :      (kcal/mol)             -4.741715164706e+04
                         :        (kJ/mol)             -1.983933626201e+05
                         :            (eV)             -2.056202233089e+03
===========================================================================


===========================================================================
                        Orbital Energies (initial)
---------------------------------------------------------------------------
    n  Occ Spin          :                                         Epsilon
---------------------------------------------------------------------------
    0    1    a          :            (au)                 -9.831706241430
    1    1    a          :            (au)                 -9.828425994796
    2    1    a          :            (au)                 -0.750933238921
    3    1    a          :            (au)                 -0.360094507229
    4    1    a          :            (au)                 -0.340503080459
    5    1    a          :            (au)                 -0.302644483359
    6    1    a          :            (au)                 -0.281659017688
    7    1    b          :            (au)                 -9.813039828759
    8    1    b          :            (au)                 -9.809776022973
    9    1    b          :            (au)                 -0.702896872809
   10    1    b          :            (au)                 -0.290299824615
   11    1    b          :            (au)                 -0.279918966803
---------------------------------------------------------------------------
 Sum occupied            :            (au)                -42.591898079840
===========================================================================


~~~~~~~~~~~~~~~~~~~~~~~~~~~~~~~~~~~~~~~~~~~~~~~~~~~~~~~~~~~~~~~~~~~~~~~~~~~
 Calculation             : Optimize ground state orbitals
 Method                  : DFT (PBE)
 Checkpointing           : Off
 Max iterations          : 200
 KAIN solver             : 10
 Localization            : First two iterations
 Diagonalization         : Off
 Start precision         : 1.00000e-06
 Final precision         : 1.00000e-06
 Helmholtz precision     : Dynamic
 Energy threshold        : 1.00000e-06
 Orbital threshold       : 5.00000e-05
~~~~~~~~~~~~~~~~~~~~~~~~~~~~~~~~~~~~~~~~~~~~~~~~~~~~~~~~~~~~~~~~~~~~~~~~~~~


===========================================================================
 Iter           MO residual             Total energy                Update
---------------------------------------------------------------------------
    0          3.464102e+00         -75.564041643272         -7.556404e+01
    1          2.017168e-01         -75.818347094525         -2.543055e-01
    2          6.186360e-02         -75.839962274785         -2.161518e-02
    3          2.650453e-02         -75.843501664996         -3.539390e-03
    4          2.132484e-02         -75.844779435247         -1.277770e-03
    5          1.533464e-02         -75.845165478107         -3.860429e-04
    6          1.206191e-02         -75.845311408519         -1.459304e-04
    7          3.460312e-03         -75.845330975477         -1.956696e-05
    8          1.626099e-03         -75.845336307552         -5.332075e-06
    9          6.796368e-04         -75.845337003391         -6.958386e-07
   10          1.700639e-04         -75.845337069752         -6.636138e-08
   11          6.202154e-05         -75.845337079153         -9.400580e-09
---------------------------------------------------------------------------
                      SCF converged in 11 iterations!
===========================================================================


                                                                           
***************************************************************************
***                                                                     ***
***                    Printing Molecular Properties                    ***
***                                                                     ***
***************************************************************************
                                                                           
                                                                           
===========================================================================
                                 Molecule
---------------------------------------------------------------------------
 Charge                  :                                               0
 Multiplicity            :                                               3
---------------------------------------------------------------------------
    N    Atom            :               x               y               z
---------------------------------------------------------------------------
    0       C            :        0.000000        0.000000       -1.173992
    1       C            :        0.000000        0.000000        1.173992
---------------------------------------------------------------------------
 Center of mass          :        0.000000        0.000000        0.000000
===========================================================================


===========================================================================
                         Molecular Energy (final)
---------------------------------------------------------------------------
 Kinetic energy          :            (au)                 75.795388238337
 E-N energy              :            (au)               -207.195780838381
 Coulomb energy          :            (au)                 50.756330754519
 Exchange energy         :            (au)                  0.000000000000
 X-C energy              :            (au)                -10.533573801488
 Ext. field (el)         :            (au)                  0.000000000000
---------------------------------------------------------------------------
 N-N energy              :            (au)                 15.332298567860
 Ext. field (nuc)        :            (au)                  0.000000000000
---------------------------------------------------------------------------
 Electronic energy       :            (au)                -91.177635647013
 Nuclear energy          :            (au)                 15.332298567860
---------------------------------------------------------------------------
 Total energy            :            (au)             -7.584533707915e+01
                         :      (kcal/mol)             -4.759366719667e+04
                         :        (kJ/mol)             -1.991319036801e+05
                         :            (eV)             -2.063856671508e+03
===========================================================================


===========================================================================
                         Orbital Energies (final)
---------------------------------------------------------------------------
    n  Occ Spin          :                                         Epsilon
---------------------------------------------------------------------------
    0    1    a          :            (au)                 -9.990611925354
    1    1    a          :            (au)                 -9.989039043728
    2    1    a          :            (au)                 -0.771285371769
    3    1    a          :            (au)                 -0.392602617897
    4    1    a          :            (au)                 -0.352084501747
    5    1    a          :            (au)                 -0.312045767616
    6    1    a          :            (au)                 -0.308836369826
    7    1    b          :            (au)                 -9.974639042154
    8    1    b          :            (au)                 -9.973101642803
    9    1    b          :            (au)                 -0.714309752777
   10    1    b          :            (au)                 -0.324859132888
   11    1    b          :            (au)                 -0.293839275154
---------------------------------------------------------------------------
 Sum occupied            :            (au)                -43.397254443711
===========================================================================


===========================================================================
                           Dipole Moment (dip-1)
---------------------------------------------------------------------------
 r_O                     :        0.000000        0.000000        0.000000
---------------------------------------------------------------------------
 Electronic vector       :       -0.000002       -0.000003        0.000418
 Magnitude               :            (au)                        0.000418
                         :         (Debye)                        0.001063
---------------------------------------------------------------------------
 Nuclear vector          :        0.000000        0.000000       -0.000000
 Magnitude               :            (au)                        0.000000
                         :         (Debye)                        0.000000
---------------------------------------------------------------------------
 Total vector            :       -0.000002       -0.000003        0.000418
 Magnitude               :            (au)                        0.000418
                         :         (Debye)                        0.001063
===========================================================================


                                                                           
                                                                           
***************************************************************************
***                                                                     ***
***                            Exiting MRChem                           ***
***                                                                     ***
***                       Wall time :  0h 12m 15s                       ***
***                                                                     ***
***************************************************************************
                                                                           
                                                                           
