Starting job 3267560 on c2-[4,6,9,11,25,46,53] at Fri Aug 13 03:39:44 CEST 2021

Copying 27_pbe_.out to /cluster/home/ambr/projects/psp/row12/calcs/triplets
Copying 27_pbe_.json to /cluster/home/ambr/projects/psp/row12/calcs/triplets

Task and CPU usage stats:
       JobID    JobName  AllocCPUS   NTasks     MinCPU MinCPUTask     AveCPU    Elapsed ExitCode 
------------ ---------- ---------- -------- ---------- ---------- ---------- ---------- -------- 
3267560         27_pbe_        120                                             00:12:19      1:0 
3267560.bat+      batch          6        1   00:00:00          0   00:00:00   00:12:19      1:0 
3267560.ext+     extern        120        7   00:00:00          6   00:00:00   00:12:19      0:0 
3267560.0      mrchem.x        120       20   00:12:15         19   00:39:07   00:12:17      0:0 

Memory usage stats:
       JobID     MaxRSS MaxRSSTask     AveRSS MaxPages   MaxPagesTask   AvePages 
------------ ---------- ---------- ---------- -------- -------------- ---------- 
3267560                                                                          
3267560.bat+     14420K          0     14420K        0              0          0 
3267560.ext+          0          6          0        0              6          0 
3267560.0      3345496K          9 2532250419        0             15          0 

Disk usage stats:
       JobID  MaxDiskRead MaxDiskReadTask    AveDiskRead MaxDiskWrite MaxDiskWriteTask   AveDiskWrite 
------------ ------------ --------------- -------------- ------------ ---------------- -------------- 
3267560                                                                                               
3267560.bat+        3.70M               0          3.70M        0.02M                0          0.02M 
3267560.ext+        0.00M               6          0.00M            0                6              0 
3267560.0           2.06M              12          2.05M        2.08M                0          2.07M 

Job 3267560 completed at Fri Aug 13 03:52:03 CEST 2021
