Starting job 3213389 on c11-[8,10,25] at Tue Aug 3 12:38:50 CEST 2021

Copying 27_pbe0_.out to /cluster/home/ambr/projects/psp/calcs/triplets
Copying 27_pbe0_.json to /cluster/home/ambr/projects/psp/calcs/triplets

Task and CPU usage stats:
       JobID    JobName  AllocCPUS   NTasks     MinCPU MinCPUTask     AveCPU    Elapsed ExitCode 
------------ ---------- ---------- -------- ---------- ---------- ---------- ---------- -------- 
3213389        27_pbe0_        120                                             00:26:13      1:0 
3213389.bat+      batch         42        1   00:00:01          0   00:00:01   00:26:13      1:0 
3213389.ext+     extern        120        3   00:00:00          2   00:00:00   00:26:13      0:0 
3213389.0      mrchem.x        120       20   00:26:05         19   01:21:15   00:26:06      0:0 

Memory usage stats:
       JobID     MaxRSS MaxRSSTask     AveRSS MaxPages   MaxPagesTask   AvePages 
------------ ---------- ---------- ---------- -------- -------------- ---------- 
3213389                                                                          
3213389.bat+     14236K          0     14236K        0              0          0 
3213389.ext+          0          2          0        0              2          0 
3213389.0      3358536K          7   2590355K        0             19          0 

Disk usage stats:
       JobID  MaxDiskRead MaxDiskReadTask    AveDiskRead MaxDiskWrite MaxDiskWriteTask   AveDiskWrite 
------------ ------------ --------------- -------------- ------------ ---------------- -------------- 
3213389                                                                                               
3213389.bat+      137.74M               0        137.74M      134.02M                0        134.02M 
3213389.ext+        0.00M               2          0.00M            0                2              0 
3213389.0          13.84M              11          9.36M       49.11M                8         26.57M 

Job 3213389 completed at Tue Aug 3 13:05:03 CEST 2021
