Starting job 3213392 on c10-[16-18] at Tue Aug 3 12:41:20 CEST 2021

Copying 29_pbe0_.out to /cluster/home/ambr/projects/psp/calcs/triplets
Copying 29_pbe0_.json to /cluster/home/ambr/projects/psp/calcs/triplets

Task and CPU usage stats:
       JobID    JobName  AllocCPUS   NTasks     MinCPU MinCPUTask     AveCPU    Elapsed ExitCode 
------------ ---------- ---------- -------- ---------- ---------- ---------- ---------- -------- 
3213392        29_pbe0_        120                                             00:08:54      1:0 
3213392.bat+      batch         42        1   00:00:00          0   00:00:00   00:08:54      1:0 
3213392.ext+     extern        120        3   00:00:00          0   00:00:00   00:08:54      0:0 
3213392.0      mrchem.x        120       20   00:08:49         19   00:24:21   00:08:50      0:0 

Memory usage stats:
       JobID     MaxRSS MaxRSSTask     AveRSS MaxPages   MaxPagesTask   AvePages 
------------ ---------- ---------- ---------- -------- -------------- ---------- 
3213392                                                                          
3213392.bat+     14228K          0     14228K        0              0          0 
3213392.ext+          0          0          0        0              0          0 
3213392.0      2166280K          0 1981067468        0              3          0 

Disk usage stats:
       JobID  MaxDiskRead MaxDiskReadTask    AveDiskRead MaxDiskWrite MaxDiskWriteTask   AveDiskWrite 
------------ ------------ --------------- -------------- ------------ ---------------- -------------- 
3213392                                                                                               
3213392.bat+       89.35M               0         89.35M       85.63M                0         85.63M 
3213392.ext+        0.00M               0          0.00M            0                0              0 
3213392.0          13.84M               1          6.94M       47.18M                0         17.16M 

Job 3213392 completed at Tue Aug 3 12:50:14 CEST 2021
