Starting job 3125927 on c2-[4,6],c5-[41-42,44-46,51,56-57] at Thu Jul 8 01:16:54 CEST 2021

Copying 2_b3lyp-g_.out to /cluster/home/ambr/projects/psp/calcs
Copying 2_b3lyp-g_.json to /cluster/home/ambr/projects/psp/calcs

Task and CPU usage stats:
       JobID    JobName  AllocCPUS   NTasks     MinCPU MinCPUTask     AveCPU    Elapsed ExitCode 
------------ ---------- ---------- -------- ---------- ---------- ---------- ---------- -------- 
3125927      2_b3lyp-g_        200                                             00:25:44      1:0 
3125927.bat+      batch         20        1   00:00:00          0   00:00:00   00:25:44      1:0 
3125927.ext+     extern        200       10   00:00:00          9   00:00:00   00:25:44      0:0 
3125927.0      mrchem.x        200       20   00:24:51         19   01:27:26   00:25:18      0:0 

Memory usage stats:
       JobID     MaxRSS MaxRSSTask     AveRSS MaxPages   MaxPagesTask   AvePages 
------------ ---------- ---------- ---------- -------- -------------- ---------- 
3125927                                                                          
3125927.bat+     14896K          0     14896K        0              0          0 
3125927.ext+          0          9          0        0              9          0 
3125927.0      3283392K          0 2296600166        0             19          0 

Disk usage stats:
       JobID  MaxDiskRead MaxDiskReadTask    AveDiskRead MaxDiskWrite MaxDiskWriteTask   AveDiskWrite 
------------ ------------ --------------- -------------- ------------ ---------------- -------------- 
3125927                                                                                               
3125927.bat+        3.55M               0          3.55M        0.02M                0          0.02M 
3125927.ext+        0.00M               9          0.00M            0                9              0 
3125927.0           2.06M               1          2.05M       66.75M                1         16.77M 

Job 3125927 completed at Thu Jul 8 01:42:38 CEST 2021
