                                                                           
                                                                           
***************************************************************************
***                                                                     ***
***                                                                     ***
***          __  __ ____   ____ _                                       ***
***         |  \/  |  _ \ / ___| |__   ___ _ __ ___                     ***
***         | |\/| | |_) | |   | '_ \ / _ \ '_ ` _ \                    ***
***         | |  | |  _ <| |___| | | |  __/ | | | | |                   ***
***         |_|  |_|_| \_\\____|_| |_|\___|_| |_| |_|                   ***
***                                                                     ***
***         VERSION            1.0.1                                    ***
***                                                                     ***
***         Git branch         HEAD                                     ***
***         Git commit hash    9309e3e1e52e5319b766-dirty               ***
***         Git commit author  Stig Rune Jensen                         ***
***         Git commit date    Fri Dec 4 16:08:55 2020 +0100            ***
***                                                                     ***
***         Contact: luca.frediani@uit.no                               ***
***                                                                     ***
***         Radovan Bast            Magnar Bjorgve                      ***
***         Roberto Di Remigio      Antoine Durdek                      ***
***         Luca Frediani           Gabriel Gerez                       ***
***         Stig Rune Jensen        Jonas Juselius                      ***
***         Rune Monstad            Peter Wind                          ***
***                                                                     ***
***************************************************************************

---------------------------------------------------------------------------

 MPI processes           :        (1 bank)                              20
 OpenMP threads          :                                              10
 Total cores             :                                             200
                                                                           
---------------------------------------------------------------------------

XCFun DFT library Copyright 2009-2020 Ulf Ekstrom and contributors.
See http://dftlibs.org/xcfun/ for more information.

This is free software; see the source code for copying conditions.
There is ABSOLUTELY NO WARRANTY; not even for MERCHANTABILITY or
FITNESS FOR A PARTICULAR PURPOSE. For details see the documentation.
Scientific users of this library should cite
U. Ekstrom, L. Visscher, R. Bast, A. J. Thorvaldsen and K. Ruud;
J.Chem.Theor.Comp. 2010, DOI: 10.1021/ct100117s

---------------------------------------------------------------------------

 MRCPP version         : 1.3.6
 Git branch            : HEAD
 Git commit hash       : 9309e3e1e52e5319b766-dirty
 Git commit author     : Stig Rune Jensen
 Git commit date       : Fri Dec 4 16:08:55 2020 +0100

 Linear algebra        : EIGEN v3.3.7
 Parallelization       : MPI/OpenMP (10 threads)

---------------------------------------------------------------------------


                                                                           
===========================================================================
                         MultiResolution Analysis
---------------------------------------------------------------------------
 polynomial order      : 9
 polynomial type       : Interpolating
---------------------------------------------------------------------------
 total boxes           : 8
 boxes                 : [          2           2           2 ]
 unit lengths          : [   16.00000    16.00000    16.00000 ]
 scaling factor        : [    1.00000     1.00000     1.00000 ]
 lower bounds          : [  -16.00000   -16.00000   -16.00000 ]
 upper bounds          : [   16.00000    16.00000    16.00000 ]
 total length          : [   32.00000    32.00000    32.00000 ]
===========================================================================


                                                                           
***************************************************************************
***                                                                     ***
***                        Initializing Molecule                        ***
***                                                                     ***
***************************************************************************
                                                                           
                                                                           
===========================================================================
                                 Molecule
---------------------------------------------------------------------------
 Charge                  :                                               0
 Multiplicity            :                                               1
---------------------------------------------------------------------------
    N    Atom            :               x               y               z
---------------------------------------------------------------------------
    0       F            :        0.000000        0.000000       -1.334052
    1       F            :        0.000000        0.000000        1.334052
---------------------------------------------------------------------------
 Center of mass          :        0.000000        0.000000       -0.000000
===========================================================================


                                                                           
***************************************************************************
***                                                                     ***
***                 Computing Ground State Wavefunction                 ***
***                                                                     ***
***************************************************************************
                                                                           
                                                                           
~~~~~~~~~~~~~~~~~~~~~~~~~~~~~~~~~~~~~~~~~~~~~~~~~~~~~~~~~~~~~~~~~~~~~~~~~~~
 Calculation             : Compute initial orbitals
 Method                  : Diagonalize SAD Hamiltonian
 Precision               : 1.00000e-03
 Restricted              : True
 Functional              : LDA (SVWN5)
 AO basis                : Hydrogenic orbitals
 Zeta quality            : 2
~~~~~~~~~~~~~~~~~~~~~~~~~~~~~~~~~~~~~~~~~~~~~~~~~~~~~~~~~~~~~~~~~~~~~~~~~~~


===========================================================================
                            Molecular Orbitals
---------------------------------------------------------------------------
 Alpha electrons         :                                               9
 Beta electrons          :                                               9
 Total electrons         :                                              18
---------------------------------------------------------------------------
    n  Occ Spin          :                                            Norm
---------------------------------------------------------------------------
    0    2    p          :                              9.999972319224e-01
    1    2    p          :                              1.000029930010e+00
    2    2    p          :                              9.999999735922e-01
    3    2    p          :                              1.000000004413e+00
    4    2    p          :                              1.000009050806e+00
    5    2    p          :                              1.000018270906e+00
    6    2    p          :                              1.000018165730e+00
    7    2    p          :                              9.999769712575e-01
    8    2    p          :                              9.999778157386e-01
===========================================================================


~~~~~~~~~~~~~~~~~~~~~~~~~~~~~~~~~~~~~~~~~~~~~~~~~~~~~~~~~~~~~~~~~~~~~~~~~~~
 Calculation             : Compute initial energy
 Method                  : DFT (B3LYP-G)
 Precision               : 1.00000e-03
 Localization            : Off
~~~~~~~~~~~~~~~~~~~~~~~~~~~~~~~~~~~~~~~~~~~~~~~~~~~~~~~~~~~~~~~~~~~~~~~~~~~


===========================================================================
                        Molecular Energy (initial)
---------------------------------------------------------------------------
 Kinetic energy          :            (au)                208.437060130074
 E-N energy              :            (au)               -548.481619637948
 Coulomb energy          :            (au)                131.846676329905
 Exchange energy         :            (au)                 -4.053785178000
 X-C energy              :            (au)                -17.167920718136
 Ext. field (el)         :            (au)                  0.000000000000
---------------------------------------------------------------------------
 N-N energy              :            (au)                 30.358635329419
 Ext. field (nuc)        :            (au)                  0.000000000000
---------------------------------------------------------------------------
 Electronic energy       :            (au)               -229.419589074105
 Nuclear energy          :            (au)                 30.358635329419
---------------------------------------------------------------------------
 Total energy            :            (au)             -1.990609537447e+02
                         :      (kcal/mol)             -1.249126333830e+05
                         :        (kJ/mol)             -5.226344584135e+05
                         :            (eV)             -5.416724260767e+03
===========================================================================


===========================================================================
                        Orbital Energies (initial)
---------------------------------------------------------------------------
    n  Occ Spin          :                                         Epsilon
---------------------------------------------------------------------------
    0    2    p          :            (au)                -24.476287386565
    1    2    p          :            (au)                -24.468629896323
    2    2    p          :            (au)                 -1.256916103991
    3    2    p          :            (au)                 -0.996447284635
    4    2    p          :            (au)                 -0.509706696730
    5    2    p          :            (au)                 -0.448551701889
    6    2    p          :            (au)                 -0.447907356466
    7    2    p          :            (au)                 -0.319702796940
    8    2    p          :            (au)                 -0.318777313280
---------------------------------------------------------------------------
 Sum occupied            :            (au)               -106.485853073639
===========================================================================


~~~~~~~~~~~~~~~~~~~~~~~~~~~~~~~~~~~~~~~~~~~~~~~~~~~~~~~~~~~~~~~~~~~~~~~~~~~
 Calculation             : Optimize ground state orbitals
 Method                  : DFT (B3LYP-G)
 Checkpointing           : Off
 Max iterations          : 200
 KAIN solver             : 10
 Localization            : Off
 Diagonalization         : First two iterations
 Start precision         : 1.00000e-06
 Final precision         : 1.00000e-06
 Helmholtz precision     : Dynamic
 Energy threshold        : 1.00000e-06
 Orbital threshold       : 1.00000e-05
~~~~~~~~~~~~~~~~~~~~~~~~~~~~~~~~~~~~~~~~~~~~~~~~~~~~~~~~~~~~~~~~~~~~~~~~~~~


===========================================================================
 Iter           MO residual             Total energy                Update
---------------------------------------------------------------------------
    0          3.000000e+00        -199.060953744686         -1.990610e+02
    1          2.752659e-01        -199.573931122907         -5.129774e-01
    2          5.435633e-02        -199.606021006294         -3.208988e-02
    3          2.857096e-02        -199.604197557180          1.823449e-03
    4          7.634337e-03        -199.609150929242         -4.953372e-03
    5          7.089534e-03        -199.610954759524         -1.803830e-03
    6          5.205951e-03        -199.611090129778         -1.353703e-04
    7          1.586556e-02        -199.611651406722         -5.612769e-04
    8          4.903704e-03        -199.611724498234         -7.309151e-05
    9          6.580671e-03        -199.611805810969         -8.131273e-05
   10          3.532508e-03        -199.611841751499         -3.594053e-05
   11          6.281852e-04        -199.611850133883         -8.382385e-06
   12          9.473780e-05        -199.611850207587         -7.370375e-08
   13          2.936130e-05        -199.611850231601         -2.401379e-08
   14          1.586318e-05        -199.611850233085         -1.484551e-09
   15          5.378908e-06        -199.611850233524         -4.382628e-10
---------------------------------------------------------------------------
                      SCF converged in 15 iterations!
===========================================================================


                                                                           
***************************************************************************
***                                                                     ***
***                    Printing Molecular Properties                    ***
***                                                                     ***
***************************************************************************
                                                                           
                                                                           
===========================================================================
                                 Molecule
---------------------------------------------------------------------------
 Charge                  :                                               0
 Multiplicity            :                                               1
---------------------------------------------------------------------------
    N    Atom            :               x               y               z
---------------------------------------------------------------------------
    0       F            :        0.000000        0.000000       -1.334052
    1       F            :        0.000000        0.000000        1.334052
---------------------------------------------------------------------------
 Center of mass          :        0.000000        0.000000       -0.000000
===========================================================================


===========================================================================
                         Molecular Energy (final)
---------------------------------------------------------------------------
 Kinetic energy          :            (au)                198.966678329688
 E-N energy              :            (au)               -537.602626555842
 Coulomb energy          :            (au)                129.421391589277
 Exchange energy         :            (au)                 -3.979293869563
 X-C energy              :            (au)                -16.776635056502
 Ext. field (el)         :            (au)                  0.000000000000
---------------------------------------------------------------------------
 N-N energy              :            (au)                 30.358635329419
 Ext. field (nuc)        :            (au)                  0.000000000000
---------------------------------------------------------------------------
 Electronic energy       :            (au)               -229.970485562943
 Nuclear energy          :            (au)                 30.358635329419
---------------------------------------------------------------------------
 Total energy            :            (au)             -1.996118502335e+02
                         :      (kcal/mol)             -1.252583261461e+05
                         :        (kJ/mol)             -5.240808369356e+05
                         :            (eV)             -5.431714917247e+03
===========================================================================


===========================================================================
                         Orbital Energies (final)
---------------------------------------------------------------------------
    n  Occ Spin          :                                         Epsilon
---------------------------------------------------------------------------
    0    2    p          :            (au)                -24.797805277200
    1    2    p          :            (au)                -24.797749090480
    2    2    p          :            (au)                 -1.357230847228
    3    2    p          :            (au)                 -1.118885847243
    4    2    p          :            (au)                 -0.613437238351
    5    2    p          :            (au)                 -0.551561167434
    6    2    p          :            (au)                 -0.551561165125
    7    2    p          :            (au)                 -0.423499831884
    8    2    p          :            (au)                 -0.423499831272
---------------------------------------------------------------------------
 Sum occupied            :            (au)               -109.270460592432
===========================================================================


===========================================================================
                           Dipole Moment (dip-1)
---------------------------------------------------------------------------
 r_O                     :        0.000000        0.000000        0.000000
---------------------------------------------------------------------------
 Electronic vector       :        0.000000        0.000001       -0.000027
 Magnitude               :            (au)                        0.000027
                         :         (Debye)                        0.000069
---------------------------------------------------------------------------
 Nuclear vector          :        0.000000        0.000000        0.000000
 Magnitude               :            (au)                        0.000000
                         :         (Debye)                        0.000000
---------------------------------------------------------------------------
 Total vector            :        0.000000        0.000001       -0.000027
 Magnitude               :            (au)                        0.000027
                         :         (Debye)                        0.000069
===========================================================================


                                                                           
                                                                           
***************************************************************************
***                                                                     ***
***                            Exiting MRChem                           ***
***                                                                     ***
***                       Wall time :  0h 24m 49s                       ***
***                                                                     ***
***************************************************************************
                                                                           
                                                                           
[1625701354.578411] [c5-45:20622:0]          mpool.c:43   UCX  WARN  object 0x1791940 was not returned to mpool ucp_requests
[1625701354.578427] [c5-45:20622:0]          mpool.c:43   UCX  WARN  object 0x1791a40 was not returned to mpool ucp_requests
[1625701354.578429] [c5-45:20622:0]          mpool.c:43   UCX  WARN  object 0x1791b40 was not returned to mpool ucp_requests
[1625701354.578430] [c5-45:20622:0]          mpool.c:43   UCX  WARN  object 0x1791c40 was not returned to mpool ucp_requests
[1625701354.578431] [c5-45:20622:0]          mpool.c:43   UCX  WARN  object 0x1791d40 was not returned to mpool ucp_requests
[1625701354.578433] [c5-45:20622:0]          mpool.c:43   UCX  WARN  object 0x1791e40 was not returned to mpool ucp_requests
[1625701354.578434] [c5-45:20622:0]          mpool.c:43   UCX  WARN  object 0x1791f40 was not returned to mpool ucp_requests
[1625701354.578459] [c5-45:20622:0]          mpool.c:43   UCX  WARN  object 0x1792040 was not returned to mpool ucp_requests
[1625701354.608826] [c2-6:63347:0]          mpool.c:43   UCX  WARN  object 0x1df9940 was not returned to mpool ucp_requests
[1625701354.608848] [c2-6:63347:0]          mpool.c:43   UCX  WARN  object 0x1dfa540 was not returned to mpool ucp_requests
[1625701354.608850] [c2-6:63347:0]          mpool.c:43   UCX  WARN  object 0x1dfa640 was not returned to mpool ucp_requests
[1625701354.608852] [c2-6:63347:0]          mpool.c:43   UCX  WARN  object 0x1dfa740 was not returned to mpool ucp_requests
[1625701354.608853] [c2-6:63347:0]          mpool.c:43   UCX  WARN  object 0x1dfa840 was not returned to mpool ucp_requests
[1625701354.608854] [c2-6:63347:0]          mpool.c:43   UCX  WARN  object 0x1dfab40 was not returned to mpool ucp_requests
[1625701354.608855] [c2-6:63347:0]          mpool.c:43   UCX  WARN  object 0x1dfac40 was not returned to mpool ucp_requests
[1625701354.608856] [c2-6:63347:0]          mpool.c:43   UCX  WARN  object 0x1dfae40 was not returned to mpool ucp_requests
[1625701354.582488] [c5-57:71474:0]          mpool.c:43   UCX  WARN  object 0xbe7300 was not returned to mpool ucp_requests
[1625701354.582508] [c5-57:71474:0]          mpool.c:43   UCX  WARN  object 0xbe7f00 was not returned to mpool ucp_requests
[1625701354.582510] [c5-57:71474:0]          mpool.c:43   UCX  WARN  object 0xbe8000 was not returned to mpool ucp_requests
[1625701354.582512] [c5-57:71474:0]          mpool.c:43   UCX  WARN  object 0xbe8100 was not returned to mpool ucp_requests
[1625701354.582513] [c5-57:71474:0]          mpool.c:43   UCX  WARN  object 0xbe8200 was not returned to mpool ucp_requests
[1625701354.582514] [c5-57:71474:0]          mpool.c:43   UCX  WARN  object 0xbe8300 was not returned to mpool ucp_requests
[1625701354.582515] [c5-57:71474:0]          mpool.c:43   UCX  WARN  object 0xbe8400 was not returned to mpool ucp_requests
[1625701354.582516] [c5-57:71474:0]          mpool.c:43   UCX  WARN  object 0xbe8500 was not returned to mpool ucp_requests
[1625701354.589830] [c5-56:2424 :0]          mpool.c:43   UCX  WARN  object 0x1061f00 was not returned to mpool ucp_requests
[1625701354.589844] [c5-56:2424 :0]          mpool.c:43   UCX  WARN  object 0x1062500 was not returned to mpool ucp_requests
[1625701354.589846] [c5-56:2424 :0]          mpool.c:43   UCX  WARN  object 0x1062600 was not returned to mpool ucp_requests
[1625701354.589847] [c5-56:2424 :0]          mpool.c:43   UCX  WARN  object 0x1062800 was not returned to mpool ucp_requests
[1625701354.571927] [c5-44:18697:0]          mpool.c:43   UCX  WARN  object 0xf32200 was not returned to mpool ucp_requests
[1625701354.571943] [c5-44:18697:0]          mpool.c:43   UCX  WARN  object 0xf32800 was not returned to mpool ucp_requests
[1625701354.571945] [c5-44:18697:0]          mpool.c:43   UCX  WARN  object 0xf32900 was not returned to mpool ucp_requests
[1625701354.571946] [c5-44:18697:0]          mpool.c:43   UCX  WARN  object 0xf32a00 was not returned to mpool ucp_requests
[1625701354.571948] [c5-44:18697:0]          mpool.c:43   UCX  WARN  object 0xf32b00 was not returned to mpool ucp_requests
[1625701354.571949] [c5-44:18697:0]          mpool.c:43   UCX  WARN  object 0xf32c00 was not returned to mpool ucp_requests
[1625701354.571950] [c5-44:18697:0]          mpool.c:43   UCX  WARN  object 0xf32e00 was not returned to mpool ucp_requests
[1625701354.571952] [c5-44:18697:0]          mpool.c:43   UCX  WARN  object 0xf32f00 was not returned to mpool ucp_requests
[1625701354.586175] [c5-42:31209:0]          mpool.c:43   UCX  WARN  object 0x231be40 was not returned to mpool ucp_requests
[1625701354.586197] [c5-42:31209:0]          mpool.c:43   UCX  WARN  object 0x231c540 was not returned to mpool ucp_requests
[1625701354.586199] [c5-42:31209:0]          mpool.c:43   UCX  WARN  object 0x231c640 was not returned to mpool ucp_requests
[1625701354.586200] [c5-42:31209:0]          mpool.c:43   UCX  WARN  object 0x231c740 was not returned to mpool ucp_requests
[1625701354.586201] [c5-42:31209:0]          mpool.c:43   UCX  WARN  object 0x231c840 was not returned to mpool ucp_requests
[1625701354.586202] [c5-42:31209:0]          mpool.c:43   UCX  WARN  object 0x231c940 was not returned to mpool ucp_requests
[1625701354.586204] [c5-42:31209:0]          mpool.c:43   UCX  WARN  object 0x231cb40 was not returned to mpool ucp_requests
[1625701354.586205] [c5-42:31209:0]          mpool.c:43   UCX  WARN  object 0x231cc40 was not returned to mpool ucp_requests
[1625701354.604399] [c5-41:17091:0]          mpool.c:43   UCX  WARN  object 0x2184540 was not returned to mpool ucp_requests
[1625701354.604416] [c5-41:17091:0]          mpool.c:43   UCX  WARN  object 0x2184640 was not returned to mpool ucp_requests
[1625701354.604418] [c5-41:17091:0]          mpool.c:43   UCX  WARN  object 0x2184740 was not returned to mpool ucp_requests
[1625701354.604419] [c5-41:17091:0]          mpool.c:43   UCX  WARN  object 0x2184940 was not returned to mpool ucp_requests
[1625701354.604420] [c5-41:17091:0]          mpool.c:43   UCX  WARN  object 0x2184b40 was not returned to mpool ucp_requests
[1625701354.604421] [c5-41:17091:0]          mpool.c:43   UCX  WARN  object 0x2184c40 was not returned to mpool ucp_requests
[1625701354.604423] [c5-41:17091:0]          mpool.c:43   UCX  WARN  object 0x2184d40 was not returned to mpool ucp_requests
[1625701354.604424] [c5-41:17091:0]          mpool.c:43   UCX  WARN  object 0x2184e40 was not returned to mpool ucp_requests
[1625701354.608858] [c2-6:63347:0]          mpool.c:43   UCX  WARN  object 0x1dfaf40 was not returned to mpool ucp_requests
[1625701354.608859] [c2-6:63347:0]          mpool.c:43   UCX  WARN  object 0x1dfb040 was not returned to mpool ucp_requests
[1625701354.582518] [c5-57:71474:0]          mpool.c:43   UCX  WARN  object 0xbe8600 was not returned to mpool ucp_requests
[1625701354.582519] [c5-57:71474:0]          mpool.c:43   UCX  WARN  object 0xbe8700 was not returned to mpool ucp_requests
[1625701354.582520] [c5-57:71474:0]          mpool.c:43   UCX  WARN  object 0xbe8900 was not returned to mpool ucp_requests
[1625701354.582521] [c5-57:71474:0]          mpool.c:43   UCX  WARN  object 0xbe8a00 was not returned to mpool ucp_requests
[1625701354.582523] [c5-56:2423 :0]          mpool.c:43   UCX  WARN  object 0x2089280 was not returned to mpool ucp_requests
[1625701354.582546] [c5-56:2423 :0]          mpool.c:43   UCX  WARN  object 0x2089380 was not returned to mpool ucp_requests
[1625701354.582548] [c5-56:2423 :0]          mpool.c:43   UCX  WARN  object 0x2089480 was not returned to mpool ucp_requests
[1625701354.582549] [c5-56:2423 :0]          mpool.c:43   UCX  WARN  object 0x2089580 was not returned to mpool ucp_requests
[1625701354.582550] [c5-56:2423 :0]          mpool.c:43   UCX  WARN  object 0x2089680 was not returned to mpool ucp_requests
[1625701354.582551] [c5-56:2423 :0]          mpool.c:43   UCX  WARN  object 0x2089780 was not returned to mpool ucp_requests
[1625701354.582553] [c5-56:2423 :0]          mpool.c:43   UCX  WARN  object 0x2089880 was not returned to mpool ucp_requests
[1625701354.582554] [c5-56:2423 :0]          mpool.c:43   UCX  WARN  object 0x2089980 was not returned to mpool ucp_requests
[1625701354.624521] [c2-4:3333 :0]          mpool.c:43   UCX  WARN  object 0x19f9100 was not returned to mpool ucp_requests
[1625701354.624529] [c2-4:3333 :0]          mpool.c:43   UCX  WARN  object 0x19f9800 was not returned to mpool ucp_requests
[1625701354.624531] [c2-4:3333 :0]          mpool.c:43   UCX  WARN  object 0x19f9900 was not returned to mpool ucp_requests
[1625701354.624532] [c2-4:3333 :0]          mpool.c:43   UCX  WARN  object 0x19f9b00 was not returned to mpool ucp_requests
[1625701354.624534] [c2-4:3333 :0]          mpool.c:43   UCX  WARN  object 0x19f9d00 was not returned to mpool ucp_requests
[1625701354.624536] [c2-4:3333 :0]          mpool.c:43   UCX  WARN  object 0x19f9e00 was not returned to mpool ucp_requests
[1625701354.624537] [c2-4:3333 :0]          mpool.c:43   UCX  WARN  object 0x19f9f00 was not returned to mpool ucp_requests
[1625701354.624539] [c2-4:3333 :0]          mpool.c:43   UCX  WARN  object 0x19fa000 was not returned to mpool ucp_requests
[1625701354.624541] [c2-4:3333 :0]          mpool.c:43   UCX  WARN  object 0x19fa100 was not returned to mpool ucp_requests
[1625701354.624543] [c2-4:3333 :0]          mpool.c:43   UCX  WARN  object 0x19fa200 was not returned to mpool ucp_requests
[1625701354.593313] [c5-51:13475:0]          mpool.c:43   UCX  WARN  object 0x1d25140 was not returned to mpool ucp_requests
[1625701354.593345] [c5-51:13475:0]          mpool.c:43   UCX  WARN  object 0x1d25540 was not returned to mpool ucp_requests
[1625701354.593347] [c5-51:13475:0]          mpool.c:43   UCX  WARN  object 0x1d25640 was not returned to mpool ucp_requests
[1625701354.593349] [c5-51:13475:0]          mpool.c:43   UCX  WARN  object 0x1d25740 was not returned to mpool ucp_requests
[1625701354.593350] [c5-51:13475:0]          mpool.c:43   UCX  WARN  object 0x1d25840 was not returned to mpool ucp_requests
[1625701354.593351] [c5-51:13475:0]          mpool.c:43   UCX  WARN  object 0x1d25a40 was not returned to mpool ucp_requests
[1625701354.593352] [c5-51:13475:0]          mpool.c:43   UCX  WARN  object 0x1d25b40 was not returned to mpool ucp_requests
[1625701354.593354] [c5-51:13475:0]          mpool.c:43   UCX  WARN  object 0x1d25c40 was not returned to mpool ucp_requests
[1625701354.607240] [c5-44:18699:0]          mpool.c:43   UCX  WARN  object 0x11d1b00 was not returned to mpool ucp_requests
[1625701354.607254] [c5-44:18699:0]          mpool.c:43   UCX  WARN  object 0x11d1f00 was not returned to mpool ucp_requests
[1625701354.634162] [c5-46:76053:0]          mpool.c:43   UCX  WARN  object 0x9d9d00 was not returned to mpool ucp_requests
[1625701354.579135] [c5-46:76051:0]          mpool.c:43   UCX  WARN  object 0x1dd3700 was not returned to mpool ucp_requests
[1625701354.579160] [c5-46:76051:0]          mpool.c:43   UCX  WARN  object 0x1dd3800 was not returned to mpool ucp_requests
[1625701354.579162] [c5-46:76051:0]          mpool.c:43   UCX  WARN  object 0x1dd3900 was not returned to mpool ucp_requests
[1625701354.579163] [c5-46:76051:0]          mpool.c:43   UCX  WARN  object 0x1dd3a00 was not returned to mpool ucp_requests
[1625701354.579165] [c5-46:76051:0]          mpool.c:43   UCX  WARN  object 0x1dd3b00 was not returned to mpool ucp_requests
[1625701354.579166] [c5-46:76051:0]          mpool.c:43   UCX  WARN  object 0x1dd3d00 was not returned to mpool ucp_requests
[1625701354.579167] [c5-46:76051:0]          mpool.c:43   UCX  WARN  object 0x1dd3e00 was not returned to mpool ucp_requests
[1625701354.579168] [c5-46:76051:0]          mpool.c:43   UCX  WARN  object 0x1dd3f00 was not returned to mpool ucp_requests
[1625701354.586206] [c5-42:31209:0]          mpool.c:43   UCX  WARN  object 0x231cd40 was not returned to mpool ucp_requests
[1625701354.586207] [c5-42:31209:0]          mpool.c:43   UCX  WARN  object 0x231ce40 was not returned to mpool ucp_requests
[1625701354.586209] [c5-42:31209:0]          mpool.c:43   UCX  WARN  object 0x231cf40 was not returned to mpool ucp_requests
[1625701354.586210] [c5-42:31209:0]          mpool.c:43   UCX  WARN  object 0x231d040 was not returned to mpool ucp_requests
[1625701354.604425] [c5-41:17091:0]          mpool.c:43   UCX  WARN  object 0x2185040 was not returned to mpool ucp_requests
[1625701354.593355] [c5-51:13475:0]          mpool.c:43   UCX  WARN  object 0x1d25d40 was not returned to mpool ucp_requests
[1625701354.593356] [c5-51:13475:0]          mpool.c:43   UCX  WARN  object 0x1d25e40 was not returned to mpool ucp_requests
[1625701354.593357] [c5-51:13475:0]          mpool.c:43   UCX  WARN  object 0x1d25f40 was not returned to mpool ucp_requests
[1625701354.593359] [c5-51:13475:0]          mpool.c:43   UCX  WARN  object 0x1d26040 was not returned to mpool ucp_requests
[1625701354.661299] [c5-45:20624:0]          mpool.c:43   UCX  WARN  object 0x1034e00 was not returned to mpool ucp_requests
[1625701354.661314] [c5-45:20624:0]          mpool.c:43   UCX  WARN  object 0x1034f00 was not returned to mpool ucp_requests
