                                                                           
                                                                           
***************************************************************************
***                                                                     ***
***                                                                     ***
***          __  __ ____   ____ _                                       ***
***         |  \/  |  _ \ / ___| |__   ___ _ __ ___                     ***
***         | |\/| | |_) | |   | '_ \ / _ \ '_ ` _ \                    ***
***         | |  | |  _ <| |___| | | |  __/ | | | | |                   ***
***         |_|  |_|_| \_\\____|_| |_|\___|_| |_| |_|                   ***
***                                                                     ***
***         VERSION            1.0.1                                    ***
***                                                                     ***
***         Git branch         HEAD                                     ***
***         Git commit hash    9309e3e1e52e5319b766-dirty               ***
***         Git commit author  Stig Rune Jensen                         ***
***         Git commit date    Fri Dec 4 16:08:55 2020 +0100            ***
***                                                                     ***
***         Contact: luca.frediani@uit.no                               ***
***                                                                     ***
***         Radovan Bast            Magnar Bjorgve                      ***
***         Roberto Di Remigio      Antoine Durdek                      ***
***         Luca Frediani           Gabriel Gerez                       ***
***         Stig Rune Jensen        Jonas Juselius                      ***
***         Rune Monstad            Peter Wind                          ***
***                                                                     ***
***************************************************************************

---------------------------------------------------------------------------

 MPI processes           :        (1 bank)                              20
 OpenMP threads          :                                               6
 Total cores             :                                             120
                                                                           
---------------------------------------------------------------------------

XCFun DFT library Copyright 2009-2020 Ulf Ekstrom and contributors.
See http://dftlibs.org/xcfun/ for more information.

This is free software; see the source code for copying conditions.
There is ABSOLUTELY NO WARRANTY; not even for MERCHANTABILITY or
FITNESS FOR A PARTICULAR PURPOSE. For details see the documentation.
Scientific users of this library should cite
U. Ekstrom, L. Visscher, R. Bast, A. J. Thorvaldsen and K. Ruud;
J.Chem.Theor.Comp. 2010, DOI: 10.1021/ct100117s

---------------------------------------------------------------------------

 MRCPP version         : 1.3.6
 Git branch            : HEAD
 Git commit hash       : 9309e3e1e52e5319b766-dirty
 Git commit author     : Stig Rune Jensen
 Git commit date       : Fri Dec 4 16:08:55 2020 +0100

 Linear algebra        : EIGEN v3.3.7
 Parallelization       : MPI/OpenMP (6 threads)

---------------------------------------------------------------------------


                                                                           
===========================================================================
                         MultiResolution Analysis
---------------------------------------------------------------------------
 polynomial order      : 9
 polynomial type       : Interpolating
---------------------------------------------------------------------------
 total boxes           : 8
 boxes                 : [          2           2           2 ]
 unit lengths          : [   32.00000    32.00000    32.00000 ]
 scaling factor        : [    1.00000     1.00000     1.00000 ]
 lower bounds          : [  -32.00000   -32.00000   -32.00000 ]
 upper bounds          : [   32.00000    32.00000    32.00000 ]
 total length          : [   64.00000    64.00000    64.00000 ]
===========================================================================


                                                                           
***************************************************************************
***                                                                     ***
***                        Initializing Molecule                        ***
***                                                                     ***
***************************************************************************
                                                                           
                                                                           
===========================================================================
                                 Molecule
---------------------------------------------------------------------------
 Charge                  :                                               0
 Multiplicity            :                                               1
---------------------------------------------------------------------------
    N    Atom            :               x               y               z
---------------------------------------------------------------------------
    0       F            :        0.000000        0.000000       -1.334052
    1       F            :        0.000000        0.000000        1.334052
---------------------------------------------------------------------------
 Center of mass          :        0.000000        0.000000       -0.000000
===========================================================================


                                                                           
***************************************************************************
***                                                                     ***
***                 Computing Ground State Wavefunction                 ***
***                                                                     ***
***************************************************************************
                                                                           
                                                                           
~~~~~~~~~~~~~~~~~~~~~~~~~~~~~~~~~~~~~~~~~~~~~~~~~~~~~~~~~~~~~~~~~~~~~~~~~~~
 Calculation             : Compute initial orbitals
 Method                  : Diagonalize SAD Hamiltonian
 Precision               : 1.00000e-04
 Restricted              : False
 Functional              : LDA (SVWN5)
 AO basis                : Hydrogenic orbitals
 Zeta quality            : 2
~~~~~~~~~~~~~~~~~~~~~~~~~~~~~~~~~~~~~~~~~~~~~~~~~~~~~~~~~~~~~~~~~~~~~~~~~~~


===========================================================================
                            Molecular Orbitals
---------------------------------------------------------------------------
 Alpha electrons         :                                               9
 Beta electrons          :                                               9
 Total electrons         :                                              18
---------------------------------------------------------------------------
    n  Occ Spin          :                                            Norm
---------------------------------------------------------------------------
    0    1    a          :                              1.000019199761e+00
    1    1    a          :                              9.999590899006e-01
    2    1    a          :                              1.000000006294e+00
    3    1    a          :                              9.999999944175e-01
    4    1    a          :                              1.000000005233e+00
    5    1    a          :                              1.000000024833e+00
    6    1    a          :                              9.999999999366e-01
    7    1    a          :                              9.999999999553e-01
    8    1    a          :                              9.999999999724e-01
    9    1    b          :                              1.000017572435e+00
   10    1    b          :                              9.999503210953e-01
   11    1    b          :                              1.000000006294e+00
   12    1    b          :                              9.999999944109e-01
   13    1    b          :                              1.000000004067e+00
   14    1    b          :                              1.000000023873e+00
   15    1    b          :                              9.999999999366e-01
   16    1    b          :                              9.999999982583e-01
   17    1    b          :                              9.999999999724e-01
===========================================================================


~~~~~~~~~~~~~~~~~~~~~~~~~~~~~~~~~~~~~~~~~~~~~~~~~~~~~~~~~~~~~~~~~~~~~~~~~~~
 Calculation             : Compute initial energy
 Method                  : DFT (PBE)
 Precision               : 1.00000e-04
 Localization            : On
~~~~~~~~~~~~~~~~~~~~~~~~~~~~~~~~~~~~~~~~~~~~~~~~~~~~~~~~~~~~~~~~~~~~~~~~~~~


===========================================================================
                        Molecular Energy (initial)
---------------------------------------------------------------------------
 Kinetic energy          :            (au)                208.445517784964
 E-N energy              :            (au)               -548.501304547756
 Coulomb energy          :            (au)                131.849016462265
 Exchange energy         :            (au)                  0.000000000000
 X-C energy              :            (au)                -21.070531624251
 Ext. field (el)         :            (au)                  0.000000000000
---------------------------------------------------------------------------
 N-N energy              :            (au)                 30.358635329419
 Ext. field (nuc)        :            (au)                  0.000000000000
---------------------------------------------------------------------------
 Electronic energy       :            (au)               -229.277301924779
 Nuclear energy          :            (au)                 30.358635329419
---------------------------------------------------------------------------
 Total energy            :            (au)             -1.989186665954e+02
                         :      (kcal/mol)             -1.248233468494e+05
                         :        (kJ/mol)             -5.222608835570e+05
                         :            (eV)             -5.412852430359e+03
===========================================================================


===========================================================================
                        Orbital Energies (initial)
---------------------------------------------------------------------------
    n  Occ Spin          :                                         Epsilon
---------------------------------------------------------------------------
    0    1    a          :            (au)                -24.029314994608
    1    1    a          :            (au)                -24.026436605164
    2    1    a          :            (au)                 -1.147223693430
    3    1    a          :            (au)                 -0.889161611752
    4    1    a          :            (au)                 -0.458930842716
    5    1    a          :            (au)                 -0.360501548347
    6    1    a          :            (au)                 -0.359790396618
    7    1    a          :            (au)                 -0.234156781519
    8    1    a          :            (au)                 -0.234080447104
    9    1    b          :            (au)                -24.029400597634
   10    1    b          :            (au)                -24.026384990525
   11    1    b          :            (au)                 -1.147225205761
   12    1    b          :            (au)                 -0.889161058984
   13    1    b          :            (au)                 -0.458929953906
   14    1    b          :            (au)                 -0.360501600264
   15    1    b          :            (au)                 -0.359790476964
   16    1    b          :            (au)                 -0.234156852998
   17    1    b          :            (au)                 -0.234080508647
---------------------------------------------------------------------------
 Sum occupied            :            (au)               -103.479228166942
===========================================================================


~~~~~~~~~~~~~~~~~~~~~~~~~~~~~~~~~~~~~~~~~~~~~~~~~~~~~~~~~~~~~~~~~~~~~~~~~~~
 Calculation             : Optimize ground state orbitals
 Method                  : DFT (PBE)
 Checkpointing           : Off
 Max iterations          : 200
 KAIN solver             : 10
 Localization            : First two iterations
 Diagonalization         : Off
 Start precision         : 1.00000e-06
 Final precision         : 1.00000e-06
 Helmholtz precision     : Dynamic
 Energy threshold        : 1.00000e-06
 Orbital threshold       : 5.00000e-05
~~~~~~~~~~~~~~~~~~~~~~~~~~~~~~~~~~~~~~~~~~~~~~~~~~~~~~~~~~~~~~~~~~~~~~~~~~~


===========================================================================
 Iter           MO residual             Total energy                Update
---------------------------------------------------------------------------
    0          4.242641e+00        -198.918666595360         -1.989187e+02
    1          4.322303e-01        -199.394276543943         -4.756099e-01
    2          1.103782e-01        -199.429329273126         -3.505273e-02
    3          5.571327e-02        -199.433958520614         -4.629247e-03
    4          1.812220e-02        -199.435039727192         -1.081207e-03
    5          1.179704e-02        -199.435767829393         -7.281022e-04
    6          2.249285e-02        -199.436339497469         -5.716681e-04
    7          9.690289e-03        -199.436500213833         -1.607164e-04
    8          5.313963e-03        -199.436559999583         -5.978575e-05
    9          1.098953e-02        -199.436636701604         -7.670202e-05
   10          3.026029e-03        -199.436650640371         -1.393877e-05
   11          3.252540e-04        -199.436650978952         -3.385813e-07
   12          9.989652e-05        -199.436650997467         -1.851461e-08
---------------------------------------------------------------------------
                      SCF converged in 12 iterations!
===========================================================================


                                                                           
***************************************************************************
***                                                                     ***
***                    Printing Molecular Properties                    ***
***                                                                     ***
***************************************************************************
                                                                           
                                                                           
===========================================================================
                                 Molecule
---------------------------------------------------------------------------
 Charge                  :                                               0
 Multiplicity            :                                               1
---------------------------------------------------------------------------
    N    Atom            :               x               y               z
---------------------------------------------------------------------------
    0       F            :        0.000000        0.000000       -1.334052
    1       F            :        0.000000        0.000000        1.334052
---------------------------------------------------------------------------
 Center of mass          :        0.000000        0.000000       -0.000000
===========================================================================


===========================================================================
                         Molecular Energy (final)
---------------------------------------------------------------------------
 Kinetic energy          :            (au)                198.909201176585
 E-N energy              :            (au)               -537.441157997343
 Coulomb energy          :            (au)                129.300921776504
 Exchange energy         :            (au)                  0.000000000000
 X-C energy              :            (au)                -20.564251282631
 Ext. field (el)         :            (au)                  0.000000000000
---------------------------------------------------------------------------
 N-N energy              :            (au)                 30.358635329419
 Ext. field (nuc)        :            (au)                  0.000000000000
---------------------------------------------------------------------------
 Electronic energy       :            (au)               -229.795286326886
 Nuclear energy          :            (au)                 30.358635329419
---------------------------------------------------------------------------
 Total energy            :            (au)             -1.994366509975e+02
                         :      (kcal/mol)             -1.251483869666e+05
                         :        (kJ/mol)             -5.236208514079e+05
                         :            (eV)             -5.426947503375e+03
===========================================================================


===========================================================================
                         Orbital Energies (final)
---------------------------------------------------------------------------
    n  Occ Spin          :                                         Epsilon
---------------------------------------------------------------------------
    0    1    a          :            (au)                -24.363410360782
    1    1    a          :            (au)                -24.363405774809
    2    1    a          :            (au)                 -1.247299132939
    3    1    a          :            (au)                 -1.015394726946
    4    1    a          :            (au)                 -0.567141326794
    5    1    a          :            (au)                 -0.472139250518
    6    1    a          :            (au)                 -0.472139246149
    7    1    a          :            (au)                 -0.347410158917
    8    1    a          :            (au)                 -0.347410156657
    9    1    b          :            (au)                -24.363410369517
   10    1    b          :            (au)                -24.363405766283
   11    1    b          :            (au)                 -1.247299130563
   12    1    b          :            (au)                 -1.015394723517
   13    1    b          :            (au)                 -0.567141323632
   14    1    b          :            (au)                 -0.472139249347
   15    1    b          :            (au)                 -0.472139248217
   16    1    b          :            (au)                 -0.347410157952
   17    1    b          :            (au)                 -0.347410157862
---------------------------------------------------------------------------
 Sum occupied            :            (au)               -106.391500261400
===========================================================================


===========================================================================
                           Dipole Moment (dip-1)
---------------------------------------------------------------------------
 r_O                     :        0.000000        0.000000        0.000000
---------------------------------------------------------------------------
 Electronic vector       :       -0.000000       -0.000000        0.000023
 Magnitude               :            (au)                        0.000023
                         :         (Debye)                        0.000059
---------------------------------------------------------------------------
 Nuclear vector          :        0.000000        0.000000        0.000000
 Magnitude               :            (au)                        0.000000
                         :         (Debye)                        0.000000
---------------------------------------------------------------------------
 Total vector            :       -0.000000       -0.000000        0.000023
 Magnitude               :            (au)                        0.000023
                         :         (Debye)                        0.000059
===========================================================================


                                                                           
                                                                           
***************************************************************************
***                                                                     ***
***                            Exiting MRChem                           ***
***                                                                     ***
***                       Wall time :  0h 12m  7s                       ***
***                                                                     ***
***************************************************************************
                                                                           
                                                                           
