                                                                           
                                                                           
***************************************************************************
***                                                                     ***
***                                                                     ***
***          __  __ ____   ____ _                                       ***
***         |  \/  |  _ \ / ___| |__   ___ _ __ ___                     ***
***         | |\/| | |_) | |   | '_ \ / _ \ '_ ` _ \                    ***
***         | |  | |  _ <| |___| | | |  __/ | | | | |                   ***
***         |_|  |_|_| \_\\____|_| |_|\___|_| |_| |_|                   ***
***                                                                     ***
***         VERSION            1.0.1                                    ***
***                                                                     ***
***         Git branch         HEAD                                     ***
***         Git commit hash    9309e3e1e52e5319b766-dirty               ***
***         Git commit author  Stig Rune Jensen                         ***
***         Git commit date    Fri Dec 4 16:08:55 2020 +0100            ***
***                                                                     ***
***         Contact: luca.frediani@uit.no                               ***
***                                                                     ***
***         Radovan Bast            Magnar Bjorgve                      ***
***         Roberto Di Remigio      Antoine Durdek                      ***
***         Luca Frediani           Gabriel Gerez                       ***
***         Stig Rune Jensen        Jonas Juselius                      ***
***         Rune Monstad            Peter Wind                          ***
***                                                                     ***
***************************************************************************

---------------------------------------------------------------------------

 MPI processes           :        (1 bank)                              20
 OpenMP threads          :                                              10
 Total cores             :                                             200
                                                                           
---------------------------------------------------------------------------

XCFun DFT library Copyright 2009-2020 Ulf Ekstrom and contributors.
See http://dftlibs.org/xcfun/ for more information.

This is free software; see the source code for copying conditions.
There is ABSOLUTELY NO WARRANTY; not even for MERCHANTABILITY or
FITNESS FOR A PARTICULAR PURPOSE. For details see the documentation.
Scientific users of this library should cite
U. Ekstrom, L. Visscher, R. Bast, A. J. Thorvaldsen and K. Ruud;
J.Chem.Theor.Comp. 2010, DOI: 10.1021/ct100117s

---------------------------------------------------------------------------

 MRCPP version         : 1.3.6
 Git branch            : HEAD
 Git commit hash       : 9309e3e1e52e5319b766-dirty
 Git commit author     : Stig Rune Jensen
 Git commit date       : Fri Dec 4 16:08:55 2020 +0100

 Linear algebra        : EIGEN v3.3.7
 Parallelization       : MPI/OpenMP (10 threads)

---------------------------------------------------------------------------


                                                                           
===========================================================================
                         MultiResolution Analysis
---------------------------------------------------------------------------
 polynomial order      : 9
 polynomial type       : Interpolating
---------------------------------------------------------------------------
 total boxes           : 8
 boxes                 : [          2           2           2 ]
 unit lengths          : [   16.00000    16.00000    16.00000 ]
 scaling factor        : [    1.00000     1.00000     1.00000 ]
 lower bounds          : [  -16.00000   -16.00000   -16.00000 ]
 upper bounds          : [   16.00000    16.00000    16.00000 ]
 total length          : [   32.00000    32.00000    32.00000 ]
===========================================================================


                                                                           
***************************************************************************
***                                                                     ***
***                        Initializing Molecule                        ***
***                                                                     ***
***************************************************************************
                                                                           
                                                                           
===========================================================================
                                 Molecule
---------------------------------------------------------------------------
 Charge                  :                                               0
 Multiplicity            :                                               1
---------------------------------------------------------------------------
    N    Atom            :               x               y               z
---------------------------------------------------------------------------
    0       F            :        0.000000        0.000000       -1.334052
    1       F            :        0.000000        0.000000        1.334052
---------------------------------------------------------------------------
 Center of mass          :        0.000000        0.000000       -0.000000
===========================================================================


                                                                           
***************************************************************************
***                                                                     ***
***                 Computing Ground State Wavefunction                 ***
***                                                                     ***
***************************************************************************
                                                                           
                                                                           
~~~~~~~~~~~~~~~~~~~~~~~~~~~~~~~~~~~~~~~~~~~~~~~~~~~~~~~~~~~~~~~~~~~~~~~~~~~
 Calculation             : Compute initial orbitals
 Method                  : Diagonalize SAD Hamiltonian
 Precision               : 1.00000e-03
 Restricted              : True
 Functional              : LDA (SVWN5)
 AO basis                : Hydrogenic orbitals
 Zeta quality            : 2
~~~~~~~~~~~~~~~~~~~~~~~~~~~~~~~~~~~~~~~~~~~~~~~~~~~~~~~~~~~~~~~~~~~~~~~~~~~


===========================================================================
                            Molecular Orbitals
---------------------------------------------------------------------------
 Alpha electrons         :                                               9
 Beta electrons          :                                               9
 Total electrons         :                                              18
---------------------------------------------------------------------------
    n  Occ Spin          :                                            Norm
---------------------------------------------------------------------------
    0    2    p          :                              9.999972319224e-01
    1    2    p          :                              1.000029930010e+00
    2    2    p          :                              9.999999735922e-01
    3    2    p          :                              1.000000004413e+00
    4    2    p          :                              1.000009050806e+00
    5    2    p          :                              1.000018270906e+00
    6    2    p          :                              1.000018165730e+00
    7    2    p          :                              9.999769712575e-01
    8    2    p          :                              9.999778157386e-01
===========================================================================


~~~~~~~~~~~~~~~~~~~~~~~~~~~~~~~~~~~~~~~~~~~~~~~~~~~~~~~~~~~~~~~~~~~~~~~~~~~
 Calculation             : Compute initial energy
 Method                  : DFT (PBE0)
 Precision               : 1.00000e-03
 Localization            : Off
~~~~~~~~~~~~~~~~~~~~~~~~~~~~~~~~~~~~~~~~~~~~~~~~~~~~~~~~~~~~~~~~~~~~~~~~~~~


===========================================================================
                        Molecular Energy (initial)
---------------------------------------------------------------------------
 Kinetic energy          :            (au)                208.437060130074
 E-N energy              :            (au)               -548.481619637948
 Coulomb energy          :            (au)                131.846676329905
 Exchange energy         :            (au)                 -5.067231472500
 X-C energy              :            (au)                -15.959117773189
 Ext. field (el)         :            (au)                  0.000000000000
---------------------------------------------------------------------------
 N-N energy              :            (au)                 30.358635329419
 Ext. field (nuc)        :            (au)                  0.000000000000
---------------------------------------------------------------------------
 Electronic energy       :            (au)               -229.224232423658
 Nuclear energy          :            (au)                 30.358635329419
---------------------------------------------------------------------------
 Total energy            :            (au)             -1.988655970942e+02
                         :      (kcal/mol)             -1.247900452350e+05
                         :        (kJ/mol)             -5.221215496020e+05
                         :            (eV)             -5.411408335729e+03
===========================================================================


===========================================================================
                        Orbital Energies (initial)
---------------------------------------------------------------------------
    n  Occ Spin          :                                         Epsilon
---------------------------------------------------------------------------
    0    2    p          :            (au)                -24.553974447447
    1    2    p          :            (au)                -24.544173638426
    2    2    p          :            (au)                 -1.285854672730
    3    2    p          :            (au)                 -1.022063759102
    4    2    p          :            (au)                 -0.520834719301
    5    2    p          :            (au)                 -0.464351200973
    6    2    p          :            (au)                 -0.463706958066
    7    2    p          :            (au)                 -0.333018869956
    8    2    p          :            (au)                 -0.332049468853
---------------------------------------------------------------------------
 Sum occupied            :            (au)               -107.040055469706
===========================================================================


~~~~~~~~~~~~~~~~~~~~~~~~~~~~~~~~~~~~~~~~~~~~~~~~~~~~~~~~~~~~~~~~~~~~~~~~~~~
 Calculation             : Optimize ground state orbitals
 Method                  : DFT (PBE0)
 Checkpointing           : Off
 Max iterations          : 200
 KAIN solver             : 10
 Localization            : Off
 Diagonalization         : First two iterations
 Start precision         : 1.00000e-06
 Final precision         : 1.00000e-06
 Helmholtz precision     : Dynamic
 Energy threshold        : 1.00000e-06
 Orbital threshold       : 1.00000e-05
~~~~~~~~~~~~~~~~~~~~~~~~~~~~~~~~~~~~~~~~~~~~~~~~~~~~~~~~~~~~~~~~~~~~~~~~~~~


===========================================================================
 Iter           MO residual             Total energy                Update
---------------------------------------------------------------------------
    0          3.000000e+00        -198.865597094239         -1.988656e+02
    1          2.657960e-01        -199.380345087787         -5.147480e-01
    2          5.236533e-02        -199.412183445543         -3.183836e-02
    3          3.011640e-02        -199.408775028660          3.408417e-03
    4          7.435785e-03        -199.416115751820         -7.340723e-03
    5          7.483515e-03        -199.418373549332         -2.257798e-03
    6          4.316180e-03        -199.418486436652         -1.128873e-04
    7          1.593907e-02        -199.419036548133         -5.501115e-04
    8          5.510216e-03        -199.419114012090         -7.746396e-05
    9          5.624911e-03        -199.419187498381         -7.348629e-05
   10          3.703437e-03        -199.419222214742         -3.471636e-05
   11          7.089012e-04        -199.419232875429         -1.066069e-05
   12          9.098465e-05        -199.419232977178         -1.017488e-07
   13          2.996065e-05        -199.419233000379         -2.320130e-08
   14          1.330427e-05        -199.419233001497         -1.118281e-09
---------------------------------------------------------------------------
                      SCF converged in 14 iterations!
===========================================================================


                                                                           
***************************************************************************
***                                                                     ***
***                    Printing Molecular Properties                    ***
***                                                                     ***
***************************************************************************
                                                                           
                                                                           
===========================================================================
                                 Molecule
---------------------------------------------------------------------------
 Charge                  :                                               0
 Multiplicity            :                                               1
---------------------------------------------------------------------------
    N    Atom            :               x               y               z
---------------------------------------------------------------------------
    0       F            :        0.000000        0.000000       -1.334052
    1       F            :        0.000000        0.000000        1.334052
---------------------------------------------------------------------------
 Center of mass          :        0.000000        0.000000       -0.000000
===========================================================================


===========================================================================
                         Molecular Energy (final)
---------------------------------------------------------------------------
 Kinetic energy          :            (au)                198.816299451055
 E-N energy              :            (au)               -537.428707197697
 Coulomb energy          :            (au)                129.397288210093
 Exchange energy         :            (au)                 -4.975672739262
 X-C energy              :            (au)                -15.587076055105
 Ext. field (el)         :            (au)                  0.000000000000
---------------------------------------------------------------------------
 N-N energy              :            (au)                 30.358635329419
 Ext. field (nuc)        :            (au)                  0.000000000000
---------------------------------------------------------------------------
 Electronic energy       :            (au)               -229.777868330916
 Nuclear energy          :            (au)                 30.358635329419
---------------------------------------------------------------------------
 Total energy            :            (au)             -1.994192330015e+02
                         :      (kcal/mol)             -1.251374570092e+05
                         :        (kJ/mol)             -5.235751204661e+05
                         :            (eV)             -5.426473535579e+03
===========================================================================


===========================================================================
                         Orbital Energies (final)
---------------------------------------------------------------------------
    n  Occ Spin          :                                         Epsilon
---------------------------------------------------------------------------
    0    2    p          :            (au)                -24.883527092282
    1    2    p          :            (au)                -24.883458195453
    2    2    p          :            (au)                 -1.386103238111
    3    2    p          :            (au)                 -1.144663922553
    4    2    p          :            (au)                 -0.623222306369
    5    2    p          :            (au)                 -0.564586700447
    6    2    p          :            (au)                 -0.564586696405
    7    2    p          :            (au)                 -0.434446678961
    8    2    p          :            (au)                 -0.434446675739
---------------------------------------------------------------------------
 Sum occupied            :            (au)               -109.838083012641
===========================================================================


===========================================================================
                           Dipole Moment (dip-1)
---------------------------------------------------------------------------
 r_O                     :        0.000000        0.000000        0.000000
---------------------------------------------------------------------------
 Electronic vector       :        0.000000        0.000001       -0.000033
 Magnitude               :            (au)                        0.000033
                         :         (Debye)                        0.000083
---------------------------------------------------------------------------
 Nuclear vector          :        0.000000        0.000000        0.000000
 Magnitude               :            (au)                        0.000000
                         :         (Debye)                        0.000000
---------------------------------------------------------------------------
 Total vector            :        0.000000        0.000001       -0.000033
 Magnitude               :            (au)                        0.000033
                         :         (Debye)                        0.000083
===========================================================================


                                                                           
                                                                           
***************************************************************************
***                                                                     ***
***                            Exiting MRChem                           ***
***                                                                     ***
***                       Wall time :  0h 18m 14s                       ***
***                                                                     ***
***************************************************************************
                                                                           
                                                                           
