Starting job 3213299 on c11-[49-51] at Tue Aug 3 12:14:55 CEST 2021

Copying 30_b3lyp-g_.out to /cluster/home/ambr/projects/psp/calcs/doublets
Copying 30_b3lyp-g_.json to /cluster/home/ambr/projects/psp/calcs/doublets

Task and CPU usage stats:
       JobID    JobName  AllocCPUS   NTasks     MinCPU MinCPUTask     AveCPU    Elapsed ExitCode 
------------ ---------- ---------- -------- ---------- ---------- ---------- ---------- -------- 
3213299      30_b3lyp-+        120                                             00:10:33      1:0 
3213299.bat+      batch         42        1   00:00:00          0   00:00:00   00:10:33      1:0 
3213299.ext+     extern        120        3   00:00:00          2   00:00:00   00:10:33      0:0 
3213299.0      mrchem.x        120       20   00:10:24         19   00:30:44   00:10:28      0:0 

Memory usage stats:
       JobID     MaxRSS MaxRSSTask     AveRSS MaxPages   MaxPagesTask   AvePages 
------------ ---------- ---------- ---------- -------- -------------- ---------- 
3213299                                                                          
3213299.bat+     14228K          0     14228K        0              0          0 
3213299.ext+          0          2          0        0              2          0 
3213299.0      2882640K          2 2496505036        0              4          0 

Disk usage stats:
       JobID  MaxDiskRead MaxDiskReadTask    AveDiskRead MaxDiskWrite MaxDiskWriteTask   AveDiskWrite 
------------ ------------ --------------- -------------- ------------ ---------------- -------------- 
3213299                                                                                               
3213299.bat+      102.38M               0        102.38M       98.66M                0         98.66M 
3213299.ext+        0.00M               2          0.00M            0                2              0 
3213299.0          15.70M               1          7.60M       64.79M                1         19.81M 

Job 3213299 completed at Tue Aug 3 12:25:28 CEST 2021
