                                                                           
                                                                           
***************************************************************************
***                                                                     ***
***                                                                     ***
***          __  __ ____   ____ _                                       ***
***         |  \/  |  _ \ / ___| |__   ___ _ __ ___                     ***
***         | |\/| | |_) | |   | '_ \ / _ \ '_ ` _ \                    ***
***         | |  | |  _ <| |___| | | |  __/ | | | | |                   ***
***         |_|  |_|_| \_\\____|_| |_|\___|_| |_| |_|                   ***
***                                                                     ***
***         VERSION            1.0.1                                    ***
***                                                                     ***
***         Git branch         HEAD                                     ***
***         Git commit hash    9309e3e1e52e5319b766-dirty               ***
***         Git commit author  Stig Rune Jensen                         ***
***         Git commit date    Fri Dec 4 16:08:55 2020 +0100            ***
***                                                                     ***
***         Contact: luca.frediani@uit.no                               ***
***                                                                     ***
***         Radovan Bast            Magnar Bjorgve                      ***
***         Roberto Di Remigio      Antoine Durdek                      ***
***         Luca Frediani           Gabriel Gerez                       ***
***         Stig Rune Jensen        Jonas Juselius                      ***
***         Rune Monstad            Peter Wind                          ***
***                                                                     ***
***************************************************************************

---------------------------------------------------------------------------

 MPI processes           :        (1 bank)                              20
 OpenMP threads          :                                               6
 Total cores             :                                             120
                                                                           
---------------------------------------------------------------------------

XCFun DFT library Copyright 2009-2020 Ulf Ekstrom and contributors.
See http://dftlibs.org/xcfun/ for more information.

This is free software; see the source code for copying conditions.
There is ABSOLUTELY NO WARRANTY; not even for MERCHANTABILITY or
FITNESS FOR A PARTICULAR PURPOSE. For details see the documentation.
Scientific users of this library should cite
U. Ekstrom, L. Visscher, R. Bast, A. J. Thorvaldsen and K. Ruud;
J.Chem.Theor.Comp. 2010, DOI: 10.1021/ct100117s

---------------------------------------------------------------------------

 MRCPP version         : 1.3.6
 Git branch            : HEAD
 Git commit hash       : 9309e3e1e52e5319b766-dirty
 Git commit author     : Stig Rune Jensen
 Git commit date       : Fri Dec 4 16:08:55 2020 +0100

 Linear algebra        : EIGEN v3.3.7
 Parallelization       : MPI/OpenMP (6 threads)

---------------------------------------------------------------------------


                                                                           
===========================================================================
                         MultiResolution Analysis
---------------------------------------------------------------------------
 polynomial order      : 9
 polynomial type       : Interpolating
---------------------------------------------------------------------------
 total boxes           : 8
 boxes                 : [          2           2           2 ]
 unit lengths          : [   32.00000    32.00000    32.00000 ]
 scaling factor        : [    1.00000     1.00000     1.00000 ]
 lower bounds          : [  -32.00000   -32.00000   -32.00000 ]
 upper bounds          : [   32.00000    32.00000    32.00000 ]
 total length          : [   64.00000    64.00000    64.00000 ]
===========================================================================


                                                                           
***************************************************************************
***                                                                     ***
***                        Initializing Molecule                        ***
***                                                                     ***
***************************************************************************
                                                                           
                                                                           
===========================================================================
                                 Molecule
---------------------------------------------------------------------------
 Charge                  :                                               0
 Multiplicity            :                                               2
---------------------------------------------------------------------------
    N    Atom            :               x               y               z
---------------------------------------------------------------------------
    0       C            :        0.000000        0.000000        0.000000
    1       H            :        0.000000        2.039014        0.000000
    2       H            :        0.000000       -1.019507       -1.765760
    3       H            :        0.000000       -1.019507        1.765760
---------------------------------------------------------------------------
 Center of mass          :        0.000000       -0.000000       -0.000000
===========================================================================


                                                                           
***************************************************************************
***                                                                     ***
***                 Computing Ground State Wavefunction                 ***
***                                                                     ***
***************************************************************************
                                                                           
                                                                           
~~~~~~~~~~~~~~~~~~~~~~~~~~~~~~~~~~~~~~~~~~~~~~~~~~~~~~~~~~~~~~~~~~~~~~~~~~~
 Calculation             : Compute initial orbitals
 Method                  : Diagonalize SAD Hamiltonian
 Precision               : 1.00000e-04
 Restricted              : False
 Functional              : LDA (SVWN5)
 AO basis                : Hydrogenic orbitals
 Zeta quality            : 2
~~~~~~~~~~~~~~~~~~~~~~~~~~~~~~~~~~~~~~~~~~~~~~~~~~~~~~~~~~~~~~~~~~~~~~~~~~~


===========================================================================
                            Molecular Orbitals
---------------------------------------------------------------------------
 Alpha electrons         :                                               5
 Beta electrons          :                                               4
 Total electrons         :                                               9
---------------------------------------------------------------------------
    n  Occ Spin          :                                            Norm
---------------------------------------------------------------------------
    0    1    a          :                              9.999999979055e-01
    1    1    a          :                              9.999999954155e-01
    2    1    a          :                              1.000000027522e+00
    3    1    a          :                              9.999999972188e-01
    4    1    a          :                              9.999999999994e-01
    5    1    b          :                              9.999999979089e-01
    6    1    b          :                              9.999999954407e-01
    7    1    b          :                              1.000000029769e+00
    8    1    b          :                              1.000000068681e+00
===========================================================================


~~~~~~~~~~~~~~~~~~~~~~~~~~~~~~~~~~~~~~~~~~~~~~~~~~~~~~~~~~~~~~~~~~~~~~~~~~~
 Calculation             : Compute initial energy
 Method                  : DFT (PBE)
 Precision               : 1.00000e-04
 Localization            : On
~~~~~~~~~~~~~~~~~~~~~~~~~~~~~~~~~~~~~~~~~~~~~~~~~~~~~~~~~~~~~~~~~~~~~~~~~~~


===========================================================================
                        Molecular Energy (initial)
---------------------------------------------------------------------------
 Kinetic energy          :            (au)                 41.984233022336
 E-N energy              :            (au)               -114.035743149967
 Coulomb energy          :            (au)                 29.309898158606
 Exchange energy         :            (au)                  0.000000000000
 X-C energy              :            (au)                 -6.545912694819
 Ext. field (el)         :            (au)                  0.000000000000
---------------------------------------------------------------------------
 N-N energy              :            (au)                  9.677464074587
 Ext. field (nuc)        :            (au)                  0.000000000000
---------------------------------------------------------------------------
 Electronic energy       :            (au)                -49.287524663844
 Nuclear energy          :            (au)                  9.677464074587
---------------------------------------------------------------------------
 Total energy            :            (au)             -3.961006058926e+01
                         :      (kcal/mol)             -2.485568808742e+04
                         :        (kJ/mol)             -1.039961990253e+05
                         :            (eV)             -1.077844610548e+03
===========================================================================


===========================================================================
                        Orbital Energies (initial)
---------------------------------------------------------------------------
    n  Occ Spin          :                                         Epsilon
---------------------------------------------------------------------------
    0    1    a          :            (au)                 -9.635237716993
    1    1    a          :            (au)                 -0.558199120640
    2    1    a          :            (au)                 -0.349335781564
    3    1    a          :            (au)                 -0.343901453366
    4    1    a          :            (au)                 -0.141883924171
    5    1    b          :            (au)                 -9.619694260707
    6    1    b          :            (au)                 -0.523257710771
    7    1    b          :            (au)                 -0.336965136130
    8    1    b          :            (au)                 -0.331570854399
---------------------------------------------------------------------------
 Sum occupied            :            (au)                -21.840045958741
===========================================================================


~~~~~~~~~~~~~~~~~~~~~~~~~~~~~~~~~~~~~~~~~~~~~~~~~~~~~~~~~~~~~~~~~~~~~~~~~~~
 Calculation             : Optimize ground state orbitals
 Method                  : DFT (PBE)
 Checkpointing           : Off
 Max iterations          : 200
 KAIN solver             : 10
 Localization            : First two iterations
 Diagonalization         : Off
 Start precision         : 1.00000e-06
 Final precision         : 1.00000e-06
 Helmholtz precision     : Dynamic
 Energy threshold        : 1.00000e-06
 Orbital threshold       : 5.00000e-05
~~~~~~~~~~~~~~~~~~~~~~~~~~~~~~~~~~~~~~~~~~~~~~~~~~~~~~~~~~~~~~~~~~~~~~~~~~~


===========================================================================
 Iter           MO residual             Total energy                Update
---------------------------------------------------------------------------
    0          3.000000e+00         -39.610060589257         -3.961006e+01
    1          2.390291e-01         -39.773341112221         -1.632805e-01
    2          7.093102e-02         -39.789206991940         -1.586588e-02
    3          2.429397e-02         -39.791833053323         -2.626061e-03
    4          1.362019e-02         -39.792517849692         -6.847964e-04
    5          1.077959e-02         -39.792791261695         -2.734120e-04
    6          4.889708e-03         -39.792830023957         -3.876226e-05
    7          2.215203e-03         -39.792836292225         -6.268268e-06
    8          1.097122e-03         -39.792838300219         -2.007993e-06
    9          4.953054e-04         -39.792838721254         -4.210358e-07
   10          3.996716e-04         -39.792838852774         -1.315198e-07
   11          7.108878e-05         -39.792838861645         -8.870302e-09
---------------------------------------------------------------------------
                      SCF converged in 11 iterations!
===========================================================================


                                                                           
***************************************************************************
***                                                                     ***
***                    Printing Molecular Properties                    ***
***                                                                     ***
***************************************************************************
                                                                           
                                                                           
===========================================================================
                                 Molecule
---------------------------------------------------------------------------
 Charge                  :                                               0
 Multiplicity            :                                               2
---------------------------------------------------------------------------
    N    Atom            :               x               y               z
---------------------------------------------------------------------------
    0       C            :        0.000000        0.000000        0.000000
    1       H            :        0.000000        2.039014        0.000000
    2       H            :        0.000000       -1.019507       -1.765760
    3       H            :        0.000000       -1.019507        1.765760
---------------------------------------------------------------------------
 Center of mass          :        0.000000       -0.000000       -0.000000
===========================================================================


===========================================================================
                         Molecular Energy (final)
---------------------------------------------------------------------------
 Kinetic energy          :            (au)                 39.612957581283
 E-N energy              :            (au)               -111.271401894993
 Coulomb energy          :            (au)                 28.612265247704
 Exchange energy         :            (au)                  0.000000000000
 X-C energy              :            (au)                 -6.424123870224
 Ext. field (el)         :            (au)                  0.000000000000
---------------------------------------------------------------------------
 N-N energy              :            (au)                  9.677464074587
 Ext. field (nuc)        :            (au)                  0.000000000000
---------------------------------------------------------------------------
 Electronic energy       :            (au)                -49.470302936232
 Nuclear energy          :            (au)                  9.677464074587
---------------------------------------------------------------------------
 Total energy            :            (au)             -3.979283886164e+01
                         :      (kcal/mol)             -2.497038318407e+04
                         :        (kJ/mol)             -1.044760833100e+05
                         :            (eV)             -1.082818260497e+03
===========================================================================


===========================================================================
                         Orbital Energies (final)
---------------------------------------------------------------------------
    n  Occ Spin          :                                         Epsilon
---------------------------------------------------------------------------
    0    1    a          :            (au)                 -9.899314478483
    1    1    a          :            (au)                 -0.621505190518
    2    1    a          :            (au)                 -0.377194247779
    3    1    a          :            (au)                 -0.377192179710
    4    1    a          :            (au)                 -0.199489797162
    5    1    b          :            (au)                 -9.885417979527
    6    1    b          :            (au)                 -0.587168284643
    7    1    b          :            (au)                 -0.367377037929
    8    1    b          :            (au)                 -0.367374277841
---------------------------------------------------------------------------
 Sum occupied            :            (au)                -22.682033473592
===========================================================================


===========================================================================
                           Dipole Moment (dip-1)
---------------------------------------------------------------------------
 r_O                     :        0.000000        0.000000        0.000000
---------------------------------------------------------------------------
 Electronic vector       :        0.000000        0.000011       -0.000000
 Magnitude               :            (au)                        0.000011
                         :         (Debye)                        0.000029
---------------------------------------------------------------------------
 Nuclear vector          :        0.000000        0.000000        0.000000
 Magnitude               :            (au)                        0.000000
                         :         (Debye)                        0.000000
---------------------------------------------------------------------------
 Total vector            :        0.000000        0.000011       -0.000000
 Magnitude               :            (au)                        0.000011
                         :         (Debye)                        0.000029
===========================================================================


                                                                           
                                                                           
***************************************************************************
***                                                                     ***
***                            Exiting MRChem                           ***
***                                                                     ***
***                       Wall time :  0h 12m 49s                       ***
***                                                                     ***
***************************************************************************
                                                                           
                                                                           
