Starting job 3267543 on c2-[4,6,25,46,53],c3-1 at Fri Aug 13 01:08:44 CEST 2021

Copying 30_pbe_.out to /cluster/home/ambr/projects/psp/row12/calcs/doublets
Copying 30_pbe_.json to /cluster/home/ambr/projects/psp/row12/calcs/doublets

Task and CPU usage stats:
       JobID    JobName  AllocCPUS   NTasks     MinCPU MinCPUTask     AveCPU    Elapsed ExitCode 
------------ ---------- ---------- -------- ---------- ---------- ---------- ---------- -------- 
3267543         30_pbe_        120                                             00:12:53      1:0 
3267543.bat+      batch          6        1   00:00:00          0   00:00:00   00:12:53      1:0 
3267543.ext+     extern        120        6   00:00:00          4   00:00:00   00:12:53      0:0 
3267543.0      mrchem.x        120       20   00:12:50         19   00:38:12   00:12:51      0:0 

Memory usage stats:
       JobID     MaxRSS MaxRSSTask     AveRSS MaxPages   MaxPagesTask   AvePages 
------------ ---------- ---------- ---------- -------- -------------- ---------- 
3267543                                                                          
3267543.bat+     14376K          0     14376K        0              0          0 
3267543.ext+          0          4          0        0              4          0 
3267543.0      3372224K          3 2680835891        0              8          0 

Disk usage stats:
       JobID  MaxDiskRead MaxDiskReadTask    AveDiskRead MaxDiskWrite MaxDiskWriteTask   AveDiskWrite 
------------ ------------ --------------- -------------- ------------ ---------------- -------------- 
3267543                                                                                               
3267543.bat+        3.70M               0          3.70M        0.02M                0          0.02M 
3267543.ext+        0.00M               4          0.00M            0                4              0 
3267543.0           2.06M               4          2.05M        2.08M                0          2.07M 

Job 3267543 completed at Fri Aug 13 01:21:38 CEST 2021
