                                                                           
                                                                           
***************************************************************************
***                                                                     ***
***                                                                     ***
***          __  __ ____   ____ _                                       ***
***         |  \/  |  _ \ / ___| |__   ___ _ __ ___                     ***
***         | |\/| | |_) | |   | '_ \ / _ \ '_ ` _ \                    ***
***         | |  | |  _ <| |___| | | |  __/ | | | | |                   ***
***         |_|  |_|_| \_\\____|_| |_|\___|_| |_| |_|                   ***
***                                                                     ***
***         VERSION            1.0.1                                    ***
***                                                                     ***
***         Git branch         HEAD                                     ***
***         Git commit hash    9309e3e1e52e5319b766-dirty               ***
***         Git commit author  Stig Rune Jensen                         ***
***         Git commit date    Fri Dec 4 16:08:55 2020 +0100            ***
***                                                                     ***
***         Contact: luca.frediani@uit.no                               ***
***                                                                     ***
***         Radovan Bast            Magnar Bjorgve                      ***
***         Roberto Di Remigio      Antoine Durdek                      ***
***         Luca Frediani           Gabriel Gerez                       ***
***         Stig Rune Jensen        Jonas Juselius                      ***
***         Rune Monstad            Peter Wind                          ***
***                                                                     ***
***************************************************************************

---------------------------------------------------------------------------

 MPI processes           :        (1 bank)                              20
 OpenMP threads          :                                               6
 Total cores             :                                             120
                                                                           
---------------------------------------------------------------------------

XCFun DFT library Copyright 2009-2020 Ulf Ekstrom and contributors.
See http://dftlibs.org/xcfun/ for more information.

This is free software; see the source code for copying conditions.
There is ABSOLUTELY NO WARRANTY; not even for MERCHANTABILITY or
FITNESS FOR A PARTICULAR PURPOSE. For details see the documentation.
Scientific users of this library should cite
U. Ekstrom, L. Visscher, R. Bast, A. J. Thorvaldsen and K. Ruud;
J.Chem.Theor.Comp. 2010, DOI: 10.1021/ct100117s

---------------------------------------------------------------------------

 MRCPP version         : 1.3.6
 Git branch            : HEAD
 Git commit hash       : 9309e3e1e52e5319b766-dirty
 Git commit author     : Stig Rune Jensen
 Git commit date       : Fri Dec 4 16:08:55 2020 +0100

 Linear algebra        : EIGEN v3.3.7
 Parallelization       : MPI/OpenMP (6 threads)

---------------------------------------------------------------------------


                                                                           
===========================================================================
                         MultiResolution Analysis
---------------------------------------------------------------------------
 polynomial order      : 9
 polynomial type       : Interpolating
---------------------------------------------------------------------------
 total boxes           : 8
 boxes                 : [          2           2           2 ]
 unit lengths          : [   32.00000    32.00000    32.00000 ]
 scaling factor        : [    1.00000     1.00000     1.00000 ]
 lower bounds          : [  -32.00000   -32.00000   -32.00000 ]
 upper bounds          : [   32.00000    32.00000    32.00000 ]
 total length          : [   64.00000    64.00000    64.00000 ]
===========================================================================


                                                                           
***************************************************************************
***                                                                     ***
***                        Initializing Molecule                        ***
***                                                                     ***
***************************************************************************
                                                                           
                                                                           
===========================================================================
                                 Molecule
---------------------------------------------------------------------------
 Charge                  :                                               0
 Multiplicity            :                                               1
---------------------------------------------------------------------------
    N    Atom            :               x               y               z
---------------------------------------------------------------------------
    0       C            :        0.000000        0.000000        0.000000
    1       H            :        1.185992        1.185992        1.185992
    2       H            :        1.185992       -1.185992       -1.185992
    3       H            :       -1.185992        1.185992       -1.185992
    4       H            :       -1.185992       -1.185992        1.185992
---------------------------------------------------------------------------
 Center of mass          :        0.000000        0.000000       -0.000000
===========================================================================


                                                                           
***************************************************************************
***                                                                     ***
***                 Computing Ground State Wavefunction                 ***
***                                                                     ***
***************************************************************************
                                                                           
                                                                           
~~~~~~~~~~~~~~~~~~~~~~~~~~~~~~~~~~~~~~~~~~~~~~~~~~~~~~~~~~~~~~~~~~~~~~~~~~~
 Calculation             : Compute initial orbitals
 Method                  : Diagonalize SAD Hamiltonian
 Precision               : 1.00000e-04
 Restricted              : False
 Functional              : LDA (SVWN5)
 AO basis                : Hydrogenic orbitals
 Zeta quality            : 2
~~~~~~~~~~~~~~~~~~~~~~~~~~~~~~~~~~~~~~~~~~~~~~~~~~~~~~~~~~~~~~~~~~~~~~~~~~~


===========================================================================
                            Molecular Orbitals
---------------------------------------------------------------------------
 Alpha electrons         :                                               5
 Beta electrons          :                                               5
 Total electrons         :                                              10
---------------------------------------------------------------------------
    n  Occ Spin          :                                            Norm
---------------------------------------------------------------------------
    0    1    a          :                              1.000000000191e+00
    1    1    a          :                              1.000000003372e+00
    2    1    a          :                              1.000000010104e+00
    3    1    a          :                              1.000000051963e+00
    4    1    a          :                              1.000000000844e+00
    5    1    b          :                              1.000000000191e+00
    6    1    b          :                              1.000000003376e+00
    7    1    b          :                              1.000000010865e+00
    8    1    b          :                              1.000000052878e+00
    9    1    b          :                              1.000000001653e+00
===========================================================================


~~~~~~~~~~~~~~~~~~~~~~~~~~~~~~~~~~~~~~~~~~~~~~~~~~~~~~~~~~~~~~~~~~~~~~~~~~~
 Calculation             : Compute initial energy
 Method                  : DFT (PBE)
 Precision               : 1.00000e-04
 Localization            : On
~~~~~~~~~~~~~~~~~~~~~~~~~~~~~~~~~~~~~~~~~~~~~~~~~~~~~~~~~~~~~~~~~~~~~~~~~~~


===========================================================================
                        Molecular Energy (initial)
---------------------------------------------------------------------------
 Kinetic energy          :            (au)                 42.917069406879
 E-N energy              :            (au)               -123.832000498132
 Coulomb energy          :            (au)                 34.212896345757
 Exchange energy         :            (au)                  0.000000000000
 X-C energy              :            (au)                 -7.022658401854
 Ext. field (el)         :            (au)                  0.000000000000
---------------------------------------------------------------------------
 N-N energy              :            (au)                 13.472035561749
 Ext. field (nuc)        :            (au)                  0.000000000000
---------------------------------------------------------------------------
 Electronic energy       :            (au)                -53.724693147350
 Nuclear energy          :            (au)                 13.472035561749
---------------------------------------------------------------------------
 Total energy            :            (au)             -4.025265758560e+01
                         :      (kcal/mol)             -2.525892378738e+04
                         :        (kJ/mol)             -1.056833371950e+05
                         :            (eV)             -1.095330564848e+03
===========================================================================


===========================================================================
                        Orbital Energies (initial)
---------------------------------------------------------------------------
    n  Occ Spin          :                                         Epsilon
---------------------------------------------------------------------------
    0    1    a          :            (au)                 -9.461305622992
    1    1    a          :            (au)                 -0.513001111015
    2    1    a          :            (au)                 -0.263415835937
    3    1    a          :            (au)                 -0.263413410800
    4    1    a          :            (au)                 -0.258681417554
    5    1    b          :            (au)                 -9.461306104938
    6    1    b          :            (au)                 -0.512998623788
    7    1    b          :            (au)                 -0.263416927329
    8    1    b          :            (au)                 -0.263401454667
    9    1    b          :            (au)                 -0.258676445226
---------------------------------------------------------------------------
 Sum occupied            :            (au)                -21.519616954246
===========================================================================


~~~~~~~~~~~~~~~~~~~~~~~~~~~~~~~~~~~~~~~~~~~~~~~~~~~~~~~~~~~~~~~~~~~~~~~~~~~
 Calculation             : Optimize ground state orbitals
 Method                  : DFT (PBE)
 Checkpointing           : Off
 Max iterations          : 200
 KAIN solver             : 10
 Localization            : First two iterations
 Diagonalization         : Off
 Start precision         : 1.00000e-06
 Final precision         : 1.00000e-06
 Helmholtz precision     : Dynamic
 Energy threshold        : 1.00000e-06
 Orbital threshold       : 5.00000e-05
~~~~~~~~~~~~~~~~~~~~~~~~~~~~~~~~~~~~~~~~~~~~~~~~~~~~~~~~~~~~~~~~~~~~~~~~~~~


===========================================================================
 Iter           MO residual             Total energy                Update
---------------------------------------------------------------------------
    0          3.162278e+00         -40.252657585601         -4.025266e+01
    1          3.040516e-01         -40.438242252867         -1.855847e-01
    2          1.225247e-01         -40.461872259258         -2.363001e-02
    3          5.168141e-02         -40.466287334754         -4.415075e-03
    4          2.177454e-02         -40.467352738977         -1.065404e-03
    5          1.801162e-02         -40.468063026226         -7.102872e-04
    6          3.872966e-03         -40.468097767339         -3.474111e-05
    7          2.430362e-03         -40.468107942608         -1.017527e-05
    8          6.645284e-04         -40.468108724560         -7.819519e-07
    9          2.434002e-04         -40.468108837338         -1.127780e-07
   10          9.341167e-05         -40.468108862837         -2.549928e-08
---------------------------------------------------------------------------
                      SCF converged in 10 iterations!
===========================================================================


                                                                           
***************************************************************************
***                                                                     ***
***                    Printing Molecular Properties                    ***
***                                                                     ***
***************************************************************************
                                                                           
                                                                           
===========================================================================
                                 Molecule
---------------------------------------------------------------------------
 Charge                  :                                               0
 Multiplicity            :                                               1
---------------------------------------------------------------------------
    N    Atom            :               x               y               z
---------------------------------------------------------------------------
    0       C            :        0.000000        0.000000        0.000000
    1       H            :        1.185992        1.185992        1.185992
    2       H            :        1.185992       -1.185992       -1.185992
    3       H            :       -1.185992        1.185992       -1.185992
    4       H            :       -1.185992       -1.185992        1.185992
---------------------------------------------------------------------------
 Center of mass          :        0.000000        0.000000       -0.000000
===========================================================================


===========================================================================
                         Molecular Energy (final)
---------------------------------------------------------------------------
 Kinetic energy          :            (au)                 40.273498603677
 E-N energy              :            (au)               -120.199785102960
 Coulomb energy          :            (au)                 32.821349961331
 Exchange energy         :            (au)                  0.000000000000
 X-C energy              :            (au)                 -6.835207886634
 Ext. field (el)         :            (au)                  0.000000000000
---------------------------------------------------------------------------
 N-N energy              :            (au)                 13.472035561749
 Ext. field (nuc)        :            (au)                  0.000000000000
---------------------------------------------------------------------------
 Electronic energy       :            (au)                -53.940144424586
 Nuclear energy          :            (au)                 13.472035561749
---------------------------------------------------------------------------
 Total energy            :            (au)             -4.046810886284e+01
                         :      (kcal/mol)             -2.539412150395e+04
                         :        (kJ/mol)             -1.062490044415e+05
                         :            (eV)             -1.101193292512e+03
===========================================================================


===========================================================================
                         Orbital Energies (final)
---------------------------------------------------------------------------
    n  Occ Spin          :                                         Epsilon
---------------------------------------------------------------------------
    0    1    a          :            (au)                 -9.862689054074
    1    1    a          :            (au)                 -0.627351977151
    2    1    a          :            (au)                 -0.347524254875
    3    1    a          :            (au)                 -0.347524238295
    4    1    a          :            (au)                 -0.347521686132
    5    1    b          :            (au)                 -9.862689073870
    6    1    b          :            (au)                 -0.627351998163
    7    1    b          :            (au)                 -0.347524262012
    8    1    b          :            (au)                 -0.347524251502
    9    1    b          :            (au)                 -0.347521696113
---------------------------------------------------------------------------
 Sum occupied            :            (au)                -23.065222492186
===========================================================================


===========================================================================
                           Dipole Moment (dip-1)
---------------------------------------------------------------------------
 r_O                     :        0.000000        0.000000        0.000000
---------------------------------------------------------------------------
 Electronic vector       :        0.000000       -0.000000       -0.000000
 Magnitude               :            (au)                        0.000000
                         :         (Debye)                        0.000000
---------------------------------------------------------------------------
 Nuclear vector          :        0.000000        0.000000        0.000000
 Magnitude               :            (au)                        0.000000
                         :         (Debye)                        0.000000
---------------------------------------------------------------------------
 Total vector            :        0.000000       -0.000000       -0.000000
 Magnitude               :            (au)                        0.000000
                         :         (Debye)                        0.000000
===========================================================================


                                                                           
                                                                           
***************************************************************************
***                                                                     ***
***                            Exiting MRChem                           ***
***                                                                     ***
***                       Wall time :  0h  8m 40s                       ***
***                                                                     ***
***************************************************************************
                                                                           
                                                                           
