Starting job 3267502 on c11-[4,6,15] at Wed Aug 11 12:25:04 CEST 2021

Copying 31_pbe_.out to /cluster/home/ambr/projects/psp/row12/calcs/singlets
Copying 31_pbe_.json to /cluster/home/ambr/projects/psp/row12/calcs/singlets

Task and CPU usage stats:
       JobID    JobName  AllocCPUS   NTasks     MinCPU MinCPUTask     AveCPU    Elapsed ExitCode 
------------ ---------- ---------- -------- ---------- ---------- ---------- ---------- -------- 
3267502         31_pbe_        120                                             00:08:46      1:0 
3267502.bat+      batch         42        1   00:00:00          0   00:00:00   00:08:46      1:0 
3267502.ext+     extern        120        3   00:00:00          1   00:00:00   00:08:46      0:0 
3267502.0      mrchem.x        120       20   00:08:41         19   00:26:20   00:08:44      0:0 

Memory usage stats:
       JobID     MaxRSS MaxRSSTask     AveRSS MaxPages   MaxPagesTask   AvePages 
------------ ---------- ---------- ---------- -------- -------------- ---------- 
3267502                                                                          
3267502.bat+     14248K          0     14248K        0              0          0 
3267502.ext+          0          1          0        0              1          0 
3267502.0      2776144K          8 2320737689        0              2          0 

Disk usage stats:
       JobID  MaxDiskRead MaxDiskReadTask    AveDiskRead MaxDiskWrite MaxDiskWriteTask   AveDiskWrite 
------------ ------------ --------------- -------------- ------------ ---------------- -------------- 
3267502                                                                                               
3267502.bat+        3.73M               0          3.73M        0.02M                0          0.02M 
3267502.ext+        0.00M               1          0.00M            0                1              0 
3267502.0           2.67M               0          2.66M        2.10M                0          2.07M 

Job 3267502 completed at Wed Aug 11 12:33:50 CEST 2021
