Starting job 3267504 on c5-9,c11-[22,52] at Wed Aug 11 12:44:27 CEST 2021

Copying 33_pbe_.out to /cluster/home/ambr/projects/psp/row12/calcs/singlets
Copying 33_pbe_.json to /cluster/home/ambr/projects/psp/row12/calcs/singlets

Task and CPU usage stats:
       JobID    JobName  AllocCPUS   NTasks     MinCPU MinCPUTask     AveCPU    Elapsed ExitCode 
------------ ---------- ---------- -------- ---------- ---------- ---------- ---------- -------- 
3267504         33_pbe_        120                                             00:14:50      1:0 
3267504.bat+      batch         36        1   00:00:00          0   00:00:00   00:14:50      1:0 
3267504.ext+     extern        120        3   00:00:00          1   00:00:00   00:14:50      0:0 
3267504.0      mrchem.x        120       20   00:14:45         19   00:53:25   00:14:49      0:0 

Memory usage stats:
       JobID     MaxRSS MaxRSSTask     AveRSS MaxPages   MaxPagesTask   AvePages 
------------ ---------- ---------- ---------- -------- -------------- ---------- 
3267504                                                                          
3267504.bat+     14244K          0     14244K        0              0          0 
3267504.ext+          0          1          0        0              1          0 
3267504.0      4034832K          1   3563287K        0             19          0 

Disk usage stats:
       JobID  MaxDiskRead MaxDiskReadTask    AveDiskRead MaxDiskWrite MaxDiskWriteTask   AveDiskWrite 
------------ ------------ --------------- -------------- ------------ ---------------- -------------- 
3267504                                                                                               
3267504.bat+        3.70M               0          3.70M        0.02M                0          0.02M 
3267504.ext+        0.00M               1          0.00M            0                1              0 
3267504.0           2.67M              18          2.48M        2.08M                0          2.07M 

Job 3267504 completed at Wed Aug 11 12:59:17 CEST 2021
