                                                                           
                                                                           
***************************************************************************
***                                                                     ***
***                                                                     ***
***          __  __ ____   ____ _                                       ***
***         |  \/  |  _ \ / ___| |__   ___ _ __ ___                     ***
***         | |\/| | |_) | |   | '_ \ / _ \ '_ ` _ \                    ***
***         | |  | |  _ <| |___| | | |  __/ | | | | |                   ***
***         |_|  |_|_| \_\\____|_| |_|\___|_| |_| |_|                   ***
***                                                                     ***
***         VERSION            1.0.1                                    ***
***                                                                     ***
***         Git branch         HEAD                                     ***
***         Git commit hash    9309e3e1e52e5319b766-dirty               ***
***         Git commit author  Stig Rune Jensen                         ***
***         Git commit date    Fri Dec 4 16:08:55 2020 +0100            ***
***                                                                     ***
***         Contact: luca.frediani@uit.no                               ***
***                                                                     ***
***         Radovan Bast            Magnar Bjorgve                      ***
***         Roberto Di Remigio      Antoine Durdek                      ***
***         Luca Frediani           Gabriel Gerez                       ***
***         Stig Rune Jensen        Jonas Juselius                      ***
***         Rune Monstad            Peter Wind                          ***
***                                                                     ***
***************************************************************************

---------------------------------------------------------------------------

 MPI processes           :        (1 bank)                              20
 OpenMP threads          :                                               6
 Total cores             :                                             120
                                                                           
---------------------------------------------------------------------------

XCFun DFT library Copyright 2009-2020 Ulf Ekstrom and contributors.
See http://dftlibs.org/xcfun/ for more information.

This is free software; see the source code for copying conditions.
There is ABSOLUTELY NO WARRANTY; not even for MERCHANTABILITY or
FITNESS FOR A PARTICULAR PURPOSE. For details see the documentation.
Scientific users of this library should cite
U. Ekstrom, L. Visscher, R. Bast, A. J. Thorvaldsen and K. Ruud;
J.Chem.Theor.Comp. 2010, DOI: 10.1021/ct100117s

---------------------------------------------------------------------------

 MRCPP version         : 1.3.6
 Git branch            : HEAD
 Git commit hash       : 9309e3e1e52e5319b766-dirty
 Git commit author     : Stig Rune Jensen
 Git commit date       : Fri Dec 4 16:08:55 2020 +0100

 Linear algebra        : EIGEN v3.3.7
 Parallelization       : MPI/OpenMP (6 threads)

---------------------------------------------------------------------------


                                                                           
===========================================================================
                         MultiResolution Analysis
---------------------------------------------------------------------------
 polynomial order      : 9
 polynomial type       : Interpolating
---------------------------------------------------------------------------
 total boxes           : 8
 boxes                 : [          2           2           2 ]
 unit lengths          : [   32.00000    32.00000    32.00000 ]
 scaling factor        : [    1.00000     1.00000     1.00000 ]
 lower bounds          : [  -32.00000   -32.00000   -32.00000 ]
 upper bounds          : [   32.00000    32.00000    32.00000 ]
 total length          : [   64.00000    64.00000    64.00000 ]
===========================================================================


                                                                           
***************************************************************************
***                                                                     ***
***                        Initializing Molecule                        ***
***                                                                     ***
***************************************************************************
                                                                           
                                                                           
===========================================================================
                                 Molecule
---------------------------------------------------------------------------
 Charge                  :                                               0
 Multiplicity            :                                               2
---------------------------------------------------------------------------
    N    Atom            :               x               y               z
---------------------------------------------------------------------------
    0       C            :        0.000000        0.000000       -1.477315
    1       F            :        0.000000        0.000000        0.933975
---------------------------------------------------------------------------
 Center of mass          :        0.000000        0.000000        0.000000
===========================================================================


                                                                           
***************************************************************************
***                                                                     ***
***                 Computing Ground State Wavefunction                 ***
***                                                                     ***
***************************************************************************
                                                                           
                                                                           
~~~~~~~~~~~~~~~~~~~~~~~~~~~~~~~~~~~~~~~~~~~~~~~~~~~~~~~~~~~~~~~~~~~~~~~~~~~
 Calculation             : Compute initial orbitals
 Method                  : Diagonalize SAD Hamiltonian
 Precision               : 1.00000e-04
 Restricted              : False
 Functional              : LDA (SVWN5)
 AO basis                : Hydrogenic orbitals
 Zeta quality            : 2
~~~~~~~~~~~~~~~~~~~~~~~~~~~~~~~~~~~~~~~~~~~~~~~~~~~~~~~~~~~~~~~~~~~~~~~~~~~


===========================================================================
                            Molecular Orbitals
---------------------------------------------------------------------------
 Alpha electrons         :                                               8
 Beta electrons          :                                               7
 Total electrons         :                                              15
---------------------------------------------------------------------------
    n  Occ Spin          :                                            Norm
---------------------------------------------------------------------------
    0    1    a          :                              9.999995997800e-01
    1    1    a          :                              9.999998646344e-01
    2    1    a          :                              9.999997833725e-01
    3    1    a          :                              9.999990287430e-01
    4    1    a          :                              9.999999944662e-01
    5    1    a          :                              9.999999999748e-01
    6    1    a          :                              1.000000085506e+00
    7    1    a          :                              1.000000000124e+00
    8    1    b          :                              9.999996048092e-01
    9    1    b          :                              9.999998645157e-01
   10    1    b          :                              9.999997887567e-01
   11    1    b          :                              9.999990268868e-01
   12    1    b          :                              9.999999946164e-01
   13    1    b          :                              9.999999999739e-01
   14    1    b          :                              1.000000089855e+00
===========================================================================


~~~~~~~~~~~~~~~~~~~~~~~~~~~~~~~~~~~~~~~~~~~~~~~~~~~~~~~~~~~~~~~~~~~~~~~~~~~
 Calculation             : Compute initial energy
 Method                  : DFT (PBE)
 Precision               : 1.00000e-04
 Localization            : On
~~~~~~~~~~~~~~~~~~~~~~~~~~~~~~~~~~~~~~~~~~~~~~~~~~~~~~~~~~~~~~~~~~~~~~~~~~~


===========================================================================
                        Molecular Energy (initial)
---------------------------------------------------------------------------
 Kinetic energy          :            (au)                144.281616824084
 E-N energy              :            (au)               -378.518077345104
 Coulomb energy          :            (au)                 90.447527853516
 Exchange energy         :            (au)                  0.000000000000
 X-C energy              :            (au)                -15.919147501811
 Ext. field (el)         :            (au)                  0.000000000000
---------------------------------------------------------------------------
 N-N energy              :            (au)                 22.394648472615
 Ext. field (nuc)        :            (au)                  0.000000000000
---------------------------------------------------------------------------
 Electronic energy       :            (au)               -159.708080169315
 Nuclear energy          :            (au)                 22.394648472615
---------------------------------------------------------------------------
 Total energy            :            (au)             -1.373134316967e+02
                         :      (kcal/mol)             -8.616547861056e+04
                         :        (kJ/mol)             -3.605163627406e+05
                         :            (eV)             -3.736488662436e+03
===========================================================================


===========================================================================
                        Orbital Energies (initial)
---------------------------------------------------------------------------
    n  Occ Spin          :                                         Epsilon
---------------------------------------------------------------------------
    0    1    a          :            (au)                -24.063422519546
    1    1    a          :            (au)                 -9.900794556838
    2    1    a          :            (au)                 -1.183908436989
    3    1    a          :            (au)                 -0.561044337088
    4    1    a          :            (au)                 -0.433640142237
    5    1    a          :            (au)                 -0.433441491247
    6    1    a          :            (au)                 -0.317566307401
    7    1    a          :            (au)                 -0.131134514399
    8    1    b          :            (au)                -24.058085412172
    9    1    b          :            (au)                 -9.885896508220
   10    1    b          :            (au)                 -1.173926186905
   11    1    b          :            (au)                 -0.545347927074
   12    1    b          :            (au)                 -0.427317590901
   13    1    b          :            (au)                 -0.403122486797
   14    1    b          :            (au)                 -0.288981273594
---------------------------------------------------------------------------
 Sum occupied            :            (au)                -73.807629691409
===========================================================================


~~~~~~~~~~~~~~~~~~~~~~~~~~~~~~~~~~~~~~~~~~~~~~~~~~~~~~~~~~~~~~~~~~~~~~~~~~~
 Calculation             : Optimize ground state orbitals
 Method                  : DFT (PBE)
 Checkpointing           : Off
 Max iterations          : 200
 KAIN solver             : 10
 Localization            : First two iterations
 Diagonalization         : Off
 Start precision         : 1.00000e-06
 Final precision         : 1.00000e-06
 Helmholtz precision     : Dynamic
 Energy threshold        : 1.00000e-06
 Orbital threshold       : 5.00000e-05
~~~~~~~~~~~~~~~~~~~~~~~~~~~~~~~~~~~~~~~~~~~~~~~~~~~~~~~~~~~~~~~~~~~~~~~~~~~


===========================================================================
 Iter           MO residual             Total energy                Update
---------------------------------------------------------------------------
    0          3.872983e+00        -137.313431696700         -1.373134e+02
    1          2.686142e-01        -137.666908258256         -3.534766e-01
    2          9.334695e-02        -137.698372341871         -3.146408e-02
    3          4.859384e-02        -137.703361285246         -4.988943e-03
    4          2.668763e-02        -137.704808590530         -1.447305e-03
    5          2.445005e-02        -137.705807675991         -9.990855e-04
    6          8.966451e-03        -137.706030218986         -2.225430e-04
    7          1.118171e-02        -137.706247571131         -2.173521e-04
    8          6.047331e-03        -137.706303318854         -5.574772e-05
    9          4.475262e-03        -137.706322339788         -1.902093e-05
   10          1.648214e-03        -137.706326097383         -3.757595e-06
   11          1.410109e-03        -137.706329287479         -3.190096e-06
   12          1.050583e-03        -137.706331035472         -1.747993e-06
   13          8.547705e-04        -137.706331910948         -8.754755e-07
   14          6.108589e-04        -137.706332223107         -3.121594e-07
   15          2.645565e-04        -137.706332302405         -7.929819e-08
   16          1.079654e-04        -137.706332325983         -2.357746e-08
---------------------------------------------------------------------------
                      SCF converged in 16 iterations!
===========================================================================


                                                                           
***************************************************************************
***                                                                     ***
***                    Printing Molecular Properties                    ***
***                                                                     ***
***************************************************************************
                                                                           
                                                                           
===========================================================================
                                 Molecule
---------------------------------------------------------------------------
 Charge                  :                                               0
 Multiplicity            :                                               2
---------------------------------------------------------------------------
    N    Atom            :               x               y               z
---------------------------------------------------------------------------
    0       C            :        0.000000        0.000000       -1.477315
    1       F            :        0.000000        0.000000        0.933975
---------------------------------------------------------------------------
 Center of mass          :        0.000000        0.000000        0.000000
===========================================================================


===========================================================================
                         Molecular Energy (final)
---------------------------------------------------------------------------
 Kinetic energy          :            (au)                137.315845029035
 E-N energy              :            (au)               -371.065905587774
 Coulomb energy          :            (au)                 89.217905468105
 Exchange energy         :            (au)                  0.000000000000
 X-C energy              :            (au)                -15.568825707964
 Ext. field (el)         :            (au)                  0.000000000000
---------------------------------------------------------------------------
 N-N energy              :            (au)                 22.394648472615
 Ext. field (nuc)        :            (au)                  0.000000000000
---------------------------------------------------------------------------
 Electronic energy       :            (au)               -160.100980798598
 Nuclear energy          :            (au)                 22.394648472615
---------------------------------------------------------------------------
 Total energy            :            (au)             -1.377063323260e+02
                         :      (kcal/mol)             -8.641202747581e+04
                         :        (kJ/mol)             -3.615479231935e+05
                         :            (eV)             -3.747180032746e+03
===========================================================================


===========================================================================
                         Orbital Energies (final)
---------------------------------------------------------------------------
    n  Occ Spin          :                                         Epsilon
---------------------------------------------------------------------------
    0    1    a          :            (au)                -24.368549886463
    1    1    a          :            (au)                -10.034039363056
    2    1    a          :            (au)                 -1.232006365446
    3    1    a          :            (au)                 -0.637258085774
    4    1    a          :            (au)                 -0.494111193029
    5    1    a          :            (au)                 -0.492612249545
    6    1    a          :            (au)                 -0.368222126379
    7    1    a          :            (au)                 -0.170698677831
    8    1    b          :            (au)                -24.364890861239
    9    1    b          :            (au)                -10.019988323817
   10    1    b          :            (au)                 -1.224315603490
   11    1    b          :            (au)                 -0.621510425918
   12    1    b          :            (au)                 -0.490659850465
   13    1    b          :            (au)                 -0.469886673126
   14    1    b          :            (au)                 -0.338425203669
---------------------------------------------------------------------------
 Sum occupied            :            (au)                -75.327174889246
===========================================================================


===========================================================================
                           Dipole Moment (dip-1)
---------------------------------------------------------------------------
 r_O                     :        0.000000        0.000000        0.000000
---------------------------------------------------------------------------
 Electronic vector       :       -0.000005       -0.000020        0.819597
 Magnitude               :            (au)                        0.819597
                         :         (Debye)                        2.083209
---------------------------------------------------------------------------
 Nuclear vector          :        0.000000        0.000000       -0.458117
 Magnitude               :            (au)                        0.458117
                         :         (Debye)                        1.164416
---------------------------------------------------------------------------
 Total vector            :       -0.000005       -0.000020        0.361481
 Magnitude               :            (au)                        0.361481
                         :         (Debye)                        0.918793
===========================================================================


                                                                           
                                                                           
***************************************************************************
***                                                                     ***
***                            Exiting MRChem                           ***
***                                                                     ***
***                       Wall time :  0h 16m 22s                       ***
***                                                                     ***
***************************************************************************
                                                                           
                                                                           
