Starting job 3267544 on c2-[4,6,25,46,53],c3-1 at Fri Aug 13 01:21:45 CEST 2021

Copying 34_pbe_.out to /cluster/home/ambr/projects/psp/row12/calcs/doublets
Copying 34_pbe_.json to /cluster/home/ambr/projects/psp/row12/calcs/doublets

Task and CPU usage stats:
       JobID    JobName  AllocCPUS   NTasks     MinCPU MinCPUTask     AveCPU    Elapsed ExitCode 
------------ ---------- ---------- -------- ---------- ---------- ---------- ---------- -------- 
3267544         34_pbe_        120                                             00:16:26      1:0 
3267544.bat+      batch          6        1   00:00:00          0   00:00:00   00:16:26      1:0 
3267544.ext+     extern        120        6   00:00:00          1   00:00:00   00:16:26      0:0 
3267544.0      mrchem.x        120       20   00:16:23         19   00:56:25   00:16:24      0:0 

Memory usage stats:
       JobID     MaxRSS MaxRSSTask     AveRSS MaxPages   MaxPagesTask   AvePages 
------------ ---------- ---------- ---------- -------- -------------- ---------- 
3267544                                                                          
3267544.bat+     14380K          0     14380K        0              0          0 
3267544.ext+          0          1          0        0              1          0 
3267544.0      3113896K          1 2694576742        0              8          0 

Disk usage stats:
       JobID  MaxDiskRead MaxDiskReadTask    AveDiskRead MaxDiskWrite MaxDiskWriteTask   AveDiskWrite 
------------ ------------ --------------- -------------- ------------ ---------------- -------------- 
3267544                                                                                               
3267544.bat+        3.70M               0          3.70M        0.02M                0          0.02M 
3267544.ext+        0.00M               1          0.00M            0                1              0 
3267544.0           2.06M               3          2.05M        2.08M                0          2.07M 

Job 3267544 completed at Fri Aug 13 01:38:11 CEST 2021
