Starting job 3267505 on c5-9,c11-[40,46] at Wed Aug 11 12:59:29 CEST 2021

Copying 35_pbe_.out to /cluster/home/ambr/projects/psp/row12/calcs/singlets
Copying 35_pbe_.json to /cluster/home/ambr/projects/psp/row12/calcs/singlets

Task and CPU usage stats:
       JobID    JobName  AllocCPUS   NTasks     MinCPU MinCPUTask     AveCPU    Elapsed ExitCode 
------------ ---------- ---------- -------- ---------- ---------- ---------- ---------- -------- 
3267505         35_pbe_        120                                             00:29:41      1:0 
3267505.bat+      batch         36        1   00:00:00          0   00:00:00   00:29:41      1:0 
3267505.ext+     extern        120        3   00:00:00          1   00:00:00   00:29:41      0:0 
3267505.0      mrchem.x        120       20   00:29:37         19   01:40:32   00:29:39      0:0 

Memory usage stats:
       JobID     MaxRSS MaxRSSTask     AveRSS MaxPages   MaxPagesTask   AvePages 
------------ ---------- ---------- ---------- -------- -------------- ---------- 
3267505                                                                          
3267505.bat+     14236K          0     14236K        0              0          0 
3267505.ext+          0          1          0        0              1          0 
3267505.0      5683056K          4 4009782681        0             11          0 

Disk usage stats:
       JobID  MaxDiskRead MaxDiskReadTask    AveDiskRead MaxDiskWrite MaxDiskWriteTask   AveDiskWrite 
------------ ------------ --------------- -------------- ------------ ---------------- -------------- 
3267505                                                                                               
3267505.bat+        3.70M               0          3.70M        0.02M                0          0.02M 
3267505.ext+        0.00M               1          0.00M            0                1              0 
3267505.0           2.67M              18          2.48M        2.11M                0          2.07M 

Job 3267505 completed at Wed Aug 11 13:29:11 CEST 2021
