                                                                           
                                                                           
***************************************************************************
***                                                                     ***
***                                                                     ***
***          __  __ ____   ____ _                                       ***
***         |  \/  |  _ \ / ___| |__   ___ _ __ ___                     ***
***         | |\/| | |_) | |   | '_ \ / _ \ '_ ` _ \                    ***
***         | |  | |  _ <| |___| | | |  __/ | | | | |                   ***
***         |_|  |_|_| \_\\____|_| |_|\___|_| |_| |_|                   ***
***                                                                     ***
***         VERSION            1.0.1                                    ***
***                                                                     ***
***         Git branch         HEAD                                     ***
***         Git commit hash    9309e3e1e52e5319b766-dirty               ***
***         Git commit author  Stig Rune Jensen                         ***
***         Git commit date    Fri Dec 4 16:08:55 2020 +0100            ***
***                                                                     ***
***         Contact: luca.frediani@uit.no                               ***
***                                                                     ***
***         Radovan Bast            Magnar Bjorgve                      ***
***         Roberto Di Remigio      Antoine Durdek                      ***
***         Luca Frediani           Gabriel Gerez                       ***
***         Stig Rune Jensen        Jonas Juselius                      ***
***         Rune Monstad            Peter Wind                          ***
***                                                                     ***
***************************************************************************

---------------------------------------------------------------------------

 MPI processes           :        (1 bank)                              20
 OpenMP threads          :                                              10
 Total cores             :                                             200
                                                                           
---------------------------------------------------------------------------

XCFun DFT library Copyright 2009-2020 Ulf Ekstrom and contributors.
See http://dftlibs.org/xcfun/ for more information.

This is free software; see the source code for copying conditions.
There is ABSOLUTELY NO WARRANTY; not even for MERCHANTABILITY or
FITNESS FOR A PARTICULAR PURPOSE. For details see the documentation.
Scientific users of this library should cite
U. Ekstrom, L. Visscher, R. Bast, A. J. Thorvaldsen and K. Ruud;
J.Chem.Theor.Comp. 2010, DOI: 10.1021/ct100117s

---------------------------------------------------------------------------

 MRCPP version         : 1.3.6
 Git branch            : HEAD
 Git commit hash       : 9309e3e1e52e5319b766-dirty
 Git commit author     : Stig Rune Jensen
 Git commit date       : Fri Dec 4 16:08:55 2020 +0100

 Linear algebra        : EIGEN v3.3.7
 Parallelization       : MPI/OpenMP (10 threads)

---------------------------------------------------------------------------


                                                                           
===========================================================================
                         MultiResolution Analysis
---------------------------------------------------------------------------
 polynomial order      : 9
 polynomial type       : Interpolating
---------------------------------------------------------------------------
 total boxes           : 8
 boxes                 : [          2           2           2 ]
 unit lengths          : [   16.00000    16.00000    16.00000 ]
 scaling factor        : [    1.00000     1.00000     1.00000 ]
 lower bounds          : [  -16.00000   -16.00000   -16.00000 ]
 upper bounds          : [   16.00000    16.00000    16.00000 ]
 total length          : [   32.00000    32.00000    32.00000 ]
===========================================================================


                                                                           
***************************************************************************
***                                                                     ***
***                        Initializing Molecule                        ***
***                                                                     ***
***************************************************************************
                                                                           
                                                                           
===========================================================================
                                 Molecule
---------------------------------------------------------------------------
 Charge                  :                                               0
 Multiplicity            :                                               1
---------------------------------------------------------------------------
    N    Atom            :               x               y               z
---------------------------------------------------------------------------
    0       C            :        0.000000        0.000000        1.135611
    1       F            :        0.000000        1.943016       -0.358973
    2       F            :        0.000000       -1.943016       -0.358973
---------------------------------------------------------------------------
 Center of mass          :        0.000000        0.000000       -0.000000
===========================================================================


                                                                           
***************************************************************************
***                                                                     ***
***                 Computing Ground State Wavefunction                 ***
***                                                                     ***
***************************************************************************
                                                                           
                                                                           
~~~~~~~~~~~~~~~~~~~~~~~~~~~~~~~~~~~~~~~~~~~~~~~~~~~~~~~~~~~~~~~~~~~~~~~~~~~
 Calculation             : Compute initial orbitals
 Method                  : Diagonalize SAD Hamiltonian
 Precision               : 1.00000e-03
 Restricted              : True
 Functional              : LDA (SVWN5)
 AO basis                : Hydrogenic orbitals
 Zeta quality            : 2
~~~~~~~~~~~~~~~~~~~~~~~~~~~~~~~~~~~~~~~~~~~~~~~~~~~~~~~~~~~~~~~~~~~~~~~~~~~


===========================================================================
                            Molecular Orbitals
---------------------------------------------------------------------------
 Alpha electrons         :                                              12
 Beta electrons          :                                              12
 Total electrons         :                                              24
---------------------------------------------------------------------------
    n  Occ Spin          :                                            Norm
---------------------------------------------------------------------------
    0    2    p          :                              9.999996026270e-01
    1    2    p          :                              9.999762685199e-01
    2    2    p          :                              9.999994358170e-01
    3    2    p          :                              9.999996661705e-01
    4    2    p          :                              1.000000009148e+00
    5    2    p          :                              1.000011065991e+00
    6    2    p          :                              1.000007194170e+00
    7    2    p          :                              9.999967403799e-01
    8    2    p          :                              1.000001931636e+00
    9    2    p          :                              9.999845941282e-01
   10    2    p          :                              9.999803076168e-01
   11    2    p          :                              9.999898345927e-01
===========================================================================


~~~~~~~~~~~~~~~~~~~~~~~~~~~~~~~~~~~~~~~~~~~~~~~~~~~~~~~~~~~~~~~~~~~~~~~~~~~
 Calculation             : Compute initial energy
 Method                  : DFT (PBE0)
 Precision               : 1.00000e-03
 Localization            : Off
~~~~~~~~~~~~~~~~~~~~~~~~~~~~~~~~~~~~~~~~~~~~~~~~~~~~~~~~~~~~~~~~~~~~~~~~~~~


===========================================================================
                        Molecular Energy (initial)
---------------------------------------------------------------------------
 Kinetic energy          :            (au)                248.757759426974
 E-N energy              :            (au)               -707.291574216780
 Coulomb energy          :            (au)                183.356803898621
 Exchange energy         :            (au)                 -6.386877319557
 X-C energy              :            (au)                -20.159544045579
 Ext. field (el)         :            (au)                  0.000000000000
---------------------------------------------------------------------------
 N-N energy              :            (au)                 64.901319550457
 Ext. field (nuc)        :            (au)                  0.000000000000
---------------------------------------------------------------------------
 Electronic energy       :            (au)               -301.723432256321
 Nuclear energy          :            (au)                 64.901319550457
---------------------------------------------------------------------------
 Total energy            :            (au)             -2.368221127059e+02
                         :      (kcal/mol)             -1.486081181915e+05
                         :        (kJ/mol)             -6.217763669168e+05
                         :            (eV)             -6.444257697194e+03
===========================================================================


===========================================================================
                        Orbital Energies (initial)
---------------------------------------------------------------------------
    n  Occ Spin          :                                         Epsilon
---------------------------------------------------------------------------
    0    2    p          :            (au)                -24.510641496591
    1    2    p          :            (au)                -24.507146420431
    2    2    p          :            (au)                -10.379574180183
    3    2    p          :            (au)                 -1.327791398565
    4    2    p          :            (au)                 -1.229418960456
    5    2    p          :            (au)                 -0.645961111675
    6    2    p          :            (au)                 -0.551594016587
    7    2    p          :            (au)                 -0.527608568191
    8    2    p          :            (au)                 -0.505912176124
    9    2    p          :            (au)                 -0.416496908128
   10    2    p          :            (au)                 -0.393370044533
   11    2    p          :            (au)                 -0.279970685038
---------------------------------------------------------------------------
 Sum occupied            :            (au)               -130.550971933001
===========================================================================


~~~~~~~~~~~~~~~~~~~~~~~~~~~~~~~~~~~~~~~~~~~~~~~~~~~~~~~~~~~~~~~~~~~~~~~~~~~
 Calculation             : Optimize ground state orbitals
 Method                  : DFT (PBE0)
 Checkpointing           : Off
 Max iterations          : 200
 KAIN solver             : 10
 Localization            : Off
 Diagonalization         : First two iterations
 Start precision         : 1.00000e-06
 Final precision         : 1.00000e-06
 Helmholtz precision     : Dynamic
 Energy threshold        : 1.00000e-06
 Orbital threshold       : 1.00000e-05
~~~~~~~~~~~~~~~~~~~~~~~~~~~~~~~~~~~~~~~~~~~~~~~~~~~~~~~~~~~~~~~~~~~~~~~~~~~


===========================================================================
 Iter           MO residual             Total energy                Update
---------------------------------------------------------------------------
    0          3.464102e+00        -236.822112705864         -2.368221e+02
    1          2.890486e-01        -237.527870775187         -7.057581e-01
    2          6.815243e-02        -237.574839780649         -4.696901e-02
    3          3.135540e-02        -237.573596634425          1.243146e-03
    4          1.180017e-02        -237.581237422423         -7.640788e-03
    5          1.506977e-02        -237.582924279564         -1.686857e-03
    6          8.342990e-03        -237.583301039627         -3.767601e-04
    7          9.761279e-03        -237.583707279444         -4.062398e-04
    8          2.337141e-03        -237.583729597212         -2.231777e-05
    9          1.001022e-03        -237.583735388252         -5.791040e-06
   10          7.928287e-04        -237.583736708439         -1.320187e-06
   11          3.575947e-04        -237.583737448535         -7.400964e-07
   12          2.402869e-04        -237.583737631511         -1.829754e-07
   13          2.704809e-04        -237.583737766260         -1.347488e-07
   14          1.526791e-04        -237.583737811903         -4.564373e-08
   15          6.601205e-05        -237.583737825197         -1.329340e-08
   16          3.217344e-05        -237.583737828224         -3.027367e-09
   17          6.067307e-06        -237.583737828482         -2.582965e-10
---------------------------------------------------------------------------
                      SCF converged in 17 iterations!
===========================================================================


                                                                           
***************************************************************************
***                                                                     ***
***                    Printing Molecular Properties                    ***
***                                                                     ***
***************************************************************************
                                                                           
                                                                           
===========================================================================
                                 Molecule
---------------------------------------------------------------------------
 Charge                  :                                               0
 Multiplicity            :                                               1
---------------------------------------------------------------------------
    N    Atom            :               x               y               z
---------------------------------------------------------------------------
    0       C            :        0.000000        0.000000        1.135611
    1       F            :        0.000000        1.943016       -0.358973
    2       F            :        0.000000       -1.943016       -0.358973
---------------------------------------------------------------------------
 Center of mass          :        0.000000        0.000000       -0.000000
===========================================================================


===========================================================================
                         Molecular Energy (final)
---------------------------------------------------------------------------
 Kinetic energy          :            (au)                236.878456619724
 E-N energy              :            (au)               -694.439996958917
 Coulomb energy          :            (au)                181.081883012125
 Exchange energy         :            (au)                 -6.294273206978
 X-C energy              :            (au)                -19.711126844894
 Ext. field (el)         :            (au)                  0.000000000000
---------------------------------------------------------------------------
 N-N energy              :            (au)                 64.901319550457
 Ext. field (nuc)        :            (au)                  0.000000000000
---------------------------------------------------------------------------
 Electronic energy       :            (au)               -302.485057378939
 Nuclear energy          :            (au)                 64.901319550457
---------------------------------------------------------------------------
 Total energy            :            (au)             -2.375837378285e+02
                         :      (kcal/mol)             -1.490860451678e+05
                         :        (kJ/mol)             -6.237760133869e+05
                         :            (eV)             -6.464982571669e+03
===========================================================================


===========================================================================
                         Orbital Energies (final)
---------------------------------------------------------------------------
    n  Occ Spin          :                                         Epsilon
---------------------------------------------------------------------------
    0    2    p          :            (au)                -24.854504222934
    1    2    p          :            (au)                -24.854494751512
    2    2    p          :            (au)                -10.432482488501
    3    2    p          :            (au)                 -1.382708731109
    4    2    p          :            (au)                 -1.305351532012
    5    2    p          :            (au)                 -0.738962706490
    6    2    p          :            (au)                 -0.632454497181
    7    2    p          :            (au)                 -0.585521748828
    8    2    p          :            (au)                 -0.579437414809
    9    2    p          :            (au)                 -0.507369810550
   10    2    p          :            (au)                 -0.480675150515
   11    2    p          :            (au)                 -0.324948824357
---------------------------------------------------------------------------
 Sum occupied            :            (au)               -133.357823757595
===========================================================================


===========================================================================
                           Dipole Moment (dip-1)
---------------------------------------------------------------------------
 r_O                     :        0.000000        0.000000        0.000000
---------------------------------------------------------------------------
 Electronic vector       :        0.000002        0.000002       -0.605786
 Magnitude               :            (au)                        0.605786
                         :         (Debye)                        1.539754
---------------------------------------------------------------------------
 Nuclear vector          :        0.000000        0.000000        0.352154
 Magnitude               :            (au)                        0.352154
                         :         (Debye)                        0.895086
---------------------------------------------------------------------------
 Total vector            :        0.000002        0.000002       -0.253632
 Magnitude               :            (au)                        0.253632
                         :         (Debye)                        0.644668
===========================================================================


                                                                           
                                                                           
***************************************************************************
***                                                                     ***
***                            Exiting MRChem                           ***
***                                                                     ***
***                       Wall time :  0h 55m 30s                       ***
***                                                                     ***
***************************************************************************
                                                                           
                                                                           
[1625704142.707024] [c11-18:7968 :0]          mpool.c:43   UCX  WARN  object 0x2543b40 was not returned to mpool ucp_requests
[1625704142.707040] [c11-18:7968 :0]          mpool.c:43   UCX  WARN  object 0x2543c40 was not returned to mpool ucp_requests
[1625704142.707041] [c11-18:7968 :0]          mpool.c:43   UCX  WARN  object 0x2543d40 was not returned to mpool ucp_requests
[1625704142.707043] [c11-18:7968 :0]          mpool.c:43   UCX  WARN  object 0x2543e40 was not returned to mpool ucp_requests
[1625704142.707044] [c11-18:7968 :0]          mpool.c:43   UCX  WARN  object 0x2543f40 was not returned to mpool ucp_requests
[1625704142.707045] [c11-18:7968 :0]          mpool.c:43   UCX  WARN  object 0x2544040 was not returned to mpool ucp_requests
[1625704142.722322] [c11-20:37088:0]          mpool.c:43   UCX  WARN  object 0x2280200 was not returned to mpool ucp_requests
[1625704142.722335] [c11-20:37088:0]          mpool.c:43   UCX  WARN  object 0x2280a00 was not returned to mpool ucp_requests
[1625704142.722337] [c11-20:37088:0]          mpool.c:43   UCX  WARN  object 0x2280b00 was not returned to mpool ucp_requests
[1625704142.722338] [c11-20:37088:0]          mpool.c:43   UCX  WARN  object 0x2280c00 was not returned to mpool ucp_requests
[1625704142.722339] [c11-20:37088:0]          mpool.c:43   UCX  WARN  object 0x2280e00 was not returned to mpool ucp_requests
[1625704142.722340] [c11-20:37088:0]          mpool.c:43   UCX  WARN  object 0x2280f00 was not returned to mpool ucp_requests
[1625704142.702051] [c11-21:87190:0]          mpool.c:43   UCX  WARN  object 0x1567b40 was not returned to mpool ucp_requests
[1625704142.702064] [c11-21:87190:0]          mpool.c:43   UCX  WARN  object 0x1567c40 was not returned to mpool ucp_requests
[1625704142.702065] [c11-21:87190:0]          mpool.c:43   UCX  WARN  object 0x1567d40 was not returned to mpool ucp_requests
[1625704142.702066] [c11-21:87190:0]          mpool.c:43   UCX  WARN  object 0x1567e40 was not returned to mpool ucp_requests
[1625704142.702068] [c11-21:87190:0]          mpool.c:43   UCX  WARN  object 0x1567f40 was not returned to mpool ucp_requests
[1625704142.702069] [c11-21:87190:0]          mpool.c:43   UCX  WARN  object 0x1568040 was not returned to mpool ucp_requests
[1625704142.742472] [c11-22:97848:0]          mpool.c:43   UCX  WARN  object 0x267fc00 was not returned to mpool ucp_requests
[1625704142.742488] [c11-22:97848:0]          mpool.c:43   UCX  WARN  object 0x2680600 was not returned to mpool ucp_requests
[1625704142.742490] [c11-22:97848:0]          mpool.c:43   UCX  WARN  object 0x2680800 was not returned to mpool ucp_requests
[1625704142.697569] [c11-21:87191:0]          mpool.c:43   UCX  WARN  object 0x116ce40 was not returned to mpool ucp_requests
[1625704142.697584] [c11-21:87191:0]          mpool.c:43   UCX  WARN  object 0x116cf40 was not returned to mpool ucp_requests
[1625704142.697586] [c11-21:87191:0]          mpool.c:43   UCX  WARN  object 0x116d040 was not returned to mpool ucp_requests
[1625704142.773486] [c11-20:37090:0]          mpool.c:43   UCX  WARN  object 0x2255b00 was not returned to mpool ucp_requests
[1625704142.773501] [c11-20:37090:0]          mpool.c:43   UCX  WARN  object 0x2255d00 was not returned to mpool ucp_requests
[1625704142.773503] [c11-20:37090:0]          mpool.c:43   UCX  WARN  object 0x2255f00 was not returned to mpool ucp_requests
[1625704142.740966] [c5-36:36520:0]          mpool.c:43   UCX  WARN  object 0x1bc8c40 was not returned to mpool ucp_requests
[1625704142.740982] [c5-36:36520:0]          mpool.c:43   UCX  WARN  object 0x1bc9740 was not returned to mpool ucp_requests
[1625704142.740984] [c5-36:36520:0]          mpool.c:43   UCX  WARN  object 0x1bc9840 was not returned to mpool ucp_requests
[1625704142.740985] [c5-36:36520:0]          mpool.c:43   UCX  WARN  object 0x1bc9940 was not returned to mpool ucp_requests
[1625704142.740987] [c5-36:36520:0]          mpool.c:43   UCX  WARN  object 0x1bc9b40 was not returned to mpool ucp_requests
[1625704142.740988] [c5-36:36520:0]          mpool.c:43   UCX  WARN  object 0x1bc9d40 was not returned to mpool ucp_requests
[1625704142.740989] [c5-36:36520:0]          mpool.c:43   UCX  WARN  object 0x1bc9e40 was not returned to mpool ucp_requests
[1625704142.740991] [c5-36:36520:0]          mpool.c:43   UCX  WARN  object 0x1bc9f40 was not returned to mpool ucp_requests
[1625704142.746619] [c5-58:66728:0]          mpool.c:43   UCX  WARN  object 0x22de940 was not returned to mpool ucp_requests
[1625704142.746653] [c5-58:66728:0]          mpool.c:43   UCX  WARN  object 0x22df840 was not returned to mpool ucp_requests
[1625704142.746654] [c5-58:66728:0]          mpool.c:43   UCX  WARN  object 0x22df940 was not returned to mpool ucp_requests
[1625704142.746656] [c5-58:66728:0]          mpool.c:43   UCX  WARN  object 0x22dfa40 was not returned to mpool ucp_requests
[1625704142.746657] [c5-58:66728:0]          mpool.c:43   UCX  WARN  object 0x22dfb40 was not returned to mpool ucp_requests
[1625704142.746658] [c5-58:66728:0]          mpool.c:43   UCX  WARN  object 0x22dfc40 was not returned to mpool ucp_requests
[1625704142.746659] [c5-58:66728:0]          mpool.c:43   UCX  WARN  object 0x22dfd40 was not returned to mpool ucp_requests
[1625704142.746661] [c5-58:66728:0]          mpool.c:43   UCX  WARN  object 0x22dfe40 was not returned to mpool ucp_requests
[1625704142.762707] [c3-1:16538:0]          mpool.c:43   UCX  WARN  object 0x11c5e80 was not returned to mpool ucp_requests
[1625704142.762713] [c3-1:16538:0]          mpool.c:43   UCX  WARN  object 0x11c6080 was not returned to mpool ucp_requests
[1625704142.762715] [c3-1:16538:0]          mpool.c:43   UCX  WARN  object 0x11c6280 was not returned to mpool ucp_requests
[1625704142.762716] [c3-1:16538:0]          mpool.c:43   UCX  WARN  object 0x11c6480 was not returned to mpool ucp_requests
[1625704142.762718] [c3-1:16538:0]          mpool.c:43   UCX  WARN  object 0x11c6580 was not returned to mpool ucp_requests
[1625704142.762719] [c3-1:16538:0]          mpool.c:43   UCX  WARN  object 0x11c6680 was not returned to mpool ucp_requests
[1625704142.762721] [c3-1:16538:0]          mpool.c:43   UCX  WARN  object 0x11c6780 was not returned to mpool ucp_requests
[1625704142.762722] [c3-1:16538:0]          mpool.c:43   UCX  WARN  object 0x11c6880 was not returned to mpool ucp_requests
[1625704142.762723] [c3-1:16538:0]          mpool.c:43   UCX  WARN  object 0x11c6980 was not returned to mpool ucp_requests
[1625704142.710930] [c11-22:97846:0]          mpool.c:43   UCX  WARN  object 0x110e940 was not returned to mpool ucp_requests
[1625704142.710948] [c11-22:97846:0]          mpool.c:43   UCX  WARN  object 0x110fa40 was not returned to mpool ucp_requests
[1625704142.710949] [c11-22:97846:0]          mpool.c:43   UCX  WARN  object 0x110fb40 was not returned to mpool ucp_requests
[1625704142.710950] [c11-22:97846:0]          mpool.c:43   UCX  WARN  object 0x110fc40 was not returned to mpool ucp_requests
[1625704142.710952] [c11-22:97846:0]          mpool.c:43   UCX  WARN  object 0x110fe40 was not returned to mpool ucp_requests
[1625704142.710953] [c11-22:97846:0]          mpool.c:43   UCX  WARN  object 0x1110040 was not returned to mpool ucp_requests
[1625704142.721037] [c11-23:87813:0]          mpool.c:43   UCX  WARN  object 0x2453280 was not returned to mpool ucp_requests
[1625704142.721069] [c11-23:87813:0]          mpool.c:43   UCX  WARN  object 0x2453780 was not returned to mpool ucp_requests
[1625704142.721071] [c11-23:87813:0]          mpool.c:43   UCX  WARN  object 0x2453880 was not returned to mpool ucp_requests
[1625704142.721074] [c11-23:87813:0]          mpool.c:43   UCX  WARN  object 0x2453980 was not returned to mpool ucp_requests
[1625704142.721076] [c11-23:87813:0]          mpool.c:43   UCX  WARN  object 0x2453a80 was not returned to mpool ucp_requests
[1625704142.721078] [c11-23:87813:0]          mpool.c:43   UCX  WARN  object 0x2453b80 was not returned to mpool ucp_requests
[1625704142.721080] [c11-23:87813:0]          mpool.c:43   UCX  WARN  object 0x2453c80 was not returned to mpool ucp_requests
[1625704142.721081] [c11-23:87813:0]          mpool.c:43   UCX  WARN  object 0x2453d80 was not returned to mpool ucp_requests
[1625704142.721082] [c11-23:87813:0]          mpool.c:43   UCX  WARN  object 0x2453f80 was not returned to mpool ucp_requests
[1625704142.759867] [c11-18:7970 :0]          mpool.c:43   UCX  WARN  object 0x26ec100 was not returned to mpool ucp_requests
[1625704142.759882] [c11-18:7970 :0]          mpool.c:43   UCX  WARN  object 0x26ecd00 was not returned to mpool ucp_requests
[1625704142.759884] [c11-18:7970 :0]          mpool.c:43   UCX  WARN  object 0x26ece00 was not returned to mpool ucp_requests
[1625704142.740992] [c5-36:36520:0]          mpool.c:43   UCX  WARN  object 0x1bca040 was not returned to mpool ucp_requests
[1625704142.746662] [c5-58:66728:0]          mpool.c:43   UCX  WARN  object 0x22e0040 was not returned to mpool ucp_requests
