                                                                           
                                                                           
***************************************************************************
***                                                                     ***
***                                                                     ***
***          __  __ ____   ____ _                                       ***
***         |  \/  |  _ \ / ___| |__   ___ _ __ ___                     ***
***         | |\/| | |_) | |   | '_ \ / _ \ '_ ` _ \                    ***
***         | |  | |  _ <| |___| | | |  __/ | | | | |                   ***
***         |_|  |_|_| \_\\____|_| |_|\___|_| |_| |_|                   ***
***                                                                     ***
***         VERSION            1.0.1                                    ***
***                                                                     ***
***         Git branch         HEAD                                     ***
***         Git commit hash    9309e3e1e52e5319b766-dirty               ***
***         Git commit author  Stig Rune Jensen                         ***
***         Git commit date    Fri Dec 4 16:08:55 2020 +0100            ***
***                                                                     ***
***         Contact: luca.frediani@uit.no                               ***
***                                                                     ***
***         Radovan Bast            Magnar Bjorgve                      ***
***         Roberto Di Remigio      Antoine Durdek                      ***
***         Luca Frediani           Gabriel Gerez                       ***
***         Stig Rune Jensen        Jonas Juselius                      ***
***         Rune Monstad            Peter Wind                          ***
***                                                                     ***
***************************************************************************

---------------------------------------------------------------------------

 MPI processes           :        (1 bank)                              20
 OpenMP threads          :                                               6
 Total cores             :                                             120
                                                                           
---------------------------------------------------------------------------

XCFun DFT library Copyright 2009-2020 Ulf Ekstrom and contributors.
See http://dftlibs.org/xcfun/ for more information.

This is free software; see the source code for copying conditions.
There is ABSOLUTELY NO WARRANTY; not even for MERCHANTABILITY or
FITNESS FOR A PARTICULAR PURPOSE. For details see the documentation.
Scientific users of this library should cite
U. Ekstrom, L. Visscher, R. Bast, A. J. Thorvaldsen and K. Ruud;
J.Chem.Theor.Comp. 2010, DOI: 10.1021/ct100117s

---------------------------------------------------------------------------

 MRCPP version         : 1.3.6
 Git branch            : HEAD
 Git commit hash       : 9309e3e1e52e5319b766-dirty
 Git commit author     : Stig Rune Jensen
 Git commit date       : Fri Dec 4 16:08:55 2020 +0100

 Linear algebra        : EIGEN v3.3.7
 Parallelization       : MPI/OpenMP (6 threads)

---------------------------------------------------------------------------


                                                                           
===========================================================================
                         MultiResolution Analysis
---------------------------------------------------------------------------
 polynomial order      : 9
 polynomial type       : Interpolating
---------------------------------------------------------------------------
 total boxes           : 8
 boxes                 : [          2           2           2 ]
 unit lengths          : [   32.00000    32.00000    32.00000 ]
 scaling factor        : [    1.00000     1.00000     1.00000 ]
 lower bounds          : [  -32.00000   -32.00000   -32.00000 ]
 upper bounds          : [   32.00000    32.00000    32.00000 ]
 total length          : [   64.00000    64.00000    64.00000 ]
===========================================================================


                                                                           
***************************************************************************
***                                                                     ***
***                        Initializing Molecule                        ***
***                                                                     ***
***************************************************************************
                                                                           
                                                                           
===========================================================================
                                 Molecule
---------------------------------------------------------------------------
 Charge                  :                                               0
 Multiplicity            :                                               2
---------------------------------------------------------------------------
    N    Atom            :               x               y               z
---------------------------------------------------------------------------
    0       C            :        0.640711       -0.000000        0.000000
    1       F            :       -0.135022        2.366693        0.000000
    2       F            :       -0.135022       -1.183346        2.049597
    3       F            :       -0.135022       -1.183346       -2.049597
---------------------------------------------------------------------------
 Center of mass          :        0.000000       -0.000000       -0.000000
===========================================================================


                                                                           
***************************************************************************
***                                                                     ***
***                 Computing Ground State Wavefunction                 ***
***                                                                     ***
***************************************************************************
                                                                           
                                                                           
~~~~~~~~~~~~~~~~~~~~~~~~~~~~~~~~~~~~~~~~~~~~~~~~~~~~~~~~~~~~~~~~~~~~~~~~~~~
 Calculation             : Compute initial orbitals
 Method                  : Diagonalize SAD Hamiltonian
 Precision               : 1.00000e-04
 Restricted              : False
 Functional              : LDA (SVWN5)
 AO basis                : Hydrogenic orbitals
 Zeta quality            : 2
~~~~~~~~~~~~~~~~~~~~~~~~~~~~~~~~~~~~~~~~~~~~~~~~~~~~~~~~~~~~~~~~~~~~~~~~~~~


===========================================================================
                            Molecular Orbitals
---------------------------------------------------------------------------
 Alpha electrons         :                                              17
 Beta electrons          :                                              16
 Total electrons         :                                              33
---------------------------------------------------------------------------
    n  Occ Spin          :                                            Norm
---------------------------------------------------------------------------
    0    1    a          :                              1.000000161941e+00
    1    1    a          :                              1.000000156115e+00
    2    1    a          :                              9.999999963586e-01
    3    1    a          :                              9.999999902176e-01
    4    1    a          :                              9.999999434732e-01
    5    1    a          :                              9.999996730277e-01
    6    1    a          :                              9.999999922000e-01
    7    1    a          :                              9.999996762930e-01
    8    1    a          :                              1.000001954676e+00
    9    1    a          :                              9.999928846637e-01
   10    1    a          :                              9.999991586596e-01
   11    1    a          :                              1.000000034473e+00
   12    1    a          :                              9.999982958133e-01
   13    1    a          :                              1.000000751837e+00
   14    1    a          :                              1.000000877220e+00
   15    1    a          :                              9.999997029658e-01
   16    1    a          :                              9.999983147715e-01
   17    1    b          :                              9.999999762647e-01
   18    1    b          :                              1.000000002211e+00
   19    1    b          :                              9.999999963595e-01
   20    1    b          :                              9.999999910137e-01
   21    1    b          :                              9.999999442727e-01
   22    1    b          :                              9.999996693581e-01
   23    1    b          :                              1.000000115244e+00
   24    1    b          :                              9.999996626550e-01
   25    1    b          :                              1.000001330430e+00
   26    1    b          :                              9.999928846521e-01
   27    1    b          :                              9.999972447046e-01
   28    1    b          :                              1.000002506019e+00
   29    1    b          :                              9.999982974854e-01
   30    1    b          :                              1.000000752289e+00
   31    1    b          :                              1.000000877222e+00
   32    1    b          :                              9.999997029656e-01
===========================================================================


~~~~~~~~~~~~~~~~~~~~~~~~~~~~~~~~~~~~~~~~~~~~~~~~~~~~~~~~~~~~~~~~~~~~~~~~~~~
 Calculation             : Compute initial energy
 Method                  : DFT (PBE)
 Precision               : 1.00000e-04
 Localization            : On
~~~~~~~~~~~~~~~~~~~~~~~~~~~~~~~~~~~~~~~~~~~~~~~~~~~~~~~~~~~~~~~~~~~~~~~~~~~


===========================================================================
                        Molecular Energy (initial)
---------------------------------------------------------------------------
 Kinetic energy          :            (au)                353.992755140230
 E-N energy              :            (au)              -1071.543940560348
 Coulomb energy          :            (au)                294.199354153835
 Exchange energy         :            (au)                  0.000000000000
 X-C energy              :            (au)                -37.397758022435
 Ext. field (el)         :            (au)                  0.000000000000
---------------------------------------------------------------------------
 N-N energy              :            (au)                124.325001635461
 Ext. field (nuc)        :            (au)                  0.000000000000
---------------------------------------------------------------------------
 Electronic energy       :            (au)               -460.749589288718
 Nuclear energy          :            (au)                124.325001635461
---------------------------------------------------------------------------
 Total energy            :            (au)             -3.364245876533e+02
                         :      (kcal/mol)             -2.111096143568e+05
                         :        (kJ/mol)             -8.832826270423e+05
                         :            (eV)             -9.154578994920e+03
===========================================================================


===========================================================================
                        Orbital Energies (initial)
---------------------------------------------------------------------------
    n  Occ Spin          :                                         Epsilon
---------------------------------------------------------------------------
    0    1    a          :            (au)                -24.020257125572
    1    1    a          :            (au)                -23.855051340332
    2    1    a          :            (au)                -23.847796640831
    3    1    a          :            (au)                -10.204996909878
    4    1    a          :            (au)                 -1.199900435485
    5    1    a          :            (au)                 -1.088641687798
    6    1    a          :            (au)                 -1.049219746714
    7    1    a          :            (au)                 -0.559640504660
    8    1    a          :            (au)                 -0.493595968012
    9    1    a          :            (au)                 -0.467018196908
   10    1    a          :            (au)                 -0.455243757677
   11    1    a          :            (au)                 -0.327707491802
   12    1    a          :            (au)                 -0.317203685923
   13    1    a          :            (au)                 -0.279371978043
   14    1    a          :            (au)                 -0.255553765811
   15    1    a          :            (au)                 -0.237789823625
   16    1    a          :            (au)                 -0.159758941575
   17    1    b          :            (au)                -24.015693162455
   18    1    b          :            (au)                -23.851301480874
   19    1    b          :            (au)                -23.843928480922
   20    1    b          :            (au)                -10.191512628423
   21    1    b          :            (au)                 -1.191056935459
   22    1    b          :            (au)                 -1.080142894698
   23    1    b          :            (au)                 -1.041910943661
   24    1    b          :            (au)                 -0.543201788540
   25    1    b          :            (au)                 -0.457917969972
   26    1    b          :            (au)                 -0.447538344137
   27    1    b          :            (au)                 -0.436297993711
   28    1    b          :            (au)                 -0.321658412233
   29    1    b          :            (au)                 -0.292977604874
   30    1    b          :            (au)                 -0.275503598485
   31    1    b          :            (au)                 -0.246462740417
   32    1    b          :            (au)                 -0.234366279299
---------------------------------------------------------------------------
 Sum occupied            :            (au)               -177.290219258807
===========================================================================


~~~~~~~~~~~~~~~~~~~~~~~~~~~~~~~~~~~~~~~~~~~~~~~~~~~~~~~~~~~~~~~~~~~~~~~~~~~
 Calculation             : Optimize ground state orbitals
 Method                  : DFT (PBE)
 Checkpointing           : Off
 Max iterations          : 200
 KAIN solver             : 10
 Localization            : First two iterations
 Diagonalization         : Off
 Start precision         : 1.00000e-06
 Final precision         : 1.00000e-06
 Helmholtz precision     : Dynamic
 Energy threshold        : 1.00000e-06
 Orbital threshold       : 5.00000e-05
~~~~~~~~~~~~~~~~~~~~~~~~~~~~~~~~~~~~~~~~~~~~~~~~~~~~~~~~~~~~~~~~~~~~~~~~~~~


===========================================================================
 Iter           MO residual             Total energy                Update
---------------------------------------------------------------------------
    0          5.744563e+00        -336.424587653258         -3.364246e+02
    1          5.371632e-01        -337.328729229071         -9.041416e-01
    2          1.626938e-01        -337.401957882934         -7.322865e-02
    3          1.007026e-01        -337.412771159003         -1.081328e-02
    4          4.741195e-02        -337.417618247818         -4.847089e-03
    5          2.174527e-02        -337.418950776685         -1.332529e-03
    6          1.420154e-02        -337.419430485280         -4.797086e-04
    7          1.294938e-02        -337.419728398785         -2.979135e-04
    8          1.176772e-02        -337.419894107658         -1.657089e-04
    9          6.236222e-03        -337.419944892657         -5.078500e-05
   10          3.814191e-03        -337.419965936484         -2.104383e-05
   11          2.701865e-03        -337.419976067904         -1.013142e-05
   12          2.011591e-03        -337.419980802484         -4.734580e-06
   13          7.708109e-04        -337.419981967247         -1.164763e-06
   14          3.639570e-04        -337.419982302439         -3.351917e-07
   15          3.371456e-04        -337.419982538519         -2.360801e-07
   16          2.342252e-04        -337.419982627749         -8.922973e-08
   17          2.109863e-04        -337.419982682810         -5.506115e-08
   18          1.064923e-04        -337.419982699816         -1.700613e-08
---------------------------------------------------------------------------
                      SCF converged in 18 iterations!
===========================================================================


                                                                           
***************************************************************************
***                                                                     ***
***                    Printing Molecular Properties                    ***
***                                                                     ***
***************************************************************************
                                                                           
                                                                           
===========================================================================
                                 Molecule
---------------------------------------------------------------------------
 Charge                  :                                               0
 Multiplicity            :                                               2
---------------------------------------------------------------------------
    N    Atom            :               x               y               z
---------------------------------------------------------------------------
    0       C            :        0.640711       -0.000000        0.000000
    1       F            :       -0.135022        2.366693        0.000000
    2       F            :       -0.135022       -1.183346        2.049597
    3       F            :       -0.135022       -1.183346       -2.049597
---------------------------------------------------------------------------
 Center of mass          :        0.000000       -0.000000       -0.000000
===========================================================================


===========================================================================
                         Molecular Energy (final)
---------------------------------------------------------------------------
 Kinetic energy          :            (au)                336.555044871022
 E-N energy              :            (au)              -1051.804387756344
 Coulomb energy          :            (au)                289.941754639639
 Exchange energy         :            (au)                  0.000000000000
 X-C energy              :            (au)                -36.437396089593
 Ext. field (el)         :            (au)                  0.000000000000
---------------------------------------------------------------------------
 N-N energy              :            (au)                124.325001635461
 Ext. field (nuc)        :            (au)                  0.000000000000
---------------------------------------------------------------------------
 Electronic energy       :            (au)               -461.744984335277
 Nuclear energy          :            (au)                124.325001635461
---------------------------------------------------------------------------
 Total energy            :            (au)             -3.374199826998e+02
                         :      (kcal/mol)             -2.117342341740e+05
                         :        (kJ/mol)             -8.858960363588e+05
                         :            (eV)             -9.181665072809e+03
===========================================================================


===========================================================================
                         Orbital Energies (final)
---------------------------------------------------------------------------
    n  Occ Spin          :                                         Epsilon
---------------------------------------------------------------------------
    0    1    a          :            (au)                -24.322897767692
    1    1    a          :            (au)                -24.322879264167
    2    1    a          :            (au)                -24.322874459675
    3    1    a          :            (au)                -10.138382327868
    4    1    a          :            (au)                 -1.247895906164
    5    1    a          :            (au)                 -1.164236304183
    6    1    a          :            (au)                 -1.164227731608
    7    1    a          :            (au)                 -0.657059344768
    8    1    a          :            (au)                 -0.566037066603
    9    1    a          :            (au)                 -0.566030141946
   10    1    a          :            (au)                 -0.525283309233
   11    1    a          :            (au)                 -0.439304325347
   12    1    a          :            (au)                 -0.439303094155
   13    1    a          :            (au)                 -0.408016274027
   14    1    a          :            (au)                 -0.408008124803
   15    1    a          :            (au)                 -0.381849785480
   16    1    a          :            (au)                 -0.231163651813
   17    1    b          :            (au)                -24.319815546793
   18    1    b          :            (au)                -24.319799363531
   19    1    b          :            (au)                -24.319793171041
   20    1    b          :            (au)                -10.124553550566
   21    1    b          :            (au)                 -1.240612894935
   22    1    b          :            (au)                 -1.157929686683
   23    1    b          :            (au)                 -1.157922445873
   24    1    b          :            (au)                 -0.645059897096
   25    1    b          :            (au)                 -0.558396483447
   26    1    b          :            (au)                 -0.558390204370
   27    1    b          :            (au)                 -0.496728655861
   28    1    b          :            (au)                 -0.433654275433
   29    1    b          :            (au)                 -0.433652022297
   30    1    b          :            (au)                 -0.401850907799
   31    1    b          :            (au)                 -0.401844689834
   32    1    b          :            (au)                 -0.379206995329
---------------------------------------------------------------------------
 Sum occupied            :            (au)               -182.254659670422
===========================================================================


===========================================================================
                           Dipole Moment (dip-1)
---------------------------------------------------------------------------
 r_O                     :        0.000000        0.000000        0.000000
---------------------------------------------------------------------------
 Electronic vector       :       -0.119613        0.000092       -0.000026
 Magnitude               :            (au)                        0.119613
                         :         (Debye)                        0.304026
---------------------------------------------------------------------------
 Nuclear vector          :        0.198685       -0.000000        0.000000
 Magnitude               :            (au)                        0.198685
                         :         (Debye)                        0.505007
---------------------------------------------------------------------------
 Total vector            :        0.079072        0.000092       -0.000026
 Magnitude               :            (au)                        0.079072
                         :         (Debye)                        0.200981
===========================================================================


                                                                           
                                                                           
***************************************************************************
***                                                                     ***
***                            Exiting MRChem                           ***
***                                                                     ***
***                       Wall time :  0h 41m 20s                       ***
***                                                                     ***
***************************************************************************
                                                                           
                                                                           
