Starting job 3213303 on c10-[26-28] at Tue Aug 3 12:14:55 CEST 2021

Copying 36_pbe0_.out to /cluster/home/ambr/projects/psp/calcs/doublets
Copying 36_pbe0_.json to /cluster/home/ambr/projects/psp/calcs/doublets

Task and CPU usage stats:
       JobID    JobName  AllocCPUS   NTasks     MinCPU MinCPUTask     AveCPU    Elapsed ExitCode 
------------ ---------- ---------- -------- ---------- ---------- ---------- ---------- -------- 
3213303        36_pbe0_        120                                             01:08:41      1:0 
3213303.bat+      batch         42        1   00:00:01          0   00:00:01   01:08:41      1:0 
3213303.ext+     extern        120        3   00:00:00          2   00:00:00   01:08:41      0:0 
3213303.0      mrchem.x        120       20   01:08:22         19   04:00:54   01:08:23      0:0 

Memory usage stats:
       JobID     MaxRSS MaxRSSTask     AveRSS MaxPages   MaxPagesTask   AvePages 
------------ ---------- ---------- ---------- -------- -------------- ---------- 
3213303                                                                          
3213303.bat+     14228K          0     14228K        0              0          0 
3213303.ext+          0          2          0        0              2          0 
3213303.0      6180992K          7 5284636467        0             18          0 

Disk usage stats:
       JobID  MaxDiskRead MaxDiskReadTask    AveDiskRead MaxDiskWrite MaxDiskWriteTask   AveDiskWrite 
------------ ------------ --------------- -------------- ------------ ---------------- -------------- 
3213303                                                                                               
3213303.bat+      457.85M               0        457.85M      454.13M                0        454.13M 
3213303.ext+        0.00M               2          0.00M            0                2              0 
3213303.0          34.31M               5         25.37M      143.19M                7         87.04M 

Job 3213303 completed at Tue Aug 3 13:23:36 CEST 2021
