                                                                           
                                                                           
***************************************************************************
***                                                                     ***
***                                                                     ***
***          __  __ ____   ____ _                                       ***
***         |  \/  |  _ \ / ___| |__   ___ _ __ ___                     ***
***         | |\/| | |_) | |   | '_ \ / _ \ '_ ` _ \                    ***
***         | |  | |  _ <| |___| | | |  __/ | | | | |                   ***
***         |_|  |_|_| \_\\____|_| |_|\___|_| |_| |_|                   ***
***                                                                     ***
***         VERSION            1.0.1                                    ***
***                                                                     ***
***         Git branch         HEAD                                     ***
***         Git commit hash    9309e3e1e52e5319b766-dirty               ***
***         Git commit author  Stig Rune Jensen                         ***
***         Git commit date    Fri Dec 4 16:08:55 2020 +0100            ***
***                                                                     ***
***         Contact: luca.frediani@uit.no                               ***
***                                                                     ***
***         Radovan Bast            Magnar Bjorgve                      ***
***         Roberto Di Remigio      Antoine Durdek                      ***
***         Luca Frediani           Gabriel Gerez                       ***
***         Stig Rune Jensen        Jonas Juselius                      ***
***         Rune Monstad            Peter Wind                          ***
***                                                                     ***
***************************************************************************

---------------------------------------------------------------------------

 MPI processes           :        (1 bank)                              20
 OpenMP threads          :                                               6
 Total cores             :                                             120
                                                                           
---------------------------------------------------------------------------

XCFun DFT library Copyright 2009-2020 Ulf Ekstrom and contributors.
See http://dftlibs.org/xcfun/ for more information.

This is free software; see the source code for copying conditions.
There is ABSOLUTELY NO WARRANTY; not even for MERCHANTABILITY or
FITNESS FOR A PARTICULAR PURPOSE. For details see the documentation.
Scientific users of this library should cite
U. Ekstrom, L. Visscher, R. Bast, A. J. Thorvaldsen and K. Ruud;
J.Chem.Theor.Comp. 2010, DOI: 10.1021/ct100117s

---------------------------------------------------------------------------

 MRCPP version         : 1.3.6
 Git branch            : HEAD
 Git commit hash       : 9309e3e1e52e5319b766-dirty
 Git commit author     : Stig Rune Jensen
 Git commit date       : Fri Dec 4 16:08:55 2020 +0100

 Linear algebra        : EIGEN v3.3.7
 Parallelization       : MPI/OpenMP (6 threads)

---------------------------------------------------------------------------


                                                                           
===========================================================================
                         MultiResolution Analysis
---------------------------------------------------------------------------
 polynomial order      : 9
 polynomial type       : Interpolating
---------------------------------------------------------------------------
 total boxes           : 8
 boxes                 : [          2           2           2 ]
 unit lengths          : [   32.00000    32.00000    32.00000 ]
 scaling factor        : [    1.00000     1.00000     1.00000 ]
 lower bounds          : [  -32.00000   -32.00000   -32.00000 ]
 upper bounds          : [   32.00000    32.00000    32.00000 ]
 total length          : [   64.00000    64.00000    64.00000 ]
===========================================================================


                                                                           
***************************************************************************
***                                                                     ***
***                        Initializing Molecule                        ***
***                                                                     ***
***************************************************************************
                                                                           
                                                                           
===========================================================================
                                 Molecule
---------------------------------------------------------------------------
 Charge                  :                                               0
 Multiplicity            :                                               1
---------------------------------------------------------------------------
    N    Atom            :               x               y               z
---------------------------------------------------------------------------
    0       C            :        0.000000        0.000000       -1.217781
    1       O            :        0.000000        0.000000        0.914208
---------------------------------------------------------------------------
 Center of mass          :        0.000000        0.000000       -0.000000
===========================================================================


                                                                           
***************************************************************************
***                                                                     ***
***                 Computing Ground State Wavefunction                 ***
***                                                                     ***
***************************************************************************
                                                                           
                                                                           
~~~~~~~~~~~~~~~~~~~~~~~~~~~~~~~~~~~~~~~~~~~~~~~~~~~~~~~~~~~~~~~~~~~~~~~~~~~
 Calculation             : Compute initial orbitals
 Method                  : Diagonalize SAD Hamiltonian
 Precision               : 1.00000e-04
 Restricted              : False
 Functional              : LDA (SVWN5)
 AO basis                : Hydrogenic orbitals
 Zeta quality            : 2
~~~~~~~~~~~~~~~~~~~~~~~~~~~~~~~~~~~~~~~~~~~~~~~~~~~~~~~~~~~~~~~~~~~~~~~~~~~


===========================================================================
                            Molecular Orbitals
---------------------------------------------------------------------------
 Alpha electrons         :                                               7
 Beta electrons          :                                               7
 Total electrons         :                                              14
---------------------------------------------------------------------------
    n  Occ Spin          :                                            Norm
---------------------------------------------------------------------------
    0    1    a          :                              9.999997683846e-01
    1    1    a          :                              1.000000001214e+00
    2    1    a          :                              9.999997160136e-01
    3    1    a          :                              1.000000846292e+00
    4    1    a          :                              9.999999999437e-01
    5    1    a          :                              9.999999999334e-01
    6    1    a          :                              1.000000015595e+00
    7    1    b          :                              9.999998554230e-01
    8    1    b          :                              1.000000001318e+00
    9    1    b          :                              9.999986895181e-01
   10    1    b          :                              1.000000845309e+00
   11    1    b          :                              9.999999999057e-01
   12    1    b          :                              9.999999999273e-01
   13    1    b          :                              1.000000013352e+00
===========================================================================


~~~~~~~~~~~~~~~~~~~~~~~~~~~~~~~~~~~~~~~~~~~~~~~~~~~~~~~~~~~~~~~~~~~~~~~~~~~
 Calculation             : Compute initial energy
 Method                  : DFT (PBE)
 Precision               : 1.00000e-04
 Localization            : On
~~~~~~~~~~~~~~~~~~~~~~~~~~~~~~~~~~~~~~~~~~~~~~~~~~~~~~~~~~~~~~~~~~~~~~~~~~~


===========================================================================
                        Molecular Energy (initial)
---------------------------------------------------------------------------
 Kinetic energy          :            (au)                119.651622774952
 E-N energy              :            (au)               -318.733541702006
 Coulomb energy          :            (au)                 77.871898035859
 Exchange energy         :            (au)                  0.000000000000
 X-C energy              :            (au)                -14.145099158150
 Ext. field (el)         :            (au)                  0.000000000000
---------------------------------------------------------------------------
 N-N energy              :            (au)                 22.514188934364
 Ext. field (nuc)        :            (au)                  0.000000000000
---------------------------------------------------------------------------
 Electronic energy       :            (au)               -135.355120049344
 Nuclear energy          :            (au)                 22.514188934364
---------------------------------------------------------------------------
 Total energy            :            (au)             -1.128409311150e+02
                         :      (kcal/mol)             -7.080875276543e+04
                         :        (kJ/mol)             -2.962638217628e+05
                         :            (eV)             -3.070558025970e+03
===========================================================================


===========================================================================
                        Orbital Energies (initial)
---------------------------------------------------------------------------
    n  Occ Spin          :                                         Epsilon
---------------------------------------------------------------------------
    0    1    a          :            (au)                -18.388724038433
    1    1    a          :            (au)                 -9.989217367233
    2    1    a          :            (au)                 -1.012386363308
    3    1    a          :            (au)                 -0.404681652123
    4    1    a          :            (au)                 -0.341173623083
    5    1    a          :            (au)                 -0.330804215122
    6    1    a          :            (au)                 -0.289236521509
    7    1    b          :            (au)                -18.388727178850
    8    1    b          :            (au)                 -9.989233146254
    9    1    b          :            (au)                 -1.012369549373
   10    1    b          :            (au)                 -0.404685581769
   11    1    b          :            (au)                 -0.341159445339
   12    1    b          :            (au)                 -0.330799691087
   13    1    b          :            (au)                 -0.289236038385
---------------------------------------------------------------------------
 Sum occupied            :            (au)                -61.512434411867
===========================================================================


~~~~~~~~~~~~~~~~~~~~~~~~~~~~~~~~~~~~~~~~~~~~~~~~~~~~~~~~~~~~~~~~~~~~~~~~~~~
 Calculation             : Optimize ground state orbitals
 Method                  : DFT (PBE)
 Checkpointing           : Off
 Max iterations          : 200
 KAIN solver             : 10
 Localization            : First two iterations
 Diagonalization         : Off
 Start precision         : 1.00000e-06
 Final precision         : 1.00000e-06
 Helmholtz precision     : Dynamic
 Energy threshold        : 1.00000e-06
 Orbital threshold       : 5.00000e-05
~~~~~~~~~~~~~~~~~~~~~~~~~~~~~~~~~~~~~~~~~~~~~~~~~~~~~~~~~~~~~~~~~~~~~~~~~~~


===========================================================================
 Iter           MO residual             Total energy                Update
---------------------------------------------------------------------------
    0          3.741657e+00        -112.840931114980         -1.128409e+02
    1          2.950489e-01        -113.201559378998         -3.606283e-01
    2          1.113357e-01        -113.234811212862         -3.325183e-02
    3          5.553542e-02        -113.239996782619         -5.185570e-03
    4          2.573401e-02        -113.241566202814         -1.569420e-03
    5          1.381988e-02        -113.242282728457         -7.165256e-04
    6          6.636642e-03        -113.242441564457         -1.588360e-04
    7          7.512020e-03        -113.242554390826         -1.128264e-04
    8          5.076984e-03        -113.242586322485         -3.193166e-05
    9          2.504425e-03        -113.242598563936         -1.224145e-05
   10          1.379923e-03        -113.242602817645         -4.253709e-06
   11          1.130660e-03        -113.242604850251         -2.032606e-06
   12          7.196140e-04        -113.242605603332         -7.530810e-07
   13          2.996050e-04        -113.242605787242         -1.839104e-07
   14          1.729343e-04        -113.242605856709         -6.946706e-08
   15          1.365241e-04        -113.242605892972         -3.626229e-08
---------------------------------------------------------------------------
                      SCF converged in 15 iterations!
===========================================================================


                                                                           
***************************************************************************
***                                                                     ***
***                    Printing Molecular Properties                    ***
***                                                                     ***
***************************************************************************
                                                                           
                                                                           
===========================================================================
                                 Molecule
---------------------------------------------------------------------------
 Charge                  :                                               0
 Multiplicity            :                                               1
---------------------------------------------------------------------------
    N    Atom            :               x               y               z
---------------------------------------------------------------------------
    0       C            :        0.000000        0.000000       -1.217781
    1       O            :        0.000000        0.000000        0.914208
---------------------------------------------------------------------------
 Center of mass          :        0.000000        0.000000       -0.000000
===========================================================================


===========================================================================
                         Molecular Energy (final)
---------------------------------------------------------------------------
 Kinetic energy          :            (au)                112.900757636527
 E-N energy              :            (au)               -311.254382425075
 Coulomb energy          :            (au)                 76.358964183207
 Exchange energy         :            (au)                  0.000000000000
 X-C energy              :            (au)                -13.762134221995
 Ext. field (el)         :            (au)                  0.000000000000
---------------------------------------------------------------------------
 N-N energy              :            (au)                 22.514188934364
 Ext. field (nuc)        :            (au)                  0.000000000000
---------------------------------------------------------------------------
 Electronic energy       :            (au)               -135.756794827336
 Nuclear energy          :            (au)                 22.514188934364
---------------------------------------------------------------------------
 Total energy            :            (au)             -1.132426058930e+02
                         :      (kcal/mol)             -7.106080749207e+04
                         :        (kJ/mol)             -2.973184187398e+05
                         :            (eV)             -3.081488153019e+03
===========================================================================


===========================================================================
                         Orbital Energies (final)
---------------------------------------------------------------------------
    n  Occ Spin          :                                         Epsilon
---------------------------------------------------------------------------
    0    1    a          :            (au)                -18.857617726279
    1    1    a          :            (au)                 -9.999783914667
    2    1    a          :            (au)                 -1.076797392003
    3    1    a          :            (au)                 -0.519228782640
    4    1    a          :            (au)                 -0.435897514120
    5    1    a          :            (au)                 -0.435896312092
    6    1    a          :            (au)                 -0.332239310307
    7    1    b          :            (au)                -18.857617718757
    8    1    b          :            (au)                 -9.999783920116
    9    1    b          :            (au)                 -1.076797385998
   10    1    b          :            (au)                 -0.519228779750
   11    1    b          :            (au)                 -0.435897506709
   12    1    b          :            (au)                 -0.435896306390
   13    1    b          :            (au)                 -0.332239315087
---------------------------------------------------------------------------
 Sum occupied            :            (au)                -63.314921884916
===========================================================================


===========================================================================
                           Dipole Moment (dip-1)
---------------------------------------------------------------------------
 r_O                     :        0.000000        0.000000        0.000000
---------------------------------------------------------------------------
 Electronic vector       :       -0.000000        0.000001        0.081093
 Magnitude               :            (au)                        0.081093
                         :         (Debye)                        0.206117
---------------------------------------------------------------------------
 Nuclear vector          :        0.000000        0.000000        0.006972
 Magnitude               :            (au)                        0.006972
                         :         (Debye)                        0.017721
---------------------------------------------------------------------------
 Total vector            :       -0.000000        0.000001        0.088065
 Magnitude               :            (au)                        0.088065
                         :         (Debye)                        0.223839
===========================================================================


                                                                           
                                                                           
***************************************************************************
***                                                                     ***
***                            Exiting MRChem                           ***
***                                                                     ***
***                       Wall time :  0h 12m 49s                       ***
***                                                                     ***
***************************************************************************
                                                                           
                                                                           
