Starting job 3267508 on c5-9,c11-[40,46] at Wed Aug 11 13:42:15 CEST 2021

Copying 39_pbe_.out to /cluster/home/ambr/projects/psp/row12/calcs/singlets
Copying 39_pbe_.json to /cluster/home/ambr/projects/psp/row12/calcs/singlets

Task and CPU usage stats:
       JobID    JobName  AllocCPUS   NTasks     MinCPU MinCPUTask     AveCPU    Elapsed ExitCode 
------------ ---------- ---------- -------- ---------- ---------- ---------- ---------- -------- 
3267508         39_pbe_        120                                             00:26:11      1:0 
3267508.bat+      batch         36        1   00:00:00          0   00:00:00   00:26:11      1:0 
3267508.ext+     extern        120        3   00:00:00          1   00:00:00   00:26:11      0:0 
3267508.0      mrchem.x        120       20   00:26:07         19   01:24:42   00:26:09      0:0 

Memory usage stats:
       JobID     MaxRSS MaxRSSTask     AveRSS MaxPages   MaxPagesTask   AvePages 
------------ ---------- ---------- ---------- -------- -------------- ---------- 
3267508                                                                          
3267508.bat+     14236K          0     14236K        0              0          0 
3267508.ext+          0          1          0        0              1          0 
3267508.0      5289508K          2 4032540057        0              7          0 

Disk usage stats:
       JobID  MaxDiskRead MaxDiskReadTask    AveDiskRead MaxDiskWrite MaxDiskWriteTask   AveDiskWrite 
------------ ------------ --------------- -------------- ------------ ---------------- -------------- 
3267508                                                                                               
3267508.bat+        3.70M               0          3.70M        0.02M                0          0.02M 
3267508.ext+        0.00M               1          0.00M            0                1              0 
3267508.0           2.67M              11          2.48M        2.11M                0          2.07M 

Job 3267508 completed at Wed Aug 11 14:08:25 CEST 2021
