                                                                           
                                                                           
***************************************************************************
***                                                                     ***
***                                                                     ***
***          __  __ ____   ____ _                                       ***
***         |  \/  |  _ \ / ___| |__   ___ _ __ ___                     ***
***         | |\/| | |_) | |   | '_ \ / _ \ '_ ` _ \                    ***
***         | |  | |  _ <| |___| | | |  __/ | | | | |                   ***
***         |_|  |_|_| \_\\____|_| |_|\___|_| |_| |_|                   ***
***                                                                     ***
***         VERSION            1.0.1                                    ***
***                                                                     ***
***         Git branch         HEAD                                     ***
***         Git commit hash    9309e3e1e52e5319b766-dirty               ***
***         Git commit author  Stig Rune Jensen                         ***
***         Git commit date    Fri Dec 4 16:08:55 2020 +0100            ***
***                                                                     ***
***         Contact: luca.frediani@uit.no                               ***
***                                                                     ***
***         Radovan Bast            Magnar Bjorgve                      ***
***         Roberto Di Remigio      Antoine Durdek                      ***
***         Luca Frediani           Gabriel Gerez                       ***
***         Stig Rune Jensen        Jonas Juselius                      ***
***         Rune Monstad            Peter Wind                          ***
***                                                                     ***
***************************************************************************

---------------------------------------------------------------------------

 MPI processes           :        (1 bank)                              20
 OpenMP threads          :                                               6
 Total cores             :                                             120
                                                                           
---------------------------------------------------------------------------

XCFun DFT library Copyright 2009-2020 Ulf Ekstrom and contributors.
See http://dftlibs.org/xcfun/ for more information.

This is free software; see the source code for copying conditions.
There is ABSOLUTELY NO WARRANTY; not even for MERCHANTABILITY or
FITNESS FOR A PARTICULAR PURPOSE. For details see the documentation.
Scientific users of this library should cite
U. Ekstrom, L. Visscher, R. Bast, A. J. Thorvaldsen and K. Ruud;
J.Chem.Theor.Comp. 2010, DOI: 10.1021/ct100117s

---------------------------------------------------------------------------

 MRCPP version         : 1.3.6
 Git branch            : HEAD
 Git commit hash       : 9309e3e1e52e5319b766-dirty
 Git commit author     : Stig Rune Jensen
 Git commit date       : Fri Dec 4 16:08:55 2020 +0100

 Linear algebra        : EIGEN v3.3.7
 Parallelization       : MPI/OpenMP (6 threads)

---------------------------------------------------------------------------


                                                                           
===========================================================================
                         MultiResolution Analysis
---------------------------------------------------------------------------
 polynomial order      : 9
 polynomial type       : Interpolating
---------------------------------------------------------------------------
 total boxes           : 8
 boxes                 : [          2           2           2 ]
 unit lengths          : [   32.00000    32.00000    32.00000 ]
 scaling factor        : [    1.00000     1.00000     1.00000 ]
 lower bounds          : [  -32.00000   -32.00000   -32.00000 ]
 upper bounds          : [   32.00000    32.00000    32.00000 ]
 total length          : [   64.00000    64.00000    64.00000 ]
===========================================================================


                                                                           
***************************************************************************
***                                                                     ***
***                        Initializing Molecule                        ***
***                                                                     ***
***************************************************************************
                                                                           
                                                                           
===========================================================================
                                 Molecule
---------------------------------------------------------------------------
 Charge                  :                                               0
 Multiplicity            :                                               1
---------------------------------------------------------------------------
    N    Atom            :               x               y               z
---------------------------------------------------------------------------
    0       F            :        0.000000        0.000000       -0.087285
    1       H            :        0.000000        0.000000        1.645216
---------------------------------------------------------------------------
 Center of mass          :        0.000000        0.000000        0.000000
===========================================================================


                                                                           
***************************************************************************
***                                                                     ***
***                 Computing Ground State Wavefunction                 ***
***                                                                     ***
***************************************************************************
                                                                           
                                                                           
~~~~~~~~~~~~~~~~~~~~~~~~~~~~~~~~~~~~~~~~~~~~~~~~~~~~~~~~~~~~~~~~~~~~~~~~~~~
 Calculation             : Compute initial orbitals
 Method                  : Diagonalize SAD Hamiltonian
 Precision               : 1.00000e-04
 Restricted              : False
 Functional              : LDA (SVWN5)
 AO basis                : Hydrogenic orbitals
 Zeta quality            : 2
~~~~~~~~~~~~~~~~~~~~~~~~~~~~~~~~~~~~~~~~~~~~~~~~~~~~~~~~~~~~~~~~~~~~~~~~~~~


===========================================================================
                            Molecular Orbitals
---------------------------------------------------------------------------
 Alpha electrons         :                                               5
 Beta electrons          :                                               5
 Total electrons         :                                              10
---------------------------------------------------------------------------
    n  Occ Spin          :                                            Norm
---------------------------------------------------------------------------
    0    1    a          :                              9.999999999999e-01
    1    1    a          :                              9.999999999875e-01
    2    1    a          :                              9.999999998081e-01
    3    1    a          :                              9.999999998486e-01
    4    1    a          :                              9.999999997870e-01
    5    1    b          :                              9.999999999999e-01
    6    1    b          :                              9.999999999875e-01
    7    1    b          :                              9.999999998081e-01
    8    1    b          :                              9.999999998706e-01
    9    1    b          :                              9.999999997870e-01
===========================================================================


~~~~~~~~~~~~~~~~~~~~~~~~~~~~~~~~~~~~~~~~~~~~~~~~~~~~~~~~~~~~~~~~~~~~~~~~~~~
 Calculation             : Compute initial energy
 Method                  : DFT (PBE)
 Precision               : 1.00000e-04
 Localization            : On
~~~~~~~~~~~~~~~~~~~~~~~~~~~~~~~~~~~~~~~~~~~~~~~~~~~~~~~~~~~~~~~~~~~~~~~~~~~


===========================================================================
                        Molecular Energy (initial)
---------------------------------------------------------------------------
 Kinetic energy          :            (au)                105.564364952340
 E-N energy              :            (au)               -257.197459274437
 Coulomb energy          :            (au)                 57.384360952444
 Exchange energy         :            (au)                  0.000000000000
 X-C energy              :            (au)                -11.026476670330
 Ext. field (el)         :            (au)                  0.000000000000
---------------------------------------------------------------------------
 N-N energy              :            (au)                  5.194802826035
 Ext. field (nuc)        :            (au)                  0.000000000000
---------------------------------------------------------------------------
 Electronic energy       :            (au)               -105.275210039983
 Nuclear energy          :            (au)                  5.194802826035
---------------------------------------------------------------------------
 Total energy            :            (au)             -1.000804072139e+02
                         :      (kcal/mol)             -6.280140318813e+04
                         :        (kJ/mol)             -2.627610711097e+05
                         :            (eV)             -2.723326496660e+03
===========================================================================


===========================================================================
                        Orbital Energies (initial)
---------------------------------------------------------------------------
    n  Occ Spin          :                                         Epsilon
---------------------------------------------------------------------------
    0    1    a          :            (au)                -23.783728775758
    1    1    a          :            (au)                 -0.983469322234
    2    1    a          :            (au)                 -0.356073320690
    3    1    a          :            (au)                 -0.204516718224
    4    1    a          :            (au)                 -0.204203295898
    5    1    b          :            (au)                -23.783728472451
    6    1    b          :            (au)                 -0.983469532832
    7    1    b          :            (au)                 -0.356073450909
    8    1    b          :            (au)                 -0.204516567030
    9    1    b          :            (au)                 -0.204200388216
---------------------------------------------------------------------------
 Sum occupied            :            (au)                -51.063979844243
===========================================================================


~~~~~~~~~~~~~~~~~~~~~~~~~~~~~~~~~~~~~~~~~~~~~~~~~~~~~~~~~~~~~~~~~~~~~~~~~~~
 Calculation             : Optimize ground state orbitals
 Method                  : DFT (PBE)
 Checkpointing           : Off
 Max iterations          : 200
 KAIN solver             : 10
 Localization            : First two iterations
 Diagonalization         : Off
 Start precision         : 1.00000e-06
 Final precision         : 1.00000e-06
 Helmholtz precision     : Dynamic
 Energy threshold        : 1.00000e-06
 Orbital threshold       : 5.00000e-05
~~~~~~~~~~~~~~~~~~~~~~~~~~~~~~~~~~~~~~~~~~~~~~~~~~~~~~~~~~~~~~~~~~~~~~~~~~~


===========================================================================
 Iter           MO residual             Total energy                Update
---------------------------------------------------------------------------
    0          3.162278e+00        -100.080407213948         -1.000804e+02
    1          3.079301e-01        -100.358031330041         -2.776241e-01
    2          1.627347e-01        -100.389269578619         -3.123825e-02
    3          1.260984e-01        -100.392796565817         -3.526987e-03
    4          6.525847e-02        -100.401752143104         -8.955577e-03
    5          1.425260e-02        -100.402223619492         -4.714764e-04
    6          9.880837e-03        -100.402454671761         -2.310523e-04
    7          4.028496e-03        -100.402488874646         -3.420289e-05
    8          3.792284e-03        -100.402509395352         -2.052071e-05
    9          1.146364e-03        -100.402511544570         -2.149218e-06
   10          6.113077e-04        -100.402512110175         -5.656047e-07
   11          2.590159e-04        -100.402512286239         -1.760641e-07
   12          1.913702e-04        -100.402512339620         -5.338099e-08
   13          1.144356e-04        -100.402512355903         -1.628358e-08
   14          7.007442e-05        -100.402512361606         -5.702901e-09
---------------------------------------------------------------------------
                      SCF converged in 14 iterations!
===========================================================================


                                                                           
***************************************************************************
***                                                                     ***
***                    Printing Molecular Properties                    ***
***                                                                     ***
***************************************************************************
                                                                           
                                                                           
===========================================================================
                                 Molecule
---------------------------------------------------------------------------
 Charge                  :                                               0
 Multiplicity            :                                               1
---------------------------------------------------------------------------
    N    Atom            :               x               y               z
---------------------------------------------------------------------------
    0       F            :        0.000000        0.000000       -0.087285
    1       H            :        0.000000        0.000000        1.645216
---------------------------------------------------------------------------
 Center of mass          :        0.000000        0.000000        0.000000
===========================================================================


===========================================================================
                         Molecular Energy (final)
---------------------------------------------------------------------------
 Kinetic energy          :            (au)                100.141477822428
 E-N energy              :            (au)               -250.569611871774
 Coulomb energy          :            (au)                 55.550028274664
 Exchange energy         :            (au)                  0.000000000000
 X-C energy              :            (au)                -10.719209412960
 Ext. field (el)         :            (au)                  0.000000000000
---------------------------------------------------------------------------
 N-N energy              :            (au)                  5.194802826035
 Ext. field (nuc)        :            (au)                  0.000000000000
---------------------------------------------------------------------------
 Electronic energy       :            (au)               -105.597315187641
 Nuclear energy          :            (au)                  5.194802826035
---------------------------------------------------------------------------
 Total energy            :            (au)             -1.004025123616e+02
                         :      (kcal/mol)             -6.300352721830e+04
                         :        (kJ/mol)             -2.636067580524e+05
                         :            (eV)             -2.732091423859e+03
===========================================================================


===========================================================================
                         Orbital Energies (final)
---------------------------------------------------------------------------
    n  Occ Spin          :                                         Epsilon
---------------------------------------------------------------------------
    0    1    a          :            (au)                -24.252664246903
    1    1    a          :            (au)                 -1.104791361751
    2    1    a          :            (au)                 -0.495833872874
    3    1    a          :            (au)                 -0.354684647850
    4    1    a          :            (au)                 -0.354684642431
    5    1    b          :            (au)                -24.252664247180
    6    1    b          :            (au)                 -1.104791361639
    7    1    b          :            (au)                 -0.495833872778
    8    1    b          :            (au)                 -0.354684647730
    9    1    b          :            (au)                 -0.354684642293
---------------------------------------------------------------------------
 Sum occupied            :            (au)                -53.125317543429
===========================================================================


===========================================================================
                           Dipole Moment (dip-1)
---------------------------------------------------------------------------
 r_O                     :        0.000000        0.000000        0.000000
---------------------------------------------------------------------------
 Electronic vector       :       -0.000003       -0.000011       -0.172953
 Magnitude               :            (au)                        0.172953
                         :         (Debye)                        0.439603
---------------------------------------------------------------------------
 Nuclear vector          :        0.000000        0.000000        0.859649
 Magnitude               :            (au)                        0.859649
                         :         (Debye)                        2.185010
---------------------------------------------------------------------------
 Total vector            :       -0.000003       -0.000011        0.686696
 Magnitude               :            (au)                        0.686696
                         :         (Debye)                        1.745407
===========================================================================


                                                                           
                                                                           
***************************************************************************
***                                                                     ***
***                            Exiting MRChem                           ***
***                                                                     ***
***                       Wall time :  0h 11m 20s                       ***
***                                                                     ***
***************************************************************************
                                                                           
                                                                           
