                                                                           
                                                                           
***************************************************************************
***                                                                     ***
***                                                                     ***
***          __  __ ____   ____ _                                       ***
***         |  \/  |  _ \ / ___| |__   ___ _ __ ___                     ***
***         | |\/| | |_) | |   | '_ \ / _ \ '_ ` _ \                    ***
***         | |  | |  _ <| |___| | | |  __/ | | | | |                   ***
***         |_|  |_|_| \_\\____|_| |_|\___|_| |_| |_|                   ***
***                                                                     ***
***         VERSION            1.0.1                                    ***
***                                                                     ***
***         Git branch         HEAD                                     ***
***         Git commit hash    9309e3e1e52e5319b766-dirty               ***
***         Git commit author  Stig Rune Jensen                         ***
***         Git commit date    Fri Dec 4 16:08:55 2020 +0100            ***
***                                                                     ***
***         Contact: luca.frediani@uit.no                               ***
***                                                                     ***
***         Radovan Bast            Magnar Bjorgve                      ***
***         Roberto Di Remigio      Antoine Durdek                      ***
***         Luca Frediani           Gabriel Gerez                       ***
***         Stig Rune Jensen        Jonas Juselius                      ***
***         Rune Monstad            Peter Wind                          ***
***                                                                     ***
***************************************************************************

---------------------------------------------------------------------------

 MPI processes           :        (1 bank)                              20
 OpenMP threads          :                                              10
 Total cores             :                                             200
                                                                           
---------------------------------------------------------------------------

XCFun DFT library Copyright 2009-2020 Ulf Ekstrom and contributors.
See http://dftlibs.org/xcfun/ for more information.

This is free software; see the source code for copying conditions.
There is ABSOLUTELY NO WARRANTY; not even for MERCHANTABILITY or
FITNESS FOR A PARTICULAR PURPOSE. For details see the documentation.
Scientific users of this library should cite
U. Ekstrom, L. Visscher, R. Bast, A. J. Thorvaldsen and K. Ruud;
J.Chem.Theor.Comp. 2010, DOI: 10.1021/ct100117s

---------------------------------------------------------------------------

 MRCPP version         : 1.3.6
 Git branch            : HEAD
 Git commit hash       : 9309e3e1e52e5319b766-dirty
 Git commit author     : Stig Rune Jensen
 Git commit date       : Fri Dec 4 16:08:55 2020 +0100

 Linear algebra        : EIGEN v3.3.7
 Parallelization       : MPI/OpenMP (10 threads)

---------------------------------------------------------------------------


                                                                           
===========================================================================
                         MultiResolution Analysis
---------------------------------------------------------------------------
 polynomial order      : 9
 polynomial type       : Interpolating
---------------------------------------------------------------------------
 total boxes           : 8
 boxes                 : [          2           2           2 ]
 unit lengths          : [   16.00000    16.00000    16.00000 ]
 scaling factor        : [    1.00000     1.00000     1.00000 ]
 lower bounds          : [  -16.00000   -16.00000   -16.00000 ]
 upper bounds          : [   16.00000    16.00000    16.00000 ]
 total length          : [   32.00000    32.00000    32.00000 ]
===========================================================================


                                                                           
***************************************************************************
***                                                                     ***
***                        Initializing Molecule                        ***
***                                                                     ***
***************************************************************************
                                                                           
                                                                           
===========================================================================
                                 Molecule
---------------------------------------------------------------------------
 Charge                  :                                               0
 Multiplicity            :                                               1
---------------------------------------------------------------------------
    N    Atom            :               x               y               z
---------------------------------------------------------------------------
    0       C            :        0.000000        0.000000       -3.832926
    1       C            :        0.000000        0.000000       -1.431084
    2       C            :        0.000000        0.000000        1.015922
    3       O            :        0.000000        0.000000        3.189107
---------------------------------------------------------------------------
 Center of mass          :        0.000000        0.000000        0.000000
===========================================================================


                                                                           
***************************************************************************
***                                                                     ***
***                 Computing Ground State Wavefunction                 ***
***                                                                     ***
***************************************************************************
                                                                           
                                                                           
~~~~~~~~~~~~~~~~~~~~~~~~~~~~~~~~~~~~~~~~~~~~~~~~~~~~~~~~~~~~~~~~~~~~~~~~~~~
 Calculation             : Compute initial orbitals
 Method                  : Diagonalize SAD Hamiltonian
 Precision               : 1.00000e-03
 Restricted              : True
 Functional              : LDA (SVWN5)
 AO basis                : Hydrogenic orbitals
 Zeta quality            : 2
~~~~~~~~~~~~~~~~~~~~~~~~~~~~~~~~~~~~~~~~~~~~~~~~~~~~~~~~~~~~~~~~~~~~~~~~~~~


===========================================================================
                            Molecular Orbitals
---------------------------------------------------------------------------
 Alpha electrons         :                                              13
 Beta electrons          :                                              13
 Total electrons         :                                              26
---------------------------------------------------------------------------
    n  Occ Spin          :                                            Norm
---------------------------------------------------------------------------
    0    2    p          :                              9.999998899003e-01
    1    2    p          :                              9.999791367659e-01
    2    2    p          :                              9.999964485145e-01
    3    2    p          :                              1.000066415895e+00
    4    2    p          :                              1.000000191329e+00
    5    2    p          :                              1.000000923548e+00
    6    2    p          :                              9.999993557551e-01
    7    2    p          :                              9.999996562342e-01
    8    2    p          :                              9.999983729587e-01
    9    2    p          :                              9.999978406014e-01
   10    2    p          :                              1.000001273334e+00
   11    2    p          :                              1.000001836372e+00
   12    2    p          :                              9.999930862897e-01
===========================================================================


~~~~~~~~~~~~~~~~~~~~~~~~~~~~~~~~~~~~~~~~~~~~~~~~~~~~~~~~~~~~~~~~~~~~~~~~~~~
 Calculation             : Compute initial energy
 Method                  : DFT (B3LYP-G)
 Precision               : 1.00000e-03
 Localization            : Off
~~~~~~~~~~~~~~~~~~~~~~~~~~~~~~~~~~~~~~~~~~~~~~~~~~~~~~~~~~~~~~~~~~~~~~~~~~~


===========================================================================
                        Molecular Energy (initial)
---------------------------------------------------------------------------
 Kinetic energy          :            (au)                200.436123161589
 E-N energy              :            (au)               -607.735230176150
 Coulomb energy          :            (au)                167.462143433977
 Exchange energy         :            (au)                 -4.799660726006
 X-C energy              :            (au)                -20.492817015589
 Ext. field (el)         :            (au)                  0.000000000000
---------------------------------------------------------------------------
 N-N energy              :            (au)                 76.437003267794
 Ext. field (nuc)        :            (au)                  0.000000000000
---------------------------------------------------------------------------
 Electronic energy       :            (au)               -265.129441322180
 Nuclear energy          :            (au)                 76.437003267794
---------------------------------------------------------------------------
 Total energy            :            (au)             -1.886924380544e+02
                         :      (kcal/mol)             -1.184062916078e+05
                         :        (kJ/mol)             -4.954119244087e+05
                         :            (eV)             -5.134582587921e+03
===========================================================================


===========================================================================
                        Orbital Energies (initial)
---------------------------------------------------------------------------
    n  Occ Spin          :                                         Epsilon
---------------------------------------------------------------------------
    0    2    p          :            (au)                -19.010718953636
    1    2    p          :            (au)                -10.395480537133
    2    2    p          :            (au)                 -9.974213693071
    3    2    p          :            (au)                 -9.825262149626
    4    2    p          :            (au)                 -1.225454935849
    5    2    p          :            (au)                 -0.783431439592
    6    2    p          :            (au)                 -0.595154942705
    7    2    p          :            (au)                 -0.538701021435
    8    2    p          :            (au)                 -0.533788866552
    9    2    p          :            (au)                 -0.529971244717
   10    2    p          :            (au)                 -0.246801744178
   11    2    p          :            (au)                 -0.242572025677
   12    2    p          :            (au)                 -0.205782199924
---------------------------------------------------------------------------
 Sum occupied            :            (au)               -108.214667508190
===========================================================================


~~~~~~~~~~~~~~~~~~~~~~~~~~~~~~~~~~~~~~~~~~~~~~~~~~~~~~~~~~~~~~~~~~~~~~~~~~~
 Calculation             : Optimize ground state orbitals
 Method                  : DFT (B3LYP-G)
 Checkpointing           : Off
 Max iterations          : 200
 KAIN solver             : 10
 Localization            : Off
 Diagonalization         : First two iterations
 Start precision         : 1.00000e-06
 Final precision         : 1.00000e-06
 Helmholtz precision     : Dynamic
 Energy threshold        : 1.00000e-06
 Orbital threshold       : 1.00000e-05
~~~~~~~~~~~~~~~~~~~~~~~~~~~~~~~~~~~~~~~~~~~~~~~~~~~~~~~~~~~~~~~~~~~~~~~~~~~


===========================================================================
 Iter           MO residual             Total energy                Update
---------------------------------------------------------------------------
    0          3.605551e+00        -188.692438054386         -1.886924e+02
    1          2.865883e-01        -189.414588134313         -7.221501e-01
    2          8.791980e-02        -189.466047437791         -5.145930e-02
    3          4.265968e-02        -189.474993384835         -8.945947e-03
    4          2.890575e-02        -189.481211606101         -6.218221e-03
    5          1.507848e-02        -189.483120509128         -1.908903e-03
    6          2.452247e-02        -189.484600115392         -1.479606e-03
    7          1.395162e-02        -189.485116338377         -5.162230e-04
    8          5.139540e-03        -189.485216320532         -9.998215e-05
    9          4.596344e-03        -189.485250516724         -3.419619e-05
   10          3.028593e-03        -189.485268097691         -1.758097e-05
   11          2.495130e-03        -189.485275786841         -7.689150e-06
   12          2.114327e-03        -189.485280052307         -4.265466e-06
   13          9.737833e-04        -189.485281253736         -1.201429e-06
   14          4.731995e-04        -189.485281601029         -3.472932e-07
   15          2.884273e-04        -189.485281777118         -1.760890e-07
   16          1.136162e-04        -189.485281814626         -3.750785e-08
   17          6.354319e-05        -189.485281828620         -1.399462e-08
   18          5.352264e-05        -189.485281833726         -5.105449e-09
   19          2.525233e-05        -189.485281835313         -1.586841e-09
   20          9.701553e-06        -189.485281835625         -3.128662e-10
---------------------------------------------------------------------------
                      SCF converged in 20 iterations!
===========================================================================


                                                                           
***************************************************************************
***                                                                     ***
***                    Printing Molecular Properties                    ***
***                                                                     ***
***************************************************************************
                                                                           
                                                                           
===========================================================================
                                 Molecule
---------------------------------------------------------------------------
 Charge                  :                                               0
 Multiplicity            :                                               1
---------------------------------------------------------------------------
    N    Atom            :               x               y               z
---------------------------------------------------------------------------
    0       C            :        0.000000        0.000000       -3.832926
    1       C            :        0.000000        0.000000       -1.431084
    2       C            :        0.000000        0.000000        1.015922
    3       O            :        0.000000        0.000000        3.189107
---------------------------------------------------------------------------
 Center of mass          :        0.000000        0.000000        0.000000
===========================================================================


===========================================================================
                         Molecular Energy (final)
---------------------------------------------------------------------------
 Kinetic energy          :            (au)                188.674045112033
 E-N energy              :            (au)               -595.191802432876
 Coulomb energy          :            (au)                165.272900929140
 Exchange energy         :            (au)                 -4.712659283963
 X-C energy              :            (au)                -19.964769427754
 Ext. field (el)         :            (au)                  0.000000000000
---------------------------------------------------------------------------
 N-N energy              :            (au)                 76.437003267794
 Ext. field (nuc)        :            (au)                  0.000000000000
---------------------------------------------------------------------------
 Electronic energy       :            (au)               -265.922285103419
 Nuclear energy          :            (au)                 76.437003267794
---------------------------------------------------------------------------
 Total energy            :            (au)             -1.894852818356e+02
                         :      (kcal/mol)             -1.189038085880e+05
                         :        (kJ/mol)             -4.974935354550e+05
                         :            (eV)             -5.156156965337e+03
===========================================================================


===========================================================================
                         Orbital Energies (final)
---------------------------------------------------------------------------
    n  Occ Spin          :                                         Epsilon
---------------------------------------------------------------------------
    0    2    p          :            (au)                -19.260241960057
    1    2    p          :            (au)                -10.371224002550
    2    2    p          :            (au)                -10.256415527275
    3    2    p          :            (au)                -10.213102852842
    4    2    p          :            (au)                 -1.191066631401
    5    2    p          :            (au)                 -0.842079604404
    6    2    p          :            (au)                 -0.716096520366
    7    2    p          :            (au)                 -0.579104489051
    8    2    p          :            (au)                 -0.522448809714
    9    2    p          :            (au)                 -0.522448796367
   10    2    p          :            (au)                 -0.342397035804
   11    2    p          :            (au)                 -0.342396920669
   12    2    p          :            (au)                 -0.321545049743
---------------------------------------------------------------------------
 Sum occupied            :            (au)               -110.961136400491
===========================================================================


===========================================================================
                           Dipole Moment (dip-1)
---------------------------------------------------------------------------
 r_O                     :        0.000000        0.000000        0.000000
---------------------------------------------------------------------------
 Electronic vector       :        0.000000        0.000000        0.853360
 Magnitude               :            (au)                        0.853360
                         :         (Debye)                        2.169025
---------------------------------------------------------------------------
 Nuclear vector          :        0.000000        0.000000        0.024321
 Magnitude               :            (au)                        0.024321
                         :         (Debye)                        0.061818
---------------------------------------------------------------------------
 Total vector            :        0.000000        0.000000        0.877682
 Magnitude               :            (au)                        0.877682
                         :         (Debye)                        2.230844
===========================================================================


                                                                           
                                                                           
***************************************************************************
***                                                                     ***
***                            Exiting MRChem                           ***
***                                                                     ***
***                       Wall time :  0h 31m 22s                       ***
***                                                                     ***
***************************************************************************
                                                                           
                                                                           
