Starting job 3267510 on c5-9,c11-[40,46] at Wed Aug 11 14:20:27 CEST 2021

Copying 40_pbe_.out to /cluster/home/ambr/projects/psp/row12/calcs/singlets
Copying 40_pbe_.json to /cluster/home/ambr/projects/psp/row12/calcs/singlets

Task and CPU usage stats:
       JobID    JobName  AllocCPUS   NTasks     MinCPU MinCPUTask     AveCPU    Elapsed ExitCode 
------------ ---------- ---------- -------- ---------- ---------- ---------- ---------- -------- 
3267510         40_pbe_        120                                             00:37:23      1:0 
3267510.bat+      batch         36        1   00:00:00          0   00:00:00   00:37:23      1:0 
3267510.ext+     extern        120        3   00:00:00          1   00:00:00   00:37:23      0:0 
3267510.0      mrchem.x        120       20   00:37:20         19   02:03:08   00:37:21      0:0 

Memory usage stats:
       JobID     MaxRSS MaxRSSTask     AveRSS MaxPages   MaxPagesTask   AvePages 
------------ ---------- ---------- ---------- -------- -------------- ---------- 
3267510                                                                          
3267510.bat+     14236K          0     14236K        0              0          0 
3267510.ext+          0          1          0        0              1          0 
3267510.0      6645152K         12 5196876390        0             19          0 

Disk usage stats:
       JobID  MaxDiskRead MaxDiskReadTask    AveDiskRead MaxDiskWrite MaxDiskWriteTask   AveDiskWrite 
------------ ------------ --------------- -------------- ------------ ---------------- -------------- 
3267510                                                                                               
3267510.bat+        3.70M               0          3.70M        0.02M                0          0.02M 
3267510.ext+        0.00M               1          0.00M            0                1              0 
3267510.0           2.67M              18          2.48M        2.11M                0          2.07M 

Job 3267510 completed at Wed Aug 11 14:57:51 CEST 2021
