Starting job 3267546 on c3-[4,27],c5-[19,25,29] at Fri Aug 13 01:44:16 CEST 2021

Copying 41_pbe_.out to /cluster/home/ambr/projects/psp/row12/calcs/doublets
Copying 41_pbe_.json to /cluster/home/ambr/projects/psp/row12/calcs/doublets

Task and CPU usage stats:
       JobID    JobName  AllocCPUS   NTasks     MinCPU MinCPUTask     AveCPU    Elapsed ExitCode 
------------ ---------- ---------- -------- ---------- ---------- ---------- ---------- -------- 
3267546         41_pbe_        120                                             00:22:06      1:0 
3267546.bat+      batch         24        1   00:00:00          0   00:00:00   00:22:06      1:0 
3267546.ext+     extern        120        5   00:00:00          2   00:00:00   00:22:07      0:0 
3267546.0      mrchem.x        120       20   00:22:03         19   01:12:32   00:22:04      0:0 

Memory usage stats:
       JobID     MaxRSS MaxRSSTask     AveRSS MaxPages   MaxPagesTask   AvePages 
------------ ---------- ---------- ---------- -------- -------------- ---------- 
3267546                                                                          
3267546.bat+     14324K          0     14324K        0              0          0 
3267546.ext+          0          2          0        0              2          0 
3267546.0      3162208K         10 2627850649        0             19          0 

Disk usage stats:
       JobID  MaxDiskRead MaxDiskReadTask    AveDiskRead MaxDiskWrite MaxDiskWriteTask   AveDiskWrite 
------------ ------------ --------------- -------------- ------------ ---------------- -------------- 
3267546                                                                                               
3267546.bat+        3.70M               0          3.70M        0.02M                0          0.02M 
3267546.ext+        0.00M               2          0.00M            0                2              0 
3267546.0           2.06M               1          2.06M        2.08M                0          2.07M 

Job 3267546 completed at Fri Aug 13 02:06:23 CEST 2021
