                                                                           
                                                                           
***************************************************************************
***                                                                     ***
***                                                                     ***
***          __  __ ____   ____ _                                       ***
***         |  \/  |  _ \ / ___| |__   ___ _ __ ___                     ***
***         | |\/| | |_) | |   | '_ \ / _ \ '_ ` _ \                    ***
***         | |  | |  _ <| |___| | | |  __/ | | | | |                   ***
***         |_|  |_|_| \_\\____|_| |_|\___|_| |_| |_|                   ***
***                                                                     ***
***         VERSION            1.0.1                                    ***
***                                                                     ***
***         Git branch         HEAD                                     ***
***         Git commit hash    9309e3e1e52e5319b766-dirty               ***
***         Git commit author  Stig Rune Jensen                         ***
***         Git commit date    Fri Dec 4 16:08:55 2020 +0100            ***
***                                                                     ***
***         Contact: luca.frediani@uit.no                               ***
***                                                                     ***
***         Radovan Bast            Magnar Bjorgve                      ***
***         Roberto Di Remigio      Antoine Durdek                      ***
***         Luca Frediani           Gabriel Gerez                       ***
***         Stig Rune Jensen        Jonas Juselius                      ***
***         Rune Monstad            Peter Wind                          ***
***                                                                     ***
***************************************************************************

---------------------------------------------------------------------------

 MPI processes           :        (1 bank)                              10
 OpenMP threads          :                                              10
 Total cores             :                                             100
                                                                           
---------------------------------------------------------------------------

XCFun DFT library Copyright 2009-2020 Ulf Ekstrom and contributors.
See http://dftlibs.org/xcfun/ for more information.

This is free software; see the source code for copying conditions.
There is ABSOLUTELY NO WARRANTY; not even for MERCHANTABILITY or
FITNESS FOR A PARTICULAR PURPOSE. For details see the documentation.
Scientific users of this library should cite
U. Ekstrom, L. Visscher, R. Bast, A. J. Thorvaldsen and K. Ruud;
J.Chem.Theor.Comp. 2010, DOI: 10.1021/ct100117s

---------------------------------------------------------------------------

 MRCPP version         : 1.3.6
 Git branch            : HEAD
 Git commit hash       : 9309e3e1e52e5319b766-dirty
 Git commit author     : Stig Rune Jensen
 Git commit date       : Fri Dec 4 16:08:55 2020 +0100

 Linear algebra        : EIGEN v3.3.7
 Parallelization       : MPI/OpenMP (10 threads)

---------------------------------------------------------------------------


                                                                           
===========================================================================
                         MultiResolution Analysis
---------------------------------------------------------------------------
 polynomial order      : 9
 polynomial type       : Interpolating
---------------------------------------------------------------------------
 total boxes           : 8
 boxes                 : [          2           2           2 ]
 unit lengths          : [   16.00000    16.00000    16.00000 ]
 scaling factor        : [    1.00000     1.00000     1.00000 ]
 lower bounds          : [  -16.00000   -16.00000   -16.00000 ]
 upper bounds          : [   16.00000    16.00000    16.00000 ]
 total length          : [   32.00000    32.00000    32.00000 ]
===========================================================================


                                                                           
***************************************************************************
***                                                                     ***
***                        Initializing Molecule                        ***
***                                                                     ***
***************************************************************************
                                                                           
                                                                           
===========================================================================
                                 Molecule
---------------------------------------------------------------------------
 Charge                  :                                               0
 Multiplicity            :                                               1
---------------------------------------------------------------------------
    N    Atom            :               x               y               z
---------------------------------------------------------------------------
    0       C            :        0.000000        0.000000        1.057195
    1       H            :        0.000000        0.000000        3.067864
    2       N            :        0.000000        0.000000       -1.127328
---------------------------------------------------------------------------
 Center of mass          :        0.000000        0.000000       -0.000000
===========================================================================


                                                                           
***************************************************************************
***                                                                     ***
***                 Computing Ground State Wavefunction                 ***
***                                                                     ***
***************************************************************************
                                                                           
                                                                           
~~~~~~~~~~~~~~~~~~~~~~~~~~~~~~~~~~~~~~~~~~~~~~~~~~~~~~~~~~~~~~~~~~~~~~~~~~~
 Calculation             : Compute initial orbitals
 Method                  : Diagonalize SAD Hamiltonian
 Precision               : 1.00000e-03
 Restricted              : True
 Functional              : LDA (SVWN5)
 AO basis                : Hydrogenic orbitals
 Zeta quality            : 2
~~~~~~~~~~~~~~~~~~~~~~~~~~~~~~~~~~~~~~~~~~~~~~~~~~~~~~~~~~~~~~~~~~~~~~~~~~~


===========================================================================
                            Molecular Orbitals
---------------------------------------------------------------------------
 Alpha electrons         :                                               7
 Beta electrons          :                                               7
 Total electrons         :                                              14
---------------------------------------------------------------------------
    n  Occ Spin          :                                            Norm
---------------------------------------------------------------------------
    0    2    p          :                              9.999999402546e-01
    1    2    p          :                              9.999965654727e-01
    2    2    p          :                              9.999998893084e-01
    3    2    p          :                              9.999999573032e-01
    4    2    p          :                              9.999999748677e-01
    5    2    p          :                              9.999999992135e-01
    6    2    p          :                              9.999999998864e-01
===========================================================================


~~~~~~~~~~~~~~~~~~~~~~~~~~~~~~~~~~~~~~~~~~~~~~~~~~~~~~~~~~~~~~~~~~~~~~~~~~~
 Calculation             : Compute initial energy
 Method                  : DFT (B3LYP-G)
 Precision               : 1.00000e-03
 Localization            : Off
~~~~~~~~~~~~~~~~~~~~~~~~~~~~~~~~~~~~~~~~~~~~~~~~~~~~~~~~~~~~~~~~~~~~~~~~~~~


===========================================================================
                        Molecular Energy (initial)
---------------------------------------------------------------------------
 Kinetic energy          :            (au)                 98.847962847530
 E-N energy              :            (au)               -272.102301622594
 Coulomb energy          :            (au)                 69.305217042259
 Exchange energy         :            (au)                 -2.447891826119
 X-C energy              :            (au)                -10.449978178108
 Ext. field (el)         :            (au)                  0.000000000000
---------------------------------------------------------------------------
 N-N energy              :            (au)                 23.878822197625
 Ext. field (nuc)        :            (au)                  0.000000000000
---------------------------------------------------------------------------
 Electronic energy       :            (au)               -116.846991737031
 Nuclear energy          :            (au)                 23.878822197625
---------------------------------------------------------------------------
 Total energy            :            (au)             -9.296816953941e+01
                         :      (kcal/mol)             -5.833840670157e+04
                         :        (kJ/mol)             -2.440878937978e+05
                         :            (eV)             -2.529792658730e+03
===========================================================================


===========================================================================
                        Orbital Energies (initial)
---------------------------------------------------------------------------
    n  Occ Spin          :                                         Epsilon
---------------------------------------------------------------------------
    0    2    p          :            (au)                -13.792736599512
    1    2    p          :            (au)                -10.340953332864
    2    2    p          :            (au)                 -0.864700143158
    3    2    p          :            (au)                 -0.706862165192
    4    2    p          :            (au)                 -0.288511004349
    5    2    p          :            (au)                 -0.288503444196
    6    2    p          :            (au)                 -0.176059799496
---------------------------------------------------------------------------
 Sum occupied            :            (au)                -52.916652977532
===========================================================================


~~~~~~~~~~~~~~~~~~~~~~~~~~~~~~~~~~~~~~~~~~~~~~~~~~~~~~~~~~~~~~~~~~~~~~~~~~~
 Calculation             : Optimize ground state orbitals
 Method                  : DFT (B3LYP-G)
 Checkpointing           : Off
 Max iterations          : 200
 KAIN solver             : 10
 Localization            : Off
 Diagonalization         : First two iterations
 Start precision         : 1.00000e-06
 Final precision         : 1.00000e-06
 Helmholtz precision     : Dynamic
 Energy threshold        : 1.00000e-06
 Orbital threshold       : 1.00000e-05
~~~~~~~~~~~~~~~~~~~~~~~~~~~~~~~~~~~~~~~~~~~~~~~~~~~~~~~~~~~~~~~~~~~~~~~~~~~


===========================================================================
 Iter           MO residual             Total energy                Update
---------------------------------------------------------------------------
    0          2.645751e+00         -92.968169539407         -9.296817e+01
    1          3.077570e-01         -93.410764971696         -4.425954e-01
    2          1.057130e-01         -93.458022566040         -4.725759e-02
    3          5.129926e-02         -93.463021601894         -4.999036e-03
    4          3.532608e-02         -93.468808651706         -5.787050e-03
    5          1.260640e-02         -93.470086999576         -1.278348e-03
    6          1.507148e-02         -93.470956873635         -8.698741e-04
    7          3.954182e-03         -93.471055104681         -9.823105e-05
    8          2.721258e-03         -93.471083876087         -2.877141e-05
    9          2.016820e-03         -93.471091054582         -7.178495e-06
   10          3.520004e-04         -93.471091788305         -7.337225e-07
   11          1.386671e-04         -93.471091891901         -1.035958e-07
   12          6.517695e-05         -93.471091899605         -7.704671e-09
   13          3.839832e-05         -93.471091904868         -5.263189e-09
   14          3.260689e-05         -93.471091906694         -1.825157e-09
   15          2.024134e-05         -93.471091907427         -7.329390e-10
   16          7.954719e-06         -93.471091907568         -1.414264e-10
---------------------------------------------------------------------------
                      SCF converged in 16 iterations!
===========================================================================


                                                                           
***************************************************************************
***                                                                     ***
***                    Printing Molecular Properties                    ***
***                                                                     ***
***************************************************************************
                                                                           
                                                                           
===========================================================================
                                 Molecule
---------------------------------------------------------------------------
 Charge                  :                                               0
 Multiplicity            :                                               1
---------------------------------------------------------------------------
    N    Atom            :               x               y               z
---------------------------------------------------------------------------
    0       C            :        0.000000        0.000000        1.057195
    1       H            :        0.000000        0.000000        3.067864
    2       N            :        0.000000        0.000000       -1.127328
---------------------------------------------------------------------------
 Center of mass          :        0.000000        0.000000       -0.000000
===========================================================================


===========================================================================
                         Molecular Energy (final)
---------------------------------------------------------------------------
 Kinetic energy          :            (au)                 93.012550141164
 E-N energy              :            (au)               -265.834930255026
 Coulomb energy          :            (au)                 68.075260161034
 Exchange energy         :            (au)                 -2.406419488084
 X-C energy              :            (au)                -10.196374664282
 Ext. field (el)         :            (au)                  0.000000000000
---------------------------------------------------------------------------
 N-N energy              :            (au)                 23.878822197625
 Ext. field (nuc)        :            (au)                  0.000000000000
---------------------------------------------------------------------------
 Electronic energy       :            (au)               -117.349914105193
 Nuclear energy          :            (au)                 23.878822197625
---------------------------------------------------------------------------
 Total energy            :            (au)             -9.347109190757e+01
                         :      (kcal/mol)             -5.865399524977e+04
                         :        (kJ/mol)             -2.454083162843e+05
                         :            (eV)             -2.543477872941e+03
===========================================================================


===========================================================================
                         Orbital Energies (final)
---------------------------------------------------------------------------
    n  Occ Spin          :                                         Epsilon
---------------------------------------------------------------------------
    0    2    p          :            (au)                -14.347782948172
    1    2    p          :            (au)                -10.234464292202
    2    2    p          :            (au)                 -0.929664890136
    3    2    p          :            (au)                 -0.617854651220
    4    2    p          :            (au)                 -0.394105567616
    5    2    p          :            (au)                 -0.372444672875
    6    2    p          :            (au)                 -0.372444666715
---------------------------------------------------------------------------
 Sum occupied            :            (au)                -54.537523377874
===========================================================================


===========================================================================
                           Dipole Moment (dip-1)
---------------------------------------------------------------------------
 r_O                     :        0.000000        0.000000        0.000000
---------------------------------------------------------------------------
 Electronic vector       :        0.000000        0.000000       -0.325222
 Magnitude               :            (au)                        0.325222
                         :         (Debye)                        0.826632
---------------------------------------------------------------------------
 Nuclear vector          :        0.000000        0.000000        1.519737
 Magnitude               :            (au)                        1.519737
                         :         (Debye)                        3.862785
---------------------------------------------------------------------------
 Total vector            :        0.000000        0.000000        1.194515
 Magnitude               :            (au)                        1.194515
                         :         (Debye)                        3.036153
===========================================================================


                                                                           
                                                                           
***************************************************************************
***                                                                     ***
***                            Exiting MRChem                           ***
***                                                                     ***
***                       Wall time :  0h 26m 17s                       ***
***                                                                     ***
***************************************************************************
                                                                           
                                                                           
