                                                                           
                                                                           
***************************************************************************
***                                                                     ***
***                                                                     ***
***          __  __ ____   ____ _                                       ***
***         |  \/  |  _ \ / ___| |__   ___ _ __ ___                     ***
***         | |\/| | |_) | |   | '_ \ / _ \ '_ ` _ \                    ***
***         | |  | |  _ <| |___| | | |  __/ | | | | |                   ***
***         |_|  |_|_| \_\\____|_| |_|\___|_| |_| |_|                   ***
***                                                                     ***
***         VERSION            1.0.1                                    ***
***                                                                     ***
***         Git branch         HEAD                                     ***
***         Git commit hash    9309e3e1e52e5319b766-dirty               ***
***         Git commit author  Stig Rune Jensen                         ***
***         Git commit date    Fri Dec 4 16:08:55 2020 +0100            ***
***                                                                     ***
***         Contact: luca.frediani@uit.no                               ***
***                                                                     ***
***         Radovan Bast            Magnar Bjorgve                      ***
***         Roberto Di Remigio      Antoine Durdek                      ***
***         Luca Frediani           Gabriel Gerez                       ***
***         Stig Rune Jensen        Jonas Juselius                      ***
***         Rune Monstad            Peter Wind                          ***
***                                                                     ***
***************************************************************************

---------------------------------------------------------------------------

 MPI processes           :        (1 bank)                              20
 OpenMP threads          :                                              10
 Total cores             :                                             200
                                                                           
---------------------------------------------------------------------------

XCFun DFT library Copyright 2009-2020 Ulf Ekstrom and contributors.
See http://dftlibs.org/xcfun/ for more information.

This is free software; see the source code for copying conditions.
There is ABSOLUTELY NO WARRANTY; not even for MERCHANTABILITY or
FITNESS FOR A PARTICULAR PURPOSE. For details see the documentation.
Scientific users of this library should cite
U. Ekstrom, L. Visscher, R. Bast, A. J. Thorvaldsen and K. Ruud;
J.Chem.Theor.Comp. 2010, DOI: 10.1021/ct100117s

---------------------------------------------------------------------------

 MRCPP version         : 1.3.6
 Git branch            : HEAD
 Git commit hash       : 9309e3e1e52e5319b766-dirty
 Git commit author     : Stig Rune Jensen
 Git commit date       : Fri Dec 4 16:08:55 2020 +0100

 Linear algebra        : EIGEN v3.3.7
 Parallelization       : MPI/OpenMP (10 threads)

---------------------------------------------------------------------------


                                                                           
===========================================================================
                         MultiResolution Analysis
---------------------------------------------------------------------------
 polynomial order      : 9
 polynomial type       : Interpolating
---------------------------------------------------------------------------
 total boxes           : 8
 boxes                 : [          2           2           2 ]
 unit lengths          : [   16.00000    16.00000    16.00000 ]
 scaling factor        : [    1.00000     1.00000     1.00000 ]
 lower bounds          : [  -16.00000   -16.00000   -16.00000 ]
 upper bounds          : [   16.00000    16.00000    16.00000 ]
 total length          : [   32.00000    32.00000    32.00000 ]
===========================================================================


                                                                           
***************************************************************************
***                                                                     ***
***                        Initializing Molecule                        ***
***                                                                     ***
***************************************************************************
                                                                           
                                                                           
===========================================================================
                                 Molecule
---------------------------------------------------------------------------
 Charge                  :                                               0
 Multiplicity            :                                               1
---------------------------------------------------------------------------
    N    Atom            :               x               y               z
---------------------------------------------------------------------------
    0       C            :        0.000000        0.000000       -1.300591
    1       N            :        0.000000        0.000000        0.915301
    2       H            :        0.000000        0.000000        2.778949
---------------------------------------------------------------------------
 Center of mass          :        0.000000        0.000000        0.000000
===========================================================================


                                                                           
***************************************************************************
***                                                                     ***
***                 Computing Ground State Wavefunction                 ***
***                                                                     ***
***************************************************************************
                                                                           
                                                                           
~~~~~~~~~~~~~~~~~~~~~~~~~~~~~~~~~~~~~~~~~~~~~~~~~~~~~~~~~~~~~~~~~~~~~~~~~~~
 Calculation             : Compute initial orbitals
 Method                  : Diagonalize SAD Hamiltonian
 Precision               : 1.00000e-03
 Restricted              : True
 Functional              : LDA (SVWN5)
 AO basis                : Hydrogenic orbitals
 Zeta quality            : 2
~~~~~~~~~~~~~~~~~~~~~~~~~~~~~~~~~~~~~~~~~~~~~~~~~~~~~~~~~~~~~~~~~~~~~~~~~~~


===========================================================================
                            Molecular Orbitals
---------------------------------------------------------------------------
 Alpha electrons         :                                               7
 Beta electrons          :                                               7
 Total electrons         :                                              14
---------------------------------------------------------------------------
    n  Occ Spin          :                                            Norm
---------------------------------------------------------------------------
    0    2    p          :                              9.999991293206e-01
    1    2    p          :                              9.999990019917e-01
    2    2    p          :                              1.000001244695e+00
    3    2    p          :                              9.999993598623e-01
    4    2    p          :                              9.999999918913e-01
    5    2    p          :                              9.999999928449e-01
    6    2    p          :                              1.000000013418e+00
===========================================================================


~~~~~~~~~~~~~~~~~~~~~~~~~~~~~~~~~~~~~~~~~~~~~~~~~~~~~~~~~~~~~~~~~~~~~~~~~~~
 Calculation             : Compute initial energy
 Method                  : DFT (B3LYP-G)
 Precision               : 1.00000e-03
 Localization            : Off
~~~~~~~~~~~~~~~~~~~~~~~~~~~~~~~~~~~~~~~~~~~~~~~~~~~~~~~~~~~~~~~~~~~~~~~~~~~


===========================================================================
                        Molecular Energy (initial)
---------------------------------------------------------------------------
 Kinetic energy          :            (au)                 98.830445313085
 E-N energy              :            (au)               -272.702335253019
 Coulomb energy          :            (au)                 69.555435206273
 Exchange energy         :            (au)                 -2.452920805256
 X-C energy              :            (au)                -10.452730719652
 Ext. field (el)         :            (au)                  0.000000000000
---------------------------------------------------------------------------
 N-N energy              :            (au)                 24.180814902294
 Ext. field (nuc)        :            (au)                  0.000000000000
---------------------------------------------------------------------------
 Electronic energy       :            (au)               -117.222106258570
 Nuclear energy          :            (au)                 24.180814902294
---------------------------------------------------------------------------
 Total energy            :            (au)             -9.304129135628e+01
                         :      (kcal/mol)             -5.838429133405e+04
                         :        (kJ/mol)             -2.442798751002e+05
                         :            (eV)             -2.531782404645e+03
===========================================================================


===========================================================================
                        Orbital Energies (initial)
---------------------------------------------------------------------------
    n  Occ Spin          :                                         Epsilon
---------------------------------------------------------------------------
    0    2    p          :            (au)                -13.940259774704
    1    2    p          :            (au)                -10.179865822992
    2    2    p          :            (au)                 -0.864366424935
    3    2    p          :            (au)                 -0.596696887622
    4    2    p          :            (au)                 -0.321219266020
    5    2    p          :            (au)                 -0.311040129092
    6    2    p          :            (au)                 -0.311038033668
---------------------------------------------------------------------------
 Sum occupied            :            (au)                -53.048972678065
===========================================================================


~~~~~~~~~~~~~~~~~~~~~~~~~~~~~~~~~~~~~~~~~~~~~~~~~~~~~~~~~~~~~~~~~~~~~~~~~~~
 Calculation             : Optimize ground state orbitals
 Method                  : DFT (B3LYP-G)
 Checkpointing           : Off
 Max iterations          : 200
 KAIN solver             : 10
 Localization            : Off
 Diagonalization         : First two iterations
 Start precision         : 1.00000e-06
 Final precision         : 1.00000e-06
 Helmholtz precision     : Dynamic
 Energy threshold        : 1.00000e-06
 Orbital threshold       : 1.00000e-05
~~~~~~~~~~~~~~~~~~~~~~~~~~~~~~~~~~~~~~~~~~~~~~~~~~~~~~~~~~~~~~~~~~~~~~~~~~~


===========================================================================
 Iter           MO residual             Total energy                Update
---------------------------------------------------------------------------
    0          2.645751e+00         -93.041291356276         -9.304129e+01
    1          1.930136e-01         -93.409748087979         -3.684567e-01
    2          7.667533e-02         -93.437040950365         -2.729286e-02
    3          7.117415e-02         -93.443167782795         -6.126832e-03
    4          2.512123e-02         -93.446976749004         -3.808966e-03
    5          1.481974e-02         -93.448308553813         -1.331805e-03
    6          1.541288e-02         -93.448868457163         -5.599033e-04
    7          3.955192e-03         -93.448921351795         -5.289463e-05
    8          2.521912e-03         -93.448933733719         -1.238192e-05
    9          1.185113e-03         -93.448936623841         -2.890122e-06
   10          2.717173e-04         -93.448937011247         -3.874064e-07
   11          1.675338e-04         -93.448937105438         -9.419135e-08
   12          8.491475e-05         -93.448937123850         -1.841202e-08
   13          6.156005e-05         -93.448937130380         -6.529348e-09
   14          2.821897e-05         -93.448937132154         -1.773955e-09
   15          1.152794e-05         -93.448937132603         -4.490346e-10
---------------------------------------------------------------------------
                      SCF converged in 15 iterations!
===========================================================================


                                                                           
***************************************************************************
***                                                                     ***
***                    Printing Molecular Properties                    ***
***                                                                     ***
***************************************************************************
                                                                           
                                                                           
===========================================================================
                                 Molecule
---------------------------------------------------------------------------
 Charge                  :                                               0
 Multiplicity            :                                               1
---------------------------------------------------------------------------
    N    Atom            :               x               y               z
---------------------------------------------------------------------------
    0       C            :        0.000000        0.000000       -1.300591
    1       N            :        0.000000        0.000000        0.915301
    2       H            :        0.000000        0.000000        2.778949
---------------------------------------------------------------------------
 Center of mass          :        0.000000        0.000000        0.000000
===========================================================================


===========================================================================
                         Molecular Energy (final)
---------------------------------------------------------------------------
 Kinetic energy          :            (au)                 93.019034679344
 E-N energy              :            (au)               -266.236645786810
 Coulomb energy          :            (au)                 68.190535429812
 Exchange energy         :            (au)                 -2.407783605673
 X-C energy              :            (au)                -10.194892751570
 Ext. field (el)         :            (au)                  0.000000000000
---------------------------------------------------------------------------
 N-N energy              :            (au)                 24.180814902294
 Ext. field (nuc)        :            (au)                  0.000000000000
---------------------------------------------------------------------------
 Electronic energy       :            (au)               -117.629752034897
 Nuclear energy          :            (au)                 24.180814902294
---------------------------------------------------------------------------
 Total energy            :            (au)             -9.344893713260e+01
                         :      (kcal/mol)             -5.864009291869e+04
                         :        (kJ/mol)             -2.453501489311e+05
                         :            (eV)             -2.542875010828e+03
===========================================================================


===========================================================================
                         Orbital Energies (final)
---------------------------------------------------------------------------
    n  Occ Spin          :                                         Epsilon
---------------------------------------------------------------------------
    0    2    p          :            (au)                -14.364645371520
    1    2    p          :            (au)                -10.237419933070
    2    2    p          :            (au)                 -0.958593590928
    3    2    p          :            (au)                 -0.680219317313
    4    2    p          :            (au)                 -0.389634044494
    5    2    p          :            (au)                 -0.389634009180
    6    2    p          :            (au)                 -0.331553918584
---------------------------------------------------------------------------
 Sum occupied            :            (au)                -54.703400370177
===========================================================================


===========================================================================
                           Dipole Moment (dip-1)
---------------------------------------------------------------------------
 r_O                     :        0.000000        0.000000        0.000000
---------------------------------------------------------------------------
 Electronic vector       :       -0.000000       -0.000000       -0.200352
 Magnitude               :            (au)                        0.200352
                         :         (Debye)                        0.509243
---------------------------------------------------------------------------
 Nuclear vector          :        0.000000        0.000000        1.382511
 Magnitude               :            (au)                        1.382511
                         :         (Debye)                        3.513992
---------------------------------------------------------------------------
 Total vector            :       -0.000000       -0.000000        1.182159
 Magnitude               :            (au)                        1.182159
                         :         (Debye)                        3.004749
===========================================================================


                                                                           
                                                                           
***************************************************************************
***                                                                     ***
***                            Exiting MRChem                           ***
***                                                                     ***
***                       Wall time :  0h 23m 25s                       ***
***                                                                     ***
***************************************************************************
                                                                           
                                                                           
[1625704282.107403] [c5-20:49977:0]          mpool.c:43   UCX  WARN  object 0xf47c40 was not returned to mpool ucp_requests
[1625704282.107419] [c5-20:49977:0]          mpool.c:43   UCX  WARN  object 0xf47d40 was not returned to mpool ucp_requests
[1625704282.107421] [c5-20:49977:0]          mpool.c:43   UCX  WARN  object 0xf47f40 was not returned to mpool ucp_requests
[1625704282.095836] [c5-25:58248:0]          mpool.c:43   UCX  WARN  object 0x13b9680 was not returned to mpool ucp_requests
[1625704282.095852] [c5-25:58248:0]          mpool.c:43   UCX  WARN  object 0x13ba480 was not returned to mpool ucp_requests
[1625704282.095854] [c5-25:58248:0]          mpool.c:43   UCX  WARN  object 0x13ba680 was not returned to mpool ucp_requests
[1625704282.140238] [c5-24:17130:0]          mpool.c:43   UCX  WARN  object 0x2918c00 was not returned to mpool ucp_requests
[1625704282.140256] [c5-24:17130:0]          mpool.c:43   UCX  WARN  object 0x2918d00 was not returned to mpool ucp_requests
[1625704282.140258] [c5-24:17130:0]          mpool.c:43   UCX  WARN  object 0x2918e00 was not returned to mpool ucp_requests
[1625704282.123877] [c5-1:27767:0]          mpool.c:43   UCX  WARN  object 0x145b340 was not returned to mpool ucp_requests
[1625704282.123883] [c5-1:27767:0]          mpool.c:43   UCX  WARN  object 0x145b840 was not returned to mpool ucp_requests
[1625704282.123885] [c5-1:27767:0]          mpool.c:43   UCX  WARN  object 0x145ba40 was not returned to mpool ucp_requests
[1625704282.123887] [c5-1:27767:0]          mpool.c:43   UCX  WARN  object 0x145bb40 was not returned to mpool ucp_requests
[1625704282.123888] [c5-1:27767:0]          mpool.c:43   UCX  WARN  object 0x145bc40 was not returned to mpool ucp_requests
[1625704282.123890] [c5-1:27767:0]          mpool.c:43   UCX  WARN  object 0x145bd40 was not returned to mpool ucp_requests
[1625704282.123891] [c5-1:27767:0]          mpool.c:43   UCX  WARN  object 0x145be40 was not returned to mpool ucp_requests
[1625704282.123892] [c5-1:27767:0]          mpool.c:43   UCX  WARN  object 0x145bf40 was not returned to mpool ucp_requests
[1625704282.123893] [c5-1:27767:0]          mpool.c:43   UCX  WARN  object 0x145c040 was not returned to mpool ucp_requests
[1625704282.124036] [c5-4:40268:0]          mpool.c:43   UCX  WARN  object 0x1e7fb40 was not returned to mpool ucp_requests
[1625704282.124057] [c5-4:40268:0]          mpool.c:43   UCX  WARN  object 0x1e7fc40 was not returned to mpool ucp_requests
[1625704282.124059] [c5-4:40268:0]          mpool.c:43   UCX  WARN  object 0x1e7fd40 was not returned to mpool ucp_requests
[1625704282.124060] [c5-4:40268:0]          mpool.c:43   UCX  WARN  object 0x1e7fe40 was not returned to mpool ucp_requests
[1625704282.124061] [c5-4:40268:0]          mpool.c:43   UCX  WARN  object 0x1e7ff40 was not returned to mpool ucp_requests
[1625704282.124063] [c5-4:40268:0]          mpool.c:43   UCX  WARN  object 0x1e80040 was not returned to mpool ucp_requests
[1625704282.104001] [c5-18:34308:0]          mpool.c:43   UCX  WARN  object 0x125fb40 was not returned to mpool ucp_requests
[1625704282.104021] [c5-18:34308:0]          mpool.c:43   UCX  WARN  object 0x125fc40 was not returned to mpool ucp_requests
[1625704282.104023] [c5-18:34308:0]          mpool.c:43   UCX  WARN  object 0x125fd40 was not returned to mpool ucp_requests
[1625704282.104025] [c5-18:34308:0]          mpool.c:43   UCX  WARN  object 0x125fe40 was not returned to mpool ucp_requests
[1625704282.104026] [c5-18:34308:0]          mpool.c:43   UCX  WARN  object 0x125ff40 was not returned to mpool ucp_requests
[1625704282.104027] [c5-18:34308:0]          mpool.c:43   UCX  WARN  object 0x1260040 was not returned to mpool ucp_requests
[1625704282.097901] [c5-28:40165:0]          mpool.c:43   UCX  WARN  object 0x932440 was not returned to mpool ucp_requests
[1625704282.097916] [c5-28:40165:0]          mpool.c:43   UCX  WARN  object 0x932540 was not returned to mpool ucp_requests
[1625704282.097918] [c5-28:40165:0]          mpool.c:43   UCX  WARN  object 0x932640 was not returned to mpool ucp_requests
[1625704282.097919] [c5-28:40165:0]          mpool.c:43   UCX  WARN  object 0x932740 was not returned to mpool ucp_requests
[1625704282.097921] [c5-28:40165:0]          mpool.c:43   UCX  WARN  object 0x932840 was not returned to mpool ucp_requests
[1625704282.097922] [c5-28:40165:0]          mpool.c:43   UCX  WARN  object 0x932940 was not returned to mpool ucp_requests
[1625704282.120092] [c5-19:71928:0]          mpool.c:43   UCX  WARN  object 0x273fb40 was not returned to mpool ucp_requests
[1625704282.120108] [c5-19:71928:0]          mpool.c:43   UCX  WARN  object 0x273fc40 was not returned to mpool ucp_requests
[1625704282.120110] [c5-19:71928:0]          mpool.c:43   UCX  WARN  object 0x273fd40 was not returned to mpool ucp_requests
[1625704282.120112] [c5-19:71928:0]          mpool.c:43   UCX  WARN  object 0x273fe40 was not returned to mpool ucp_requests
[1625704282.120113] [c5-19:71928:0]          mpool.c:43   UCX  WARN  object 0x273ff40 was not returned to mpool ucp_requests
[1625704282.120114] [c5-19:71928:0]          mpool.c:43   UCX  WARN  object 0x2740040 was not returned to mpool ucp_requests
[1625704282.094559] [c5-25:58246:0]          mpool.c:43   UCX  WARN  object 0x1109b40 was not returned to mpool ucp_requests
[1625704282.094579] [c5-25:58246:0]          mpool.c:43   UCX  WARN  object 0x1109c40 was not returned to mpool ucp_requests
[1625704282.094581] [c5-25:58246:0]          mpool.c:43   UCX  WARN  object 0x1109d40 was not returned to mpool ucp_requests
[1625704282.094583] [c5-25:58246:0]          mpool.c:43   UCX  WARN  object 0x1109e40 was not returned to mpool ucp_requests
[1625704282.094584] [c5-25:58246:0]          mpool.c:43   UCX  WARN  object 0x1109f40 was not returned to mpool ucp_requests
[1625704282.094585] [c5-25:58246:0]          mpool.c:43   UCX  WARN  object 0x110a040 was not returned to mpool ucp_requests
[1625704282.095894] [c5-20:49976:0]          mpool.c:43   UCX  WARN  object 0x2193b40 was not returned to mpool ucp_requests
[1625704282.095910] [c5-20:49976:0]          mpool.c:43   UCX  WARN  object 0x2193c40 was not returned to mpool ucp_requests
[1625704282.095912] [c5-20:49976:0]          mpool.c:43   UCX  WARN  object 0x2193d40 was not returned to mpool ucp_requests
[1625704282.095913] [c5-20:49976:0]          mpool.c:43   UCX  WARN  object 0x2193e40 was not returned to mpool ucp_requests
[1625704282.095914] [c5-20:49976:0]          mpool.c:43   UCX  WARN  object 0x2193f40 was not returned to mpool ucp_requests
[1625704282.095916] [c5-20:49976:0]          mpool.c:43   UCX  WARN  object 0x2194040 was not returned to mpool ucp_requests
[1625704282.099338] [c5-28:40166:0]          mpool.c:43   UCX  WARN  object 0xb264c0 was not returned to mpool ucp_requests
[1625704282.099354] [c5-28:40166:0]          mpool.c:43   UCX  WARN  object 0xb265c0 was not returned to mpool ucp_requests
[1625704282.099356] [c5-28:40166:0]          mpool.c:43   UCX  WARN  object 0xb266c0 was not returned to mpool ucp_requests
[1625704282.168721] [c5-24:17128:0]          mpool.c:43   UCX  WARN  object 0xf05b40 was not returned to mpool ucp_requests
[1625704282.168738] [c5-24:17128:0]          mpool.c:43   UCX  WARN  object 0xf05c40 was not returned to mpool ucp_requests
[1625704282.168740] [c5-24:17128:0]          mpool.c:43   UCX  WARN  object 0xf05d40 was not returned to mpool ucp_requests
[1625704282.168741] [c5-24:17128:0]          mpool.c:43   UCX  WARN  object 0xf05e40 was not returned to mpool ucp_requests
[1625704282.168743] [c5-24:17128:0]          mpool.c:43   UCX  WARN  object 0xf05f40 was not returned to mpool ucp_requests
[1625704282.168744] [c5-24:17128:0]          mpool.c:43   UCX  WARN  object 0xf06040 was not returned to mpool ucp_requests
[1625704282.160926] [c5-4:40269:0]          mpool.c:43   UCX  WARN  object 0x25a6040 was not returned to mpool ucp_requests
[1625704282.160947] [c5-4:40269:0]          mpool.c:43   UCX  WARN  object 0x25a6f40 was not returned to mpool ucp_requests
[1625704282.160949] [c5-4:40269:0]          mpool.c:43   UCX  WARN  object 0x25a7040 was not returned to mpool ucp_requests
[1625704282.137658] [c5-18:34309:0]          mpool.c:43   UCX  WARN  object 0xc84740 was not returned to mpool ucp_requests
[1625704282.137674] [c5-18:34309:0]          mpool.c:43   UCX  WARN  object 0xc84f40 was not returned to mpool ucp_requests
[1625704282.137676] [c5-18:34309:0]          mpool.c:43   UCX  WARN  object 0xc85040 was not returned to mpool ucp_requests
[1625704282.156548] [c5-19:71930:0]          mpool.c:43   UCX  WARN  object 0x1955d00 was not returned to mpool ucp_requests
[1625704282.156565] [c5-19:71930:0]          mpool.c:43   UCX  WARN  object 0x1955e00 was not returned to mpool ucp_requests
[1625704282.156567] [c5-19:71930:0]          mpool.c:43   UCX  WARN  object 0x1955f00 was not returned to mpool ucp_requests
