                                                                           
                                                                           
***************************************************************************
***                                                                     ***
***                                                                     ***
***          __  __ ____   ____ _                                       ***
***         |  \/  |  _ \ / ___| |__   ___ _ __ ___                     ***
***         | |\/| | |_) | |   | '_ \ / _ \ '_ ` _ \                    ***
***         | |  | |  _ <| |___| | | |  __/ | | | | |                   ***
***         |_|  |_|_| \_\\____|_| |_|\___|_| |_| |_|                   ***
***                                                                     ***
***         VERSION            1.0.1                                    ***
***                                                                     ***
***         Git branch         HEAD                                     ***
***         Git commit hash    9309e3e1e52e5319b766-dirty               ***
***         Git commit author  Stig Rune Jensen                         ***
***         Git commit date    Fri Dec 4 16:08:55 2020 +0100            ***
***                                                                     ***
***         Contact: luca.frediani@uit.no                               ***
***                                                                     ***
***         Radovan Bast            Magnar Bjorgve                      ***
***         Roberto Di Remigio      Antoine Durdek                      ***
***         Luca Frediani           Gabriel Gerez                       ***
***         Stig Rune Jensen        Jonas Juselius                      ***
***         Rune Monstad            Peter Wind                          ***
***                                                                     ***
***************************************************************************

---------------------------------------------------------------------------

 MPI processes           :        (1 bank)                              20
 OpenMP threads          :                                               6
 Total cores             :                                             120
                                                                           
---------------------------------------------------------------------------

XCFun DFT library Copyright 2009-2020 Ulf Ekstrom and contributors.
See http://dftlibs.org/xcfun/ for more information.

This is free software; see the source code for copying conditions.
There is ABSOLUTELY NO WARRANTY; not even for MERCHANTABILITY or
FITNESS FOR A PARTICULAR PURPOSE. For details see the documentation.
Scientific users of this library should cite
U. Ekstrom, L. Visscher, R. Bast, A. J. Thorvaldsen and K. Ruud;
J.Chem.Theor.Comp. 2010, DOI: 10.1021/ct100117s

---------------------------------------------------------------------------

 MRCPP version         : 1.3.6
 Git branch            : HEAD
 Git commit hash       : 9309e3e1e52e5319b766-dirty
 Git commit author     : Stig Rune Jensen
 Git commit date       : Fri Dec 4 16:08:55 2020 +0100

 Linear algebra        : EIGEN v3.3.7
 Parallelization       : MPI/OpenMP (6 threads)

---------------------------------------------------------------------------


                                                                           
===========================================================================
                         MultiResolution Analysis
---------------------------------------------------------------------------
 polynomial order      : 9
 polynomial type       : Interpolating
---------------------------------------------------------------------------
 total boxes           : 8
 boxes                 : [          2           2           2 ]
 unit lengths          : [   32.00000    32.00000    32.00000 ]
 scaling factor        : [    1.00000     1.00000     1.00000 ]
 lower bounds          : [  -32.00000   -32.00000   -32.00000 ]
 upper bounds          : [   32.00000    32.00000    32.00000 ]
 total length          : [   64.00000    64.00000    64.00000 ]
===========================================================================


                                                                           
***************************************************************************
***                                                                     ***
***                        Initializing Molecule                        ***
***                                                                     ***
***************************************************************************
                                                                           
                                                                           
===========================================================================
                                 Molecule
---------------------------------------------------------------------------
 Charge                  :                                               0
 Multiplicity            :                                               1
---------------------------------------------------------------------------
    N    Atom            :               x               y               z
---------------------------------------------------------------------------
    0       C            :        0.000000        0.000000       -1.300591
    1       N            :        0.000000        0.000000        0.915301
    2       H            :        0.000000        0.000000        2.778949
---------------------------------------------------------------------------
 Center of mass          :        0.000000        0.000000        0.000000
===========================================================================


                                                                           
***************************************************************************
***                                                                     ***
***                 Computing Ground State Wavefunction                 ***
***                                                                     ***
***************************************************************************
                                                                           
                                                                           
~~~~~~~~~~~~~~~~~~~~~~~~~~~~~~~~~~~~~~~~~~~~~~~~~~~~~~~~~~~~~~~~~~~~~~~~~~~
 Calculation             : Compute initial orbitals
 Method                  : Diagonalize SAD Hamiltonian
 Precision               : 1.00000e-04
 Restricted              : False
 Functional              : LDA (SVWN5)
 AO basis                : Hydrogenic orbitals
 Zeta quality            : 2
~~~~~~~~~~~~~~~~~~~~~~~~~~~~~~~~~~~~~~~~~~~~~~~~~~~~~~~~~~~~~~~~~~~~~~~~~~~


===========================================================================
                            Molecular Orbitals
---------------------------------------------------------------------------
 Alpha electrons         :                                               7
 Beta electrons          :                                               7
 Total electrons         :                                              14
---------------------------------------------------------------------------
    n  Occ Spin          :                                            Norm
---------------------------------------------------------------------------
    0    1    a          :                              9.999999995815e-01
    1    1    a          :                              9.999999911309e-01
    2    1    a          :                              9.999999996390e-01
    3    1    a          :                              9.999999661904e-01
    4    1    a          :                              9.999999997480e-01
    5    1    a          :                              9.999999997524e-01
    6    1    a          :                              1.000000002236e+00
    7    1    b          :                              9.999999995817e-01
    8    1    b          :                              9.999999910705e-01
    9    1    b          :                              9.999999967999e-01
   10    1    b          :                              9.999999807148e-01
   11    1    b          :                              9.999999997882e-01
   12    1    b          :                              9.999999997560e-01
   13    1    b          :                              1.000000000791e+00
===========================================================================


~~~~~~~~~~~~~~~~~~~~~~~~~~~~~~~~~~~~~~~~~~~~~~~~~~~~~~~~~~~~~~~~~~~~~~~~~~~
 Calculation             : Compute initial energy
 Method                  : DFT (PBE)
 Precision               : 1.00000e-04
 Localization            : On
~~~~~~~~~~~~~~~~~~~~~~~~~~~~~~~~~~~~~~~~~~~~~~~~~~~~~~~~~~~~~~~~~~~~~~~~~~~


===========================================================================
                        Molecular Energy (initial)
---------------------------------------------------------------------------
 Kinetic energy          :            (au)                 98.810394768184
 E-N energy              :            (au)               -272.742316923265
 Coulomb energy          :            (au)                 69.599592029157
 Exchange energy         :            (au)                  0.000000000000
 X-C energy              :            (au)                -12.801280071807
 Ext. field (el)         :            (au)                  0.000000000000
---------------------------------------------------------------------------
 N-N energy              :            (au)                 24.180814902294
 Ext. field (nuc)        :            (au)                  0.000000000000
---------------------------------------------------------------------------
 Electronic energy       :            (au)               -117.133610197731
 Nuclear energy          :            (au)                 24.180814902294
---------------------------------------------------------------------------
 Total energy            :            (au)             -9.295279529544e+01
                         :      (kcal/mol)             -5.832875921791e+04
                         :        (kJ/mol)             -2.440475287261e+05
                         :            (eV)             -2.529374304258e+03
===========================================================================


===========================================================================
                        Orbital Energies (initial)
---------------------------------------------------------------------------
    n  Occ Spin          :                                         Epsilon
---------------------------------------------------------------------------
    0    1    a          :            (au)                -13.595877437740
    1    1    a          :            (au)                 -9.880296835401
    2    1    a          :            (au)                 -0.779680021867
    3    1    a          :            (au)                 -0.536950052930
    4    1    a          :            (au)                 -0.272040458138
    5    1    a          :            (au)                 -0.261237343376
    6    1    a          :            (au)                 -0.261237306252
    7    1    b          :            (au)                -13.595865655628
    8    1    b          :            (au)                 -9.880315529143
    9    1    b          :            (au)                 -0.779610616952
   10    1    b          :            (au)                 -0.536937462439
   11    1    b          :            (au)                 -0.272026040263
   12    1    b          :            (au)                 -0.261213475859
   13    1    b          :            (au)                 -0.261191357088
---------------------------------------------------------------------------
 Sum occupied            :            (au)                -51.174479593078
===========================================================================


~~~~~~~~~~~~~~~~~~~~~~~~~~~~~~~~~~~~~~~~~~~~~~~~~~~~~~~~~~~~~~~~~~~~~~~~~~~
 Calculation             : Optimize ground state orbitals
 Method                  : DFT (PBE)
 Checkpointing           : Off
 Max iterations          : 200
 KAIN solver             : 10
 Localization            : First two iterations
 Diagonalization         : Off
 Start precision         : 1.00000e-06
 Final precision         : 1.00000e-06
 Helmholtz precision     : Dynamic
 Energy threshold        : 1.00000e-06
 Orbital threshold       : 5.00000e-05
~~~~~~~~~~~~~~~~~~~~~~~~~~~~~~~~~~~~~~~~~~~~~~~~~~~~~~~~~~~~~~~~~~~~~~~~~~~


===========================================================================
 Iter           MO residual             Total energy                Update
---------------------------------------------------------------------------
    0          3.741657e+00         -92.952795295437         -9.295280e+01
    1          2.713501e-01         -93.290061424385         -3.372661e-01
    2          9.349438e-02         -93.323083867260         -3.302244e-02
    3          3.450903e-02         -93.328464358904         -5.380492e-03
    4          1.972093e-02         -93.329838913790         -1.374555e-03
    5          1.912395e-02         -93.330642722969         -8.038092e-04
    6          8.814786e-03         -93.330795232253         -1.525093e-04
    7          8.816667e-03         -93.330880302345         -8.507009e-05
    8          3.103881e-03         -93.330894962148         -1.465980e-05
    9          1.868371e-03         -93.330900656812         -5.694664e-06
   10          5.638345e-04         -93.330901428469         -7.716576e-07
   11          4.466760e-04         -93.330901850897         -4.224280e-07
   12          2.953423e-04         -93.330901999257         -1.483593e-07
   13          2.949056e-04         -93.330902100538         -1.012814e-07
   14          5.006811e-04         -93.330902222950         -1.224123e-07
   15          2.191649e-04         -93.330902259201         -3.625017e-08
   16          1.184065e-04         -93.330902276430         -1.722988e-08
   17          3.614111e-05         -93.330902279252         -2.821139e-09
---------------------------------------------------------------------------
                      SCF converged in 17 iterations!
===========================================================================


                                                                           
***************************************************************************
***                                                                     ***
***                    Printing Molecular Properties                    ***
***                                                                     ***
***************************************************************************
                                                                           
                                                                           
===========================================================================
                                 Molecule
---------------------------------------------------------------------------
 Charge                  :                                               0
 Multiplicity            :                                               1
---------------------------------------------------------------------------
    N    Atom            :               x               y               z
---------------------------------------------------------------------------
    0       C            :        0.000000        0.000000       -1.300591
    1       N            :        0.000000        0.000000        0.915301
    2       H            :        0.000000        0.000000        2.778949
---------------------------------------------------------------------------
 Center of mass          :        0.000000        0.000000        0.000000
===========================================================================


===========================================================================
                         Molecular Energy (final)
---------------------------------------------------------------------------
 Kinetic energy          :            (au)                 93.010864816660
 E-N energy              :            (au)               -266.212126277324
 Coulomb energy          :            (au)                 68.171055781145
 Exchange energy         :            (au)                  0.000000000000
 X-C energy              :            (au)                -12.481511502026
 Ext. field (el)         :            (au)                  0.000000000000
---------------------------------------------------------------------------
 N-N energy              :            (au)                 24.180814902294
 Ext. field (nuc)        :            (au)                  0.000000000000
---------------------------------------------------------------------------
 Electronic energy       :            (au)               -117.511717181546
 Nuclear energy          :            (au)                 24.180814902294
---------------------------------------------------------------------------
 Total energy            :            (au)             -9.333090227925e+01
                         :      (kcal/mol)             -5.856602493054e+04
                         :        (kJ/mol)             -2.450402484684e+05
                         :            (eV)             -2.539663118985e+03
===========================================================================


===========================================================================
                         Orbital Energies (final)
---------------------------------------------------------------------------
    n  Occ Spin          :                                         Epsilon
---------------------------------------------------------------------------
    0    1    a          :            (au)                -14.030815162880
    1    1    a          :            (au)                 -9.943165480570
    2    1    a          :            (au)                 -0.874646231844
    3    1    a          :            (au)                 -0.619344537193
    4    1    a          :            (au)                 -0.347484992985
    5    1    a          :            (au)                 -0.347484992202
    6    1    a          :            (au)                 -0.280326512035
    7    1    b          :            (au)                -14.030815683017
    8    1    b          :            (au)                 -9.943164425918
    9    1    b          :            (au)                 -0.874646962940
   10    1    b          :            (au)                 -0.619344745787
   11    1    b          :            (au)                 -0.347486107263
   12    1    b          :            (au)                 -0.347486107094
   13    1    b          :            (au)                 -0.280324046052
---------------------------------------------------------------------------
 Sum occupied            :            (au)                -52.886535987780
===========================================================================


===========================================================================
                           Dipole Moment (dip-1)
---------------------------------------------------------------------------
 r_O                     :        0.000000        0.000000        0.000000
---------------------------------------------------------------------------
 Electronic vector       :        0.000000        0.000001       -0.176472
 Magnitude               :            (au)                        0.176472
                         :         (Debye)                        0.448548
---------------------------------------------------------------------------
 Nuclear vector          :        0.000000        0.000000        1.382511
 Magnitude               :            (au)                        1.382511
                         :         (Debye)                        3.513992
---------------------------------------------------------------------------
 Total vector            :        0.000000        0.000001        1.206038
 Magnitude               :            (au)                        1.206038
                         :         (Debye)                        3.065444
===========================================================================


                                                                           
                                                                           
***************************************************************************
***                                                                     ***
***                            Exiting MRChem                           ***
***                                                                     ***
***                       Wall time :  0h 16m 27s                       ***
***                                                                     ***
***************************************************************************
                                                                           
                                                                           
