Starting job 3267512 on c1-38,c2-5,c11-6 at Wed Aug 11 17:41:33 CEST 2021

Copying 43_pbe_.out to /cluster/home/ambr/projects/psp/row12/calcs/singlets
Copying 43_pbe_.json to /cluster/home/ambr/projects/psp/row12/calcs/singlets

Task and CPU usage stats:
       JobID    JobName  AllocCPUS   NTasks     MinCPU MinCPUTask     AveCPU    Elapsed ExitCode 
------------ ---------- ---------- -------- ---------- ---------- ---------- ---------- -------- 
3267512         43_pbe_        120                                             00:16:36      1:0 
3267512.bat+      batch         36        1   00:00:00          0   00:00:00   00:16:36      1:0 
3267512.ext+     extern        120        3   00:00:00          2   00:00:00   00:16:37      0:0 
3267512.0      mrchem.x        120       20   00:16:28         19   00:58:03   00:16:31      0:0 

Memory usage stats:
       JobID     MaxRSS MaxRSSTask     AveRSS MaxPages   MaxPagesTask   AvePages 
------------ ---------- ---------- ---------- -------- -------------- ---------- 
3267512                                                                          
3267512.bat+     14232K          0     14232K        0              0          0 
3267512.ext+          0          2          0        0              2          0 
3267512.0      3575620K          3 2995611033        0              4          0 

Disk usage stats:
       JobID  MaxDiskRead MaxDiskReadTask    AveDiskRead MaxDiskWrite MaxDiskWriteTask   AveDiskWrite 
------------ ------------ --------------- -------------- ------------ ---------------- -------------- 
3267512                                                                                               
3267512.bat+        3.70M               0          3.70M        0.02M                0          0.02M 
3267512.ext+        0.00M               2          0.00M            0                2              0 
3267512.0           2.67M              17          2.30M        2.11M                0          2.07M 

Job 3267512 completed at Wed Aug 11 17:58:09 CEST 2021
