                                                                           
                                                                           
***************************************************************************
***                                                                     ***
***                                                                     ***
***          __  __ ____   ____ _                                       ***
***         |  \/  |  _ \ / ___| |__   ___ _ __ ___                     ***
***         | |\/| | |_) | |   | '_ \ / _ \ '_ ` _ \                    ***
***         | |  | |  _ <| |___| | | |  __/ | | | | |                   ***
***         |_|  |_|_| \_\\____|_| |_|\___|_| |_| |_|                   ***
***                                                                     ***
***         VERSION            1.0.1                                    ***
***                                                                     ***
***         Git branch         HEAD                                     ***
***         Git commit hash    9309e3e1e52e5319b766-dirty               ***
***         Git commit author  Stig Rune Jensen                         ***
***         Git commit date    Fri Dec 4 16:08:55 2020 +0100            ***
***                                                                     ***
***         Contact: luca.frediani@uit.no                               ***
***                                                                     ***
***         Radovan Bast            Magnar Bjorgve                      ***
***         Roberto Di Remigio      Antoine Durdek                      ***
***         Luca Frediani           Gabriel Gerez                       ***
***         Stig Rune Jensen        Jonas Juselius                      ***
***         Rune Monstad            Peter Wind                          ***
***                                                                     ***
***************************************************************************

---------------------------------------------------------------------------

 MPI processes           :        (1 bank)                              20
 OpenMP threads          :                                              10
 Total cores             :                                             200
                                                                           
---------------------------------------------------------------------------

XCFun DFT library Copyright 2009-2020 Ulf Ekstrom and contributors.
See http://dftlibs.org/xcfun/ for more information.

This is free software; see the source code for copying conditions.
There is ABSOLUTELY NO WARRANTY; not even for MERCHANTABILITY or
FITNESS FOR A PARTICULAR PURPOSE. For details see the documentation.
Scientific users of this library should cite
U. Ekstrom, L. Visscher, R. Bast, A. J. Thorvaldsen and K. Ruud;
J.Chem.Theor.Comp. 2010, DOI: 10.1021/ct100117s

---------------------------------------------------------------------------

 MRCPP version         : 1.3.6
 Git branch            : HEAD
 Git commit hash       : 9309e3e1e52e5319b766-dirty
 Git commit author     : Stig Rune Jensen
 Git commit date       : Fri Dec 4 16:08:55 2020 +0100

 Linear algebra        : EIGEN v3.3.7
 Parallelization       : MPI/OpenMP (10 threads)

---------------------------------------------------------------------------


                                                                           
===========================================================================
                         MultiResolution Analysis
---------------------------------------------------------------------------
 polynomial order      : 9
 polynomial type       : Interpolating
---------------------------------------------------------------------------
 total boxes           : 8
 boxes                 : [          2           2           2 ]
 unit lengths          : [   16.00000    16.00000    16.00000 ]
 scaling factor        : [    1.00000     1.00000     1.00000 ]
 lower bounds          : [  -16.00000   -16.00000   -16.00000 ]
 upper bounds          : [   16.00000    16.00000    16.00000 ]
 total length          : [   32.00000    32.00000    32.00000 ]
===========================================================================


                                                                           
***************************************************************************
***                                                                     ***
***                        Initializing Molecule                        ***
***                                                                     ***
***************************************************************************
                                                                           
                                                                           
===========================================================================
                                 Molecule
---------------------------------------------------------------------------
 Charge                  :                                               0
 Multiplicity            :                                               1
---------------------------------------------------------------------------
    N    Atom            :               x               y               z
---------------------------------------------------------------------------
    0       C            :        1.045471        0.000000        0.000000
    1       F            :       -0.446090        0.000000        2.071518
    2       F            :       -0.446090        0.000000       -2.071518
    3       H            :        2.179117       -1.706234        0.000000
    4       H            :        2.179117        1.706234        0.000000
---------------------------------------------------------------------------
 Center of mass          :       -0.000000       -0.000000        0.000000
===========================================================================


                                                                           
***************************************************************************
***                                                                     ***
***                 Computing Ground State Wavefunction                 ***
***                                                                     ***
***************************************************************************
                                                                           
                                                                           
~~~~~~~~~~~~~~~~~~~~~~~~~~~~~~~~~~~~~~~~~~~~~~~~~~~~~~~~~~~~~~~~~~~~~~~~~~~
 Calculation             : Compute initial orbitals
 Method                  : Diagonalize SAD Hamiltonian
 Precision               : 1.00000e-03
 Restricted              : True
 Functional              : LDA (SVWN5)
 AO basis                : Hydrogenic orbitals
 Zeta quality            : 2
~~~~~~~~~~~~~~~~~~~~~~~~~~~~~~~~~~~~~~~~~~~~~~~~~~~~~~~~~~~~~~~~~~~~~~~~~~~


===========================================================================
                            Molecular Orbitals
---------------------------------------------------------------------------
 Alpha electrons         :                                              13
 Beta electrons          :                                              13
 Total electrons         :                                              26
---------------------------------------------------------------------------
    n  Occ Spin          :                                            Norm
---------------------------------------------------------------------------
    0    2    p          :                              9.999992022315e-01
    1    2    p          :                              1.000005051860e+00
    2    2    p          :                              9.999977229582e-01
    3    2    p          :                              9.999997768332e-01
    4    2    p          :                              1.000000924049e+00
    5    2    p          :                              1.000005677483e+00
    6    2    p          :                              1.000002632785e+00
    7    2    p          :                              1.000043378875e+00
    8    2    p          :                              1.000041843032e+00
    9    2    p          :                              1.000001315052e+00
   10    2    p          :                              9.999952236907e-01
   11    2    p          :                              1.000001031282e+00
   12    2    p          :                              1.000000926767e+00
===========================================================================


~~~~~~~~~~~~~~~~~~~~~~~~~~~~~~~~~~~~~~~~~~~~~~~~~~~~~~~~~~~~~~~~~~~~~~~~~~~
 Calculation             : Compute initial energy
 Method                  : DFT (B3LYP-G)
 Precision               : 1.00000e-03
 Localization            : Off
~~~~~~~~~~~~~~~~~~~~~~~~~~~~~~~~~~~~~~~~~~~~~~~~~~~~~~~~~~~~~~~~~~~~~~~~~~~


===========================================================================
                        Molecular Energy (initial)
---------------------------------------------------------------------------
 Kinetic energy          :            (au)                250.231621079071
 E-N energy              :            (au)               -736.686957360947
 Coulomb energy          :            (au)                198.179966427096
 Exchange energy         :            (au)                 -5.270026897003
 X-C energy              :            (au)                -22.375883584128
 Ext. field (el)         :            (au)                  0.000000000000
---------------------------------------------------------------------------
 N-N energy              :            (au)                 77.600311505106
 Ext. field (nuc)        :            (au)                  0.000000000000
---------------------------------------------------------------------------
 Electronic energy       :            (au)               -315.921280335910
 Nuclear energy          :            (au)                 77.600311505106
---------------------------------------------------------------------------
 Total energy            :            (au)             -2.383209688308e+02
                         :      (kcal/mol)             -1.495486646026e+05
                         :        (kJ/mol)             -6.257116131033e+05
                         :            (eV)             -6.485043648344e+03
===========================================================================


===========================================================================
                        Orbital Energies (initial)
---------------------------------------------------------------------------
    n  Occ Spin          :                                         Epsilon
---------------------------------------------------------------------------
    0    2    p          :            (au)                -24.302713127948
    1    2    p          :            (au)                -24.296356186704
    2    2    p          :            (au)                -10.328861256336
    3    2    p          :            (au)                 -1.184097227679
    4    2    p          :            (au)                 -1.106810570660
    5    2    p          :            (au)                 -0.693425692873
    6    2    p          :            (au)                 -0.582672722846
    7    2    p          :            (au)                 -0.494978019594
    8    2    p          :            (au)                 -0.465569845986
    9    2    p          :            (au)                 -0.318142041585
   10    2    p          :            (au)                 -0.314651346233
   11    2    p          :            (au)                 -0.298973240745
   12    2    p          :            (au)                 -0.283091403371
---------------------------------------------------------------------------
 Sum occupied            :            (au)               -129.340685365122
===========================================================================


~~~~~~~~~~~~~~~~~~~~~~~~~~~~~~~~~~~~~~~~~~~~~~~~~~~~~~~~~~~~~~~~~~~~~~~~~~~
 Calculation             : Optimize ground state orbitals
 Method                  : DFT (B3LYP-G)
 Checkpointing           : Off
 Max iterations          : 200
 KAIN solver             : 10
 Localization            : Off
 Diagonalization         : First two iterations
 Start precision         : 1.00000e-06
 Final precision         : 1.00000e-06
 Helmholtz precision     : Dynamic
 Energy threshold        : 1.00000e-06
 Orbital threshold       : 1.00000e-05
~~~~~~~~~~~~~~~~~~~~~~~~~~~~~~~~~~~~~~~~~~~~~~~~~~~~~~~~~~~~~~~~~~~~~~~~~~~


===========================================================================
 Iter           MO residual             Total energy                Update
---------------------------------------------------------------------------
    0          3.605551e+00        -238.320968830804         -2.383210e+02
    1          3.280129e-01        -239.044469597763         -7.235008e-01
    2          9.455775e-02        -239.100651491188         -5.618189e-02
    3          4.880144e-02        -239.101452691392         -8.012002e-04
    4          3.244633e-02        -239.109029802405         -7.577111e-03
    5          2.598906e-02        -239.112052504885         -3.022702e-03
    6          7.214839e-03        -239.112443254638         -3.907498e-04
    7          7.436797e-03        -239.112657861003         -2.146064e-04
    8          6.455287e-03        -239.112749060541         -9.119954e-05
    9          2.170504e-03        -239.112762330857         -1.327032e-05
   10          5.743284e-04        -239.112763701937         -1.371081e-06
   11          3.759815e-04        -239.112764095358         -3.934202e-07
   12          1.499084e-04        -239.112764197707         -1.023493e-07
   13          8.526417e-05        -239.112764227257         -2.955056e-08
   14          5.883603e-05        -239.112764234967         -7.709161e-09
   15          3.026108e-05        -239.112764237520         -2.553861e-09
   16          1.076584e-05        -239.112764237963         -4.421850e-10
---------------------------------------------------------------------------
                      SCF converged in 16 iterations!
===========================================================================


                                                                           
***************************************************************************
***                                                                     ***
***                    Printing Molecular Properties                    ***
***                                                                     ***
***************************************************************************
                                                                           
                                                                           
===========================================================================
                                 Molecule
---------------------------------------------------------------------------
 Charge                  :                                               0
 Multiplicity            :                                               1
---------------------------------------------------------------------------
    N    Atom            :               x               y               z
---------------------------------------------------------------------------
    0       C            :        1.045471        0.000000        0.000000
    1       F            :       -0.446090        0.000000        2.071518
    2       F            :       -0.446090        0.000000       -2.071518
    3       H            :        2.179117       -1.706234        0.000000
    4       H            :        2.179117        1.706234        0.000000
---------------------------------------------------------------------------
 Center of mass          :       -0.000000       -0.000000        0.000000
===========================================================================


===========================================================================
                         Molecular Energy (final)
---------------------------------------------------------------------------
 Kinetic energy          :            (au)                238.341436145438
 E-N energy              :            (au)               -723.515398384500
 Coulomb energy          :            (au)                195.581900213705
 Exchange energy         :            (au)                 -5.199934746422
 X-C energy              :            (au)                -21.921078971290
 Ext. field (el)         :            (au)                  0.000000000000
---------------------------------------------------------------------------
 N-N energy              :            (au)                 77.600311505106
 Ext. field (nuc)        :            (au)                  0.000000000000
---------------------------------------------------------------------------
 Electronic energy       :            (au)               -316.713075743069
 Nuclear energy          :            (au)                 77.600311505106
---------------------------------------------------------------------------
 Total energy            :            (au)             -2.391127642380e+02
                         :      (kcal/mol)             -1.500455237181e+05
                         :        (kJ/mol)             -6.277904716439e+05
                         :            (eV)             -6.506589498049e+03
===========================================================================


===========================================================================
                         Orbital Energies (final)
---------------------------------------------------------------------------
    n  Occ Spin          :                                         Epsilon
---------------------------------------------------------------------------
    0    2    p          :            (au)                -24.697894867886
    1    2    p          :            (au)                -24.697890775716
    2    2    p          :            (au)                -10.338847143957
    3    2    p          :            (au)                 -1.268068395883
    4    2    p          :            (au)                 -1.210544617974
    5    2    p          :            (au)                 -0.719893512556
    6    2    p          :            (au)                 -0.563948531231
    7    2    p          :            (au)                 -0.560922922212
    8    2    p          :            (au)                 -0.558008578268
    9    2    p          :            (au)                 -0.439460793388
   10    2    p          :            (au)                 -0.429192019801
   11    2    p          :            (au)                 -0.418507011920
   12    2    p          :            (au)                 -0.358863539592
---------------------------------------------------------------------------
 Sum occupied            :            (au)               -132.524085420771
===========================================================================


===========================================================================
                           Dipole Moment (dip-1)
---------------------------------------------------------------------------
 r_O                     :        0.000000        0.000000        0.000000
---------------------------------------------------------------------------
 Electronic vector       :       -1.845778       -0.000000       -0.000002
 Magnitude               :            (au)                        1.845778
                         :         (Debye)                        4.691499
---------------------------------------------------------------------------
 Nuclear vector          :        2.601443        0.000000        0.000000
 Magnitude               :            (au)                        2.601443
                         :         (Debye)                        6.612207
---------------------------------------------------------------------------
 Total vector            :        0.755665       -0.000000       -0.000002
 Magnitude               :            (au)                        0.755665
                         :         (Debye)                        1.920708
===========================================================================


                                                                           
                                                                           
***************************************************************************
***                                                                     ***
***                            Exiting MRChem                           ***
***                                                                     ***
***                       Wall time :  0h 28m 26s                       ***
***                                                                     ***
***************************************************************************
                                                                           
                                                                           
