                                                                           
                                                                           
***************************************************************************
***                                                                     ***
***                                                                     ***
***          __  __ ____   ____ _                                       ***
***         |  \/  |  _ \ / ___| |__   ___ _ __ ___                     ***
***         | |\/| | |_) | |   | '_ \ / _ \ '_ ` _ \                    ***
***         | |  | |  _ <| |___| | | |  __/ | | | | |                   ***
***         |_|  |_|_| \_\\____|_| |_|\___|_| |_| |_|                   ***
***                                                                     ***
***         VERSION            1.0.1                                    ***
***                                                                     ***
***         Git branch         HEAD                                     ***
***         Git commit hash    9309e3e1e52e5319b766-dirty               ***
***         Git commit author  Stig Rune Jensen                         ***
***         Git commit date    Fri Dec 4 16:08:55 2020 +0100            ***
***                                                                     ***
***         Contact: luca.frediani@uit.no                               ***
***                                                                     ***
***         Radovan Bast            Magnar Bjorgve                      ***
***         Roberto Di Remigio      Antoine Durdek                      ***
***         Luca Frediani           Gabriel Gerez                       ***
***         Stig Rune Jensen        Jonas Juselius                      ***
***         Rune Monstad            Peter Wind                          ***
***                                                                     ***
***************************************************************************

---------------------------------------------------------------------------

 MPI processes           :        (1 bank)                              20
 OpenMP threads          :                                               6
 Total cores             :                                             120
                                                                           
---------------------------------------------------------------------------

XCFun DFT library Copyright 2009-2020 Ulf Ekstrom and contributors.
See http://dftlibs.org/xcfun/ for more information.

This is free software; see the source code for copying conditions.
There is ABSOLUTELY NO WARRANTY; not even for MERCHANTABILITY or
FITNESS FOR A PARTICULAR PURPOSE. For details see the documentation.
Scientific users of this library should cite
U. Ekstrom, L. Visscher, R. Bast, A. J. Thorvaldsen and K. Ruud;
J.Chem.Theor.Comp. 2010, DOI: 10.1021/ct100117s

---------------------------------------------------------------------------

 MRCPP version         : 1.3.6
 Git branch            : HEAD
 Git commit hash       : 9309e3e1e52e5319b766-dirty
 Git commit author     : Stig Rune Jensen
 Git commit date       : Fri Dec 4 16:08:55 2020 +0100

 Linear algebra        : EIGEN v3.3.7
 Parallelization       : MPI/OpenMP (6 threads)

---------------------------------------------------------------------------


                                                                           
===========================================================================
                         MultiResolution Analysis
---------------------------------------------------------------------------
 polynomial order      : 9
 polynomial type       : Interpolating
---------------------------------------------------------------------------
 total boxes           : 8
 boxes                 : [          2           2           2 ]
 unit lengths          : [   32.00000    32.00000    32.00000 ]
 scaling factor        : [    1.00000     1.00000     1.00000 ]
 lower bounds          : [  -32.00000   -32.00000   -32.00000 ]
 upper bounds          : [   32.00000    32.00000    32.00000 ]
 total length          : [   64.00000    64.00000    64.00000 ]
===========================================================================


                                                                           
***************************************************************************
***                                                                     ***
***                        Initializing Molecule                        ***
***                                                                     ***
***************************************************************************
                                                                           
                                                                           
===========================================================================
                                 Molecule
---------------------------------------------------------------------------
 Charge                  :                                               0
 Multiplicity            :                                               1
---------------------------------------------------------------------------
    N    Atom            :               x               y               z
---------------------------------------------------------------------------
    0       C            :        1.045471        0.000000        0.000000
    1       F            :       -0.446090        0.000000        2.071518
    2       F            :       -0.446090        0.000000       -2.071518
    3       H            :        2.179117       -1.706234        0.000000
    4       H            :        2.179117        1.706234        0.000000
---------------------------------------------------------------------------
 Center of mass          :       -0.000000       -0.000000        0.000000
===========================================================================


                                                                           
***************************************************************************
***                                                                     ***
***                 Computing Ground State Wavefunction                 ***
***                                                                     ***
***************************************************************************
                                                                           
                                                                           
~~~~~~~~~~~~~~~~~~~~~~~~~~~~~~~~~~~~~~~~~~~~~~~~~~~~~~~~~~~~~~~~~~~~~~~~~~~
 Calculation             : Compute initial orbitals
 Method                  : Diagonalize SAD Hamiltonian
 Precision               : 1.00000e-04
 Restricted              : False
 Functional              : LDA (SVWN5)
 AO basis                : Hydrogenic orbitals
 Zeta quality            : 2
~~~~~~~~~~~~~~~~~~~~~~~~~~~~~~~~~~~~~~~~~~~~~~~~~~~~~~~~~~~~~~~~~~~~~~~~~~~


===========================================================================
                            Molecular Orbitals
---------------------------------------------------------------------------
 Alpha electrons         :                                              13
 Beta electrons          :                                              13
 Total electrons         :                                              26
---------------------------------------------------------------------------
    n  Occ Spin          :                                            Norm
---------------------------------------------------------------------------
    0    1    a          :                              9.999998028403e-01
    1    1    a          :                              9.999999498214e-01
    2    1    a          :                              9.999999997798e-01
    3    1    a          :                              9.999983028951e-01
    4    1    a          :                              1.000000494729e+00
    5    1    a          :                              9.999991330007e-01
    6    1    a          :                              1.000000025553e+00
    7    1    a          :                              1.000001569308e+00
    8    1    a          :                              9.999995901874e-01
    9    1    a          :                              9.999972461020e-01
   10    1    a          :                              1.000000028596e+00
   11    1    a          :                              9.999993134819e-01
   12    1    a          :                              9.999980646253e-01
   13    1    b          :                              1.000000139413e+00
   14    1    b          :                              1.000000013675e+00
   15    1    b          :                              9.999999997389e-01
   16    1    b          :                              9.999983019984e-01
   17    1    b          :                              1.000000466544e+00
   18    1    b          :                              9.999990937717e-01
   19    1    b          :                              1.000001107592e+00
   20    1    b          :                              1.000001128162e+00
   21    1    b          :                              9.999995967158e-01
   22    1    b          :                              9.999990287244e-01
   23    1    b          :                              1.000000098951e+00
   24    1    b          :                              9.999991979407e-01
   25    1    b          :                              9.999965454948e-01
===========================================================================


~~~~~~~~~~~~~~~~~~~~~~~~~~~~~~~~~~~~~~~~~~~~~~~~~~~~~~~~~~~~~~~~~~~~~~~~~~~
 Calculation             : Compute initial energy
 Method                  : DFT (PBE)
 Precision               : 1.00000e-04
 Localization            : On
~~~~~~~~~~~~~~~~~~~~~~~~~~~~~~~~~~~~~~~~~~~~~~~~~~~~~~~~~~~~~~~~~~~~~~~~~~~


===========================================================================
                        Molecular Energy (initial)
---------------------------------------------------------------------------
 Kinetic energy          :            (au)                250.380904342291
 E-N energy              :            (au)               -736.970255366878
 Coulomb energy          :            (au)                198.292530050195
 Exchange energy         :            (au)                  0.000000000000
 X-C energy              :            (au)                -27.452222656341
 Ext. field (el)         :            (au)                  0.000000000000
---------------------------------------------------------------------------
 N-N energy              :            (au)                 77.600311505106
 Ext. field (nuc)        :            (au)                  0.000000000000
---------------------------------------------------------------------------
 Electronic energy       :            (au)               -315.749043630734
 Nuclear energy          :            (au)                 77.600311505106
---------------------------------------------------------------------------
 Total energy            :            (au)             -2.381487321256e+02
                         :      (kcal/mol)             -1.494405844392e+05
                         :        (kJ/mol)             -6.252594056993e+05
                         :            (eV)             -6.480356849040e+03
===========================================================================


===========================================================================
                        Orbital Energies (initial)
---------------------------------------------------------------------------
    n  Occ Spin          :                                         Epsilon
---------------------------------------------------------------------------
    0    1    a          :            (au)                -23.854746844335
    1    1    a          :            (au)                -23.854667920649
    2    1    a          :            (au)                -10.009391860458
    3    1    a          :            (au)                 -1.076421331892
    4    1    a          :            (au)                 -0.997987190981
    5    1    a          :            (au)                 -0.623187650304
    6    1    a          :            (au)                 -0.519158541618
    7    1    a          :            (au)                 -0.428367593015
    8    1    a          :            (au)                 -0.397102636838
    9    1    a          :            (au)                 -0.241003895561
   10    1    a          :            (au)                 -0.236304705226
   11    1    a          :            (au)                 -0.221862631650
   12    1    a          :            (au)                 -0.208157808092
   13    1    b          :            (au)                -23.854755142597
   14    1    b          :            (au)                -23.854637916157
   15    1    b          :            (au)                -10.009382167819
   16    1    b          :            (au)                 -1.076435726829
   17    1    b          :            (au)                 -0.997988149057
   18    1    b          :            (au)                 -0.623181693581
   19    1    b          :            (au)                 -0.519189630132
   20    1    b          :            (au)                 -0.428372705044
   21    1    b          :            (au)                 -0.397097955605
   22    1    b          :            (au)                 -0.241013522509
   23    1    b          :            (au)                 -0.236313180083
   24    1    b          :            (au)                 -0.221855267495
   25    1    b          :            (au)                 -0.208172886069
---------------------------------------------------------------------------
 Sum occupied            :            (au)               -125.336756553595
===========================================================================


~~~~~~~~~~~~~~~~~~~~~~~~~~~~~~~~~~~~~~~~~~~~~~~~~~~~~~~~~~~~~~~~~~~~~~~~~~~
 Calculation             : Optimize ground state orbitals
 Method                  : DFT (PBE)
 Checkpointing           : Off
 Max iterations          : 200
 KAIN solver             : 10
 Localization            : First two iterations
 Diagonalization         : Off
 Start precision         : 1.00000e-06
 Final precision         : 1.00000e-06
 Helmholtz precision     : Dynamic
 Energy threshold        : 1.00000e-06
 Orbital threshold       : 5.00000e-05
~~~~~~~~~~~~~~~~~~~~~~~~~~~~~~~~~~~~~~~~~~~~~~~~~~~~~~~~~~~~~~~~~~~~~~~~~~~


===========================================================================
 Iter           MO residual             Total energy                Update
---------------------------------------------------------------------------
    0          5.099020e+00        -238.148732125628         -2.381487e+02
    1          4.093633e-01        -238.789089495234         -6.403574e-01
    2          1.716528e-01        -238.849830247097         -6.074075e-02
    3          1.256027e-01        -238.859183500354         -9.353253e-03
    4          6.335781e-02        -238.867613036893         -8.429537e-03
    5          2.112558e-02        -238.868708274734         -1.095238e-03
    6          1.100045e-02        -238.868999505866         -2.912311e-04
    7          5.766973e-03        -238.869087715496         -8.820963e-05
    8          5.475107e-03        -238.869146927971         -5.921248e-05
    9          4.155889e-03        -238.869172800904         -2.587293e-05
   10          2.690254e-03        -238.869182814936         -1.001403e-05
   11          9.838247e-04        -238.869184984972         -2.170036e-06
   12          8.839458e-04        -238.869186270853         -1.285881e-06
   13          4.880071e-04        -238.869186675283         -4.044300e-07
   14          3.245885e-04        -238.869186844964         -1.696810e-07
   15          1.976280e-04        -238.869186914708         -6.974324e-08
   16          1.470321e-04        -238.869186955731         -4.102316e-08
---------------------------------------------------------------------------
                      SCF converged in 16 iterations!
===========================================================================


                                                                           
***************************************************************************
***                                                                     ***
***                    Printing Molecular Properties                    ***
***                                                                     ***
***************************************************************************
                                                                           
                                                                           
===========================================================================
                                 Molecule
---------------------------------------------------------------------------
 Charge                  :                                               0
 Multiplicity            :                                               1
---------------------------------------------------------------------------
    N    Atom            :               x               y               z
---------------------------------------------------------------------------
    0       C            :        1.045471        0.000000        0.000000
    1       F            :       -0.446090        0.000000        2.071518
    2       F            :       -0.446090        0.000000       -2.071518
    3       H            :        2.179117       -1.706234        0.000000
    4       H            :        2.179117        1.706234        0.000000
---------------------------------------------------------------------------
 Center of mass          :       -0.000000       -0.000000        0.000000
===========================================================================


===========================================================================
                         Molecular Energy (final)
---------------------------------------------------------------------------
 Kinetic energy          :            (au)                238.259124350172
 E-N energy              :            (au)               -723.287523167096
 Coulomb energy          :            (au)                195.409060436541
 Exchange energy         :            (au)                  0.000000000000
 X-C energy              :            (au)                -26.850160080454
 Ext. field (el)         :            (au)                  0.000000000000
---------------------------------------------------------------------------
 N-N energy              :            (au)                 77.600311505106
 Ext. field (nuc)        :            (au)                  0.000000000000
---------------------------------------------------------------------------
 Electronic energy       :            (au)               -316.469498460837
 Nuclear energy          :            (au)                 77.600311505106
---------------------------------------------------------------------------
 Total energy            :            (au)             -2.388691869557e+02
                         :      (kcal/mol)             -1.498926766671e+05
                         :        (kJ/mol)             -6.271509595820e+05
                         :            (eV)             -6.499961422833e+03
===========================================================================


===========================================================================
                         Orbital Energies (final)
---------------------------------------------------------------------------
    n  Occ Spin          :                                         Epsilon
---------------------------------------------------------------------------
    0    1    a          :            (au)                -24.271428311058
    1    1    a          :            (au)                -24.271425923026
    2    1    a          :            (au)                -10.038682898667
    3    1    a          :            (au)                 -1.162550757254
    4    1    a          :            (au)                 -1.105943355848
    5    1    a          :            (au)                 -0.646745938653
    6    1    a          :            (au)                 -0.498057901125
    7    1    a          :            (au)                 -0.497623861263
    8    1    a          :            (au)                 -0.497499104321
    9    1    a          :            (au)                 -0.370048204570
   10    1    a          :            (au)                 -0.367148391888
   11    1    a          :            (au)                 -0.352724396854
   12    1    a          :            (au)                 -0.299272367521
   13    1    b          :            (au)                -24.271428312798
   14    1    b          :            (au)                -24.271425923453
   15    1    b          :            (au)                -10.038682899185
   16    1    b          :            (au)                 -1.162550756946
   17    1    b          :            (au)                 -1.105943356108
   18    1    b          :            (au)                 -0.646745950733
   19    1    b          :            (au)                 -0.498057924506
   20    1    b          :            (au)                 -0.497623860127
   21    1    b          :            (au)                 -0.497499115110
   22    1    b          :            (au)                 -0.370048203327
   23    1    b          :            (au)                 -0.367148404624
   24    1    b          :            (au)                 -0.352724396852
   25    1    b          :            (au)                 -0.299272409733
---------------------------------------------------------------------------
 Sum occupied            :            (au)               -128.758302925550
===========================================================================


===========================================================================
                           Dipole Moment (dip-1)
---------------------------------------------------------------------------
 r_O                     :        0.000000        0.000000        0.000000
---------------------------------------------------------------------------
 Electronic vector       :       -1.901354       -0.000002        0.000010
 Magnitude               :            (au)                        1.901354
                         :         (Debye)                        4.832759
---------------------------------------------------------------------------
 Nuclear vector          :        2.601443        0.000000        0.000000
 Magnitude               :            (au)                        2.601443
                         :         (Debye)                        6.612207
---------------------------------------------------------------------------
 Total vector            :        0.700089       -0.000002        0.000010
 Magnitude               :            (au)                        0.700089
                         :         (Debye)                        1.779448
===========================================================================


                                                                           
                                                                           
***************************************************************************
***                                                                     ***
***                            Exiting MRChem                           ***
***                                                                     ***
***                       Wall time :  0h 28m 55s                       ***
***                                                                     ***
***************************************************************************
                                                                           
                                                                           
