Starting job 3267514 on c1-38,c2-5,c11-6 at Wed Aug 11 18:19:24 CEST 2021

Copying 45_pbe_.out to /cluster/home/ambr/projects/psp/row12/calcs/singlets
Copying 45_pbe_.json to /cluster/home/ambr/projects/psp/row12/calcs/singlets

Task and CPU usage stats:
       JobID    JobName  AllocCPUS   NTasks     MinCPU MinCPUTask     AveCPU    Elapsed ExitCode 
------------ ---------- ---------- -------- ---------- ---------- ---------- ---------- -------- 
3267514         45_pbe_        120                                             00:29:01      1:0 
3267514.bat+      batch         36        1   00:00:00          0   00:00:00   00:29:01      1:0 
3267514.ext+     extern        120        3   00:00:00          2   00:00:00   00:29:01      0:0 
3267514.0      mrchem.x        120       20   00:28:56         19   01:36:02   00:28:57      0:0 

Memory usage stats:
       JobID     MaxRSS MaxRSSTask     AveRSS MaxPages   MaxPagesTask   AvePages 
------------ ---------- ---------- ---------- -------- -------------- ---------- 
3267514                                                                          
3267514.bat+     14244K          0     14244K        0              0          0 
3267514.ext+          0          2          0        0              2          0 
3267514.0      6555332K         18 4776411955        0              9          0 

Disk usage stats:
       JobID  MaxDiskRead MaxDiskReadTask    AveDiskRead MaxDiskWrite MaxDiskWriteTask   AveDiskWrite 
------------ ------------ --------------- -------------- ------------ ---------------- -------------- 
3267514                                                                                               
3267514.bat+        3.70M               0          3.70M        0.02M                0          0.02M 
3267514.ext+        0.00M               2          0.00M            0                2              0 
3267514.0           2.67M              17          2.30M        2.11M                0          2.07M 

Job 3267514 completed at Wed Aug 11 18:48:25 CEST 2021
