                                                                           
                                                                           
***************************************************************************
***                                                                     ***
***                                                                     ***
***          __  __ ____   ____ _                                       ***
***         |  \/  |  _ \ / ___| |__   ___ _ __ ___                     ***
***         | |\/| | |_) | |   | '_ \ / _ \ '_ ` _ \                    ***
***         | |  | |  _ <| |___| | | |  __/ | | | | |                   ***
***         |_|  |_|_| \_\\____|_| |_|\___|_| |_| |_|                   ***
***                                                                     ***
***         VERSION            1.0.1                                    ***
***                                                                     ***
***         Git branch         HEAD                                     ***
***         Git commit hash    9309e3e1e52e5319b766-dirty               ***
***         Git commit author  Stig Rune Jensen                         ***
***         Git commit date    Fri Dec 4 16:08:55 2020 +0100            ***
***                                                                     ***
***         Contact: luca.frediani@uit.no                               ***
***                                                                     ***
***         Radovan Bast            Magnar Bjorgve                      ***
***         Roberto Di Remigio      Antoine Durdek                      ***
***         Luca Frediani           Gabriel Gerez                       ***
***         Stig Rune Jensen        Jonas Juselius                      ***
***         Rune Monstad            Peter Wind                          ***
***                                                                     ***
***************************************************************************

---------------------------------------------------------------------------

 MPI processes           :        (1 bank)                              20
 OpenMP threads          :                                              10
 Total cores             :                                             200
                                                                           
---------------------------------------------------------------------------

XCFun DFT library Copyright 2009-2020 Ulf Ekstrom and contributors.
See http://dftlibs.org/xcfun/ for more information.

This is free software; see the source code for copying conditions.
There is ABSOLUTELY NO WARRANTY; not even for MERCHANTABILITY or
FITNESS FOR A PARTICULAR PURPOSE. For details see the documentation.
Scientific users of this library should cite
U. Ekstrom, L. Visscher, R. Bast, A. J. Thorvaldsen and K. Ruud;
J.Chem.Theor.Comp. 2010, DOI: 10.1021/ct100117s

---------------------------------------------------------------------------

 MRCPP version         : 1.3.6
 Git branch            : HEAD
 Git commit hash       : 9309e3e1e52e5319b766-dirty
 Git commit author     : Stig Rune Jensen
 Git commit date       : Fri Dec 4 16:08:55 2020 +0100

 Linear algebra        : EIGEN v3.3.7
 Parallelization       : MPI/OpenMP (10 threads)

---------------------------------------------------------------------------


                                                                           
===========================================================================
                         MultiResolution Analysis
---------------------------------------------------------------------------
 polynomial order      : 9
 polynomial type       : Interpolating
---------------------------------------------------------------------------
 total boxes           : 8
 boxes                 : [          2           2           2 ]
 unit lengths          : [   16.00000    16.00000    16.00000 ]
 scaling factor        : [    1.00000     1.00000     1.00000 ]
 lower bounds          : [  -16.00000   -16.00000   -16.00000 ]
 upper bounds          : [   16.00000    16.00000    16.00000 ]
 total length          : [   32.00000    32.00000    32.00000 ]
===========================================================================


                                                                           
***************************************************************************
***                                                                     ***
***                        Initializing Molecule                        ***
***                                                                     ***
***************************************************************************
                                                                           
                                                                           
===========================================================================
                                 Molecule
---------------------------------------------------------------------------
 Charge                  :                                               0
 Multiplicity            :                                               1
---------------------------------------------------------------------------
    N    Atom            :               x               y               z
---------------------------------------------------------------------------
    0       C            :        0.630537        0.000051        0.000000
    1       F            :       -0.180722        2.382807        0.000000
    2       F            :       -0.180722       -1.191421        2.063581
    3       F            :       -0.180722       -1.191421       -2.063581
    4       H            :        2.705456        0.000051        0.000000
---------------------------------------------------------------------------
 Center of mass          :       -0.000000        0.000000        0.000000
===========================================================================


                                                                           
***************************************************************************
***                                                                     ***
***                 Computing Ground State Wavefunction                 ***
***                                                                     ***
***************************************************************************
                                                                           
                                                                           
~~~~~~~~~~~~~~~~~~~~~~~~~~~~~~~~~~~~~~~~~~~~~~~~~~~~~~~~~~~~~~~~~~~~~~~~~~~
 Calculation             : Compute initial orbitals
 Method                  : Diagonalize SAD Hamiltonian
 Precision               : 1.00000e-03
 Restricted              : True
 Functional              : LDA (SVWN5)
 AO basis                : Hydrogenic orbitals
 Zeta quality            : 2
~~~~~~~~~~~~~~~~~~~~~~~~~~~~~~~~~~~~~~~~~~~~~~~~~~~~~~~~~~~~~~~~~~~~~~~~~~~


===========================================================================
                            Molecular Orbitals
---------------------------------------------------------------------------
 Alpha electrons         :                                              17
 Beta electrons          :                                              17
 Total electrons         :                                              34
---------------------------------------------------------------------------
    n  Occ Spin          :                                            Norm
---------------------------------------------------------------------------
    0    2    p          :                              1.000001628643e+00
    1    2    p          :                              9.999954949765e-01
    2    2    p          :                              1.000133709423e+00
    3    2    p          :                              1.000000017809e+00
    4    2    p          :                              9.999974131022e-01
    5    2    p          :                              9.999824193130e-01
    6    2    p          :                              9.999940397491e-01
    7    2    p          :                              1.000005159873e+00
    8    2    p          :                              9.999949713894e-01
    9    2    p          :                              1.000012891727e+00
   10    2    p          :                              1.000000263163e+00
   11    2    p          :                              9.999989916460e-01
   12    2    p          :                              1.000002096698e+00
   13    2    p          :                              1.000006557603e+00
   14    2    p          :                              1.000009776980e+00
   15    2    p          :                              9.999974390507e-01
   16    2    p          :                              1.000001539919e+00
===========================================================================


~~~~~~~~~~~~~~~~~~~~~~~~~~~~~~~~~~~~~~~~~~~~~~~~~~~~~~~~~~~~~~~~~~~~~~~~~~~
 Calculation             : Compute initial energy
 Method                  : DFT (B3LYP-G)
 Precision               : 1.00000e-03
 Localization            : Off
~~~~~~~~~~~~~~~~~~~~~~~~~~~~~~~~~~~~~~~~~~~~~~~~~~~~~~~~~~~~~~~~~~~~~~~~~~~


===========================================================================
                        Molecular Energy (initial)
---------------------------------------------------------------------------
 Kinetic energy          :            (au)                354.133448372974
 E-N energy              :            (au)              -1089.948622620440
 Coulomb energy          :            (au)                303.167718903839
 Exchange energy         :            (au)                 -7.241106217805
 X-C energy              :            (au)                -30.745734946031
 Ext. field (el)         :            (au)                  0.000000000000
---------------------------------------------------------------------------
 N-N energy              :            (au)                133.342847159782
 Ext. field (nuc)        :            (au)                  0.000000000000
---------------------------------------------------------------------------
 Electronic energy       :            (au)               -470.634296507463
 Nuclear energy          :            (au)                133.342847159782
---------------------------------------------------------------------------
 Total energy            :            (au)             -3.372914493477e+02
                         :      (kcal/mol)             -2.116535782784e+05
                         :        (kJ/mol)             -8.855585720916e+05
                         :            (eV)             -9.178167502272e+03
===========================================================================


===========================================================================
                        Orbital Energies (initial)
---------------------------------------------------------------------------
    n  Occ Spin          :                                         Epsilon
---------------------------------------------------------------------------
    0    2    p          :            (au)                -24.445130107795
    1    2    p          :            (au)                -24.300713393397
    2    2    p          :            (au)                -24.289963413314
    3    2    p          :            (au)                -10.537449793237
    4    2    p          :            (au)                 -1.291319398573
    5    2    p          :            (au)                 -1.183864066182
    6    2    p          :            (au)                 -1.149597527148
    7    2    p          :            (au)                 -0.715799220176
    8    2    p          :            (au)                 -0.602377249789
    9    2    p          :            (au)                 -0.543562950677
   10    2    p          :            (au)                 -0.532803991187
   11    2    p          :            (au)                 -0.394222334004
   12    2    p          :            (au)                 -0.392235595310
   13    2    p          :            (au)                 -0.354320328615
   14    2    p          :            (au)                 -0.332191543323
   15    2    p          :            (au)                 -0.317657347004
   16    2    p          :            (au)                 -0.314378743868
---------------------------------------------------------------------------
 Sum occupied            :            (au)               -183.395174007197
===========================================================================


~~~~~~~~~~~~~~~~~~~~~~~~~~~~~~~~~~~~~~~~~~~~~~~~~~~~~~~~~~~~~~~~~~~~~~~~~~~
 Calculation             : Optimize ground state orbitals
 Method                  : DFT (B3LYP-G)
 Checkpointing           : Off
 Max iterations          : 200
 KAIN solver             : 10
 Localization            : Off
 Diagonalization         : First two iterations
 Start precision         : 1.00000e-06
 Final precision         : 1.00000e-06
 Helmholtz precision     : Dynamic
 Energy threshold        : 1.00000e-06
 Orbital threshold       : 1.00000e-05
~~~~~~~~~~~~~~~~~~~~~~~~~~~~~~~~~~~~~~~~~~~~~~~~~~~~~~~~~~~~~~~~~~~~~~~~~~~


===========================================================================
 Iter           MO residual             Total energy                Update
---------------------------------------------------------------------------
    0          4.123106e+00        -337.291449347681         -3.372914e+02
    1          3.838911e-01        -338.331158686625         -1.039709e+00
    2          8.951608e-02        -338.394454309525         -6.329562e-02
    3          4.762919e-02        -338.389512087239          4.942222e-03
    4          4.372671e-02        -338.410096629905         -2.058454e-02
    5          1.743535e-02        -338.412792681841         -2.696052e-03
    6          1.548283e-02        -338.414698700141         -1.906018e-03
    7          1.014702e-02        -338.414996186404         -2.974863e-04
    8          7.266684e-03        -338.415154120051         -1.579336e-04
    9          2.131898e-03        -338.415175804858         -2.168481e-05
   10          1.264310e-03        -338.415180960876         -5.156017e-06
   11          6.296543e-04        -338.415182596180         -1.635305e-06
   12          3.483600e-04        -338.415183206313         -6.101325e-07
   13          1.527778e-04        -338.415183276738         -7.042513e-08
   14          4.841292e-05        -338.415183293284         -1.654598e-08
   15          2.967053e-05        -338.415183298709         -5.425136e-09
   16          1.545829e-05        -338.415183299597         -8.879510e-10
---------------------------------------------------------------------------
                      SCF converged in 16 iterations!
===========================================================================


                                                                           
***************************************************************************
***                                                                     ***
***                    Printing Molecular Properties                    ***
***                                                                     ***
***************************************************************************
                                                                           
                                                                           
===========================================================================
                                 Molecule
---------------------------------------------------------------------------
 Charge                  :                                               0
 Multiplicity            :                                               1
---------------------------------------------------------------------------
    N    Atom            :               x               y               z
---------------------------------------------------------------------------
    0       C            :        0.630537        0.000051        0.000000
    1       F            :       -0.180722        2.382807        0.000000
    2       F            :       -0.180722       -1.191421        2.063581
    3       F            :       -0.180722       -1.191421       -2.063581
    4       H            :        2.705456        0.000051        0.000000
---------------------------------------------------------------------------
 Center of mass          :       -0.000000        0.000000        0.000000
===========================================================================


===========================================================================
                         Molecular Energy (final)
---------------------------------------------------------------------------
 Kinetic energy          :            (au)                337.321234055318
 E-N energy              :            (au)              -1071.743514576653
 Coulomb energy          :            (au)                299.878521890070
 Exchange energy         :            (au)                 -7.139766127682
 X-C energy              :            (au)                -30.074505700432
 Ext. field (el)         :            (au)                  0.000000000000
---------------------------------------------------------------------------
 N-N energy              :            (au)                133.342847159782
 Ext. field (nuc)        :            (au)                  0.000000000000
---------------------------------------------------------------------------
 Electronic energy       :            (au)               -471.758030459379
 Nuclear energy          :            (au)                133.342847159782
---------------------------------------------------------------------------
 Total energy            :            (au)             -3.384151832996e+02
                         :      (kcal/mol)             -2.123587319739e+05
                         :        (kJ/mol)             -8.885089351553e+05
                         :            (eV)             -9.208745859532e+03
===========================================================================


===========================================================================
                         Orbital Energies (final)
---------------------------------------------------------------------------
    n  Occ Spin          :                                         Epsilon
---------------------------------------------------------------------------
    0    2    p          :            (au)                -24.728576140580
    1    2    p          :            (au)                -24.728558715060
    2    2    p          :            (au)                -24.728550439668
    3    2    p          :            (au)                -10.434246831822
    4    2    p          :            (au)                 -1.333571505965
    5    2    p          :            (au)                 -1.248804935923
    6    2    p          :            (au)                 -1.248782413439
    7    2    p          :            (au)                 -0.733907685697
    8    2    p          :            (au)                 -0.621304062016
    9    2    p          :            (au)                 -0.612761446896
   10    2    p          :            (au)                 -0.612752652137
   11    2    p          :            (au)                 -0.489090993650
   12    2    p          :            (au)                 -0.489090508933
   13    2    p          :            (au)                 -0.456806206835
   14    2    p          :            (au)                 -0.456795609643
   15    2    p          :            (au)                 -0.433814773836
   16    2    p          :            (au)                 -0.404126572593
---------------------------------------------------------------------------
 Sum occupied            :            (au)               -187.523082989384
===========================================================================


===========================================================================
                           Dipole Moment (dip-1)
---------------------------------------------------------------------------
 r_O                     :        0.000000        0.000000        0.000000
---------------------------------------------------------------------------
 Electronic vector       :       -1.044359        0.000091       -0.000003
 Magnitude               :            (au)                        1.044359
                         :         (Debye)                        2.654496
---------------------------------------------------------------------------
 Nuclear vector          :        1.609170        0.000043        0.000000
 Magnitude               :            (au)                        1.609170
                         :         (Debye)                        4.090102
---------------------------------------------------------------------------
 Total vector            :        0.564811        0.000133       -0.000003
 Magnitude               :            (au)                        0.564811
                         :         (Debye)                        1.435607
===========================================================================


                                                                           
                                                                           
***************************************************************************
***                                                                     ***
***                            Exiting MRChem                           ***
***                                                                     ***
***                       Wall time :  5h 39m  2s                       ***
***                                                                     ***
***************************************************************************
                                                                           
                                                                           
[1625724050.301458] [c10-51:54215:0]          mpool.c:43   UCX  WARN  object 0x1c21780 was not returned to mpool ucp_requests
[1625724050.301472] [c10-51:54215:0]          mpool.c:43   UCX  WARN  object 0x1c21880 was not returned to mpool ucp_requests
[1625724050.301473] [c10-51:54215:0]          mpool.c:43   UCX  WARN  object 0x1c21a80 was not returned to mpool ucp_requests
[1625724050.301474] [c10-51:54215:0]          mpool.c:43   UCX  WARN  object 0x1c21d80 was not returned to mpool ucp_requests
[1625724050.301475] [c10-51:54215:0]          mpool.c:43   UCX  WARN  object 0x1c21e80 was not returned to mpool ucp_requests
[1625724050.301476] [c10-51:54215:0]          mpool.c:43   UCX  WARN  object 0x1c21f80 was not returned to mpool ucp_requests
[1625724050.337180] [c10-47:32780:0]          mpool.c:43   UCX  WARN  object 0x2266940 was not returned to mpool ucp_requests
[1625724050.337196] [c10-47:32780:0]          mpool.c:43   UCX  WARN  object 0x2266b40 was not returned to mpool ucp_requests
[1625724050.337198] [c10-47:32780:0]          mpool.c:43   UCX  WARN  object 0x2266d40 was not returned to mpool ucp_requests
[1625724050.337199] [c10-47:32780:0]          mpool.c:43   UCX  WARN  object 0x2266e40 was not returned to mpool ucp_requests
[1625724050.337200] [c10-47:32780:0]          mpool.c:43   UCX  WARN  object 0x2266f40 was not returned to mpool ucp_requests
[1625724050.337201] [c10-47:32780:0]          mpool.c:43   UCX  WARN  object 0x2267040 was not returned to mpool ucp_requests
[1625724050.344977] [c10-40:6777 :0]          mpool.c:43   UCX  WARN  object 0x136b140 was not returned to mpool ucp_requests
[1625724050.344993] [c10-40:6777 :0]          mpool.c:43   UCX  WARN  object 0x136bb40 was not returned to mpool ucp_requests
[1625724050.344995] [c10-40:6777 :0]          mpool.c:43   UCX  WARN  object 0x136bc40 was not returned to mpool ucp_requests
[1625724050.344996] [c10-40:6777 :0]          mpool.c:43   UCX  WARN  object 0x136be40 was not returned to mpool ucp_requests
[1625724050.344997] [c10-40:6777 :0]          mpool.c:43   UCX  WARN  object 0x136bf40 was not returned to mpool ucp_requests
[1625724050.344998] [c10-40:6777 :0]          mpool.c:43   UCX  WARN  object 0x136c040 was not returned to mpool ucp_requests
[1625724050.327479] [c2-24:80049:0]          mpool.c:43   UCX  WARN  object 0x1355a40 was not returned to mpool ucp_requests
[1625724050.327486] [c2-24:80049:0]          mpool.c:43   UCX  WARN  object 0x1355b40 was not returned to mpool ucp_requests
[1625724050.327488] [c2-24:80049:0]          mpool.c:43   UCX  WARN  object 0x1356440 was not returned to mpool ucp_requests
[1625724050.327489] [c2-24:80049:0]          mpool.c:43   UCX  WARN  object 0x1356d40 was not returned to mpool ucp_requests
[1625724050.327491] [c2-24:80049:0]          mpool.c:43   UCX  WARN  object 0x1356e40 was not returned to mpool ucp_requests
[1625724050.327492] [c2-24:80049:0]          mpool.c:43   UCX  WARN  object 0x1356f40 was not returned to mpool ucp_requests
[1625724050.377639] [c10-49:67875:0]          mpool.c:43   UCX  WARN  object 0xeec740 was not returned to mpool ucp_requests
[1625724050.377658] [c10-49:67875:0]          mpool.c:43   UCX  WARN  object 0xeecb40 was not returned to mpool ucp_requests
[1625724050.377660] [c10-49:67875:0]          mpool.c:43   UCX  WARN  object 0xeecc40 was not returned to mpool ucp_requests
[1625724050.377661] [c10-49:67875:0]          mpool.c:43   UCX  WARN  object 0xeece40 was not returned to mpool ucp_requests
[1625724050.377662] [c10-49:67875:0]          mpool.c:43   UCX  WARN  object 0xeecf40 was not returned to mpool ucp_requests
[1625724050.377663] [c10-49:67875:0]          mpool.c:43   UCX  WARN  object 0xeed040 was not returned to mpool ucp_requests
[1625724050.372060] [c5-11:74453:0]          mpool.c:43   UCX  WARN  object 0xb26840 was not returned to mpool ucp_requests
[1625724050.372080] [c5-11:74453:0]          mpool.c:43   UCX  WARN  object 0xb26b40 was not returned to mpool ucp_requests
[1625724050.372083] [c5-11:74453:0]          mpool.c:43   UCX  WARN  object 0xb27d40 was not returned to mpool ucp_requests
[1625724050.372084] [c5-11:74453:0]          mpool.c:43   UCX  WARN  object 0xb27e40 was not returned to mpool ucp_requests
[1625724050.372085] [c5-11:74453:0]          mpool.c:43   UCX  WARN  object 0xb27f40 was not returned to mpool ucp_requests
[1625724050.372086] [c5-11:74453:0]          mpool.c:43   UCX  WARN  object 0xb28040 was not returned to mpool ucp_requests
[1625724050.336529] [c3-20:57027:0]          mpool.c:43   UCX  WARN  object 0x274a940 was not returned to mpool ucp_requests
[1625724050.336549] [c3-20:57027:0]          mpool.c:43   UCX  WARN  object 0x274ad40 was not returned to mpool ucp_requests
[1625724050.336551] [c3-20:57027:0]          mpool.c:43   UCX  WARN  object 0x274bc40 was not returned to mpool ucp_requests
[1625724050.336552] [c3-20:57027:0]          mpool.c:43   UCX  WARN  object 0x274bd40 was not returned to mpool ucp_requests
[1625724050.336554] [c3-20:57027:0]          mpool.c:43   UCX  WARN  object 0x274be40 was not returned to mpool ucp_requests
[1625724050.336555] [c3-20:57027:0]          mpool.c:43   UCX  WARN  object 0x274bf40 was not returned to mpool ucp_requests
[1625724050.378378] [c10-41:45875:0]          mpool.c:43   UCX  WARN  object 0xb6c400 was not returned to mpool ucp_requests
[1625724050.378400] [c10-41:45875:0]          mpool.c:43   UCX  WARN  object 0xb6ca00 was not returned to mpool ucp_requests
[1625724050.378401] [c10-41:45875:0]          mpool.c:43   UCX  WARN  object 0xb6cb00 was not returned to mpool ucp_requests
[1625724050.378402] [c10-41:45875:0]          mpool.c:43   UCX  WARN  object 0xb6cc00 was not returned to mpool ucp_requests
[1625724050.378403] [c10-41:45875:0]          mpool.c:43   UCX  WARN  object 0xb6cd00 was not returned to mpool ucp_requests
[1625724050.378404] [c10-41:45875:0]          mpool.c:43   UCX  WARN  object 0xb6ce00 was not returned to mpool ucp_requests
