Starting job 3267515 on c1-[9,21],c2-[4,6,53],c5-1 at Thu Aug 12 15:12:06 CEST 2021

Copying 46_pbe_.out to /cluster/home/ambr/projects/psp/row12/calcs/singlets
Copying 46_pbe_.json to /cluster/home/ambr/projects/psp/row12/calcs/singlets

Task and CPU usage stats:
       JobID    JobName  AllocCPUS   NTasks     MinCPU MinCPUTask     AveCPU    Elapsed ExitCode 
------------ ---------- ---------- -------- ---------- ---------- ---------- ---------- -------- 
3267515         46_pbe_        120                                             00:30:57      1:0 
3267515.bat+      batch         18        1   00:00:00          0   00:00:00   00:30:57      1:0 
3267515.ext+     extern        120        6   00:00:00          5   00:00:00   00:30:57      0:0 
3267515.0      mrchem.x        120       20   00:30:49         19   01:48:50   00:30:53      0:0 

Memory usage stats:
       JobID     MaxRSS MaxRSSTask     AveRSS MaxPages   MaxPagesTask   AvePages 
------------ ---------- ---------- ---------- -------- -------------- ---------- 
3267515                                                                          
3267515.bat+     14376K          0     14376K        0              0          0 
3267515.ext+          0          5          0        0              5          0 
3267515.0      7181872K          5 6094431027        0              9          0 

Disk usage stats:
       JobID  MaxDiskRead MaxDiskReadTask    AveDiskRead MaxDiskWrite MaxDiskWriteTask   AveDiskWrite 
------------ ------------ --------------- -------------- ------------ ---------------- -------------- 
3267515                                                                                               
3267515.bat+        3.70M               0          3.70M        0.02M                0          0.02M 
3267515.ext+        0.00M               5          0.00M            0                5              0 
3267515.0           2.06M               6          2.06M        2.11M                0          2.07M 

Job 3267515 completed at Thu Aug 12 15:43:05 CEST 2021
