Starting job 3267516 on c1-[24,38,42],c2-5 at Thu Aug 12 15:30:13 CEST 2021

Copying 47_pbe_.out to /cluster/home/ambr/projects/psp/row12/calcs/singlets
Copying 47_pbe_.json to /cluster/home/ambr/projects/psp/row12/calcs/singlets

Task and CPU usage stats:
       JobID    JobName  AllocCPUS   NTasks     MinCPU MinCPUTask     AveCPU    Elapsed ExitCode 
------------ ---------- ---------- -------- ---------- ---------- ---------- ---------- -------- 
3267516         47_pbe_        120                                             00:56:23      1:0 
3267516.bat+      batch         30        1   00:00:00          0   00:00:00   00:56:23      1:0 
3267516.ext+     extern        120        4   00:00:00          2   00:00:00   00:56:23      0:0 
3267516.0      mrchem.x        120       20   00:56:19         19   03:16:56   00:56:21      0:0 

Memory usage stats:
       JobID     MaxRSS MaxRSSTask     AveRSS MaxPages   MaxPagesTask   AvePages 
------------ ---------- ---------- ---------- -------- -------------- ---------- 
3267516                                                                          
3267516.bat+     14276K          0     14276K        0              0          0 
3267516.ext+          0          2          0        0              2          0 
3267516.0      7120824K         10 5839973785        0             19          0 

Disk usage stats:
       JobID  MaxDiskRead MaxDiskReadTask    AveDiskRead MaxDiskWrite MaxDiskWriteTask   AveDiskWrite 
------------ ------------ --------------- -------------- ------------ ---------------- -------------- 
3267516                                                                                               
3267516.bat+        3.70M               0          3.70M        0.02M                0          0.02M 
3267516.ext+        0.00M               2          0.00M            0                2              0 
3267516.0           2.06M               3          2.06M        2.12M                0          2.07M 

Job 3267516 completed at Thu Aug 12 16:26:37 CEST 2021
