                                                                           
                                                                           
***************************************************************************
***                                                                     ***
***                                                                     ***
***          __  __ ____   ____ _                                       ***
***         |  \/  |  _ \ / ___| |__   ___ _ __ ___                     ***
***         | |\/| | |_) | |   | '_ \ / _ \ '_ ` _ \                    ***
***         | |  | |  _ <| |___| | | |  __/ | | | | |                   ***
***         |_|  |_|_| \_\\____|_| |_|\___|_| |_| |_|                   ***
***                                                                     ***
***         VERSION            1.0.1                                    ***
***                                                                     ***
***         Git branch         HEAD                                     ***
***         Git commit hash    9309e3e1e52e5319b766-dirty               ***
***         Git commit author  Stig Rune Jensen                         ***
***         Git commit date    Fri Dec 4 16:08:55 2020 +0100            ***
***                                                                     ***
***         Contact: luca.frediani@uit.no                               ***
***                                                                     ***
***         Radovan Bast            Magnar Bjorgve                      ***
***         Roberto Di Remigio      Antoine Durdek                      ***
***         Luca Frediani           Gabriel Gerez                       ***
***         Stig Rune Jensen        Jonas Juselius                      ***
***         Rune Monstad            Peter Wind                          ***
***                                                                     ***
***************************************************************************

---------------------------------------------------------------------------

 MPI processes           :        (1 bank)                              20
 OpenMP threads          :                                               6
 Total cores             :                                             120
                                                                           
---------------------------------------------------------------------------

XCFun DFT library Copyright 2009-2020 Ulf Ekstrom and contributors.
See http://dftlibs.org/xcfun/ for more information.

This is free software; see the source code for copying conditions.
There is ABSOLUTELY NO WARRANTY; not even for MERCHANTABILITY or
FITNESS FOR A PARTICULAR PURPOSE. For details see the documentation.
Scientific users of this library should cite
U. Ekstrom, L. Visscher, R. Bast, A. J. Thorvaldsen and K. Ruud;
J.Chem.Theor.Comp. 2010, DOI: 10.1021/ct100117s

---------------------------------------------------------------------------

 MRCPP version         : 1.3.6
 Git branch            : HEAD
 Git commit hash       : 9309e3e1e52e5319b766-dirty
 Git commit author     : Stig Rune Jensen
 Git commit date       : Fri Dec 4 16:08:55 2020 +0100

 Linear algebra        : EIGEN v3.3.7
 Parallelization       : MPI/OpenMP (6 threads)

---------------------------------------------------------------------------


                                                                           
===========================================================================
                         MultiResolution Analysis
---------------------------------------------------------------------------
 polynomial order      : 9
 polynomial type       : Interpolating
---------------------------------------------------------------------------
 total boxes           : 8
 boxes                 : [          2           2           2 ]
 unit lengths          : [   32.00000    32.00000    32.00000 ]
 scaling factor        : [    1.00000     1.00000     1.00000 ]
 lower bounds          : [  -32.00000   -32.00000   -32.00000 ]
 upper bounds          : [   32.00000    32.00000    32.00000 ]
 total length          : [   64.00000    64.00000    64.00000 ]
===========================================================================


                                                                           
***************************************************************************
***                                                                     ***
***                        Initializing Molecule                        ***
***                                                                     ***
***************************************************************************
                                                                           
                                                                           
===========================================================================
                                 Molecule
---------------------------------------------------------------------------
 Charge                  :                                               0
 Multiplicity            :                                               3
---------------------------------------------------------------------------
    N    Atom            :               x               y               z
---------------------------------------------------------------------------
    0       B            :        0.000000        0.000000       -1.502332
    1       B            :        0.000000        0.000000        1.502332
---------------------------------------------------------------------------
 Center of mass          :        0.000000        0.000000       -0.000000
===========================================================================


                                                                           
***************************************************************************
***                                                                     ***
***                 Computing Ground State Wavefunction                 ***
***                                                                     ***
***************************************************************************
                                                                           
                                                                           
~~~~~~~~~~~~~~~~~~~~~~~~~~~~~~~~~~~~~~~~~~~~~~~~~~~~~~~~~~~~~~~~~~~~~~~~~~~
 Calculation             : Compute initial orbitals
 Method                  : Diagonalize SAD Hamiltonian
 Precision               : 1.00000e-04
 Restricted              : False
 Functional              : LDA (SVWN5)
 AO basis                : Hydrogenic orbitals
 Zeta quality            : 2
~~~~~~~~~~~~~~~~~~~~~~~~~~~~~~~~~~~~~~~~~~~~~~~~~~~~~~~~~~~~~~~~~~~~~~~~~~~


===========================================================================
                            Molecular Orbitals
---------------------------------------------------------------------------
 Alpha electrons         :                                               6
 Beta electrons          :                                               4
 Total electrons         :                                              10
---------------------------------------------------------------------------
    n  Occ Spin          :                                            Norm
---------------------------------------------------------------------------
    0    1    a          :                              1.000063248504e+00
    1    1    a          :                              9.999366009190e-01
    2    1    a          :                              9.999984131067e-01
    3    1    a          :                              1.000000137449e+00
    4    1    a          :                              9.999999999982e-01
    5    1    a          :                              9.999999999982e-01
    6    1    b          :                              1.000062186158e+00
    7    1    b          :                              9.999366027288e-01
    8    1    b          :                              9.999984131077e-01
    9    1    b          :                              1.000000205873e+00
===========================================================================


~~~~~~~~~~~~~~~~~~~~~~~~~~~~~~~~~~~~~~~~~~~~~~~~~~~~~~~~~~~~~~~~~~~~~~~~~~~
 Calculation             : Compute initial energy
 Method                  : DFT (PBE)
 Precision               : 1.00000e-04
 Localization            : On
~~~~~~~~~~~~~~~~~~~~~~~~~~~~~~~~~~~~~~~~~~~~~~~~~~~~~~~~~~~~~~~~~~~~~~~~~~~


===========================================================================
                        Molecular Energy (initial)
---------------------------------------------------------------------------
 Kinetic energy          :            (au)                 52.315635406133
 E-N energy              :            (au)               -133.752678770560
 Coulomb energy          :            (au)                 31.937542286796
 Exchange energy         :            (au)                  0.000000000000
 X-C energy              :            (au)                 -7.979285659923
 Ext. field (el)         :            (au)                  0.000000000000
---------------------------------------------------------------------------
 N-N energy              :            (au)                  8.320397001952
 Ext. field (nuc)        :            (au)                  0.000000000000
---------------------------------------------------------------------------
 Electronic energy       :            (au)                -57.478786737554
 Nuclear energy          :            (au)                  8.320397001952
---------------------------------------------------------------------------
 Total energy            :            (au)             -4.915838973560e+01
                         :      (kcal/mol)             -3.084735503988e+04
                         :        (kJ/mol)             -1.290653335706e+05
                         :            (eV)             -1.337667871533e+03
===========================================================================


===========================================================================
                        Orbital Energies (initial)
---------------------------------------------------------------------------
    n  Occ Spin          :                                         Epsilon
---------------------------------------------------------------------------
    0    1    a          :            (au)                 -6.494891865866
    1    1    a          :            (au)                 -6.493577396135
    2    1    a          :            (au)                 -0.476333814114
    3    1    a          :            (au)                 -0.264977066338
    4    1    a          :            (au)                 -0.216017686371
    5    1    a          :            (au)                 -0.215842883331
    6    1    b          :            (au)                 -6.482625899611
    7    1    b          :            (au)                 -6.481307392242
    8    1    b          :            (au)                 -0.425254384390
    9    1    b          :            (au)                 -0.228314408829
---------------------------------------------------------------------------
 Sum occupied            :            (au)                -27.779142797227
===========================================================================


~~~~~~~~~~~~~~~~~~~~~~~~~~~~~~~~~~~~~~~~~~~~~~~~~~~~~~~~~~~~~~~~~~~~~~~~~~~
 Calculation             : Optimize ground state orbitals
 Method                  : DFT (PBE)
 Checkpointing           : Off
 Max iterations          : 200
 KAIN solver             : 10
 Localization            : First two iterations
 Diagonalization         : Off
 Start precision         : 1.00000e-06
 Final precision         : 1.00000e-06
 Helmholtz precision     : Dynamic
 Energy threshold        : 1.00000e-06
 Orbital threshold       : 5.00000e-05
~~~~~~~~~~~~~~~~~~~~~~~~~~~~~~~~~~~~~~~~~~~~~~~~~~~~~~~~~~~~~~~~~~~~~~~~~~~


===========================================================================
 Iter           MO residual             Total energy                Update
---------------------------------------------------------------------------
    0          3.162278e+00         -49.158389735602         -4.915839e+01
    1          1.906321e-01         -49.330624235336         -1.722345e-01
    2          5.451184e-02         -49.342606736495         -1.198250e-02
    3          2.571531e-02         -49.344934292913         -2.327556e-03
    4          4.184848e-02         -49.346559635358         -1.625342e-03
    5          1.755674e-02         -49.346820880557         -2.612452e-04
    6          4.060410e-03         -49.346844193021         -2.331246e-05
    7          2.076393e-03         -49.346848416755         -4.223734e-06
    8          3.483959e-04         -49.346848754546         -3.377908e-07
    9          2.233204e-04         -49.346848845906         -9.136033e-08
   10          2.162670e-04         -49.346848879010         -3.310442e-08
   11          7.176820e-05         -49.346848883375         -4.364956e-09
---------------------------------------------------------------------------
                      SCF converged in 11 iterations!
===========================================================================


                                                                           
***************************************************************************
***                                                                     ***
***                    Printing Molecular Properties                    ***
***                                                                     ***
***************************************************************************
                                                                           
                                                                           
===========================================================================
                                 Molecule
---------------------------------------------------------------------------
 Charge                  :                                               0
 Multiplicity            :                                               3
---------------------------------------------------------------------------
    N    Atom            :               x               y               z
---------------------------------------------------------------------------
    0       B            :        0.000000        0.000000       -1.502332
    1       B            :        0.000000        0.000000        1.502332
---------------------------------------------------------------------------
 Center of mass          :        0.000000        0.000000       -0.000000
===========================================================================


===========================================================================
                         Molecular Energy (final)
---------------------------------------------------------------------------
 Kinetic energy          :            (au)                 49.173714914466
 E-N energy              :            (au)               -130.578423770167
 Coulomb energy          :            (au)                 31.532779173647
 Exchange energy         :            (au)                  0.000000000000
 X-C energy              :            (au)                 -7.795316203274
 Ext. field (el)         :            (au)                  0.000000000000
---------------------------------------------------------------------------
 N-N energy              :            (au)                  8.320397001952
 Ext. field (nuc)        :            (au)                  0.000000000000
---------------------------------------------------------------------------
 Electronic energy       :            (au)                -57.667245885327
 Nuclear energy          :            (au)                  8.320397001952
---------------------------------------------------------------------------
 Total energy            :            (au)             -4.934684888338e+01
                         :      (kcal/mol)             -3.096561493963e+04
                         :        (kJ/mol)             -1.295601329915e+05
                         :            (eV)             -1.342796105970e+03
===========================================================================


===========================================================================
                         Orbital Energies (final)
---------------------------------------------------------------------------
    n  Occ Spin          :                                         Epsilon
---------------------------------------------------------------------------
    0    1    a          :            (au)                 -6.605457704701
    1    1    a          :            (au)                 -6.604832886495
    2    1    a          :            (au)                 -0.501735648751
    3    1    a          :            (au)                 -0.275683545636
    4    1    a          :            (au)                 -0.225203804352
    5    1    a          :            (au)                 -0.225203782365
    6    1    b          :            (au)                 -6.595328694109
    7    1    b          :            (au)                 -6.594698114137
    8    1    b          :            (au)                 -0.448661131008
    9    1    b          :            (au)                 -0.244035452449
---------------------------------------------------------------------------
 Sum occupied            :            (au)                -28.320840764003
===========================================================================


===========================================================================
                           Dipole Moment (dip-1)
---------------------------------------------------------------------------
 r_O                     :        0.000000        0.000000        0.000000
---------------------------------------------------------------------------
 Electronic vector       :        0.000000        0.000000        0.000072
 Magnitude               :            (au)                        0.000072
                         :         (Debye)                        0.000183
---------------------------------------------------------------------------
 Nuclear vector          :        0.000000        0.000000       -0.000000
 Magnitude               :            (au)                        0.000000
                         :         (Debye)                        0.000000
---------------------------------------------------------------------------
 Total vector            :        0.000000        0.000000        0.000072
 Magnitude               :            (au)                        0.000072
                         :         (Debye)                        0.000183
===========================================================================


                                                                           
                                                                           
***************************************************************************
***                                                                     ***
***                            Exiting MRChem                           ***
***                                                                     ***
***                       Wall time :  0h 13m 11s                       ***
***                                                                     ***
***************************************************************************
                                                                           
                                                                           
