Starting job 3267562 on c2-[46,53],c3-4,c5-[19,25,29] at Fri Aug 13 03:52:15 CEST 2021

Copying 48_pbe_.out to /cluster/home/ambr/projects/psp/row12/calcs/triplets
Copying 48_pbe_.json to /cluster/home/ambr/projects/psp/row12/calcs/triplets

Task and CPU usage stats:
       JobID    JobName  AllocCPUS   NTasks     MinCPU MinCPUTask     AveCPU    Elapsed ExitCode 
------------ ---------- ---------- -------- ---------- ---------- ---------- ---------- -------- 
3267562         48_pbe_        120                                             00:13:15      1:0 
3267562.bat+      batch          6        1   00:00:00          0   00:00:00   00:13:15      1:0 
3267562.ext+     extern        120        6   00:00:00          1   00:00:00   00:13:15      0:0 
3267562.0      mrchem.x        120       20   00:13:11         19   00:38:45   00:13:13      0:0 

Memory usage stats:
       JobID     MaxRSS MaxRSSTask     AveRSS MaxPages   MaxPagesTask   AvePages 
------------ ---------- ---------- ---------- -------- -------------- ---------- 
3267562                                                                          
3267562.bat+     14376K          0     14376K        0              0          0 
3267562.ext+          0          1          0        0              1          0 
3267562.0      3117520K          0 2436313292        0             19          0 

Disk usage stats:
       JobID  MaxDiskRead MaxDiskReadTask    AveDiskRead MaxDiskWrite MaxDiskWriteTask   AveDiskWrite 
------------ ------------ --------------- -------------- ------------ ---------------- -------------- 
3267562                                                                                               
3267562.bat+        3.70M               0          3.70M        0.02M                0          0.02M 
3267562.ext+        0.00M               1          0.00M            0                1              0 
3267562.0           2.06M               2          2.05M        2.08M                0          2.07M 

Job 3267562 completed at Fri Aug 13 04:05:30 CEST 2021
