Starting job 3267563 on c3-27,c5-58,c10-10,c11-30 at Fri Aug 13 04:01:45 CEST 2021

Copying 4_pbe_.out to /cluster/home/ambr/projects/psp/row12/calcs/triplets
Copying 4_pbe_.json to /cluster/home/ambr/projects/psp/row12/calcs/triplets

Task and CPU usage stats:
       JobID    JobName  AllocCPUS   NTasks     MinCPU MinCPUTask     AveCPU    Elapsed ExitCode 
------------ ---------- ---------- -------- ---------- ---------- ---------- ---------- -------- 
3267563          4_pbe_        120                                             00:14:08      1:0 
3267563.bat+      batch         30        1   00:00:00          0   00:00:00   00:14:08      1:0 
3267563.ext+     extern        120        4   00:00:00          3   00:00:00   00:14:08      0:0 
3267563.0      mrchem.x        120       20   00:14:04         19   00:43:58   00:14:06      0:0 

Memory usage stats:
       JobID     MaxRSS MaxRSSTask     AveRSS MaxPages   MaxPagesTask   AvePages 
------------ ---------- ---------- ---------- -------- -------------- ---------- 
3267563                                                                          
3267563.bat+     14280K          0     14280K        0              0          0 
3267563.ext+          0          3          0        0              3          0 
3267563.0      2765244K         11   2439756K        0             19          0 

Disk usage stats:
       JobID  MaxDiskRead MaxDiskReadTask    AveDiskRead MaxDiskWrite MaxDiskWriteTask   AveDiskWrite 
------------ ------------ --------------- -------------- ------------ ---------------- -------------- 
3267563                                                                                               
3267563.bat+        3.70M               0          3.70M        0.02M                0          0.02M 
3267563.ext+        0.00M               3          0.00M            0                3              0 
3267563.0           2.67M              13          2.36M        2.10M                0          2.07M 

Job 3267563 completed at Fri Aug 13 04:15:53 CEST 2021
