                                                                           
                                                                           
***************************************************************************
***                                                                     ***
***                                                                     ***
***          __  __ ____   ____ _                                       ***
***         |  \/  |  _ \ / ___| |__   ___ _ __ ___                     ***
***         | |\/| | |_) | |   | '_ \ / _ \ '_ ` _ \                    ***
***         | |  | |  _ <| |___| | | |  __/ | | | | |                   ***
***         |_|  |_|_| \_\\____|_| |_|\___|_| |_| |_|                   ***
***                                                                     ***
***         VERSION            1.0.1                                    ***
***                                                                     ***
***         Git branch         HEAD                                     ***
***         Git commit hash    9309e3e1e52e5319b766-dirty               ***
***         Git commit author  Stig Rune Jensen                         ***
***         Git commit date    Fri Dec 4 16:08:55 2020 +0100            ***
***                                                                     ***
***         Contact: luca.frediani@uit.no                               ***
***                                                                     ***
***         Radovan Bast            Magnar Bjorgve                      ***
***         Roberto Di Remigio      Antoine Durdek                      ***
***         Luca Frediani           Gabriel Gerez                       ***
***         Stig Rune Jensen        Jonas Juselius                      ***
***         Rune Monstad            Peter Wind                          ***
***                                                                     ***
***************************************************************************

---------------------------------------------------------------------------

 MPI processes           :        (1 bank)                              20
 OpenMP threads          :                                               6
 Total cores             :                                             120
                                                                           
---------------------------------------------------------------------------

XCFun DFT library Copyright 2009-2020 Ulf Ekstrom and contributors.
See http://dftlibs.org/xcfun/ for more information.

This is free software; see the source code for copying conditions.
There is ABSOLUTELY NO WARRANTY; not even for MERCHANTABILITY or
FITNESS FOR A PARTICULAR PURPOSE. For details see the documentation.
Scientific users of this library should cite
U. Ekstrom, L. Visscher, R. Bast, A. J. Thorvaldsen and K. Ruud;
J.Chem.Theor.Comp. 2010, DOI: 10.1021/ct100117s

---------------------------------------------------------------------------

 MRCPP version         : 1.3.6
 Git branch            : HEAD
 Git commit hash       : 9309e3e1e52e5319b766-dirty
 Git commit author     : Stig Rune Jensen
 Git commit date       : Fri Dec 4 16:08:55 2020 +0100

 Linear algebra        : EIGEN v3.3.7
 Parallelization       : MPI/OpenMP (6 threads)

---------------------------------------------------------------------------


                                                                           
===========================================================================
                         MultiResolution Analysis
---------------------------------------------------------------------------
 polynomial order      : 9
 polynomial type       : Interpolating
---------------------------------------------------------------------------
 total boxes           : 8
 boxes                 : [          2           2           2 ]
 unit lengths          : [   16.00000    16.00000    16.00000 ]
 scaling factor        : [    1.00000     1.00000     1.00000 ]
 lower bounds          : [  -16.00000   -16.00000   -16.00000 ]
 upper bounds          : [   16.00000    16.00000    16.00000 ]
 total length          : [   32.00000    32.00000    32.00000 ]
===========================================================================


                                                                           
***************************************************************************
***                                                                     ***
***                        Initializing Molecule                        ***
***                                                                     ***
***************************************************************************
                                                                           
                                                                           
===========================================================================
                                 Molecule
---------------------------------------------------------------------------
 Charge                  :                                               0
 Multiplicity            :                                               2
---------------------------------------------------------------------------
    N    Atom            :               x               y               z
---------------------------------------------------------------------------
    0       B            :        0.000000       -0.145228        0.000000
    1       H            :        0.000000        0.778848        2.029566
    2       H            :        0.000000        0.778848       -2.029566
---------------------------------------------------------------------------
 Center of mass          :        0.000000       -0.000000        0.000000
===========================================================================


                                                                           
***************************************************************************
***                                                                     ***
***                 Computing Ground State Wavefunction                 ***
***                                                                     ***
***************************************************************************
                                                                           
                                                                           
~~~~~~~~~~~~~~~~~~~~~~~~~~~~~~~~~~~~~~~~~~~~~~~~~~~~~~~~~~~~~~~~~~~~~~~~~~~
 Calculation             : Compute initial orbitals
 Method                  : Project MW molecular orbitals
 Precision               : 1.00000e-04
 Restricted              : False
 MO alpha file           : initial_guess/phi_a_scf
 MO beta file            : initial_guess/phi_b_scf
~~~~~~~~~~~~~~~~~~~~~~~~~~~~~~~~~~~~~~~~~~~~~~~~~~~~~~~~~~~~~~~~~~~~~~~~~~~


===========================================================================
                            Molecular Orbitals
---------------------------------------------------------------------------
 Alpha electrons         :                                               4
 Beta electrons          :                                               3
 Total electrons         :                                               7
---------------------------------------------------------------------------
    n  Occ Spin          :                                            Norm
---------------------------------------------------------------------------
    0    1    a          :                              9.999999843288e-01
    1    1    a          :                              1.000000005839e+00
    2    1    a          :                              1.000000005835e+00
    3    1    a          :                              9.999999516390e-01
    4    1    b          :                              9.999999844305e-01
    5    1    b          :                              9.999999998939e-01
    6    1    b          :                              9.999999998883e-01
===========================================================================


~~~~~~~~~~~~~~~~~~~~~~~~~~~~~~~~~~~~~~~~~~~~~~~~~~~~~~~~~~~~~~~~~~~~~~~~~~~
 Calculation             : Compute initial energy
 Method                  : DFT (B3LYP-G)
 Precision               : 1.00000e-04
 Localization            : On
~~~~~~~~~~~~~~~~~~~~~~~~~~~~~~~~~~~~~~~~~~~~~~~~~~~~~~~~~~~~~~~~~~~~~~~~~~~


===========================================================================
                        Molecular Energy (initial)
---------------------------------------------------------------------------
 Kinetic energy          :            (au)                 25.799080060568
 E-N energy              :            (au)                -68.827530762449
 Coulomb energy          :            (au)                 17.086405081819
 Exchange energy         :            (au)                 -0.909020618779
 X-C energy              :            (au)                 -3.828439203695
 Ext. field (el)         :            (au)                  0.000000000000
---------------------------------------------------------------------------
 N-N energy              :            (au)                  4.730593874213
 Ext. field (nuc)        :            (au)                  0.000000000000
---------------------------------------------------------------------------
 Electronic energy       :            (au)                -30.679505442536
 Nuclear energy          :            (au)                  4.730593874213
---------------------------------------------------------------------------
 Total energy            :            (au)             -2.594891156832e+01
                         :      (kcal/mol)             -1.628318771937e+04
                         :        (kJ/mol)             -6.812885746205e+04
                         :            (eV)             -7.061058243140e+02
===========================================================================


===========================================================================
                        Orbital Energies (initial)
---------------------------------------------------------------------------
    n  Occ Spin          :                                         Epsilon
---------------------------------------------------------------------------
    0    1    a          :            (au)                 -6.797092958065
    1    1    a          :            (au)                 -0.513055783319
    2    1    a          :            (au)                 -0.386546663071
    3    1    a          :            (au)                 -0.214160095145
    4    1    b          :            (au)                 -6.786266004801
    5    1    b          :            (au)                 -0.489296746217
    6    1    b          :            (au)                 -0.378091073479
---------------------------------------------------------------------------
 Sum occupied            :            (au)                -15.564509324097
===========================================================================


~~~~~~~~~~~~~~~~~~~~~~~~~~~~~~~~~~~~~~~~~~~~~~~~~~~~~~~~~~~~~~~~~~~~~~~~~~~
 Calculation             : Optimize ground state orbitals
 Method                  : DFT (B3LYP-G)
 Checkpointing           : Off
 Max iterations          : 200
 KAIN solver             : 10
 Localization            : First two iterations
 Diagonalization         : Off
 Start precision         : 1.00000e-06
 Final precision         : 1.00000e-06
 Helmholtz precision     : Dynamic
 Energy threshold        : 1.00000e-06
 Orbital threshold       : 1.00000e-05
~~~~~~~~~~~~~~~~~~~~~~~~~~~~~~~~~~~~~~~~~~~~~~~~~~~~~~~~~~~~~~~~~~~~~~~~~~~


===========================================================================
 Iter           MO residual             Total energy                Update
---------------------------------------------------------------------------
    0          2.645751e+00         -25.948911568323         -2.594891e+01
    1          1.625227e-04         -25.949067394739         -1.558264e-04
    2          7.119429e-05         -25.949077135959         -9.741219e-06
    3          4.465550e-05         -25.949077144739         -8.780098e-09
    4          9.059968e-05         -25.949077151243         -6.504823e-09
    5          2.565517e-05         -25.949077151893         -6.496315e-10
    6          1.571013e-05         -25.949077152132         -2.384830e-10
    7          3.918852e-06         -25.949077152142         -1.010392e-11
---------------------------------------------------------------------------
                      SCF converged in 7 iterations!
===========================================================================


                                                                           
***************************************************************************
***                                                                     ***
***                    Printing Molecular Properties                    ***
***                                                                     ***
***************************************************************************
                                                                           
                                                                           
===========================================================================
                                 Molecule
---------------------------------------------------------------------------
 Charge                  :                                               0
 Multiplicity            :                                               2
---------------------------------------------------------------------------
    N    Atom            :               x               y               z
---------------------------------------------------------------------------
    0       B            :        0.000000       -0.145228        0.000000
    1       H            :        0.000000        0.778848        2.029566
    2       H            :        0.000000        0.778848       -2.029566
---------------------------------------------------------------------------
 Center of mass          :        0.000000       -0.000000        0.000000
===========================================================================


===========================================================================
                         Molecular Energy (final)
---------------------------------------------------------------------------
 Kinetic energy          :            (au)                 25.798990976369
 E-N energy              :            (au)                -68.827730698796
 Coulomb energy          :            (au)                 17.086518672121
 Exchange energy         :            (au)                 -0.909014683491
 X-C energy              :            (au)                 -3.828435292557
 Ext. field (el)         :            (au)                  0.000000000000
---------------------------------------------------------------------------
 N-N energy              :            (au)                  4.730593874213
 Ext. field (nuc)        :            (au)                  0.000000000000
---------------------------------------------------------------------------
 Electronic energy       :            (au)                -30.679671026355
 Nuclear energy          :            (au)                  4.730593874213
---------------------------------------------------------------------------
 Total energy            :            (au)             -2.594907715214e+01
                         :      (kcal/mol)             -1.628329162478e+04
                         :        (kJ/mol)             -6.812929220230e+04
                         :            (eV)             -7.061103300791e+02
===========================================================================


===========================================================================
                         Orbital Energies (final)
---------------------------------------------------------------------------
    n  Occ Spin          :                                         Epsilon
---------------------------------------------------------------------------
    0    1    a          :            (au)                 -6.797031436867
    1    1    a          :            (au)                 -0.513070915349
    2    1    a          :            (au)                 -0.386579610024
    3    1    a          :            (au)                 -0.214148374015
    4    1    b          :            (au)                 -6.786214638951
    5    1    b          :            (au)                 -0.489314803648
    6    1    b          :            (au)                 -0.378108922905
---------------------------------------------------------------------------
 Sum occupied            :            (au)                -15.564468701759
===========================================================================


===========================================================================
                           Dipole Moment (dip-1)
---------------------------------------------------------------------------
 r_O                     :        0.000000        0.000000        0.000000
---------------------------------------------------------------------------
 Electronic vector       :        0.000000       -0.637961        0.000000
 Magnitude               :            (au)                        0.637961
                         :         (Debye)                        1.621534
---------------------------------------------------------------------------
 Nuclear vector          :        0.000000        0.831554        0.000000
 Magnitude               :            (au)                        0.831554
                         :         (Debye)                        2.113599
---------------------------------------------------------------------------
 Total vector            :        0.000000        0.193593        0.000000
 Magnitude               :            (au)                        0.193593
                         :         (Debye)                        0.492064
===========================================================================


                                                                           
                                                                           
***************************************************************************
***                                                                     ***
***                            Exiting MRChem                           ***
***                                                                     ***
***                       Wall time :  0h  7m 32s                       ***
***                                                                     ***
***************************************************************************
                                                                           
                                                                           
