                                                                           
                                                                           
***************************************************************************
***                                                                     ***
***                                                                     ***
***          __  __ ____   ____ _                                       ***
***         |  \/  |  _ \ / ___| |__   ___ _ __ ___                     ***
***         | |\/| | |_) | |   | '_ \ / _ \ '_ ` _ \                    ***
***         | |  | |  _ <| |___| | | |  __/ | | | | |                   ***
***         |_|  |_|_| \_\\____|_| |_|\___|_| |_| |_|                   ***
***                                                                     ***
***         VERSION            1.0.1                                    ***
***                                                                     ***
***         Git branch         HEAD                                     ***
***         Git commit hash    9309e3e1e52e5319b766-dirty               ***
***         Git commit author  Stig Rune Jensen                         ***
***         Git commit date    Fri Dec 4 16:08:55 2020 +0100            ***
***                                                                     ***
***         Contact: luca.frediani@uit.no                               ***
***                                                                     ***
***         Radovan Bast            Magnar Bjorgve                      ***
***         Roberto Di Remigio      Antoine Durdek                      ***
***         Luca Frediani           Gabriel Gerez                       ***
***         Stig Rune Jensen        Jonas Juselius                      ***
***         Rune Monstad            Peter Wind                          ***
***                                                                     ***
***************************************************************************

---------------------------------------------------------------------------

 MPI processes           :        (1 bank)                              20
 OpenMP threads          :                                               6
 Total cores             :                                             120
                                                                           
---------------------------------------------------------------------------

XCFun DFT library Copyright 2009-2020 Ulf Ekstrom and contributors.
See http://dftlibs.org/xcfun/ for more information.

This is free software; see the source code for copying conditions.
There is ABSOLUTELY NO WARRANTY; not even for MERCHANTABILITY or
FITNESS FOR A PARTICULAR PURPOSE. For details see the documentation.
Scientific users of this library should cite
U. Ekstrom, L. Visscher, R. Bast, A. J. Thorvaldsen and K. Ruud;
J.Chem.Theor.Comp. 2010, DOI: 10.1021/ct100117s

---------------------------------------------------------------------------

 MRCPP version         : 1.3.6
 Git branch            : HEAD
 Git commit hash       : 9309e3e1e52e5319b766-dirty
 Git commit author     : Stig Rune Jensen
 Git commit date       : Fri Dec 4 16:08:55 2020 +0100

 Linear algebra        : EIGEN v3.3.7
 Parallelization       : MPI/OpenMP (6 threads)

---------------------------------------------------------------------------


                                                                           
===========================================================================
                         MultiResolution Analysis
---------------------------------------------------------------------------
 polynomial order      : 9
 polynomial type       : Interpolating
---------------------------------------------------------------------------
 total boxes           : 8
 boxes                 : [          2           2           2 ]
 unit lengths          : [   32.00000    32.00000    32.00000 ]
 scaling factor        : [    1.00000     1.00000     1.00000 ]
 lower bounds          : [  -32.00000   -32.00000   -32.00000 ]
 upper bounds          : [   32.00000    32.00000    32.00000 ]
 total length          : [   64.00000    64.00000    64.00000 ]
===========================================================================


                                                                           
***************************************************************************
***                                                                     ***
***                        Initializing Molecule                        ***
***                                                                     ***
***************************************************************************
                                                                           
                                                                           
===========================================================================
                                 Molecule
---------------------------------------------------------------------------
 Charge                  :                                               0
 Multiplicity            :                                               2
---------------------------------------------------------------------------
    N    Atom            :               x               y               z
---------------------------------------------------------------------------
    0       B            :        0.000000       -0.145228        0.000000
    1       H            :        0.000000        0.778848        2.029566
    2       H            :        0.000000        0.778848       -2.029566
---------------------------------------------------------------------------
 Center of mass          :        0.000000       -0.000000        0.000000
===========================================================================


                                                                           
***************************************************************************
***                                                                     ***
***                 Computing Ground State Wavefunction                 ***
***                                                                     ***
***************************************************************************
                                                                           
                                                                           
~~~~~~~~~~~~~~~~~~~~~~~~~~~~~~~~~~~~~~~~~~~~~~~~~~~~~~~~~~~~~~~~~~~~~~~~~~~
 Calculation             : Compute initial orbitals
 Method                  : Diagonalize SAD Hamiltonian
 Precision               : 1.00000e-04
 Restricted              : False
 Functional              : LDA (SVWN5)
 AO basis                : Hydrogenic orbitals
 Zeta quality            : 2
~~~~~~~~~~~~~~~~~~~~~~~~~~~~~~~~~~~~~~~~~~~~~~~~~~~~~~~~~~~~~~~~~~~~~~~~~~~


===========================================================================
                            Molecular Orbitals
---------------------------------------------------------------------------
 Alpha electrons         :                                               4
 Beta electrons          :                                               3
 Total electrons         :                                               7
---------------------------------------------------------------------------
    n  Occ Spin          :                                            Norm
---------------------------------------------------------------------------
    0    1    a          :                              9.999999999943e-01
    1    1    a          :                              9.999999995602e-01
    2    1    a          :                              9.999999590825e-01
    3    1    a          :                              9.999999987099e-01
    4    1    b          :                              1.000000006570e+00
    5    1    b          :                              9.999999978686e-01
    6    1    b          :                              1.000000001704e+00
===========================================================================


~~~~~~~~~~~~~~~~~~~~~~~~~~~~~~~~~~~~~~~~~~~~~~~~~~~~~~~~~~~~~~~~~~~~~~~~~~~
 Calculation             : Compute initial energy
 Method                  : DFT (PBE)
 Precision               : 1.00000e-04
 Localization            : On
~~~~~~~~~~~~~~~~~~~~~~~~~~~~~~~~~~~~~~~~~~~~~~~~~~~~~~~~~~~~~~~~~~~~~~~~~~~


===========================================================================
                        Molecular Energy (initial)
---------------------------------------------------------------------------
 Kinetic energy          :            (au)                 27.178727376796
 E-N energy              :            (au)                -70.007887590592
 Coulomb energy          :            (au)                 17.047607212092
 Exchange energy         :            (au)                  0.000000000000
 X-C energy              :            (au)                 -4.722573891880
 Ext. field (el)         :            (au)                  0.000000000000
---------------------------------------------------------------------------
 N-N energy              :            (au)                  4.730593874213
 Ext. field (nuc)        :            (au)                  0.000000000000
---------------------------------------------------------------------------
 Electronic energy       :            (au)                -30.504126893585
 Nuclear energy          :            (au)                  4.730593874213
---------------------------------------------------------------------------
 Total energy            :            (au)             -2.577353301937e+01
                         :      (kcal/mol)             -1.617313601924e+04
                         :        (kJ/mol)             -6.766840114842e+04
                         :            (eV)             -7.013335310890e+02
===========================================================================


===========================================================================
                        Orbital Energies (initial)
---------------------------------------------------------------------------
    n  Occ Spin          :                                         Epsilon
---------------------------------------------------------------------------
    0    1    a          :            (au)                 -6.500436458986
    1    1    a          :            (au)                 -0.459722562497
    2    1    a          :            (au)                 -0.356813897310
    3    1    a          :            (au)                 -0.194102101660
    4    1    b          :            (au)                 -6.488144752923
    5    1    b          :            (au)                 -0.439935659752
    6    1    b          :            (au)                 -0.346624884777
---------------------------------------------------------------------------
 Sum occupied            :            (au)                -14.785780317904
===========================================================================


~~~~~~~~~~~~~~~~~~~~~~~~~~~~~~~~~~~~~~~~~~~~~~~~~~~~~~~~~~~~~~~~~~~~~~~~~~~
 Calculation             : Optimize ground state orbitals
 Method                  : DFT (PBE)
 Checkpointing           : Off
 Max iterations          : 200
 KAIN solver             : 10
 Localization            : First two iterations
 Diagonalization         : Off
 Start precision         : 1.00000e-06
 Final precision         : 1.00000e-06
 Helmholtz precision     : Dynamic
 Energy threshold        : 1.00000e-06
 Orbital threshold       : 5.00000e-05
~~~~~~~~~~~~~~~~~~~~~~~~~~~~~~~~~~~~~~~~~~~~~~~~~~~~~~~~~~~~~~~~~~~~~~~~~~~


===========================================================================
 Iter           MO residual             Total energy                Update
---------------------------------------------------------------------------
    0          2.645751e+00         -25.773533019372         -2.577353e+01
    1          1.687230e-01         -25.877129500662         -1.035965e-01
    2          4.655086e-02         -25.884567297646         -7.437797e-03
    3          1.641196e-02         -25.885463962185         -8.966645e-04
    4          9.636229e-03         -25.885660087860         -1.961257e-04
    5          5.145157e-03         -25.885710625711         -5.053785e-05
    6          4.117593e-03         -25.885727179683         -1.655397e-05
    7          1.369968e-03         -25.885728305813         -1.126130e-06
    8          6.218954e-04         -25.885728745739         -4.399256e-07
    9          1.749193e-04         -25.885728799546         -5.380763e-08
   10          1.010128e-04         -25.885728811709         -1.216253e-08
   11          3.739652e-05         -25.885728813696         -1.987139e-09
---------------------------------------------------------------------------
                      SCF converged in 11 iterations!
===========================================================================


                                                                           
***************************************************************************
***                                                                     ***
***                    Printing Molecular Properties                    ***
***                                                                     ***
***************************************************************************
                                                                           
                                                                           
===========================================================================
                                 Molecule
---------------------------------------------------------------------------
 Charge                  :                                               0
 Multiplicity            :                                               2
---------------------------------------------------------------------------
    N    Atom            :               x               y               z
---------------------------------------------------------------------------
    0       B            :        0.000000       -0.145228        0.000000
    1       H            :        0.000000        0.778848        2.029566
    2       H            :        0.000000        0.778848       -2.029566
---------------------------------------------------------------------------
 Center of mass          :        0.000000       -0.000000        0.000000
===========================================================================


===========================================================================
                         Molecular Energy (final)
---------------------------------------------------------------------------
 Kinetic energy          :            (au)                 25.774819302134
 E-N energy              :            (au)                -68.796175229362
 Coulomb energy          :            (au)                 17.072880578634
 Exchange energy         :            (au)                  0.000000000000
 X-C energy              :            (au)                 -4.667847339316
 Ext. field (el)         :            (au)                  0.000000000000
---------------------------------------------------------------------------
 N-N energy              :            (au)                  4.730593874213
 Ext. field (nuc)        :            (au)                  0.000000000000
---------------------------------------------------------------------------
 Electronic energy       :            (au)                -30.616322687909
 Nuclear energy          :            (au)                  4.730593874213
---------------------------------------------------------------------------
 Total energy            :            (au)             -2.588572881370e+01
                         :      (kcal/mol)             -1.624353994256e+04
                         :        (kJ/mol)             -6.796297116378e+04
                         :            (eV)             -7.043865340494e+02
===========================================================================


===========================================================================
                         Orbital Energies (final)
---------------------------------------------------------------------------
    n  Occ Spin          :                                         Epsilon
---------------------------------------------------------------------------
    0    1    a          :            (au)                 -6.559850235186
    1    1    a          :            (au)                 -0.459553620935
    2    1    a          :            (au)                 -0.339780384578
    3    1    a          :            (au)                 -0.179564547763
    4    1    b          :            (au)                 -6.549177990685
    5    1    b          :            (au)                 -0.438328763232
    6    1    b          :            (au)                 -0.331443341682
---------------------------------------------------------------------------
 Sum occupied            :            (au)                -14.857698884062
===========================================================================


===========================================================================
                           Dipole Moment (dip-1)
---------------------------------------------------------------------------
 r_O                     :        0.000000        0.000000        0.000000
---------------------------------------------------------------------------
 Electronic vector       :        0.000000       -0.630828        0.000000
 Magnitude               :            (au)                        0.630828
                         :         (Debye)                        1.603404
---------------------------------------------------------------------------
 Nuclear vector          :        0.000000        0.831554        0.000000
 Magnitude               :            (au)                        0.831554
                         :         (Debye)                        2.113599
---------------------------------------------------------------------------
 Total vector            :        0.000000        0.200726        0.000000
 Magnitude               :            (au)                        0.200726
                         :         (Debye)                        0.510194
===========================================================================


                                                                           
                                                                           
***************************************************************************
***                                                                     ***
***                            Exiting MRChem                           ***
***                                                                     ***
***                       Wall time :  0h 10m  7s                       ***
***                                                                     ***
***************************************************************************
                                                                           
                                                                           
