                                                                           
                                                                           
***************************************************************************
***                                                                     ***
***                                                                     ***
***          __  __ ____   ____ _                                       ***
***         |  \/  |  _ \ / ___| |__   ___ _ __ ___                     ***
***         | |\/| | |_) | |   | '_ \ / _ \ '_ ` _ \                    ***
***         | |  | |  _ <| |___| | | |  __/ | | | | |                   ***
***         |_|  |_|_| \_\\____|_| |_|\___|_| |_| |_|                   ***
***                                                                     ***
***         VERSION            1.0.1                                    ***
***                                                                     ***
***         Git branch         HEAD                                     ***
***         Git commit hash    9309e3e1e52e5319b766-dirty               ***
***         Git commit author  Stig Rune Jensen                         ***
***         Git commit date    Fri Dec 4 16:08:55 2020 +0100            ***
***                                                                     ***
***         Contact: luca.frediani@uit.no                               ***
***                                                                     ***
***         Radovan Bast            Magnar Bjorgve                      ***
***         Roberto Di Remigio      Antoine Durdek                      ***
***         Luca Frediani           Gabriel Gerez                       ***
***         Stig Rune Jensen        Jonas Juselius                      ***
***         Rune Monstad            Peter Wind                          ***
***                                                                     ***
***************************************************************************

---------------------------------------------------------------------------

 MPI processes           :        (1 bank)                              20
 OpenMP threads          :                                               6
 Total cores             :                                             120
                                                                           
---------------------------------------------------------------------------

XCFun DFT library Copyright 2009-2020 Ulf Ekstrom and contributors.
See http://dftlibs.org/xcfun/ for more information.

This is free software; see the source code for copying conditions.
There is ABSOLUTELY NO WARRANTY; not even for MERCHANTABILITY or
FITNESS FOR A PARTICULAR PURPOSE. For details see the documentation.
Scientific users of this library should cite
U. Ekstrom, L. Visscher, R. Bast, A. J. Thorvaldsen and K. Ruud;
J.Chem.Theor.Comp. 2010, DOI: 10.1021/ct100117s

---------------------------------------------------------------------------

 MRCPP version         : 1.3.6
 Git branch            : HEAD
 Git commit hash       : 9309e3e1e52e5319b766-dirty
 Git commit author     : Stig Rune Jensen
 Git commit date       : Fri Dec 4 16:08:55 2020 +0100

 Linear algebra        : EIGEN v3.3.7
 Parallelization       : MPI/OpenMP (6 threads)

---------------------------------------------------------------------------


                                                                           
===========================================================================
                         MultiResolution Analysis
---------------------------------------------------------------------------
 polynomial order      : 9
 polynomial type       : Interpolating
---------------------------------------------------------------------------
 total boxes           : 8
 boxes                 : [          2           2           2 ]
 unit lengths          : [   16.00000    16.00000    16.00000 ]
 scaling factor        : [    1.00000     1.00000     1.00000 ]
 lower bounds          : [  -16.00000   -16.00000   -16.00000 ]
 upper bounds          : [   16.00000    16.00000    16.00000 ]
 total length          : [   32.00000    32.00000    32.00000 ]
===========================================================================


                                                                           
***************************************************************************
***                                                                     ***
***                        Initializing Molecule                        ***
***                                                                     ***
***************************************************************************
                                                                           
                                                                           
===========================================================================
                                 Molecule
---------------------------------------------------------------------------
 Charge                  :                                               0
 Multiplicity            :                                               2
---------------------------------------------------------------------------
    N    Atom            :               x               y               z
---------------------------------------------------------------------------
    0       B            :        0.000000       -0.145228        0.000000
    1       H            :        0.000000        0.778848        2.029566
    2       H            :        0.000000        0.778848       -2.029566
---------------------------------------------------------------------------
 Center of mass          :        0.000000       -0.000000        0.000000
===========================================================================


                                                                           
***************************************************************************
***                                                                     ***
***                 Computing Ground State Wavefunction                 ***
***                                                                     ***
***************************************************************************
                                                                           
                                                                           
~~~~~~~~~~~~~~~~~~~~~~~~~~~~~~~~~~~~~~~~~~~~~~~~~~~~~~~~~~~~~~~~~~~~~~~~~~~
 Calculation             : Compute initial orbitals
 Method                  : Project MW molecular orbitals
 Precision               : 1.00000e-04
 Restricted              : False
 MO alpha file           : initial_guess/phi_a_scf
 MO beta file            : initial_guess/phi_b_scf
~~~~~~~~~~~~~~~~~~~~~~~~~~~~~~~~~~~~~~~~~~~~~~~~~~~~~~~~~~~~~~~~~~~~~~~~~~~


===========================================================================
                            Molecular Orbitals
---------------------------------------------------------------------------
 Alpha electrons         :                                               4
 Beta electrons          :                                               3
 Total electrons         :                                               7
---------------------------------------------------------------------------
    n  Occ Spin          :                                            Norm
---------------------------------------------------------------------------
    0    1    a          :                              9.999999843549e-01
    1    1    a          :                              1.000000004115e+00
    2    1    a          :                              1.000000004110e+00
    3    1    a          :                              9.999999528061e-01
    4    1    b          :                              9.999999844532e-01
    5    1    b          :                              9.999999994634e-01
    6    1    b          :                              9.999999994562e-01
===========================================================================


~~~~~~~~~~~~~~~~~~~~~~~~~~~~~~~~~~~~~~~~~~~~~~~~~~~~~~~~~~~~~~~~~~~~~~~~~~~
 Calculation             : Compute initial energy
 Method                  : DFT (PBE0)
 Precision               : 1.00000e-04
 Localization            : On
~~~~~~~~~~~~~~~~~~~~~~~~~~~~~~~~~~~~~~~~~~~~~~~~~~~~~~~~~~~~~~~~~~~~~~~~~~~


===========================================================================
                        Molecular Energy (initial)
---------------------------------------------------------------------------
 Kinetic energy          :            (au)                 25.773089385550
 E-N energy              :            (au)                -68.799456053383
 Coulomb energy          :            (au)                 17.083554661095
 Exchange energy         :            (au)                 -1.136490575904
 X-C energy              :            (au)                 -3.548067921481
 Ext. field (el)         :            (au)                  0.000000000000
---------------------------------------------------------------------------
 N-N energy              :            (au)                  4.730593874213
 Ext. field (nuc)        :            (au)                  0.000000000000
---------------------------------------------------------------------------
 Electronic energy       :            (au)                -30.627370504124
 Nuclear energy          :            (au)                  4.730593874213
---------------------------------------------------------------------------
 Total energy            :            (au)             -2.589677662991e+01
                         :      (kcal/mol)             -1.625047255185e+04
                         :        (kJ/mol)             -6.799197720106e+04
                         :            (eV)             -7.046871604303e+02
===========================================================================


===========================================================================
                        Orbital Energies (initial)
---------------------------------------------------------------------------
    n  Occ Spin          :                                         Epsilon
---------------------------------------------------------------------------
    0    1    a          :            (au)                 -6.833676560195
    1    1    a          :            (au)                 -0.527144316483
    2    1    a          :            (au)                 -0.393784516829
    3    1    a          :            (au)                 -0.224649479822
    4    1    b          :            (au)                 -6.821514202950
    5    1    b          :            (au)                 -0.499334474669
    6    1    b          :            (au)                 -0.384741540813
---------------------------------------------------------------------------
 Sum occupied            :            (au)                -15.684845091762
===========================================================================


~~~~~~~~~~~~~~~~~~~~~~~~~~~~~~~~~~~~~~~~~~~~~~~~~~~~~~~~~~~~~~~~~~~~~~~~~~~
 Calculation             : Optimize ground state orbitals
 Method                  : DFT (PBE0)
 Checkpointing           : Off
 Max iterations          : 200
 KAIN solver             : 10
 Localization            : First two iterations
 Diagonalization         : Off
 Start precision         : 1.00000e-06
 Final precision         : 1.00000e-06
 Helmholtz precision     : Dynamic
 Energy threshold        : 1.00000e-06
 Orbital threshold       : 1.00000e-05
~~~~~~~~~~~~~~~~~~~~~~~~~~~~~~~~~~~~~~~~~~~~~~~~~~~~~~~~~~~~~~~~~~~~~~~~~~~


===========================================================================
 Iter           MO residual             Total energy                Update
---------------------------------------------------------------------------
    0          2.645751e+00         -25.896776629911         -2.589678e+01
    1          1.583211e-04         -25.896929715589         -1.530857e-04
    2          6.709211e-05         -25.896939341805         -9.626216e-06
    3          4.369561e-05         -25.896939349724         -7.918484e-09
    4          9.191186e-05         -25.896939355503         -5.779309e-09
    5          2.531308e-05         -25.896939356064         -5.607106e-10
    6          1.425598e-05         -25.896939356272         -2.079190e-10
    7          3.846690e-06         -25.896939356283         -1.189449e-11
---------------------------------------------------------------------------
                      SCF converged in 7 iterations!
===========================================================================


                                                                           
***************************************************************************
***                                                                     ***
***                    Printing Molecular Properties                    ***
***                                                                     ***
***************************************************************************
                                                                           
                                                                           
===========================================================================
                                 Molecule
---------------------------------------------------------------------------
 Charge                  :                                               0
 Multiplicity            :                                               2
---------------------------------------------------------------------------
    N    Atom            :               x               y               z
---------------------------------------------------------------------------
    0       B            :        0.000000       -0.145228        0.000000
    1       H            :        0.000000        0.778848        2.029566
    2       H            :        0.000000        0.778848       -2.029566
---------------------------------------------------------------------------
 Center of mass          :        0.000000       -0.000000        0.000000
===========================================================================


===========================================================================
                         Molecular Energy (final)
---------------------------------------------------------------------------
 Kinetic energy          :            (au)                 25.772917872244
 E-N energy              :            (au)                -68.799547865221
 Coulomb energy          :            (au)                 17.083645739383
 Exchange energy         :            (au)                 -1.136485039571
 X-C energy              :            (au)                 -3.548063937331
 Ext. field (el)         :            (au)                  0.000000000000
---------------------------------------------------------------------------
 N-N energy              :            (au)                  4.730593874213
 Ext. field (nuc)        :            (au)                  0.000000000000
---------------------------------------------------------------------------
 Electronic energy       :            (au)                -30.627533230496
 Nuclear energy          :            (au)                  4.730593874213
---------------------------------------------------------------------------
 Total energy            :            (au)             -2.589693935628e+01
                         :      (kcal/mol)             -1.625057466419e+04
                         :        (kJ/mol)             -6.799240443909e+04
                         :            (eV)             -7.046915884403e+02
===========================================================================


===========================================================================
                         Orbital Energies (final)
---------------------------------------------------------------------------
    n  Occ Spin          :                                         Epsilon
---------------------------------------------------------------------------
    0    1    a          :            (au)                 -6.833604054405
    1    1    a          :            (au)                 -0.527148463422
    2    1    a          :            (au)                 -0.393802982709
    3    1    a          :            (au)                 -0.224639720428
    4    1    b          :            (au)                 -6.821450339881
    5    1    b          :            (au)                 -0.499345969912
    6    1    b          :            (au)                 -0.384745839108
---------------------------------------------------------------------------
 Sum occupied            :            (au)                -15.684737369865
===========================================================================


===========================================================================
                           Dipole Moment (dip-1)
---------------------------------------------------------------------------
 r_O                     :        0.000000        0.000000        0.000000
---------------------------------------------------------------------------
 Electronic vector       :        0.000000       -0.630739        0.000000
 Magnitude               :            (au)                        0.630739
                         :         (Debye)                        1.603178
---------------------------------------------------------------------------
 Nuclear vector          :        0.000000        0.831554        0.000000
 Magnitude               :            (au)                        0.831554
                         :         (Debye)                        2.113599
---------------------------------------------------------------------------
 Total vector            :        0.000000        0.200815        0.000000
 Magnitude               :            (au)                        0.200815
                         :         (Debye)                        0.510420
===========================================================================


                                                                           
                                                                           
***************************************************************************
***                                                                     ***
***                            Exiting MRChem                           ***
***                                                                     ***
***                       Wall time :  0h  7m  8s                       ***
***                                                                     ***
***************************************************************************
                                                                           
                                                                           
