Starting job 3213307 on c5-13,c10-38,c11-55 at Tue Aug 3 12:21:48 CEST 2021

Copying 52_b3lyp-g_.out to /cluster/home/ambr/projects/psp/calcs/doublets
Copying 52_b3lyp-g_.json to /cluster/home/ambr/projects/psp/calcs/doublets

Task and CPU usage stats:
       JobID    JobName  AllocCPUS   NTasks     MinCPU MinCPUTask     AveCPU    Elapsed ExitCode 
------------ ---------- ---------- -------- ---------- ---------- ---------- ---------- -------- 
3213307      52_b3lyp-+        120                                             00:10:56      1:0 
3213307.bat+      batch         36        1   00:00:01          0   00:00:01   00:10:56      1:0 
3213307.ext+     extern        120        3   00:00:00          2   00:00:00   00:10:56      0:0 
3213307.0      mrchem.x        120       20   00:10:48         19   00:33:52   00:10:50      0:0 

Memory usage stats:
       JobID     MaxRSS MaxRSSTask     AveRSS MaxPages   MaxPagesTask   AvePages 
------------ ---------- ---------- ---------- -------- -------------- ---------- 
3213307                                                                          
3213307.bat+     14236K          0     14236K        0              0          0 
3213307.ext+          0          2          0        0              2          0 
3213307.0      3005108K         16 2778770636        0              9          0 

Disk usage stats:
       JobID  MaxDiskRead MaxDiskReadTask    AveDiskRead MaxDiskWrite MaxDiskWriteTask   AveDiskWrite 
------------ ------------ --------------- -------------- ------------ ---------------- -------------- 
3213307                                                                                               
3213307.bat+       96.76M               0         96.76M       93.08M                0         93.08M 
3213307.ext+        0.00M               2          0.00M            0                2              0 
3213307.0          13.84M              12          7.14M       62.83M               12         23.92M 

Job 3213307 completed at Tue Aug 3 12:32:44 CEST 2021
