Starting job 3267548 on c2-[9,11],c5-[52,58] at Fri Aug 13 02:13:49 CEST 2021

Copying 52_pbe_.out to /cluster/home/ambr/projects/psp/row12/calcs/doublets
Copying 52_pbe_.json to /cluster/home/ambr/projects/psp/row12/calcs/doublets

Task and CPU usage stats:
       JobID    JobName  AllocCPUS   NTasks     MinCPU MinCPUTask     AveCPU    Elapsed ExitCode 
------------ ---------- ---------- -------- ---------- ---------- ---------- ---------- -------- 
3267548         52_pbe_        120                                             00:14:45      1:0 
3267548.bat+      batch         30        1   00:00:00          0   00:00:00   00:14:45      1:0 
3267548.ext+     extern        120        4   00:00:00          0   00:00:00   00:14:45      0:0 
3267548.0      mrchem.x        120       20   00:14:42         19   00:43:39   00:14:43      0:0 

Memory usage stats:
       JobID     MaxRSS MaxRSSTask     AveRSS MaxPages   MaxPagesTask   AvePages 
------------ ---------- ---------- ---------- -------- -------------- ---------- 
3267548                                                                          
3267548.bat+     14284K          0     14284K        0              0          0 
3267548.ext+          0          0          0        0              0          0 
3267548.0      3477916K          7   2803138K        0              1          0 

Disk usage stats:
       JobID  MaxDiskRead MaxDiskReadTask    AveDiskRead MaxDiskWrite MaxDiskWriteTask   AveDiskWrite 
------------ ------------ --------------- -------------- ------------ ---------------- -------------- 
3267548                                                                                               
3267548.bat+        3.70M               0          3.70M        0.02M                0          0.02M 
3267548.ext+        0.00M               0          0.00M            0                0              0 
3267548.0           2.06M              13          2.06M        2.10M                0          2.07M 

Job 3267548 completed at Fri Aug 13 02:28:35 CEST 2021
