                                                                           
                                                                           
***************************************************************************
***                                                                     ***
***                                                                     ***
***          __  __ ____   ____ _                                       ***
***         |  \/  |  _ \ / ___| |__   ___ _ __ ___                     ***
***         | |\/| | |_) | |   | '_ \ / _ \ '_ ` _ \                    ***
***         | |  | |  _ <| |___| | | |  __/ | | | | |                   ***
***         |_|  |_|_| \_\\____|_| |_|\___|_| |_| |_|                   ***
***                                                                     ***
***         VERSION            1.0.1                                    ***
***                                                                     ***
***         Git branch         HEAD                                     ***
***         Git commit hash    9309e3e1e52e5319b766-dirty               ***
***         Git commit author  Stig Rune Jensen                         ***
***         Git commit date    Fri Dec 4 16:08:55 2020 +0100            ***
***                                                                     ***
***         Contact: luca.frediani@uit.no                               ***
***                                                                     ***
***         Radovan Bast            Magnar Bjorgve                      ***
***         Roberto Di Remigio      Antoine Durdek                      ***
***         Luca Frediani           Gabriel Gerez                       ***
***         Stig Rune Jensen        Jonas Juselius                      ***
***         Rune Monstad            Peter Wind                          ***
***                                                                     ***
***************************************************************************

---------------------------------------------------------------------------

 MPI processes           :        (1 bank)                              20
 OpenMP threads          :                                               6
 Total cores             :                                             120
                                                                           
---------------------------------------------------------------------------

XCFun DFT library Copyright 2009-2020 Ulf Ekstrom and contributors.
See http://dftlibs.org/xcfun/ for more information.

This is free software; see the source code for copying conditions.
There is ABSOLUTELY NO WARRANTY; not even for MERCHANTABILITY or
FITNESS FOR A PARTICULAR PURPOSE. For details see the documentation.
Scientific users of this library should cite
U. Ekstrom, L. Visscher, R. Bast, A. J. Thorvaldsen and K. Ruud;
J.Chem.Theor.Comp. 2010, DOI: 10.1021/ct100117s

---------------------------------------------------------------------------

 MRCPP version         : 1.3.6
 Git branch            : HEAD
 Git commit hash       : 9309e3e1e52e5319b766-dirty
 Git commit author     : Stig Rune Jensen
 Git commit date       : Fri Dec 4 16:08:55 2020 +0100

 Linear algebra        : EIGEN v3.3.7
 Parallelization       : MPI/OpenMP (6 threads)

---------------------------------------------------------------------------


                                                                           
===========================================================================
                         MultiResolution Analysis
---------------------------------------------------------------------------
 polynomial order      : 9
 polynomial type       : Interpolating
---------------------------------------------------------------------------
 total boxes           : 8
 boxes                 : [          2           2           2 ]
 unit lengths          : [   32.00000    32.00000    32.00000 ]
 scaling factor        : [    1.00000     1.00000     1.00000 ]
 lower bounds          : [  -32.00000   -32.00000   -32.00000 ]
 upper bounds          : [   32.00000    32.00000    32.00000 ]
 total length          : [   64.00000    64.00000    64.00000 ]
===========================================================================


                                                                           
***************************************************************************
***                                                                     ***
***                        Initializing Molecule                        ***
***                                                                     ***
***************************************************************************
                                                                           
                                                                           
===========================================================================
                                 Molecule
---------------------------------------------------------------------------
 Charge                  :                                               0
 Multiplicity            :                                               2
---------------------------------------------------------------------------
    N    Atom            :               x               y               z
---------------------------------------------------------------------------
    0       B            :        0.000000        0.000000        0.161384
    1       H            :        1.091128        0.000000       -2.014824
    2       H            :       -1.091128        0.000000       -2.014824
    3       H            :        0.000000       -2.009157        1.149333
    4       H            :        0.000000        2.009157        1.149333
---------------------------------------------------------------------------
 Center of mass          :        0.000000       -0.000000       -0.000000
===========================================================================


                                                                           
***************************************************************************
***                                                                     ***
***                 Computing Ground State Wavefunction                 ***
***                                                                     ***
***************************************************************************
                                                                           
                                                                           
~~~~~~~~~~~~~~~~~~~~~~~~~~~~~~~~~~~~~~~~~~~~~~~~~~~~~~~~~~~~~~~~~~~~~~~~~~~
 Calculation             : Compute initial orbitals
 Method                  : Diagonalize SAD Hamiltonian
 Precision               : 1.00000e-04
 Restricted              : False
 Functional              : LDA (SVWN5)
 AO basis                : Hydrogenic orbitals
 Zeta quality            : 2
~~~~~~~~~~~~~~~~~~~~~~~~~~~~~~~~~~~~~~~~~~~~~~~~~~~~~~~~~~~~~~~~~~~~~~~~~~~


===========================================================================
                            Molecular Orbitals
---------------------------------------------------------------------------
 Alpha electrons         :                                               5
 Beta electrons          :                                               4
 Total electrons         :                                               9
---------------------------------------------------------------------------
    n  Occ Spin          :                                            Norm
---------------------------------------------------------------------------
    0    1    a          :                              9.999999935611e-01
    1    1    a          :                              1.000000000121e+00
    2    1    a          :                              9.999999997954e-01
    3    1    a          :                              9.999999880736e-01
    4    1    a          :                              1.000000064188e+00
    5    1    b          :                              9.999999935610e-01
    6    1    b          :                              1.000000016173e+00
    7    1    b          :                              9.999999466420e-01
    8    1    b          :                              9.999999996582e-01
===========================================================================


~~~~~~~~~~~~~~~~~~~~~~~~~~~~~~~~~~~~~~~~~~~~~~~~~~~~~~~~~~~~~~~~~~~~~~~~~~~
 Calculation             : Compute initial energy
 Method                  : DFT (PBE)
 Precision               : 1.00000e-04
 Localization            : On
~~~~~~~~~~~~~~~~~~~~~~~~~~~~~~~~~~~~~~~~~~~~~~~~~~~~~~~~~~~~~~~~~~~~~~~~~~~


===========================================================================
                        Molecular Energy (initial)
---------------------------------------------------------------------------
 Kinetic energy          :            (au)                 28.462000845553
 E-N energy              :            (au)                -83.926871901344
 Coulomb energy          :            (au)                 23.702710586388
 Exchange energy         :            (au)                  0.000000000000
 X-C energy              :            (au)                 -5.485826579132
 Ext. field (el)         :            (au)                  0.000000000000
---------------------------------------------------------------------------
 N-N energy              :            (au)                 10.305944699134
 Ext. field (nuc)        :            (au)                  0.000000000000
---------------------------------------------------------------------------
 Electronic energy       :            (au)                -37.247987048534
 Nuclear energy          :            (au)                 10.305944699134
---------------------------------------------------------------------------
 Total energy            :            (au)             -2.694204234940e+01
                         :      (kcal/mol)             -1.690638668845e+04
                         :        (kJ/mol)             -7.073632195037e+04
                         :            (eV)             -7.331302884029e+02
===========================================================================


===========================================================================
                        Orbital Energies (initial)
---------------------------------------------------------------------------
    n  Occ Spin          :                                         Epsilon
---------------------------------------------------------------------------
    0    1    a          :            (au)                 -6.320405670319
    1    1    a          :            (au)                 -0.552095110433
    2    1    a          :            (au)                 -0.317636195907
    3    1    a          :            (au)                 -0.275414670463
    4    1    a          :            (au)                 -0.230453817632
    5    1    b          :            (au)                 -6.311911108536
    6    1    b          :            (au)                 -0.519051981605
    7    1    b          :            (au)                 -0.305536831334
    8    1    b          :            (au)                 -0.269029780211
---------------------------------------------------------------------------
 Sum occupied            :            (au)                -15.101535166441
===========================================================================


~~~~~~~~~~~~~~~~~~~~~~~~~~~~~~~~~~~~~~~~~~~~~~~~~~~~~~~~~~~~~~~~~~~~~~~~~~~
 Calculation             : Optimize ground state orbitals
 Method                  : DFT (PBE)
 Checkpointing           : Off
 Max iterations          : 200
 KAIN solver             : 10
 Localization            : First two iterations
 Diagonalization         : Off
 Start precision         : 1.00000e-06
 Final precision         : 1.00000e-06
 Helmholtz precision     : Dynamic
 Energy threshold        : 1.00000e-06
 Orbital threshold       : 5.00000e-05
~~~~~~~~~~~~~~~~~~~~~~~~~~~~~~~~~~~~~~~~~~~~~~~~~~~~~~~~~~~~~~~~~~~~~~~~~~~


===========================================================================
 Iter           MO residual             Total energy                Update
---------------------------------------------------------------------------
    0          3.000000e+00         -26.942042349400         -2.694204e+01
    1          2.433802e-01         -27.082394872218         -1.403525e-01
    2          7.078753e-02         -27.095344830099         -1.294996e-02
    3          2.854060e-02         -27.097710651175         -2.365821e-03
    4          1.871490e-02         -27.098496497209         -7.858460e-04
    5          1.632912e-02         -27.098851133597         -3.546364e-04
    6          7.809756e-03         -27.098916677483         -6.554389e-05
    7          3.387437e-03         -27.098927672713         -1.099523e-05
    8          2.431009e-03         -27.098933803513         -6.130800e-06
    9          9.208896e-04         -27.098934704490         -9.009776e-07
   10          5.082271e-04         -27.098934905075         -2.005849e-07
   11          1.177276e-04         -27.098934929255         -2.418022e-08
---------------------------------------------------------------------------
                      SCF converged in 11 iterations!
===========================================================================


                                                                           
***************************************************************************
***                                                                     ***
***                    Printing Molecular Properties                    ***
***                                                                     ***
***************************************************************************
                                                                           
                                                                           
===========================================================================
                                 Molecule
---------------------------------------------------------------------------
 Charge                  :                                               0
 Multiplicity            :                                               2
---------------------------------------------------------------------------
    N    Atom            :               x               y               z
---------------------------------------------------------------------------
    0       B            :        0.000000        0.000000        0.161384
    1       H            :        1.091128        0.000000       -2.014824
    2       H            :       -1.091128        0.000000       -2.014824
    3       H            :        0.000000       -2.009157        1.149333
    4       H            :        0.000000        2.009157        1.149333
---------------------------------------------------------------------------
 Center of mass          :        0.000000       -0.000000       -0.000000
===========================================================================


===========================================================================
                         Molecular Energy (final)
---------------------------------------------------------------------------
 Kinetic energy          :            (au)                 26.917627475947
 E-N energy              :            (au)                -82.215815200708
 Coulomb energy          :            (au)                 23.298739242561
 Exchange energy         :            (au)                  0.000000000000
 X-C energy              :            (au)                 -5.405431146189
 Ext. field (el)         :            (au)                  0.000000000000
---------------------------------------------------------------------------
 N-N energy              :            (au)                 10.305944699134
 Ext. field (nuc)        :            (au)                  0.000000000000
---------------------------------------------------------------------------
 Electronic energy       :            (au)                -37.404879628390
 Nuclear energy          :            (au)                 10.305944699134
---------------------------------------------------------------------------
 Total energy            :            (au)             -2.709893492926e+01
                         :      (kcal/mol)             -1.700483826792e+04
                         :        (kJ/mol)             -7.114824335916e+04
                         :            (eV)             -7.373995528049e+02
===========================================================================


===========================================================================
                         Orbital Energies (final)
---------------------------------------------------------------------------
    n  Occ Spin          :                                         Epsilon
---------------------------------------------------------------------------
    0    1    a          :            (au)                 -6.506739502877
    1    1    a          :            (au)                 -0.550355549433
    2    1    a          :            (au)                 -0.356474036597
    3    1    a          :            (au)                 -0.312788271415
    4    1    a          :            (au)                 -0.240184527693
    5    1    b          :            (au)                 -6.500704192914
    6    1    b          :            (au)                 -0.515838299815
    7    1    b          :            (au)                 -0.345217083842
    8    1    b          :            (au)                 -0.308935327347
---------------------------------------------------------------------------
 Sum occupied            :            (au)                -15.637236791932
===========================================================================


===========================================================================
                           Dipole Moment (dip-1)
---------------------------------------------------------------------------
 r_O                     :        0.000000        0.000000        0.000000
---------------------------------------------------------------------------
 Electronic vector       :        0.000000       -0.000000        0.422171
 Magnitude               :            (au)                        0.422171
                         :         (Debye)                        1.073051
---------------------------------------------------------------------------
 Nuclear vector          :        0.000000        0.000000       -0.924060
 Magnitude               :            (au)                        0.924060
                         :         (Debye)                        2.348727
---------------------------------------------------------------------------
 Total vector            :        0.000000       -0.000000       -0.501890
 Magnitude               :            (au)                        0.501890
                         :         (Debye)                        1.275676
===========================================================================


                                                                           
                                                                           
***************************************************************************
***                                                                     ***
***                            Exiting MRChem                           ***
***                                                                     ***
***                       Wall time :  0h 14m 41s                       ***
***                                                                     ***
***************************************************************************
                                                                           
                                                                           
