Starting job 3125979 on c5-[1,4,18-20,24-25,28] at Thu Jul 8 02:36:38 CEST 2021

Copying 53_b3lyp-g_.out to /cluster/home/ambr/projects/psp/calcs
Copying 53_b3lyp-g_.json to /cluster/home/ambr/projects/psp/calcs

Task and CPU usage stats:
       JobID    JobName  AllocCPUS   NTasks     MinCPU MinCPUTask     AveCPU    Elapsed ExitCode 
------------ ---------- ---------- -------- ---------- ---------- ---------- ---------- -------- 
3125979      53_b3lyp-+        200                                             00:19:35      1:0 
3125979.bat+      batch         10        1   00:00:00          0   00:00:00   00:19:35      1:0 
3125979.ext+     extern        200        8   00:00:00          5   00:00:00   00:19:35      0:0 
3125979.0      mrchem.x        200       20   00:19:10         19   01:00:23   00:19:12      0:0 

Memory usage stats:
       JobID     MaxRSS MaxRSSTask     AveRSS MaxPages   MaxPagesTask   AvePages 
------------ ---------- ---------- ---------- -------- -------------- ---------- 
3125979                                                                          
3125979.bat+     14792K          0     14792K        0              0          0 
3125979.ext+          0          5          0        0              5          0 
3125979.0      3567324K          1 2537232998        0             10          0 

Disk usage stats:
       JobID  MaxDiskRead MaxDiskReadTask    AveDiskRead MaxDiskWrite MaxDiskWriteTask   AveDiskWrite 
------------ ------------ --------------- -------------- ------------ ---------------- -------------- 
3125979                                                                                               
3125979.bat+        5.53M               0          5.53M        0.06M                0          0.06M 
3125979.ext+        0.00M               5          0.00M            0                5              0 
3125979.0           2.06M               4          2.05M       68.71M                1         16.97M 

Job 3125979 completed at Thu Jul 8 02:56:10 CEST 2021
