                                                                           
                                                                           
***************************************************************************
***                                                                     ***
***                                                                     ***
***          __  __ ____   ____ _                                       ***
***         |  \/  |  _ \ / ___| |__   ___ _ __ ___                     ***
***         | |\/| | |_) | |   | '_ \ / _ \ '_ ` _ \                    ***
***         | |  | |  _ <| |___| | | |  __/ | | | | |                   ***
***         |_|  |_|_| \_\\____|_| |_|\___|_| |_| |_|                   ***
***                                                                     ***
***         VERSION            1.0.1                                    ***
***                                                                     ***
***         Git branch         HEAD                                     ***
***         Git commit hash    9309e3e1e52e5319b766-dirty               ***
***         Git commit author  Stig Rune Jensen                         ***
***         Git commit date    Fri Dec 4 16:08:55 2020 +0100            ***
***                                                                     ***
***         Contact: luca.frediani@uit.no                               ***
***                                                                     ***
***         Radovan Bast            Magnar Bjorgve                      ***
***         Roberto Di Remigio      Antoine Durdek                      ***
***         Luca Frediani           Gabriel Gerez                       ***
***         Stig Rune Jensen        Jonas Juselius                      ***
***         Rune Monstad            Peter Wind                          ***
***                                                                     ***
***************************************************************************

---------------------------------------------------------------------------

 MPI processes           :        (1 bank)                              20
 OpenMP threads          :                                              10
 Total cores             :                                             200
                                                                           
---------------------------------------------------------------------------

XCFun DFT library Copyright 2009-2020 Ulf Ekstrom and contributors.
See http://dftlibs.org/xcfun/ for more information.

This is free software; see the source code for copying conditions.
There is ABSOLUTELY NO WARRANTY; not even for MERCHANTABILITY or
FITNESS FOR A PARTICULAR PURPOSE. For details see the documentation.
Scientific users of this library should cite
U. Ekstrom, L. Visscher, R. Bast, A. J. Thorvaldsen and K. Ruud;
J.Chem.Theor.Comp. 2010, DOI: 10.1021/ct100117s

---------------------------------------------------------------------------

 MRCPP version         : 1.3.6
 Git branch            : HEAD
 Git commit hash       : 9309e3e1e52e5319b766-dirty
 Git commit author     : Stig Rune Jensen
 Git commit date       : Fri Dec 4 16:08:55 2020 +0100

 Linear algebra        : EIGEN v3.3.7
 Parallelization       : MPI/OpenMP (10 threads)

---------------------------------------------------------------------------


                                                                           
===========================================================================
                         MultiResolution Analysis
---------------------------------------------------------------------------
 polynomial order      : 9
 polynomial type       : Interpolating
---------------------------------------------------------------------------
 total boxes           : 8
 boxes                 : [          2           2           2 ]
 unit lengths          : [   16.00000    16.00000    16.00000 ]
 scaling factor        : [    1.00000     1.00000     1.00000 ]
 lower bounds          : [  -16.00000   -16.00000   -16.00000 ]
 upper bounds          : [   16.00000    16.00000    16.00000 ]
 total length          : [   32.00000    32.00000    32.00000 ]
===========================================================================


                                                                           
***************************************************************************
***                                                                     ***
***                        Initializing Molecule                        ***
***                                                                     ***
***************************************************************************
                                                                           
                                                                           
===========================================================================
                                 Molecule
---------------------------------------------------------------------------
 Charge                  :                                               0
 Multiplicity            :                                               1
---------------------------------------------------------------------------
    N    Atom            :               x               y               z
---------------------------------------------------------------------------
    0       B            :       -0.122004        0.000000        1.378933
    1       B            :       -0.122004        0.000000       -1.378933
    2       H            :        1.213466        1.704344        0.000000
    3       H            :        1.213466       -1.704344        0.000000
    4       H            :        0.095126        0.000000        3.583865
    5       H            :        0.095126        0.000000       -3.583865
---------------------------------------------------------------------------
 Center of mass          :       -0.000000        0.000000       -0.000000
===========================================================================


                                                                           
***************************************************************************
***                                                                     ***
***                 Computing Ground State Wavefunction                 ***
***                                                                     ***
***************************************************************************
                                                                           
                                                                           
~~~~~~~~~~~~~~~~~~~~~~~~~~~~~~~~~~~~~~~~~~~~~~~~~~~~~~~~~~~~~~~~~~~~~~~~~~~
 Calculation             : Compute initial orbitals
 Method                  : Diagonalize SAD Hamiltonian
 Precision               : 1.00000e-03
 Restricted              : True
 Functional              : LDA (SVWN5)
 AO basis                : Hydrogenic orbitals
 Zeta quality            : 2
~~~~~~~~~~~~~~~~~~~~~~~~~~~~~~~~~~~~~~~~~~~~~~~~~~~~~~~~~~~~~~~~~~~~~~~~~~~


===========================================================================
                            Molecular Orbitals
---------------------------------------------------------------------------
 Alpha electrons         :                                               7
 Beta electrons          :                                               7
 Total electrons         :                                              14
---------------------------------------------------------------------------
    n  Occ Spin          :                                            Norm
---------------------------------------------------------------------------
    0    2    p          :                              1.000000629194e+00
    1    2    p          :                              1.000011334398e+00
    2    2    p          :                              1.000001213702e+00
    3    2    p          :                              9.999988470568e-01
    4    2    p          :                              9.999988041401e-01
    5    2    p          :                              1.000000965013e+00
    6    2    p          :                              9.999947415224e-01
===========================================================================


~~~~~~~~~~~~~~~~~~~~~~~~~~~~~~~~~~~~~~~~~~~~~~~~~~~~~~~~~~~~~~~~~~~~~~~~~~~
 Calculation             : Compute initial energy
 Method                  : DFT (PBE0)
 Precision               : 1.00000e-03
 Localization            : Off
~~~~~~~~~~~~~~~~~~~~~~~~~~~~~~~~~~~~~~~~~~~~~~~~~~~~~~~~~~~~~~~~~~~~~~~~~~~


===========================================================================
                        Molecular Energy (initial)
---------------------------------------------------------------------------
 Kinetic energy          :            (au)                 54.862653101519
 E-N energy              :            (au)               -171.878201160498
 Coulomb energy          :            (au)                 50.169472591725
 Exchange energy         :            (au)                 -2.291948055190
 X-C energy              :            (au)                 -7.322579271253
 Ext. field (el)         :            (au)                  0.000000000000
---------------------------------------------------------------------------
 N-N energy              :            (au)                 24.785596415899
 Ext. field (nuc)        :            (au)                  0.000000000000
---------------------------------------------------------------------------
 Electronic energy       :            (au)                -76.460602793697
 Nuclear energy          :            (au)                 24.785596415899
---------------------------------------------------------------------------
 Total energy            :            (au)             -5.167500637780e+01
                         :      (kcal/mol)             -3.242655581270e+04
                         :        (kJ/mol)             -1.356727096084e+05
                         :            (eV)             -1.406148496007e+03
===========================================================================


===========================================================================
                        Orbital Energies (initial)
---------------------------------------------------------------------------
    n  Occ Spin          :                                         Epsilon
---------------------------------------------------------------------------
    0    2    p          :            (au)                 -6.619572576887
    1    2    p          :            (au)                 -6.604704873230
    2    2    p          :            (au)                 -0.647539515624
    3    2    p          :            (au)                 -0.432748332513
    4    2    p          :            (au)                 -0.402928083936
    5    2    p          :            (au)                 -0.392341615289
    6    2    p          :            (au)                 -0.232081703736
---------------------------------------------------------------------------
 Sum occupied            :            (au)                -30.663833402428
===========================================================================


~~~~~~~~~~~~~~~~~~~~~~~~~~~~~~~~~~~~~~~~~~~~~~~~~~~~~~~~~~~~~~~~~~~~~~~~~~~
 Calculation             : Optimize ground state orbitals
 Method                  : DFT (PBE0)
 Checkpointing           : Off
 Max iterations          : 200
 KAIN solver             : 10
 Localization            : Off
 Diagonalization         : First two iterations
 Start precision         : 1.00000e-06
 Final precision         : 1.00000e-06
 Helmholtz precision     : Dynamic
 Energy threshold        : 1.00000e-06
 Orbital threshold       : 1.00000e-05
~~~~~~~~~~~~~~~~~~~~~~~~~~~~~~~~~~~~~~~~~~~~~~~~~~~~~~~~~~~~~~~~~~~~~~~~~~~


===========================================================================
 Iter           MO residual             Total energy                Update
---------------------------------------------------------------------------
    0          2.645751e+00         -51.675006377798         -5.167501e+01
    1          2.000623e-01         -51.945599159493         -2.705928e-01
    2          6.392039e-02         -51.965299518854         -1.970036e-02
    3          4.561924e-02         -51.968542658284         -3.243139e-03
    4          1.515698e-02         -51.972716860599         -4.174202e-03
    5          1.399862e-02         -51.973641978711         -9.251181e-04
    6          4.010570e-03         -51.973707943446         -6.596474e-05
    7          1.066838e-03         -51.973713160590         -5.217143e-06
    8          4.432605e-04         -51.973713793412         -6.328224e-07
    9          2.238372e-04         -51.973713996697         -2.032847e-07
   10          7.898076e-05         -51.973714004526         -7.829414e-09
   11          2.247638e-05         -51.973714010600         -6.074117e-09
   12          1.241835e-05         -51.973714009611          9.893313e-10
   13          4.875196e-06         -51.973714010703         -1.091976e-09
---------------------------------------------------------------------------
                      SCF converged in 13 iterations!
===========================================================================


                                                                           
***************************************************************************
***                                                                     ***
***                    Printing Molecular Properties                    ***
***                                                                     ***
***************************************************************************
                                                                           
                                                                           
===========================================================================
                                 Molecule
---------------------------------------------------------------------------
 Charge                  :                                               0
 Multiplicity            :                                               1
---------------------------------------------------------------------------
    N    Atom            :               x               y               z
---------------------------------------------------------------------------
    0       B            :       -0.122004        0.000000        1.378933
    1       B            :       -0.122004        0.000000       -1.378933
    2       H            :        1.213466        1.704344        0.000000
    3       H            :        1.213466       -1.704344        0.000000
    4       H            :        0.095126        0.000000        3.583865
    5       H            :        0.095126        0.000000       -3.583865
---------------------------------------------------------------------------
 Center of mass          :       -0.000000        0.000000       -0.000000
===========================================================================


===========================================================================
                         Molecular Energy (final)
---------------------------------------------------------------------------
 Kinetic energy          :            (au)                 51.638719161526
 E-N energy              :            (au)               -168.392572709083
 Coulomb energy          :            (au)                 49.467464476860
 Exchange energy         :            (au)                 -2.280000586699
 X-C energy              :            (au)                 -7.192920769206
 Ext. field (el)         :            (au)                  0.000000000000
---------------------------------------------------------------------------
 N-N energy              :            (au)                 24.785596415899
 Ext. field (nuc)        :            (au)                  0.000000000000
---------------------------------------------------------------------------
 Electronic energy       :            (au)                -76.759310426602
 Nuclear energy          :            (au)                 24.785596415899
---------------------------------------------------------------------------
 Total energy            :            (au)             -5.197371401070e+01
                         :      (kcal/mol)             -3.261399768081e+04
                         :        (kJ/mol)             -1.364569663851e+05
                         :            (eV)             -1.414276744424e+03
===========================================================================


===========================================================================
                         Orbital Energies (final)
---------------------------------------------------------------------------
    n  Occ Spin          :                                         Epsilon
---------------------------------------------------------------------------
    0    2    p          :            (au)                 -6.791693094897
    1    2    p          :            (au)                 -6.789819490330
    2    2    p          :            (au)                 -0.671017962147
    3    2    p          :            (au)                 -0.457845555765
    4    2    p          :            (au)                 -0.415077922277
    5    2    p          :            (au)                 -0.405788384882
    6    2    p          :            (au)                 -0.276164508257
---------------------------------------------------------------------------
 Sum occupied            :            (au)                -31.614813837109
===========================================================================


===========================================================================
                           Dipole Moment (dip-1)
---------------------------------------------------------------------------
 r_O                     :        0.000000        0.000000        0.000000
---------------------------------------------------------------------------
 Electronic vector       :       -1.069262        0.000000       -0.000003
 Magnitude               :            (au)                        1.069262
                         :         (Debye)                        2.717794
---------------------------------------------------------------------------
 Nuclear vector          :        1.397146        0.000000        0.000000
 Magnitude               :            (au)                        1.397146
                         :         (Debye)                        3.551191
---------------------------------------------------------------------------
 Total vector            :        0.327884        0.000000       -0.000003
 Magnitude               :            (au)                        0.327884
                         :         (Debye)                        0.833398
===========================================================================


                                                                           
                                                                           
***************************************************************************
***                                                                     ***
***                            Exiting MRChem                           ***
***                                                                     ***
***                       Wall time :  0h 12m 59s                       ***
***                                                                     ***
***************************************************************************
                                                                           
                                                                           
