                                                                           
                                                                           
***************************************************************************
***                                                                     ***
***                                                                     ***
***          __  __ ____   ____ _                                       ***
***         |  \/  |  _ \ / ___| |__   ___ _ __ ___                     ***
***         | |\/| | |_) | |   | '_ \ / _ \ '_ ` _ \                    ***
***         | |  | |  _ <| |___| | | |  __/ | | | | |                   ***
***         |_|  |_|_| \_\\____|_| |_|\___|_| |_| |_|                   ***
***                                                                     ***
***         VERSION            1.0.1                                    ***
***                                                                     ***
***         Git branch         HEAD                                     ***
***         Git commit hash    9309e3e1e52e5319b766-dirty               ***
***         Git commit author  Stig Rune Jensen                         ***
***         Git commit date    Fri Dec 4 16:08:55 2020 +0100            ***
***                                                                     ***
***         Contact: luca.frediani@uit.no                               ***
***                                                                     ***
***         Radovan Bast            Magnar Bjorgve                      ***
***         Roberto Di Remigio      Antoine Durdek                      ***
***         Luca Frediani           Gabriel Gerez                       ***
***         Stig Rune Jensen        Jonas Juselius                      ***
***         Rune Monstad            Peter Wind                          ***
***                                                                     ***
***************************************************************************

---------------------------------------------------------------------------

 MPI processes           :        (1 bank)                              20
 OpenMP threads          :                                               6
 Total cores             :                                             120
                                                                           
---------------------------------------------------------------------------

XCFun DFT library Copyright 2009-2020 Ulf Ekstrom and contributors.
See http://dftlibs.org/xcfun/ for more information.

This is free software; see the source code for copying conditions.
There is ABSOLUTELY NO WARRANTY; not even for MERCHANTABILITY or
FITNESS FOR A PARTICULAR PURPOSE. For details see the documentation.
Scientific users of this library should cite
U. Ekstrom, L. Visscher, R. Bast, A. J. Thorvaldsen and K. Ruud;
J.Chem.Theor.Comp. 2010, DOI: 10.1021/ct100117s

---------------------------------------------------------------------------

 MRCPP version         : 1.3.6
 Git branch            : HEAD
 Git commit hash       : 9309e3e1e52e5319b766-dirty
 Git commit author     : Stig Rune Jensen
 Git commit date       : Fri Dec 4 16:08:55 2020 +0100

 Linear algebra        : EIGEN v3.3.7
 Parallelization       : MPI/OpenMP (6 threads)

---------------------------------------------------------------------------


                                                                           
===========================================================================
                         MultiResolution Analysis
---------------------------------------------------------------------------
 polynomial order      : 9
 polynomial type       : Interpolating
---------------------------------------------------------------------------
 total boxes           : 8
 boxes                 : [          2           2           2 ]
 unit lengths          : [   32.00000    32.00000    32.00000 ]
 scaling factor        : [    1.00000     1.00000     1.00000 ]
 lower bounds          : [  -32.00000   -32.00000   -32.00000 ]
 upper bounds          : [   32.00000    32.00000    32.00000 ]
 total length          : [   64.00000    64.00000    64.00000 ]
===========================================================================


                                                                           
***************************************************************************
***                                                                     ***
***                        Initializing Molecule                        ***
***                                                                     ***
***************************************************************************
                                                                           
                                                                           
===========================================================================
                                 Molecule
---------------------------------------------------------------------------
 Charge                  :                                               0
 Multiplicity            :                                               1
---------------------------------------------------------------------------
    N    Atom            :               x               y               z
---------------------------------------------------------------------------
    0       B            :        0.000000        0.000000       -1.525826
    1       F            :        0.000000        0.000000        0.868268
---------------------------------------------------------------------------
 Center of mass          :        0.000000        0.000000        0.000000
===========================================================================


                                                                           
***************************************************************************
***                                                                     ***
***                 Computing Ground State Wavefunction                 ***
***                                                                     ***
***************************************************************************
                                                                           
                                                                           
~~~~~~~~~~~~~~~~~~~~~~~~~~~~~~~~~~~~~~~~~~~~~~~~~~~~~~~~~~~~~~~~~~~~~~~~~~~
 Calculation             : Compute initial orbitals
 Method                  : Diagonalize SAD Hamiltonian
 Precision               : 1.00000e-04
 Restricted              : False
 Functional              : LDA (SVWN5)
 AO basis                : Hydrogenic orbitals
 Zeta quality            : 2
~~~~~~~~~~~~~~~~~~~~~~~~~~~~~~~~~~~~~~~~~~~~~~~~~~~~~~~~~~~~~~~~~~~~~~~~~~~


===========================================================================
                            Molecular Orbitals
---------------------------------------------------------------------------
 Alpha electrons         :                                               7
 Beta electrons          :                                               7
 Total electrons         :                                              14
---------------------------------------------------------------------------
    n  Occ Spin          :                                            Norm
---------------------------------------------------------------------------
    0    1    a          :                              9.999991733651e-01
    1    1    a          :                              9.999997069403e-01
    2    1    a          :                              9.999994897221e-01
    3    1    a          :                              9.999957057663e-01
    4    1    a          :                              9.999999484129e-01
    5    1    a          :                              9.999999975962e-01
    6    1    a          :                              1.000000085628e+00
    7    1    b          :                              9.999991841178e-01
    8    1    b          :                              9.999997069034e-01
    9    1    b          :                              9.999994972314e-01
   10    1    b          :                              9.999956996686e-01
   11    1    b          :                              9.999999489811e-01
   12    1    b          :                              9.999999982947e-01
   13    1    b          :                              1.000000085742e+00
===========================================================================


~~~~~~~~~~~~~~~~~~~~~~~~~~~~~~~~~~~~~~~~~~~~~~~~~~~~~~~~~~~~~~~~~~~~~~~~~~~
 Calculation             : Compute initial energy
 Method                  : DFT (PBE)
 Precision               : 1.00000e-04
 Localization            : On
~~~~~~~~~~~~~~~~~~~~~~~~~~~~~~~~~~~~~~~~~~~~~~~~~~~~~~~~~~~~~~~~~~~~~~~~~~~


===========================================================================
                        Molecular Energy (initial)
---------------------------------------------------------------------------
 Kinetic energy          :            (au)                130.773833818795
 E-N energy              :            (au)               -340.110377748137
 Coulomb energy          :            (au)                 80.940480930883
 Exchange energy         :            (au)                  0.000000000000
 X-C energy              :            (au)                -14.638920223036
 Ext. field (el)         :            (au)                  0.000000000000
---------------------------------------------------------------------------
 N-N energy              :            (au)                 18.796255627155
 Ext. field (nuc)        :            (au)                  0.000000000000
---------------------------------------------------------------------------
 Electronic energy       :            (au)               -143.034983221496
 Nuclear energy          :            (au)                 18.796255627155
---------------------------------------------------------------------------
 Total energy            :            (au)             -1.242387275943e+02
                         :      (kcal/mol)             -7.796097798196e+04
                         :        (kJ/mol)             -3.261887320882e+05
                         :            (eV)             -3.380707854692e+03
===========================================================================


===========================================================================
                        Orbital Energies (initial)
---------------------------------------------------------------------------
    n  Occ Spin          :                                         Epsilon
---------------------------------------------------------------------------
    0    1    a          :            (au)                -24.003771087261
    1    1    a          :            (au)                 -6.517651948478
    2    1    a          :            (au)                 -1.131528127720
    3    1    a          :            (au)                 -0.467446796555
    4    1    a          :            (au)                 -0.398503458273
    5    1    a          :            (au)                 -0.397791673179
    6    1    a          :            (au)                 -0.220477861599
    7    1    b          :            (au)                -24.003823158429
    8    1    b          :            (au)                 -6.517651364297
    9    1    b          :            (au)                 -1.131519739713
   10    1    b          :            (au)                 -0.467441790616
   11    1    b          :            (au)                 -0.398498498375
   12    1    b          :            (au)                 -0.397790391474
   13    1    b          :            (au)                 -0.220477096217
---------------------------------------------------------------------------
 Sum occupied            :            (au)                -66.274372992186
===========================================================================


~~~~~~~~~~~~~~~~~~~~~~~~~~~~~~~~~~~~~~~~~~~~~~~~~~~~~~~~~~~~~~~~~~~~~~~~~~~
 Calculation             : Optimize ground state orbitals
 Method                  : DFT (PBE)
 Checkpointing           : Off
 Max iterations          : 200
 KAIN solver             : 10
 Localization            : First two iterations
 Diagonalization         : Off
 Start precision         : 1.00000e-06
 Final precision         : 1.00000e-06
 Helmholtz precision     : Dynamic
 Energy threshold        : 1.00000e-06
 Orbital threshold       : 5.00000e-05
~~~~~~~~~~~~~~~~~~~~~~~~~~~~~~~~~~~~~~~~~~~~~~~~~~~~~~~~~~~~~~~~~~~~~~~~~~~


===========================================================================
 Iter           MO residual             Total energy                Update
---------------------------------------------------------------------------
    0          3.741657e+00        -124.238727594340         -1.242387e+02
    1          2.584456e-01        -124.553092048499         -3.143645e-01
    2          8.970329e-02        -124.580305049615         -2.721300e-02
    3          4.826176e-02        -124.584331807177         -4.026758e-03
    4          2.405873e-02        -124.585619039741         -1.287233e-03
    5          1.574524e-02        -124.586125622182         -5.065824e-04
    6          5.817222e-03        -124.586205209815         -7.958763e-05
    7          6.110466e-03        -124.586261793278         -5.658346e-05
    8          2.602707e-03        -124.586272487102         -1.069382e-05
    9          1.523732e-03        -124.586275934239         -3.447137e-06
   10          6.745679e-04        -124.586276654160         -7.199211e-07
   11          5.550075e-04        -124.586276990999         -3.368384e-07
   12          3.299266e-04        -124.586277139069         -1.480697e-07
   13          1.810884e-04        -124.586277193209         -5.414054e-08
   14          9.159610e-05        -124.586277205785         -1.257570e-08
---------------------------------------------------------------------------
                      SCF converged in 14 iterations!
===========================================================================


                                                                           
***************************************************************************
***                                                                     ***
***                    Printing Molecular Properties                    ***
***                                                                     ***
***************************************************************************
                                                                           
                                                                           
===========================================================================
                                 Molecule
---------------------------------------------------------------------------
 Charge                  :                                               0
 Multiplicity            :                                               1
---------------------------------------------------------------------------
    N    Atom            :               x               y               z
---------------------------------------------------------------------------
    0       B            :        0.000000        0.000000       -1.525826
    1       F            :        0.000000        0.000000        0.868268
---------------------------------------------------------------------------
 Center of mass          :        0.000000        0.000000        0.000000
===========================================================================


===========================================================================
                         Molecular Energy (final)
---------------------------------------------------------------------------
 Kinetic energy          :            (au)                124.219688202098
 E-N energy              :            (au)               -332.943221634470
 Coulomb energy          :            (au)                 79.624975109484
 Exchange energy         :            (au)                  0.000000000000
 X-C energy              :            (au)                -14.283974510052
 Ext. field (el)         :            (au)                  0.000000000000
---------------------------------------------------------------------------
 N-N energy              :            (au)                 18.796255627155
 Ext. field (nuc)        :            (au)                  0.000000000000
---------------------------------------------------------------------------
 Electronic energy       :            (au)               -143.382532832940
 Nuclear energy          :            (au)                 18.796255627155
---------------------------------------------------------------------------
 Total energy            :            (au)             -1.245862772058e+02
                         :      (kcal/mol)             -7.817906865409e+04
                         :        (kJ/mol)             -3.271012234610e+05
                         :            (eV)             -3.390165160993e+03
===========================================================================


===========================================================================
                         Orbital Energies (final)
---------------------------------------------------------------------------
    n  Occ Spin          :                                         Epsilon
---------------------------------------------------------------------------
    0    1    a          :            (au)                -24.346382784397
    1    1    a          :            (au)                 -6.615269746088
    2    1    a          :            (au)                 -1.198236151481
    3    1    a          :            (au)                 -0.559030075701
    4    1    a          :            (au)                 -0.474171461760
    5    1    a          :            (au)                 -0.474171155631
    6    1    a          :            (au)                 -0.249608864258
    7    1    b          :            (au)                -24.346382784482
    8    1    b          :            (au)                 -6.615269745768
    9    1    b          :            (au)                 -1.198236151373
   10    1    b          :            (au)                 -0.559030075852
   11    1    b          :            (au)                 -0.474171461496
   12    1    b          :            (au)                 -0.474171155272
   13    1    b          :            (au)                 -0.249608864536
---------------------------------------------------------------------------
 Sum occupied            :            (au)                -67.833740478094
===========================================================================


===========================================================================
                           Dipole Moment (dip-1)
---------------------------------------------------------------------------
 r_O                     :        0.000000        0.000000        0.000000
---------------------------------------------------------------------------
 Electronic vector       :       -0.000007       -0.000033        0.227226
 Magnitude               :            (au)                        0.227226
                         :         (Debye)                        0.577550
---------------------------------------------------------------------------
 Nuclear vector          :        0.000000        0.000000        0.185282
 Magnitude               :            (au)                        0.185282
                         :         (Debye)                        0.470939
---------------------------------------------------------------------------
 Total vector            :       -0.000007       -0.000033        0.412507
 Magnitude               :            (au)                        0.412507
                         :         (Debye)                        1.048489
===========================================================================


                                                                           
                                                                           
***************************************************************************
***                                                                     ***
***                            Exiting MRChem                           ***
***                                                                     ***
***                       Wall time :  0h 20m  4s                       ***
***                                                                     ***
***************************************************************************
                                                                           
                                                                           
