Starting job 3267520 on c1-23,c3-27,c5-[56-57] at Thu Aug 12 16:02:09 CEST 2021

Copying 54_pbe_.out to /cluster/home/ambr/projects/psp/row12/calcs/singlets
Copying 54_pbe_.json to /cluster/home/ambr/projects/psp/row12/calcs/singlets

Task and CPU usage stats:
       JobID    JobName  AllocCPUS   NTasks     MinCPU MinCPUTask     AveCPU    Elapsed ExitCode 
------------ ---------- ---------- -------- ---------- ---------- ---------- ---------- -------- 
3267520         54_pbe_        120                                             00:20:08      1:0 
3267520.bat+      batch         30        1   00:00:00          0   00:00:00   00:20:08      1:0 
3267520.ext+     extern        120        4   00:00:00          2   00:00:00   00:20:08      0:0 
3267520.0      mrchem.x        120       20   00:20:05         19   00:55:31   00:20:06      0:0 

Memory usage stats:
       JobID     MaxRSS MaxRSSTask     AveRSS MaxPages   MaxPagesTask   AvePages 
------------ ---------- ---------- ---------- -------- -------------- ---------- 
3267520                                                                          
3267520.bat+     14288K          0     14288K        0              0          0 
3267520.ext+          0          2          0        0              2          0 
3267520.0      3440252K         11 2844508569        0             11          0 

Disk usage stats:
       JobID  MaxDiskRead MaxDiskReadTask    AveDiskRead MaxDiskWrite MaxDiskWriteTask   AveDiskWrite 
------------ ------------ --------------- -------------- ------------ ---------------- -------------- 
3267520                                                                                               
3267520.bat+        3.70M               0          3.70M        0.02M                0          0.02M 
3267520.ext+        0.00M               2          0.00M            0                2              0 
3267520.0           2.06M              18          2.06M        2.10M                0          2.07M 

Job 3267520 completed at Thu Aug 12 16:22:17 CEST 2021
