                                                                           
                                                                           
***************************************************************************
***                                                                     ***
***                                                                     ***
***          __  __ ____   ____ _                                       ***
***         |  \/  |  _ \ / ___| |__   ___ _ __ ___                     ***
***         | |\/| | |_) | |   | '_ \ / _ \ '_ ` _ \                    ***
***         | |  | |  _ <| |___| | | |  __/ | | | | |                   ***
***         |_|  |_|_| \_\\____|_| |_|\___|_| |_| |_|                   ***
***                                                                     ***
***         VERSION            1.0.1                                    ***
***                                                                     ***
***         Git branch         HEAD                                     ***
***         Git commit hash    9309e3e1e52e5319b766-dirty               ***
***         Git commit author  Stig Rune Jensen                         ***
***         Git commit date    Fri Dec 4 16:08:55 2020 +0100            ***
***                                                                     ***
***         Contact: luca.frediani@uit.no                               ***
***                                                                     ***
***         Radovan Bast            Magnar Bjorgve                      ***
***         Roberto Di Remigio      Antoine Durdek                      ***
***         Luca Frediani           Gabriel Gerez                       ***
***         Stig Rune Jensen        Jonas Juselius                      ***
***         Rune Monstad            Peter Wind                          ***
***                                                                     ***
***************************************************************************

---------------------------------------------------------------------------

 MPI processes           :        (1 bank)                              20
 OpenMP threads          :                                              10
 Total cores             :                                             200
                                                                           
---------------------------------------------------------------------------

XCFun DFT library Copyright 2009-2020 Ulf Ekstrom and contributors.
See http://dftlibs.org/xcfun/ for more information.

This is free software; see the source code for copying conditions.
There is ABSOLUTELY NO WARRANTY; not even for MERCHANTABILITY or
FITNESS FOR A PARTICULAR PURPOSE. For details see the documentation.
Scientific users of this library should cite
U. Ekstrom, L. Visscher, R. Bast, A. J. Thorvaldsen and K. Ruud;
J.Chem.Theor.Comp. 2010, DOI: 10.1021/ct100117s

---------------------------------------------------------------------------

 MRCPP version         : 1.3.6
 Git branch            : HEAD
 Git commit hash       : 9309e3e1e52e5319b766-dirty
 Git commit author     : Stig Rune Jensen
 Git commit date       : Fri Dec 4 16:08:55 2020 +0100

 Linear algebra        : EIGEN v3.3.7
 Parallelization       : MPI/OpenMP (10 threads)

---------------------------------------------------------------------------


                                                                           
===========================================================================
                         MultiResolution Analysis
---------------------------------------------------------------------------
 polynomial order      : 9
 polynomial type       : Interpolating
---------------------------------------------------------------------------
 total boxes           : 8
 boxes                 : [          2           2           2 ]
 unit lengths          : [   16.00000    16.00000    16.00000 ]
 scaling factor        : [    1.00000     1.00000     1.00000 ]
 lower bounds          : [  -16.00000   -16.00000   -16.00000 ]
 upper bounds          : [   16.00000    16.00000    16.00000 ]
 total length          : [   32.00000    32.00000    32.00000 ]
===========================================================================


                                                                           
***************************************************************************
***                                                                     ***
***                        Initializing Molecule                        ***
***                                                                     ***
***************************************************************************
                                                                           
                                                                           
===========================================================================
                                 Molecule
---------------------------------------------------------------------------
 Charge                  :                                               0
 Multiplicity            :                                               1
---------------------------------------------------------------------------
    N    Atom            :               x               y               z
---------------------------------------------------------------------------
    0       B            :        0.000000        0.000003        0.000000
    1       F            :        0.000000        2.477433        0.000000
    2       F            :        0.000000       -1.238717       -2.145520
    3       F            :        0.000000       -1.238717        2.145520
---------------------------------------------------------------------------
 Center of mass          :        0.000000       -0.000000       -0.000000
===========================================================================


                                                                           
***************************************************************************
***                                                                     ***
***                 Computing Ground State Wavefunction                 ***
***                                                                     ***
***************************************************************************
                                                                           
                                                                           
~~~~~~~~~~~~~~~~~~~~~~~~~~~~~~~~~~~~~~~~~~~~~~~~~~~~~~~~~~~~~~~~~~~~~~~~~~~
 Calculation             : Compute initial orbitals
 Method                  : Diagonalize SAD Hamiltonian
 Precision               : 1.00000e-03
 Restricted              : True
 Functional              : LDA (SVWN5)
 AO basis                : Hydrogenic orbitals
 Zeta quality            : 2
~~~~~~~~~~~~~~~~~~~~~~~~~~~~~~~~~~~~~~~~~~~~~~~~~~~~~~~~~~~~~~~~~~~~~~~~~~~


===========================================================================
                            Molecular Orbitals
---------------------------------------------------------------------------
 Alpha electrons         :                                              16
 Beta electrons          :                                              16
 Total electrons         :                                              32
---------------------------------------------------------------------------
    n  Occ Spin          :                                            Norm
---------------------------------------------------------------------------
    0    2    p          :                              9.999997161320e-01
    1    2    p          :                              9.999995217122e-01
    2    2    p          :                              1.000002131714e+00
    3    2    p          :                              9.999999792094e-01
    4    2    p          :                              9.999846301335e-01
    5    2    p          :                              9.999500216259e-01
    6    2    p          :                              1.000004099109e+00
    7    2    p          :                              1.000064562315e+00
    8    2    p          :                              1.000002163754e+00
    9    2    p          :                              9.999971853203e-01
   10    2    p          :                              1.000002928707e+00
   11    2    p          :                              1.000000104320e+00
   12    2    p          :                              9.999997139369e-01
   13    2    p          :                              9.999986786623e-01
   14    2    p          :                              1.000000027053e+00
   15    2    p          :                              9.999953515798e-01
===========================================================================


~~~~~~~~~~~~~~~~~~~~~~~~~~~~~~~~~~~~~~~~~~~~~~~~~~~~~~~~~~~~~~~~~~~~~~~~~~~
 Calculation             : Compute initial energy
 Method                  : DFT (B3LYP-G)
 Precision               : 1.00000e-03
 Localization            : Off
~~~~~~~~~~~~~~~~~~~~~~~~~~~~~~~~~~~~~~~~~~~~~~~~~~~~~~~~~~~~~~~~~~~~~~~~~~~


===========================================================================
                        Molecular Energy (initial)
---------------------------------------------------------------------------
 Kinetic energy          :            (au)                341.850805562867
 E-N energy              :            (au)              -1017.436015924078
 Coulomb energy          :            (au)                277.389811023984
 Exchange energy         :            (au)                 -7.004367731022
 X-C energy              :            (au)                -29.635859225212
 Ext. field (el)         :            (au)                  0.000000000000
---------------------------------------------------------------------------
 N-N energy              :            (au)                111.121508184727
 Ext. field (nuc)        :            (au)                  0.000000000000
---------------------------------------------------------------------------
 Electronic energy       :            (au)               -434.835626293461
 Nuclear energy          :            (au)                111.121508184727
---------------------------------------------------------------------------
 Total energy            :            (au)             -3.237141181087e+02
                         :      (kcal/mol)             -2.031336743622e+05
                         :        (kJ/mol)             -8.499112940831e+05
                         :            (eV)             -8.808709513978e+03
===========================================================================


===========================================================================
                        Orbital Energies (initial)
---------------------------------------------------------------------------
    n  Occ Spin          :                                         Epsilon
---------------------------------------------------------------------------
    0    2    p          :            (au)                -24.250661523687
    1    2    p          :            (au)                -24.241937213146
    2    2    p          :            (au)                -24.239103758636
    3    2    p          :            (au)                 -6.919135911669
    4    2    p          :            (au)                 -1.166253990443
    5    2    p          :            (au)                 -1.114284045053
    6    2    p          :            (au)                 -1.113048457557
    7    2    p          :            (au)                 -0.468252916349
    8    2    p          :            (au)                 -0.448472583513
    9    2    p          :            (au)                 -0.446339111720
   10    2    p          :            (au)                 -0.441734334537
   11    2    p          :            (au)                 -0.331261043222
   12    2    p          :            (au)                 -0.329470675754
   13    2    p          :            (au)                 -0.313982824006
   14    2    p          :            (au)                 -0.310104496499
   15    2    p          :            (au)                 -0.285942386568
---------------------------------------------------------------------------
 Sum occupied            :            (au)               -172.839970544719
===========================================================================


~~~~~~~~~~~~~~~~~~~~~~~~~~~~~~~~~~~~~~~~~~~~~~~~~~~~~~~~~~~~~~~~~~~~~~~~~~~
 Calculation             : Optimize ground state orbitals
 Method                  : DFT (B3LYP-G)
 Checkpointing           : Off
 Max iterations          : 200
 KAIN solver             : 10
 Localization            : Off
 Diagonalization         : First two iterations
 Start precision         : 1.00000e-06
 Final precision         : 1.00000e-06
 Helmholtz precision     : Dynamic
 Energy threshold        : 1.00000e-06
 Orbital threshold       : 1.00000e-05
~~~~~~~~~~~~~~~~~~~~~~~~~~~~~~~~~~~~~~~~~~~~~~~~~~~~~~~~~~~~~~~~~~~~~~~~~~~


===========================================================================
 Iter           MO residual             Total energy                Update
---------------------------------------------------------------------------
    0          4.000000e+00        -323.714118108734         -3.237141e+02
    1          4.017728e-01        -324.644350920077         -9.302328e-01
    2          1.095769e-01        -324.725811513706         -8.146059e-02
    3          4.687897e-02        -324.708368296264          1.744322e-02
    4          3.054260e-02        -324.725449462943         -1.708117e-02
    5          2.264563e-02        -324.734234609291         -8.785146e-03
    6          1.095889e-02        -324.735554812793         -1.320204e-03
    7          7.197662e-03        -324.735686382312         -1.315695e-04
    8          1.897191e-03        -324.735719112757         -3.273045e-05
    9          7.823747e-04        -324.735722041012         -2.928255e-06
   10          4.396757e-04        -324.735723041210         -1.000198e-06
   11          2.112393e-04        -324.735723178889         -1.376793e-07
   12          1.126856e-04        -324.735723227161         -4.827257e-08
   13          2.871538e-05        -324.735723228344         -1.182229e-09
   14          1.239178e-05        -324.735723229340         -9.968062e-10
---------------------------------------------------------------------------
                      SCF converged in 14 iterations!
===========================================================================


                                                                           
***************************************************************************
***                                                                     ***
***                    Printing Molecular Properties                    ***
***                                                                     ***
***************************************************************************
                                                                           
                                                                           
===========================================================================
                                 Molecule
---------------------------------------------------------------------------
 Charge                  :                                               0
 Multiplicity            :                                               1
---------------------------------------------------------------------------
    N    Atom            :               x               y               z
---------------------------------------------------------------------------
    0       B            :        0.000000        0.000003        0.000000
    1       F            :        0.000000        2.477433        0.000000
    2       F            :        0.000000       -1.238717       -2.145520
    3       F            :        0.000000       -1.238717        2.145520
---------------------------------------------------------------------------
 Center of mass          :        0.000000       -0.000000       -0.000000
===========================================================================


===========================================================================
                         Molecular Energy (final)
---------------------------------------------------------------------------
 Kinetic energy          :            (au)                323.684480550315
 E-N energy              :            (au)               -995.715371407220
 Coulomb energy          :            (au)                271.765885292847
 Exchange energy         :            (au)                 -6.836038850590
 X-C energy              :            (au)                -28.756186999419
 Ext. field (el)         :            (au)                  0.000000000000
---------------------------------------------------------------------------
 N-N energy              :            (au)                111.121508184727
 Ext. field (nuc)        :            (au)                  0.000000000000
---------------------------------------------------------------------------
 Electronic energy       :            (au)               -435.857231414068
 Nuclear energy          :            (au)                111.121508184727
---------------------------------------------------------------------------
 Total energy            :            (au)             -3.247357232293e+02
                         :      (kcal/mol)             -2.037747412490e+05
                         :        (kJ/mol)             -8.525935179391e+05
                         :            (eV)             -8.836508804284e+03
===========================================================================


===========================================================================
                         Orbital Energies (final)
---------------------------------------------------------------------------
    n  Occ Spin          :                                         Epsilon
---------------------------------------------------------------------------
    0    2    p          :            (au)                -24.722376779069
    1    2    p          :            (au)                -24.722371524903
    2    2    p          :            (au)                -24.722366042314
    3    2    p          :            (au)                 -6.915237077986
    4    2    p          :            (au)                 -1.283496170156
    5    2    p          :            (au)                 -1.244982127908
    6    2    p          :            (au)                 -1.244979453536
    7    2    p          :            (au)                 -0.619429227148
    8    2    p          :            (au)                 -0.583420551702
    9    2    p          :            (au)                 -0.583419369495
   10    2    p          :            (au)                 -0.544892200898
   11    2    p          :            (au)                 -0.479588385966
   12    2    p          :            (au)                 -0.479587325150
   13    2    p          :            (au)                 -0.470992757544
   14    2    p          :            (au)                 -0.470990322737
   15    2    p          :            (au)                 -0.438931879823
---------------------------------------------------------------------------
 Sum occupied            :            (au)               -179.054122392668
===========================================================================


===========================================================================
                           Dipole Moment (dip-1)
---------------------------------------------------------------------------
 r_O                     :        0.000000        0.000000        0.000000
---------------------------------------------------------------------------
 Electronic vector       :        0.000000        0.000011       -0.000006
 Magnitude               :            (au)                        0.000013
                         :         (Debye)                        0.000032
---------------------------------------------------------------------------
 Nuclear vector          :        0.000000       -0.000000        0.000000
 Magnitude               :            (au)                        0.000000
                         :         (Debye)                        0.000001
---------------------------------------------------------------------------
 Total vector            :        0.000000        0.000011       -0.000006
 Magnitude               :            (au)                        0.000012
                         :         (Debye)                        0.000031
===========================================================================


                                                                           
                                                                           
***************************************************************************
***                                                                     ***
***                            Exiting MRChem                           ***
***                                                                     ***
***                       Wall time :  0h 30m 42s                       ***
***                                                                     ***
***************************************************************************
                                                                           
                                                                           
[1625706981.013280] [c1-21:36255:0]          mpool.c:43   UCX  WARN  object 0xae4d00 was not returned to mpool ucp_requests
[1625706981.013298] [c1-21:36255:0]          mpool.c:43   UCX  WARN  object 0xae4e00 was not returned to mpool ucp_requests
[1625706981.013300] [c1-21:36255:0]          mpool.c:43   UCX  WARN  object 0xae4f00 was not returned to mpool ucp_requests
[1625706981.028319] [c1-8:42009:0]          mpool.c:43   UCX  WARN  object 0xf2be40 was not returned to mpool ucp_requests
[1625706981.028338] [c1-8:42009:0]          mpool.c:43   UCX  WARN  object 0xf2c540 was not returned to mpool ucp_requests
[1625706981.028340] [c1-8:42009:0]          mpool.c:43   UCX  WARN  object 0xf2c640 was not returned to mpool ucp_requests
[1625706981.028341] [c1-8:42009:0]          mpool.c:43   UCX  WARN  object 0xf2c740 was not returned to mpool ucp_requests
[1625706981.028342] [c1-8:42009:0]          mpool.c:43   UCX  WARN  object 0xf2c840 was not returned to mpool ucp_requests
[1625706981.028344] [c1-8:42009:0]          mpool.c:43   UCX  WARN  object 0xf2c940 was not returned to mpool ucp_requests
[1625706981.028345] [c1-8:42009:0]          mpool.c:43   UCX  WARN  object 0xf2ca40 was not returned to mpool ucp_requests
[1625706981.028346] [c1-8:42009:0]          mpool.c:43   UCX  WARN  object 0xf2cb40 was not returned to mpool ucp_requests
[1625706981.031864] [c1-9:3084 :0]          mpool.c:43   UCX  WARN  object 0x2804d00 was not returned to mpool ucp_requests
[1625706981.031892] [c1-9:3084 :0]          mpool.c:43   UCX  WARN  object 0x2804e00 was not returned to mpool ucp_requests
[1625706981.031894] [c1-9:3084 :0]          mpool.c:43   UCX  WARN  object 0x2804f00 was not returned to mpool ucp_requests
[1625706981.053973] [c2-35:16917:0]          mpool.c:43   UCX  WARN  object 0x119fe40 was not returned to mpool ucp_requests
[1625706981.053988] [c2-35:16917:0]          mpool.c:43   UCX  WARN  object 0x119ff40 was not returned to mpool ucp_requests
[1625706981.053990] [c2-35:16917:0]          mpool.c:43   UCX  WARN  object 0x11a0040 was not returned to mpool ucp_requests
[1625706981.021190] [c2-35:16916:0]          mpool.c:43   UCX  WARN  object 0x148ef40 was not returned to mpool ucp_requests
[1625706981.021207] [c2-35:16916:0]          mpool.c:43   UCX  WARN  object 0x148f440 was not returned to mpool ucp_requests
[1625706981.021209] [c2-35:16916:0]          mpool.c:43   UCX  WARN  object 0x148f540 was not returned to mpool ucp_requests
[1625706981.021210] [c2-35:16916:0]          mpool.c:43   UCX  WARN  object 0x148f640 was not returned to mpool ucp_requests
[1625706981.021212] [c2-35:16916:0]          mpool.c:43   UCX  WARN  object 0x148f740 was not returned to mpool ucp_requests
[1625706981.021213] [c2-35:16916:0]          mpool.c:43   UCX  WARN  object 0x148f940 was not returned to mpool ucp_requests
[1625706981.021214] [c2-35:16916:0]          mpool.c:43   UCX  WARN  object 0x148fa40 was not returned to mpool ucp_requests
[1625706981.021215] [c2-35:16916:0]          mpool.c:43   UCX  WARN  object 0x148fb40 was not returned to mpool ucp_requests
[1625706981.021217] [c2-35:16916:0]          mpool.c:43   UCX  WARN  object 0x148fc40 was not returned to mpool ucp_requests
[1625706981.021218] [c2-35:16916:0]          mpool.c:43   UCX  WARN  object 0x148fd40 was not returned to mpool ucp_requests
[1625706981.021219] [c2-35:16916:0]          mpool.c:43   UCX  WARN  object 0x148fe40 was not returned to mpool ucp_requests
[1625706981.021221] [c2-35:16916:0]          mpool.c:43   UCX  WARN  object 0x1490040 was not returned to mpool ucp_requests
[1625706980.994272] [c2-41:67362:0]          mpool.c:43   UCX  WARN  object 0x169bd80 was not returned to mpool ucp_requests
[1625706980.994288] [c2-41:67362:0]          mpool.c:43   UCX  WARN  object 0x169be80 was not returned to mpool ucp_requests
[1625706980.994289] [c2-41:67362:0]          mpool.c:43   UCX  WARN  object 0x169bf80 was not returned to mpool ucp_requests
[1625706981.027562] [c1-21:36254:0]          mpool.c:43   UCX  WARN  object 0x1382800 was not returned to mpool ucp_requests
[1625706981.027579] [c1-21:36254:0]          mpool.c:43   UCX  WARN  object 0x1382900 was not returned to mpool ucp_requests
[1625706981.027581] [c1-21:36254:0]          mpool.c:43   UCX  WARN  object 0x1382a00 was not returned to mpool ucp_requests
[1625706981.027582] [c1-21:36254:0]          mpool.c:43   UCX  WARN  object 0x1382b00 was not returned to mpool ucp_requests
[1625706981.027583] [c1-21:36254:0]          mpool.c:43   UCX  WARN  object 0x1382c00 was not returned to mpool ucp_requests
[1625706981.027584] [c1-21:36254:0]          mpool.c:43   UCX  WARN  object 0x1382d00 was not returned to mpool ucp_requests
[1625706981.027586] [c1-21:36254:0]          mpool.c:43   UCX  WARN  object 0x1382e00 was not returned to mpool ucp_requests
[1625706981.027587] [c1-21:36254:0]          mpool.c:43   UCX  WARN  object 0x1382f00 was not returned to mpool ucp_requests
[1625706981.049868] [c1-21:36256:0]          mpool.c:43   UCX  WARN  object 0x1d4eb40 was not returned to mpool ucp_requests
[1625706981.049883] [c1-21:36256:0]          mpool.c:43   UCX  WARN  object 0x1d4ed40 was not returned to mpool ucp_requests
[1625706981.049884] [c1-21:36256:0]          mpool.c:43   UCX  WARN  object 0x1d4ee40 was not returned to mpool ucp_requests
[1625706981.049886] [c1-21:36256:0]          mpool.c:43   UCX  WARN  object 0x1d4f040 was not returned to mpool ucp_requests
[1625706981.029954] [c1-11:64426:0]          mpool.c:43   UCX  WARN  object 0x15bfe40 was not returned to mpool ucp_requests
[1625706981.029973] [c1-11:64426:0]          mpool.c:43   UCX  WARN  object 0x15bff40 was not returned to mpool ucp_requests
[1625706981.029975] [c1-11:64426:0]          mpool.c:43   UCX  WARN  object 0x15c0040 was not returned to mpool ucp_requests
[1625706981.028347] [c1-8:42009:0]          mpool.c:43   UCX  WARN  object 0xf2cc40 was not returned to mpool ucp_requests
[1625706981.028349] [c1-8:42009:0]          mpool.c:43   UCX  WARN  object 0xf2ce40 was not returned to mpool ucp_requests
[1625706981.028350] [c1-8:42009:0]          mpool.c:43   UCX  WARN  object 0xf2cf40 was not returned to mpool ucp_requests
[1625706981.028357] [c1-8:42009:0]          mpool.c:43   UCX  WARN  object 0xf2d040 was not returned to mpool ucp_requests
[1625706981.048334] [c1-8:42010:0]          mpool.c:43   UCX  WARN  object 0x26e4e40 was not returned to mpool ucp_requests
[1625706981.048349] [c1-8:42010:0]          mpool.c:43   UCX  WARN  object 0x26e4f40 was not returned to mpool ucp_requests
[1625706981.048351] [c1-8:42010:0]          mpool.c:43   UCX  WARN  object 0x26e5040 was not returned to mpool ucp_requests
[1625706981.023100] [c2-41:67361:0]          mpool.c:43   UCX  WARN  object 0x26b0380 was not returned to mpool ucp_requests
[1625706981.023114] [c2-41:67361:0]          mpool.c:43   UCX  WARN  object 0x26b0580 was not returned to mpool ucp_requests
[1625706981.023116] [c2-41:67361:0]          mpool.c:43   UCX  WARN  object 0x26b0680 was not returned to mpool ucp_requests
[1625706981.023117] [c2-41:67361:0]          mpool.c:43   UCX  WARN  object 0x26b0780 was not returned to mpool ucp_requests
[1625706981.023118] [c2-41:67361:0]          mpool.c:43   UCX  WARN  object 0x26b0880 was not returned to mpool ucp_requests
[1625706981.023120] [c2-41:67361:0]          mpool.c:43   UCX  WARN  object 0x26b0a80 was not returned to mpool ucp_requests
[1625706981.023121] [c2-41:67361:0]          mpool.c:43   UCX  WARN  object 0x26b0b80 was not returned to mpool ucp_requests
[1625706981.023122] [c2-41:67361:0]          mpool.c:43   UCX  WARN  object 0x26b0c80 was not returned to mpool ucp_requests
[1625706981.023124] [c2-41:67361:0]          mpool.c:43   UCX  WARN  object 0x26b0d80 was not returned to mpool ucp_requests
[1625706981.023125] [c2-41:67361:0]          mpool.c:43   UCX  WARN  object 0x26b0e80 was not returned to mpool ucp_requests
[1625706981.023126] [c2-41:67361:0]          mpool.c:43   UCX  WARN  object 0x26b0f80 was not returned to mpool ucp_requests
[1625706981.023127] [c2-41:67361:0]          mpool.c:43   UCX  WARN  object 0x26b1080 was not returned to mpool ucp_requests
[1625706981.053915] [c1-1:40628:0]          mpool.c:43   UCX  WARN  object 0x19f7d00 was not returned to mpool ucp_requests
[1625706981.053931] [c1-1:40628:0]          mpool.c:43   UCX  WARN  object 0x19f7e00 was not returned to mpool ucp_requests
[1625706981.053933] [c1-1:40628:0]          mpool.c:43   UCX  WARN  object 0x19f7f00 was not returned to mpool ucp_requests
[1625706981.084308] [c1-9:3083 :0]          mpool.c:43   UCX  WARN  object 0x1e0bc40 was not returned to mpool ucp_requests
[1625706981.084332] [c1-9:3083 :0]          mpool.c:43   UCX  WARN  object 0x1e0c440 was not returned to mpool ucp_requests
[1625706981.084334] [c1-9:3083 :0]          mpool.c:43   UCX  WARN  object 0x1e0c540 was not returned to mpool ucp_requests
[1625706981.084335] [c1-9:3083 :0]          mpool.c:43   UCX  WARN  object 0x1e0c640 was not returned to mpool ucp_requests
[1625706981.084336] [c1-9:3083 :0]          mpool.c:43   UCX  WARN  object 0x1e0c740 was not returned to mpool ucp_requests
[1625706981.084338] [c1-9:3083 :0]          mpool.c:43   UCX  WARN  object 0x1e0c940 was not returned to mpool ucp_requests
[1625706981.084339] [c1-9:3083 :0]          mpool.c:43   UCX  WARN  object 0x1e0ca40 was not returned to mpool ucp_requests
[1625706981.084340] [c1-9:3083 :0]          mpool.c:43   UCX  WARN  object 0x1e0cb40 was not returned to mpool ucp_requests
[1625706981.084342] [c1-9:3083 :0]          mpool.c:43   UCX  WARN  object 0x1e0cc40 was not returned to mpool ucp_requests
[1625706981.084343] [c1-9:3083 :0]          mpool.c:43   UCX  WARN  object 0x1e0cd40 was not returned to mpool ucp_requests
[1625706981.084344] [c1-9:3083 :0]          mpool.c:43   UCX  WARN  object 0x1e0cf40 was not returned to mpool ucp_requests
[1625706981.084346] [c1-9:3083 :0]          mpool.c:43   UCX  WARN  object 0x1e0d040 was not returned to mpool ucp_requests
[1625706981.105247] [c2-34:29772:0]          mpool.c:43   UCX  WARN  object 0x9af940 was not returned to mpool ucp_requests
[1625706981.105262] [c2-34:29772:0]          mpool.c:43   UCX  WARN  object 0x9afa40 was not returned to mpool ucp_requests
[1625706981.105264] [c2-34:29772:0]          mpool.c:43   UCX  WARN  object 0x9afb40 was not returned to mpool ucp_requests
[1625706981.105265] [c2-34:29772:0]          mpool.c:43   UCX  WARN  object 0x9afc40 was not returned to mpool ucp_requests
[1625706981.105267] [c2-34:29772:0]          mpool.c:43   UCX  WARN  object 0x9afd40 was not returned to mpool ucp_requests
[1625706981.105268] [c2-34:29772:0]          mpool.c:43   UCX  WARN  object 0x9afe40 was not returned to mpool ucp_requests
[1625706981.105269] [c2-34:29772:0]          mpool.c:43   UCX  WARN  object 0x9aff40 was not returned to mpool ucp_requests
[1625706981.105270] [c2-34:29772:0]          mpool.c:43   UCX  WARN  object 0x9b0040 was not returned to mpool ucp_requests
[1625706981.031210] [c1-1:40627:0]          mpool.c:43   UCX  WARN  object 0x23ba840 was not returned to mpool ucp_requests
[1625706981.031217] [c1-1:40627:0]          mpool.c:43   UCX  WARN  object 0x23bb440 was not returned to mpool ucp_requests
[1625706981.031219] [c1-1:40627:0]          mpool.c:43   UCX  WARN  object 0x23bb640 was not returned to mpool ucp_requests
[1625706981.031220] [c1-1:40627:0]          mpool.c:43   UCX  WARN  object 0x23bb840 was not returned to mpool ucp_requests
[1625706981.031221] [c1-1:40627:0]          mpool.c:43   UCX  WARN  object 0x23bb940 was not returned to mpool ucp_requests
[1625706981.031223] [c1-1:40627:0]          mpool.c:43   UCX  WARN  object 0x23bba40 was not returned to mpool ucp_requests
[1625706981.031224] [c1-1:40627:0]          mpool.c:43   UCX  WARN  object 0x23bbb40 was not returned to mpool ucp_requests
[1625706981.031225] [c1-1:40627:0]          mpool.c:43   UCX  WARN  object 0x23bbc40 was not returned to mpool ucp_requests
[1625706981.031227] [c1-1:40627:0]          mpool.c:43   UCX  WARN  object 0x23bbd40 was not returned to mpool ucp_requests
[1625706981.031228] [c1-1:40627:0]          mpool.c:43   UCX  WARN  object 0x23bbe40 was not returned to mpool ucp_requests
[1625706981.031229] [c1-1:40627:0]          mpool.c:43   UCX  WARN  object 0x23bbf40 was not returned to mpool ucp_requests
[1625706981.031231] [c1-1:40627:0]          mpool.c:43   UCX  WARN  object 0x23bc040 was not returned to mpool ucp_requests
[1625706981.078216] [c2-34:29773:0]          mpool.c:43   UCX  WARN  object 0xb89e40 was not returned to mpool ucp_requests
[1625706981.078237] [c2-34:29773:0]          mpool.c:43   UCX  WARN  object 0xb89f40 was not returned to mpool ucp_requests
[1625706981.078239] [c2-34:29773:0]          mpool.c:43   UCX  WARN  object 0xb8a040 was not returned to mpool ucp_requests
[1625706981.087091] [c1-11:64425:0]          mpool.c:43   UCX  WARN  object 0x117bb40 was not returned to mpool ucp_requests
[1625706981.087114] [c1-11:64425:0]          mpool.c:43   UCX  WARN  object 0x117c540 was not returned to mpool ucp_requests
[1625706981.087116] [c1-11:64425:0]          mpool.c:43   UCX  WARN  object 0x117c640 was not returned to mpool ucp_requests
[1625706981.087117] [c1-11:64425:0]          mpool.c:43   UCX  WARN  object 0x117c740 was not returned to mpool ucp_requests
[1625706981.087118] [c1-11:64425:0]          mpool.c:43   UCX  WARN  object 0x117c840 was not returned to mpool ucp_requests
[1625706981.087120] [c1-11:64425:0]          mpool.c:43   UCX  WARN  object 0x117ca40 was not returned to mpool ucp_requests
[1625706981.087121] [c1-11:64425:0]          mpool.c:43   UCX  WARN  object 0x117cb40 was not returned to mpool ucp_requests
[1625706981.087122] [c1-11:64425:0]          mpool.c:43   UCX  WARN  object 0x117cc40 was not returned to mpool ucp_requests
[1625706981.087123] [c1-11:64425:0]          mpool.c:43   UCX  WARN  object 0x117cd40 was not returned to mpool ucp_requests
[1625706981.087125] [c1-11:64425:0]          mpool.c:43   UCX  WARN  object 0x117ce40 was not returned to mpool ucp_requests
[1625706981.087126] [c1-11:64425:0]          mpool.c:43   UCX  WARN  object 0x117cf40 was not returned to mpool ucp_requests
[1625706981.087127] [c1-11:64425:0]          mpool.c:43   UCX  WARN  object 0x117d040 was not returned to mpool ucp_requests
[1625706981.037555] [c2-45:51683:0]          mpool.c:43   UCX  WARN  object 0x1a6ae00 was not returned to mpool ucp_requests
[1625706981.037591] [c2-45:51683:0]          mpool.c:43   UCX  WARN  object 0x1a6af00 was not returned to mpool ucp_requests
[1625706981.037593] [c2-45:51683:0]          mpool.c:43   UCX  WARN  object 0x1a6b000 was not returned to mpool ucp_requests
[1625706981.037594] [c2-45:51683:0]          mpool.c:43   UCX  WARN  object 0x1a6b100 was not returned to mpool ucp_requests
[1625706981.037595] [c2-45:51683:0]          mpool.c:43   UCX  WARN  object 0x1a6b200 was not returned to mpool ucp_requests
[1625706981.037597] [c2-45:51683:0]          mpool.c:43   UCX  WARN  object 0x1a6b300 was not returned to mpool ucp_requests
[1625706981.037598] [c2-45:51683:0]          mpool.c:43   UCX  WARN  object 0x1a6b400 was not returned to mpool ucp_requests
[1625706981.037599] [c2-45:51683:0]          mpool.c:43   UCX  WARN  object 0x1a6b500 was not returned to mpool ucp_requests
[1625706981.037600] [c2-45:51683:0]          mpool.c:43   UCX  WARN  object 0x1a6b600 was not returned to mpool ucp_requests
[1625706981.037601] [c2-45:51683:0]          mpool.c:43   UCX  WARN  object 0x1a6b700 was not returned to mpool ucp_requests
[1625706981.037603] [c2-45:51683:0]          mpool.c:43   UCX  WARN  object 0x1a6b800 was not returned to mpool ucp_requests
[1625706981.037604] [c2-45:51683:0]          mpool.c:43   UCX  WARN  object 0x1a6b900 was not returned to mpool ucp_requests
[1625706981.097519] [c2-34:29774:0]          mpool.c:43   UCX  WARN  object 0xf61600 was not returned to mpool ucp_requests
[1625706981.097536] [c2-34:29774:0]          mpool.c:43   UCX  WARN  object 0xf61c00 was not returned to mpool ucp_requests
[1625706981.097538] [c2-34:29774:0]          mpool.c:43   UCX  WARN  object 0xf61e00 was not returned to mpool ucp_requests
[1625706981.097539] [c2-34:29774:0]          mpool.c:43   UCX  WARN  object 0xf61f00 was not returned to mpool ucp_requests
