                                                                           
                                                                           
***************************************************************************
***                                                                     ***
***                                                                     ***
***          __  __ ____   ____ _                                       ***
***         |  \/  |  _ \ / ___| |__   ___ _ __ ___                     ***
***         | |\/| | |_) | |   | '_ \ / _ \ '_ ` _ \                    ***
***         | |  | |  _ <| |___| | | |  __/ | | | | |                   ***
***         |_|  |_|_| \_\\____|_| |_|\___|_| |_| |_|                   ***
***                                                                     ***
***         VERSION            1.0.1                                    ***
***                                                                     ***
***         Git branch         HEAD                                     ***
***         Git commit hash    9309e3e1e52e5319b766-dirty               ***
***         Git commit author  Stig Rune Jensen                         ***
***         Git commit date    Fri Dec 4 16:08:55 2020 +0100            ***
***                                                                     ***
***         Contact: luca.frediani@uit.no                               ***
***                                                                     ***
***         Radovan Bast            Magnar Bjorgve                      ***
***         Roberto Di Remigio      Antoine Durdek                      ***
***         Luca Frediani           Gabriel Gerez                       ***
***         Stig Rune Jensen        Jonas Juselius                      ***
***         Rune Monstad            Peter Wind                          ***
***                                                                     ***
***************************************************************************

---------------------------------------------------------------------------

 MPI processes           :        (1 bank)                              20
 OpenMP threads          :                                              10
 Total cores             :                                             200
                                                                           
---------------------------------------------------------------------------

XCFun DFT library Copyright 2009-2020 Ulf Ekstrom and contributors.
See http://dftlibs.org/xcfun/ for more information.

This is free software; see the source code for copying conditions.
There is ABSOLUTELY NO WARRANTY; not even for MERCHANTABILITY or
FITNESS FOR A PARTICULAR PURPOSE. For details see the documentation.
Scientific users of this library should cite
U. Ekstrom, L. Visscher, R. Bast, A. J. Thorvaldsen and K. Ruud;
J.Chem.Theor.Comp. 2010, DOI: 10.1021/ct100117s

---------------------------------------------------------------------------

 MRCPP version         : 1.3.6
 Git branch            : HEAD
 Git commit hash       : 9309e3e1e52e5319b766-dirty
 Git commit author     : Stig Rune Jensen
 Git commit date       : Fri Dec 4 16:08:55 2020 +0100

 Linear algebra        : EIGEN v3.3.7
 Parallelization       : MPI/OpenMP (10 threads)

---------------------------------------------------------------------------


                                                                           
===========================================================================
                         MultiResolution Analysis
---------------------------------------------------------------------------
 polynomial order      : 9
 polynomial type       : Interpolating
---------------------------------------------------------------------------
 total boxes           : 8
 boxes                 : [          2           2           2 ]
 unit lengths          : [   16.00000    16.00000    16.00000 ]
 scaling factor        : [    1.00000     1.00000     1.00000 ]
 lower bounds          : [  -16.00000   -16.00000   -16.00000 ]
 upper bounds          : [   16.00000    16.00000    16.00000 ]
 total length          : [   32.00000    32.00000    32.00000 ]
===========================================================================


                                                                           
***************************************************************************
***                                                                     ***
***                        Initializing Molecule                        ***
***                                                                     ***
***************************************************************************
                                                                           
                                                                           
===========================================================================
                                 Molecule
---------------------------------------------------------------------------
 Charge                  :                                               0
 Multiplicity            :                                               1
---------------------------------------------------------------------------
    N    Atom            :               x               y               z
---------------------------------------------------------------------------
    0       B            :        0.000000        0.000003        0.000000
    1       F            :        0.000000        2.477433        0.000000
    2       F            :        0.000000       -1.238717       -2.145520
    3       F            :        0.000000       -1.238717        2.145520
---------------------------------------------------------------------------
 Center of mass          :        0.000000       -0.000000       -0.000000
===========================================================================


                                                                           
***************************************************************************
***                                                                     ***
***                 Computing Ground State Wavefunction                 ***
***                                                                     ***
***************************************************************************
                                                                           
                                                                           
~~~~~~~~~~~~~~~~~~~~~~~~~~~~~~~~~~~~~~~~~~~~~~~~~~~~~~~~~~~~~~~~~~~~~~~~~~~
 Calculation             : Compute initial orbitals
 Method                  : Diagonalize SAD Hamiltonian
 Precision               : 1.00000e-03
 Restricted              : True
 Functional              : LDA (SVWN5)
 AO basis                : Hydrogenic orbitals
 Zeta quality            : 2
~~~~~~~~~~~~~~~~~~~~~~~~~~~~~~~~~~~~~~~~~~~~~~~~~~~~~~~~~~~~~~~~~~~~~~~~~~~


===========================================================================
                            Molecular Orbitals
---------------------------------------------------------------------------
 Alpha electrons         :                                              16
 Beta electrons          :                                              16
 Total electrons         :                                              32
---------------------------------------------------------------------------
    n  Occ Spin          :                                            Norm
---------------------------------------------------------------------------
    0    2    p          :                              9.999997161320e-01
    1    2    p          :                              9.999995217122e-01
    2    2    p          :                              1.000002131714e+00
    3    2    p          :                              9.999999792094e-01
    4    2    p          :                              9.999846301335e-01
    5    2    p          :                              9.999500216259e-01
    6    2    p          :                              1.000004099109e+00
    7    2    p          :                              1.000064562315e+00
    8    2    p          :                              1.000002163754e+00
    9    2    p          :                              9.999971853203e-01
   10    2    p          :                              1.000002928707e+00
   11    2    p          :                              1.000000104320e+00
   12    2    p          :                              9.999997139369e-01
   13    2    p          :                              9.999986786623e-01
   14    2    p          :                              1.000000027053e+00
   15    2    p          :                              9.999953515798e-01
===========================================================================


~~~~~~~~~~~~~~~~~~~~~~~~~~~~~~~~~~~~~~~~~~~~~~~~~~~~~~~~~~~~~~~~~~~~~~~~~~~
 Calculation             : Compute initial energy
 Method                  : DFT (PBE0)
 Precision               : 1.00000e-03
 Localization            : Off
~~~~~~~~~~~~~~~~~~~~~~~~~~~~~~~~~~~~~~~~~~~~~~~~~~~~~~~~~~~~~~~~~~~~~~~~~~~


===========================================================================
                        Molecular Energy (initial)
---------------------------------------------------------------------------
 Kinetic energy          :            (au)                341.850805562867
 E-N energy              :            (au)              -1017.436015924078
 Coulomb energy          :            (au)                277.389811023984
 Exchange energy         :            (au)                 -8.755459663777
 X-C energy              :            (au)                -27.541311406026
 Ext. field (el)         :            (au)                  0.000000000000
---------------------------------------------------------------------------
 N-N energy              :            (au)                111.121508184727
 Ext. field (nuc)        :            (au)                  0.000000000000
---------------------------------------------------------------------------
 Electronic energy       :            (au)               -434.492170407031
 Nuclear energy          :            (au)                111.121508184727
---------------------------------------------------------------------------
 Total energy            :            (au)             -3.233706622223e+02
                         :      (kcal/mol)             -2.029181525413e+05
                         :        (kJ/mol)             -8.490095507838e+05
                         :            (eV)             -8.799363603605e+03
===========================================================================


===========================================================================
                        Orbital Energies (initial)
---------------------------------------------------------------------------
    n  Occ Spin          :                                         Epsilon
---------------------------------------------------------------------------
    0    2    p          :            (au)                -24.327084567818
    1    2    p          :            (au)                -24.317942018158
    2    2    p          :            (au)                -24.314415172586
    3    2    p          :            (au)                 -6.954044063185
    4    2    p          :            (au)                 -1.194234788064
    5    2    p          :            (au)                 -1.141608416721
    6    2    p          :            (au)                 -1.140500947927
    7    2    p          :            (au)                 -0.485414660122
    8    2    p          :            (au)                 -0.464662476980
    9    2    p          :            (au)                 -0.462136462009
   10    2    p          :            (au)                 -0.455620702141
   11    2    p          :            (au)                 -0.344395666653
   12    2    p          :            (au)                 -0.342924330539
   13    2    p          :            (au)                 -0.327606985675
   14    2    p          :            (au)                 -0.323588558283
   15    2    p          :            (au)                 -0.299391073160
---------------------------------------------------------------------------
 Sum occupied            :            (au)               -173.791141780040
===========================================================================


~~~~~~~~~~~~~~~~~~~~~~~~~~~~~~~~~~~~~~~~~~~~~~~~~~~~~~~~~~~~~~~~~~~~~~~~~~~
 Calculation             : Optimize ground state orbitals
 Method                  : DFT (PBE0)
 Checkpointing           : Off
 Max iterations          : 200
 KAIN solver             : 10
 Localization            : Off
 Diagonalization         : First two iterations
 Start precision         : 1.00000e-06
 Final precision         : 1.00000e-06
 Helmholtz precision     : Dynamic
 Energy threshold        : 1.00000e-06
 Orbital threshold       : 1.00000e-05
~~~~~~~~~~~~~~~~~~~~~~~~~~~~~~~~~~~~~~~~~~~~~~~~~~~~~~~~~~~~~~~~~~~~~~~~~~~


===========================================================================
 Iter           MO residual             Total energy                Update
---------------------------------------------------------------------------
    0          4.000000e+00        -323.370662222303         -3.233707e+02
    1          3.895700e-01        -324.317579674206         -9.469175e-01
    2          1.050797e-01        -324.394144206322         -7.656453e-02
    3          5.141160e-02        -324.369747571026          2.439664e-02
    4          3.680859e-02        -324.395177214048         -2.542964e-02
    5          2.188378e-02        -324.406256124435         -1.107891e-02
    6          1.702073e-02        -324.409295006439         -3.038882e-03
    7          7.653199e-03        -324.409469273704         -1.742673e-04
    8          2.207134e-03        -324.409504914836         -3.564113e-05
    9          7.998335e-04        -324.409508856168         -3.941332e-06
   10          4.464857e-04        -324.409509766465         -9.102964e-07
   11          2.290864e-04        -324.409509991232         -2.247674e-07
   12          9.337576e-05        -324.409510049544         -5.831180e-08
   13          3.070258e-05        -324.409510053719         -4.174467e-09
   14          9.115972e-06        -324.409510054438         -7.195240e-10
---------------------------------------------------------------------------
                      SCF converged in 14 iterations!
===========================================================================


                                                                           
***************************************************************************
***                                                                     ***
***                    Printing Molecular Properties                    ***
***                                                                     ***
***************************************************************************
                                                                           
                                                                           
===========================================================================
                                 Molecule
---------------------------------------------------------------------------
 Charge                  :                                               0
 Multiplicity            :                                               1
---------------------------------------------------------------------------
    N    Atom            :               x               y               z
---------------------------------------------------------------------------
    0       B            :        0.000000        0.000003        0.000000
    1       F            :        0.000000        2.477433        0.000000
    2       F            :        0.000000       -1.238717       -2.145520
    3       F            :        0.000000       -1.238717        2.145520
---------------------------------------------------------------------------
 Center of mass          :        0.000000       -0.000000       -0.000000
===========================================================================


===========================================================================
                         Molecular Energy (final)
---------------------------------------------------------------------------
 Kinetic energy          :            (au)                323.454432093124
 E-N energy              :            (au)               -995.464928664977
 Coulomb energy          :            (au)                271.745226033216
 Exchange energy         :            (au)                 -8.547584533590
 X-C energy              :            (au)                -26.718163166938
 Ext. field (el)         :            (au)                  0.000000000000
---------------------------------------------------------------------------
 N-N energy              :            (au)                111.121508184727
 Ext. field (nuc)        :            (au)                  0.000000000000
---------------------------------------------------------------------------
 Electronic energy       :            (au)               -435.531018239165
 Nuclear energy          :            (au)                111.121508184727
---------------------------------------------------------------------------
 Total energy            :            (au)             -3.244095100544e+02
                         :      (kcal/mol)             -2.035700393928e+05
                         :        (kJ/mol)             -8.517370453723e+05
                         :            (eV)             -8.827632091973e+03
===========================================================================


===========================================================================
                         Orbital Energies (final)
---------------------------------------------------------------------------
    n  Occ Spin          :                                         Epsilon
---------------------------------------------------------------------------
    0    2    p          :            (au)                -24.808432888268
    1    2    p          :            (au)                -24.808429064399
    2    2    p          :            (au)                -24.808421291959
    3    2    p          :            (au)                 -6.944136429140
    4    2    p          :            (au)                 -1.311279101701
    5    2    p          :            (au)                 -1.272216419108
    6    2    p          :            (au)                 -1.272213909019
    7    2    p          :            (au)                 -0.634769202534
    8    2    p          :            (au)                 -0.596804533725
    9    2    p          :            (au)                 -0.596803463576
   10    2    p          :            (au)                 -0.557106939588
   11    2    p          :            (au)                 -0.491064798155
   12    2    p          :            (au)                 -0.491063997259
   13    2    p          :            (au)                 -0.482444468323
   14    2    p          :            (au)                 -0.482442436349
   15    2    p          :            (au)                 -0.450604924779
---------------------------------------------------------------------------
 Sum occupied            :            (au)               -180.016467735762
===========================================================================


===========================================================================
                           Dipole Moment (dip-1)
---------------------------------------------------------------------------
 r_O                     :        0.000000        0.000000        0.000000
---------------------------------------------------------------------------
 Electronic vector       :        0.000000        0.000012       -0.000008
 Magnitude               :            (au)                        0.000014
                         :         (Debye)                        0.000036
---------------------------------------------------------------------------
 Nuclear vector          :        0.000000       -0.000000        0.000000
 Magnitude               :            (au)                        0.000000
                         :         (Debye)                        0.000001
---------------------------------------------------------------------------
 Total vector            :        0.000000        0.000012       -0.000008
 Magnitude               :            (au)                        0.000014
                         :         (Debye)                        0.000036
===========================================================================


                                                                           
                                                                           
***************************************************************************
***                                                                     ***
***                            Exiting MRChem                           ***
***                                                                     ***
***                       Wall time : 12h 17m 30s                       ***
***                                                                     ***
***************************************************************************
                                                                           
                                                                           
