                                                                           
                                                                           
***************************************************************************
***                                                                     ***
***                                                                     ***
***          __  __ ____   ____ _                                       ***
***         |  \/  |  _ \ / ___| |__   ___ _ __ ___                     ***
***         | |\/| | |_) | |   | '_ \ / _ \ '_ ` _ \                    ***
***         | |  | |  _ <| |___| | | |  __/ | | | | |                   ***
***         |_|  |_|_| \_\\____|_| |_|\___|_| |_| |_|                   ***
***                                                                     ***
***         VERSION            1.0.1                                    ***
***                                                                     ***
***         Git branch         HEAD                                     ***
***         Git commit hash    9309e3e1e52e5319b766-dirty               ***
***         Git commit author  Stig Rune Jensen                         ***
***         Git commit date    Fri Dec 4 16:08:55 2020 +0100            ***
***                                                                     ***
***         Contact: luca.frediani@uit.no                               ***
***                                                                     ***
***         Radovan Bast            Magnar Bjorgve                      ***
***         Roberto Di Remigio      Antoine Durdek                      ***
***         Luca Frediani           Gabriel Gerez                       ***
***         Stig Rune Jensen        Jonas Juselius                      ***
***         Rune Monstad            Peter Wind                          ***
***                                                                     ***
***************************************************************************

---------------------------------------------------------------------------

 MPI processes           :        (1 bank)                              20
 OpenMP threads          :                                               6
 Total cores             :                                             120
                                                                           
---------------------------------------------------------------------------

XCFun DFT library Copyright 2009-2020 Ulf Ekstrom and contributors.
See http://dftlibs.org/xcfun/ for more information.

This is free software; see the source code for copying conditions.
There is ABSOLUTELY NO WARRANTY; not even for MERCHANTABILITY or
FITNESS FOR A PARTICULAR PURPOSE. For details see the documentation.
Scientific users of this library should cite
U. Ekstrom, L. Visscher, R. Bast, A. J. Thorvaldsen and K. Ruud;
J.Chem.Theor.Comp. 2010, DOI: 10.1021/ct100117s

---------------------------------------------------------------------------

 MRCPP version         : 1.3.6
 Git branch            : HEAD
 Git commit hash       : 9309e3e1e52e5319b766-dirty
 Git commit author     : Stig Rune Jensen
 Git commit date       : Fri Dec 4 16:08:55 2020 +0100

 Linear algebra        : EIGEN v3.3.7
 Parallelization       : MPI/OpenMP (6 threads)

---------------------------------------------------------------------------


                                                                           
===========================================================================
                         MultiResolution Analysis
---------------------------------------------------------------------------
 polynomial order      : 9
 polynomial type       : Interpolating
---------------------------------------------------------------------------
 total boxes           : 8
 boxes                 : [          2           2           2 ]
 unit lengths          : [   32.00000    32.00000    32.00000 ]
 scaling factor        : [    1.00000     1.00000     1.00000 ]
 lower bounds          : [  -32.00000   -32.00000   -32.00000 ]
 upper bounds          : [   32.00000    32.00000    32.00000 ]
 total length          : [   64.00000    64.00000    64.00000 ]
===========================================================================


                                                                           
***************************************************************************
***                                                                     ***
***                        Initializing Molecule                        ***
***                                                                     ***
***************************************************************************
                                                                           
                                                                           
===========================================================================
                                 Molecule
---------------------------------------------------------------------------
 Charge                  :                                               0
 Multiplicity            :                                               1
---------------------------------------------------------------------------
    N    Atom            :               x               y               z
---------------------------------------------------------------------------
    0       B            :        0.000000        0.000003        0.000000
    1       F            :        0.000000        2.477433        0.000000
    2       F            :        0.000000       -1.238717       -2.145520
    3       F            :        0.000000       -1.238717        2.145520
---------------------------------------------------------------------------
 Center of mass          :        0.000000       -0.000000       -0.000000
===========================================================================


                                                                           
***************************************************************************
***                                                                     ***
***                 Computing Ground State Wavefunction                 ***
***                                                                     ***
***************************************************************************
                                                                           
                                                                           
~~~~~~~~~~~~~~~~~~~~~~~~~~~~~~~~~~~~~~~~~~~~~~~~~~~~~~~~~~~~~~~~~~~~~~~~~~~
 Calculation             : Compute initial orbitals
 Method                  : Diagonalize SAD Hamiltonian
 Precision               : 1.00000e-04
 Restricted              : False
 Functional              : LDA (SVWN5)
 AO basis                : Hydrogenic orbitals
 Zeta quality            : 2
~~~~~~~~~~~~~~~~~~~~~~~~~~~~~~~~~~~~~~~~~~~~~~~~~~~~~~~~~~~~~~~~~~~~~~~~~~~


===========================================================================
                            Molecular Orbitals
---------------------------------------------------------------------------
 Alpha electrons         :                                              16
 Beta electrons          :                                              16
 Total electrons         :                                              32
---------------------------------------------------------------------------
    n  Occ Spin          :                                            Norm
---------------------------------------------------------------------------
    0    1    a          :                              9.999998903759e-01
    1    1    a          :                              1.000000087849e+00
    2    1    a          :                              1.000000292900e+00
    3    1    a          :                              9.999999854966e-01
    4    1    a          :                              1.000000051824e+00
    5    1    a          :                              9.999993357515e-01
    6    1    a          :                              9.999999388437e-01
    7    1    a          :                              1.000001266223e+00
    8    1    a          :                              1.000009333203e+00
    9    1    a          :                              1.000000703491e+00
   10    1    a          :                              9.999997982782e-01
   11    1    a          :                              9.999996679304e-01
   12    1    a          :                              9.999981604224e-01
   13    1    a          :                              1.000000601165e+00
   14    1    a          :                              1.000000274402e+00
   15    1    a          :                              9.999999006094e-01
   16    1    b          :                              1.000000058567e+00
   17    1    b          :                              9.999999866620e-01
   18    1    b          :                              1.000000315167e+00
   19    1    b          :                              9.999999855165e-01
   20    1    b          :                              1.000000050351e+00
   21    1    b          :                              9.999993356894e-01
   22    1    b          :                              1.000000157686e+00
   23    1    b          :                              9.999983497346e-01
   24    1    b          :                              9.999995469852e-01
   25    1    b          :                              1.000001401806e+00
   26    1    b          :                              1.000001549390e+00
   27    1    b          :                              1.000004555254e+00
   28    1    b          :                              9.999985712685e-01
   29    1    b          :                              1.000000601281e+00
   30    1    b          :                              1.000000273509e+00
   31    1    b          :                              9.999999009493e-01
===========================================================================


~~~~~~~~~~~~~~~~~~~~~~~~~~~~~~~~~~~~~~~~~~~~~~~~~~~~~~~~~~~~~~~~~~~~~~~~~~~
 Calculation             : Compute initial energy
 Method                  : DFT (PBE)
 Precision               : 1.00000e-04
 Localization            : On
~~~~~~~~~~~~~~~~~~~~~~~~~~~~~~~~~~~~~~~~~~~~~~~~~~~~~~~~~~~~~~~~~~~~~~~~~~~


===========================================================================
                        Molecular Energy (initial)
---------------------------------------------------------------------------
 Kinetic energy          :            (au)                341.877672120108
 E-N energy              :            (au)              -1017.522648310864
 Coulomb energy          :            (au)                277.413224003611
 Exchange energy         :            (au)                  0.000000000000
 X-C energy              :            (au)                -36.359046628802
 Ext. field (el)         :            (au)                  0.000000000000
---------------------------------------------------------------------------
 N-N energy              :            (au)                111.121508184727
 Ext. field (nuc)        :            (au)                  0.000000000000
---------------------------------------------------------------------------
 Electronic energy       :            (au)               -434.590798815946
 Nuclear energy          :            (au)                111.121508184727
---------------------------------------------------------------------------
 Total energy            :            (au)             -3.234692906312e+02
                         :      (kcal/mol)             -2.029800428018e+05
                         :        (kJ/mol)             -8.492684996339e+05
                         :            (eV)             -8.802047419216e+03
===========================================================================


===========================================================================
                        Orbital Energies (initial)
---------------------------------------------------------------------------
    n  Occ Spin          :                                         Epsilon
---------------------------------------------------------------------------
    0    1    a          :            (au)                -23.805672647395
    1    1    a          :            (au)                -23.797903981689
    2    1    a          :            (au)                -23.791517268210
    3    1    a          :            (au)                 -6.679544260953
    4    1    a          :            (au)                 -1.055977287496
    5    1    a          :            (au)                 -1.006950436345
    6    1    a          :            (au)                 -1.003572594868
    7    1    a          :            (au)                 -0.387833399081
    8    1    a          :            (au)                 -0.367659482578
    9    1    a          :            (au)                 -0.367387791814
   10    1    a          :            (au)                 -0.366831283808
   11    1    a          :            (au)                 -0.254066691376
   12    1    a          :            (au)                 -0.250831514128
   13    1    a          :            (au)                 -0.236084038304
   14    1    a          :            (au)                 -0.232086282099
   15    1    a          :            (au)                 -0.206358596219
   16    1    b          :            (au)                -23.805609228373
   17    1    b          :            (au)                -23.797847624982
   18    1    b          :            (au)                -23.791657897717
   19    1    b          :            (au)                 -6.679548499352
   20    1    b          :            (au)                 -1.055979306950
   21    1    b          :            (au)                 -1.006954267625
   22    1    b          :            (au)                 -1.003565380342
   23    1    b          :            (au)                 -0.387812217512
   24    1    b          :            (au)                 -0.367670355464
   25    1    b          :            (au)                 -0.367375514706
   26    1    b          :            (au)                 -0.366829355545
   27    1    b          :            (au)                 -0.254078523359
   28    1    b          :            (au)                 -0.250836030978
   29    1    b          :            (au)                 -0.236079162986
   30    1    b          :            (au)                 -0.232086308658
   31    1    b          :            (au)                 -0.206374009458
---------------------------------------------------------------------------
 Sum occupied            :            (au)               -167.620581240370
===========================================================================


~~~~~~~~~~~~~~~~~~~~~~~~~~~~~~~~~~~~~~~~~~~~~~~~~~~~~~~~~~~~~~~~~~~~~~~~~~~
 Calculation             : Optimize ground state orbitals
 Method                  : DFT (PBE)
 Checkpointing           : Off
 Max iterations          : 200
 KAIN solver             : 10
 Localization            : First two iterations
 Diagonalization         : Off
 Start precision         : 1.00000e-06
 Final precision         : 1.00000e-06
 Helmholtz precision     : Dynamic
 Energy threshold        : 1.00000e-06
 Orbital threshold       : 5.00000e-05
~~~~~~~~~~~~~~~~~~~~~~~~~~~~~~~~~~~~~~~~~~~~~~~~~~~~~~~~~~~~~~~~~~~~~~~~~~~


===========================================================================
 Iter           MO residual             Total energy                Update
---------------------------------------------------------------------------
    0          5.656854e+00        -323.469290631219         -3.234693e+02
    1          4.971398e-01        -324.301480728846         -8.321901e-01
    2          2.146140e-01        -324.382292709524         -8.081198e-02
    3          1.566722e-01        -324.394472618383         -1.217991e-02
    4          7.520079e-02        -324.406426722337         -1.195410e-02
    5          1.761491e-02        -324.407272674492         -8.459522e-04
    6          1.026165e-02        -324.407536257196         -2.635827e-04
    7          3.667447e-03        -324.407569367106         -3.310991e-05
    8          3.170743e-03        -324.407588408983         -1.904188e-05
    9          1.398093e-03        -324.407592618428         -4.209445e-06
   10          1.197104e-03        -324.407594865740         -2.247312e-06
   11          3.737482e-04        -324.407595245443         -3.797028e-07
   12          3.456514e-04        -324.407595430875         -1.854320e-07
   13          1.654585e-04        -324.407595481109         -5.023401e-08
---------------------------------------------------------------------------
                      SCF converged in 13 iterations!
===========================================================================


                                                                           
***************************************************************************
***                                                                     ***
***                    Printing Molecular Properties                    ***
***                                                                     ***
***************************************************************************
                                                                           
                                                                           
===========================================================================
                                 Molecule
---------------------------------------------------------------------------
 Charge                  :                                               0
 Multiplicity            :                                               1
---------------------------------------------------------------------------
    N    Atom            :               x               y               z
---------------------------------------------------------------------------
    0       B            :        0.000000        0.000003        0.000000
    1       F            :        0.000000        2.477433        0.000000
    2       F            :        0.000000       -1.238717       -2.145520
    3       F            :        0.000000       -1.238717        2.145520
---------------------------------------------------------------------------
 Center of mass          :        0.000000       -0.000000       -0.000000
===========================================================================


===========================================================================
                         Molecular Energy (final)
---------------------------------------------------------------------------
 Kinetic energy          :            (au)                323.565657474835
 E-N energy              :            (au)               -995.422764930832
 Coulomb energy          :            (au)                271.553539582417
 Exchange energy         :            (au)                  0.000000000000
 X-C energy              :            (au)                -35.225535792257
 Ext. field (el)         :            (au)                  0.000000000000
---------------------------------------------------------------------------
 N-N energy              :            (au)                111.121508184727
 Ext. field (nuc)        :            (au)                  0.000000000000
---------------------------------------------------------------------------
 Electronic energy       :            (au)               -435.529103665836
 Nuclear energy          :            (au)                111.121508184727
---------------------------------------------------------------------------
 Total energy            :            (au)             -3.244075954811e+02
                         :      (kcal/mol)             -2.035688379799e+05
                         :        (kJ/mol)             -8.517320186608e+05
                         :            (eV)             -8.827579993781e+03
===========================================================================


===========================================================================
                         Orbital Energies (final)
---------------------------------------------------------------------------
    n  Occ Spin          :                                         Epsilon
---------------------------------------------------------------------------
    0    1    a          :            (au)                -24.293615722487
    1    1    a          :            (au)                -24.293613246210
    2    1    a          :            (au)                -24.293610071885
    3    1    a          :            (au)                 -6.658957852462
    4    1    a          :            (au)                 -1.174174501309
    5    1    a          :            (au)                 -1.136896841210
    6    1    a          :            (au)                 -1.136893178158
    7    1    a          :            (au)                 -0.547508622971
    8    1    a          :            (au)                 -0.512872055087
    9    1    a          :            (au)                 -0.512870659035
   10    1    a          :            (au)                 -0.477734598725
   11    1    a          :            (au)                 -0.410570740308
   12    1    a          :            (au)                 -0.410569921680
   13    1    a          :            (au)                 -0.404722460267
   14    1    a          :            (au)                 -0.404717927137
   15    1    a          :            (au)                 -0.369532431469
   16    1    b          :            (au)                -24.293615725019
   17    1    b          :            (au)                -24.293613240064
   18    1    b          :            (au)                -24.293610067567
   19    1    b          :            (au)                 -6.658957853486
   20    1    b          :            (au)                 -1.174174501580
   21    1    b          :            (au)                 -1.136896841915
   22    1    b          :            (au)                 -1.136893177260
   23    1    b          :            (au)                 -0.547508623581
   24    1    b          :            (au)                 -0.512872056165
   25    1    b          :            (au)                 -0.512870658075
   26    1    b          :            (au)                 -0.477734598138
   27    1    b          :            (au)                 -0.410570740252
   28    1    b          :            (au)                 -0.410569919194
   29    1    b          :            (au)                 -0.404722459887
   30    1    b          :            (au)                 -0.404717923553
   31    1    b          :            (au)                 -0.369532429306
---------------------------------------------------------------------------
 Sum occupied            :            (au)               -174.077721645443
===========================================================================


===========================================================================
                           Dipole Moment (dip-1)
---------------------------------------------------------------------------
 r_O                     :        0.000000        0.000000        0.000000
---------------------------------------------------------------------------
 Electronic vector       :       -0.000000        0.000028       -0.000017
 Magnitude               :            (au)                        0.000032
                         :         (Debye)                        0.000082
---------------------------------------------------------------------------
 Nuclear vector          :        0.000000       -0.000000        0.000000
 Magnitude               :            (au)                        0.000000
                         :         (Debye)                        0.000001
---------------------------------------------------------------------------
 Total vector            :       -0.000000        0.000028       -0.000017
 Magnitude               :            (au)                        0.000032
                         :         (Debye)                        0.000082
===========================================================================


                                                                           
                                                                           
***************************************************************************
***                                                                     ***
***                            Exiting MRChem                           ***
***                                                                     ***
***                       Wall time :  0h 29m 29s                       ***
***                                                                     ***
***************************************************************************
                                                                           
                                                                           
