                                                                           
                                                                           
***************************************************************************
***                                                                     ***
***                                                                     ***
***          __  __ ____   ____ _                                       ***
***         |  \/  |  _ \ / ___| |__   ___ _ __ ___                     ***
***         | |\/| | |_) | |   | '_ \ / _ \ '_ ` _ \                    ***
***         | |  | |  _ <| |___| | | |  __/ | | | | |                   ***
***         |_|  |_|_| \_\\____|_| |_|\___|_| |_| |_|                   ***
***                                                                     ***
***         VERSION            1.0.1                                    ***
***                                                                     ***
***         Git branch         HEAD                                     ***
***         Git commit hash    9309e3e1e52e5319b766-dirty               ***
***         Git commit author  Stig Rune Jensen                         ***
***         Git commit date    Fri Dec 4 16:08:55 2020 +0100            ***
***                                                                     ***
***         Contact: luca.frediani@uit.no                               ***
***                                                                     ***
***         Radovan Bast            Magnar Bjorgve                      ***
***         Roberto Di Remigio      Antoine Durdek                      ***
***         Luca Frediani           Gabriel Gerez                       ***
***         Stig Rune Jensen        Jonas Juselius                      ***
***         Rune Monstad            Peter Wind                          ***
***                                                                     ***
***************************************************************************

---------------------------------------------------------------------------

 MPI processes           :        (1 bank)                              10
 OpenMP threads          :                                              10
 Total cores             :                                             100
                                                                           
---------------------------------------------------------------------------

XCFun DFT library Copyright 2009-2020 Ulf Ekstrom and contributors.
See http://dftlibs.org/xcfun/ for more information.

This is free software; see the source code for copying conditions.
There is ABSOLUTELY NO WARRANTY; not even for MERCHANTABILITY or
FITNESS FOR A PARTICULAR PURPOSE. For details see the documentation.
Scientific users of this library should cite
U. Ekstrom, L. Visscher, R. Bast, A. J. Thorvaldsen and K. Ruud;
J.Chem.Theor.Comp. 2010, DOI: 10.1021/ct100117s

---------------------------------------------------------------------------

 MRCPP version         : 1.3.6
 Git branch            : HEAD
 Git commit hash       : 9309e3e1e52e5319b766-dirty
 Git commit author     : Stig Rune Jensen
 Git commit date       : Fri Dec 4 16:08:55 2020 +0100

 Linear algebra        : EIGEN v3.3.7
 Parallelization       : MPI/OpenMP (10 threads)

---------------------------------------------------------------------------


                                                                           
===========================================================================
                         MultiResolution Analysis
---------------------------------------------------------------------------
 polynomial order      : 9
 polynomial type       : Interpolating
---------------------------------------------------------------------------
 total boxes           : 8
 boxes                 : [          2           2           2 ]
 unit lengths          : [   16.00000    16.00000    16.00000 ]
 scaling factor        : [    1.00000     1.00000     1.00000 ]
 lower bounds          : [  -16.00000   -16.00000   -16.00000 ]
 upper bounds          : [   16.00000    16.00000    16.00000 ]
 total length          : [   32.00000    32.00000    32.00000 ]
===========================================================================


                                                                           
***************************************************************************
***                                                                     ***
***                        Initializing Molecule                        ***
***                                                                     ***
***************************************************************************
                                                                           
                                                                           
===========================================================================
                                 Molecule
---------------------------------------------------------------------------
 Charge                  :                                               0
 Multiplicity            :                                               1
---------------------------------------------------------------------------
    N    Atom            :               x               y               z
---------------------------------------------------------------------------
    0       B            :        0.000000        0.000000        1.625164
    1       B            :        0.000000        0.000000       -1.625164
    2       F            :        0.000000        2.124241        2.921894
    3       F            :        0.000000       -2.124241        2.921894
    4       F            :        0.000000       -2.124241       -2.921894
    5       F            :        0.000000        2.124241       -2.921894
---------------------------------------------------------------------------
 Center of mass          :        0.000000        0.000000       -0.000000
===========================================================================


                                                                           
***************************************************************************
***                                                                     ***
***                 Computing Ground State Wavefunction                 ***
***                                                                     ***
***************************************************************************
                                                                           
                                                                           
~~~~~~~~~~~~~~~~~~~~~~~~~~~~~~~~~~~~~~~~~~~~~~~~~~~~~~~~~~~~~~~~~~~~~~~~~~~
 Calculation             : Compute initial orbitals
 Method                  : Diagonalize SAD Hamiltonian
 Precision               : 1.00000e-03
 Restricted              : True
 Functional              : LDA (SVWN5)
 AO basis                : Hydrogenic orbitals
 Zeta quality            : 2
~~~~~~~~~~~~~~~~~~~~~~~~~~~~~~~~~~~~~~~~~~~~~~~~~~~~~~~~~~~~~~~~~~~~~~~~~~~


===========================================================================
                            Molecular Orbitals
---------------------------------------------------------------------------
 Alpha electrons         :                                              23
 Beta electrons          :                                              23
 Total electrons         :                                              46
---------------------------------------------------------------------------
    n  Occ Spin          :                                            Norm
---------------------------------------------------------------------------
    0    2    p          :                              9.999986890631e-01
    1    2    p          :                              9.999999943139e-01
    2    2    p          :                              9.999999776440e-01
    3    2    p          :                              1.000000006675e+00
    4    2    p          :                              9.999999963389e-01
    5    2    p          :                              1.000000016955e+00
    6    2    p          :                              9.999995921807e-01
    7    2    p          :                              9.999995251009e-01
    8    2    p          :                              1.000000004675e+00
    9    2    p          :                              9.999999737273e-01
   10    2    p          :                              9.999998088464e-01
   11    2    p          :                              1.000000058645e+00
   12    2    p          :                              9.999995990392e-01
   13    2    p          :                              9.999996281260e-01
   14    2    p          :                              9.999999732161e-01
   15    2    p          :                              9.999999555714e-01
   16    2    p          :                              9.999999930126e-01
   17    2    p          :                              9.999999908626e-01
   18    2    p          :                              9.999999484311e-01
   19    2    p          :                              9.999999023667e-01
   20    2    p          :                              9.999999989034e-01
   21    2    p          :                              9.999999997401e-01
   22    2    p          :                              1.000000350966e+00
===========================================================================


~~~~~~~~~~~~~~~~~~~~~~~~~~~~~~~~~~~~~~~~~~~~~~~~~~~~~~~~~~~~~~~~~~~~~~~~~~~
 Calculation             : Compute initial energy
 Method                  : DFT (PBE0)
 Precision               : 1.00000e-03
 Localization            : Off
~~~~~~~~~~~~~~~~~~~~~~~~~~~~~~~~~~~~~~~~~~~~~~~~~~~~~~~~~~~~~~~~~~~~~~~~~~~


===========================================================================
                        Molecular Energy (initial)
---------------------------------------------------------------------------
 Kinetic energy          :            (au)                473.002587542237
 E-N energy              :            (au)              -1507.421446850242
 Coulomb energy          :            (au)                433.657115492204
 Exchange energy         :            (au)                -12.190633455428
 X-C energy              :            (au)                -38.747721791571
 Ext. field (el)         :            (au)                  0.000000000000
---------------------------------------------------------------------------
 N-N energy              :            (au)                204.157509506895
 Ext. field (nuc)        :            (au)                  0.000000000000
---------------------------------------------------------------------------
 Electronic energy       :            (au)               -651.700099062801
 Nuclear energy          :            (au)                204.157509506895
---------------------------------------------------------------------------
 Total energy            :            (au)             -4.475425895559e+02
                         :      (kcal/mol)             -2.808372127271e+05
                         :        (kJ/mol)             -1.175022898813e+06
                         :            (eV)             -1.217825373068e+04
===========================================================================


===========================================================================
                        Orbital Energies (initial)
---------------------------------------------------------------------------
    n  Occ Spin          :                                         Epsilon
---------------------------------------------------------------------------
    0    2    p          :            (au)                -24.328978109685
    1    2    p          :            (au)                -24.319907061981
    2    2    p          :            (au)                -24.311878995048
    3    2    p          :            (au)                -24.303358412814
    4    2    p          :            (au)                 -6.871266534954
    5    2    p          :            (au)                 -6.861513514276
    6    2    p          :            (au)                 -1.170253040559
    7    2    p          :            (au)                 -1.166343347767
    8    2    p          :            (au)                 -1.132579045965
    9    2    p          :            (au)                 -1.127548812403
   10    2    p          :            (au)                 -0.564625091833
   11    2    p          :            (au)                 -0.471088427964
   12    2    p          :            (au)                 -0.460058662187
   13    2    p          :            (au)                 -0.447129505256
   14    2    p          :            (au)                 -0.431641397662
   15    2    p          :            (au)                 -0.422991944847
   16    2    p          :            (au)                 -0.405702662085
   17    2    p          :            (au)                 -0.368216037784
   18    2    p          :            (au)                 -0.321204888109
   19    2    p          :            (au)                 -0.319447175855
   20    2    p          :            (au)                 -0.317958161716
   21    2    p          :            (au)                 -0.304543373648
   22    2    p          :            (au)                 -0.261869149221
---------------------------------------------------------------------------
 Sum occupied            :            (au)               -241.380206707240
===========================================================================


~~~~~~~~~~~~~~~~~~~~~~~~~~~~~~~~~~~~~~~~~~~~~~~~~~~~~~~~~~~~~~~~~~~~~~~~~~~
 Calculation             : Optimize ground state orbitals
 Method                  : DFT (PBE0)
 Checkpointing           : Off
 Max iterations          : 200
 KAIN solver             : 10
 Localization            : Off
 Diagonalization         : First two iterations
 Start precision         : 1.00000e-06
 Final precision         : 1.00000e-06
 Helmholtz precision     : Dynamic
 Energy threshold        : 1.00000e-06
 Orbital threshold       : 1.00000e-05
~~~~~~~~~~~~~~~~~~~~~~~~~~~~~~~~~~~~~~~~~~~~~~~~~~~~~~~~~~~~~~~~~~~~~~~~~~~


===========================================================================
 Iter           MO residual             Total energy                Update
---------------------------------------------------------------------------
    0          4.795832e+00        -447.542589555905         -4.475426e+02
    1          4.668536e-01        -448.948887927816         -1.406298e+00
    2          1.495998e-01        -449.061212579423         -1.123247e-01
    3          6.209686e-02        -449.048581351806          1.263123e-02
    4          2.847149e-02        -449.072288372950         -2.370702e-02
    5          2.256074e-02        -449.079399647190         -7.111274e-03
    6          6.543430e-03        -449.079593477428         -1.938302e-04
    7          7.186236e-03        -449.079784235575         -1.907581e-04
    8          2.830065e-03        -449.079811408931         -2.717336e-05
    9          8.833639e-04        -449.079816720339         -5.311407e-06
   10          3.593920e-04        -449.079817632568         -9.122293e-07
   11          2.016640e-04        -449.079817775895         -1.433267e-07
   12          7.886671e-05        -449.079817945788         -1.698934e-07
   13          2.271824e-05        -449.079817955029         -9.240921e-09
   14          1.283941e-05        -449.079817956006         -9.770247e-10
---------------------------------------------------------------------------
                      SCF converged in 14 iterations!
===========================================================================


                                                                           
***************************************************************************
***                                                                     ***
***                    Printing Molecular Properties                    ***
***                                                                     ***
***************************************************************************
                                                                           
                                                                           
===========================================================================
                                 Molecule
---------------------------------------------------------------------------
 Charge                  :                                               0
 Multiplicity            :                                               1
---------------------------------------------------------------------------
    N    Atom            :               x               y               z
---------------------------------------------------------------------------
    0       B            :        0.000000        0.000000        1.625164
    1       B            :        0.000000        0.000000       -1.625164
    2       F            :        0.000000        2.124241        2.921894
    3       F            :        0.000000       -2.124241        2.921894
    4       F            :        0.000000       -2.124241       -2.921894
    5       F            :        0.000000        2.124241       -2.921894
---------------------------------------------------------------------------
 Center of mass          :        0.000000        0.000000       -0.000000
===========================================================================


===========================================================================
                         Molecular Energy (final)
---------------------------------------------------------------------------
 Kinetic energy          :            (au)                447.720398447696
 E-N energy              :            (au)              -1477.556291486349
 Coulomb energy          :            (au)                426.283654720364
 Exchange energy         :            (au)                -12.038978789680
 X-C energy              :            (au)                -37.646110354933
 Ext. field (el)         :            (au)                  0.000000000000
---------------------------------------------------------------------------
 N-N energy              :            (au)                204.157509506895
 Ext. field (nuc)        :            (au)                  0.000000000000
---------------------------------------------------------------------------
 Electronic energy       :            (au)               -653.237327462901
 Nuclear energy          :            (au)                204.157509506895
---------------------------------------------------------------------------
 Total energy            :            (au)             -4.490798179560e+02
                         :      (kcal/mol)             -2.818018381042e+05
                         :        (kJ/mol)             -1.179058891393e+06
                         :            (eV)             -1.222008384458e+04
===========================================================================


===========================================================================
                         Orbital Energies (final)
---------------------------------------------------------------------------
    n  Occ Spin          :                                         Epsilon
---------------------------------------------------------------------------
    0    2    p          :            (au)                -24.805023048187
    1    2    p          :            (au)                -24.805016109561
    2    2    p          :            (au)                -24.805012999397
    3    2    p          :            (au)                -24.805005689692
    4    2    p          :            (au)                 -6.900551243227
    5    2    p          :            (au)                 -6.900212556464
    6    2    p          :            (au)                 -1.294127110642
    7    2    p          :            (au)                 -1.290868785472
    8    2    p          :            (au)                 -1.264579054550
    9    2    p          :            (au)                 -1.261248844161
   10    2    p          :            (au)                 -0.634325766878
   11    2    p          :            (au)                 -0.614819072211
   12    2    p          :            (au)                 -0.580242232171
   13    2    p          :            (au)                 -0.567803980265
   14    2    p          :            (au)                 -0.564635922233
   15    2    p          :            (au)                 -0.537223231486
   16    2    p          :            (au)                 -0.523475359780
   17    2    p          :            (au)                 -0.503343697721
   18    2    p          :            (au)                 -0.478010541192
   19    2    p          :            (au)                 -0.474924047206
   20    2    p          :            (au)                 -0.466381847061
   21    2    p          :            (au)                 -0.454339277919
   22    2    p          :            (au)                 -0.373051328628
---------------------------------------------------------------------------
 Sum occupied            :            (au)               -249.808443492209
===========================================================================


===========================================================================
                           Dipole Moment (dip-1)
---------------------------------------------------------------------------
 r_O                     :        0.000000        0.000000        0.000000
---------------------------------------------------------------------------
 Electronic vector       :        0.000000       -0.000001        0.000001
 Magnitude               :            (au)                        0.000001
                         :         (Debye)                        0.000003
---------------------------------------------------------------------------
 Nuclear vector          :        0.000000        0.000000       -0.000000
 Magnitude               :            (au)                        0.000000
                         :         (Debye)                        0.000000
---------------------------------------------------------------------------
 Total vector            :        0.000000       -0.000001        0.000001
 Magnitude               :            (au)                        0.000001
                         :         (Debye)                        0.000003
===========================================================================


                                                                           
                                                                           
***************************************************************************
***                                                                     ***
***                            Exiting MRChem                           ***
***                                                                     ***
***                       Wall time :  1h 41m 24s                       ***
***                                                                     ***
***************************************************************************
                                                                           
                                                                           
