                                                                           
                                                                           
***************************************************************************
***                                                                     ***
***                                                                     ***
***          __  __ ____   ____ _                                       ***
***         |  \/  |  _ \ / ___| |__   ___ _ __ ___                     ***
***         | |\/| | |_) | |   | '_ \ / _ \ '_ ` _ \                    ***
***         | |  | |  _ <| |___| | | |  __/ | | | | |                   ***
***         |_|  |_|_| \_\\____|_| |_|\___|_| |_| |_|                   ***
***                                                                     ***
***         VERSION            1.0.1                                    ***
***                                                                     ***
***         Git branch         HEAD                                     ***
***         Git commit hash    9309e3e1e52e5319b766-dirty               ***
***         Git commit author  Stig Rune Jensen                         ***
***         Git commit date    Fri Dec 4 16:08:55 2020 +0100            ***
***                                                                     ***
***         Contact: luca.frediani@uit.no                               ***
***                                                                     ***
***         Radovan Bast            Magnar Bjorgve                      ***
***         Roberto Di Remigio      Antoine Durdek                      ***
***         Luca Frediani           Gabriel Gerez                       ***
***         Stig Rune Jensen        Jonas Juselius                      ***
***         Rune Monstad            Peter Wind                          ***
***                                                                     ***
***************************************************************************

---------------------------------------------------------------------------

 MPI processes           :        (1 bank)                              20
 OpenMP threads          :                                               6
 Total cores             :                                             120
                                                                           
---------------------------------------------------------------------------

XCFun DFT library Copyright 2009-2020 Ulf Ekstrom and contributors.
See http://dftlibs.org/xcfun/ for more information.

This is free software; see the source code for copying conditions.
There is ABSOLUTELY NO WARRANTY; not even for MERCHANTABILITY or
FITNESS FOR A PARTICULAR PURPOSE. For details see the documentation.
Scientific users of this library should cite
U. Ekstrom, L. Visscher, R. Bast, A. J. Thorvaldsen and K. Ruud;
J.Chem.Theor.Comp. 2010, DOI: 10.1021/ct100117s

---------------------------------------------------------------------------

 MRCPP version         : 1.3.6
 Git branch            : HEAD
 Git commit hash       : 9309e3e1e52e5319b766-dirty
 Git commit author     : Stig Rune Jensen
 Git commit date       : Fri Dec 4 16:08:55 2020 +0100

 Linear algebra        : EIGEN v3.3.7
 Parallelization       : MPI/OpenMP (6 threads)

---------------------------------------------------------------------------


                                                                           
===========================================================================
                         MultiResolution Analysis
---------------------------------------------------------------------------
 polynomial order      : 9
 polynomial type       : Interpolating
---------------------------------------------------------------------------
 total boxes           : 8
 boxes                 : [          2           2           2 ]
 unit lengths          : [   32.00000    32.00000    32.00000 ]
 scaling factor        : [    1.00000     1.00000     1.00000 ]
 lower bounds          : [  -32.00000   -32.00000   -32.00000 ]
 upper bounds          : [   32.00000    32.00000    32.00000 ]
 total length          : [   64.00000    64.00000    64.00000 ]
===========================================================================


                                                                           
***************************************************************************
***                                                                     ***
***                        Initializing Molecule                        ***
***                                                                     ***
***************************************************************************
                                                                           
                                                                           
===========================================================================
                                 Molecule
---------------------------------------------------------------------------
 Charge                  :                                               0
 Multiplicity            :                                               1
---------------------------------------------------------------------------
    N    Atom            :               x               y               z
---------------------------------------------------------------------------
    0       B            :        0.000000        0.000000        1.538426
    1       B            :        0.000000        0.000000       -1.538426
    2       O            :        0.000000        0.000000        3.802318
    3       O            :        0.000000        0.000000       -3.802318
---------------------------------------------------------------------------
 Center of mass          :        0.000000        0.000000        0.000000
===========================================================================


                                                                           
***************************************************************************
***                                                                     ***
***                 Computing Ground State Wavefunction                 ***
***                                                                     ***
***************************************************************************
                                                                           
                                                                           
~~~~~~~~~~~~~~~~~~~~~~~~~~~~~~~~~~~~~~~~~~~~~~~~~~~~~~~~~~~~~~~~~~~~~~~~~~~
 Calculation             : Compute initial orbitals
 Method                  : Diagonalize SAD Hamiltonian
 Precision               : 1.00000e-04
 Restricted              : False
 Functional              : LDA (SVWN5)
 AO basis                : Hydrogenic orbitals
 Zeta quality            : 2
~~~~~~~~~~~~~~~~~~~~~~~~~~~~~~~~~~~~~~~~~~~~~~~~~~~~~~~~~~~~~~~~~~~~~~~~~~~


===========================================================================
                            Molecular Orbitals
---------------------------------------------------------------------------
 Alpha electrons         :                                              13
 Beta electrons          :                                              13
 Total electrons         :                                              26
---------------------------------------------------------------------------
    n  Occ Spin          :                                            Norm
---------------------------------------------------------------------------
    0    1    a          :                              1.000001978864e+00
    1    1    a          :                              1.000000033994e+00
    2    1    a          :                              1.000046733864e+00
    3    1    a          :                              9.999517008444e-01
    4    1    a          :                              1.000003022501e+00
    5    1    a          :                              9.999958094725e-01
    6    1    a          :                              9.999940196611e-01
    7    1    a          :                              1.000003505941e+00
    8    1    a          :                              1.000001460587e+00
    9    1    a          :                              1.000002123486e+00
   10    1    a          :                              9.999971139653e-01
   11    1    a          :                              1.000001887845e+00
   12    1    a          :                              9.999972550139e-01
   13    1    b          :                              1.000000134495e+00
   14    1    b          :                              1.000000040426e+00
   15    1    b          :                              1.000046734547e+00
   16    1    b          :                              9.999514660349e-01
   17    1    b          :                              1.000003026623e+00
   18    1    b          :                              1.000000842474e+00
   19    1    b          :                              9.999939814312e-01
   20    1    b          :                              1.000003521266e+00
   21    1    b          :                              1.000001460587e+00
   22    1    b          :                              1.000002124197e+00
   23    1    b          :                              9.999971133702e-01
   24    1    b          :                              1.000001888644e+00
   25    1    b          :                              9.999972550139e-01
===========================================================================


~~~~~~~~~~~~~~~~~~~~~~~~~~~~~~~~~~~~~~~~~~~~~~~~~~~~~~~~~~~~~~~~~~~~~~~~~~~
 Calculation             : Compute initial energy
 Method                  : DFT (PBE)
 Precision               : 1.00000e-04
 Localization            : On
~~~~~~~~~~~~~~~~~~~~~~~~~~~~~~~~~~~~~~~~~~~~~~~~~~~~~~~~~~~~~~~~~~~~~~~~~~~


===========================================================================
                        Molecular Energy (initial)
---------------------------------------------------------------------------
 Kinetic energy          :            (au)                212.581297228513
 E-N energy              :            (au)               -620.940589918148
 Coulomb energy          :            (au)                168.136945262512
 Exchange energy         :            (au)                  0.000000000000
 X-C energy              :            (au)                -25.988377273288
 Ext. field (el)         :            (au)                  0.000000000000
---------------------------------------------------------------------------
 N-N energy              :            (au)                 66.857674271074
 Ext. field (nuc)        :            (au)                  0.000000000000
---------------------------------------------------------------------------
 Electronic energy       :            (au)               -266.210724700412
 Nuclear energy          :            (au)                 66.857674271074
---------------------------------------------------------------------------
 Total energy            :            (au)             -1.993530504293e+02
                         :      (kcal/mol)             -1.250959268184e+05
                         :        (kJ/mol)             -5.234013581481e+05
                         :            (eV)             -5.424672616125e+03
===========================================================================


===========================================================================
                        Orbital Energies (initial)
---------------------------------------------------------------------------
    n  Occ Spin          :                                         Epsilon
---------------------------------------------------------------------------
    0    1    a          :            (au)                -18.189134351984
    1    1    a          :            (au)                -18.183450602118
    2    1    a          :            (au)                 -6.583435026447
    3    1    a          :            (au)                 -6.578298688313
    4    1    a          :            (au)                 -0.781277700000
    5    1    a          :            (au)                 -0.777799248493
    6    1    a          :            (au)                 -0.553638266285
    7    1    a          :            (au)                 -0.220723450525
    8    1    a          :            (au)                 -0.210668905342
    9    1    a          :            (au)                 -0.172601825781
   10    1    a          :            (au)                 -0.167799922530
   11    1    a          :            (au)                 -0.163395283376
   12    1    a          :            (au)                 -0.158917035500
   13    1    b          :            (au)                -18.189130901990
   14    1    b          :            (au)                -18.183457758229
   15    1    b          :            (au)                 -6.583466212379
   16    1    b          :            (au)                 -6.578315585365
   17    1    b          :            (au)                 -0.781280413534
   18    1    b          :            (au)                 -0.777797301634
   19    1    b          :            (au)                 -0.553651376809
   20    1    b          :            (au)                 -0.220722801937
   21    1    b          :            (au)                 -0.210670089898
   22    1    b          :            (au)                 -0.172601822344
   23    1    b          :            (au)                 -0.167801517808
   24    1    b          :            (au)                 -0.163391969645
   25    1    b          :            (au)                 -0.158908417483
---------------------------------------------------------------------------
 Sum occupied            :            (au)               -105.482336475748
===========================================================================


~~~~~~~~~~~~~~~~~~~~~~~~~~~~~~~~~~~~~~~~~~~~~~~~~~~~~~~~~~~~~~~~~~~~~~~~~~~
 Calculation             : Optimize ground state orbitals
 Method                  : DFT (PBE)
 Checkpointing           : Off
 Max iterations          : 200
 KAIN solver             : 10
 Localization            : First two iterations
 Diagonalization         : Off
 Start precision         : 1.00000e-06
 Final precision         : 1.00000e-06
 Helmholtz precision     : Dynamic
 Energy threshold        : 1.00000e-06
 Orbital threshold       : 5.00000e-05
~~~~~~~~~~~~~~~~~~~~~~~~~~~~~~~~~~~~~~~~~~~~~~~~~~~~~~~~~~~~~~~~~~~~~~~~~~~


===========================================================================
 Iter           MO residual             Total energy                Update
---------------------------------------------------------------------------
    0          5.099020e+00        -199.353050429337         -1.993531e+02
    1          5.715424e-01        -199.969640872212         -6.165904e-01
    2          3.188467e-01        -200.069545475620         -9.990460e-02
    3          2.058159e-01        -200.084043578868         -1.449810e-02
    4          9.494789e-02        -200.099745393419         -1.570181e-02
    5          1.924547e-02        -200.100740255367         -9.948619e-04
    6          1.821951e-02        -200.101273107321         -5.328520e-04
    7          6.395236e-03        -200.101368099919         -9.499260e-05
    8          6.726493e-03        -200.101432253850         -6.415393e-05
    9          4.539190e-03        -200.101452907094         -2.065324e-05
   10          3.322610e-03        -200.101462493838         -9.586744e-06
   11          1.680200e-03        -200.101465854064         -3.360226e-06
   12          1.050549e-03        -200.101466975368         -1.121304e-06
   13          5.323281e-04        -200.101467375885         -4.005167e-07
   14          2.471480e-04        -200.101467469171         -9.328659e-08
   15          1.475886e-04        -200.101467502622         -3.345082e-08
---------------------------------------------------------------------------
                      SCF converged in 15 iterations!
===========================================================================


                                                                           
***************************************************************************
***                                                                     ***
***                    Printing Molecular Properties                    ***
***                                                                     ***
***************************************************************************
                                                                           
                                                                           
===========================================================================
                                 Molecule
---------------------------------------------------------------------------
 Charge                  :                                               0
 Multiplicity            :                                               1
---------------------------------------------------------------------------
    N    Atom            :               x               y               z
---------------------------------------------------------------------------
    0       B            :        0.000000        0.000000        1.538426
    1       B            :        0.000000        0.000000       -1.538426
    2       O            :        0.000000        0.000000        3.802318
    3       O            :        0.000000        0.000000       -3.802318
---------------------------------------------------------------------------
 Center of mass          :        0.000000        0.000000        0.000000
===========================================================================


===========================================================================
                         Molecular Energy (final)
---------------------------------------------------------------------------
 Kinetic energy          :            (au)                199.499709957460
 E-N energy              :            (au)               -604.870791537265
 Coulomb energy          :            (au)                163.457660258096
 Exchange energy         :            (au)                  0.000000000000
 X-C energy              :            (au)                -25.045720451988
 Ext. field (el)         :            (au)                  0.000000000000
---------------------------------------------------------------------------
 N-N energy              :            (au)                 66.857674271074
 Ext. field (nuc)        :            (au)                  0.000000000000
---------------------------------------------------------------------------
 Electronic energy       :            (au)               -266.959141773697
 Nuclear energy          :            (au)                 66.857674271074
---------------------------------------------------------------------------
 Total energy            :            (au)             -2.001014675026e+02
                         :      (kcal/mol)             -1.255655656187e+05
                         :        (kJ/mol)             -5.253663268896e+05
                         :            (eV)             -5.445038081284e+03
===========================================================================


===========================================================================
                         Orbital Energies (final)
---------------------------------------------------------------------------
    n  Occ Spin          :                                         Epsilon
---------------------------------------------------------------------------
    0    1    a          :            (au)                -18.792432110464
    1    1    a          :            (au)                -18.792425537440
    2    1    a          :            (au)                 -6.572683142303
    3    1    a          :            (au)                 -6.572188938275
    4    1    a          :            (au)                 -0.938899962921
    5    1    a          :            (au)                 -0.938300411038
    6    1    a          :            (au)                 -0.487366845721
    7    1    a          :            (au)                 -0.399559752785
    8    1    a          :            (au)                 -0.388270641862
    9    1    a          :            (au)                 -0.368433343666
   10    1    a          :            (au)                 -0.368430707449
   11    1    a          :            (au)                 -0.347930037283
   12    1    a          :            (au)                 -0.347926693675
   13    1    b          :            (au)                -18.792432154615
   14    1    b          :            (au)                -18.792425500634
   15    1    b          :            (au)                 -6.572683127985
   16    1    b          :            (au)                 -6.572188923964
   17    1    b          :            (au)                 -0.938899968081
   18    1    b          :            (au)                 -0.938300416392
   19    1    b          :            (au)                 -0.487366839959
   20    1    b          :            (au)                 -0.399559754762
   21    1    b          :            (au)                 -0.388270644379
   22    1    b          :            (au)                 -0.368433346281
   23    1    b          :            (au)                 -0.368430710479
   24    1    b          :            (au)                 -0.347930042321
   25    1    b          :            (au)                 -0.347926699653
---------------------------------------------------------------------------
 Sum occupied            :            (au)               -110.629696254388
===========================================================================


===========================================================================
                           Dipole Moment (dip-1)
---------------------------------------------------------------------------
 r_O                     :        0.000000        0.000000        0.000000
---------------------------------------------------------------------------
 Electronic vector       :        0.000000       -0.000000        0.000004
 Magnitude               :            (au)                        0.000004
                         :         (Debye)                        0.000011
---------------------------------------------------------------------------
 Nuclear vector          :        0.000000        0.000000       -0.000000
 Magnitude               :            (au)                        0.000000
                         :         (Debye)                        0.000000
---------------------------------------------------------------------------
 Total vector            :        0.000000       -0.000000        0.000004
 Magnitude               :            (au)                        0.000004
                         :         (Debye)                        0.000011
===========================================================================


                                                                           
                                                                           
***************************************************************************
***                                                                     ***
***                            Exiting MRChem                           ***
***                                                                     ***
***                       Wall time :  0h 30m 12s                       ***
***                                                                     ***
***************************************************************************
                                                                           
                                                                           
