                                                                           
                                                                           
***************************************************************************
***                                                                     ***
***                                                                     ***
***          __  __ ____   ____ _                                       ***
***         |  \/  |  _ \ / ___| |__   ___ _ __ ___                     ***
***         | |\/| | |_) | |   | '_ \ / _ \ '_ ` _ \                    ***
***         | |  | |  _ <| |___| | | |  __/ | | | | |                   ***
***         |_|  |_|_| \_\\____|_| |_|\___|_| |_| |_|                   ***
***                                                                     ***
***         VERSION            1.0.1                                    ***
***                                                                     ***
***         Git branch         HEAD                                     ***
***         Git commit hash    9309e3e1e52e5319b766-dirty               ***
***         Git commit author  Stig Rune Jensen                         ***
***         Git commit date    Fri Dec 4 16:08:55 2020 +0100            ***
***                                                                     ***
***         Contact: luca.frediani@uit.no                               ***
***                                                                     ***
***         Radovan Bast            Magnar Bjorgve                      ***
***         Roberto Di Remigio      Antoine Durdek                      ***
***         Luca Frediani           Gabriel Gerez                       ***
***         Stig Rune Jensen        Jonas Juselius                      ***
***         Rune Monstad            Peter Wind                          ***
***                                                                     ***
***************************************************************************

---------------------------------------------------------------------------

 MPI processes           :        (1 bank)                              10
 OpenMP threads          :                                              10
 Total cores             :                                             100
                                                                           
---------------------------------------------------------------------------

XCFun DFT library Copyright 2009-2020 Ulf Ekstrom and contributors.
See http://dftlibs.org/xcfun/ for more information.

This is free software; see the source code for copying conditions.
There is ABSOLUTELY NO WARRANTY; not even for MERCHANTABILITY or
FITNESS FOR A PARTICULAR PURPOSE. For details see the documentation.
Scientific users of this library should cite
U. Ekstrom, L. Visscher, R. Bast, A. J. Thorvaldsen and K. Ruud;
J.Chem.Theor.Comp. 2010, DOI: 10.1021/ct100117s

---------------------------------------------------------------------------

 MRCPP version         : 1.3.6
 Git branch            : HEAD
 Git commit hash       : 9309e3e1e52e5319b766-dirty
 Git commit author     : Stig Rune Jensen
 Git commit date       : Fri Dec 4 16:08:55 2020 +0100

 Linear algebra        : EIGEN v3.3.7
 Parallelization       : MPI/OpenMP (10 threads)

---------------------------------------------------------------------------


                                                                           
===========================================================================
                         MultiResolution Analysis
---------------------------------------------------------------------------
 polynomial order      : 9
 polynomial type       : Interpolating
---------------------------------------------------------------------------
 total boxes           : 8
 boxes                 : [          2           2           2 ]
 unit lengths          : [   16.00000    16.00000    16.00000 ]
 scaling factor        : [    1.00000     1.00000     1.00000 ]
 lower bounds          : [  -16.00000   -16.00000   -16.00000 ]
 upper bounds          : [   16.00000    16.00000    16.00000 ]
 total length          : [   32.00000    32.00000    32.00000 ]
===========================================================================


                                                                           
***************************************************************************
***                                                                     ***
***                        Initializing Molecule                        ***
***                                                                     ***
***************************************************************************
                                                                           
                                                                           
===========================================================================
                                 Molecule
---------------------------------------------------------------------------
 Charge                  :                                               0
 Multiplicity            :                                               1
---------------------------------------------------------------------------
    N    Atom            :               x               y               z
---------------------------------------------------------------------------
    0       B            :        0.000000        0.000000        1.538426
    1       B            :        0.000000        0.000000       -1.538426
    2       O            :        0.000000        0.000000        3.802318
    3       O            :        0.000000        0.000000       -3.802318
---------------------------------------------------------------------------
 Center of mass          :        0.000000        0.000000        0.000000
===========================================================================


                                                                           
***************************************************************************
***                                                                     ***
***                 Computing Ground State Wavefunction                 ***
***                                                                     ***
***************************************************************************
                                                                           
                                                                           
~~~~~~~~~~~~~~~~~~~~~~~~~~~~~~~~~~~~~~~~~~~~~~~~~~~~~~~~~~~~~~~~~~~~~~~~~~~
 Calculation             : Compute initial orbitals
 Method                  : Diagonalize SAD Hamiltonian
 Precision               : 1.00000e-03
 Restricted              : True
 Functional              : LDA (SVWN5)
 AO basis                : Hydrogenic orbitals
 Zeta quality            : 2
~~~~~~~~~~~~~~~~~~~~~~~~~~~~~~~~~~~~~~~~~~~~~~~~~~~~~~~~~~~~~~~~~~~~~~~~~~~


===========================================================================
                            Molecular Orbitals
---------------------------------------------------------------------------
 Alpha electrons         :                                              13
 Beta electrons          :                                              13
 Total electrons         :                                              26
---------------------------------------------------------------------------
    n  Occ Spin          :                                            Norm
---------------------------------------------------------------------------
    0    2    p          :                              9.999999876110e-01
    1    2    p          :                              1.000000005289e+00
    2    2    p          :                              9.999999678859e-01
    3    2    p          :                              9.999998496549e-01
    4    2    p          :                              1.000000699144e+00
    5    2    p          :                              9.999995208951e-01
    6    2    p          :                              9.999999483287e-01
    7    2    p          :                              9.999994668122e-01
    8    2    p          :                              9.999999517766e-01
    9    2    p          :                              9.999998119681e-01
   10    2    p          :                              9.999997907194e-01
   11    2    p          :                              9.999998171962e-01
   12    2    p          :                              9.999997924574e-01
===========================================================================


~~~~~~~~~~~~~~~~~~~~~~~~~~~~~~~~~~~~~~~~~~~~~~~~~~~~~~~~~~~~~~~~~~~~~~~~~~~
 Calculation             : Compute initial energy
 Method                  : DFT (PBE0)
 Precision               : 1.00000e-03
 Localization            : Off
~~~~~~~~~~~~~~~~~~~~~~~~~~~~~~~~~~~~~~~~~~~~~~~~~~~~~~~~~~~~~~~~~~~~~~~~~~~


===========================================================================
                        Molecular Energy (initial)
---------------------------------------------------------------------------
 Kinetic energy          :            (au)                212.631881366914
 E-N energy              :            (au)               -620.981687513888
 Coulomb energy          :            (au)                168.155608110800
 Exchange energy         :            (au)                 -6.198838586960
 X-C energy              :            (au)                -19.702911177206
 Ext. field (el)         :            (au)                  0.000000000000
---------------------------------------------------------------------------
 N-N energy              :            (au)                 66.857674271074
 Ext. field (nuc)        :            (au)                  0.000000000000
---------------------------------------------------------------------------
 Electronic energy       :            (au)               -266.095947800340
 Nuclear energy          :            (au)                 66.857674271074
---------------------------------------------------------------------------
 Total energy            :            (au)             -1.992382735293e+02
                         :      (kcal/mol)             -1.250239032268e+05
                         :        (kJ/mol)             -5.231000114405e+05
                         :            (eV)             -5.421549377702e+03
===========================================================================


===========================================================================
                        Orbital Energies (initial)
---------------------------------------------------------------------------
    n  Occ Spin          :                                         Epsilon
---------------------------------------------------------------------------
    0    2    p          :            (au)                -18.646940564637
    1    2    p          :            (au)                -18.627158508307
    2    2    p          :            (au)                 -6.865759858635
    3    2    p          :            (au)                 -6.835125502749
    4    2    p          :            (au)                 -0.899261175270
    5    2    p          :            (au)                 -0.890013249950
    6    2    p          :            (au)                 -0.607586982833
    7    2    p          :            (au)                 -0.283155205093
    8    2    p          :            (au)                 -0.274836679332
    9    2    p          :            (au)                 -0.248528658932
   10    2    p          :            (au)                 -0.240087842073
   11    2    p          :            (au)                 -0.234876320127
   12    2    p          :            (au)                 -0.231829345993
---------------------------------------------------------------------------
 Sum occupied            :            (au)               -109.770319787863
===========================================================================


~~~~~~~~~~~~~~~~~~~~~~~~~~~~~~~~~~~~~~~~~~~~~~~~~~~~~~~~~~~~~~~~~~~~~~~~~~~
 Calculation             : Optimize ground state orbitals
 Method                  : DFT (PBE0)
 Checkpointing           : Off
 Max iterations          : 200
 KAIN solver             : 10
 Localization            : Off
 Diagonalization         : First two iterations
 Start precision         : 1.00000e-06
 Final precision         : 1.00000e-06
 Helmholtz precision     : Dynamic
 Energy threshold        : 1.00000e-06
 Orbital threshold       : 1.00000e-05
~~~~~~~~~~~~~~~~~~~~~~~~~~~~~~~~~~~~~~~~~~~~~~~~~~~~~~~~~~~~~~~~~~~~~~~~~~~


===========================================================================
 Iter           MO residual             Total energy                Update
---------------------------------------------------------------------------
    0          3.605551e+00        -199.238273529266         -1.992383e+02
    1          4.363742e-01        -199.966816457635         -7.285429e-01
    2          1.672305e-01        -200.078239074876         -1.114226e-01
    3          9.610666e-02        -200.074452177973          3.786897e-03
    4          2.242250e-02        -200.089940814564         -1.548864e-02
    5          1.363501e-02        -200.093011876699         -3.071062e-03
    6          5.312049e-03        -200.093306291799         -2.944151e-04
    7          5.236505e-03        -200.093365567208         -5.927541e-05
    8          2.519933e-03        -200.093386510038         -2.094283e-05
    9          1.880758e-03        -200.093389996725         -3.486687e-06
   10          6.579373e-04        -200.093392109945         -2.113220e-06
   11          3.123278e-04        -200.093392325905         -2.159600e-07
   12          2.128886e-04        -200.093392499521         -1.736155e-07
   13          8.963756e-05        -200.093392522635         -2.311361e-08
   14          4.176934e-05        -200.093392528292         -5.657000e-09
   15          1.119596e-05        -200.093392528740         -4.486083e-10
---------------------------------------------------------------------------
                      SCF converged in 15 iterations!
===========================================================================


                                                                           
***************************************************************************
***                                                                     ***
***                    Printing Molecular Properties                    ***
***                                                                     ***
***************************************************************************
                                                                           
                                                                           
===========================================================================
                                 Molecule
---------------------------------------------------------------------------
 Charge                  :                                               0
 Multiplicity            :                                               1
---------------------------------------------------------------------------
    N    Atom            :               x               y               z
---------------------------------------------------------------------------
    0       B            :        0.000000        0.000000        1.538426
    1       B            :        0.000000        0.000000       -1.538426
    2       O            :        0.000000        0.000000        3.802318
    3       O            :        0.000000        0.000000       -3.802318
---------------------------------------------------------------------------
 Center of mass          :        0.000000        0.000000        0.000000
===========================================================================


===========================================================================
                         Molecular Energy (final)
---------------------------------------------------------------------------
 Kinetic energy          :            (au)                199.385419446786
 E-N energy              :            (au)               -604.783057802065
 Coulomb energy          :            (au)                163.502382754761
 Exchange energy         :            (au)                 -6.052989098755
 X-C energy              :            (au)                -19.002822100543
 Ext. field (el)         :            (au)                  0.000000000000
---------------------------------------------------------------------------
 N-N energy              :            (au)                 66.857674271074
 Ext. field (nuc)        :            (au)                  0.000000000000
---------------------------------------------------------------------------
 Electronic energy       :            (au)               -266.951066799815
 Nuclear energy          :            (au)                 66.857674271074
---------------------------------------------------------------------------
 Total energy            :            (au)             -2.000933925287e+02
                         :      (kcal/mol)             -1.255604984961e+05
                         :        (kJ/mol)             -5.253451260487e+05
                         :            (eV)             -5.444818350060e+03
===========================================================================


===========================================================================
                         Orbital Energies (final)
---------------------------------------------------------------------------
    n  Occ Spin          :                                         Epsilon
---------------------------------------------------------------------------
    0    2    p          :            (au)                -19.248070490696
    1    2    p          :            (au)                -19.248069464242
    2    2    p          :            (au)                 -6.855583089016
    3    2    p          :            (au)                 -6.854979960092
    4    2    p          :            (au)                 -1.053766425240
    5    2    p          :            (au)                 -1.053079439450
    6    2    p          :            (au)                 -0.557027135712
    7    2    p          :            (au)                 -0.473839568276
    8    2    p          :            (au)                 -0.460076008544
    9    2    p          :            (au)                 -0.425757959914
   10    2    p          :            (au)                 -0.425757955860
   11    2    p          :            (au)                 -0.403788574592
   12    2    p          :            (au)                 -0.403788521037
---------------------------------------------------------------------------
 Sum occupied            :            (au)               -114.927169185339
===========================================================================


===========================================================================
                           Dipole Moment (dip-1)
---------------------------------------------------------------------------
 r_O                     :        0.000000        0.000000        0.000000
---------------------------------------------------------------------------
 Electronic vector       :        0.000000        0.000000        0.000010
 Magnitude               :            (au)                        0.000010
                         :         (Debye)                        0.000026
---------------------------------------------------------------------------
 Nuclear vector          :        0.000000        0.000000       -0.000000
 Magnitude               :            (au)                        0.000000
                         :         (Debye)                        0.000000
---------------------------------------------------------------------------
 Total vector            :        0.000000        0.000000        0.000010
 Magnitude               :            (au)                        0.000010
                         :         (Debye)                        0.000026
===========================================================================


                                                                           
                                                                           
***************************************************************************
***                                                                     ***
***                            Exiting MRChem                           ***
***                                                                     ***
***                       Wall time :  0h 37m 15s                       ***
***                                                                     ***
***************************************************************************
                                                                           
                                                                           
