                                                                           
                                                                           
***************************************************************************
***                                                                     ***
***                                                                     ***
***          __  __ ____   ____ _                                       ***
***         |  \/  |  _ \ / ___| |__   ___ _ __ ___                     ***
***         | |\/| | |_) | |   | '_ \ / _ \ '_ ` _ \                    ***
***         | |  | |  _ <| |___| | | |  __/ | | | | |                   ***
***         |_|  |_|_| \_\\____|_| |_|\___|_| |_| |_|                   ***
***                                                                     ***
***         VERSION            1.0.1                                    ***
***                                                                     ***
***         Git branch         HEAD                                     ***
***         Git commit hash    9309e3e1e52e5319b766-dirty               ***
***         Git commit author  Stig Rune Jensen                         ***
***         Git commit date    Fri Dec 4 16:08:55 2020 +0100            ***
***                                                                     ***
***         Contact: luca.frediani@uit.no                               ***
***                                                                     ***
***         Radovan Bast            Magnar Bjorgve                      ***
***         Roberto Di Remigio      Antoine Durdek                      ***
***         Luca Frediani           Gabriel Gerez                       ***
***         Stig Rune Jensen        Jonas Juselius                      ***
***         Rune Monstad            Peter Wind                          ***
***                                                                     ***
***************************************************************************

---------------------------------------------------------------------------

 MPI processes           :        (1 bank)                              20
 OpenMP threads          :                                               6
 Total cores             :                                             120
                                                                           
---------------------------------------------------------------------------

XCFun DFT library Copyright 2009-2020 Ulf Ekstrom and contributors.
See http://dftlibs.org/xcfun/ for more information.

This is free software; see the source code for copying conditions.
There is ABSOLUTELY NO WARRANTY; not even for MERCHANTABILITY or
FITNESS FOR A PARTICULAR PURPOSE. For details see the documentation.
Scientific users of this library should cite
U. Ekstrom, L. Visscher, R. Bast, A. J. Thorvaldsen and K. Ruud;
J.Chem.Theor.Comp. 2010, DOI: 10.1021/ct100117s

---------------------------------------------------------------------------

 MRCPP version         : 1.3.6
 Git branch            : HEAD
 Git commit hash       : 9309e3e1e52e5319b766-dirty
 Git commit author     : Stig Rune Jensen
 Git commit date       : Fri Dec 4 16:08:55 2020 +0100

 Linear algebra        : EIGEN v3.3.7
 Parallelization       : MPI/OpenMP (6 threads)

---------------------------------------------------------------------------


                                                                           
===========================================================================
                         MultiResolution Analysis
---------------------------------------------------------------------------
 polynomial order      : 9
 polynomial type       : Interpolating
---------------------------------------------------------------------------
 total boxes           : 8
 boxes                 : [          2           2           2 ]
 unit lengths          : [   32.00000    32.00000    32.00000 ]
 scaling factor        : [    1.00000     1.00000     1.00000 ]
 lower bounds          : [  -32.00000   -32.00000   -32.00000 ]
 upper bounds          : [   32.00000    32.00000    32.00000 ]
 total length          : [   64.00000    64.00000    64.00000 ]
===========================================================================


                                                                           
***************************************************************************
***                                                                     ***
***                        Initializing Molecule                        ***
***                                                                     ***
***************************************************************************
                                                                           
                                                                           
===========================================================================
                                 Molecule
---------------------------------------------------------------------------
 Charge                  :                                               0
 Multiplicity            :                                               2
---------------------------------------------------------------------------
    N    Atom            :               x               y               z
---------------------------------------------------------------------------
    0       B            :        0.000000        0.000000        0.000000
    1       O            :        0.000000        0.000000        2.390503
    2       O            :        0.000000        0.000000       -2.390503
---------------------------------------------------------------------------
 Center of mass          :        0.000000        0.000000       -0.000000
===========================================================================


                                                                           
***************************************************************************
***                                                                     ***
***                 Computing Ground State Wavefunction                 ***
***                                                                     ***
***************************************************************************
                                                                           
                                                                           
~~~~~~~~~~~~~~~~~~~~~~~~~~~~~~~~~~~~~~~~~~~~~~~~~~~~~~~~~~~~~~~~~~~~~~~~~~~
 Calculation             : Compute initial orbitals
 Method                  : Diagonalize SAD Hamiltonian
 Precision               : 1.00000e-04
 Restricted              : False
 Functional              : LDA (SVWN5)
 AO basis                : Hydrogenic orbitals
 Zeta quality            : 2
~~~~~~~~~~~~~~~~~~~~~~~~~~~~~~~~~~~~~~~~~~~~~~~~~~~~~~~~~~~~~~~~~~~~~~~~~~~


===========================================================================
                            Molecular Orbitals
---------------------------------------------------------------------------
 Alpha electrons         :                                              11
 Beta electrons          :                                              10
 Total electrons         :                                              21
---------------------------------------------------------------------------
    n  Occ Spin          :                                            Norm
---------------------------------------------------------------------------
    0    1    a          :                              9.999993040361e-01
    1    1    a          :                              1.000000209442e+00
    2    1    a          :                              9.999999833455e-01
    3    1    a          :                              1.000004756560e+00
    4    1    a          :                              9.999948504626e-01
    5    1    a          :                              9.999912290290e-01
    6    1    a          :                              1.000009489869e+00
    7    1    a          :                              1.000002553373e+00
    8    1    a          :                              1.000002482840e+00
    9    1    a          :                              9.999962859617e-01
   10    1    a          :                              9.999962818627e-01
   11    1    b          :                              9.999999102237e-01
   12    1    b          :                              1.000000192572e+00
   13    1    b          :                              9.999999833455e-01
   14    1    b          :                              1.000004756706e+00
   15    1    b          :                              9.999932194223e-01
   16    1    b          :                              9.999909504439e-01
   17    1    b          :                              9.999850611408e-01
   18    1    b          :                              1.000002553373e+00
   19    1    b          :                              1.000002482840e+00
   20    1    b          :                              9.999962858657e-01
===========================================================================


~~~~~~~~~~~~~~~~~~~~~~~~~~~~~~~~~~~~~~~~~~~~~~~~~~~~~~~~~~~~~~~~~~~~~~~~~~~
 Calculation             : Compute initial energy
 Method                  : DFT (PBE)
 Precision               : 1.00000e-04
 Localization            : On
~~~~~~~~~~~~~~~~~~~~~~~~~~~~~~~~~~~~~~~~~~~~~~~~~~~~~~~~~~~~~~~~~~~~~~~~~~~


===========================================================================
                        Molecular Energy (initial)
---------------------------------------------------------------------------
 Kinetic energy          :            (au)                185.187443452786
 E-N energy              :            (au)               -519.747431098053
 Coulomb energy          :            (au)                134.769087563778
 Exchange energy         :            (au)                  0.000000000000
 X-C energy              :            (au)                -21.687817058642
 Ext. field (el)         :            (au)                  0.000000000000
---------------------------------------------------------------------------
 N-N energy              :            (au)                 46.852056741288
 Ext. field (nuc)        :            (au)                  0.000000000000
---------------------------------------------------------------------------
 Electronic energy       :            (au)               -221.478717140132
 Nuclear energy          :            (au)                 46.852056741288
---------------------------------------------------------------------------
 Total energy            :            (au)             -1.746266603988e+02
                         :      (kcal/mol)             -1.095798829401e+05
                         :        (kJ/mol)             -4.584822305190e+05
                         :            (eV)             -4.751833296109e+03
===========================================================================


===========================================================================
                        Orbital Energies (initial)
---------------------------------------------------------------------------
    n  Occ Spin          :                                         Epsilon
---------------------------------------------------------------------------
    0    1    a          :            (au)                -18.382685000116
    1    1    a          :            (au)                -18.380522161581
    2    1    a          :            (au)                 -6.589786465664
    3    1    a          :            (au)                 -0.865144228334
    4    1    a          :            (au)                 -0.864096458611
    5    1    a          :            (au)                 -0.334542848973
    6    1    a          :            (au)                 -0.296962330157
    7    1    a          :            (au)                 -0.281417260035
    8    1    a          :            (au)                 -0.264681793774
    9    1    a          :            (au)                 -0.211158283873
   10    1    a          :            (au)                 -0.168069374900
   11    1    b          :            (au)                -18.370444866254
   12    1    b          :            (au)                -18.368302584381
   13    1    b          :            (au)                 -6.589826321314
   14    1    b          :            (au)                 -0.840792271685
   15    1    b          :            (au)                 -0.840520358433
   16    1    b          :            (au)                 -0.288862002540
   17    1    b          :            (au)                 -0.287467793014
   18    1    b          :            (au)                 -0.266919214589
   19    1    b          :            (au)                 -0.250295733161
   20    1    b          :            (au)                 -0.155430734977
---------------------------------------------------------------------------
 Sum occupied            :            (au)                -92.897928086367
===========================================================================


~~~~~~~~~~~~~~~~~~~~~~~~~~~~~~~~~~~~~~~~~~~~~~~~~~~~~~~~~~~~~~~~~~~~~~~~~~~
 Calculation             : Optimize ground state orbitals
 Method                  : DFT (PBE)
 Checkpointing           : Off
 Max iterations          : 200
 KAIN solver             : 10
 Localization            : First two iterations
 Diagonalization         : Off
 Start precision         : 1.00000e-06
 Final precision         : 1.00000e-06
 Helmholtz precision     : Dynamic
 Energy threshold        : 1.00000e-06
 Orbital threshold       : 5.00000e-05
~~~~~~~~~~~~~~~~~~~~~~~~~~~~~~~~~~~~~~~~~~~~~~~~~~~~~~~~~~~~~~~~~~~~~~~~~~~


===========================================================================
 Iter           MO residual             Total energy                Update
---------------------------------------------------------------------------
    0          4.582576e+00        -174.626660398845         -1.746267e+02
    1          3.988712e-01        -175.135815743813         -5.091553e-01
    2          1.661544e-01        -175.186011024774         -5.019528e-02
    3          1.015648e-01        -175.194744466464         -8.733442e-03
    4          4.696185e-02        -175.199318985352         -4.574519e-03
    5          2.260347e-02        -175.200692792966         -1.373808e-03
    6          1.427249e-02        -175.201233562451         -5.407695e-04
    7          1.693992e-02        -175.201724797197         -4.912347e-04
    8          1.340826e-02        -175.201991697599         -2.669004e-04
    9          1.207255e-02        -175.202165606830         -1.739092e-04
   10          6.533797e-03        -175.202231022162         -6.541533e-05
   11          5.717166e-03        -175.202275902607         -4.488045e-05
   12          3.681381e-03        -175.202296226057         -2.032345e-05
   13          2.183493e-03        -175.202305925301         -9.699243e-06
   14          1.770944e-03        -175.202311712469         -5.787168e-06
   15          2.043429e-03        -175.202315460177         -3.747707e-06
   16          7.343336e-04        -175.202316204910         -7.447332e-07
   17          4.690871e-04        -175.202316590212         -3.853020e-07
   18          2.973843e-04        -175.202316739409         -1.491977e-07
   19          2.333451e-04        -175.202316805911         -6.650151e-08
   20          1.603315e-04        -175.202316842994         -3.708288e-08
   21          8.775132e-05        -175.202316856201         -1.320751e-08
---------------------------------------------------------------------------
                      SCF converged in 21 iterations!
===========================================================================


                                                                           
***************************************************************************
***                                                                     ***
***                    Printing Molecular Properties                    ***
***                                                                     ***
***************************************************************************
                                                                           
                                                                           
===========================================================================
                                 Molecule
---------------------------------------------------------------------------
 Charge                  :                                               0
 Multiplicity            :                                               2
---------------------------------------------------------------------------
    N    Atom            :               x               y               z
---------------------------------------------------------------------------
    0       B            :        0.000000        0.000000        0.000000
    1       O            :        0.000000        0.000000        2.390503
    2       O            :        0.000000        0.000000       -2.390503
---------------------------------------------------------------------------
 Center of mass          :        0.000000        0.000000       -0.000000
===========================================================================


===========================================================================
                         Molecular Energy (final)
---------------------------------------------------------------------------
 Kinetic energy          :            (au)                174.666982194308
 E-N energy              :            (au)               -507.214859963637
 Coulomb energy          :            (au)                131.483436614212
 Exchange energy         :            (au)                  0.000000000000
 X-C energy              :            (au)                -20.989932442371
 Ext. field (el)         :            (au)                  0.000000000000
---------------------------------------------------------------------------
 N-N energy              :            (au)                 46.852056741288
 Ext. field (nuc)        :            (au)                  0.000000000000
---------------------------------------------------------------------------
 Electronic energy       :            (au)               -222.054373597489
 Nuclear energy          :            (au)                 46.852056741288
---------------------------------------------------------------------------
 Total energy            :            (au)             -1.752023168562e+02
                         :      (kcal/mol)             -1.099411128180e+05
                         :        (kJ/mol)             -4.599936163291e+05
                         :            (eV)             -4.767497705626e+03
===========================================================================


===========================================================================
                         Orbital Energies (final)
---------------------------------------------------------------------------
    n  Occ Spin          :                                         Epsilon
---------------------------------------------------------------------------
    0    1    a          :            (au)                -18.832743747830
    1    1    a          :            (au)                -18.832743510818
    2    1    a          :            (au)                 -6.586300826398
    3    1    a          :            (au)                 -0.965670970543
    4    1    a          :            (au)                 -0.964773073804
    5    1    a          :            (au)                 -0.437906226749
    6    1    a          :            (au)                 -0.423825811837
    7    1    a          :            (au)                 -0.420360283360
    8    1    a          :            (au)                 -0.392285700533
    9    1    a          :            (au)                 -0.363339408432
   10    1    a          :            (au)                 -0.323871343676
   11    1    b          :            (au)                -18.820223213929
   12    1    b          :            (au)                -18.820223059991
   13    1    b          :            (au)                 -6.588182514553
   14    1    b          :            (au)                 -0.938242023108
   15    1    b          :            (au)                 -0.935894521572
   16    1    b          :            (au)                 -0.426582675436
   17    1    b          :            (au)                 -0.407309918165
   18    1    b          :            (au)                 -0.384099844181
   19    1    b          :            (au)                 -0.377341674052
   20    1    b          :            (au)                 -0.310783372344
---------------------------------------------------------------------------
 Sum occupied            :            (au)                -96.552703721308
===========================================================================


===========================================================================
                           Dipole Moment (dip-1)
---------------------------------------------------------------------------
 r_O                     :        0.000000        0.000000        0.000000
---------------------------------------------------------------------------
 Electronic vector       :        0.000000        0.000001        0.000001
 Magnitude               :            (au)                        0.000001
                         :         (Debye)                        0.000003
---------------------------------------------------------------------------
 Nuclear vector          :        0.000000        0.000000        0.000000
 Magnitude               :            (au)                        0.000000
                         :         (Debye)                        0.000000
---------------------------------------------------------------------------
 Total vector            :        0.000000        0.000001        0.000001
 Magnitude               :            (au)                        0.000001
                         :         (Debye)                        0.000003
===========================================================================


                                                                           
                                                                           
***************************************************************************
***                                                                     ***
***                            Exiting MRChem                           ***
***                                                                     ***
***                       Wall time :  0h 31m 57s                       ***
***                                                                     ***
***************************************************************************
                                                                           
                                                                           
