Starting job 3267550 on c2-[4,6,25,46,53],c3-1 at Fri Aug 13 02:19:49 CEST 2021

Copying 59_pbe_.out to /cluster/home/ambr/projects/psp/row12/calcs/doublets
Copying 59_pbe_.json to /cluster/home/ambr/projects/psp/row12/calcs/doublets

Task and CPU usage stats:
       JobID    JobName  AllocCPUS   NTasks     MinCPU MinCPUTask     AveCPU    Elapsed ExitCode 
------------ ---------- ---------- -------- ---------- ---------- ---------- ---------- -------- 
3267550         59_pbe_        120                                             00:32:01      1:0 
3267550.bat+      batch          6        1   00:00:00          0   00:00:00   00:32:01      1:0 
3267550.ext+     extern        120        6   00:00:00          5   00:00:00   00:32:01      0:0 
3267550.0      mrchem.x        120       20   00:31:58         19   01:48:32   00:31:59      0:0 

Memory usage stats:
       JobID     MaxRSS MaxRSSTask     AveRSS MaxPages   MaxPagesTask   AvePages 
------------ ---------- ---------- ---------- -------- -------------- ---------- 
3267550                                                                          
3267550.bat+     14380K          0     14380K        0              0          0 
3267550.ext+          0          5          0        0              5          0 
3267550.0      5215756K          0 3864612044        0              8          0 

Disk usage stats:
       JobID  MaxDiskRead MaxDiskReadTask    AveDiskRead MaxDiskWrite MaxDiskWriteTask   AveDiskWrite 
------------ ------------ --------------- -------------- ------------ ---------------- -------------- 
3267550                                                                                               
3267550.bat+        3.70M               0          3.70M        0.02M                0          0.02M 
3267550.ext+        0.00M               5          0.00M            0                5              0 
3267550.0           2.07M               4          2.05M        2.08M                0          2.07M 

Job 3267550 completed at Fri Aug 13 02:51:51 CEST 2021
