Starting job 3125995 on c5-[1,4,15,18-20,24-25] at Thu Jul 8 02:56:35 CEST 2021

Copying 5_pbe0_.out to /cluster/home/ambr/projects/psp/calcs
Copying 5_pbe0_.json to /cluster/home/ambr/projects/psp/calcs

Task and CPU usage stats:
       JobID    JobName  AllocCPUS   NTasks     MinCPU MinCPUTask     AveCPU    Elapsed ExitCode 
------------ ---------- ---------- -------- ---------- ---------- ---------- ---------- -------- 
3125995         5_pbe0_        200                                             00:37:59      1:0 
3125995.bat+      batch         10        1   00:00:00          0   00:00:00   00:37:59      1:0 
3125995.ext+     extern        200        8   00:00:00          6   00:00:00   00:37:59      0:0 
3125995.0      mrchem.x        200       20   00:37:51         19   02:28:25   00:37:52      0:0 

Memory usage stats:
       JobID     MaxRSS MaxRSSTask     AveRSS MaxPages   MaxPagesTask   AvePages 
------------ ---------- ---------- ---------- -------- -------------- ---------- 
3125995                                                                          
3125995.bat+     14792K          0     14792K        0              0          0 
3125995.ext+          0          6          0        0              6          0 
3125995.0      3811732K          4 2841171148        0             18          0 

Disk usage stats:
       JobID  MaxDiskRead MaxDiskReadTask    AveDiskRead MaxDiskWrite MaxDiskWriteTask   AveDiskWrite 
------------ ------------ --------------- -------------- ------------ ---------------- -------------- 
3125995                                                                                               
3125995.bat+        3.55M               0          3.55M        0.02M                0          0.02M 
3125995.ext+        0.00M               6          0.00M            0                6              0 
3125995.0           2.06M               9          2.05M       70.67M                9         24.51M 

Job 3125995 completed at Thu Jul 8 03:34:34 CEST 2021
