                                                                           
                                                                           
***************************************************************************
***                                                                     ***
***                                                                     ***
***          __  __ ____   ____ _                                       ***
***         |  \/  |  _ \ / ___| |__   ___ _ __ ___                     ***
***         | |\/| | |_) | |   | '_ \ / _ \ '_ ` _ \                    ***
***         | |  | |  _ <| |___| | | |  __/ | | | | |                   ***
***         |_|  |_|_| \_\\____|_| |_|\___|_| |_| |_|                   ***
***                                                                     ***
***         VERSION            1.0.1                                    ***
***                                                                     ***
***         Git branch         HEAD                                     ***
***         Git commit hash    9309e3e1e52e5319b766-dirty               ***
***         Git commit author  Stig Rune Jensen                         ***
***         Git commit date    Fri Dec 4 16:08:55 2020 +0100            ***
***                                                                     ***
***         Contact: luca.frediani@uit.no                               ***
***                                                                     ***
***         Radovan Bast            Magnar Bjorgve                      ***
***         Roberto Di Remigio      Antoine Durdek                      ***
***         Luca Frediani           Gabriel Gerez                       ***
***         Stig Rune Jensen        Jonas Juselius                      ***
***         Rune Monstad            Peter Wind                          ***
***                                                                     ***
***************************************************************************

---------------------------------------------------------------------------

 MPI processes           :        (1 bank)                              20
 OpenMP threads          :                                               6
 Total cores             :                                             120
                                                                           
---------------------------------------------------------------------------

XCFun DFT library Copyright 2009-2020 Ulf Ekstrom and contributors.
See http://dftlibs.org/xcfun/ for more information.

This is free software; see the source code for copying conditions.
There is ABSOLUTELY NO WARRANTY; not even for MERCHANTABILITY or
FITNESS FOR A PARTICULAR PURPOSE. For details see the documentation.
Scientific users of this library should cite
U. Ekstrom, L. Visscher, R. Bast, A. J. Thorvaldsen and K. Ruud;
J.Chem.Theor.Comp. 2010, DOI: 10.1021/ct100117s

---------------------------------------------------------------------------

 MRCPP version         : 1.3.6
 Git branch            : HEAD
 Git commit hash       : 9309e3e1e52e5319b766-dirty
 Git commit author     : Stig Rune Jensen
 Git commit date       : Fri Dec 4 16:08:55 2020 +0100

 Linear algebra        : EIGEN v3.3.7
 Parallelization       : MPI/OpenMP (6 threads)

---------------------------------------------------------------------------


                                                                           
===========================================================================
                         MultiResolution Analysis
---------------------------------------------------------------------------
 polynomial order      : 9
 polynomial type       : Interpolating
---------------------------------------------------------------------------
 total boxes           : 8
 boxes                 : [          2           2           2 ]
 unit lengths          : [   32.00000    32.00000    32.00000 ]
 scaling factor        : [    1.00000     1.00000     1.00000 ]
 lower bounds          : [  -32.00000   -32.00000   -32.00000 ]
 upper bounds          : [   32.00000    32.00000    32.00000 ]
 total length          : [   64.00000    64.00000    64.00000 ]
===========================================================================


                                                                           
***************************************************************************
***                                                                     ***
***                        Initializing Molecule                        ***
***                                                                     ***
***************************************************************************
                                                                           
                                                                           
===========================================================================
                                 Molecule
---------------------------------------------------------------------------
 Charge                  :                                               0
 Multiplicity            :                                               1
---------------------------------------------------------------------------
    N    Atom            :               x               y               z
---------------------------------------------------------------------------
    0       O            :        0.000000        0.000000       -0.843700
    1       O            :        0.000000        2.056967        0.421850
    2       O            :        0.000000       -2.056967        0.421850
---------------------------------------------------------------------------
 Center of mass          :        0.000000       -0.000000       -0.000000
===========================================================================


                                                                           
***************************************************************************
***                                                                     ***
***                 Computing Ground State Wavefunction                 ***
***                                                                     ***
***************************************************************************
                                                                           
                                                                           
~~~~~~~~~~~~~~~~~~~~~~~~~~~~~~~~~~~~~~~~~~~~~~~~~~~~~~~~~~~~~~~~~~~~~~~~~~~
 Calculation             : Compute initial orbitals
 Method                  : Diagonalize SAD Hamiltonian
 Precision               : 1.00000e-04
 Restricted              : False
 Functional              : LDA (SVWN5)
 AO basis                : Hydrogenic orbitals
 Zeta quality            : 2
~~~~~~~~~~~~~~~~~~~~~~~~~~~~~~~~~~~~~~~~~~~~~~~~~~~~~~~~~~~~~~~~~~~~~~~~~~~


===========================================================================
                            Molecular Orbitals
---------------------------------------------------------------------------
 Alpha electrons         :                                              12
 Beta electrons          :                                              12
 Total electrons         :                                              24
---------------------------------------------------------------------------
    n  Occ Spin          :                                            Norm
---------------------------------------------------------------------------
    0    1    a          :                              9.999999493192e-01
    1    1    a          :                              9.999969937149e-01
    2    1    a          :                              9.999999958322e-01
    3    1    a          :                              9.999998894241e-01
    4    1    a          :                              9.999999675717e-01
    5    1    a          :                              1.000001213783e+00
    6    1    a          :                              1.000000855180e+00
    7    1    a          :                              1.000005651988e+00
    8    1    a          :                              1.000000164992e+00
    9    1    a          :                              1.000004217076e+00
   10    1    a          :                              9.999876979719e-01
   11    1    a          :                              1.000001263548e+00
   12    1    b          :                              9.999999491943e-01
   13    1    b          :                              9.999999979999e-01
   14    1    b          :                              1.000000006161e+00
   15    1    b          :                              1.000000018344e+00
   16    1    b          :                              9.999999173862e-01
   17    1    b          :                              1.000001115345e+00
   18    1    b          :                              9.999983141216e-01
   19    1    b          :                              1.000005230485e+00
   20    1    b          :                              1.000000164995e+00
   21    1    b          :                              9.999965407123e-01
   22    1    b          :                              9.999876186843e-01
   23    1    b          :                              1.000001263548e+00
===========================================================================


~~~~~~~~~~~~~~~~~~~~~~~~~~~~~~~~~~~~~~~~~~~~~~~~~~~~~~~~~~~~~~~~~~~~~~~~~~~
 Calculation             : Compute initial energy
 Method                  : DFT (PBE)
 Precision               : 1.00000e-04
 Localization            : On
~~~~~~~~~~~~~~~~~~~~~~~~~~~~~~~~~~~~~~~~~~~~~~~~~~~~~~~~~~~~~~~~~~~~~~~~~~~


===========================================================================
                        Molecular Energy (initial)
---------------------------------------------------------------------------
 Kinetic energy          :            (au)                235.095571104478
 E-N energy              :            (au)               -679.760153786459
 Coulomb energy          :            (au)                177.356617987202
 Exchange energy         :            (au)                  0.000000000000
 X-C energy              :            (au)                -25.778999375607
 Ext. field (el)         :            (au)                  0.000000000000
---------------------------------------------------------------------------
 N-N energy              :            (au)                 68.556673828954
 Ext. field (nuc)        :            (au)                  0.000000000000
---------------------------------------------------------------------------
 Electronic energy       :            (au)               -293.086964070386
 Nuclear energy          :            (au)                 68.556673828954
---------------------------------------------------------------------------
 Total energy            :            (au)             -2.245302902414e+02
                         :      (kcal/mol)             -1.408948832038e+05
                         :        (kJ/mol)             -5.895041917074e+05
                         :            (eV)             -6.109780183148e+03
===========================================================================


===========================================================================
                        Orbital Energies (initial)
---------------------------------------------------------------------------
    n  Occ Spin          :                                         Epsilon
---------------------------------------------------------------------------
    0    1    a          :            (au)                -19.392172871304
    1    1    a          :            (au)                -18.449118954726
    2    1    a          :            (au)                -18.446953707599
    3    1    a          :            (au)                 -1.388175818043
    4    1    a          :            (au)                 -1.030146208575
    5    1    a          :            (au)                 -0.763783682158
    6    1    a          :            (au)                 -0.616078355337
    7    1    a          :            (au)                 -0.487265906089
    8    1    a          :            (au)                 -0.434631368696
    9    1    a          :            (au)                 -0.203799170575
   10    1    a          :            (au)                 -0.178716577717
   11    1    a          :            (au)                 -0.159755706334
   12    1    b          :            (au)                -19.392175877995
   13    1    b          :            (au)                -18.449094150148
   14    1    b          :            (au)                -18.446976681304
   15    1    b          :            (au)                 -1.388174455833
   16    1    b          :            (au)                 -1.030152111337
   17    1    b          :            (au)                 -0.763775703383
   18    1    b          :            (au)                 -0.616081808677
   19    1    b          :            (au)                 -0.487269762760
   20    1    b          :            (au)                 -0.434637646861
   21    1    b          :            (au)                 -0.203802635956
   22    1    b          :            (au)                 -0.178719401719
   23    1    b          :            (au)                 -0.159770835168
---------------------------------------------------------------------------
 Sum occupied            :            (au)               -123.101229398293
===========================================================================


~~~~~~~~~~~~~~~~~~~~~~~~~~~~~~~~~~~~~~~~~~~~~~~~~~~~~~~~~~~~~~~~~~~~~~~~~~~
 Calculation             : Optimize ground state orbitals
 Method                  : DFT (PBE)
 Checkpointing           : Off
 Max iterations          : 200
 KAIN solver             : 10
 Localization            : First two iterations
 Diagonalization         : Off
 Start precision         : 1.00000e-06
 Final precision         : 1.00000e-06
 Helmholtz precision     : Dynamic
 Energy threshold        : 1.00000e-06
 Orbital threshold       : 5.00000e-05
~~~~~~~~~~~~~~~~~~~~~~~~~~~~~~~~~~~~~~~~~~~~~~~~~~~~~~~~~~~~~~~~~~~~~~~~~~~


===========================================================================
 Iter           MO residual             Total energy                Update
---------------------------------------------------------------------------
    0          4.898979e+00        -224.530290241432         -2.245303e+02
    1          4.300993e-01        -225.245408391022         -7.151181e-01
    2          1.700304e-01        -225.313875948755         -6.846756e-02
    3          9.207687e-02        -225.327997531978         -1.412158e-02
    4          4.746607e-02        -225.333237138113         -5.239606e-03
    5          3.859167e-02        -225.337464153340         -4.227015e-03
    6          1.581304e-02        -225.338594219252         -1.130066e-03
    7          2.622230e-02        -225.340001960336         -1.407741e-03
    8          1.676576e-02        -225.340372092233         -3.701319e-04
    9          7.100023e-03        -225.340490256045         -1.181638e-04
   10          4.328347e-03        -225.340550397730         -6.014168e-05
   11          6.640154e-03        -225.340612558059         -6.216033e-05
   12          3.712630e-03        -225.340632443836         -1.988578e-05
   13          2.055849e-03        -225.340641036362         -8.592526e-06
   14          1.817705e-03        -225.340646314913         -5.278551e-06
   15          1.191582e-03        -225.340648950279         -2.635365e-06
   16          6.112250e-04        -225.340649833732         -8.834529e-07
   17          4.389278e-04        -225.340650203062         -3.693298e-07
   18          3.022365e-04        -225.340650409444         -2.063820e-07
   19          2.938521e-04        -225.340650560060         -1.506165e-07
   20          3.621936e-04        -225.340650729603         -1.695429e-07
   21          1.968834e-04        -225.340650787510         -5.790724e-08
   22          1.333630e-04        -225.340650815183         -2.767234e-08
---------------------------------------------------------------------------
                      SCF converged in 22 iterations!
===========================================================================


                                                                           
***************************************************************************
***                                                                     ***
***                    Printing Molecular Properties                    ***
***                                                                     ***
***************************************************************************
                                                                           
                                                                           
===========================================================================
                                 Molecule
---------------------------------------------------------------------------
 Charge                  :                                               0
 Multiplicity            :                                               1
---------------------------------------------------------------------------
    N    Atom            :               x               y               z
---------------------------------------------------------------------------
    0       O            :        0.000000        0.000000       -0.843700
    1       O            :        0.000000        2.056967        0.421850
    2       O            :        0.000000       -2.056967        0.421850
---------------------------------------------------------------------------
 Center of mass          :        0.000000       -0.000000       -0.000000
===========================================================================


===========================================================================
                         Molecular Energy (final)
---------------------------------------------------------------------------
 Kinetic energy          :            (au)                224.630185053257
 E-N energy              :            (au)               -669.745648296809
 Coulomb energy          :            (au)                176.498647817541
 Exchange energy         :            (au)                  0.000000000000
 X-C energy              :            (au)                -25.280509218126
 Ext. field (el)         :            (au)                  0.000000000000
---------------------------------------------------------------------------
 N-N energy              :            (au)                 68.556673828954
 Ext. field (nuc)        :            (au)                  0.000000000000
---------------------------------------------------------------------------
 Electronic energy       :            (au)               -293.897324644136
 Nuclear energy          :            (au)                 68.556673828954
---------------------------------------------------------------------------
 Total energy            :            (au)             -2.253406508152e+02
                         :      (kcal/mol)             -1.414033921371e+05
                         :        (kJ/mol)             -5.916317930858e+05
                         :            (eV)             -6.131831216750e+03
===========================================================================


===========================================================================
                         Orbital Energies (final)
---------------------------------------------------------------------------
    n  Occ Spin          :                                         Epsilon
---------------------------------------------------------------------------
    0    1    a          :            (au)                -19.042084641579
    1    1    a          :            (au)                -18.868543928827
    2    1    a          :            (au)                -18.868543661940
    3    1    a          :            (au)                 -1.260299032068
    4    1    a          :            (au)                 -1.008297887462
    5    1    a          :            (au)                 -0.715605239040
    6    1    a          :            (au)                 -0.546838883320
    7    1    a          :            (au)                 -0.542007809506
    8    1    a          :            (au)                 -0.531373523577
    9    1    a          :            (au)                 -0.336534926445
   10    1    a          :            (au)                 -0.297160483312
   11    1    a          :            (au)                 -0.294094093856
   12    1    b          :            (au)                -19.042084641667
   13    1    b          :            (au)                -18.868543932191
   14    1    b          :            (au)                -18.868543658928
   15    1    b          :            (au)                 -1.260299032222
   16    1    b          :            (au)                 -1.008297887916
   17    1    b          :            (au)                 -0.715605238666
   18    1    b          :            (au)                 -0.546838884373
   19    1    b          :            (au)                 -0.542007810143
   20    1    b          :            (au)                 -0.531373521888
   21    1    b          :            (au)                 -0.336534926024
   22    1    b          :            (au)                 -0.297160481384
   23    1    b          :            (au)                 -0.294094096915
---------------------------------------------------------------------------
 Sum occupied            :            (au)               -124.622768223251
===========================================================================


===========================================================================
                           Dipole Moment (dip-1)
---------------------------------------------------------------------------
 r_O                     :        0.000000        0.000000        0.000000
---------------------------------------------------------------------------
 Electronic vector       :        0.000000       -0.000001       -0.250832
 Magnitude               :            (au)                        0.250832
                         :         (Debye)                        0.637551
---------------------------------------------------------------------------
 Nuclear vector          :        0.000000        0.000000        0.000000
 Magnitude               :            (au)                        0.000000
                         :         (Debye)                        0.000000
---------------------------------------------------------------------------
 Total vector            :        0.000000       -0.000001       -0.250832
 Magnitude               :            (au)                        0.250832
                         :         (Debye)                        0.637551
===========================================================================


                                                                           
                                                                           
***************************************************************************
***                                                                     ***
***                            Exiting MRChem                           ***
***                                                                     ***
***                       Wall time :  0h 35m  3s                       ***
***                                                                     ***
***************************************************************************
                                                                           
                                                                           
