Starting job 3267524 on c1-[9,21,23],c2-[3-4,6] at Thu Aug 12 17:27:15 CEST 2021

Copying 5_pbe_.out to /cluster/home/ambr/projects/psp/row12/calcs/singlets
Copying 5_pbe_.json to /cluster/home/ambr/projects/psp/row12/calcs/singlets

Task and CPU usage stats:
       JobID    JobName  AllocCPUS   NTasks     MinCPU MinCPUTask     AveCPU    Elapsed ExitCode 
------------ ---------- ---------- -------- ---------- ---------- ---------- ---------- -------- 
3267524          5_pbe_        120                                             00:35:07      1:0 
3267524.bat+      batch         24        1   00:00:00          0   00:00:00   00:35:07      1:0 
3267524.ext+     extern        120        6   00:00:00          3   00:00:00   00:35:08      0:0 
3267524.0      mrchem.x        120       20   00:35:04         19   01:59:50   00:35:05      0:0 

Memory usage stats:
       JobID     MaxRSS MaxRSSTask     AveRSS MaxPages   MaxPagesTask   AvePages 
------------ ---------- ---------- ---------- -------- -------------- ---------- 
3267524                                                                          
3267524.bat+     14388K          0     14388K        0              0          0 
3267524.ext+          0          3          0        0              3          0 
3267524.0      5167184K          3 4051158220        0             19          0 

Disk usage stats:
       JobID  MaxDiskRead MaxDiskReadTask    AveDiskRead MaxDiskWrite MaxDiskWriteTask   AveDiskWrite 
------------ ------------ --------------- -------------- ------------ ---------------- -------------- 
3267524                                                                                               
3267524.bat+        3.70M               0          3.70M        0.02M                0          0.02M 
3267524.ext+        0.00M               3          0.00M            0                3              0 
3267524.0           2.06M               1          2.05M        2.11M                0          2.07M 

Job 3267524 completed at Thu Aug 12 18:02:23 CEST 2021
