Starting job 3267551 on c2-[9,11],c5-[52,58] at Fri Aug 13 02:28:50 CEST 2021

Copying 60_pbe_.out to /cluster/home/ambr/projects/psp/row12/calcs/doublets
Copying 60_pbe_.json to /cluster/home/ambr/projects/psp/row12/calcs/doublets

Task and CPU usage stats:
       JobID    JobName  AllocCPUS   NTasks     MinCPU MinCPUTask     AveCPU    Elapsed ExitCode 
------------ ---------- ---------- -------- ---------- ---------- ---------- ---------- -------- 
3267551         60_pbe_        120                                             00:21:55      1:0 
3267551.bat+      batch         30        1   00:00:00          0   00:00:00   00:21:55      1:0 
3267551.ext+     extern        120        4   00:00:00          0   00:00:00   00:21:55      0:0 
3267551.0      mrchem.x        120       20   00:21:53         19   01:05:55   00:21:54      0:0 

Memory usage stats:
       JobID     MaxRSS MaxRSSTask     AveRSS MaxPages   MaxPagesTask   AvePages 
------------ ---------- ---------- ---------- -------- -------------- ---------- 
3267551                                                                          
3267551.bat+     14276K          0     14276K        0              0          0 
3267551.ext+          0          0          0        0              0          0 
3267551.0      2944696K          3   2436622K        0              1          0 

Disk usage stats:
       JobID  MaxDiskRead MaxDiskReadTask    AveDiskRead MaxDiskWrite MaxDiskWriteTask   AveDiskWrite 
------------ ------------ --------------- -------------- ------------ ---------------- -------------- 
3267551                                                                                               
3267551.bat+        3.70M               0          3.70M        0.02M                0          0.02M 
3267551.ext+        0.00M               0          0.00M            0                0              0 
3267551.0           2.06M              13          2.06M        2.11M                0          2.07M 

Job 3267551 completed at Fri Aug 13 02:50:45 CEST 2021
