                                                                           
                                                                           
***************************************************************************
***                                                                     ***
***                                                                     ***
***          __  __ ____   ____ _                                       ***
***         |  \/  |  _ \ / ___| |__   ___ _ __ ___                     ***
***         | |\/| | |_) | |   | '_ \ / _ \ '_ ` _ \                    ***
***         | |  | |  _ <| |___| | | |  __/ | | | | |                   ***
***         |_|  |_|_| \_\\____|_| |_|\___|_| |_| |_|                   ***
***                                                                     ***
***         VERSION            1.0.1                                    ***
***                                                                     ***
***         Git branch         HEAD                                     ***
***         Git commit hash    9309e3e1e52e5319b766-dirty               ***
***         Git commit author  Stig Rune Jensen                         ***
***         Git commit date    Fri Dec 4 16:08:55 2020 +0100            ***
***                                                                     ***
***         Contact: luca.frediani@uit.no                               ***
***                                                                     ***
***         Radovan Bast            Magnar Bjorgve                      ***
***         Roberto Di Remigio      Antoine Durdek                      ***
***         Luca Frediani           Gabriel Gerez                       ***
***         Stig Rune Jensen        Jonas Juselius                      ***
***         Rune Monstad            Peter Wind                          ***
***                                                                     ***
***************************************************************************

---------------------------------------------------------------------------

 MPI processes           :        (1 bank)                              20
 OpenMP threads          :                                               6
 Total cores             :                                             120
                                                                           
---------------------------------------------------------------------------

XCFun DFT library Copyright 2009-2020 Ulf Ekstrom and contributors.
See http://dftlibs.org/xcfun/ for more information.

This is free software; see the source code for copying conditions.
There is ABSOLUTELY NO WARRANTY; not even for MERCHANTABILITY or
FITNESS FOR A PARTICULAR PURPOSE. For details see the documentation.
Scientific users of this library should cite
U. Ekstrom, L. Visscher, R. Bast, A. J. Thorvaldsen and K. Ruud;
J.Chem.Theor.Comp. 2010, DOI: 10.1021/ct100117s

---------------------------------------------------------------------------

 MRCPP version         : 1.3.6
 Git branch            : HEAD
 Git commit hash       : 9309e3e1e52e5319b766-dirty
 Git commit author     : Stig Rune Jensen
 Git commit date       : Fri Dec 4 16:08:55 2020 +0100

 Linear algebra        : EIGEN v3.3.7
 Parallelization       : MPI/OpenMP (6 threads)

---------------------------------------------------------------------------


                                                                           
===========================================================================
                         MultiResolution Analysis
---------------------------------------------------------------------------
 polynomial order      : 9
 polynomial type       : Interpolating
---------------------------------------------------------------------------
 total boxes           : 8
 boxes                 : [          2           2           2 ]
 unit lengths          : [   32.00000    32.00000    32.00000 ]
 scaling factor        : [    1.00000     1.00000     1.00000 ]
 lower bounds          : [  -32.00000   -32.00000   -32.00000 ]
 upper bounds          : [   32.00000    32.00000    32.00000 ]
 total length          : [   64.00000    64.00000    64.00000 ]
===========================================================================


                                                                           
***************************************************************************
***                                                                     ***
***                        Initializing Molecule                        ***
***                                                                     ***
***************************************************************************
                                                                           
                                                                           
===========================================================================
                                 Molecule
---------------------------------------------------------------------------
 Charge                  :                                               0
 Multiplicity            :                                               2
---------------------------------------------------------------------------
    N    Atom            :               x               y               z
---------------------------------------------------------------------------
    0       B            :        0.000000        0.000000       -1.358332
    1       O            :        0.000000        0.000000        0.917843
---------------------------------------------------------------------------
 Center of mass          :        0.000000        0.000000       -0.000000
===========================================================================


                                                                           
***************************************************************************
***                                                                     ***
***                 Computing Ground State Wavefunction                 ***
***                                                                     ***
***************************************************************************
                                                                           
                                                                           
~~~~~~~~~~~~~~~~~~~~~~~~~~~~~~~~~~~~~~~~~~~~~~~~~~~~~~~~~~~~~~~~~~~~~~~~~~~
 Calculation             : Compute initial orbitals
 Method                  : Diagonalize SAD Hamiltonian
 Precision               : 1.00000e-04
 Restricted              : False
 Functional              : LDA (SVWN5)
 AO basis                : Hydrogenic orbitals
 Zeta quality            : 2
~~~~~~~~~~~~~~~~~~~~~~~~~~~~~~~~~~~~~~~~~~~~~~~~~~~~~~~~~~~~~~~~~~~~~~~~~~~


===========================================================================
                            Molecular Orbitals
---------------------------------------------------------------------------
 Alpha electrons         :                                               7
 Beta electrons          :                                               6
 Total electrons         :                                              13
---------------------------------------------------------------------------
    n  Occ Spin          :                                            Norm
---------------------------------------------------------------------------
    0    1    a          :                              9.999999671281e-01
    1    1    a          :                              1.000000010617e+00
    2    1    a          :                              9.999999751813e-01
    3    1    a          :                              1.000000000171e+00
    4    1    a          :                              9.999999999936e-01
    5    1    a          :                              9.999999999925e-01
    6    1    a          :                              9.999999873366e-01
    7    1    b          :                              9.999999967246e-01
    8    1    b          :                              1.000000010797e+00
    9    1    b          :                              9.999993182811e-01
   10    1    b          :                              9.999999973823e-01
   11    1    b          :                              9.999999999936e-01
   12    1    b          :                              9.999999999925e-01
===========================================================================


~~~~~~~~~~~~~~~~~~~~~~~~~~~~~~~~~~~~~~~~~~~~~~~~~~~~~~~~~~~~~~~~~~~~~~~~~~~
 Calculation             : Compute initial energy
 Method                  : DFT (PBE)
 Precision               : 1.00000e-04
 Localization            : On
~~~~~~~~~~~~~~~~~~~~~~~~~~~~~~~~~~~~~~~~~~~~~~~~~~~~~~~~~~~~~~~~~~~~~~~~~~~


===========================================================================
                        Molecular Energy (initial)
---------------------------------------------------------------------------
 Kinetic energy          :            (au)                106.552376830980
 E-N energy              :            (au)               -279.894000603057
 Coulomb energy          :            (au)                 69.253390200204
 Exchange energy         :            (au)                  0.000000000000
 X-C energy              :            (au)                -13.003702479671
 Ext. field (el)         :            (au)                  0.000000000000
---------------------------------------------------------------------------
 N-N energy              :            (au)                 17.573341627365
 Ext. field (nuc)        :            (au)                  0.000000000000
---------------------------------------------------------------------------
 Electronic energy       :            (au)               -117.091936051545
 Nuclear energy          :            (au)                 17.573341627365
---------------------------------------------------------------------------
 Total energy            :            (au)             -9.951859442418e+01
                         :      (kcal/mol)             -6.244886034274e+04
                         :        (kJ/mol)             -2.612860318436e+05
                         :            (eV)             -2.708038792511e+03
===========================================================================


===========================================================================
                        Orbital Energies (initial)
---------------------------------------------------------------------------
    n  Occ Spin          :                                         Epsilon
---------------------------------------------------------------------------
    0    1    a          :            (au)                -18.020709581138
    1    1    a          :            (au)                 -6.633790557327
    2    1    a          :            (au)                 -0.702345410378
    3    1    a          :            (au)                 -0.367226436072
    4    1    a          :            (au)                 -0.099432452056
    5    1    a          :            (au)                 -0.088685300039
    6    1    a          :            (au)                 -0.060548324508
    7    1    b          :            (au)                -18.019462022022
    8    1    b          :            (au)                 -6.616838506402
    9    1    b          :            (au)                 -0.691285923096
   10    1    b          :            (au)                 -0.092637214350
   11    1    b          :            (au)                 -0.082644307071
   12    1    b          :            (au)                 -0.070868482437
---------------------------------------------------------------------------
 Sum occupied            :            (au)                -51.546474516896
===========================================================================


~~~~~~~~~~~~~~~~~~~~~~~~~~~~~~~~~~~~~~~~~~~~~~~~~~~~~~~~~~~~~~~~~~~~~~~~~~~
 Calculation             : Optimize ground state orbitals
 Method                  : DFT (PBE)
 Checkpointing           : Off
 Max iterations          : 200
 KAIN solver             : 10
 Localization            : First two iterations
 Diagonalization         : Off
 Start precision         : 1.00000e-06
 Final precision         : 1.00000e-06
 Helmholtz precision     : Dynamic
 Energy threshold        : 1.00000e-06
 Orbital threshold       : 5.00000e-05
~~~~~~~~~~~~~~~~~~~~~~~~~~~~~~~~~~~~~~~~~~~~~~~~~~~~~~~~~~~~~~~~~~~~~~~~~~~


===========================================================================
 Iter           MO residual             Total energy                Update
---------------------------------------------------------------------------
    0          3.605551e+00         -99.518594424180         -9.951859e+01
    1          5.593707e-01         -99.817465409760         -2.988710e-01
    2          3.626914e-01         -99.925538812315         -1.080734e-01
    3          2.286247e-01         -99.935687227335         -1.014842e-02
    4          1.095306e-01         -99.956121932537         -2.043471e-02
    5          2.764843e-02         -99.957207133629         -1.085201e-03
    6          2.463068e-02         -99.957794574828         -5.874412e-04
    7          8.759531e-03         -99.957927552917         -1.329781e-04
    8          9.755896e-03         -99.958023284209         -9.573129e-05
    9          7.629181e-03         -99.958064605408         -4.132120e-05
   10          5.133699e-03         -99.958085055143         -2.044974e-05
   11          3.088831e-03         -99.958097043882         -1.198874e-05
   12          2.931314e-03         -99.958101899236         -4.855354e-06
   13          1.506681e-03         -99.958103973661         -2.074425e-06
   14          1.197342e-03         -99.958105001955         -1.028293e-06
   15          6.435138e-04         -99.958105407213         -4.052581e-07
   16          6.808231e-04         -99.958105699852         -2.926389e-07
   17          3.274399e-04         -99.958105778208         -7.835669e-08
   18          2.277645e-04         -99.958105816018         -3.781022e-08
   19          6.287019e-05         -99.958105825484         -9.465424e-09
---------------------------------------------------------------------------
                      SCF converged in 19 iterations!
===========================================================================


                                                                           
***************************************************************************
***                                                                     ***
***                    Printing Molecular Properties                    ***
***                                                                     ***
***************************************************************************
                                                                           
                                                                           
===========================================================================
                                 Molecule
---------------------------------------------------------------------------
 Charge                  :                                               0
 Multiplicity            :                                               2
---------------------------------------------------------------------------
    N    Atom            :               x               y               z
---------------------------------------------------------------------------
    0       B            :        0.000000        0.000000       -1.358332
    1       O            :        0.000000        0.000000        0.917843
---------------------------------------------------------------------------
 Center of mass          :        0.000000        0.000000       -0.000000
===========================================================================


===========================================================================
                         Molecular Energy (final)
---------------------------------------------------------------------------
 Kinetic energy          :            (au)                 99.652243177136
 E-N energy              :            (au)               -270.797668756394
 Coulomb energy          :            (au)                 66.085976014070
 Exchange energy         :            (au)                  0.000000000000
 X-C energy              :            (au)                -12.471997887661
 Ext. field (el)         :            (au)                  0.000000000000
---------------------------------------------------------------------------
 N-N energy              :            (au)                 17.573341627365
 Ext. field (nuc)        :            (au)                  0.000000000000
---------------------------------------------------------------------------
 Electronic energy       :            (au)               -117.531447452849
 Nuclear energy          :            (au)                 17.573341627365
---------------------------------------------------------------------------
 Total energy            :            (au)             -9.995810582548e+01
                         :      (kcal/mol)             -6.272465790880e+04
                         :        (kJ/mol)             -2.624399688607e+05
                         :            (eV)             -2.719998506486e+03
===========================================================================


===========================================================================
                         Orbital Energies (final)
---------------------------------------------------------------------------
    n  Occ Spin          :                                         Epsilon
---------------------------------------------------------------------------
    0    1    a          :            (au)                -18.772588773584
    1    1    a          :            (au)                 -6.594206853823
    2    1    a          :            (au)                 -0.919957794302
    3    1    a          :            (au)                 -0.397290283805
    4    1    a          :            (au)                 -0.338331256111
    5    1    a          :            (au)                 -0.338330707554
    6    1    a          :            (au)                 -0.306328827846
    7    1    b          :            (au)                -18.773104475805
    8    1    b          :            (au)                 -6.579312143818
    9    1    b          :            (au)                 -0.918381141423
   10    1    b          :            (au)                 -0.385317013942
   11    1    b          :            (au)                 -0.335274431666
   12    1    b          :            (au)                 -0.335273258745
---------------------------------------------------------------------------
 Sum occupied            :            (au)                -54.993696962424
===========================================================================


===========================================================================
                           Dipole Moment (dip-1)
---------------------------------------------------------------------------
 r_O                     :        0.000000        0.000000        0.000000
---------------------------------------------------------------------------
 Electronic vector       :        0.000000        0.000001       -1.410268
 Magnitude               :            (au)                        1.410268
                         :         (Debye)                        3.584543
---------------------------------------------------------------------------
 Nuclear vector          :        0.000000        0.000000        0.551079
 Magnitude               :            (au)                        0.551079
                         :         (Debye)                        1.400703
---------------------------------------------------------------------------
 Total vector            :        0.000000        0.000001       -0.859189
 Magnitude               :            (au)                        0.859189
                         :         (Debye)                        2.183840
===========================================================================


                                                                           
                                                                           
***************************************************************************
***                                                                     ***
***                            Exiting MRChem                           ***
***                                                                     ***
***                       Wall time :  0h 21m 52s                       ***
***                                                                     ***
***************************************************************************
                                                                           
                                                                           
