Starting job 3267564 on c2-[4,6,9,11,25],c3-1 at Fri Aug 13 04:03:45 CEST 2021

Copying 61_pbe_.out to /cluster/home/ambr/projects/psp/row12/calcs/triplets
Copying 61_pbe_.json to /cluster/home/ambr/projects/psp/row12/calcs/triplets

Task and CPU usage stats:
       JobID    JobName  AllocCPUS   NTasks     MinCPU MinCPUTask     AveCPU    Elapsed ExitCode 
------------ ---------- ---------- -------- ---------- ---------- ---------- ---------- -------- 
3267564         61_pbe_        120                                             00:22:24      1:0 
3267564.bat+      batch          6        1   00:00:00          0   00:00:00   00:22:24      1:0 
3267564.ext+     extern        120        6   00:00:00          5   00:00:00   00:22:24      0:0 
3267564.0      mrchem.x        120       20   00:22:20         19   01:07:43   00:22:22      0:0 

Memory usage stats:
       JobID     MaxRSS MaxRSSTask     AveRSS MaxPages   MaxPagesTask   AvePages 
------------ ---------- ---------- ---------- -------- -------------- ---------- 
3267564                                                                          
3267564.bat+     14376K          0     14376K        0              0          0 
3267564.ext+          0          5          0        0              5          0 
3267564.0      3375392K          9 2682966835        0              1          0 

Disk usage stats:
       JobID  MaxDiskRead MaxDiskReadTask    AveDiskRead MaxDiskWrite MaxDiskWriteTask   AveDiskWrite 
------------ ------------ --------------- -------------- ------------ ---------------- -------------- 
3267564                                                                                               
3267564.bat+        3.70M               0          3.70M        0.02M                0          0.02M 
3267564.ext+        0.00M               5          0.00M            0                5              0 
3267564.0           2.06M              13          2.05M        2.08M                0          2.07M 

Job 3267564 completed at Fri Aug 13 04:26:09 CEST 2021
