                                                                           
                                                                           
***************************************************************************
***                                                                     ***
***                                                                     ***
***          __  __ ____   ____ _                                       ***
***         |  \/  |  _ \ / ___| |__   ___ _ __ ___                     ***
***         | |\/| | |_) | |   | '_ \ / _ \ '_ ` _ \                    ***
***         | |  | |  _ <| |___| | | |  __/ | | | | |                   ***
***         |_|  |_|_| \_\\____|_| |_|\___|_| |_| |_|                   ***
***                                                                     ***
***         VERSION            1.0.1                                    ***
***                                                                     ***
***         Git branch         HEAD                                     ***
***         Git commit hash    9309e3e1e52e5319b766-dirty               ***
***         Git commit author  Stig Rune Jensen                         ***
***         Git commit date    Fri Dec 4 16:08:55 2020 +0100            ***
***                                                                     ***
***         Contact: luca.frediani@uit.no                               ***
***                                                                     ***
***         Radovan Bast            Magnar Bjorgve                      ***
***         Roberto Di Remigio      Antoine Durdek                      ***
***         Luca Frediani           Gabriel Gerez                       ***
***         Stig Rune Jensen        Jonas Juselius                      ***
***         Rune Monstad            Peter Wind                          ***
***                                                                     ***
***************************************************************************

---------------------------------------------------------------------------

 MPI processes           :        (1 bank)                              20
 OpenMP threads          :                                               6
 Total cores             :                                             120
                                                                           
---------------------------------------------------------------------------

XCFun DFT library Copyright 2009-2020 Ulf Ekstrom and contributors.
See http://dftlibs.org/xcfun/ for more information.

This is free software; see the source code for copying conditions.
There is ABSOLUTELY NO WARRANTY; not even for MERCHANTABILITY or
FITNESS FOR A PARTICULAR PURPOSE. For details see the documentation.
Scientific users of this library should cite
U. Ekstrom, L. Visscher, R. Bast, A. J. Thorvaldsen and K. Ruud;
J.Chem.Theor.Comp. 2010, DOI: 10.1021/ct100117s

---------------------------------------------------------------------------

 MRCPP version         : 1.3.6
 Git branch            : HEAD
 Git commit hash       : 9309e3e1e52e5319b766-dirty
 Git commit author     : Stig Rune Jensen
 Git commit date       : Fri Dec 4 16:08:55 2020 +0100

 Linear algebra        : EIGEN v3.3.7
 Parallelization       : MPI/OpenMP (6 threads)

---------------------------------------------------------------------------


                                                                           
===========================================================================
                         MultiResolution Analysis
---------------------------------------------------------------------------
 polynomial order      : 9
 polynomial type       : Interpolating
---------------------------------------------------------------------------
 total boxes           : 8
 boxes                 : [          2           2           2 ]
 unit lengths          : [   32.00000    32.00000    32.00000 ]
 scaling factor        : [    1.00000     1.00000     1.00000 ]
 lower bounds          : [  -32.00000   -32.00000   -32.00000 ]
 upper bounds          : [   32.00000    32.00000    32.00000 ]
 total length          : [   64.00000    64.00000    64.00000 ]
===========================================================================


                                                                           
***************************************************************************
***                                                                     ***
***                        Initializing Molecule                        ***
***                                                                     ***
***************************************************************************
                                                                           
                                                                           
===========================================================================
                                 Molecule
---------------------------------------------------------------------------
 Charge                  :                                               0
 Multiplicity            :                                               3
---------------------------------------------------------------------------
    N    Atom            :               x               y               z
---------------------------------------------------------------------------
    0       B            :        0.000000        0.000000       -1.413154
    1       N            :        0.000000        0.000000        1.090733
---------------------------------------------------------------------------
 Center of mass          :        0.000000        0.000000       -0.000000
===========================================================================


                                                                           
***************************************************************************
***                                                                     ***
***                 Computing Ground State Wavefunction                 ***
***                                                                     ***
***************************************************************************
                                                                           
                                                                           
~~~~~~~~~~~~~~~~~~~~~~~~~~~~~~~~~~~~~~~~~~~~~~~~~~~~~~~~~~~~~~~~~~~~~~~~~~~
 Calculation             : Compute initial orbitals
 Method                  : Diagonalize SAD Hamiltonian
 Precision               : 1.00000e-04
 Restricted              : False
 Functional              : LDA (SVWN5)
 AO basis                : Hydrogenic orbitals
 Zeta quality            : 2
~~~~~~~~~~~~~~~~~~~~~~~~~~~~~~~~~~~~~~~~~~~~~~~~~~~~~~~~~~~~~~~~~~~~~~~~~~~


===========================================================================
                            Molecular Orbitals
---------------------------------------------------------------------------
 Alpha electrons         :                                               7
 Beta electrons          :                                               5
 Total electrons         :                                              12
---------------------------------------------------------------------------
    n  Occ Spin          :                                            Norm
---------------------------------------------------------------------------
    0    1    a          :                              9.999987834767e-01
    1    1    a          :                              9.999999953665e-01
    2    1    a          :                              9.999997627248e-01
    3    1    a          :                              1.000000717688e+00
    4    1    a          :                              9.999999997233e-01
    5    1    a          :                              9.999999997163e-01
    6    1    a          :                              9.999998601448e-01
    7    1    b          :                              9.999991940672e-01
    8    1    b          :                              9.999999953894e-01
    9    1    b          :                              9.999997626179e-01
   10    1    b          :                              1.000000715799e+00
   11    1    b          :                              9.999999997233e-01
===========================================================================


~~~~~~~~~~~~~~~~~~~~~~~~~~~~~~~~~~~~~~~~~~~~~~~~~~~~~~~~~~~~~~~~~~~~~~~~~~~
 Calculation             : Compute initial energy
 Method                  : DFT (PBE)
 Precision               : 1.00000e-04
 Localization            : On
~~~~~~~~~~~~~~~~~~~~~~~~~~~~~~~~~~~~~~~~~~~~~~~~~~~~~~~~~~~~~~~~~~~~~~~~~~~


===========================================================================
                        Molecular Energy (initial)
---------------------------------------------------------------------------
 Kinetic energy          :            (au)                 84.139992272357
 E-N energy              :            (au)               -219.531935648555
 Coulomb energy          :            (au)                 53.488136475811
 Exchange energy         :            (au)                  0.000000000000
 X-C energy              :            (au)                -11.080071072589
 Ext. field (el)         :            (au)                  0.000000000000
---------------------------------------------------------------------------
 N-N energy              :            (au)                 13.978266926062
 Ext. field (nuc)        :            (au)                  0.000000000000
---------------------------------------------------------------------------
 Electronic energy       :            (au)                -92.983877972976
 Nuclear energy          :            (au)                 13.978266926062
---------------------------------------------------------------------------
 Total energy            :            (au)             -7.900561104691e+01
                         :      (kcal/mol)             -4.957676903607e+04
                         :        (kJ/mol)             -2.074292017815e+05
                         :            (eV)             -2.149852103308e+03
===========================================================================


===========================================================================
                        Orbital Energies (initial)
---------------------------------------------------------------------------
    n  Occ Spin          :                                         Epsilon
---------------------------------------------------------------------------
    0    1    a          :            (au)                -13.525055666709
    1    1    a          :            (au)                 -6.656656707127
    2    1    a          :            (au)                 -0.650953677550
    3    1    a          :            (au)                 -0.371788456096
    4    1    a          :            (au)                 -0.195473972428
    5    1    a          :            (au)                 -0.149501460415
    6    1    a          :            (au)                 -0.108494689000
    7    1    b          :            (au)                -13.506512428476
    8    1    b          :            (au)                 -6.637948532522
    9    1    b          :            (au)                 -0.599946531361
   10    1    b          :            (au)                 -0.126464685259
   11    1    b          :            (au)                 -0.106204178631
---------------------------------------------------------------------------
 Sum occupied            :            (au)                -42.635000985574
===========================================================================


~~~~~~~~~~~~~~~~~~~~~~~~~~~~~~~~~~~~~~~~~~~~~~~~~~~~~~~~~~~~~~~~~~~~~~~~~~~
 Calculation             : Optimize ground state orbitals
 Method                  : DFT (PBE)
 Checkpointing           : Off
 Max iterations          : 200
 KAIN solver             : 10
 Localization            : First two iterations
 Diagonalization         : Off
 Start precision         : 1.00000e-06
 Final precision         : 1.00000e-06
 Helmholtz precision     : Dynamic
 Energy threshold        : 1.00000e-06
 Orbital threshold       : 5.00000e-05
~~~~~~~~~~~~~~~~~~~~~~~~~~~~~~~~~~~~~~~~~~~~~~~~~~~~~~~~~~~~~~~~~~~~~~~~~~~


===========================================================================
 Iter           MO residual             Total energy                Update
---------------------------------------------------------------------------
    0          3.464102e+00         -79.005611046914         -7.900561e+01
    1          4.698621e-01         -79.284835574679         -2.792245e-01
    2          2.225272e-01         -79.333532150229         -4.869658e-02
    3          9.281218e-02         -79.339792398033         -6.260248e-03
    4          4.238425e-02         -79.342340673886         -2.548276e-03
    5          3.201907e-02         -79.343358986160         -1.018312e-03
    6          1.277776e-02         -79.343558068387         -1.990822e-04
    7          1.359948e-02         -79.343679516744         -1.214484e-04
    8          9.750110e-03         -79.343719303675         -3.978693e-05
    9          7.983947e-03         -79.343749138419         -2.983474e-05
   10          4.319483e-03         -79.343764482976         -1.534456e-05
   11          3.249313e-03         -79.343772925877         -8.442901e-06
   12          2.338642e-03         -79.343775523624         -2.597747e-06
   13          1.069670e-03         -79.343776494152         -9.705278e-07
   14          5.813505e-04         -79.343776970852         -4.767004e-07
   15          5.149835e-04         -79.343777244133         -2.732811e-07
   16          3.837103e-04         -79.343777372557         -1.284238e-07
   17          4.453301e-04         -79.343777468705         -9.614791e-08
   18          3.375698e-04         -79.343777530453         -6.174855e-08
   19          2.057012e-04         -79.343777565445         -3.499183e-08
   20          9.834711e-05         -79.343777576968         -1.152310e-08
---------------------------------------------------------------------------
                      SCF converged in 20 iterations!
===========================================================================


                                                                           
***************************************************************************
***                                                                     ***
***                    Printing Molecular Properties                    ***
***                                                                     ***
***************************************************************************
                                                                           
                                                                           
===========================================================================
                                 Molecule
---------------------------------------------------------------------------
 Charge                  :                                               0
 Multiplicity            :                                               3
---------------------------------------------------------------------------
    N    Atom            :               x               y               z
---------------------------------------------------------------------------
    0       B            :        0.000000        0.000000       -1.413154
    1       N            :        0.000000        0.000000        1.090733
---------------------------------------------------------------------------
 Center of mass          :        0.000000        0.000000       -0.000000
===========================================================================


===========================================================================
                         Molecular Energy (final)
---------------------------------------------------------------------------
 Kinetic energy          :            (au)                 79.074261378374
 E-N energy              :            (au)               -213.417978394104
 Coulomb energy          :            (au)                 51.730508129871
 Exchange energy         :            (au)                  0.000000000000
 X-C energy              :            (au)                -10.708835617172
 Ext. field (el)         :            (au)                  0.000000000000
---------------------------------------------------------------------------
 N-N energy              :            (au)                 13.978266926062
 Ext. field (nuc)        :            (au)                  0.000000000000
---------------------------------------------------------------------------
 Electronic energy       :            (au)                -93.322044503030
 Nuclear energy          :            (au)                 13.978266926062
---------------------------------------------------------------------------
 Total energy            :            (au)             -7.934377757697e+01
                         :      (kcal/mol)             -4.978897173578e+04
                         :        (kJ/mol)             -2.083170578777e+05
                         :            (eV)             -2.159054082968e+03
===========================================================================


===========================================================================
                         Orbital Energies (final)
---------------------------------------------------------------------------
    n  Occ Spin          :                                         Epsilon
---------------------------------------------------------------------------
    0    1    a          :            (au)                -14.042713390236
    1    1    a          :            (au)                 -6.604778550080
    2    1    a          :            (au)                 -0.772796482624
    3    1    a          :            (au)                 -0.363938390634
    4    1    a          :            (au)                 -0.334796576531
    5    1    a          :            (au)                 -0.290311801454
    6    1    a          :            (au)                 -0.283349665086
    7    1    b          :            (au)                -14.026607397688
    8    1    b          :            (au)                 -6.589397648935
    9    1    b          :            (au)                 -0.722039565646
   10    1    b          :            (au)                 -0.317862287084
   11    1    b          :            (au)                 -0.272395302647
---------------------------------------------------------------------------
 Sum occupied            :            (au)                -44.620987058645
===========================================================================


===========================================================================
                           Dipole Moment (dip-1)
---------------------------------------------------------------------------
 r_O                     :        0.000000        0.000000        0.000000
---------------------------------------------------------------------------
 Electronic vector       :       -0.000000       -0.000000       -1.312946
 Magnitude               :            (au)                        1.312946
                         :         (Debye)                        3.337176
---------------------------------------------------------------------------
 Nuclear vector          :        0.000000        0.000000        0.569358
 Magnitude               :            (au)                        0.569358
                         :         (Debye)                        1.447164
---------------------------------------------------------------------------
 Total vector            :        0.000000       -0.000000       -0.743588
 Magnitude               :            (au)                        0.743588
                         :         (Debye)                        1.890011
===========================================================================


                                                                           
                                                                           
***************************************************************************
***                                                                     ***
***                            Exiting MRChem                           ***
***                                                                     ***
***                       Wall time :  0h 22m 20s                       ***
***                                                                     ***
***************************************************************************
                                                                           
                                                                           
