                                                                           
                                                                           
***************************************************************************
***                                                                     ***
***                                                                     ***
***          __  __ ____   ____ _                                       ***
***         |  \/  |  _ \ / ___| |__   ___ _ __ ___                     ***
***         | |\/| | |_) | |   | '_ \ / _ \ '_ ` _ \                    ***
***         | |  | |  _ <| |___| | | |  __/ | | | | |                   ***
***         |_|  |_|_| \_\\____|_| |_|\___|_| |_| |_|                   ***
***                                                                     ***
***         VERSION            1.0.1                                    ***
***                                                                     ***
***         Git branch         HEAD                                     ***
***         Git commit hash    9309e3e1e52e5319b766-dirty               ***
***         Git commit author  Stig Rune Jensen                         ***
***         Git commit date    Fri Dec 4 16:08:55 2020 +0100            ***
***                                                                     ***
***         Contact: luca.frediani@uit.no                               ***
***                                                                     ***
***         Radovan Bast            Magnar Bjorgve                      ***
***         Roberto Di Remigio      Antoine Durdek                      ***
***         Luca Frediani           Gabriel Gerez                       ***
***         Stig Rune Jensen        Jonas Juselius                      ***
***         Rune Monstad            Peter Wind                          ***
***                                                                     ***
***************************************************************************

---------------------------------------------------------------------------

 MPI processes           :        (1 bank)                              20
 OpenMP threads          :                                               6
 Total cores             :                                             120
                                                                           
---------------------------------------------------------------------------

XCFun DFT library Copyright 2009-2020 Ulf Ekstrom and contributors.
See http://dftlibs.org/xcfun/ for more information.

This is free software; see the source code for copying conditions.
There is ABSOLUTELY NO WARRANTY; not even for MERCHANTABILITY or
FITNESS FOR A PARTICULAR PURPOSE. For details see the documentation.
Scientific users of this library should cite
U. Ekstrom, L. Visscher, R. Bast, A. J. Thorvaldsen and K. Ruud;
J.Chem.Theor.Comp. 2010, DOI: 10.1021/ct100117s

---------------------------------------------------------------------------

 MRCPP version         : 1.3.6
 Git branch            : HEAD
 Git commit hash       : 9309e3e1e52e5319b766-dirty
 Git commit author     : Stig Rune Jensen
 Git commit date       : Fri Dec 4 16:08:55 2020 +0100

 Linear algebra        : EIGEN v3.3.7
 Parallelization       : MPI/OpenMP (6 threads)

---------------------------------------------------------------------------


                                                                           
===========================================================================
                         MultiResolution Analysis
---------------------------------------------------------------------------
 polynomial order      : 9
 polynomial type       : Interpolating
---------------------------------------------------------------------------
 total boxes           : 8
 boxes                 : [          2           2           2 ]
 unit lengths          : [   32.00000    32.00000    32.00000 ]
 scaling factor        : [    1.00000     1.00000     1.00000 ]
 lower bounds          : [  -32.00000   -32.00000   -32.00000 ]
 upper bounds          : [   32.00000    32.00000    32.00000 ]
 total length          : [   64.00000    64.00000    64.00000 ]
===========================================================================


                                                                           
***************************************************************************
***                                                                     ***
***                        Initializing Molecule                        ***
***                                                                     ***
***************************************************************************
                                                                           
                                                                           
===========================================================================
                                 Molecule
---------------------------------------------------------------------------
 Charge                  :                                               0
 Multiplicity            :                                               1
---------------------------------------------------------------------------
    N    Atom            :               x               y               z
---------------------------------------------------------------------------
    0       B            :        0.000000       -0.037646        0.176584
    1       H            :        0.000000        1.598904       -3.300516
    2       O            :        0.000000       -0.037646        2.444254
    3       O            :        0.000000       -0.037646       -2.355646
---------------------------------------------------------------------------
 Center of mass          :        0.000000       -0.000000       -0.000000
===========================================================================


                                                                           
***************************************************************************
***                                                                     ***
***                 Computing Ground State Wavefunction                 ***
***                                                                     ***
***************************************************************************
                                                                           
                                                                           
~~~~~~~~~~~~~~~~~~~~~~~~~~~~~~~~~~~~~~~~~~~~~~~~~~~~~~~~~~~~~~~~~~~~~~~~~~~
 Calculation             : Compute initial orbitals
 Method                  : Diagonalize SAD Hamiltonian
 Precision               : 1.00000e-04
 Restricted              : False
 Functional              : LDA (SVWN5)
 AO basis                : Hydrogenic orbitals
 Zeta quality            : 2
~~~~~~~~~~~~~~~~~~~~~~~~~~~~~~~~~~~~~~~~~~~~~~~~~~~~~~~~~~~~~~~~~~~~~~~~~~~


===========================================================================
                            Molecular Orbitals
---------------------------------------------------------------------------
 Alpha electrons         :                                              11
 Beta electrons          :                                              11
 Total electrons         :                                              22
---------------------------------------------------------------------------
    n  Occ Spin          :                                            Norm
---------------------------------------------------------------------------
    0    1    a          :                              9.999999865501e-01
    1    1    a          :                              1.000000154450e+00
    2    1    a          :                              1.000000041214e+00
    3    1    a          :                              1.000000194544e+00
    4    1    a          :                              9.999990052129e-01
    5    1    a          :                              9.999999839219e-01
    6    1    a          :                              1.000000066940e+00
    7    1    a          :                              1.000000791588e+00
    8    1    a          :                              9.999990150310e-01
    9    1    a          :                              1.000000781721e+00
   10    1    a          :                              9.999985739982e-01
   11    1    b          :                              9.999999838555e-01
   12    1    b          :                              1.000000119164e+00
   13    1    b          :                              1.000000009065e+00
   14    1    b          :                              1.000000054654e+00
   15    1    b          :                              9.999992099366e-01
   16    1    b          :                              9.999999866404e-01
   17    1    b          :                              1.000000066669e+00
   18    1    b          :                              1.000000789578e+00
   19    1    b          :                              9.999992856185e-01
   20    1    b          :                              1.000000781722e+00
   21    1    b          :                              9.999985162522e-01
===========================================================================


~~~~~~~~~~~~~~~~~~~~~~~~~~~~~~~~~~~~~~~~~~~~~~~~~~~~~~~~~~~~~~~~~~~~~~~~~~~
 Calculation             : Compute initial energy
 Method                  : DFT (PBE)
 Precision               : 1.00000e-04
 Localization            : On
~~~~~~~~~~~~~~~~~~~~~~~~~~~~~~~~~~~~~~~~~~~~~~~~~~~~~~~~~~~~~~~~~~~~~~~~~~~


===========================================================================
                        Molecular Energy (initial)
---------------------------------------------------------------------------
 Kinetic energy          :            (au)                186.710545551067
 E-N energy              :            (au)               -537.004199813193
 Coulomb energy          :            (au)                143.736069491275
 Exchange energy         :            (au)                  0.000000000000
 X-C energy              :            (au)                -22.271474690844
 Ext. field (el)         :            (au)                  0.000000000000
---------------------------------------------------------------------------
 N-N energy              :            (au)                 53.642985790696
 Ext. field (nuc)        :            (au)                  0.000000000000
---------------------------------------------------------------------------
 Electronic energy       :            (au)               -228.829059461694
 Nuclear energy          :            (au)                 53.642985790696
---------------------------------------------------------------------------
 Total energy            :            (au)             -1.751860736710e+02
                         :      (kcal/mol)             -1.099309200655e+05
                         :        (kJ/mol)             -4.599509698525e+05
                         :            (eV)             -4.767055706059e+03
===========================================================================


===========================================================================
                        Orbital Energies (initial)
---------------------------------------------------------------------------
    n  Occ Spin          :                                         Epsilon
---------------------------------------------------------------------------
    0    1    a          :            (au)                -18.397616479818
    1    1    a          :            (au)                -17.988324307256
    2    1    a          :            (au)                 -6.562780487752
    3    1    a          :            (au)                 -0.911271661717
    4    1    a          :            (au)                 -0.668679734632
    5    1    a          :            (au)                 -0.503124289315
    6    1    a          :            (au)                 -0.287249771947
    7    1    a          :            (au)                 -0.280397023733
    8    1    a          :            (au)                 -0.050085682361
    9    1    a          :            (au)                 -0.046253389469
   10    1    a          :            (au)                 -0.035741549846
   11    1    b          :            (au)                -18.397618069106
   12    1    b          :            (au)                -17.988316608825
   13    1    b          :            (au)                 -6.562788236901
   14    1    b          :            (au)                 -0.911263849977
   15    1    b          :            (au)                 -0.668681119853
   16    1    b          :            (au)                 -0.503126350367
   17    1    b          :            (au)                 -0.287251095203
   18    1    b          :            (au)                 -0.280397580839
   19    1    b          :            (au)                 -0.050075967608
   20    1    b          :            (au)                 -0.046253309216
   21    1    b          :            (au)                 -0.035727585296
---------------------------------------------------------------------------
 Sum occupied            :            (au)                -91.463024151038
===========================================================================


~~~~~~~~~~~~~~~~~~~~~~~~~~~~~~~~~~~~~~~~~~~~~~~~~~~~~~~~~~~~~~~~~~~~~~~~~~~
 Calculation             : Optimize ground state orbitals
 Method                  : DFT (PBE)
 Checkpointing           : Off
 Max iterations          : 200
 KAIN solver             : 10
 Localization            : First two iterations
 Diagonalization         : Off
 Start precision         : 1.00000e-06
 Final precision         : 1.00000e-06
 Helmholtz precision     : Dynamic
 Energy threshold        : 1.00000e-06
 Orbital threshold       : 5.00000e-05
~~~~~~~~~~~~~~~~~~~~~~~~~~~~~~~~~~~~~~~~~~~~~~~~~~~~~~~~~~~~~~~~~~~~~~~~~~~


===========================================================================
 Iter           MO residual             Total energy                Update
---------------------------------------------------------------------------
    0          4.690416e+00        -175.186073670998         -1.751861e+02
    1          6.165430e-01        -175.696307172275         -5.102335e-01
    2          4.086186e-01        -175.835010979392         -1.387038e-01
    3          2.769559e-01        -175.845810275814         -1.079930e-02
    4          1.365272e-01        -175.876943524618         -3.113325e-02
    5          3.128147e-02        -175.878699945810         -1.756421e-03
    6          2.752588e-02        -175.879579246077         -8.793003e-04
    7          9.637462e-03        -175.879744509602         -1.652635e-04
    8          9.398646e-03        -175.879844110424         -9.960082e-05
    9          5.102325e-03        -175.879876758768         -3.264834e-05
   10          3.023332e-03        -175.879883200930         -6.442163e-06
   11          1.482174e-03        -175.879886720988         -3.520058e-06
   12          9.185816e-04        -175.879887663284         -9.422953e-07
   13          4.723000e-04        -175.879887939358         -2.760739e-07
   14          2.334552e-04        -175.879888031931         -9.257346e-08
   15          1.480339e-04        -175.879888067914         -3.598294e-08
   16          1.301213e-04        -175.879888086158         -1.824350e-08
   17          6.168007e-05        -175.879888091737         -5.579693e-09
---------------------------------------------------------------------------
                      SCF converged in 17 iterations!
===========================================================================


                                                                           
***************************************************************************
***                                                                     ***
***                    Printing Molecular Properties                    ***
***                                                                     ***
***************************************************************************
                                                                           
                                                                           
===========================================================================
                                 Molecule
---------------------------------------------------------------------------
 Charge                  :                                               0
 Multiplicity            :                                               1
---------------------------------------------------------------------------
    N    Atom            :               x               y               z
---------------------------------------------------------------------------
    0       B            :        0.000000       -0.037646        0.176584
    1       H            :        0.000000        1.598904       -3.300516
    2       O            :        0.000000       -0.037646        2.444254
    3       O            :        0.000000       -0.037646       -2.355646
---------------------------------------------------------------------------
 Center of mass          :        0.000000       -0.000000       -0.000000
===========================================================================


===========================================================================
                         Molecular Energy (final)
---------------------------------------------------------------------------
 Kinetic energy          :            (au)                175.280393924833
 E-N energy              :            (au)               -522.429353940403
 Coulomb energy          :            (au)                139.060669188039
 Exchange energy         :            (au)                  0.000000000000
 X-C energy              :            (au)                -21.434583054902
 Ext. field (el)         :            (au)                  0.000000000000
---------------------------------------------------------------------------
 N-N energy              :            (au)                 53.642985790696
 Ext. field (nuc)        :            (au)                  0.000000000000
---------------------------------------------------------------------------
 Electronic energy       :            (au)               -229.522873882434
 Nuclear energy          :            (au)                 53.642985790696
---------------------------------------------------------------------------
 Total energy            :            (au)             -1.758798880917e+02
                         :      (kcal/mol)             -1.103662951842e+05
                         :        (kJ/mol)             -4.617725793505e+05
                         :            (eV)             -4.785935357415e+03
===========================================================================


===========================================================================
                         Orbital Energies (final)
---------------------------------------------------------------------------
    n  Occ Spin          :                                         Epsilon
---------------------------------------------------------------------------
    0    1    a          :            (au)                -18.825392391238
    1    1    a          :            (au)                -18.737171772233
    2    1    a          :            (au)                 -6.558577605980
    3    1    a          :            (au)                 -0.987735058443
    4    1    a          :            (au)                 -0.894004690596
    5    1    a          :            (au)                 -0.560092860333
    6    1    a          :            (au)                 -0.402614439031
    7    1    a          :            (au)                 -0.376268204295
    8    1    a          :            (au)                 -0.356232464665
    9    1    a          :            (au)                 -0.302295713087
   10    1    a          :            (au)                 -0.289935769928
   11    1    b          :            (au)                -18.825392390810
   12    1    b          :            (au)                -18.737171764635
   13    1    b          :            (au)                 -6.558577608169
   14    1    b          :            (au)                 -0.987735060071
   15    1    b          :            (au)                 -0.894004685918
   16    1    b          :            (au)                 -0.560092865360
   17    1    b          :            (au)                 -0.402614440283
   18    1    b          :            (au)                 -0.376268205816
   19    1    b          :            (au)                 -0.356232462377
   20    1    b          :            (au)                 -0.302295708345
   21    1    b          :            (au)                 -0.289935764745
---------------------------------------------------------------------------
 Sum occupied            :            (au)                -96.580641926357
===========================================================================


===========================================================================
                           Dipole Moment (dip-1)
---------------------------------------------------------------------------
 r_O                     :        0.000000        0.000000        0.000000
---------------------------------------------------------------------------
 Electronic vector       :        0.000000       -0.237664        0.375824
 Magnitude               :            (au)                        0.444666
                         :         (Debye)                        1.130229
---------------------------------------------------------------------------
 Nuclear vector          :        0.000000        0.808347       -1.708733
 Magnitude               :            (au)                        1.890289
                         :         (Debye)                        4.804636
---------------------------------------------------------------------------
 Total vector            :        0.000000        0.570683       -1.332909
 Magnitude               :            (au)                        1.449940
                         :         (Debye)                        3.685379
===========================================================================


                                                                           
                                                                           
***************************************************************************
***                                                                     ***
***                            Exiting MRChem                           ***
***                                                                     ***
***                       Wall time :  0h 22m 27s                       ***
***                                                                     ***
***************************************************************************
                                                                           
                                                                           
