                                                                           
                                                                           
***************************************************************************
***                                                                     ***
***                                                                     ***
***          __  __ ____   ____ _                                       ***
***         |  \/  |  _ \ / ___| |__   ___ _ __ ___                     ***
***         | |\/| | |_) | |   | '_ \ / _ \ '_ ` _ \                    ***
***         | |  | |  _ <| |___| | | |  __/ | | | | |                   ***
***         |_|  |_|_| \_\\____|_| |_|\___|_| |_| |_|                   ***
***                                                                     ***
***         VERSION            1.0.1                                    ***
***                                                                     ***
***         Git branch         HEAD                                     ***
***         Git commit hash    9309e3e1e52e5319b766-dirty               ***
***         Git commit author  Stig Rune Jensen                         ***
***         Git commit date    Fri Dec 4 16:08:55 2020 +0100            ***
***                                                                     ***
***         Contact: luca.frediani@uit.no                               ***
***                                                                     ***
***         Radovan Bast            Magnar Bjorgve                      ***
***         Roberto Di Remigio      Antoine Durdek                      ***
***         Luca Frediani           Gabriel Gerez                       ***
***         Stig Rune Jensen        Jonas Juselius                      ***
***         Rune Monstad            Peter Wind                          ***
***                                                                     ***
***************************************************************************

---------------------------------------------------------------------------

 MPI processes           :        (1 bank)                              20
 OpenMP threads          :                                               6
 Total cores             :                                             120
                                                                           
---------------------------------------------------------------------------

XCFun DFT library Copyright 2009-2020 Ulf Ekstrom and contributors.
See http://dftlibs.org/xcfun/ for more information.

This is free software; see the source code for copying conditions.
There is ABSOLUTELY NO WARRANTY; not even for MERCHANTABILITY or
FITNESS FOR A PARTICULAR PURPOSE. For details see the documentation.
Scientific users of this library should cite
U. Ekstrom, L. Visscher, R. Bast, A. J. Thorvaldsen and K. Ruud;
J.Chem.Theor.Comp. 2010, DOI: 10.1021/ct100117s

---------------------------------------------------------------------------

 MRCPP version         : 1.3.6
 Git branch            : HEAD
 Git commit hash       : 9309e3e1e52e5319b766-dirty
 Git commit author     : Stig Rune Jensen
 Git commit date       : Fri Dec 4 16:08:55 2020 +0100

 Linear algebra        : EIGEN v3.3.7
 Parallelization       : MPI/OpenMP (6 threads)

---------------------------------------------------------------------------


                                                                           
===========================================================================
                         MultiResolution Analysis
---------------------------------------------------------------------------
 polynomial order      : 9
 polynomial type       : Interpolating
---------------------------------------------------------------------------
 total boxes           : 8
 boxes                 : [          2           2           2 ]
 unit lengths          : [   32.00000    32.00000    32.00000 ]
 scaling factor        : [    1.00000     1.00000     1.00000 ]
 lower bounds          : [  -32.00000   -32.00000   -32.00000 ]
 upper bounds          : [   32.00000    32.00000    32.00000 ]
 total length          : [   64.00000    64.00000    64.00000 ]
===========================================================================


                                                                           
***************************************************************************
***                                                                     ***
***                        Initializing Molecule                        ***
***                                                                     ***
***************************************************************************
                                                                           
                                                                           
===========================================================================
                                 Molecule
---------------------------------------------------------------------------
 Charge                  :                                               0
 Multiplicity            :                                               1
---------------------------------------------------------------------------
    N    Atom            :               x               y               z
---------------------------------------------------------------------------
    0       B            :        0.000000       -1.389836        0.000000
    1       H            :        0.000000       -2.475786       -1.919400
    2       H            :        0.000000       -2.475786        1.919400
    3       F            :        0.000000        1.053584        0.000000
---------------------------------------------------------------------------
 Center of mass          :        0.000000       -0.000000        0.000000
===========================================================================


                                                                           
***************************************************************************
***                                                                     ***
***                 Computing Ground State Wavefunction                 ***
***                                                                     ***
***************************************************************************
                                                                           
                                                                           
~~~~~~~~~~~~~~~~~~~~~~~~~~~~~~~~~~~~~~~~~~~~~~~~~~~~~~~~~~~~~~~~~~~~~~~~~~~
 Calculation             : Compute initial orbitals
 Method                  : Diagonalize SAD Hamiltonian
 Precision               : 1.00000e-04
 Restricted              : False
 Functional              : LDA (SVWN5)
 AO basis                : Hydrogenic orbitals
 Zeta quality            : 2
~~~~~~~~~~~~~~~~~~~~~~~~~~~~~~~~~~~~~~~~~~~~~~~~~~~~~~~~~~~~~~~~~~~~~~~~~~~


===========================================================================
                            Molecular Orbitals
---------------------------------------------------------------------------
 Alpha electrons         :                                               8
 Beta electrons          :                                               8
 Total electrons         :                                              16
---------------------------------------------------------------------------
    n  Occ Spin          :                                            Norm
---------------------------------------------------------------------------
    0    1    a          :                              9.999999801837e-01
    1    1    a          :                              9.999999737505e-01
    2    1    a          :                              9.999999996467e-01
    3    1    a          :                              1.000000000234e+00
    4    1    a          :                              9.999999923922e-01
    5    1    a          :                              1.000000002316e+00
    6    1    a          :                              9.999999999150e-01
    7    1    a          :                              9.999999947793e-01
    8    1    b          :                              9.999999973347e-01
    9    1    b          :                              9.999999745734e-01
   10    1    b          :                              9.999999996472e-01
   11    1    b          :                              1.000000000119e+00
   12    1    b          :                              9.999999991567e-01
   13    1    b          :                              1.000000000241e+00
   14    1    b          :                              9.999999999146e-01
   15    1    b          :                              9.999999998718e-01
===========================================================================


~~~~~~~~~~~~~~~~~~~~~~~~~~~~~~~~~~~~~~~~~~~~~~~~~~~~~~~~~~~~~~~~~~~~~~~~~~~
 Calculation             : Compute initial energy
 Method                  : DFT (PBE)
 Precision               : 1.00000e-04
 Localization            : On
~~~~~~~~~~~~~~~~~~~~~~~~~~~~~~~~~~~~~~~~~~~~~~~~~~~~~~~~~~~~~~~~~~~~~~~~~~~


===========================================================================
                        Molecular Energy (initial)
---------------------------------------------------------------------------
 Kinetic energy          :            (au)                132.106050984943
 E-N energy              :            (au)               -360.698289580884
 Coulomb energy          :            (au)                 90.912173966767
 Exchange energy         :            (au)                  0.000000000000
 X-C energy              :            (au)                -15.463478810101
 Ext. field (el)         :            (au)                  0.000000000000
---------------------------------------------------------------------------
 N-N energy              :            (au)                 27.692185689292
 Ext. field (nuc)        :            (au)                  0.000000000000
---------------------------------------------------------------------------
 Electronic energy       :            (au)               -153.143543439275
 Nuclear energy          :            (au)                 27.692185689292
---------------------------------------------------------------------------
 Total energy            :            (au)             -1.254513577500e+02
                         :      (kcal/mol)             -7.872191488702e+04
                         :        (kJ/mol)             -3.293724921011e+05
                         :            (eV)             -3.413705200780e+03
===========================================================================


===========================================================================
                        Orbital Energies (initial)
---------------------------------------------------------------------------
    n  Occ Spin          :                                         Epsilon
---------------------------------------------------------------------------
    0    1    a          :            (au)                -23.908880796505
    1    1    a          :            (au)                 -6.527133974052
    2    1    a          :            (au)                 -1.061121401092
    3    1    a          :            (au)                 -0.461118317922
    4    1    a          :            (au)                 -0.399637877095
    5    1    a          :            (au)                 -0.381680258974
    6    1    a          :            (au)                 -0.342986709001
    7    1    a          :            (au)                 -0.244059522454
    8    1    b          :            (au)                -23.908893588810
    9    1    b          :            (au)                 -6.527134112565
   10    1    b          :            (au)                 -1.061121185259
   11    1    b          :            (au)                 -0.461118340070
   12    1    b          :            (au)                 -0.399636750985
   13    1    b          :            (au)                 -0.381679472406
   14    1    b          :            (au)                 -0.342986858557
   15    1    b          :            (au)                 -0.244058610466
---------------------------------------------------------------------------
 Sum occupied            :            (au)                -66.653247776212
===========================================================================


~~~~~~~~~~~~~~~~~~~~~~~~~~~~~~~~~~~~~~~~~~~~~~~~~~~~~~~~~~~~~~~~~~~~~~~~~~~
 Calculation             : Optimize ground state orbitals
 Method                  : DFT (PBE)
 Checkpointing           : Off
 Max iterations          : 200
 KAIN solver             : 10
 Localization            : First two iterations
 Diagonalization         : Off
 Start precision         : 1.00000e-06
 Final precision         : 1.00000e-06
 Helmholtz precision     : Dynamic
 Energy threshold        : 1.00000e-06
 Orbital threshold       : 5.00000e-05
~~~~~~~~~~~~~~~~~~~~~~~~~~~~~~~~~~~~~~~~~~~~~~~~~~~~~~~~~~~~~~~~~~~~~~~~~~~


===========================================================================
 Iter           MO residual             Total energy                Update
---------------------------------------------------------------------------
    0          4.000000e+00        -125.451357749983         -1.254514e+02
    1          2.915439e-01        -125.801162509351         -3.498048e-01
    2          1.070915e-01        -125.831942242322         -3.077973e-02
    3          6.489239e-02        -125.836466312657         -4.524070e-03
    4          3.211638e-02        -125.838688681129         -2.222368e-03
    5          1.429654e-02        -125.839151747574         -4.630664e-04
    6          6.076521e-03        -125.839233011404         -8.126383e-05
    7          4.395111e-03        -125.839263743235         -3.073183e-05
    8          2.458333e-03        -125.839273049900         -9.306666e-06
    9          1.139612e-03        -125.839275357187         -2.307286e-06
   10          5.810279e-04        -125.839276046753         -6.895662e-07
   11          2.632867e-04        -125.839276195600         -1.488476e-07
   12          2.558471e-04        -125.839276275083         -7.948242e-08
   13          1.676291e-04        -125.839276301517         -2.643458e-08
   14          8.960369e-05        -125.839276310267         -8.749964e-09
---------------------------------------------------------------------------
                      SCF converged in 14 iterations!
===========================================================================


                                                                           
***************************************************************************
***                                                                     ***
***                    Printing Molecular Properties                    ***
***                                                                     ***
***************************************************************************
                                                                           
                                                                           
===========================================================================
                                 Molecule
---------------------------------------------------------------------------
 Charge                  :                                               0
 Multiplicity            :                                               1
---------------------------------------------------------------------------
    N    Atom            :               x               y               z
---------------------------------------------------------------------------
    0       B            :        0.000000       -1.389836        0.000000
    1       H            :        0.000000       -2.475786       -1.919400
    2       H            :        0.000000       -2.475786        1.919400
    3       F            :        0.000000        1.053584        0.000000
---------------------------------------------------------------------------
 Center of mass          :        0.000000       -0.000000        0.000000
===========================================================================


===========================================================================
                         Molecular Energy (final)
---------------------------------------------------------------------------
 Kinetic energy          :            (au)                125.566989522463
 E-N energy              :            (au)               -353.747012914528
 Coulomb energy          :            (au)                 89.789437192469
 Exchange energy         :            (au)                  0.000000000000
 X-C energy              :            (au)                -15.140875799963
 Ext. field (el)         :            (au)                  0.000000000000
---------------------------------------------------------------------------
 N-N energy              :            (au)                 27.692185689292
 Ext. field (nuc)        :            (au)                  0.000000000000
---------------------------------------------------------------------------
 Electronic energy       :            (au)               -153.531461999559
 Nuclear energy          :            (au)                 27.692185689292
---------------------------------------------------------------------------
 Total energy            :            (au)             -1.258392763103e+02
                         :      (kcal/mol)             -7.896533745680e+04
                         :        (kJ/mol)             -3.303909721337e+05
                         :            (eV)             -3.424261002092e+03
===========================================================================


===========================================================================
                         Orbital Energies (final)
---------------------------------------------------------------------------
    n  Occ Spin          :                                         Epsilon
---------------------------------------------------------------------------
    0    1    a          :            (au)                -24.282011083189
    1    1    a          :            (au)                 -6.556821495446
    2    1    a          :            (au)                 -1.135727466562
    3    1    a          :            (au)                 -0.513969114533
    4    1    a          :            (au)                 -0.431502375513
    5    1    a          :            (au)                 -0.422074854416
    6    1    a          :            (au)                 -0.409270002656
    7    1    a          :            (au)                 -0.283133158370
    8    1    b          :            (au)                -24.282011082871
    9    1    b          :            (au)                 -6.556821495018
   10    1    b          :            (au)                 -1.135727466345
   11    1    b          :            (au)                 -0.513969114943
   12    1    b          :            (au)                 -0.431502375409
   13    1    b          :            (au)                 -0.422074853960
   14    1    b          :            (au)                 -0.409270002735
   15    1    b          :            (au)                 -0.283133158444
---------------------------------------------------------------------------
 Sum occupied            :            (au)                -68.069019100408
===========================================================================


===========================================================================
                           Dipole Moment (dip-1)
---------------------------------------------------------------------------
 r_O                     :        0.000000        0.000000        0.000000
---------------------------------------------------------------------------
 Electronic vector       :       -0.000000        2.215541        0.000009
 Magnitude               :            (au)                        2.215541
                         :         (Debye)                        5.631343
---------------------------------------------------------------------------
 Nuclear vector          :        0.000000       -2.418501        0.000000
 Magnitude               :            (au)                        2.418501
                         :         (Debye)                        6.147215
---------------------------------------------------------------------------
 Total vector            :       -0.000000       -0.202960        0.000009
 Magnitude               :            (au)                        0.202960
                         :         (Debye)                        0.515872
===========================================================================


                                                                           
                                                                           
***************************************************************************
***                                                                     ***
***                            Exiting MRChem                           ***
***                                                                     ***
***                       Wall time :  0h 15m 11s                       ***
***                                                                     ***
***************************************************************************
                                                                           
                                                                           
