Starting job 3267526 on c1-[30-31,33],c2-32 at Thu Aug 12 20:49:40 CEST 2021

Copying 63_pbe_.out to /cluster/home/ambr/projects/psp/row12/calcs/singlets
Copying 63_pbe_.json to /cluster/home/ambr/projects/psp/row12/calcs/singlets

Task and CPU usage stats:
       JobID    JobName  AllocCPUS   NTasks     MinCPU MinCPUTask     AveCPU    Elapsed ExitCode 
------------ ---------- ---------- -------- ---------- ---------- ---------- ---------- -------- 
3267526         63_pbe_        120                                             00:15:15      1:0 
3267526.bat+      batch         36        1   00:00:00          0   00:00:00   00:15:15      1:0 
3267526.ext+     extern        120        4   00:00:00          0   00:00:00   00:15:15      0:0 
3267526.0      mrchem.x        120       20   00:15:11         19   00:56:20   00:15:14      0:0 

Memory usage stats:
       JobID     MaxRSS MaxRSSTask     AveRSS MaxPages   MaxPagesTask   AvePages 
------------ ---------- ---------- ---------- -------- -------------- ---------- 
3267526                                                                          
3267526.bat+     14276K          0     14276K        0              0          0 
3267526.ext+          0          0          0        0              0          0 
3267526.0      4179124K         13 3246165196        0             10          0 

Disk usage stats:
       JobID  MaxDiskRead MaxDiskReadTask    AveDiskRead MaxDiskWrite MaxDiskWriteTask   AveDiskWrite 
------------ ------------ --------------- -------------- ------------ ---------------- -------------- 
3267526                                                                                               
3267526.bat+        3.70M               0          3.70M        0.02M                0          0.02M 
3267526.ext+        0.00M               0          0.00M            0                0              0 
3267526.0           2.06M               8          2.06M        2.11M                0          2.07M 

Job 3267526 completed at Thu Aug 12 21:04:55 CEST 2021
