Starting job 3213313 on c10-[22,24-25] at Tue Aug 3 12:24:31 CEST 2021

Copying 64_b3lyp-g_.out to /cluster/home/ambr/projects/psp/calcs/doublets
Copying 64_b3lyp-g_.json to /cluster/home/ambr/projects/psp/calcs/doublets

Task and CPU usage stats:
       JobID    JobName  AllocCPUS   NTasks     MinCPU MinCPUTask     AveCPU    Elapsed ExitCode 
------------ ---------- ---------- -------- ---------- ---------- ---------- ---------- -------- 
3213313      64_b3lyp-+        120                                             00:04:56      1:0 
3213313.bat+      batch         42        1   00:00:00          0   00:00:00   00:04:56      1:0 
3213313.ext+     extern        120        3   00:00:00          1   00:00:00   00:04:56      0:0 
3213313.0      mrchem.x        120       20   00:04:51         19   00:14:20   00:04:52      0:0 

Memory usage stats:
       JobID     MaxRSS MaxRSSTask     AveRSS MaxPages   MaxPagesTask   AvePages 
------------ ---------- ---------- ---------- -------- -------------- ---------- 
3213313                                                                          
3213313.bat+     14240K          0     14240K        0              0          0 
3213313.ext+          0          1          0        0              1          0 
3213313.0      1999700K         13   1823678K        0              7          0 

Disk usage stats:
       JobID  MaxDiskRead MaxDiskReadTask    AveDiskRead MaxDiskWrite MaxDiskWriteTask   AveDiskWrite 
------------ ------------ --------------- -------------- ------------ ---------------- -------------- 
3213313                                                                                               
3213313.bat+       50.27M               0         50.27M       46.55M                0         46.55M 
3213313.ext+        0.00M               1          0.00M            0                1              0 
3213313.0          11.97M               1          4.99M       45.22M                0         11.87M 

Job 3213313 completed at Tue Aug 3 12:29:27 CEST 2021
