Starting job 3267553 on c2-[9,11],c5-[52,58] at Fri Aug 13 02:50:51 CEST 2021

Copying 66_pbe_.out to /cluster/home/ambr/projects/psp/row12/calcs/doublets
Copying 66_pbe_.json to /cluster/home/ambr/projects/psp/row12/calcs/doublets

Task and CPU usage stats:
       JobID    JobName  AllocCPUS   NTasks     MinCPU MinCPUTask     AveCPU    Elapsed ExitCode 
------------ ---------- ---------- -------- ---------- ---------- ---------- ---------- -------- 
3267553         66_pbe_        120                                             00:18:40      1:0 
3267553.bat+      batch         30        1   00:00:00          0   00:00:00   00:18:40      1:0 
3267553.ext+     extern        120        4   00:00:00          3   00:00:00   00:18:40      0:0 
3267553.0      mrchem.x        120       20   00:18:37         19   00:57:14   00:18:38      0:0 

Memory usage stats:
       JobID     MaxRSS MaxRSSTask     AveRSS MaxPages   MaxPagesTask   AvePages 
------------ ---------- ---------- ---------- -------- -------------- ---------- 
3267553                                                                          
3267553.bat+     14280K          0     14280K        0              0          0 
3267553.ext+          0          3          0        0              3          0 
3267553.0      3132320K          1 2660286054        0             19          0 

Disk usage stats:
       JobID  MaxDiskRead MaxDiskReadTask    AveDiskRead MaxDiskWrite MaxDiskWriteTask   AveDiskWrite 
------------ ------------ --------------- -------------- ------------ ---------------- -------------- 
3267553                                                                                               
3267553.bat+        3.70M               0          3.70M        0.02M                0          0.02M 
3267553.ext+        0.00M               3          0.00M            0                3              0 
3267553.0           2.06M               1          2.06M        2.11M                0          2.07M 

Job 3267553 completed at Fri Aug 13 03:09:31 CEST 2021
