Starting job 3126014 on c1-16,c3-2,c5-37,c10-[1-3,6] at Thu Jul 8 03:31:17 CEST 2021

Copying 68_pbe0_.out to /cluster/home/ambr/projects/psp/calcs
Copying 68_pbe0_.json to /cluster/home/ambr/projects/psp/calcs

Task and CPU usage stats:
       JobID    JobName  AllocCPUS   NTasks     MinCPU MinCPUTask     AveCPU    Elapsed ExitCode 
------------ ---------- ---------- -------- ---------- ---------- ---------- ---------- -------- 
3126014        68_pbe0_        200                                             00:28:49      1:0 
3126014.bat+      batch         20        1   00:00:00          0   00:00:00   00:28:49      1:0 
3126014.ext+     extern        200        7   00:00:00          5   00:00:00   00:28:49      0:0 
3126014.0      mrchem.x        200       20   00:28:32         19   00:51:47   00:28:44      0:0 

Memory usage stats:
       JobID     MaxRSS MaxRSSTask     AveRSS MaxPages   MaxPagesTask   AvePages 
------------ ---------- ---------- ---------- -------- -------------- ---------- 
3126014                                                                          
3126014.bat+     14740K          0     14740K        0              0          0 
3126014.ext+          0          5          0        0              5          0 
3126014.0      2507480K          1   1743875K        0              4          0 

Disk usage stats:
       JobID  MaxDiskRead MaxDiskReadTask    AveDiskRead MaxDiskWrite MaxDiskWriteTask   AveDiskWrite 
------------ ------------ --------------- -------------- ------------ ---------------- -------------- 
3126014                                                                                               
3126014.bat+        3.55M               0          3.55M        0.02M                0          0.02M 
3126014.ext+        0.00M               5          0.00M            0                5              0 
3126014.0           2.67M               9          2.51M       49.11M               13         12.26M 

Job 3126014 completed at Thu Jul 8 04:00:07 CEST 2021
