Starting job 3267530 on c1-[30-31,33],c2-32 at Thu Aug 12 21:05:14 CEST 2021

Copying 69_pbe_.out to /cluster/home/ambr/projects/psp/row12/calcs/singlets
Copying 69_pbe_.json to /cluster/home/ambr/projects/psp/row12/calcs/singlets

Task and CPU usage stats:
       JobID    JobName  AllocCPUS   NTasks     MinCPU MinCPUTask     AveCPU    Elapsed ExitCode 
------------ ---------- ---------- -------- ---------- ---------- ---------- ---------- -------- 
3267530         69_pbe_        120                                             00:07:58      1:0 
3267530.bat+      batch         36        1   00:00:00          0   00:00:00   00:07:58      1:0 
3267530.ext+     extern        120        4   00:00:00          1   00:00:00   00:07:58      0:0 
3267530.0      mrchem.x        120       20   00:07:55         19   00:22:38   00:07:56      0:0 

Memory usage stats:
       JobID     MaxRSS MaxRSSTask     AveRSS MaxPages   MaxPagesTask   AvePages 
------------ ---------- ---------- ---------- -------- -------------- ---------- 
3267530                                                                          
3267530.bat+     14288K          0     14288K        0              0          0 
3267530.ext+          0          1          0        0              1          0 
3267530.0      2567940K          2 2058757529        0             10          0 

Disk usage stats:
       JobID  MaxDiskRead MaxDiskReadTask    AveDiskRead MaxDiskWrite MaxDiskWriteTask   AveDiskWrite 
------------ ------------ --------------- -------------- ------------ ---------------- -------------- 
3267530                                                                                               
3267530.bat+        3.70M               0          3.70M        0.02M                0          0.02M 
3267530.ext+        0.00M               1          0.00M            0                1              0 
3267530.0           2.06M              12          2.06M        2.10M                0          2.07M 

Job 3267530 completed at Thu Aug 12 21:13:13 CEST 2021
