                                                                           
                                                                           
***************************************************************************
***                                                                     ***
***                                                                     ***
***          __  __ ____   ____ _                                       ***
***         |  \/  |  _ \ / ___| |__   ___ _ __ ___                     ***
***         | |\/| | |_) | |   | '_ \ / _ \ '_ ` _ \                    ***
***         | |  | |  _ <| |___| | | |  __/ | | | | |                   ***
***         |_|  |_|_| \_\\____|_| |_|\___|_| |_| |_|                   ***
***                                                                     ***
***         VERSION            1.0.1                                    ***
***                                                                     ***
***         Git branch         HEAD                                     ***
***         Git commit hash    9309e3e1e52e5319b766-dirty               ***
***         Git commit author  Stig Rune Jensen                         ***
***         Git commit date    Fri Dec 4 16:08:55 2020 +0100            ***
***                                                                     ***
***         Contact: luca.frediani@uit.no                               ***
***                                                                     ***
***         Radovan Bast            Magnar Bjorgve                      ***
***         Roberto Di Remigio      Antoine Durdek                      ***
***         Luca Frediani           Gabriel Gerez                       ***
***         Stig Rune Jensen        Jonas Juselius                      ***
***         Rune Monstad            Peter Wind                          ***
***                                                                     ***
***************************************************************************

---------------------------------------------------------------------------

 MPI processes           :        (1 bank)                              20
 OpenMP threads          :                                               6
 Total cores             :                                             120
                                                                           
---------------------------------------------------------------------------

XCFun DFT library Copyright 2009-2020 Ulf Ekstrom and contributors.
See http://dftlibs.org/xcfun/ for more information.

This is free software; see the source code for copying conditions.
There is ABSOLUTELY NO WARRANTY; not even for MERCHANTABILITY or
FITNESS FOR A PARTICULAR PURPOSE. For details see the documentation.
Scientific users of this library should cite
U. Ekstrom, L. Visscher, R. Bast, A. J. Thorvaldsen and K. Ruud;
J.Chem.Theor.Comp. 2010, DOI: 10.1021/ct100117s

---------------------------------------------------------------------------

 MRCPP version         : 1.3.6
 Git branch            : HEAD
 Git commit hash       : 9309e3e1e52e5319b766-dirty
 Git commit author     : Stig Rune Jensen
 Git commit date       : Fri Dec 4 16:08:55 2020 +0100

 Linear algebra        : EIGEN v3.3.7
 Parallelization       : MPI/OpenMP (6 threads)

---------------------------------------------------------------------------


                                                                           
===========================================================================
                         MultiResolution Analysis
---------------------------------------------------------------------------
 polynomial order      : 9
 polynomial type       : Interpolating
---------------------------------------------------------------------------
 total boxes           : 8
 boxes                 : [          2           2           2 ]
 unit lengths          : [   32.00000    32.00000    32.00000 ]
 scaling factor        : [    1.00000     1.00000     1.00000 ]
 lower bounds          : [  -32.00000   -32.00000   -32.00000 ]
 upper bounds          : [   32.00000    32.00000    32.00000 ]
 total length          : [   64.00000    64.00000    64.00000 ]
===========================================================================


                                                                           
***************************************************************************
***                                                                     ***
***                        Initializing Molecule                        ***
***                                                                     ***
***************************************************************************
                                                                           
                                                                           
===========================================================================
                                 Molecule
---------------------------------------------------------------------------
 Charge                  :                                               0
 Multiplicity            :                                               2
---------------------------------------------------------------------------
    N    Atom            :               x               y               z
---------------------------------------------------------------------------
    0       O            :        0.000000        0.000000       -0.108601
    1       H            :        0.000000        0.000000        1.723866
---------------------------------------------------------------------------
 Center of mass          :        0.000000        0.000000       -0.000000
===========================================================================


                                                                           
***************************************************************************
***                                                                     ***
***                 Computing Ground State Wavefunction                 ***
***                                                                     ***
***************************************************************************
                                                                           
                                                                           
~~~~~~~~~~~~~~~~~~~~~~~~~~~~~~~~~~~~~~~~~~~~~~~~~~~~~~~~~~~~~~~~~~~~~~~~~~~
 Calculation             : Compute initial orbitals
 Method                  : Diagonalize SAD Hamiltonian
 Precision               : 1.00000e-04
 Restricted              : False
 Functional              : LDA (SVWN5)
 AO basis                : Hydrogenic orbitals
 Zeta quality            : 2
~~~~~~~~~~~~~~~~~~~~~~~~~~~~~~~~~~~~~~~~~~~~~~~~~~~~~~~~~~~~~~~~~~~~~~~~~~~


===========================================================================
                            Molecular Orbitals
---------------------------------------------------------------------------
 Alpha electrons         :                                               5
 Beta electrons          :                                               4
 Total electrons         :                                               9
---------------------------------------------------------------------------
    n  Occ Spin          :                                            Norm
---------------------------------------------------------------------------
    0    1    a          :                              9.999999999997e-01
    1    1    a          :                              9.999999999680e-01
    2    1    a          :                              9.999999997761e-01
    3    1    a          :                              9.999999999412e-01
    4    1    a          :                              9.999999999421e-01
    5    1    b          :                              9.999999999997e-01
    6    1    b          :                              9.999999999680e-01
    7    1    b          :                              9.999999997761e-01
    8    1    b          :                              9.999999999412e-01
===========================================================================


~~~~~~~~~~~~~~~~~~~~~~~~~~~~~~~~~~~~~~~~~~~~~~~~~~~~~~~~~~~~~~~~~~~~~~~~~~~
 Calculation             : Compute initial energy
 Method                  : DFT (PBE)
 Precision               : 1.00000e-04
 Localization            : On
~~~~~~~~~~~~~~~~~~~~~~~~~~~~~~~~~~~~~~~~~~~~~~~~~~~~~~~~~~~~~~~~~~~~~~~~~~~


===========================================================================
                        Molecular Energy (initial)
---------------------------------------------------------------------------
 Kinetic energy          :            (au)                 79.286212460066
 E-N energy              :            (au)               -192.321637995513
 Coulomb energy          :            (au)                 42.200121391344
 Exchange energy         :            (au)                  0.000000000000
 X-C energy              :            (au)                 -8.975408781277
 Ext. field (el)         :            (au)                  0.000000000000
---------------------------------------------------------------------------
 N-N energy              :            (au)                  4.365698664122
 Ext. field (nuc)        :            (au)                  0.000000000000
---------------------------------------------------------------------------
 Electronic energy       :            (au)                -79.810712925380
 Nuclear energy          :            (au)                  4.365698664122
---------------------------------------------------------------------------
 Total energy            :            (au)             -7.544501426126e+01
                         :      (kcal/mol)             -4.734246083778e+04
                         :        (kJ/mol)             -1.980808562738e+05
                         :            (eV)             -2.052963333166e+03
===========================================================================


===========================================================================
                        Orbital Energies (initial)
---------------------------------------------------------------------------
    n  Occ Spin          :                                         Epsilon
---------------------------------------------------------------------------
    0    1    a          :            (au)                -18.537241445327
    1    1    a          :            (au)                 -0.883294945987
    2    1    a          :            (au)                 -0.361437639840
    3    1    a          :            (au)                 -0.298217548780
    4    1    a          :            (au)                 -0.219150472714
    5    1    b          :            (au)                -18.513107940915
    6    1    b          :            (au)                 -0.832320176932
    7    1    b          :            (au)                 -0.334112662825
    8    1    b          :            (au)                 -0.195461415392
---------------------------------------------------------------------------
 Sum occupied            :            (au)                -40.174344248714
===========================================================================


~~~~~~~~~~~~~~~~~~~~~~~~~~~~~~~~~~~~~~~~~~~~~~~~~~~~~~~~~~~~~~~~~~~~~~~~~~~
 Calculation             : Optimize ground state orbitals
 Method                  : DFT (PBE)
 Checkpointing           : Off
 Max iterations          : 200
 KAIN solver             : 10
 Localization            : First two iterations
 Diagonalization         : Off
 Start precision         : 1.00000e-06
 Final precision         : 1.00000e-06
 Helmholtz precision     : Dynamic
 Energy threshold        : 1.00000e-06
 Orbital threshold       : 5.00000e-05
~~~~~~~~~~~~~~~~~~~~~~~~~~~~~~~~~~~~~~~~~~~~~~~~~~~~~~~~~~~~~~~~~~~~~~~~~~~


===========================================================================
 Iter           MO residual             Total energy                Update
---------------------------------------------------------------------------
    0          3.000000e+00         -75.445014261259         -7.544501e+01
    1          2.597361e-01         -75.666172180182         -2.211579e-01
    2          8.864051e-02         -75.685280576076         -1.910840e-02
    3          5.038875e-02         -75.688442059725         -3.161484e-03
    4          2.522934e-02         -75.689673578869         -1.231519e-03
    5          1.295919e-02         -75.690128822586         -4.552437e-04
    6          6.257278e-03         -75.690212285791         -8.346321e-05
    7          3.992964e-03         -75.690239508775         -2.722298e-05
    8          2.303735e-03         -75.690246934667         -7.425892e-06
    9          9.383509e-04         -75.690248483166         -1.548499e-06
   10          6.569431e-04         -75.690249209005         -7.258389e-07
   11          4.487797e-04         -75.690249483608         -2.746029e-07
   12          3.665987e-04         -75.690249608513         -1.249050e-07
   13          1.194790e-04         -75.690249633797         -2.528409e-08
   14          6.824547e-05         -75.690249641204         -7.407039e-09
---------------------------------------------------------------------------
                      SCF converged in 14 iterations!
===========================================================================


                                                                           
***************************************************************************
***                                                                     ***
***                    Printing Molecular Properties                    ***
***                                                                     ***
***************************************************************************
                                                                           
                                                                           
===========================================================================
                                 Molecule
---------------------------------------------------------------------------
 Charge                  :                                               0
 Multiplicity            :                                               2
---------------------------------------------------------------------------
    N    Atom            :               x               y               z
---------------------------------------------------------------------------
    0       O            :        0.000000        0.000000       -0.108601
    1       H            :        0.000000        0.000000        1.723866
---------------------------------------------------------------------------
 Center of mass          :        0.000000        0.000000       -0.000000
===========================================================================


===========================================================================
                         Molecular Energy (final)
---------------------------------------------------------------------------
 Kinetic energy          :            (au)                 75.475739454644
 E-N energy              :            (au)               -188.083728525709
 Coulomb energy          :            (au)                 41.349381641126
 Exchange energy         :            (au)                  0.000000000000
 X-C energy              :            (au)                 -8.797340875387
 Ext. field (el)         :            (au)                  0.000000000000
---------------------------------------------------------------------------
 N-N energy              :            (au)                  4.365698664122
 Ext. field (nuc)        :            (au)                  0.000000000000
---------------------------------------------------------------------------
 Electronic energy       :            (au)                -80.055948305326
 Nuclear energy          :            (au)                  4.365698664122
---------------------------------------------------------------------------
 Total energy            :            (au)             -7.569024964120e+01
                         :      (kcal/mol)             -4.749634836083e+04
                         :        (kJ/mol)             -1.987247216707e+05
                         :            (eV)             -2.059636527517e+03
===========================================================================


===========================================================================
                         Orbital Energies (final)
---------------------------------------------------------------------------
    n  Occ Spin          :                                         Epsilon
---------------------------------------------------------------------------
    0    1    a          :            (au)                -18.828046962015
    1    1    a          :            (au)                 -0.935433752703
    2    1    a          :            (au)                 -0.430110724776
    3    1    a          :            (au)                 -0.367366686385
    4    1    a          :            (au)                 -0.294156685138
    5    1    b          :            (au)                -18.804406459183
    6    1    b          :            (au)                 -0.877719112062
    7    1    b          :            (au)                 -0.407181376260
    8    1    b          :            (au)                 -0.271531882494
---------------------------------------------------------------------------
 Sum occupied            :            (au)                -41.215953641016
===========================================================================


===========================================================================
                           Dipole Moment (dip-1)
---------------------------------------------------------------------------
 r_O                     :        0.000000        0.000000        0.000000
---------------------------------------------------------------------------
 Electronic vector       :        0.000000       -0.000001       -0.227796
 Magnitude               :            (au)                        0.227796
                         :         (Debye)                        0.579000
---------------------------------------------------------------------------
 Nuclear vector          :        0.000000        0.000000        0.855057
 Magnitude               :            (au)                        0.855057
                         :         (Debye)                        2.173337
---------------------------------------------------------------------------
 Total vector            :        0.000000       -0.000001        0.627261
 Magnitude               :            (au)                        0.627261
                         :         (Debye)                        1.594337
===========================================================================


                                                                           
                                                                           
***************************************************************************
***                                                                     ***
***                            Exiting MRChem                           ***
***                                                                     ***
***                       Wall time :  0h 12m  6s                       ***
***                                                                     ***
***************************************************************************
                                                                           
                                                                           
