                                                                           
                                                                           
***************************************************************************
***                                                                     ***
***                                                                     ***
***          __  __ ____   ____ _                                       ***
***         |  \/  |  _ \ / ___| |__   ___ _ __ ___                     ***
***         | |\/| | |_) | |   | '_ \ / _ \ '_ ` _ \                    ***
***         | |  | |  _ <| |___| | | |  __/ | | | | |                   ***
***         |_|  |_|_| \_\\____|_| |_|\___|_| |_| |_|                   ***
***                                                                     ***
***         VERSION            1.0.1                                    ***
***                                                                     ***
***         Git branch         HEAD                                     ***
***         Git commit hash    9309e3e1e52e5319b766-dirty               ***
***         Git commit author  Stig Rune Jensen                         ***
***         Git commit date    Fri Dec 4 16:08:55 2020 +0100            ***
***                                                                     ***
***         Contact: luca.frediani@uit.no                               ***
***                                                                     ***
***         Radovan Bast            Magnar Bjorgve                      ***
***         Roberto Di Remigio      Antoine Durdek                      ***
***         Luca Frediani           Gabriel Gerez                       ***
***         Stig Rune Jensen        Jonas Juselius                      ***
***         Rune Monstad            Peter Wind                          ***
***                                                                     ***
***************************************************************************

---------------------------------------------------------------------------

 MPI processes           :        (1 bank)                              20
 OpenMP threads          :                                               6
 Total cores             :                                             120
                                                                           
---------------------------------------------------------------------------

XCFun DFT library Copyright 2009-2020 Ulf Ekstrom and contributors.
See http://dftlibs.org/xcfun/ for more information.

This is free software; see the source code for copying conditions.
There is ABSOLUTELY NO WARRANTY; not even for MERCHANTABILITY or
FITNESS FOR A PARTICULAR PURPOSE. For details see the documentation.
Scientific users of this library should cite
U. Ekstrom, L. Visscher, R. Bast, A. J. Thorvaldsen and K. Ruud;
J.Chem.Theor.Comp. 2010, DOI: 10.1021/ct100117s

---------------------------------------------------------------------------

 MRCPP version         : 1.3.6
 Git branch            : HEAD
 Git commit hash       : 9309e3e1e52e5319b766-dirty
 Git commit author     : Stig Rune Jensen
 Git commit date       : Fri Dec 4 16:08:55 2020 +0100

 Linear algebra        : EIGEN v3.3.7
 Parallelization       : MPI/OpenMP (6 threads)

---------------------------------------------------------------------------


                                                                           
===========================================================================
                         MultiResolution Analysis
---------------------------------------------------------------------------
 polynomial order      : 9
 polynomial type       : Interpolating
---------------------------------------------------------------------------
 total boxes           : 8
 boxes                 : [          2           2           2 ]
 unit lengths          : [   16.00000    16.00000    16.00000 ]
 scaling factor        : [    1.00000     1.00000     1.00000 ]
 lower bounds          : [  -16.00000   -16.00000   -16.00000 ]
 upper bounds          : [   16.00000    16.00000    16.00000 ]
 total length          : [   32.00000    32.00000    32.00000 ]
===========================================================================


                                                                           
***************************************************************************
***                                                                     ***
***                        Initializing Molecule                        ***
***                                                                     ***
***************************************************************************
                                                                           
                                                                           
===========================================================================
                                 Molecule
---------------------------------------------------------------------------
 Charge                  :                                               0
 Multiplicity            :                                               2
---------------------------------------------------------------------------
    N    Atom            :               x               y               z
---------------------------------------------------------------------------
    0       O            :        0.000000        0.000000       -0.108601
    1       H            :        0.000000        0.000000        1.723866
---------------------------------------------------------------------------
 Center of mass          :        0.000000        0.000000       -0.000000
===========================================================================


                                                                           
***************************************************************************
***                                                                     ***
***                 Computing Ground State Wavefunction                 ***
***                                                                     ***
***************************************************************************
                                                                           
                                                                           
~~~~~~~~~~~~~~~~~~~~~~~~~~~~~~~~~~~~~~~~~~~~~~~~~~~~~~~~~~~~~~~~~~~~~~~~~~~
 Calculation             : Compute initial orbitals
 Method                  : Project MW molecular orbitals
 Precision               : 1.00000e-04
 Restricted              : False
 MO alpha file           : initial_guess/phi_a_scf
 MO beta file            : initial_guess/phi_b_scf
~~~~~~~~~~~~~~~~~~~~~~~~~~~~~~~~~~~~~~~~~~~~~~~~~~~~~~~~~~~~~~~~~~~~~~~~~~~


===========================================================================
                            Molecular Orbitals
---------------------------------------------------------------------------
 Alpha electrons         :                                               5
 Beta electrons          :                                               4
 Total electrons         :                                               9
---------------------------------------------------------------------------
    n  Occ Spin          :                                            Norm
---------------------------------------------------------------------------
    0    1    a          :                              1.000000004379e+00
    1    1    a          :                              9.999999984171e-01
    2    1    a          :                              1.000000000140e+00
    3    1    a          :                              1.000000000380e+00
    4    1    a          :                              1.000000000190e+00
    5    1    b          :                              1.000000004381e+00
    6    1    b          :                              9.999999981272e-01
    7    1    b          :                              9.999999967073e-01
    8    1    b          :                              9.999999967062e-01
===========================================================================


~~~~~~~~~~~~~~~~~~~~~~~~~~~~~~~~~~~~~~~~~~~~~~~~~~~~~~~~~~~~~~~~~~~~~~~~~~~
 Calculation             : Compute initial energy
 Method                  : DFT (PBE0)
 Precision               : 1.00000e-04
 Localization            : On
~~~~~~~~~~~~~~~~~~~~~~~~~~~~~~~~~~~~~~~~~~~~~~~~~~~~~~~~~~~~~~~~~~~~~~~~~~~


===========================================================================
                        Molecular Energy (initial)
---------------------------------------------------------------------------
 Kinetic energy          :            (au)                 75.456519759980
 E-N energy              :            (au)               -188.113694371402
 Coulomb energy          :            (au)                 41.409767819341
 Exchange energy         :            (au)                 -2.135269897931
 X-C energy              :            (au)                 -6.675620722158
 Ext. field (el)         :            (au)                  0.000000000000
---------------------------------------------------------------------------
 N-N energy              :            (au)                  4.365698664122
 Ext. field (nuc)        :            (au)                  0.000000000000
---------------------------------------------------------------------------
 Electronic energy       :            (au)                -80.058297412170
 Nuclear energy          :            (au)                  4.365698664122
---------------------------------------------------------------------------
 Total energy            :            (au)             -7.569259874805e+01
                         :      (kcal/mol)             -4.749782244762e+04
                         :        (kJ/mol)             -1.987308892498e+05
                         :            (eV)             -2.059700449968e+03
===========================================================================


===========================================================================
                        Orbital Energies (initial)
---------------------------------------------------------------------------
    n  Occ Spin          :                                         Epsilon
---------------------------------------------------------------------------
    0    1    a          :            (au)                -19.282579940834
    1    1    a          :            (au)                 -1.054861772726
    2    1    a          :            (au)                 -0.500058785655
    3    1    a          :            (au)                 -0.445384239057
    4    1    a          :            (au)                 -0.366453408628
    5    1    b          :            (au)                -19.255672076805
    6    1    b          :            (au)                 -0.975918263929
    7    1    b          :            (au)                 -0.473276976958
    8    1    b          :            (au)                 -0.339703499474
---------------------------------------------------------------------------
 Sum occupied            :            (au)                -42.693908964066
===========================================================================


~~~~~~~~~~~~~~~~~~~~~~~~~~~~~~~~~~~~~~~~~~~~~~~~~~~~~~~~~~~~~~~~~~~~~~~~~~~
 Calculation             : Optimize ground state orbitals
 Method                  : DFT (PBE0)
 Checkpointing           : Off
 Max iterations          : 200
 KAIN solver             : 10
 Localization            : First two iterations
 Diagonalization         : Off
 Start precision         : 1.00000e-06
 Final precision         : 1.00000e-06
 Helmholtz precision     : Dynamic
 Energy threshold        : 1.00000e-06
 Orbital threshold       : 1.00000e-05
~~~~~~~~~~~~~~~~~~~~~~~~~~~~~~~~~~~~~~~~~~~~~~~~~~~~~~~~~~~~~~~~~~~~~~~~~~~


===========================================================================
 Iter           MO residual             Total energy                Update
---------------------------------------------------------------------------
    0          3.000000e+00         -75.692598748048         -7.569260e+01
    1          4.895199e-04         -75.692858668675         -2.599206e-04
    2          5.464825e-03         -75.692855808858          2.859817e-06
    3          1.185286e-03         -75.692860023275         -4.214417e-06
    4          1.229843e-03         -75.692861666536         -1.643261e-06
    5          5.538345e-04         -75.692862099958         -4.334218e-07
    6          1.644963e-04         -75.692862150929         -5.097077e-08
    7          1.064085e-04         -75.692862171998         -2.106935e-08
    8          1.100447e-04         -75.692862186710         -1.471258e-08
    9          7.203231e-05         -75.692862191656         -4.945690e-09
   10          2.842674e-05         -75.692862192462         -8.055423e-10
   11          1.081263e-05         -75.692862192609         -1.470255e-10
---------------------------------------------------------------------------
                      SCF converged in 11 iterations!
===========================================================================


                                                                           
***************************************************************************
***                                                                     ***
***                    Printing Molecular Properties                    ***
***                                                                     ***
***************************************************************************
                                                                           
                                                                           
===========================================================================
                                 Molecule
---------------------------------------------------------------------------
 Charge                  :                                               0
 Multiplicity            :                                               2
---------------------------------------------------------------------------
    N    Atom            :               x               y               z
---------------------------------------------------------------------------
    0       O            :        0.000000        0.000000       -0.108601
    1       H            :        0.000000        0.000000        1.723866
---------------------------------------------------------------------------
 Center of mass          :        0.000000        0.000000       -0.000000
===========================================================================


===========================================================================
                         Molecular Energy (final)
---------------------------------------------------------------------------
 Kinetic energy          :            (au)                 75.456585972945
 E-N energy              :            (au)               -188.114103497001
 Coulomb energy          :            (au)                 41.409855925540
 Exchange energy         :            (au)                 -2.135276389037
 X-C energy              :            (au)                 -6.675622869178
 Ext. field (el)         :            (au)                  0.000000000000
---------------------------------------------------------------------------
 N-N energy              :            (au)                  4.365698664122
 Ext. field (nuc)        :            (au)                  0.000000000000
---------------------------------------------------------------------------
 Electronic energy       :            (au)                -80.058560856731
 Nuclear energy          :            (au)                  4.365698664122
---------------------------------------------------------------------------
 Total energy            :            (au)             -7.569286219261e+01
                         :      (kcal/mol)             -4.749798776157e+04
                         :        (kJ/mol)             -1.987315809234e+05
                         :            (eV)             -2.059707618660e+03
===========================================================================


===========================================================================
                         Orbital Energies (final)
---------------------------------------------------------------------------
    n  Occ Spin          :                                         Epsilon
---------------------------------------------------------------------------
    0    1    a          :            (au)                -19.282786695028
    1    1    a          :            (au)                 -1.054905275644
    2    1    a          :            (au)                 -0.500133628238
    3    1    a          :            (au)                 -0.445359679162
    4    1    a          :            (au)                 -0.366409856710
    5    1    b          :            (au)                -19.255861952651
    6    1    b          :            (au)                 -0.975932411432
    7    1    b          :            (au)                 -0.473212224242
    8    1    b          :            (au)                 -0.339715790197
---------------------------------------------------------------------------
 Sum occupied            :            (au)                -42.694317513304
===========================================================================


===========================================================================
                           Dipole Moment (dip-1)
---------------------------------------------------------------------------
 r_O                     :        0.000000        0.000000        0.000000
---------------------------------------------------------------------------
 Electronic vector       :       -0.000002       -0.000000       -0.206611
 Magnitude               :            (au)                        0.206611
                         :         (Debye)                        0.525153
---------------------------------------------------------------------------
 Nuclear vector          :        0.000000        0.000000        0.855057
 Magnitude               :            (au)                        0.855057
                         :         (Debye)                        2.173337
---------------------------------------------------------------------------
 Total vector            :       -0.000002       -0.000000        0.648446
 Magnitude               :            (au)                        0.648446
                         :         (Debye)                        1.648184
===========================================================================


                                                                           
                                                                           
***************************************************************************
***                                                                     ***
***                            Exiting MRChem                           ***
***                                                                     ***
***                       Wall time :  0h 13m  0s                       ***
***                                                                     ***
***************************************************************************
                                                                           
                                                                           
