                                                                           
                                                                           
***************************************************************************
***                                                                     ***
***                                                                     ***
***          __  __ ____   ____ _                                       ***
***         |  \/  |  _ \ / ___| |__   ___ _ __ ___                     ***
***         | |\/| | |_) | |   | '_ \ / _ \ '_ ` _ \                    ***
***         | |  | |  _ <| |___| | | |  __/ | | | | |                   ***
***         |_|  |_|_| \_\\____|_| |_|\___|_| |_| |_|                   ***
***                                                                     ***
***         VERSION            1.0.1                                    ***
***                                                                     ***
***         Git branch         HEAD                                     ***
***         Git commit hash    9309e3e1e52e5319b766-dirty               ***
***         Git commit author  Stig Rune Jensen                         ***
***         Git commit date    Fri Dec 4 16:08:55 2020 +0100            ***
***                                                                     ***
***         Contact: luca.frediani@uit.no                               ***
***                                                                     ***
***         Radovan Bast            Magnar Bjorgve                      ***
***         Roberto Di Remigio      Antoine Durdek                      ***
***         Luca Frediani           Gabriel Gerez                       ***
***         Stig Rune Jensen        Jonas Juselius                      ***
***         Rune Monstad            Peter Wind                          ***
***                                                                     ***
***************************************************************************

---------------------------------------------------------------------------

 MPI processes           :        (1 bank)                              20
 OpenMP threads          :                                              10
 Total cores             :                                             200
                                                                           
---------------------------------------------------------------------------

XCFun DFT library Copyright 2009-2020 Ulf Ekstrom and contributors.
See http://dftlibs.org/xcfun/ for more information.

This is free software; see the source code for copying conditions.
There is ABSOLUTELY NO WARRANTY; not even for MERCHANTABILITY or
FITNESS FOR A PARTICULAR PURPOSE. For details see the documentation.
Scientific users of this library should cite
U. Ekstrom, L. Visscher, R. Bast, A. J. Thorvaldsen and K. Ruud;
J.Chem.Theor.Comp. 2010, DOI: 10.1021/ct100117s

---------------------------------------------------------------------------

 MRCPP version         : 1.3.6
 Git branch            : HEAD
 Git commit hash       : 9309e3e1e52e5319b766-dirty
 Git commit author     : Stig Rune Jensen
 Git commit date       : Fri Dec 4 16:08:55 2020 +0100

 Linear algebra        : EIGEN v3.3.7
 Parallelization       : MPI/OpenMP (10 threads)

---------------------------------------------------------------------------


                                                                           
===========================================================================
                         MultiResolution Analysis
---------------------------------------------------------------------------
 polynomial order      : 9
 polynomial type       : Interpolating
---------------------------------------------------------------------------
 total boxes           : 8
 boxes                 : [          2           2           2 ]
 unit lengths          : [   16.00000    16.00000    16.00000 ]
 scaling factor        : [    1.00000     1.00000     1.00000 ]
 lower bounds          : [  -16.00000   -16.00000   -16.00000 ]
 upper bounds          : [   16.00000    16.00000    16.00000 ]
 total length          : [   32.00000    32.00000    32.00000 ]
===========================================================================


                                                                           
***************************************************************************
***                                                                     ***
***                        Initializing Molecule                        ***
***                                                                     ***
***************************************************************************
                                                                           
                                                                           
===========================================================================
                                 Molecule
---------------------------------------------------------------------------
 Charge                  :                                               0
 Multiplicity            :                                               1
---------------------------------------------------------------------------
    N    Atom            :               x               y               z
---------------------------------------------------------------------------
    0      Li            :        0.000000        0.000000       -0.382171
    1       H            :        0.000000        0.000000        2.631753
---------------------------------------------------------------------------
 Center of mass          :        0.000000        0.000000        0.000000
===========================================================================


                                                                           
***************************************************************************
***                                                                     ***
***                 Computing Ground State Wavefunction                 ***
***                                                                     ***
***************************************************************************
                                                                           
                                                                           
~~~~~~~~~~~~~~~~~~~~~~~~~~~~~~~~~~~~~~~~~~~~~~~~~~~~~~~~~~~~~~~~~~~~~~~~~~~
 Calculation             : Compute initial orbitals
 Method                  : Diagonalize SAD Hamiltonian
 Precision               : 1.00000e-03
 Restricted              : True
 Functional              : LDA (SVWN5)
 AO basis                : Hydrogenic orbitals
 Zeta quality            : 2
~~~~~~~~~~~~~~~~~~~~~~~~~~~~~~~~~~~~~~~~~~~~~~~~~~~~~~~~~~~~~~~~~~~~~~~~~~~


===========================================================================
                            Molecular Orbitals
---------------------------------------------------------------------------
 Alpha electrons         :                                               2
 Beta electrons          :                                               2
 Total electrons         :                                               4
---------------------------------------------------------------------------
    n  Occ Spin          :                                            Norm
---------------------------------------------------------------------------
    0    2    p          :                              1.000000001426e+00
    1    2    p          :                              1.000000000782e+00
===========================================================================


~~~~~~~~~~~~~~~~~~~~~~~~~~~~~~~~~~~~~~~~~~~~~~~~~~~~~~~~~~~~~~~~~~~~~~~~~~~
 Calculation             : Compute initial energy
 Method                  : DFT (B3LYP-G)
 Precision               : 1.00000e-03
 Localization            : Off
~~~~~~~~~~~~~~~~~~~~~~~~~~~~~~~~~~~~~~~~~~~~~~~~~~~~~~~~~~~~~~~~~~~~~~~~~~~


===========================================================================
                        Molecular Energy (initial)
---------------------------------------------------------------------------
 Kinetic energy          :            (au)                  8.639767116941
 E-N energy              :            (au)                -21.139754447322
 Coulomb energy          :            (au)                  5.838136382206
 Exchange energy         :            (au)                 -0.449100714700
 X-C energy              :            (au)                 -1.907971093780
 Ext. field (el)         :            (au)                  0.000000000000
---------------------------------------------------------------------------
 N-N energy              :            (au)                  0.995380115725
 Ext. field (nuc)        :            (au)                  0.000000000000
---------------------------------------------------------------------------
 Electronic energy       :            (au)                 -9.018922756654
 Nuclear energy          :            (au)                  0.995380115725
---------------------------------------------------------------------------
 Total energy            :            (au)             -8.023542640928e+00
                         :      (kcal/mol)             -5.034848982108e+03
                         :        (kJ/mol)             -2.106580815481e+04
                         :            (eV)             -2.183317082674e+02
===========================================================================


===========================================================================
                        Orbital Energies (initial)
---------------------------------------------------------------------------
    n  Occ Spin          :                                         Epsilon
---------------------------------------------------------------------------
    0    2    p          :            (au)                 -1.966645888230
    1    2    p          :            (au)                 -0.111125909351
---------------------------------------------------------------------------
 Sum occupied            :            (au)                 -4.155543595163
===========================================================================


~~~~~~~~~~~~~~~~~~~~~~~~~~~~~~~~~~~~~~~~~~~~~~~~~~~~~~~~~~~~~~~~~~~~~~~~~~~
 Calculation             : Optimize ground state orbitals
 Method                  : DFT (B3LYP-G)
 Checkpointing           : Off
 Max iterations          : 200
 KAIN solver             : 10
 Localization            : Off
 Diagonalization         : First two iterations
 Start precision         : 1.00000e-06
 Final precision         : 1.00000e-06
 Helmholtz precision     : Dynamic
 Energy threshold        : 1.00000e-06
 Orbital threshold       : 1.00000e-05
~~~~~~~~~~~~~~~~~~~~~~~~~~~~~~~~~~~~~~~~~~~~~~~~~~~~~~~~~~~~~~~~~~~~~~~~~~~


===========================================================================
 Iter           MO residual             Total energy                Update
---------------------------------------------------------------------------
    0          1.414214e+00          -8.023542640928         -8.023543e+00
    1          2.132391e-01          -8.083675775608         -6.013313e-02
    2          6.485731e-02          -8.088393015217         -4.717240e-03
    3          1.134503e-02          -8.088667785037         -2.747698e-04
    4          1.397557e-02          -8.088762819267         -9.503423e-05
    5          3.634189e-03          -8.088773730696         -1.091143e-05
    6          8.179598e-04          -8.088774774598         -1.043902e-06
    7          2.889803e-04          -8.088774883421         -1.088227e-07
    8          3.548166e-05          -8.088774885361         -1.940302e-09
    9          3.223641e-06          -8.088774885394         -3.339196e-11
---------------------------------------------------------------------------
                      SCF converged in 9 iterations!
===========================================================================


                                                                           
***************************************************************************
***                                                                     ***
***                    Printing Molecular Properties                    ***
***                                                                     ***
***************************************************************************
                                                                           
                                                                           
===========================================================================
                                 Molecule
---------------------------------------------------------------------------
 Charge                  :                                               0
 Multiplicity            :                                               1
---------------------------------------------------------------------------
    N    Atom            :               x               y               z
---------------------------------------------------------------------------
    0      Li            :        0.000000        0.000000       -0.382171
    1       H            :        0.000000        0.000000        2.631753
---------------------------------------------------------------------------
 Center of mass          :        0.000000        0.000000        0.000000
===========================================================================


===========================================================================
                         Molecular Energy (final)
---------------------------------------------------------------------------
 Kinetic energy          :            (au)                  8.001682918112
 E-N energy              :            (au)                -20.462517831450
 Coulomb energy          :            (au)                  5.613564994054
 Exchange energy         :            (au)                 -0.426599010584
 X-C energy              :            (au)                 -1.810286071251
 Ext. field (el)         :            (au)                  0.000000000000
---------------------------------------------------------------------------
 N-N energy              :            (au)                  0.995380115725
 Ext. field (nuc)        :            (au)                  0.000000000000
---------------------------------------------------------------------------
 Electronic energy       :            (au)                 -9.084155001120
 Nuclear energy          :            (au)                  0.995380115725
---------------------------------------------------------------------------
 Total energy            :            (au)             -8.088774885394e+00
                         :      (kcal/mol)             -5.075782833194e+03
                         :        (kJ/mol)             -2.123707538787e+04
                         :            (eV)             -2.201067679892e+02
===========================================================================


===========================================================================
                         Orbital Energies (final)
---------------------------------------------------------------------------
    n  Occ Spin          :                                         Epsilon
---------------------------------------------------------------------------
    0    2    p          :            (au)                 -2.002671823290
    1    2    p          :            (au)                 -0.195401321478
---------------------------------------------------------------------------
 Sum occupied            :            (au)                 -4.396146289535
===========================================================================


===========================================================================
                           Dipole Moment (dip-1)
---------------------------------------------------------------------------
 r_O                     :        0.000000        0.000000        0.000000
---------------------------------------------------------------------------
 Electronic vector       :        0.000000        0.000000       -3.737531
 Magnitude               :            (au)                        3.737531
                         :         (Debye)                        9.499856
---------------------------------------------------------------------------
 Nuclear vector          :        0.000000        0.000000        1.485240
 Magnitude               :            (au)                        1.485240
                         :         (Debye)                        3.775103
---------------------------------------------------------------------------
 Total vector            :        0.000000        0.000000       -2.252291
 Magnitude               :            (au)                        2.252291
                         :         (Debye)                        5.724753
===========================================================================


                                                                           
                                                                           
***************************************************************************
***                                                                     ***
***                            Exiting MRChem                           ***
***                                                                     ***
***                       Wall time :  0h  3m  2s                       ***
***                                                                     ***
***************************************************************************
                                                                           
                                                                           
[1625708483.263704] [c1-9:6129 :0]          mpool.c:43   UCX  WARN  object 0x1d34d00 was not returned to mpool ucp_requests
[1625708483.263720] [c1-9:6129 :0]          mpool.c:43   UCX  WARN  object 0x1d34e00 was not returned to mpool ucp_requests
[1625708483.263721] [c1-9:6129 :0]          mpool.c:43   UCX  WARN  object 0x1d34f00 was not returned to mpool ucp_requests
[1625708483.273555] [c1-21:37539:0]          mpool.c:43   UCX  WARN  object 0xea1800 was not returned to mpool ucp_requests
[1625708483.273570] [c1-21:37539:0]          mpool.c:43   UCX  WARN  object 0xea1900 was not returned to mpool ucp_requests
[1625708483.273572] [c1-21:37539:0]          mpool.c:43   UCX  WARN  object 0xea1a00 was not returned to mpool ucp_requests
[1625708483.273573] [c1-21:37539:0]          mpool.c:43   UCX  WARN  object 0xea1b00 was not returned to mpool ucp_requests
[1625708483.273575] [c1-21:37539:0]          mpool.c:43   UCX  WARN  object 0xea1c00 was not returned to mpool ucp_requests
[1625708483.273576] [c1-21:37539:0]          mpool.c:43   UCX  WARN  object 0xea1d00 was not returned to mpool ucp_requests
[1625708483.273577] [c1-21:37539:0]          mpool.c:43   UCX  WARN  object 0xea1e00 was not returned to mpool ucp_requests
[1625708483.273578] [c1-21:37539:0]          mpool.c:43   UCX  WARN  object 0xea1f00 was not returned to mpool ucp_requests
[1625708483.275921] [c1-1:42848:0]          mpool.c:43   UCX  WARN  object 0x200de40 was not returned to mpool ucp_requests
[1625708483.275938] [c1-1:42848:0]          mpool.c:43   UCX  WARN  object 0x200df40 was not returned to mpool ucp_requests
[1625708483.275940] [c1-1:42848:0]          mpool.c:43   UCX  WARN  object 0x200e040 was not returned to mpool ucp_requests
[1625708483.266191] [c1-8:49787:0]          mpool.c:43   UCX  WARN  object 0x1ff2440 was not returned to mpool ucp_requests
[1625708483.266206] [c1-8:49787:0]          mpool.c:43   UCX  WARN  object 0x1ff2540 was not returned to mpool ucp_requests
[1625708483.266208] [c1-8:49787:0]          mpool.c:43   UCX  WARN  object 0x1ff2640 was not returned to mpool ucp_requests
[1625708483.266209] [c1-8:49787:0]          mpool.c:43   UCX  WARN  object 0x1ff2740 was not returned to mpool ucp_requests
[1625708483.266234] [c1-8:49787:0]          mpool.c:43   UCX  WARN  object 0x1ff2840 was not returned to mpool ucp_requests
[1625708483.266236] [c1-8:49787:0]          mpool.c:43   UCX  WARN  object 0x1ff2940 was not returned to mpool ucp_requests
[1625708483.266237] [c1-8:49787:0]          mpool.c:43   UCX  WARN  object 0x1ff2c40 was not returned to mpool ucp_requests
[1625708483.266238] [c1-8:49787:0]          mpool.c:43   UCX  WARN  object 0x1ff2d40 was not returned to mpool ucp_requests
[1625708483.271246] [c2-35:18128:0]          mpool.c:43   UCX  WARN  object 0xedb540 was not returned to mpool ucp_requests
[1625708483.271260] [c2-35:18128:0]          mpool.c:43   UCX  WARN  object 0xedb640 was not returned to mpool ucp_requests
[1625708483.271261] [c2-35:18128:0]          mpool.c:43   UCX  WARN  object 0xedb740 was not returned to mpool ucp_requests
[1625708483.271263] [c2-35:18128:0]          mpool.c:43   UCX  WARN  object 0xedb840 was not returned to mpool ucp_requests
[1625708483.271264] [c2-35:18128:0]          mpool.c:43   UCX  WARN  object 0xedb940 was not returned to mpool ucp_requests
[1625708483.271265] [c2-35:18128:0]          mpool.c:43   UCX  WARN  object 0xedba40 was not returned to mpool ucp_requests
[1625708483.271267] [c2-35:18128:0]          mpool.c:43   UCX  WARN  object 0xedbb40 was not returned to mpool ucp_requests
[1625708483.271268] [c2-35:18128:0]          mpool.c:43   UCX  WARN  object 0xedbc40 was not returned to mpool ucp_requests
[1625708483.274461] [c1-11:71521:0]          mpool.c:43   UCX  WARN  object 0x269ad00 was not returned to mpool ucp_requests
[1625708483.274484] [c1-11:71521:0]          mpool.c:43   UCX  WARN  object 0x269ae00 was not returned to mpool ucp_requests
[1625708483.274486] [c1-11:71521:0]          mpool.c:43   UCX  WARN  object 0x269af00 was not returned to mpool ucp_requests
[1625708483.277887] [c2-34:37136:0]          mpool.c:43   UCX  WARN  object 0x1836e40 was not returned to mpool ucp_requests
[1625708483.277904] [c2-34:37136:0]          mpool.c:43   UCX  WARN  object 0x1836f40 was not returned to mpool ucp_requests
[1625708483.277906] [c2-34:37136:0]          mpool.c:43   UCX  WARN  object 0x1837040 was not returned to mpool ucp_requests
[1625708483.273409] [c2-45:53075:0]          mpool.c:43   UCX  WARN  object 0x26545c0 was not returned to mpool ucp_requests
[1625708483.273433] [c2-45:53075:0]          mpool.c:43   UCX  WARN  object 0x26546c0 was not returned to mpool ucp_requests
[1625708483.273435] [c2-45:53075:0]          mpool.c:43   UCX  WARN  object 0x26547c0 was not returned to mpool ucp_requests
[1625708483.273436] [c2-45:53075:0]          mpool.c:43   UCX  WARN  object 0x26548c0 was not returned to mpool ucp_requests
[1625708483.273437] [c2-45:53075:0]          mpool.c:43   UCX  WARN  object 0x26549c0 was not returned to mpool ucp_requests
[1625708483.273439] [c2-45:53075:0]          mpool.c:43   UCX  WARN  object 0x2654ac0 was not returned to mpool ucp_requests
[1625708483.273440] [c2-45:53075:0]          mpool.c:43   UCX  WARN  object 0x2654bc0 was not returned to mpool ucp_requests
[1625708483.273441] [c2-45:53075:0]          mpool.c:43   UCX  WARN  object 0x2654cc0 was not returned to mpool ucp_requests
[1625708483.273442] [c2-45:53075:0]          mpool.c:43   UCX  WARN  object 0x2654dc0 was not returned to mpool ucp_requests
[1625708483.273444] [c2-45:53075:0]          mpool.c:43   UCX  WARN  object 0x2654ec0 was not returned to mpool ucp_requests
[1625708483.273445] [c2-45:53075:0]          mpool.c:43   UCX  WARN  object 0x26550c0 was not returned to mpool ucp_requests
[1625708483.273446] [c2-45:53075:0]          mpool.c:43   UCX  WARN  object 0x26551c0 was not returned to mpool ucp_requests
[1625708483.288730] [c1-1:42847:0]          mpool.c:43   UCX  WARN  object 0x15a3540 was not returned to mpool ucp_requests
[1625708483.288735] [c1-1:42847:0]          mpool.c:43   UCX  WARN  object 0x15a3640 was not returned to mpool ucp_requests
[1625708483.288737] [c1-1:42847:0]          mpool.c:43   UCX  WARN  object 0x15a3740 was not returned to mpool ucp_requests
[1625708483.288739] [c1-1:42847:0]          mpool.c:43   UCX  WARN  object 0x15a3840 was not returned to mpool ucp_requests
[1625708483.288740] [c1-1:42847:0]          mpool.c:43   UCX  WARN  object 0x15a3b40 was not returned to mpool ucp_requests
[1625708483.288741] [c1-1:42847:0]          mpool.c:43   UCX  WARN  object 0x15a3c40 was not returned to mpool ucp_requests
[1625708483.288743] [c1-1:42847:0]          mpool.c:43   UCX  WARN  object 0x15a3d40 was not returned to mpool ucp_requests
[1625708483.288744] [c1-1:42847:0]          mpool.c:43   UCX  WARN  object 0x15a3e40 was not returned to mpool ucp_requests
[1625708483.288745] [c1-1:42847:0]          mpool.c:43   UCX  WARN  object 0x15a3f40 was not returned to mpool ucp_requests
[1625708483.288746] [c1-1:42847:0]          mpool.c:43   UCX  WARN  object 0x15a4040 was not returned to mpool ucp_requests
[1625708483.276431] [c1-9:6128 :0]          mpool.c:43   UCX  WARN  object 0x1f0c440 was not returned to mpool ucp_requests
[1625708483.276446] [c1-9:6128 :0]          mpool.c:43   UCX  WARN  object 0x1f0c540 was not returned to mpool ucp_requests
[1625708483.276447] [c1-9:6128 :0]          mpool.c:43   UCX  WARN  object 0x1f0c640 was not returned to mpool ucp_requests
[1625708483.276449] [c1-9:6128 :0]          mpool.c:43   UCX  WARN  object 0x1f0c740 was not returned to mpool ucp_requests
[1625708483.276450] [c1-9:6128 :0]          mpool.c:43   UCX  WARN  object 0x1f0c940 was not returned to mpool ucp_requests
[1625708483.276451] [c1-9:6128 :0]          mpool.c:43   UCX  WARN  object 0x1f0ca40 was not returned to mpool ucp_requests
[1625708483.276453] [c1-9:6128 :0]          mpool.c:43   UCX  WARN  object 0x1f0cb40 was not returned to mpool ucp_requests
[1625708483.276454] [c1-9:6128 :0]          mpool.c:43   UCX  WARN  object 0x1f0cc40 was not returned to mpool ucp_requests
[1625708483.276455] [c1-9:6128 :0]          mpool.c:43   UCX  WARN  object 0x1f0cd40 was not returned to mpool ucp_requests
[1625708483.276456] [c1-9:6128 :0]          mpool.c:43   UCX  WARN  object 0x1f0ce40 was not returned to mpool ucp_requests
[1625708483.276458] [c1-9:6128 :0]          mpool.c:43   UCX  WARN  object 0x1f0cf40 was not returned to mpool ucp_requests
[1625708483.276459] [c1-9:6128 :0]          mpool.c:43   UCX  WARN  object 0x1f0d040 was not returned to mpool ucp_requests
[1625708483.263277] [c1-11:71520:0]          mpool.c:43   UCX  WARN  object 0x26e5300 was not returned to mpool ucp_requests
[1625708483.263298] [c1-11:71520:0]          mpool.c:43   UCX  WARN  object 0x26e5400 was not returned to mpool ucp_requests
[1625708483.263300] [c1-11:71520:0]          mpool.c:43   UCX  WARN  object 0x26e5500 was not returned to mpool ucp_requests
[1625708483.263301] [c1-11:71520:0]          mpool.c:43   UCX  WARN  object 0x26e5600 was not returned to mpool ucp_requests
[1625708483.263303] [c1-11:71520:0]          mpool.c:43   UCX  WARN  object 0x26e5700 was not returned to mpool ucp_requests
[1625708483.263304] [c1-11:71520:0]          mpool.c:43   UCX  WARN  object 0x26e5800 was not returned to mpool ucp_requests
[1625708483.263305] [c1-11:71520:0]          mpool.c:43   UCX  WARN  object 0x26e5900 was not returned to mpool ucp_requests
[1625708483.263306] [c1-11:71520:0]          mpool.c:43   UCX  WARN  object 0x26e5b00 was not returned to mpool ucp_requests
[1625708483.263308] [c1-11:71520:0]          mpool.c:43   UCX  WARN  object 0x26e5c00 was not returned to mpool ucp_requests
[1625708483.263309] [c1-11:71520:0]          mpool.c:43   UCX  WARN  object 0x26e5d00 was not returned to mpool ucp_requests
[1625708483.263310] [c1-11:71520:0]          mpool.c:43   UCX  WARN  object 0x26e5e00 was not returned to mpool ucp_requests
[1625708483.263311] [c1-11:71520:0]          mpool.c:43   UCX  WARN  object 0x26e5f00 was not returned to mpool ucp_requests
[1625708483.265930] [c2-41:68558:0]          mpool.c:43   UCX  WARN  object 0x10e9d80 was not returned to mpool ucp_requests
[1625708483.265945] [c2-41:68558:0]          mpool.c:43   UCX  WARN  object 0x10e9e80 was not returned to mpool ucp_requests
[1625708483.265947] [c2-41:68558:0]          mpool.c:43   UCX  WARN  object 0x10e9f80 was not returned to mpool ucp_requests
[1625708483.264848] [c1-21:37540:0]          mpool.c:43   UCX  WARN  object 0x23afd00 was not returned to mpool ucp_requests
[1625708483.264862] [c1-21:37540:0]          mpool.c:43   UCX  WARN  object 0x23afe00 was not returned to mpool ucp_requests
[1625708483.264864] [c1-21:37540:0]          mpool.c:43   UCX  WARN  object 0x23aff00 was not returned to mpool ucp_requests
[1625708483.266239] [c1-8:49787:0]          mpool.c:43   UCX  WARN  object 0x1ff2f40 was not returned to mpool ucp_requests
[1625708483.266241] [c1-8:49787:0]          mpool.c:43   UCX  WARN  object 0x1ff3040 was not returned to mpool ucp_requests
[1625708483.271269] [c2-35:18128:0]          mpool.c:43   UCX  WARN  object 0xedbd40 was not returned to mpool ucp_requests
[1625708483.271270] [c2-35:18128:0]          mpool.c:43   UCX  WARN  object 0xedbe40 was not returned to mpool ucp_requests
[1625708483.271271] [c2-35:18128:0]          mpool.c:43   UCX  WARN  object 0xedbf40 was not returned to mpool ucp_requests
[1625708483.271273] [c2-35:18128:0]          mpool.c:43   UCX  WARN  object 0xedc040 was not returned to mpool ucp_requests
[1625708483.263681] [c2-35:18129:0]          mpool.c:43   UCX  WARN  object 0x1011e40 was not returned to mpool ucp_requests
[1625708483.263696] [c2-35:18129:0]          mpool.c:43   UCX  WARN  object 0x1011f40 was not returned to mpool ucp_requests
[1625708483.263698] [c2-35:18129:0]          mpool.c:43   UCX  WARN  object 0x1012040 was not returned to mpool ucp_requests
[1625708483.268171] [c2-41:68557:0]          mpool.c:43   UCX  WARN  object 0xcd0f00 was not returned to mpool ucp_requests
[1625708483.268185] [c2-41:68557:0]          mpool.c:43   UCX  WARN  object 0xcd1000 was not returned to mpool ucp_requests
[1625708483.268187] [c2-41:68557:0]          mpool.c:43   UCX  WARN  object 0xcd1100 was not returned to mpool ucp_requests
[1625708483.268188] [c2-41:68557:0]          mpool.c:43   UCX  WARN  object 0xcd1200 was not returned to mpool ucp_requests
[1625708483.268189] [c2-41:68557:0]          mpool.c:43   UCX  WARN  object 0xcd1300 was not returned to mpool ucp_requests
[1625708483.268191] [c2-41:68557:0]          mpool.c:43   UCX  WARN  object 0xcd1400 was not returned to mpool ucp_requests
[1625708483.268192] [c2-41:68557:0]          mpool.c:43   UCX  WARN  object 0xcd1500 was not returned to mpool ucp_requests
[1625708483.268193] [c2-41:68557:0]          mpool.c:43   UCX  WARN  object 0xcd1600 was not returned to mpool ucp_requests
[1625708483.268194] [c2-41:68557:0]          mpool.c:43   UCX  WARN  object 0xcd1700 was not returned to mpool ucp_requests
[1625708483.268195] [c2-41:68557:0]          mpool.c:43   UCX  WARN  object 0xcd1900 was not returned to mpool ucp_requests
[1625708483.268197] [c2-41:68557:0]          mpool.c:43   UCX  WARN  object 0xcd1a00 was not returned to mpool ucp_requests
[1625708483.268198] [c2-41:68557:0]          mpool.c:43   UCX  WARN  object 0xcd1b00 was not returned to mpool ucp_requests
[1625708483.270398] [c2-34:37137:0]          mpool.c:43   UCX  WARN  object 0x1216c00 was not returned to mpool ucp_requests
[1625708483.270413] [c2-34:37137:0]          mpool.c:43   UCX  WARN  object 0x1216f00 was not returned to mpool ucp_requests
[1625708483.270841] [c1-8:49788:0]          mpool.c:43   UCX  WARN  object 0x11abd00 was not returned to mpool ucp_requests
[1625708483.270855] [c1-8:49788:0]          mpool.c:43   UCX  WARN  object 0x11abe00 was not returned to mpool ucp_requests
[1625708483.270857] [c1-8:49788:0]          mpool.c:43   UCX  WARN  object 0x11abf00 was not returned to mpool ucp_requests
[1625708483.275929] [c1-21:37541:0]          mpool.c:43   UCX  WARN  object 0xb37e00 was not returned to mpool ucp_requests
[1625708483.275942] [c1-21:37541:0]          mpool.c:43   UCX  WARN  object 0xb37f00 was not returned to mpool ucp_requests
[1625708483.274500] [c2-34:37135:0]          mpool.c:43   UCX  WARN  object 0x1f29940 was not returned to mpool ucp_requests
[1625708483.274514] [c2-34:37135:0]          mpool.c:43   UCX  WARN  object 0x1f29a40 was not returned to mpool ucp_requests
[1625708483.274516] [c2-34:37135:0]          mpool.c:43   UCX  WARN  object 0x1f29b40 was not returned to mpool ucp_requests
[1625708483.274517] [c2-34:37135:0]          mpool.c:43   UCX  WARN  object 0x1f29c40 was not returned to mpool ucp_requests
[1625708483.274518] [c2-34:37135:0]          mpool.c:43   UCX  WARN  object 0x1f29d40 was not returned to mpool ucp_requests
[1625708483.274519] [c2-34:37135:0]          mpool.c:43   UCX  WARN  object 0x1f29e40 was not returned to mpool ucp_requests
[1625708483.274521] [c2-34:37135:0]          mpool.c:43   UCX  WARN  object 0x1f29f40 was not returned to mpool ucp_requests
[1625708483.274522] [c2-34:37135:0]          mpool.c:43   UCX  WARN  object 0x1f2a040 was not returned to mpool ucp_requests
