Starting job 3267531 on c1-[30-31,33],c2-32 at Thu Aug 12 21:13:22 CEST 2021

Copying 70_pbe_.out to /cluster/home/ambr/projects/psp/row12/calcs/singlets
Copying 70_pbe_.json to /cluster/home/ambr/projects/psp/row12/calcs/singlets

Task and CPU usage stats:
       JobID    JobName  AllocCPUS   NTasks     MinCPU MinCPUTask     AveCPU    Elapsed ExitCode 
------------ ---------- ---------- -------- ---------- ---------- ---------- ---------- -------- 
3267531         70_pbe_        120                                             00:06:50      1:0 
3267531.bat+      batch         36        1   00:00:00          0   00:00:00   00:06:50      1:0 
3267531.ext+     extern        120        4   00:00:00          0   00:00:00   00:06:50      0:0 
3267531.0      mrchem.x        120       20   00:06:47         19   00:18:05   00:06:49      0:0 

Memory usage stats:
       JobID     MaxRSS MaxRSSTask     AveRSS MaxPages   MaxPagesTask   AvePages 
------------ ---------- ---------- ---------- -------- -------------- ---------- 
3267531                                                                          
3267531.bat+     14284K          0     14284K        0              0          0 
3267531.ext+          0          0          0        0              0          0 
3267531.0      1901708K          1 1606131507        0              5          0 

Disk usage stats:
       JobID  MaxDiskRead MaxDiskReadTask    AveDiskRead MaxDiskWrite MaxDiskWriteTask   AveDiskWrite 
------------ ------------ --------------- -------------- ------------ ---------------- -------------- 
3267531                                                                                               
3267531.bat+        3.70M               0          3.70M        0.02M                0          0.02M 
3267531.ext+        0.00M               0          0.00M            0                0              0 
3267531.0           2.06M              12          2.06M        2.10M                0          2.07M 

Job 3267531 completed at Thu Aug 12 21:20:12 CEST 2021
