                                                                           
                                                                           
***************************************************************************
***                                                                     ***
***                                                                     ***
***          __  __ ____   ____ _                                       ***
***         |  \/  |  _ \ / ___| |__   ___ _ __ ___                     ***
***         | |\/| | |_) | |   | '_ \ / _ \ '_ ` _ \                    ***
***         | |  | |  _ <| |___| | | |  __/ | | | | |                   ***
***         |_|  |_|_| \_\\____|_| |_|\___|_| |_| |_|                   ***
***                                                                     ***
***         VERSION            1.0.1                                    ***
***                                                                     ***
***         Git branch         HEAD                                     ***
***         Git commit hash    9309e3e1e52e5319b766-dirty               ***
***         Git commit author  Stig Rune Jensen                         ***
***         Git commit date    Fri Dec 4 16:08:55 2020 +0100            ***
***                                                                     ***
***         Contact: luca.frediani@uit.no                               ***
***                                                                     ***
***         Radovan Bast            Magnar Bjorgve                      ***
***         Roberto Di Remigio      Antoine Durdek                      ***
***         Luca Frediani           Gabriel Gerez                       ***
***         Stig Rune Jensen        Jonas Juselius                      ***
***         Rune Monstad            Peter Wind                          ***
***                                                                     ***
***************************************************************************

---------------------------------------------------------------------------

 MPI processes           :        (1 bank)                              20
 OpenMP threads          :                                               6
 Total cores             :                                             120
                                                                           
---------------------------------------------------------------------------

XCFun DFT library Copyright 2009-2020 Ulf Ekstrom and contributors.
See http://dftlibs.org/xcfun/ for more information.

This is free software; see the source code for copying conditions.
There is ABSOLUTELY NO WARRANTY; not even for MERCHANTABILITY or
FITNESS FOR A PARTICULAR PURPOSE. For details see the documentation.
Scientific users of this library should cite
U. Ekstrom, L. Visscher, R. Bast, A. J. Thorvaldsen and K. Ruud;
J.Chem.Theor.Comp. 2010, DOI: 10.1021/ct100117s

---------------------------------------------------------------------------

 MRCPP version         : 1.3.6
 Git branch            : HEAD
 Git commit hash       : 9309e3e1e52e5319b766-dirty
 Git commit author     : Stig Rune Jensen
 Git commit date       : Fri Dec 4 16:08:55 2020 +0100

 Linear algebra        : EIGEN v3.3.7
 Parallelization       : MPI/OpenMP (6 threads)

---------------------------------------------------------------------------


                                                                           
===========================================================================
                         MultiResolution Analysis
---------------------------------------------------------------------------
 polynomial order      : 9
 polynomial type       : Interpolating
---------------------------------------------------------------------------
 total boxes           : 8
 boxes                 : [          2           2           2 ]
 unit lengths          : [   32.00000    32.00000    32.00000 ]
 scaling factor        : [    1.00000     1.00000     1.00000 ]
 lower bounds          : [  -32.00000   -32.00000   -32.00000 ]
 upper bounds          : [   32.00000    32.00000    32.00000 ]
 total length          : [   64.00000    64.00000    64.00000 ]
===========================================================================


                                                                           
***************************************************************************
***                                                                     ***
***                        Initializing Molecule                        ***
***                                                                     ***
***************************************************************************
                                                                           
                                                                           
===========================================================================
                                 Molecule
---------------------------------------------------------------------------
 Charge                  :                                               0
 Multiplicity            :                                               1
---------------------------------------------------------------------------
    N    Atom            :               x               y               z
---------------------------------------------------------------------------
    0       F            :        0.000000        0.000000       -0.790806
    1      Li            :        0.000000        0.000000        2.164537
---------------------------------------------------------------------------
 Center of mass          :        0.000000        0.000000       -0.000000
===========================================================================


                                                                           
***************************************************************************
***                                                                     ***
***                 Computing Ground State Wavefunction                 ***
***                                                                     ***
***************************************************************************
                                                                           
                                                                           
~~~~~~~~~~~~~~~~~~~~~~~~~~~~~~~~~~~~~~~~~~~~~~~~~~~~~~~~~~~~~~~~~~~~~~~~~~~
 Calculation             : Compute initial orbitals
 Method                  : Diagonalize SAD Hamiltonian
 Precision               : 1.00000e-04
 Restricted              : False
 Functional              : LDA (SVWN5)
 AO basis                : Hydrogenic orbitals
 Zeta quality            : 2
~~~~~~~~~~~~~~~~~~~~~~~~~~~~~~~~~~~~~~~~~~~~~~~~~~~~~~~~~~~~~~~~~~~~~~~~~~~


===========================================================================
                            Molecular Orbitals
---------------------------------------------------------------------------
 Alpha electrons         :                                               6
 Beta electrons          :                                               6
 Total electrons         :                                              12
---------------------------------------------------------------------------
    n  Occ Spin          :                                            Norm
---------------------------------------------------------------------------
    0    1    a          :                              9.999999910620e-01
    1    1    a          :                              1.000000057199e+00
    2    1    a          :                              9.999998747788e-01
    3    1    a          :                              1.000000058903e+00
    4    1    a          :                              1.000000001064e+00
    5    1    a          :                              9.999999999953e-01
    6    1    b          :                              9.999999910620e-01
    7    1    b          :                              1.000000057199e+00
    8    1    b          :                              9.999998764797e-01
    9    1    b          :                              1.000000059693e+00
   10    1    b          :                              1.000000001752e+00
   11    1    b          :                              9.999999999968e-01
===========================================================================


~~~~~~~~~~~~~~~~~~~~~~~~~~~~~~~~~~~~~~~~~~~~~~~~~~~~~~~~~~~~~~~~~~~~~~~~~~~
 Calculation             : Compute initial energy
 Method                  : DFT (PBE)
 Precision               : 1.00000e-04
 Localization            : On
~~~~~~~~~~~~~~~~~~~~~~~~~~~~~~~~~~~~~~~~~~~~~~~~~~~~~~~~~~~~~~~~~~~~~~~~~~~


===========================================================================
                        Molecular Energy (initial)
---------------------------------------------------------------------------
 Kinetic energy          :            (au)                114.695010914144
 E-N energy              :            (au)               -287.019255071250
 Coulomb energy          :            (au)                 69.194252792433
 Exchange energy         :            (au)                  0.000000000000
 X-C energy              :            (au)                -12.940465347817
 Ext. field (el)         :            (au)                  0.000000000000
---------------------------------------------------------------------------
 N-N energy              :            (au)                  9.135997020339
 Ext. field (nuc)        :            (au)                  0.000000000000
---------------------------------------------------------------------------
 Electronic energy       :            (au)               -116.070456712491
 Nuclear energy          :            (au)                  9.135997020339
---------------------------------------------------------------------------
 Total energy            :            (au)             -1.069344596922e+02
                         :      (kcal/mol)             -6.710238601922e+04
                         :        (kJ/mol)             -2.807563832867e+05
                         :            (eV)             -2.909834757797e+03
===========================================================================


===========================================================================
                        Orbital Energies (initial)
---------------------------------------------------------------------------
    n  Occ Spin          :                                         Epsilon
---------------------------------------------------------------------------
    0    1    a          :            (au)                -23.259648802617
    1    1    a          :            (au)                 -1.799447690113
    2    1    a          :            (au)                 -0.569568558140
    3    1    a          :            (au)                  0.100554733205
    4    1    a          :            (au)                  0.116555077442
    5    1    a          :            (au)                  0.117150168409
    6    1    b          :            (au)                -23.259634461383
    7    1    b          :            (au)                 -1.799445826846
    8    1    b          :            (au)                 -0.569534711446
    9    1    b          :            (au)                  0.100564737627
   10    1    b          :            (au)                  0.116584393168
   11    1    b          :            (au)                  0.117198331780
---------------------------------------------------------------------------
 Sum occupied            :            (au)                -50.588672608914
===========================================================================


~~~~~~~~~~~~~~~~~~~~~~~~~~~~~~~~~~~~~~~~~~~~~~~~~~~~~~~~~~~~~~~~~~~~~~~~~~~
 Calculation             : Optimize ground state orbitals
 Method                  : DFT (PBE)
 Checkpointing           : Off
 Max iterations          : 200
 KAIN solver             : 10
 Localization            : First two iterations
 Diagonalization         : Off
 Start precision         : 1.00000e-06
 Final precision         : 1.00000e-06
 Helmholtz precision     : Dynamic
 Energy threshold        : 1.00000e-06
 Orbital threshold       : 5.00000e-05
~~~~~~~~~~~~~~~~~~~~~~~~~~~~~~~~~~~~~~~~~~~~~~~~~~~~~~~~~~~~~~~~~~~~~~~~~~~


===========================================================================
 Iter           MO residual             Total energy                Update
---------------------------------------------------------------------------
    0          3.464102e+00        -106.934459692152         -1.069345e+02
    1          8.342429e-01        -106.841804228661          9.265546e-02
    2          7.238469e-01        -107.239601205187         -3.977970e-01
    3          6.716117e-01        -107.005788235526          2.338130e-01
    4          3.575849e-01        -107.345438437185         -3.396502e-01
    5          6.096841e-02        -107.357033887285         -1.159545e-02
    6          2.642371e-01        -107.315391271902          4.164262e-02
    7          1.511819e-01        -107.357869061276         -4.247779e-02
    8          2.422401e-02        -107.359455618990         -1.586558e-03
    9          8.025233e-03        -107.359555447297         -9.982831e-05
   10          2.609325e-02        -107.359504623004          5.082429e-05
   11          4.653437e-02        -107.356267757834          3.236865e-03
   12          5.126219e-02        -107.359742645620         -3.474888e-03
   13          1.125204e-03        -107.359743570737         -9.251172e-07
   14          2.873785e-04        -107.359743728528         -1.577909e-07
   15          2.783276e-04        -107.359743747587         -1.905882e-08
   16          1.152967e-04        -107.359743766639         -1.905241e-08
---------------------------------------------------------------------------
                      SCF converged in 16 iterations!
===========================================================================


                                                                           
***************************************************************************
***                                                                     ***
***                    Printing Molecular Properties                    ***
***                                                                     ***
***************************************************************************
                                                                           
                                                                           
===========================================================================
                                 Molecule
---------------------------------------------------------------------------
 Charge                  :                                               0
 Multiplicity            :                                               1
---------------------------------------------------------------------------
    N    Atom            :               x               y               z
---------------------------------------------------------------------------
    0       F            :        0.000000        0.000000       -0.790806
    1      Li            :        0.000000        0.000000        2.164537
---------------------------------------------------------------------------
 Center of mass          :        0.000000        0.000000       -0.000000
===========================================================================


===========================================================================
                         Molecular Energy (final)
---------------------------------------------------------------------------
 Kinetic energy          :            (au)                107.041690249917
 E-N energy              :            (au)               -276.184269129116
 Coulomb energy          :            (au)                 64.937338965016
 Exchange energy         :            (au)                  0.000000000000
 X-C energy              :            (au)                -12.290500872795
 Ext. field (el)         :            (au)                  0.000000000000
---------------------------------------------------------------------------
 N-N energy              :            (au)                  9.135997020339
 Ext. field (nuc)        :            (au)                  0.000000000000
---------------------------------------------------------------------------
 Electronic energy       :            (au)               -116.495740786978
 Nuclear energy          :            (au)                  9.135997020339
---------------------------------------------------------------------------
 Total energy            :            (au)             -1.073597437666e+02
                         :      (kcal/mol)             -6.736925580298e+04
                         :        (kJ/mol)             -2.818729664626e+05
                         :            (eV)             -2.921407326503e+03
===========================================================================


===========================================================================
                         Orbital Energies (final)
---------------------------------------------------------------------------
    n  Occ Spin          :                                         Epsilon
---------------------------------------------------------------------------
    0    1    a          :            (au)                -24.094448277430
    1    1    a          :            (au)                 -1.854563662512
    2    1    a          :            (au)                 -0.900695802167
    3    1    a          :            (au)                 -0.235817729948
    4    1    a          :            (au)                 -0.225205499918
    5    1    a          :            (au)                 -0.225205496424
    6    1    b          :            (au)                -24.094448265104
    7    1    b          :            (au)                 -1.854563665724
    8    1    b          :            (au)                 -0.900695785415
    9    1    b          :            (au)                 -0.235817721799
   10    1    b          :            (au)                 -0.225205483217
   11    1    b          :            (au)                 -0.225205481563
---------------------------------------------------------------------------
 Sum occupied            :            (au)                -55.071872871220
===========================================================================


===========================================================================
                           Dipole Moment (dip-1)
---------------------------------------------------------------------------
 r_O                     :        0.000000        0.000000        0.000000
---------------------------------------------------------------------------
 Electronic vector       :        0.000001        0.000004        3.021004
 Magnitude               :            (au)                        3.021004
                         :         (Debye)                        7.678625
---------------------------------------------------------------------------
 Nuclear vector          :        0.000000        0.000000       -0.623643
 Magnitude               :            (au)                        0.623643
                         :         (Debye)                        1.585142
---------------------------------------------------------------------------
 Total vector            :        0.000001        0.000004        2.397361
 Magnitude               :            (au)                        2.397361
                         :         (Debye)                        6.093483
===========================================================================


                                                                           
                                                                           
***************************************************************************
***                                                                     ***
***                            Exiting MRChem                           ***
***                                                                     ***
***                       Wall time :  0h 16m 26s                       ***
***                                                                     ***
***************************************************************************
                                                                           
                                                                           
