Starting job 3126022 on c2-4,c11-[49-50,54-56,58] at Thu Jul 8 03:38:39 CEST 2021

Copying 71_pbe0_.out to /cluster/home/ambr/projects/psp/calcs
Copying 71_pbe0_.json to /cluster/home/ambr/projects/psp/calcs

Task and CPU usage stats:
       JobID    JobName  AllocCPUS   NTasks     MinCPU MinCPUTask     AveCPU    Elapsed ExitCode 
------------ ---------- ---------- -------- ---------- ---------- ---------- ---------- -------- 
3126022        71_pbe0_        200                                             00:11:18      1:0 
3126022.bat+      batch         20        1   00:00:00          0   00:00:00   00:11:18      1:0 
3126022.ext+     extern        200        7   00:00:00          4   00:00:00   00:11:18      0:0 
3126022.0      mrchem.x        200       20   00:11:13         19   00:33:06   00:11:16      0:0 

Memory usage stats:
       JobID     MaxRSS MaxRSSTask     AveRSS MaxPages   MaxPagesTask   AvePages 
------------ ---------- ---------- ---------- -------- -------------- ---------- 
3126022                                                                          
3126022.bat+     14736K          0     14736K        0              0          0 
3126022.ext+          0          4          0        0              4          0 
3126022.0      2503464K          4 1740465561        0             19          0 

Disk usage stats:
       JobID  MaxDiskRead MaxDiskReadTask    AveDiskRead MaxDiskWrite MaxDiskWriteTask   AveDiskWrite 
------------ ------------ --------------- -------------- ------------ ---------------- -------------- 
3126022                                                                                               
3126022.bat+        3.55M               0          3.55M        0.02M                0          0.02M 
3126022.ext+        0.00M               4          0.00M            0                4              0 
3126022.0           2.67M              12          2.60M       51.07M                4         10.20M 

Job 3126022 completed at Thu Jul 8 03:49:58 CEST 2021
