Starting job 3267532 on c2-[25,53],c3-1,c5-29,c11-47 at Thu Aug 12 22:09:06 CEST 2021

Copying 71_pbe_.out to /cluster/home/ambr/projects/psp/row12/calcs/singlets
Copying 71_pbe_.json to /cluster/home/ambr/projects/psp/row12/calcs/singlets

Task and CPU usage stats:
       JobID    JobName  AllocCPUS   NTasks     MinCPU MinCPUTask     AveCPU    Elapsed ExitCode 
------------ ---------- ---------- -------- ---------- ---------- ---------- ---------- -------- 
3267532         71_pbe_        120                                             00:16:29      1:0 
3267532.bat+      batch         30        1   00:00:00          0   00:00:00   00:16:29      1:0 
3267532.ext+     extern        120        5   00:00:00          4   00:00:00   00:16:30      0:0 
3267532.0      mrchem.x        120       20   00:16:27         19   00:49:49   00:16:28      0:0 

Memory usage stats:
       JobID     MaxRSS MaxRSSTask     AveRSS MaxPages   MaxPagesTask   AvePages 
------------ ---------- ---------- ---------- -------- -------------- ---------- 
3267532                                                                          
3267532.bat+     14332K          0     14332K        0              0          0 
3267532.ext+          0          4          0        0              4          0 
3267532.0      2954396K          3 2535262003        0             15          0 

Disk usage stats:
       JobID  MaxDiskRead MaxDiskReadTask    AveDiskRead MaxDiskWrite MaxDiskWriteTask   AveDiskWrite 
------------ ------------ --------------- -------------- ------------ ---------------- -------------- 
3267532                                                                                               
3267532.bat+        3.70M               0          3.70M        0.02M                0          0.02M 
3267532.ext+        0.00M               4          0.00M            0                4              0 
3267532.0           2.67M              17          2.18M        2.11M                0          2.07M 

Job 3267532 completed at Thu Aug 12 22:25:36 CEST 2021
