Starting job 3267565 on c2-[46,53],c3-4,c5-[19,25,29] at Fri Aug 13 04:05:46 CEST 2021

Copying 73_pbe_.out to /cluster/home/ambr/projects/psp/row12/calcs/triplets
Copying 73_pbe_.json to /cluster/home/ambr/projects/psp/row12/calcs/triplets

Task and CPU usage stats:
       JobID    JobName  AllocCPUS   NTasks     MinCPU MinCPUTask     AveCPU    Elapsed ExitCode 
------------ ---------- ---------- -------- ---------- ---------- ---------- ---------- -------- 
3267565         73_pbe_        120                                             00:17:01      1:0 
3267565.bat+      batch          6        1   00:00:00          0   00:00:00   00:17:01      1:0 
3267565.ext+     extern        120        6   00:00:00          2   00:00:00   00:17:01      0:0 
3267565.0      mrchem.x        120       20   00:16:57         19   00:52:27   00:16:59      0:0 

Memory usage stats:
       JobID     MaxRSS MaxRSSTask     AveRSS MaxPages   MaxPagesTask   AvePages 
------------ ---------- ---------- ---------- -------- -------------- ---------- 
3267565                                                                          
3267565.bat+     14368K          0     14368K        0              0          0 
3267565.ext+          0          2          0        0              2          0 
3267565.0      2884148K          0 2246657228        0             19          0 

Disk usage stats:
       JobID  MaxDiskRead MaxDiskReadTask    AveDiskRead MaxDiskWrite MaxDiskWriteTask   AveDiskWrite 
------------ ------------ --------------- -------------- ------------ ---------------- -------------- 
3267565                                                                                               
3267565.bat+        3.70M               0          3.70M        0.02M                0          0.02M 
3267565.ext+        0.00M               2          0.00M            0                2              0 
3267565.0           2.06M               2          2.05M        2.08M                0          2.07M 

Job 3267565 completed at Fri Aug 13 04:22:46 CEST 2021
