                                                                           
                                                                           
***************************************************************************
***                                                                     ***
***                                                                     ***
***          __  __ ____   ____ _                                       ***
***         |  \/  |  _ \ / ___| |__   ___ _ __ ___                     ***
***         | |\/| | |_) | |   | '_ \ / _ \ '_ ` _ \                    ***
***         | |  | |  _ <| |___| | | |  __/ | | | | |                   ***
***         |_|  |_|_| \_\\____|_| |_|\___|_| |_| |_|                   ***
***                                                                     ***
***         VERSION            1.0.1                                    ***
***                                                                     ***
***         Git branch         HEAD                                     ***
***         Git commit hash    9309e3e1e52e5319b766-dirty               ***
***         Git commit author  Stig Rune Jensen                         ***
***         Git commit date    Fri Dec 4 16:08:55 2020 +0100            ***
***                                                                     ***
***         Contact: luca.frediani@uit.no                               ***
***                                                                     ***
***         Radovan Bast            Magnar Bjorgve                      ***
***         Roberto Di Remigio      Antoine Durdek                      ***
***         Luca Frediani           Gabriel Gerez                       ***
***         Stig Rune Jensen        Jonas Juselius                      ***
***         Rune Monstad            Peter Wind                          ***
***                                                                     ***
***************************************************************************

---------------------------------------------------------------------------

 MPI processes           :        (1 bank)                              20
 OpenMP threads          :                                               6
 Total cores             :                                             120
                                                                           
---------------------------------------------------------------------------

XCFun DFT library Copyright 2009-2020 Ulf Ekstrom and contributors.
See http://dftlibs.org/xcfun/ for more information.

This is free software; see the source code for copying conditions.
There is ABSOLUTELY NO WARRANTY; not even for MERCHANTABILITY or
FITNESS FOR A PARTICULAR PURPOSE. For details see the documentation.
Scientific users of this library should cite
U. Ekstrom, L. Visscher, R. Bast, A. J. Thorvaldsen and K. Ruud;
J.Chem.Theor.Comp. 2010, DOI: 10.1021/ct100117s

---------------------------------------------------------------------------

 MRCPP version         : 1.3.6
 Git branch            : HEAD
 Git commit hash       : 9309e3e1e52e5319b766-dirty
 Git commit author     : Stig Rune Jensen
 Git commit date       : Fri Dec 4 16:08:55 2020 +0100

 Linear algebra        : EIGEN v3.3.7
 Parallelization       : MPI/OpenMP (6 threads)

---------------------------------------------------------------------------


                                                                           
===========================================================================
                         MultiResolution Analysis
---------------------------------------------------------------------------
 polynomial order      : 9
 polynomial type       : Interpolating
---------------------------------------------------------------------------
 total boxes           : 8
 boxes                 : [          2           2           2 ]
 unit lengths          : [   16.00000    16.00000    16.00000 ]
 scaling factor        : [    1.00000     1.00000     1.00000 ]
 lower bounds          : [  -16.00000   -16.00000   -16.00000 ]
 upper bounds          : [   16.00000    16.00000    16.00000 ]
 total length          : [   32.00000    32.00000    32.00000 ]
===========================================================================


                                                                           
***************************************************************************
***                                                                     ***
***                        Initializing Molecule                        ***
***                                                                     ***
***************************************************************************
                                                                           
                                                                           
===========================================================================
                                 Molecule
---------------------------------------------------------------------------
 Charge                  :                                               0
 Multiplicity            :                                               3
---------------------------------------------------------------------------
    N    Atom            :               x               y               z
---------------------------------------------------------------------------
    0       N            :        0.000000        0.000000       -0.847817
    1      Li            :        0.000000        0.000000        1.710872
---------------------------------------------------------------------------
 Center of mass          :        0.000000        0.000000        0.000000
===========================================================================


                                                                           
***************************************************************************
***                                                                     ***
***                 Computing Ground State Wavefunction                 ***
***                                                                     ***
***************************************************************************
                                                                           
                                                                           
~~~~~~~~~~~~~~~~~~~~~~~~~~~~~~~~~~~~~~~~~~~~~~~~~~~~~~~~~~~~~~~~~~~~~~~~~~~
 Calculation             : Compute initial orbitals
 Method                  : Project MW molecular orbitals
 Precision               : 1.00000e-04
 Restricted              : False
 MO alpha file           : initial_guess/phi_a_scf
 MO beta file            : initial_guess/phi_b_scf
~~~~~~~~~~~~~~~~~~~~~~~~~~~~~~~~~~~~~~~~~~~~~~~~~~~~~~~~~~~~~~~~~~~~~~~~~~~


===========================================================================
                            Molecular Orbitals
---------------------------------------------------------------------------
 Alpha electrons         :                                               6
 Beta electrons          :                                               4
 Total electrons         :                                              10
---------------------------------------------------------------------------
    n  Occ Spin          :                                            Norm
---------------------------------------------------------------------------
    0    1    a          :                              1.000000001898e+00
    1    1    a          :                              1.000000001787e+00
    2    1    a          :                              1.000000013868e+00
    3    1    a          :                              1.000000013871e+00
    4    1    a          :                              1.000000013380e+00
    5    1    a          :                              1.000000016709e+00
    6    1    b          :                              1.000000001905e+00
    7    1    b          :                              9.999999574659e-01
    8    1    b          :                              9.999999993219e-01
    9    1    b          :                              9.999999993206e-01
===========================================================================


~~~~~~~~~~~~~~~~~~~~~~~~~~~~~~~~~~~~~~~~~~~~~~~~~~~~~~~~~~~~~~~~~~~~~~~~~~~
 Calculation             : Compute initial energy
 Method                  : DFT (PBE0)
 Precision               : 1.00000e-04
 Localization            : On
~~~~~~~~~~~~~~~~~~~~~~~~~~~~~~~~~~~~~~~~~~~~~~~~~~~~~~~~~~~~~~~~~~~~~~~~~~~


===========================================================================
                        Molecular Energy (initial)
---------------------------------------------------------------------------
 Kinetic energy          :            (au)                 62.241528765138
 E-N energy              :            (au)               -162.957183732156
 Coulomb energy          :            (au)                 39.222480040100
 Exchange energy         :            (au)                 -2.122479686599
 X-C energy              :            (au)                 -6.612688391161
 Ext. field (el)         :            (au)                  0.000000000000
---------------------------------------------------------------------------
 N-N energy              :            (au)                  8.207328084922
 Ext. field (nuc)        :            (au)                  0.000000000000
---------------------------------------------------------------------------
 Electronic energy       :            (au)                -70.228343004679
 Nuclear energy          :            (au)                  8.207328084922
---------------------------------------------------------------------------
 Total energy            :            (au)             -6.202101491976e+01
                         :      (kcal/mol)             -3.891877413914e+04
                         :        (kJ/mol)             -1.628361511038e+05
                         :            (eV)             -1.687677718173e+03
===========================================================================


===========================================================================
                        Orbital Energies (initial)
---------------------------------------------------------------------------
    n  Occ Spin          :                                         Epsilon
---------------------------------------------------------------------------
    0    1    a          :            (au)                -14.352407675641
    1    1    a          :            (au)                 -2.013045187898
    2    1    a          :            (au)                 -0.727604883720
    3    1    a          :            (au)                 -0.294488018749
    4    1    a          :            (au)                 -0.290730812169
    5    1    a          :            (au)                 -0.237216741690
    6    1    b          :            (au)                -14.312159823912
    7    1    b          :            (au)                 -2.001407401969
    8    1    b          :            (au)                 -0.583948975914
    9    1    b          :            (au)                 -0.196979296326
---------------------------------------------------------------------------
 Sum occupied            :            (au)                -35.009988817988
===========================================================================


~~~~~~~~~~~~~~~~~~~~~~~~~~~~~~~~~~~~~~~~~~~~~~~~~~~~~~~~~~~~~~~~~~~~~~~~~~~
 Calculation             : Optimize ground state orbitals
 Method                  : DFT (PBE0)
 Checkpointing           : Off
 Max iterations          : 200
 KAIN solver             : 10
 Localization            : First two iterations
 Diagonalization         : Off
 Start precision         : 1.00000e-06
 Final precision         : 1.00000e-06
 Helmholtz precision     : Dynamic
 Energy threshold        : 1.00000e-06
 Orbital threshold       : 1.00000e-05
~~~~~~~~~~~~~~~~~~~~~~~~~~~~~~~~~~~~~~~~~~~~~~~~~~~~~~~~~~~~~~~~~~~~~~~~~~~


===========================================================================
 Iter           MO residual             Total energy                Update
---------------------------------------------------------------------------
    0          3.162278e+00         -62.021014919757         -6.202101e+01
    1          5.695769e-04         -62.021618390399         -6.034706e-04
    2          4.087368e-04         -62.021625282800         -6.892401e-06
    3          3.863024e-04         -62.021625425689         -1.428887e-07
    4          2.267636e-04         -62.021625521836         -9.614715e-08
    5          6.095269e-04         -62.021625770948         -2.491113e-07
    6          1.487148e-04         -62.021625796139         -2.519131e-08
    7          9.972733e-05         -62.021625806613         -1.047448e-08
    8          4.077043e-05         -62.021625808401         -1.787640e-09
    9          2.066580e-05         -62.021625809046         -6.452439e-10
---------------------------------------------------------------------------
                      SCF converged in 9 iterations!
===========================================================================


                                                                           
***************************************************************************
***                                                                     ***
***                    Printing Molecular Properties                    ***
***                                                                     ***
***************************************************************************
                                                                           
                                                                           
===========================================================================
                                 Molecule
---------------------------------------------------------------------------
 Charge                  :                                               0
 Multiplicity            :                                               3
---------------------------------------------------------------------------
    N    Atom            :               x               y               z
---------------------------------------------------------------------------
    0       N            :        0.000000        0.000000       -0.847817
    1      Li            :        0.000000        0.000000        1.710872
---------------------------------------------------------------------------
 Center of mass          :        0.000000        0.000000        0.000000
===========================================================================


===========================================================================
                         Molecular Energy (final)
---------------------------------------------------------------------------
 Kinetic energy          :            (au)                 62.242632982349
 E-N energy              :            (au)               -162.958834896809
 Coulomb energy          :            (au)                 39.222562948312
 Exchange energy         :            (au)                 -2.122577786727
 X-C energy              :            (au)                 -6.612737141093
 Ext. field (el)         :            (au)                  0.000000000000
---------------------------------------------------------------------------
 N-N energy              :            (au)                  8.207328084922
 Ext. field (nuc)        :            (au)                  0.000000000000
---------------------------------------------------------------------------
 Electronic energy       :            (au)                -70.228953893968
 Nuclear energy          :            (au)                  8.207328084922
---------------------------------------------------------------------------
 Total energy            :            (au)             -6.202162580905e+01
                         :      (kcal/mol)             -3.891915747795e+04
                         :        (kJ/mol)             -1.628377549934e+05
                         :            (eV)             -1.687694341317e+03
===========================================================================


===========================================================================
                         Orbital Energies (final)
---------------------------------------------------------------------------
    n  Occ Spin          :                                         Epsilon
---------------------------------------------------------------------------
    0    1    a          :            (au)                -14.352595384359
    1    1    a          :            (au)                 -2.013192286338
    2    1    a          :            (au)                 -0.727591386785
    3    1    a          :            (au)                 -0.294427728920
    4    1    a          :            (au)                 -0.290688135899
    5    1    a          :            (au)                 -0.237151313706
    6    1    b          :            (au)                -14.312385877618
    7    1    b          :            (au)                 -2.001502340685
    8    1    b          :            (au)                 -0.583959373877
    9    1    b          :            (au)                 -0.197000198201
---------------------------------------------------------------------------
 Sum occupied            :            (au)                -35.010494026387
===========================================================================


===========================================================================
                           Dipole Moment (dip-1)
---------------------------------------------------------------------------
 r_O                     :        0.000000        0.000000        0.000000
---------------------------------------------------------------------------
 Electronic vector       :       -0.000001        0.000001        2.573191
 Magnitude               :            (au)                        2.573191
                         :         (Debye)                        6.540399
---------------------------------------------------------------------------
 Nuclear vector          :        0.000000        0.000000       -0.802108
 Magnitude               :            (au)                        0.802108
                         :         (Debye)                        2.038755
---------------------------------------------------------------------------
 Total vector            :       -0.000001        0.000001        1.771083
 Magnitude               :            (au)                        1.771083
                         :         (Debye)                        4.501645
===========================================================================


                                                                           
                                                                           
***************************************************************************
***                                                                     ***
***                            Exiting MRChem                           ***
***                                                                     ***
***                       Wall time :  0h 10m 52s                       ***
***                                                                     ***
***************************************************************************
                                                                           
                                                                           
