                                                                           
                                                                           
***************************************************************************
***                                                                     ***
***                                                                     ***
***          __  __ ____   ____ _                                       ***
***         |  \/  |  _ \ / ___| |__   ___ _ __ ___                     ***
***         | |\/| | |_) | |   | '_ \ / _ \ '_ ` _ \                    ***
***         | |  | |  _ <| |___| | | |  __/ | | | | |                   ***
***         |_|  |_|_| \_\\____|_| |_|\___|_| |_| |_|                   ***
***                                                                     ***
***         VERSION            1.0.1                                    ***
***                                                                     ***
***         Git branch         HEAD                                     ***
***         Git commit hash    9309e3e1e52e5319b766-dirty               ***
***         Git commit author  Stig Rune Jensen                         ***
***         Git commit date    Fri Dec 4 16:08:55 2020 +0100            ***
***                                                                     ***
***         Contact: luca.frediani@uit.no                               ***
***                                                                     ***
***         Radovan Bast            Magnar Bjorgve                      ***
***         Roberto Di Remigio      Antoine Durdek                      ***
***         Luca Frediani           Gabriel Gerez                       ***
***         Stig Rune Jensen        Jonas Juselius                      ***
***         Rune Monstad            Peter Wind                          ***
***                                                                     ***
***************************************************************************

---------------------------------------------------------------------------

 MPI processes           :        (1 bank)                              20
 OpenMP threads          :                                               6
 Total cores             :                                             120
                                                                           
---------------------------------------------------------------------------

XCFun DFT library Copyright 2009-2020 Ulf Ekstrom and contributors.
See http://dftlibs.org/xcfun/ for more information.

This is free software; see the source code for copying conditions.
There is ABSOLUTELY NO WARRANTY; not even for MERCHANTABILITY or
FITNESS FOR A PARTICULAR PURPOSE. For details see the documentation.
Scientific users of this library should cite
U. Ekstrom, L. Visscher, R. Bast, A. J. Thorvaldsen and K. Ruud;
J.Chem.Theor.Comp. 2010, DOI: 10.1021/ct100117s

---------------------------------------------------------------------------

 MRCPP version         : 1.3.6
 Git branch            : HEAD
 Git commit hash       : 9309e3e1e52e5319b766-dirty
 Git commit author     : Stig Rune Jensen
 Git commit date       : Fri Dec 4 16:08:55 2020 +0100

 Linear algebra        : EIGEN v3.3.7
 Parallelization       : MPI/OpenMP (6 threads)

---------------------------------------------------------------------------


                                                                           
===========================================================================
                         MultiResolution Analysis
---------------------------------------------------------------------------
 polynomial order      : 9
 polynomial type       : Interpolating
---------------------------------------------------------------------------
 total boxes           : 8
 boxes                 : [          2           2           2 ]
 unit lengths          : [   32.00000    32.00000    32.00000 ]
 scaling factor        : [    1.00000     1.00000     1.00000 ]
 lower bounds          : [  -32.00000   -32.00000   -32.00000 ]
 upper bounds          : [   32.00000    32.00000    32.00000 ]
 total length          : [   64.00000    64.00000    64.00000 ]
===========================================================================


                                                                           
***************************************************************************
***                                                                     ***
***                        Initializing Molecule                        ***
***                                                                     ***
***************************************************************************
                                                                           
                                                                           
===========================================================================
                                 Molecule
---------------------------------------------------------------------------
 Charge                  :                                               0
 Multiplicity            :                                               3
---------------------------------------------------------------------------
    N    Atom            :               x               y               z
---------------------------------------------------------------------------
    0       N            :        0.000000        0.000000       -0.847817
    1      Li            :        0.000000        0.000000        1.710872
---------------------------------------------------------------------------
 Center of mass          :        0.000000        0.000000        0.000000
===========================================================================


                                                                           
***************************************************************************
***                                                                     ***
***                 Computing Ground State Wavefunction                 ***
***                                                                     ***
***************************************************************************
                                                                           
                                                                           
~~~~~~~~~~~~~~~~~~~~~~~~~~~~~~~~~~~~~~~~~~~~~~~~~~~~~~~~~~~~~~~~~~~~~~~~~~~
 Calculation             : Compute initial orbitals
 Method                  : Diagonalize SAD Hamiltonian
 Precision               : 1.00000e-04
 Restricted              : False
 Functional              : LDA (SVWN5)
 AO basis                : Hydrogenic orbitals
 Zeta quality            : 2
~~~~~~~~~~~~~~~~~~~~~~~~~~~~~~~~~~~~~~~~~~~~~~~~~~~~~~~~~~~~~~~~~~~~~~~~~~~


===========================================================================
                            Molecular Orbitals
---------------------------------------------------------------------------
 Alpha electrons         :                                               6
 Beta electrons          :                                               4
 Total electrons         :                                              10
---------------------------------------------------------------------------
    n  Occ Spin          :                                            Norm
---------------------------------------------------------------------------
    0    1    a          :                              9.999999997344e-01
    1    1    a          :                              9.999999999557e-01
    2    1    a          :                              1.000000000261e+00
    3    1    a          :                              9.999999999693e-01
    4    1    a          :                              9.999999999693e-01
    5    1    a          :                              1.000000003101e+00
    6    1    b          :                              9.999999977085e-01
    7    1    b          :                              1.000000000142e+00
    8    1    b          :                              1.000000006299e+00
    9    1    b          :                              9.999999999693e-01
===========================================================================


~~~~~~~~~~~~~~~~~~~~~~~~~~~~~~~~~~~~~~~~~~~~~~~~~~~~~~~~~~~~~~~~~~~~~~~~~~~
 Calculation             : Compute initial energy
 Method                  : DFT (PBE)
 Precision               : 1.00000e-04
 Localization            : On
~~~~~~~~~~~~~~~~~~~~~~~~~~~~~~~~~~~~~~~~~~~~~~~~~~~~~~~~~~~~~~~~~~~~~~~~~~~


===========================================================================
                        Molecular Energy (initial)
---------------------------------------------------------------------------
 Kinetic energy          :            (au)                 66.629047268792
 E-N energy              :            (au)               -168.556358800339
 Coulomb energy          :            (au)                 41.032458862802
 Exchange energy         :            (au)                  0.000000000000
 X-C energy              :            (au)                 -9.087163729828
 Ext. field (el)         :            (au)                  0.000000000000
---------------------------------------------------------------------------
 N-N energy              :            (au)                  8.207328084922
 Ext. field (nuc)        :            (au)                  0.000000000000
---------------------------------------------------------------------------
 Electronic energy       :            (au)                -69.982016398573
 Nuclear energy          :            (au)                  8.207328084922
---------------------------------------------------------------------------
 Total energy            :            (au)             -6.177468831365e+01
                         :      (kcal/mol)             -3.876420186134e+04
                         :        (kJ/mol)             -1.621894206931e+05
                         :            (eV)             -1.680974830046e+03
===========================================================================


===========================================================================
                        Orbital Energies (initial)
---------------------------------------------------------------------------
    n  Occ Spin          :                                         Epsilon
---------------------------------------------------------------------------
    0    1    a          :            (au)                -13.509162897100
    1    1    a          :            (au)                 -1.788513432492
    2    1    a          :            (au)                 -0.456894948590
    3    1    a          :            (au)                 -0.089821857284
    4    1    a          :            (au)                 -0.063701315194
    5    1    a          :            (au)                 -0.027974583813
    6    1    b          :            (au)                -13.468514832158
    7    1    b          :            (au)                 -1.777539267620
    8    1    b          :            (au)                 -0.355348705415
    9    1    b          :            (au)                  0.010209373382
---------------------------------------------------------------------------
 Sum occupied            :            (au)                -31.527262466284
===========================================================================


~~~~~~~~~~~~~~~~~~~~~~~~~~~~~~~~~~~~~~~~~~~~~~~~~~~~~~~~~~~~~~~~~~~~~~~~~~~
 Calculation             : Optimize ground state orbitals
 Method                  : DFT (PBE)
 Checkpointing           : Off
 Max iterations          : 200
 KAIN solver             : 10
 Localization            : First two iterations
 Diagonalization         : Off
 Start precision         : 1.00000e-06
 Final precision         : 1.00000e-06
 Helmholtz precision     : Dynamic
 Energy threshold        : 1.00000e-06
 Orbital threshold       : 5.00000e-05
~~~~~~~~~~~~~~~~~~~~~~~~~~~~~~~~~~~~~~~~~~~~~~~~~~~~~~~~~~~~~~~~~~~~~~~~~~~


===========================================================================
 Iter           MO residual             Total energy                Update
---------------------------------------------------------------------------
    0          3.162278e+00         -61.774688313651         -6.177469e+01
    1          3.918236e-01         -61.969364155241         -1.946758e-01
    2          2.330333e-01         -62.001224880194         -3.186072e-02
    3          1.703656e-01         -62.004552448808         -3.327569e-03
    4          8.403317e-02         -62.012781285318         -8.228837e-03
    5          1.771127e-02         -62.013129663880         -3.483786e-04
    6          1.836661e-02         -62.013393981625         -2.643177e-04
    7          6.271501e-03         -62.013453267378         -5.928575e-05
    8          8.757042e-03         -62.013511808242         -5.854086e-05
    9          3.446868e-03         -62.013528888248         -1.708001e-05
   10          2.876061e-03         -62.013536873155         -7.984906e-06
   11          1.900402e-03         -62.013540847568         -3.974414e-06
   12          1.011250e-03         -62.013541930126         -1.082557e-06
   13          6.785260e-04         -62.013542469882         -5.397560e-07
   14          4.297512e-04         -62.013542676266         -2.063845e-07
   15          3.480530e-04         -62.013542789076         -1.128100e-07
   16          1.924346e-04         -62.013542814256         -2.517976e-08
   17          1.396492e-04         -62.013542825404         -1.114817e-08
   18          4.145195e-05         -62.013542826599         -1.194678e-09
---------------------------------------------------------------------------
                      SCF converged in 18 iterations!
===========================================================================


                                                                           
***************************************************************************
***                                                                     ***
***                    Printing Molecular Properties                    ***
***                                                                     ***
***************************************************************************
                                                                           
                                                                           
===========================================================================
                                 Molecule
---------------------------------------------------------------------------
 Charge                  :                                               0
 Multiplicity            :                                               3
---------------------------------------------------------------------------
    N    Atom            :               x               y               z
---------------------------------------------------------------------------
    0       N            :        0.000000        0.000000       -0.847817
    1      Li            :        0.000000        0.000000        1.710872
---------------------------------------------------------------------------
 Center of mass          :        0.000000        0.000000        0.000000
===========================================================================


===========================================================================
                         Molecular Energy (final)
---------------------------------------------------------------------------
 Kinetic energy          :            (au)                 62.239665726614
 E-N energy              :            (au)               -162.891625162582
 Coulomb energy          :            (au)                 39.142355596126
 Exchange energy         :            (au)                  0.000000000000
 X-C energy              :            (au)                 -8.711267071679
 Ext. field (el)         :            (au)                  0.000000000000
---------------------------------------------------------------------------
 N-N energy              :            (au)                  8.207328084922
 Ext. field (nuc)        :            (au)                  0.000000000000
---------------------------------------------------------------------------
 Electronic energy       :            (au)                -70.220870911521
 Nuclear energy          :            (au)                  8.207328084922
---------------------------------------------------------------------------
 Total energy            :            (au)             -6.201354282660e+01
                         :      (kcal/mol)             -3.891408532993e+04
                         :        (kJ/mol)             -1.628165331261e+05
                         :            (eV)             -1.687474392169e+03
===========================================================================


===========================================================================
                         Orbital Energies (final)
---------------------------------------------------------------------------
    n  Occ Spin          :                                         Epsilon
---------------------------------------------------------------------------
    0    1    a          :            (au)                -13.962297347222
    1    1    a          :            (au)                 -1.861943176706
    2    1    a          :            (au)                 -0.624627682928
    3    1    a          :            (au)                 -0.236123238150
    4    1    a          :            (au)                 -0.224414763541
    5    1    a          :            (au)                 -0.184846499758
    6    1    b          :            (au)                -13.926674210422
    7    1    b          :            (au)                 -1.853410794422
    8    1    b          :            (au)                 -0.518863487619
    9    1    b          :            (au)                 -0.152642903474
---------------------------------------------------------------------------
 Sum occupied            :            (au)                -33.545844104242
===========================================================================


===========================================================================
                           Dipole Moment (dip-1)
---------------------------------------------------------------------------
 r_O                     :        0.000000        0.000000        0.000000
---------------------------------------------------------------------------
 Electronic vector       :       -0.000000       -0.000000        2.529229
 Magnitude               :            (au)                        2.529229
                         :         (Debye)                        6.428657
---------------------------------------------------------------------------
 Nuclear vector          :        0.000000        0.000000       -0.802108
 Magnitude               :            (au)                        0.802108
                         :         (Debye)                        2.038755
---------------------------------------------------------------------------
 Total vector            :       -0.000000       -0.000000        1.727121
 Magnitude               :            (au)                        1.727121
                         :         (Debye)                        4.389902
===========================================================================


                                                                           
                                                                           
***************************************************************************
***                                                                     ***
***                            Exiting MRChem                           ***
***                                                                     ***
***                       Wall time :  0h 16m 57s                       ***
***                                                                     ***
***************************************************************************
                                                                           
                                                                           
