                                                                           
                                                                           
***************************************************************************
***                                                                     ***
***                                                                     ***
***          __  __ ____   ____ _                                       ***
***         |  \/  |  _ \ / ___| |__   ___ _ __ ___                     ***
***         | |\/| | |_) | |   | '_ \ / _ \ '_ ` _ \                    ***
***         | |  | |  _ <| |___| | | |  __/ | | | | |                   ***
***         |_|  |_|_| \_\\____|_| |_|\___|_| |_| |_|                   ***
***                                                                     ***
***         VERSION            1.0.1                                    ***
***                                                                     ***
***         Git branch         HEAD                                     ***
***         Git commit hash    9309e3e1e52e5319b766-dirty               ***
***         Git commit author  Stig Rune Jensen                         ***
***         Git commit date    Fri Dec 4 16:08:55 2020 +0100            ***
***                                                                     ***
***         Contact: luca.frediani@uit.no                               ***
***                                                                     ***
***         Radovan Bast            Magnar Bjorgve                      ***
***         Roberto Di Remigio      Antoine Durdek                      ***
***         Luca Frediani           Gabriel Gerez                       ***
***         Stig Rune Jensen        Jonas Juselius                      ***
***         Rune Monstad            Peter Wind                          ***
***                                                                     ***
***************************************************************************

---------------------------------------------------------------------------

 MPI processes           :        (1 bank)                              20
 OpenMP threads          :                                               6
 Total cores             :                                             120
                                                                           
---------------------------------------------------------------------------

XCFun DFT library Copyright 2009-2020 Ulf Ekstrom and contributors.
See http://dftlibs.org/xcfun/ for more information.

This is free software; see the source code for copying conditions.
There is ABSOLUTELY NO WARRANTY; not even for MERCHANTABILITY or
FITNESS FOR A PARTICULAR PURPOSE. For details see the documentation.
Scientific users of this library should cite
U. Ekstrom, L. Visscher, R. Bast, A. J. Thorvaldsen and K. Ruud;
J.Chem.Theor.Comp. 2010, DOI: 10.1021/ct100117s

---------------------------------------------------------------------------

 MRCPP version         : 1.3.6
 Git branch            : HEAD
 Git commit hash       : 9309e3e1e52e5319b766-dirty
 Git commit author     : Stig Rune Jensen
 Git commit date       : Fri Dec 4 16:08:55 2020 +0100

 Linear algebra        : EIGEN v3.3.7
 Parallelization       : MPI/OpenMP (6 threads)

---------------------------------------------------------------------------


                                                                           
===========================================================================
                         MultiResolution Analysis
---------------------------------------------------------------------------
 polynomial order      : 9
 polynomial type       : Interpolating
---------------------------------------------------------------------------
 total boxes           : 8
 boxes                 : [          2           2           2 ]
 unit lengths          : [   32.00000    32.00000    32.00000 ]
 scaling factor        : [    1.00000     1.00000     1.00000 ]
 lower bounds          : [  -32.00000   -32.00000   -32.00000 ]
 upper bounds          : [   32.00000    32.00000    32.00000 ]
 total length          : [   64.00000    64.00000    64.00000 ]
===========================================================================


                                                                           
***************************************************************************
***                                                                     ***
***                        Initializing Molecule                        ***
***                                                                     ***
***************************************************************************
                                                                           
                                                                           
===========================================================================
                                 Molecule
---------------------------------------------------------------------------
 Charge                  :                                               0
 Multiplicity            :                                               4
---------------------------------------------------------------------------
    N    Atom            :               x               y               z
---------------------------------------------------------------------------
    0       C            :        0.000000        0.000000       -1.313320
    1      Li            :        0.000000        0.000000        2.272624
---------------------------------------------------------------------------
 Center of mass          :        0.000000        0.000000        0.000000
===========================================================================


                                                                           
***************************************************************************
***                                                                     ***
***                 Computing Ground State Wavefunction                 ***
***                                                                     ***
***************************************************************************
                                                                           
                                                                           
~~~~~~~~~~~~~~~~~~~~~~~~~~~~~~~~~~~~~~~~~~~~~~~~~~~~~~~~~~~~~~~~~~~~~~~~~~~
 Calculation             : Compute initial orbitals
 Method                  : Diagonalize SAD Hamiltonian
 Precision               : 1.00000e-04
 Restricted              : False
 Functional              : LDA (SVWN5)
 AO basis                : Hydrogenic orbitals
 Zeta quality            : 2
~~~~~~~~~~~~~~~~~~~~~~~~~~~~~~~~~~~~~~~~~~~~~~~~~~~~~~~~~~~~~~~~~~~~~~~~~~~


===========================================================================
                            Molecular Orbitals
---------------------------------------------------------------------------
 Alpha electrons         :                                               6
 Beta electrons          :                                               3
 Total electrons         :                                               9
---------------------------------------------------------------------------
    n  Occ Spin          :                                            Norm
---------------------------------------------------------------------------
    0    1    a          :                              9.999996269988e-01
    1    1    a          :                              9.999999217644e-01
    2    1    a          :                              1.000000201508e+00
    3    1    a          :                              1.000000186613e+00
    4    1    a          :                              1.000000000029e+00
    5    1    a          :                              9.999999999771e-01
    6    1    b          :                              9.999996271620e-01
    7    1    b          :                              9.999999218455e-01
    8    1    b          :                              1.000000205069e+00
===========================================================================


~~~~~~~~~~~~~~~~~~~~~~~~~~~~~~~~~~~~~~~~~~~~~~~~~~~~~~~~~~~~~~~~~~~~~~~~~~~
 Calculation             : Compute initial energy
 Method                  : DFT (PBE)
 Precision               : 1.00000e-04
 Localization            : On
~~~~~~~~~~~~~~~~~~~~~~~~~~~~~~~~~~~~~~~~~~~~~~~~~~~~~~~~~~~~~~~~~~~~~~~~~~~


===========================================================================
                        Molecular Energy (initial)
---------------------------------------------------------------------------
 Kinetic energy          :            (au)                 48.339614137021
 E-N energy              :            (au)               -119.972403474713
 Coulomb energy          :            (au)                 28.831874927050
 Exchange energy         :            (au)                  0.000000000000
 X-C energy              :            (au)                 -7.409221485508
 Ext. field (el)         :            (au)                  0.000000000000
---------------------------------------------------------------------------
 N-N energy              :            (au)                  5.019598694038
 Ext. field (nuc)        :            (au)                  0.000000000000
---------------------------------------------------------------------------
 Electronic energy       :            (au)                -50.210135896150
 Nuclear energy          :            (au)                  5.019598694038
---------------------------------------------------------------------------
 Total energy            :            (au)             -4.519053720211e+01
                         :      (kcal/mol)             -2.835749000352e+04
                         :        (kJ/mol)             -1.186477382517e+05
                         :            (eV)             -1.229697108423e+03
===========================================================================


===========================================================================
                        Orbital Energies (initial)
---------------------------------------------------------------------------
    n  Occ Spin          :                                         Epsilon
---------------------------------------------------------------------------
    0    1    a          :            (au)                 -9.558824924315
    1    1    a          :            (au)                 -1.844907214846
    2    1    a          :            (au)                 -0.342812161517
    3    1    a          :            (au)                 -0.057963570182
    4    1    a          :            (au)                 -0.046267623358
    5    1    a          :            (au)                 -0.046267379785
    6    1    b          :            (au)                 -9.515047053050
    7    1    b          :            (au)                 -1.839480298113
    8    1    b          :            (au)                 -0.220124415516
---------------------------------------------------------------------------
 Sum occupied            :            (au)                -23.471694640680
===========================================================================


~~~~~~~~~~~~~~~~~~~~~~~~~~~~~~~~~~~~~~~~~~~~~~~~~~~~~~~~~~~~~~~~~~~~~~~~~~~
 Calculation             : Optimize ground state orbitals
 Method                  : DFT (PBE)
 Checkpointing           : Off
 Max iterations          : 200
 KAIN solver             : 10
 Localization            : First two iterations
 Diagonalization         : Off
 Start precision         : 1.00000e-06
 Final precision         : 1.00000e-06
 Helmholtz precision     : Dynamic
 Energy threshold        : 1.00000e-06
 Orbital threshold       : 5.00000e-05
~~~~~~~~~~~~~~~~~~~~~~~~~~~~~~~~~~~~~~~~~~~~~~~~~~~~~~~~~~~~~~~~~~~~~~~~~~~


===========================================================================
 Iter           MO residual             Total energy                Update
---------------------------------------------------------------------------
    0          3.000000e+00         -45.190537202111         -4.519054e+01
    1          3.633454e-01         -45.340544878695         -1.500077e-01
    2          1.902668e-01         -45.358549914555         -1.800504e-02
    3          1.308227e-01         -45.360332912659         -1.782998e-03
    4          6.454424e-02         -45.363366572947         -3.033660e-03
    5          1.676853e-02         -45.363529145114         -1.625722e-04
    6          1.699010e-02         -45.363626297942         -9.715283e-05
    7          6.639507e-03         -45.363646151375         -1.985343e-05
    8          5.942946e-03         -45.363658400133         -1.224876e-05
    9          2.175482e-03         -45.363661266265         -2.866132e-06
   10          1.665016e-03         -45.363662814724         -1.548459e-06
   11          6.181546e-04         -45.363663270002         -4.552787e-07
   12          4.010438e-04         -45.363663480635         -2.106330e-07
   13          4.427702e-04         -45.363663676068         -1.954329e-07
   14          3.636189e-04         -45.363663766237         -9.016878e-08
   15          2.742792e-04         -45.363663800276         -3.403893e-08
   16          1.245522e-04         -45.363663806045         -5.768747e-09
   17          5.874007e-05         -45.363663807557         -1.512120e-09
---------------------------------------------------------------------------
                      SCF converged in 17 iterations!
===========================================================================


                                                                           
***************************************************************************
***                                                                     ***
***                    Printing Molecular Properties                    ***
***                                                                     ***
***************************************************************************
                                                                           
                                                                           
===========================================================================
                                 Molecule
---------------------------------------------------------------------------
 Charge                  :                                               0
 Multiplicity            :                                               4
---------------------------------------------------------------------------
    N    Atom            :               x               y               z
---------------------------------------------------------------------------
    0       C            :        0.000000        0.000000       -1.313320
    1      Li            :        0.000000        0.000000        2.272624
---------------------------------------------------------------------------
 Center of mass          :        0.000000        0.000000        0.000000
===========================================================================


===========================================================================
                         Molecular Energy (final)
---------------------------------------------------------------------------
 Kinetic energy          :            (au)                 45.177161474523
 E-N energy              :            (au)               -116.065640208417
 Coulomb energy          :            (au)                 27.620911947639
 Exchange energy         :            (au)                  0.000000000000
 X-C energy              :            (au)                 -7.115695715339
 Ext. field (el)         :            (au)                  0.000000000000
---------------------------------------------------------------------------
 N-N energy              :            (au)                  5.019598694038
 Ext. field (nuc)        :            (au)                  0.000000000000
---------------------------------------------------------------------------
 Electronic energy       :            (au)                -50.383262501595
 Nuclear energy          :            (au)                  5.019598694038
---------------------------------------------------------------------------
 Total energy            :            (au)             -4.536366380756e+01
                         :      (kcal/mol)             -2.846612858777e+04
                         :        (kJ/mol)             -1.191022820885e+05
                         :            (eV)             -1.234408123146e+03
===========================================================================


===========================================================================
                         Orbital Energies (final)
---------------------------------------------------------------------------
    n  Occ Spin          :                                         Epsilon
---------------------------------------------------------------------------
    0    1    a          :            (au)                 -9.888252747203
    1    1    a          :            (au)                 -1.890756335948
    2    1    a          :            (au)                 -0.453879325977
    3    1    a          :            (au)                 -0.164472696386
    4    1    a          :            (au)                 -0.148153447158
    5    1    a          :            (au)                 -0.148153446743
    6    1    b          :            (au)                 -9.853929564401
    7    1    b          :            (au)                 -1.885912240656
    8    1    b          :            (au)                 -0.336596238374
---------------------------------------------------------------------------
 Sum occupied            :            (au)                -24.770106042846
===========================================================================


===========================================================================
                           Dipole Moment (dip-1)
---------------------------------------------------------------------------
 r_O                     :        0.000000        0.000000        0.000000
---------------------------------------------------------------------------
 Electronic vector       :       -0.000000       -0.000000        3.435068
 Magnitude               :            (au)                        3.435068
                         :         (Debye)                        8.731072
---------------------------------------------------------------------------
 Nuclear vector          :        0.000000        0.000000       -1.062046
 Magnitude               :            (au)                        1.062046
                         :         (Debye)                        2.699453
---------------------------------------------------------------------------
 Total vector            :       -0.000000       -0.000000        2.373022
 Magnitude               :            (au)                        2.373022
                         :         (Debye)                        6.031620
===========================================================================


                                                                           
                                                                           
***************************************************************************
***                                                                     ***
***                            Exiting MRChem                           ***
***                                                                     ***
***                       Wall time :  0h 14m 30s                       ***
***                                                                     ***
***************************************************************************
                                                                           
                                                                           
