Starting job 3267556 on c2-[4,6],c3-[4,27],c5-[19,25,29] at Fri Aug 13 03:08:41 CEST 2021

Copying 75_pbe_.out to /cluster/home/ambr/projects/psp/row12/calcs/doublets
Copying 75_pbe_.json to /cluster/home/ambr/projects/psp/row12/calcs/doublets

Task and CPU usage stats:
       JobID    JobName  AllocCPUS   NTasks     MinCPU MinCPUTask     AveCPU    Elapsed ExitCode 
------------ ---------- ---------- -------- ---------- ---------- ---------- ---------- -------- 
3267556         75_pbe_        120                                             00:13:42      1:0 
3267556.bat+      batch          6        1   00:00:00          0   00:00:00   00:13:42      1:0 
3267556.ext+     extern        120        7   00:00:00          1   00:00:00   00:13:42      0:0 
3267556.0      mrchem.x        120       20   00:13:39         19   00:40:55   00:13:41      0:0 

Memory usage stats:
       JobID     MaxRSS MaxRSSTask     AveRSS MaxPages   MaxPagesTask   AvePages 
------------ ---------- ---------- ---------- -------- -------------- ---------- 
3267556                                                                          
3267556.bat+     14436K          0     14436K        0              0          0 
3267556.ext+          0          1          0        0              1          0 
3267556.0      3070792K          1 2363904204        0             19          0 

Disk usage stats:
       JobID  MaxDiskRead MaxDiskReadTask    AveDiskRead MaxDiskWrite MaxDiskWriteTask   AveDiskWrite 
------------ ------------ --------------- -------------- ------------ ---------------- -------------- 
3267556                                                                                               
3267556.bat+        3.70M               0          3.70M        0.02M                0          0.02M 
3267556.ext+        0.00M               1          0.00M            0                1              0 
3267556.0           2.06M               3          2.05M        2.08M                0          2.07M 

Job 3267556 completed at Fri Aug 13 03:22:23 CEST 2021
