                                                                           
                                                                           
***************************************************************************
***                                                                     ***
***                                                                     ***
***          __  __ ____   ____ _                                       ***
***         |  \/  |  _ \ / ___| |__   ___ _ __ ___                     ***
***         | |\/| | |_) | |   | '_ \ / _ \ '_ ` _ \                    ***
***         | |  | |  _ <| |___| | | |  __/ | | | | |                   ***
***         |_|  |_|_| \_\\____|_| |_|\___|_| |_| |_|                   ***
***                                                                     ***
***         VERSION            1.0.1                                    ***
***                                                                     ***
***         Git branch         HEAD                                     ***
***         Git commit hash    9309e3e1e52e5319b766-dirty               ***
***         Git commit author  Stig Rune Jensen                         ***
***         Git commit date    Fri Dec 4 16:08:55 2020 +0100            ***
***                                                                     ***
***         Contact: luca.frediani@uit.no                               ***
***                                                                     ***
***         Radovan Bast            Magnar Bjorgve                      ***
***         Roberto Di Remigio      Antoine Durdek                      ***
***         Luca Frediani           Gabriel Gerez                       ***
***         Stig Rune Jensen        Jonas Juselius                      ***
***         Rune Monstad            Peter Wind                          ***
***                                                                     ***
***************************************************************************

---------------------------------------------------------------------------

 MPI processes           :        (1 bank)                              20
 OpenMP threads          :                                               6
 Total cores             :                                             120
                                                                           
---------------------------------------------------------------------------

XCFun DFT library Copyright 2009-2020 Ulf Ekstrom and contributors.
See http://dftlibs.org/xcfun/ for more information.

This is free software; see the source code for copying conditions.
There is ABSOLUTELY NO WARRANTY; not even for MERCHANTABILITY or
FITNESS FOR A PARTICULAR PURPOSE. For details see the documentation.
Scientific users of this library should cite
U. Ekstrom, L. Visscher, R. Bast, A. J. Thorvaldsen and K. Ruud;
J.Chem.Theor.Comp. 2010, DOI: 10.1021/ct100117s

---------------------------------------------------------------------------

 MRCPP version         : 1.3.6
 Git branch            : HEAD
 Git commit hash       : 9309e3e1e52e5319b766-dirty
 Git commit author     : Stig Rune Jensen
 Git commit date       : Fri Dec 4 16:08:55 2020 +0100

 Linear algebra        : EIGEN v3.3.7
 Parallelization       : MPI/OpenMP (6 threads)

---------------------------------------------------------------------------


                                                                           
===========================================================================
                         MultiResolution Analysis
---------------------------------------------------------------------------
 polynomial order      : 9
 polynomial type       : Interpolating
---------------------------------------------------------------------------
 total boxes           : 8
 boxes                 : [          2           2           2 ]
 unit lengths          : [   32.00000    32.00000    32.00000 ]
 scaling factor        : [    1.00000     1.00000     1.00000 ]
 lower bounds          : [  -32.00000   -32.00000   -32.00000 ]
 upper bounds          : [   32.00000    32.00000    32.00000 ]
 total length          : [   64.00000    64.00000    64.00000 ]
===========================================================================


                                                                           
***************************************************************************
***                                                                     ***
***                        Initializing Molecule                        ***
***                                                                     ***
***************************************************************************
                                                                           
                                                                           
===========================================================================
                                 Molecule
---------------------------------------------------------------------------
 Charge                  :                                               0
 Multiplicity            :                                               2
---------------------------------------------------------------------------
    N    Atom            :               x               y               z
---------------------------------------------------------------------------
    0      Li            :        0.000000        0.000000       -2.740251
    1      Be            :        0.000000        0.000000        2.110486
---------------------------------------------------------------------------
 Center of mass          :        0.000000        0.000000        0.000000
===========================================================================


                                                                           
***************************************************************************
***                                                                     ***
***                 Computing Ground State Wavefunction                 ***
***                                                                     ***
***************************************************************************
                                                                           
                                                                           
~~~~~~~~~~~~~~~~~~~~~~~~~~~~~~~~~~~~~~~~~~~~~~~~~~~~~~~~~~~~~~~~~~~~~~~~~~~
 Calculation             : Compute initial orbitals
 Method                  : Diagonalize SAD Hamiltonian
 Precision               : 1.00000e-04
 Restricted              : False
 Functional              : LDA (SVWN5)
 AO basis                : Hydrogenic orbitals
 Zeta quality            : 2
~~~~~~~~~~~~~~~~~~~~~~~~~~~~~~~~~~~~~~~~~~~~~~~~~~~~~~~~~~~~~~~~~~~~~~~~~~~


===========================================================================
                            Molecular Orbitals
---------------------------------------------------------------------------
 Alpha electrons         :                                               4
 Beta electrons          :                                               3
 Total electrons         :                                               7
---------------------------------------------------------------------------
    n  Occ Spin          :                                            Norm
---------------------------------------------------------------------------
    0    1    a          :                              9.999999680112e-01
    1    1    a          :                              1.000000008140e+00
    2    1    a          :                              1.000000138426e+00
    3    1    a          :                              1.000000354128e+00
    4    1    b          :                              9.999999682713e-01
    5    1    b          :                              1.000000008315e+00
    6    1    b          :                              1.000000142265e+00
===========================================================================


~~~~~~~~~~~~~~~~~~~~~~~~~~~~~~~~~~~~~~~~~~~~~~~~~~~~~~~~~~~~~~~~~~~~~~~~~~~
 Calculation             : Compute initial energy
 Method                  : DFT (PBE)
 Precision               : 1.00000e-04
 Localization            : On
~~~~~~~~~~~~~~~~~~~~~~~~~~~~~~~~~~~~~~~~~~~~~~~~~~~~~~~~~~~~~~~~~~~~~~~~~~~


===========================================================================
                        Molecular Energy (initial)
---------------------------------------------------------------------------
 Kinetic energy          :            (au)                 23.531274421585
 E-N energy              :            (au)                -57.521080499831
 Coulomb energy          :            (au)                 14.225716225687
 Exchange energy         :            (au)                  0.000000000000
 X-C energy              :            (au)                 -4.720296545195
 Ext. field (el)         :            (au)                  0.000000000000
---------------------------------------------------------------------------
 N-N energy              :            (au)                  2.473850554408
 Ext. field (nuc)        :            (au)                  0.000000000000
---------------------------------------------------------------------------
 Electronic energy       :            (au)                -24.484386397754
 Nuclear energy          :            (au)                  2.473850554408
---------------------------------------------------------------------------
 Total energy            :            (au)             -2.201053584335e+01
                         :      (kcal/mol)             -1.381181965946e+04
                         :        (kJ/mol)             -5.778865349270e+04
                         :            (eV)             -5.989371659901e+02
===========================================================================


===========================================================================
                        Orbital Energies (initial)
---------------------------------------------------------------------------
    n  Occ Spin          :                                         Epsilon
---------------------------------------------------------------------------
    0    1    a          :            (au)                 -3.723921074914
    1    1    a          :            (au)                 -1.867823322205
    2    1    a          :            (au)                 -0.169546157642
    3    1    a          :            (au)                 -0.079004105739
    4    1    b          :            (au)                 -3.718040243865
    5    1    b          :            (au)                 -1.863104826299
    6    1    b          :            (au)                 -0.152310863468
---------------------------------------------------------------------------
 Sum occupied            :            (au)                -11.573750594132
===========================================================================


~~~~~~~~~~~~~~~~~~~~~~~~~~~~~~~~~~~~~~~~~~~~~~~~~~~~~~~~~~~~~~~~~~~~~~~~~~~
 Calculation             : Optimize ground state orbitals
 Method                  : DFT (PBE)
 Checkpointing           : Off
 Max iterations          : 200
 KAIN solver             : 10
 Localization            : First two iterations
 Diagonalization         : Off
 Start precision         : 1.00000e-06
 Final precision         : 1.00000e-06
 Helmholtz precision     : Dynamic
 Energy threshold        : 1.00000e-06
 Orbital threshold       : 5.00000e-05
~~~~~~~~~~~~~~~~~~~~~~~~~~~~~~~~~~~~~~~~~~~~~~~~~~~~~~~~~~~~~~~~~~~~~~~~~~~


===========================================================================
 Iter           MO residual             Total energy                Update
---------------------------------------------------------------------------
    0          2.645751e+00         -22.010535843347         -2.201054e+01
    1          1.946859e-01         -22.104552914907         -9.401707e-02
    2          6.884601e-02         -22.110377597778         -5.824683e-03
    3          3.663646e-02         -22.111632475461         -1.254878e-03
    4          8.420373e-02         -22.112904408680         -1.271933e-03
    5          4.195033e-02         -22.113232464490         -3.280558e-04
    6          2.770204e-02         -22.113350147942         -1.176835e-04
    7          9.030632e-03         -22.113368619346         -1.847140e-05
    8          4.669962e-03         -22.113375850054         -7.230708e-06
    9          2.982793e-03         -22.113378457676         -2.607622e-06
   10          2.266545e-03         -22.113379467729         -1.010053e-06
   11          1.595482e-03         -22.113379839239         -3.715099e-07
   12          3.338299e-04         -22.113379883426         -4.418704e-08
   13          2.035375e-04         -22.113379894074         -1.064795e-08
   14          1.094311e-04         -22.113379896408         -2.334389e-09
   15          3.107628e-05         -22.113379896922         -5.131966e-10
---------------------------------------------------------------------------
                      SCF converged in 15 iterations!
===========================================================================


                                                                           
***************************************************************************
***                                                                     ***
***                    Printing Molecular Properties                    ***
***                                                                     ***
***************************************************************************
                                                                           
                                                                           
===========================================================================
                                 Molecule
---------------------------------------------------------------------------
 Charge                  :                                               0
 Multiplicity            :                                               2
---------------------------------------------------------------------------
    N    Atom            :               x               y               z
---------------------------------------------------------------------------
    0      Li            :        0.000000        0.000000       -2.740251
    1      Be            :        0.000000        0.000000        2.110486
---------------------------------------------------------------------------
 Center of mass          :        0.000000        0.000000        0.000000
===========================================================================


===========================================================================
                         Molecular Energy (final)
---------------------------------------------------------------------------
 Kinetic energy          :            (au)                 21.990482776486
 E-N energy              :            (au)                -55.837988156150
 Coulomb energy          :            (au)                 13.830895460173
 Exchange energy         :            (au)                  0.000000000000
 X-C energy              :            (au)                 -4.570620531838
 Ext. field (el)         :            (au)                  0.000000000000
---------------------------------------------------------------------------
 N-N energy              :            (au)                  2.473850554408
 Ext. field (nuc)        :            (au)                  0.000000000000
---------------------------------------------------------------------------
 Electronic energy       :            (au)                -24.587230451329
 Nuclear energy          :            (au)                  2.473850554408
---------------------------------------------------------------------------
 Total energy            :            (au)             -2.211337989692e+01
                         :      (kcal/mol)             -1.387635527691e+04
                         :        (kJ/mol)             -5.805867051628e+04
                         :            (eV)             -6.017356951321e+02
===========================================================================


===========================================================================
                         Orbital Energies (final)
---------------------------------------------------------------------------
    n  Occ Spin          :                                         Epsilon
---------------------------------------------------------------------------
    0    1    a          :            (au)                 -3.871092439536
    1    1    a          :            (au)                 -1.887944328312
    2    1    a          :            (au)                 -0.209449006976
    3    1    a          :            (au)                 -0.114876835140
    4    1    b          :            (au)                 -3.867578252836
    5    1    b          :            (au)                 -1.882499088149
    6    1    b          :            (au)                 -0.196680979604
---------------------------------------------------------------------------
 Sum occupied            :            (au)                -12.030120930553
===========================================================================


===========================================================================
                           Dipole Moment (dip-1)
---------------------------------------------------------------------------
 r_O                     :        0.000000        0.000000        0.000000
---------------------------------------------------------------------------
 Electronic vector       :        0.000000        0.000000       -1.193054
 Magnitude               :            (au)                        1.193054
                         :         (Debye)                        3.032440
---------------------------------------------------------------------------
 Nuclear vector          :        0.000000        0.000000        0.221190
 Magnitude               :            (au)                        0.221190
                         :         (Debye)                        0.562210
---------------------------------------------------------------------------
 Total vector            :        0.000000        0.000000       -0.971864
 Magnitude               :            (au)                        0.971864
                         :         (Debye)                        2.470231
===========================================================================


                                                                           
                                                                           
***************************************************************************
***                                                                     ***
***                            Exiting MRChem                           ***
***                                                                     ***
***                       Wall time :  0h 13m 39s                       ***
***                                                                     ***
***************************************************************************
                                                                           
                                                                           
