                                                                           
                                                                           
***************************************************************************
***                                                                     ***
***                                                                     ***
***          __  __ ____   ____ _                                       ***
***         |  \/  |  _ \ / ___| |__   ___ _ __ ___                     ***
***         | |\/| | |_) | |   | '_ \ / _ \ '_ ` _ \                    ***
***         | |  | |  _ <| |___| | | |  __/ | | | | |                   ***
***         |_|  |_|_| \_\\____|_| |_|\___|_| |_| |_|                   ***
***                                                                     ***
***         VERSION            1.0.1                                    ***
***                                                                     ***
***         Git branch         HEAD                                     ***
***         Git commit hash    9309e3e1e52e5319b766-dirty               ***
***         Git commit author  Stig Rune Jensen                         ***
***         Git commit date    Fri Dec 4 16:08:55 2020 +0100            ***
***                                                                     ***
***         Contact: luca.frediani@uit.no                               ***
***                                                                     ***
***         Radovan Bast            Magnar Bjorgve                      ***
***         Roberto Di Remigio      Antoine Durdek                      ***
***         Luca Frediani           Gabriel Gerez                       ***
***         Stig Rune Jensen        Jonas Juselius                      ***
***         Rune Monstad            Peter Wind                          ***
***                                                                     ***
***************************************************************************

---------------------------------------------------------------------------

 MPI processes           :        (1 bank)                              20
 OpenMP threads          :                                              10
 Total cores             :                                             200
                                                                           
---------------------------------------------------------------------------

XCFun DFT library Copyright 2009-2020 Ulf Ekstrom and contributors.
See http://dftlibs.org/xcfun/ for more information.

This is free software; see the source code for copying conditions.
There is ABSOLUTELY NO WARRANTY; not even for MERCHANTABILITY or
FITNESS FOR A PARTICULAR PURPOSE. For details see the documentation.
Scientific users of this library should cite
U. Ekstrom, L. Visscher, R. Bast, A. J. Thorvaldsen and K. Ruud;
J.Chem.Theor.Comp. 2010, DOI: 10.1021/ct100117s

---------------------------------------------------------------------------

 MRCPP version         : 1.3.6
 Git branch            : HEAD
 Git commit hash       : 9309e3e1e52e5319b766-dirty
 Git commit author     : Stig Rune Jensen
 Git commit date       : Fri Dec 4 16:08:55 2020 +0100

 Linear algebra        : EIGEN v3.3.7
 Parallelization       : MPI/OpenMP (10 threads)

---------------------------------------------------------------------------


                                                                           
===========================================================================
                         MultiResolution Analysis
---------------------------------------------------------------------------
 polynomial order      : 9
 polynomial type       : Interpolating
---------------------------------------------------------------------------
 total boxes           : 8
 boxes                 : [          2           2           2 ]
 unit lengths          : [   16.00000    16.00000    16.00000 ]
 scaling factor        : [    1.00000     1.00000     1.00000 ]
 lower bounds          : [  -16.00000   -16.00000   -16.00000 ]
 upper bounds          : [   16.00000    16.00000    16.00000 ]
 total length          : [   32.00000    32.00000    32.00000 ]
===========================================================================


                                                                           
***************************************************************************
***                                                                     ***
***                        Initializing Molecule                        ***
***                                                                     ***
***************************************************************************
                                                                           
                                                                           
===========================================================================
                                 Molecule
---------------------------------------------------------------------------
 Charge                  :                                               0
 Multiplicity            :                                               1
---------------------------------------------------------------------------
    N    Atom            :               x               y               z
---------------------------------------------------------------------------
    0       O            :        0.000000        0.000000        0.789170
    1      Li            :        0.000000        0.000000       -2.199620
    2       H            :        0.000000        0.000000        2.620504
---------------------------------------------------------------------------
 Center of mass          :        0.000000        0.000000        0.000000
===========================================================================


                                                                           
***************************************************************************
***                                                                     ***
***                 Computing Ground State Wavefunction                 ***
***                                                                     ***
***************************************************************************
                                                                           
                                                                           
~~~~~~~~~~~~~~~~~~~~~~~~~~~~~~~~~~~~~~~~~~~~~~~~~~~~~~~~~~~~~~~~~~~~~~~~~~~
 Calculation             : Compute initial orbitals
 Method                  : Diagonalize SAD Hamiltonian
 Precision               : 1.00000e-03
 Restricted              : True
 Functional              : LDA (SVWN5)
 AO basis                : Hydrogenic orbitals
 Zeta quality            : 2
~~~~~~~~~~~~~~~~~~~~~~~~~~~~~~~~~~~~~~~~~~~~~~~~~~~~~~~~~~~~~~~~~~~~~~~~~~~


===========================================================================
                            Molecular Orbitals
---------------------------------------------------------------------------
 Alpha electrons         :                                               6
 Beta electrons          :                                               6
 Total electrons         :                                              12
---------------------------------------------------------------------------
    n  Occ Spin          :                                            Norm
---------------------------------------------------------------------------
    0    2    p          :                              9.999996888444e-01
    1    2    p          :                              1.000000214360e+00
    2    2    p          :                              1.000000107350e+00
    3    2    p          :                              9.999999435423e-01
    4    2    p          :                              9.999999999557e-01
    5    2    p          :                              9.999999999435e-01
===========================================================================


~~~~~~~~~~~~~~~~~~~~~~~~~~~~~~~~~~~~~~~~~~~~~~~~~~~~~~~~~~~~~~~~~~~~~~~~~~~
 Calculation             : Compute initial energy
 Method                  : DFT (B3LYP-G)
 Precision               : 1.00000e-03
 Localization            : Off
~~~~~~~~~~~~~~~~~~~~~~~~~~~~~~~~~~~~~~~~~~~~~~~~~~~~~~~~~~~~~~~~~~~~~~~~~~~


===========================================================================
                        Molecular Energy (initial)
---------------------------------------------------------------------------
 Kinetic energy          :            (au)                 89.363513487903
 E-N energy              :            (au)               -233.543566505884
 Coulomb energy          :            (au)                 59.640830504435
 Exchange energy         :            (au)                 -2.194399289113
 X-C energy              :            (au)                 -9.293357224079
 Ext. field (el)         :            (au)                  0.000000000000
---------------------------------------------------------------------------
 N-N energy              :            (au)                 13.020795995746
 Ext. field (nuc)        :            (au)                  0.000000000000
---------------------------------------------------------------------------
 Electronic energy       :            (au)                -96.026979026738
 Nuclear energy          :            (au)                 13.020795995746
---------------------------------------------------------------------------
 Total energy            :            (au)             -8.300618303099e+01
                         :      (kcal/mol)             -5.208716583749e+04
                         :        (kJ/mol)             -2.179327020055e+05
                         :            (eV)             -2.258713207987e+03
===========================================================================


===========================================================================
                        Orbital Energies (initial)
---------------------------------------------------------------------------
    n  Occ Spin          :                                         Epsilon
---------------------------------------------------------------------------
    0    2    p          :            (au)                -18.205838753213
    1    2    p          :            (au)                 -1.893883236964
    2    2    p          :            (au)                 -0.568665554125
    3    2    p          :            (au)                 -0.107125669192
    4    2    p          :            (au)                  0.084937221069
    5    2    p          :            (au)                  0.090712443286
---------------------------------------------------------------------------
 Sum occupied            :            (au)                -41.199727098279
===========================================================================


~~~~~~~~~~~~~~~~~~~~~~~~~~~~~~~~~~~~~~~~~~~~~~~~~~~~~~~~~~~~~~~~~~~~~~~~~~~
 Calculation             : Optimize ground state orbitals
 Method                  : DFT (B3LYP-G)
 Checkpointing           : Off
 Max iterations          : 200
 KAIN solver             : 10
 Localization            : Off
 Diagonalization         : First two iterations
 Start precision         : 1.00000e-06
 Final precision         : 1.00000e-06
 Helmholtz precision     : Dynamic
 Energy threshold        : 1.00000e-06
 Orbital threshold       : 1.00000e-05
~~~~~~~~~~~~~~~~~~~~~~~~~~~~~~~~~~~~~~~~~~~~~~~~~~~~~~~~~~~~~~~~~~~~~~~~~~~


===========================================================================
 Iter           MO residual             Total energy                Update
---------------------------------------------------------------------------
    0          2.449490e+00         -83.006183030992         -8.300618e+01
    1          3.546103e-01         -83.344676501806         -3.384935e-01
    2          1.816217e-01         -83.425305506563         -8.062900e-02
    3          1.253816e-01         -83.405888235033          1.941727e-02
    4          6.684908e-02         -83.427817814845         -2.192958e-02
    5          1.878096e-02         -83.431350072082         -3.532257e-03
    6          1.246851e-02         -83.432389024064         -1.038952e-03
    7          6.977717e-03         -83.432558679396         -1.696553e-04
    8          1.627951e-03         -83.432567523155         -8.843760e-06
    9          7.511472e-04         -83.432570407886         -2.884731e-06
   10          1.915826e-04         -83.432570515574         -1.076876e-07
   11          5.293374e-05         -83.432570523696         -8.122086e-09
   12          1.217411e-05         -83.432570524648         -9.521273e-10
---------------------------------------------------------------------------
                      SCF converged in 12 iterations!
===========================================================================


                                                                           
***************************************************************************
***                                                                     ***
***                    Printing Molecular Properties                    ***
***                                                                     ***
***************************************************************************
                                                                           
                                                                           
===========================================================================
                                 Molecule
---------------------------------------------------------------------------
 Charge                  :                                               0
 Multiplicity            :                                               1
---------------------------------------------------------------------------
    N    Atom            :               x               y               z
---------------------------------------------------------------------------
    0       O            :        0.000000        0.000000        0.789170
    1      Li            :        0.000000        0.000000       -2.199620
    2       H            :        0.000000        0.000000        2.620504
---------------------------------------------------------------------------
 Center of mass          :        0.000000        0.000000        0.000000
===========================================================================


===========================================================================
                         Molecular Energy (final)
---------------------------------------------------------------------------
 Kinetic energy          :            (au)                 83.040297650054
 E-N energy              :            (au)               -224.249620510909
 Coulomb energy          :            (au)                 55.666630166835
 Exchange energy         :            (au)                 -2.085104186811
 X-C energy              :            (au)                 -8.825569639564
 Ext. field (el)         :            (au)                  0.000000000000
---------------------------------------------------------------------------
 N-N energy              :            (au)                 13.020795995746
 Ext. field (nuc)        :            (au)                  0.000000000000
---------------------------------------------------------------------------
 Electronic energy       :            (au)                -96.453366520395
 Nuclear energy          :            (au)                 13.020795995746
---------------------------------------------------------------------------
 Total energy            :            (au)             -8.343257052465e+01
                         :      (kcal/mol)             -5.235472802723e+04
                         :        (kJ/mol)             -2.190521822081e+05
                         :            (eV)             -2.270315802257e+03
===========================================================================


===========================================================================
                         Orbital Energies (final)
---------------------------------------------------------------------------
    n  Occ Spin          :                                         Epsilon
---------------------------------------------------------------------------
    0    2    p          :            (au)                -19.015433177801
    1    2    p          :            (au)                 -1.974065898713
    2    2    p          :            (au)                 -0.855232994409
    3    2    p          :            (au)                 -0.382026588015
    4    2    p          :            (au)                 -0.224244482686
    5    2    p          :            (au)                 -0.224244467602
---------------------------------------------------------------------------
 Sum occupied            :            (au)                -45.350495218453
===========================================================================


===========================================================================
                           Dipole Moment (dip-1)
---------------------------------------------------------------------------
 r_O                     :        0.000000        0.000000        0.000000
---------------------------------------------------------------------------
 Electronic vector       :       -0.000000       -0.000000       -4.084095
 Magnitude               :            (au)                        4.084095
                         :         (Debye)                       10.380732
---------------------------------------------------------------------------
 Nuclear vector          :        0.000000        0.000000        2.335007
 Magnitude               :            (au)                        2.335007
                         :         (Debye)                        5.934994
---------------------------------------------------------------------------
 Total vector            :        0.000000        0.000000       -1.749088
 Magnitude               :            (au)                        1.749088
                         :         (Debye)                        4.445738
===========================================================================


                                                                           
                                                                           
***************************************************************************
***                                                                     ***
***                            Exiting MRChem                           ***
***                                                                     ***
***                       Wall time :  0h  8m 24s                       ***
***                                                                     ***
***************************************************************************
                                                                           
                                                                           
[1625709296.542067] [c5-42:73267:0]          mpool.c:43   UCX  WARN  object 0x2655940 was not returned to mpool ucp_requests
[1625709296.542084] [c5-42:73267:0]          mpool.c:43   UCX  WARN  object 0x2655a40 was not returned to mpool ucp_requests
[1625709296.542086] [c5-42:73267:0]          mpool.c:43   UCX  WARN  object 0x2655b40 was not returned to mpool ucp_requests
[1625709296.542087] [c5-42:73267:0]          mpool.c:43   UCX  WARN  object 0x2655c40 was not returned to mpool ucp_requests
[1625709296.542089] [c5-42:73267:0]          mpool.c:43   UCX  WARN  object 0x2655d40 was not returned to mpool ucp_requests
[1625709296.542090] [c5-42:73267:0]          mpool.c:43   UCX  WARN  object 0x2655e40 was not returned to mpool ucp_requests
[1625709296.542091] [c5-42:73267:0]          mpool.c:43   UCX  WARN  object 0x2655f40 was not returned to mpool ucp_requests
[1625709296.542093] [c5-42:73267:0]          mpool.c:43   UCX  WARN  object 0x2656040 was not returned to mpool ucp_requests
[1625709296.552156] [c5-51:27116:0]          mpool.c:43   UCX  WARN  object 0x13e6400 was not returned to mpool ucp_requests
[1625709296.552184] [c5-51:27116:0]          mpool.c:43   UCX  WARN  object 0x13e6500 was not returned to mpool ucp_requests
[1625709296.552186] [c5-51:27116:0]          mpool.c:43   UCX  WARN  object 0x13e6600 was not returned to mpool ucp_requests
[1625709296.552187] [c5-51:27116:0]          mpool.c:43   UCX  WARN  object 0x13e6700 was not returned to mpool ucp_requests
[1625709296.552189] [c5-51:27116:0]          mpool.c:43   UCX  WARN  object 0x13e6800 was not returned to mpool ucp_requests
[1625709296.552190] [c5-51:27116:0]          mpool.c:43   UCX  WARN  object 0x13e6900 was not returned to mpool ucp_requests
[1625709296.552191] [c5-51:27116:0]          mpool.c:43   UCX  WARN  object 0x13e6a00 was not returned to mpool ucp_requests
[1625709296.552192] [c5-51:27116:0]          mpool.c:43   UCX  WARN  object 0x13e6b00 was not returned to mpool ucp_requests
[1625709296.562997] [c5-44:49882:0]          mpool.c:43   UCX  WARN  object 0x1a6a600 was not returned to mpool ucp_requests
[1625709296.563013] [c5-44:49882:0]          mpool.c:43   UCX  WARN  object 0x1a6ac00 was not returned to mpool ucp_requests
[1625709296.563015] [c5-44:49882:0]          mpool.c:43   UCX  WARN  object 0x1a6ad00 was not returned to mpool ucp_requests
[1625709296.563017] [c5-44:49882:0]          mpool.c:43   UCX  WARN  object 0x1a6af00 was not returned to mpool ucp_requests
[1625709296.571339] [c5-41:55073:0]          mpool.c:43   UCX  WARN  object 0x22dca40 was not returned to mpool ucp_requests
[1625709296.571354] [c5-41:55073:0]          mpool.c:43   UCX  WARN  object 0x22dcb40 was not returned to mpool ucp_requests
[1625709296.571356] [c5-41:55073:0]          mpool.c:43   UCX  WARN  object 0x22dcc40 was not returned to mpool ucp_requests
[1625709296.571357] [c5-41:55073:0]          mpool.c:43   UCX  WARN  object 0x22dcd40 was not returned to mpool ucp_requests
[1625709296.571359] [c5-41:55073:0]          mpool.c:43   UCX  WARN  object 0x22dcf40 was not returned to mpool ucp_requests
[1625709296.571360] [c5-41:55073:0]          mpool.c:43   UCX  WARN  object 0x22dd040 was not returned to mpool ucp_requests
[1625709296.556056] [c5-45:50615:0]          mpool.c:43   UCX  WARN  object 0x1666800 was not returned to mpool ucp_requests
[1625709296.556072] [c5-45:50615:0]          mpool.c:43   UCX  WARN  object 0x1666900 was not returned to mpool ucp_requests
[1625709296.556074] [c5-45:50615:0]          mpool.c:43   UCX  WARN  object 0x1666a00 was not returned to mpool ucp_requests
[1625709296.556075] [c5-45:50615:0]          mpool.c:43   UCX  WARN  object 0x1666b00 was not returned to mpool ucp_requests
[1625709296.556077] [c5-45:50615:0]          mpool.c:43   UCX  WARN  object 0x1666c00 was not returned to mpool ucp_requests
[1625709296.556078] [c5-45:50615:0]          mpool.c:43   UCX  WARN  object 0x1666d00 was not returned to mpool ucp_requests
[1625709296.556079] [c5-45:50615:0]          mpool.c:43   UCX  WARN  object 0x1666e00 was not returned to mpool ucp_requests
[1625709296.556080] [c5-45:50615:0]          mpool.c:43   UCX  WARN  object 0x1666f00 was not returned to mpool ucp_requests
[1625709296.552194] [c5-51:27116:0]          mpool.c:43   UCX  WARN  object 0x13e6c00 was not returned to mpool ucp_requests
[1625709296.552195] [c5-51:27116:0]          mpool.c:43   UCX  WARN  object 0x13e6d00 was not returned to mpool ucp_requests
[1625709296.552196] [c5-51:27116:0]          mpool.c:43   UCX  WARN  object 0x13e6e00 was not returned to mpool ucp_requests
[1625709296.552197] [c5-51:27116:0]          mpool.c:43   UCX  WARN  object 0x13e6f00 was not returned to mpool ucp_requests
[1625709296.540190] [c5-46:2932 :0]          mpool.c:43   UCX  WARN  object 0x19de940 was not returned to mpool ucp_requests
[1625709296.540212] [c5-46:2932 :0]          mpool.c:43   UCX  WARN  object 0x19dea40 was not returned to mpool ucp_requests
[1625709296.540214] [c5-46:2932 :0]          mpool.c:43   UCX  WARN  object 0x19deb40 was not returned to mpool ucp_requests
[1625709296.540216] [c5-46:2932 :0]          mpool.c:43   UCX  WARN  object 0x19dec40 was not returned to mpool ucp_requests
[1625709296.540217] [c5-46:2932 :0]          mpool.c:43   UCX  WARN  object 0x19ded40 was not returned to mpool ucp_requests
[1625709296.540218] [c5-46:2932 :0]          mpool.c:43   UCX  WARN  object 0x19dee40 was not returned to mpool ucp_requests
[1625709296.540219] [c5-46:2932 :0]          mpool.c:43   UCX  WARN  object 0x19def40 was not returned to mpool ucp_requests
[1625709296.540221] [c5-46:2932 :0]          mpool.c:43   UCX  WARN  object 0x19df040 was not returned to mpool ucp_requests
[1625709296.571871] [c5-44:49880:0]          mpool.c:43   UCX  WARN  object 0x2187940 was not returned to mpool ucp_requests
[1625709296.571886] [c5-44:49880:0]          mpool.c:43   UCX  WARN  object 0x2187a40 was not returned to mpool ucp_requests
[1625709296.571888] [c5-44:49880:0]          mpool.c:43   UCX  WARN  object 0x2187b40 was not returned to mpool ucp_requests
[1625709296.571889] [c5-44:49880:0]          mpool.c:43   UCX  WARN  object 0x2187c40 was not returned to mpool ucp_requests
[1625709296.571890] [c5-44:49880:0]          mpool.c:43   UCX  WARN  object 0x2187d40 was not returned to mpool ucp_requests
[1625709296.571891] [c5-44:49880:0]          mpool.c:43   UCX  WARN  object 0x2187e40 was not returned to mpool ucp_requests
[1625709296.571893] [c5-44:49880:0]          mpool.c:43   UCX  WARN  object 0x2187f40 was not returned to mpool ucp_requests
[1625709296.571894] [c5-44:49880:0]          mpool.c:43   UCX  WARN  object 0x2188040 was not returned to mpool ucp_requests
[1625709296.564030] [c5-41:55074:0]          mpool.c:43   UCX  WARN  object 0x2297a40 was not returned to mpool ucp_requests
[1625709296.564046] [c5-41:55074:0]          mpool.c:43   UCX  WARN  object 0x2297d40 was not returned to mpool ucp_requests
[1625709296.564047] [c5-41:55074:0]          mpool.c:43   UCX  WARN  object 0x2297f40 was not returned to mpool ucp_requests
[1625709296.564049] [c5-41:55074:0]          mpool.c:43   UCX  WARN  object 0x2298040 was not returned to mpool ucp_requests
[1625709296.565861] [c5-45:50617:0]          mpool.c:43   UCX  WARN  object 0x2437740 was not returned to mpool ucp_requests
[1625709296.565875] [c5-45:50617:0]          mpool.c:43   UCX  WARN  object 0x2437c40 was not returned to mpool ucp_requests
[1625709296.565877] [c5-45:50617:0]          mpool.c:43   UCX  WARN  object 0x2437e40 was not returned to mpool ucp_requests
[1625709296.565879] [c5-45:50617:0]          mpool.c:43   UCX  WARN  object 0x2438040 was not returned to mpool ucp_requests
[1625709296.545328] [c5-57:1874 :0]          mpool.c:43   UCX  WARN  object 0xaec400 was not returned to mpool ucp_requests
[1625709296.545343] [c5-57:1874 :0]          mpool.c:43   UCX  WARN  object 0xaec500 was not returned to mpool ucp_requests
[1625709296.545345] [c5-57:1874 :0]          mpool.c:43   UCX  WARN  object 0xaec600 was not returned to mpool ucp_requests
[1625709296.545346] [c5-57:1874 :0]          mpool.c:43   UCX  WARN  object 0xaec700 was not returned to mpool ucp_requests
[1625709296.635498] [c5-56:19300:0]          mpool.c:43   UCX  WARN  object 0x930600 was not returned to mpool ucp_requests
[1625709296.635518] [c5-56:19300:0]          mpool.c:43   UCX  WARN  object 0x930700 was not returned to mpool ucp_requests
[1625709296.635520] [c5-56:19300:0]          mpool.c:43   UCX  WARN  object 0x930800 was not returned to mpool ucp_requests
[1625709296.635521] [c5-56:19300:0]          mpool.c:43   UCX  WARN  object 0x930900 was not returned to mpool ucp_requests
[1625709296.544698] [c5-57:1873 :0]          mpool.c:43   UCX  WARN  object 0x1713080 was not returned to mpool ucp_requests
[1625709296.544714] [c5-57:1873 :0]          mpool.c:43   UCX  WARN  object 0x1713880 was not returned to mpool ucp_requests
[1625709296.544716] [c5-57:1873 :0]          mpool.c:43   UCX  WARN  object 0x1713980 was not returned to mpool ucp_requests
[1625709296.544717] [c5-57:1873 :0]          mpool.c:43   UCX  WARN  object 0x1713b80 was not returned to mpool ucp_requests
[1625709296.544718] [c5-57:1873 :0]          mpool.c:43   UCX  WARN  object 0x1713c80 was not returned to mpool ucp_requests
[1625709296.544719] [c5-57:1873 :0]          mpool.c:43   UCX  WARN  object 0x1713d80 was not returned to mpool ucp_requests
[1625709296.544721] [c5-57:1873 :0]          mpool.c:43   UCX  WARN  object 0x1713e80 was not returned to mpool ucp_requests
[1625709296.544722] [c5-57:1873 :0]          mpool.c:43   UCX  WARN  object 0x1713f80 was not returned to mpool ucp_requests
[1625709296.619226] [c5-42:73268:0]          mpool.c:43   UCX  WARN  object 0x1638e00 was not returned to mpool ucp_requests
[1625709296.619244] [c5-42:73268:0]          mpool.c:43   UCX  WARN  object 0x1639c00 was not returned to mpool ucp_requests
[1625709296.619246] [c5-42:73268:0]          mpool.c:43   UCX  WARN  object 0x1639d00 was not returned to mpool ucp_requests
[1625709296.619248] [c5-42:73268:0]          mpool.c:43   UCX  WARN  object 0x1639e00 was not returned to mpool ucp_requests
[1625709296.565095] [c5-35:25413:0]          mpool.c:43   UCX  WARN  object 0x1fdb640 was not returned to mpool ucp_requests
[1625709296.565101] [c5-35:25413:0]          mpool.c:43   UCX  WARN  object 0x1fdc640 was not returned to mpool ucp_requests
[1625709296.565102] [c5-35:25413:0]          mpool.c:43   UCX  WARN  object 0x1fdc740 was not returned to mpool ucp_requests
[1625709296.565104] [c5-35:25413:0]          mpool.c:43   UCX  WARN  object 0x1fdc940 was not returned to mpool ucp_requests
[1625709296.565105] [c5-35:25413:0]          mpool.c:43   UCX  WARN  object 0x1fdca40 was not returned to mpool ucp_requests
[1625709296.565107] [c5-35:25413:0]          mpool.c:43   UCX  WARN  object 0x1fdcc40 was not returned to mpool ucp_requests
[1625709296.565108] [c5-35:25413:0]          mpool.c:43   UCX  WARN  object 0x1fdcd40 was not returned to mpool ucp_requests
[1625709296.565109] [c5-35:25413:0]          mpool.c:43   UCX  WARN  object 0x1fdce40 was not returned to mpool ucp_requests
[1625709296.565110] [c5-35:25413:0]          mpool.c:43   UCX  WARN  object 0x1fdcf40 was not returned to mpool ucp_requests
[1625709296.565112] [c5-35:25413:0]          mpool.c:43   UCX  WARN  object 0x1fdd040 was not returned to mpool ucp_requests
[1625709296.557049] [c5-46:2934 :0]          mpool.c:43   UCX  WARN  object 0x9dc200 was not returned to mpool ucp_requests
[1625709296.557073] [c5-46:2934 :0]          mpool.c:43   UCX  WARN  object 0x9dcc00 was not returned to mpool ucp_requests
[1625709296.557075] [c5-46:2934 :0]          mpool.c:43   UCX  WARN  object 0x9dcd00 was not returned to mpool ucp_requests
[1625709296.557076] [c5-46:2934 :0]          mpool.c:43   UCX  WARN  object 0x9dcf00 was not returned to mpool ucp_requests
[1625709296.567316] [c5-56:19299:0]          mpool.c:43   UCX  WARN  object 0x14df800 was not returned to mpool ucp_requests
[1625709296.567350] [c5-56:19299:0]          mpool.c:43   UCX  WARN  object 0x14df900 was not returned to mpool ucp_requests
[1625709296.567352] [c5-56:19299:0]          mpool.c:43   UCX  WARN  object 0x14dfa00 was not returned to mpool ucp_requests
[1625709296.567354] [c5-56:19299:0]          mpool.c:43   UCX  WARN  object 0x14dfb00 was not returned to mpool ucp_requests
[1625709296.567355] [c5-56:19299:0]          mpool.c:43   UCX  WARN  object 0x14dfc00 was not returned to mpool ucp_requests
[1625709296.567357] [c5-56:19299:0]          mpool.c:43   UCX  WARN  object 0x14dfd00 was not returned to mpool ucp_requests
[1625709296.567359] [c5-56:19299:0]          mpool.c:43   UCX  WARN  object 0x14dfe00 was not returned to mpool ucp_requests
[1625709296.567360] [c5-56:19299:0]          mpool.c:43   UCX  WARN  object 0x14dff00 was not returned to mpool ucp_requests
