                                                                           
                                                                           
***************************************************************************
***                                                                     ***
***                                                                     ***
***          __  __ ____   ____ _                                       ***
***         |  \/  |  _ \ / ___| |__   ___ _ __ ___                     ***
***         | |\/| | |_) | |   | '_ \ / _ \ '_ ` _ \                    ***
***         | |  | |  _ <| |___| | | |  __/ | | | | |                   ***
***         |_|  |_|_| \_\\____|_| |_|\___|_| |_| |_|                   ***
***                                                                     ***
***         VERSION            1.0.1                                    ***
***                                                                     ***
***         Git branch         HEAD                                     ***
***         Git commit hash    9309e3e1e52e5319b766-dirty               ***
***         Git commit author  Stig Rune Jensen                         ***
***         Git commit date    Fri Dec 4 16:08:55 2020 +0100            ***
***                                                                     ***
***         Contact: luca.frediani@uit.no                               ***
***                                                                     ***
***         Radovan Bast            Magnar Bjorgve                      ***
***         Roberto Di Remigio      Antoine Durdek                      ***
***         Luca Frediani           Gabriel Gerez                       ***
***         Stig Rune Jensen        Jonas Juselius                      ***
***         Rune Monstad            Peter Wind                          ***
***                                                                     ***
***************************************************************************

---------------------------------------------------------------------------

 MPI processes           :        (1 bank)                              20
 OpenMP threads          :                                               6
 Total cores             :                                             120
                                                                           
---------------------------------------------------------------------------

XCFun DFT library Copyright 2009-2020 Ulf Ekstrom and contributors.
See http://dftlibs.org/xcfun/ for more information.

This is free software; see the source code for copying conditions.
There is ABSOLUTELY NO WARRANTY; not even for MERCHANTABILITY or
FITNESS FOR A PARTICULAR PURPOSE. For details see the documentation.
Scientific users of this library should cite
U. Ekstrom, L. Visscher, R. Bast, A. J. Thorvaldsen and K. Ruud;
J.Chem.Theor.Comp. 2010, DOI: 10.1021/ct100117s

---------------------------------------------------------------------------

 MRCPP version         : 1.3.6
 Git branch            : HEAD
 Git commit hash       : 9309e3e1e52e5319b766-dirty
 Git commit author     : Stig Rune Jensen
 Git commit date       : Fri Dec 4 16:08:55 2020 +0100

 Linear algebra        : EIGEN v3.3.7
 Parallelization       : MPI/OpenMP (6 threads)

---------------------------------------------------------------------------


                                                                           
===========================================================================
                         MultiResolution Analysis
---------------------------------------------------------------------------
 polynomial order      : 9
 polynomial type       : Interpolating
---------------------------------------------------------------------------
 total boxes           : 8
 boxes                 : [          2           2           2 ]
 unit lengths          : [   32.00000    32.00000    32.00000 ]
 scaling factor        : [    1.00000     1.00000     1.00000 ]
 lower bounds          : [  -32.00000   -32.00000   -32.00000 ]
 upper bounds          : [   32.00000    32.00000    32.00000 ]
 total length          : [   64.00000    64.00000    64.00000 ]
===========================================================================


                                                                           
***************************************************************************
***                                                                     ***
***                        Initializing Molecule                        ***
***                                                                     ***
***************************************************************************
                                                                           
                                                                           
===========================================================================
                                 Molecule
---------------------------------------------------------------------------
 Charge                  :                                               0
 Multiplicity            :                                               1
---------------------------------------------------------------------------
    N    Atom            :               x               y               z
---------------------------------------------------------------------------
    0       O            :        0.000000        0.000000        0.789170
    1      Li            :        0.000000        0.000000       -2.199620
    2       H            :        0.000000        0.000000        2.620504
---------------------------------------------------------------------------
 Center of mass          :        0.000000        0.000000        0.000000
===========================================================================


                                                                           
***************************************************************************
***                                                                     ***
***                 Computing Ground State Wavefunction                 ***
***                                                                     ***
***************************************************************************
                                                                           
                                                                           
~~~~~~~~~~~~~~~~~~~~~~~~~~~~~~~~~~~~~~~~~~~~~~~~~~~~~~~~~~~~~~~~~~~~~~~~~~~
 Calculation             : Compute initial orbitals
 Method                  : Diagonalize SAD Hamiltonian
 Precision               : 1.00000e-04
 Restricted              : False
 Functional              : LDA (SVWN5)
 AO basis                : Hydrogenic orbitals
 Zeta quality            : 2
~~~~~~~~~~~~~~~~~~~~~~~~~~~~~~~~~~~~~~~~~~~~~~~~~~~~~~~~~~~~~~~~~~~~~~~~~~~


===========================================================================
                            Molecular Orbitals
---------------------------------------------------------------------------
 Alpha electrons         :                                               6
 Beta electrons          :                                               6
 Total electrons         :                                              12
---------------------------------------------------------------------------
    n  Occ Spin          :                                            Norm
---------------------------------------------------------------------------
    0    1    a          :                              9.999999897825e-01
    1    1    a          :                              1.000000255306e+00
    2    1    a          :                              9.999998745885e-01
    3    1    a          :                              1.000000025617e+00
    4    1    a          :                              9.999999999876e-01
    5    1    a          :                              9.999999999878e-01
    6    1    b          :                              9.999999897825e-01
    7    1    b          :                              1.000000255832e+00
    8    1    b          :                              9.999999188216e-01
    9    1    b          :                              1.000000025791e+00
   10    1    b          :                              9.999999999876e-01
   11    1    b          :                              9.999999999878e-01
===========================================================================


~~~~~~~~~~~~~~~~~~~~~~~~~~~~~~~~~~~~~~~~~~~~~~~~~~~~~~~~~~~~~~~~~~~~~~~~~~~
 Calculation             : Compute initial energy
 Method                  : DFT (PBE)
 Precision               : 1.00000e-04
 Localization            : On
~~~~~~~~~~~~~~~~~~~~~~~~~~~~~~~~~~~~~~~~~~~~~~~~~~~~~~~~~~~~~~~~~~~~~~~~~~~


===========================================================================
                        Molecular Energy (initial)
---------------------------------------------------------------------------
 Kinetic energy          :            (au)                 89.486565155010
 E-N energy              :            (au)               -233.728281423032
 Coulomb energy          :            (au)                 59.712048181184
 Exchange energy         :            (au)                  0.000000000000
 X-C energy              :            (au)                -11.386609256231
 Ext. field (el)         :            (au)                  0.000000000000
---------------------------------------------------------------------------
 N-N energy              :            (au)                 13.020795995746
 Ext. field (nuc)        :            (au)                  0.000000000000
---------------------------------------------------------------------------
 Electronic energy       :            (au)                -95.916277343069
 Nuclear energy          :            (au)                 13.020795995746
---------------------------------------------------------------------------
 Total energy            :            (au)             -8.289548134732e+01
                         :      (kcal/mol)             -5.201769948276e+04
                         :        (kJ/mol)             -2.176420547771e+05
                         :            (eV)             -2.255700861847e+03
===========================================================================


===========================================================================
                        Orbital Energies (initial)
---------------------------------------------------------------------------
    n  Occ Spin          :                                         Epsilon
---------------------------------------------------------------------------
    0    1    a          :            (au)                -17.791706281247
    1    1    a          :            (au)                 -1.758364698884
    2    1    a          :            (au)                 -0.468739393633
    3    1    a          :            (au)                 -0.036414333991
    4    1    a          :            (au)                  0.158441012471
    5    1    a          :            (au)                  0.165799932522
    6    1    b          :            (au)                -17.791706237709
    7    1    b          :            (au)                 -1.758369515373
    8    1    b          :            (au)                 -0.468738468374
    9    1    b          :            (au)                 -0.036416618693
   10    1    b          :            (au)                  0.158441151885
   11    1    b          :            (au)                  0.165799964517
---------------------------------------------------------------------------
 Sum occupied            :            (au)                -39.461973486509
===========================================================================


~~~~~~~~~~~~~~~~~~~~~~~~~~~~~~~~~~~~~~~~~~~~~~~~~~~~~~~~~~~~~~~~~~~~~~~~~~~
 Calculation             : Optimize ground state orbitals
 Method                  : DFT (PBE)
 Checkpointing           : Off
 Max iterations          : 200
 KAIN solver             : 10
 Localization            : First two iterations
 Diagonalization         : Off
 Start precision         : 1.00000e-06
 Final precision         : 1.00000e-06
 Helmholtz precision     : Dynamic
 Energy threshold        : 1.00000e-06
 Orbital threshold       : 5.00000e-05
~~~~~~~~~~~~~~~~~~~~~~~~~~~~~~~~~~~~~~~~~~~~~~~~~~~~~~~~~~~~~~~~~~~~~~~~~~~


===========================================================================
 Iter           MO residual             Total energy                Update
---------------------------------------------------------------------------
    0          3.464102e+00         -82.895481347323         -8.289548e+01
    1          1.666668e+00         -80.541556696940          2.353925e+00
    2          1.405611e+00         -83.123927825417         -2.582371e+00
    3          4.198323e-01         -83.264921560359         -1.409937e-01
    4          2.212672e-01         -83.300769974776         -3.584841e-02
    5          1.027910e-01         -83.314405790356         -1.363582e-02
    6          4.407406e-02         -83.317143850098         -2.738060e-03
    7          1.916753e-02         -83.317899216780         -7.553667e-04
    8          1.102944e-02         -83.318123634760         -2.244180e-04
    9          4.603755e-03         -83.318171784723         -4.814996e-05
   10          2.653637e-03         -83.318184223525         -1.243880e-05
   11          9.267154e-04         -83.318185784144         -1.560619e-06
   12          3.723537e-04         -83.318186116912         -3.327679e-07
   13          2.323759e-04         -83.318186191049         -7.413770e-08
   14          7.626496e-05         -83.318186201687         -1.063768e-08
---------------------------------------------------------------------------
                      SCF converged in 14 iterations!
===========================================================================


                                                                           
***************************************************************************
***                                                                     ***
***                    Printing Molecular Properties                    ***
***                                                                     ***
***************************************************************************
                                                                           
                                                                           
===========================================================================
                                 Molecule
---------------------------------------------------------------------------
 Charge                  :                                               0
 Multiplicity            :                                               1
---------------------------------------------------------------------------
    N    Atom            :               x               y               z
---------------------------------------------------------------------------
    0       O            :        0.000000        0.000000        0.789170
    1      Li            :        0.000000        0.000000       -2.199620
    2       H            :        0.000000        0.000000        2.620504
---------------------------------------------------------------------------
 Center of mass          :        0.000000        0.000000        0.000000
===========================================================================


===========================================================================
                         Molecular Energy (final)
---------------------------------------------------------------------------
 Kinetic energy          :            (au)                 82.990885784210
 E-N energy              :            (au)               -224.093499929993
 Coulomb energy          :            (au)                 55.543821016110
 Exchange energy         :            (au)                  0.000000000000
 X-C energy              :            (au)                -10.780189067761
 Ext. field (el)         :            (au)                  0.000000000000
---------------------------------------------------------------------------
 N-N energy              :            (au)                 13.020795995746
 Ext. field (nuc)        :            (au)                  0.000000000000
---------------------------------------------------------------------------
 Electronic energy       :            (au)                -96.338982197433
 Nuclear energy          :            (au)                 13.020795995746
---------------------------------------------------------------------------
 Total energy            :            (au)             -8.331818620169e+01
                         :      (kcal/mol)             -5.228295078146e+04
                         :        (kJ/mol)             -2.187518662116e+05
                         :            (eV)             -2.267203246402e+03
===========================================================================


===========================================================================
                         Orbital Energies (final)
---------------------------------------------------------------------------
    n  Occ Spin          :                                         Epsilon
---------------------------------------------------------------------------
    0    1    a          :            (au)                -18.640345446916
    1    1    a          :            (au)                 -1.840383970909
    2    1    a          :            (au)                 -0.770943836617
    3    1    a          :            (au)                 -0.329898579103
    4    1    a          :            (au)                 -0.176038581379
    5    1    a          :            (au)                 -0.176038527580
    6    1    b          :            (au)                -18.640345448826
    7    1    b          :            (au)                 -1.840383970647
    8    1    b          :            (au)                 -0.770943838941
    9    1    b          :            (au)                 -0.329898579742
   10    1    b          :            (au)                 -0.176038583486
   11    1    b          :            (au)                 -0.176038529431
---------------------------------------------------------------------------
 Sum occupied            :            (au)                -43.867297893577
===========================================================================


===========================================================================
                           Dipole Moment (dip-1)
---------------------------------------------------------------------------
 r_O                     :        0.000000        0.000000        0.000000
---------------------------------------------------------------------------
 Electronic vector       :       -0.000000        0.000003       -4.057004
 Magnitude               :            (au)                        4.057004
                         :         (Debye)                       10.311874
---------------------------------------------------------------------------
 Nuclear vector          :        0.000000        0.000000        2.335007
 Magnitude               :            (au)                        2.335007
                         :         (Debye)                        5.934994
---------------------------------------------------------------------------
 Total vector            :       -0.000000        0.000003       -1.721997
 Magnitude               :            (au)                        1.721997
                         :         (Debye)                        4.376880
===========================================================================


                                                                           
                                                                           
***************************************************************************
***                                                                     ***
***                            Exiting MRChem                           ***
***                                                                     ***
***                       Wall time :  0h 15m 14s                       ***
***                                                                     ***
***************************************************************************
                                                                           
                                                                           
