Starting job 3267533 on c2-[4,25,46,53],c3-[1,4] at Thu Aug 12 22:25:43 CEST 2021

Copying 76_pbe_.out to /cluster/home/ambr/projects/psp/row12/calcs/singlets
Copying 76_pbe_.json to /cluster/home/ambr/projects/psp/row12/calcs/singlets

Task and CPU usage stats:
       JobID    JobName  AllocCPUS   NTasks     MinCPU MinCPUTask     AveCPU    Elapsed ExitCode 
------------ ---------- ---------- -------- ---------- ---------- ---------- ---------- -------- 
3267533         76_pbe_        120                                             00:15:18      1:0 
3267533.bat+      batch          6        1   00:00:00          0   00:00:00   00:15:18      1:0 
3267533.ext+     extern        120        6   00:00:00          4   00:00:00   00:15:18      0:0 
3267533.0      mrchem.x        120       20   00:15:14         19   00:47:59   00:15:16      0:0 

Memory usage stats:
       JobID     MaxRSS MaxRSSTask     AveRSS MaxPages   MaxPagesTask   AvePages 
------------ ---------- ---------- ---------- -------- -------------- ---------- 
3267533                                                                          
3267533.bat+     14360K          0     14360K        0              0          0 
3267533.ext+          0          4          0        0              4          0 
3267533.0      3608028K          6 2615470284        0              6          0 

Disk usage stats:
       JobID  MaxDiskRead MaxDiskReadTask    AveDiskRead MaxDiskWrite MaxDiskWriteTask   AveDiskWrite 
------------ ------------ --------------- -------------- ------------ ---------------- -------------- 
3267533                                                                                               
3267533.bat+        3.70M               0          3.70M        0.02M                0          0.02M 
3267533.ext+        0.00M               4          0.00M            0                4              0 
3267533.0           2.06M              14          2.05M        2.08M                0          2.07M 

Job 3267533 completed at Thu Aug 12 22:41:01 CEST 2021
