                                                                           
                                                                           
***************************************************************************
***                                                                     ***
***                                                                     ***
***          __  __ ____   ____ _                                       ***
***         |  \/  |  _ \ / ___| |__   ___ _ __ ___                     ***
***         | |\/| | |_) | |   | '_ \ / _ \ '_ ` _ \                    ***
***         | |  | |  _ <| |___| | | |  __/ | | | | |                   ***
***         |_|  |_|_| \_\\____|_| |_|\___|_| |_| |_|                   ***
***                                                                     ***
***         VERSION            1.0.1                                    ***
***                                                                     ***
***         Git branch         HEAD                                     ***
***         Git commit hash    9309e3e1e52e5319b766-dirty               ***
***         Git commit author  Stig Rune Jensen                         ***
***         Git commit date    Fri Dec 4 16:08:55 2020 +0100            ***
***                                                                     ***
***         Contact: luca.frediani@uit.no                               ***
***                                                                     ***
***         Radovan Bast            Magnar Bjorgve                      ***
***         Roberto Di Remigio      Antoine Durdek                      ***
***         Luca Frediani           Gabriel Gerez                       ***
***         Stig Rune Jensen        Jonas Juselius                      ***
***         Rune Monstad            Peter Wind                          ***
***                                                                     ***
***************************************************************************

---------------------------------------------------------------------------

 MPI processes           :        (1 bank)                              20
 OpenMP threads          :                                               6
 Total cores             :                                             120
                                                                           
---------------------------------------------------------------------------

XCFun DFT library Copyright 2009-2020 Ulf Ekstrom and contributors.
See http://dftlibs.org/xcfun/ for more information.

This is free software; see the source code for copying conditions.
There is ABSOLUTELY NO WARRANTY; not even for MERCHANTABILITY or
FITNESS FOR A PARTICULAR PURPOSE. For details see the documentation.
Scientific users of this library should cite
U. Ekstrom, L. Visscher, R. Bast, A. J. Thorvaldsen and K. Ruud;
J.Chem.Theor.Comp. 2010, DOI: 10.1021/ct100117s

---------------------------------------------------------------------------

 MRCPP version         : 1.3.6
 Git branch            : HEAD
 Git commit hash       : 9309e3e1e52e5319b766-dirty
 Git commit author     : Stig Rune Jensen
 Git commit date       : Fri Dec 4 16:08:55 2020 +0100

 Linear algebra        : EIGEN v3.3.7
 Parallelization       : MPI/OpenMP (6 threads)

---------------------------------------------------------------------------


                                                                           
===========================================================================
                         MultiResolution Analysis
---------------------------------------------------------------------------
 polynomial order      : 9
 polynomial type       : Interpolating
---------------------------------------------------------------------------
 total boxes           : 8
 boxes                 : [          2           2           2 ]
 unit lengths          : [   32.00000    32.00000    32.00000 ]
 scaling factor        : [    1.00000     1.00000     1.00000 ]
 lower bounds          : [  -32.00000   -32.00000   -32.00000 ]
 upper bounds          : [   32.00000    32.00000    32.00000 ]
 total length          : [   64.00000    64.00000    64.00000 ]
===========================================================================


                                                                           
***************************************************************************
***                                                                     ***
***                        Initializing Molecule                        ***
***                                                                     ***
***************************************************************************
                                                                           
                                                                           
===========================================================================
                                 Molecule
---------------------------------------------------------------------------
 Charge                  :                                               0
 Multiplicity            :                                               1
---------------------------------------------------------------------------
    N    Atom            :               x               y               z
---------------------------------------------------------------------------
    0       O            :        0.000000        0.000000        0.124020
    1       H            :        0.000000        1.430901       -0.984305
    2       H            :        0.000000       -1.430901       -0.984305
---------------------------------------------------------------------------
 Center of mass          :        0.000000        0.000000       -0.000000
===========================================================================


                                                                           
***************************************************************************
***                                                                     ***
***                 Computing Ground State Wavefunction                 ***
***                                                                     ***
***************************************************************************
                                                                           
                                                                           
~~~~~~~~~~~~~~~~~~~~~~~~~~~~~~~~~~~~~~~~~~~~~~~~~~~~~~~~~~~~~~~~~~~~~~~~~~~
 Calculation             : Compute initial orbitals
 Method                  : Diagonalize SAD Hamiltonian
 Precision               : 1.00000e-04
 Restricted              : False
 Functional              : LDA (SVWN5)
 AO basis                : Hydrogenic orbitals
 Zeta quality            : 2
~~~~~~~~~~~~~~~~~~~~~~~~~~~~~~~~~~~~~~~~~~~~~~~~~~~~~~~~~~~~~~~~~~~~~~~~~~~


===========================================================================
                            Molecular Orbitals
---------------------------------------------------------------------------
 Alpha electrons         :                                               5
 Beta electrons          :                                               5
 Total electrons         :                                              10
---------------------------------------------------------------------------
    n  Occ Spin          :                                            Norm
---------------------------------------------------------------------------
    0    1    a          :                              9.999999999999e-01
    1    1    a          :                              9.999999999792e-01
    2    1    a          :                              1.000000002048e+00
    3    1    a          :                              9.999999990620e-01
    4    1    a          :                              1.000000000000e+00
    5    1    b          :                              1.000000000178e+00
    6    1    b          :                              1.000000005673e+00
    7    1    b          :                              9.999999982413e-01
    8    1    b          :                              9.999999993807e-01
    9    1    b          :                              1.000000000000e+00
===========================================================================


~~~~~~~~~~~~~~~~~~~~~~~~~~~~~~~~~~~~~~~~~~~~~~~~~~~~~~~~~~~~~~~~~~~~~~~~~~~
 Calculation             : Compute initial energy
 Method                  : DFT (PBE)
 Precision               : 1.00000e-04
 Localization            : On
~~~~~~~~~~~~~~~~~~~~~~~~~~~~~~~~~~~~~~~~~~~~~~~~~~~~~~~~~~~~~~~~~~~~~~~~~~~


===========================================================================
                        Molecular Energy (initial)
---------------------------------------------------------------------------
 Kinetic energy          :            (au)                 80.888493047341
 E-N energy              :            (au)               -205.344416593474
 Coulomb energy          :            (au)                 48.752627681348
 Exchange energy         :            (au)                  0.000000000000
 X-C energy              :            (au)                 -9.560865150464
 Ext. field (el)         :            (au)                  0.000000000000
---------------------------------------------------------------------------
 N-N energy              :            (au)                  9.189534425159
 Ext. field (nuc)        :            (au)                  0.000000000000
---------------------------------------------------------------------------
 Electronic energy       :            (au)                -85.264161015249
 Nuclear energy          :            (au)                  9.189534425159
---------------------------------------------------------------------------
 Total energy            :            (au)             -7.607462659009e+01
                         :      (kcal/mol)             -4.773754853592e+04
                         :        (kJ/mol)             -1.997339032039e+05
                         :            (eV)             -2.070095956678e+03
===========================================================================


===========================================================================
                        Orbital Energies (initial)
---------------------------------------------------------------------------
    n  Occ Spin          :                                         Epsilon
---------------------------------------------------------------------------
    0    1    a          :            (au)                -18.224717331657
    1    1    a          :            (au)                 -0.794361793212
    2    1    a          :            (au)                 -0.375794482041
    3    1    a          :            (au)                 -0.148432142710
    4    1    a          :            (au)                 -0.085287810159
    5    1    b          :            (au)                -18.224717318644
    6    1    b          :            (au)                 -0.794361401846
    7    1    b          :            (au)                 -0.375793692414
    8    1    b          :            (au)                 -0.148432049499
    9    1    b          :            (au)                 -0.085287609318
---------------------------------------------------------------------------
 Sum occupied            :            (au)                -39.257185631501
===========================================================================


~~~~~~~~~~~~~~~~~~~~~~~~~~~~~~~~~~~~~~~~~~~~~~~~~~~~~~~~~~~~~~~~~~~~~~~~~~~
 Calculation             : Optimize ground state orbitals
 Method                  : DFT (PBE)
 Checkpointing           : Off
 Max iterations          : 200
 KAIN solver             : 10
 Localization            : First two iterations
 Diagonalization         : Off
 Start precision         : 1.00000e-06
 Final precision         : 1.00000e-06
 Helmholtz precision     : Dynamic
 Energy threshold        : 1.00000e-06
 Orbital threshold       : 5.00000e-05
~~~~~~~~~~~~~~~~~~~~~~~~~~~~~~~~~~~~~~~~~~~~~~~~~~~~~~~~~~~~~~~~~~~~~~~~~~~


===========================================================================
 Iter           MO residual             Total energy                Update
---------------------------------------------------------------------------
    0          3.162278e+00         -76.074626590090         -7.607463e+01
    1          3.887795e-01         -76.322013430851         -2.473868e-01
    2          2.546641e-01         -76.367905008236         -4.589158e-02
    3          1.856219e-01         -76.372891648026         -4.986640e-03
    4          9.235968e-02         -76.387385958220         -1.449431e-02
    5          1.949064e-02         -76.388137132020         -7.511738e-04
    6          1.621565e-02         -76.388462592023         -3.254600e-04
    7          5.033031e-03         -76.388498731768         -3.613974e-05
    8          3.567839e-03         -76.388516209614         -1.747785e-05
    9          1.779934e-03         -76.388520096082         -3.886468e-06
   10          8.182197e-04         -76.388520515583         -4.195016e-07
   11          3.599091e-04         -76.388520798919         -2.833357e-07
   12          1.489505e-04         -76.388520836667         -3.774855e-08
   13          9.942165e-05         -76.388520847758         -1.109072e-08
---------------------------------------------------------------------------
                      SCF converged in 13 iterations!
===========================================================================


                                                                           
***************************************************************************
***                                                                     ***
***                    Printing Molecular Properties                    ***
***                                                                     ***
***************************************************************************
                                                                           
                                                                           
===========================================================================
                                 Molecule
---------------------------------------------------------------------------
 Charge                  :                                               0
 Multiplicity            :                                               1
---------------------------------------------------------------------------
    N    Atom            :               x               y               z
---------------------------------------------------------------------------
    0       O            :        0.000000        0.000000        0.124020
    1       H            :        0.000000        1.430901       -0.984305
    2       H            :        0.000000       -1.430901       -0.984305
---------------------------------------------------------------------------
 Center of mass          :        0.000000        0.000000       -0.000000
===========================================================================


===========================================================================
                         Molecular Energy (final)
---------------------------------------------------------------------------
 Kinetic energy          :            (au)                 76.156573963036
 E-N energy              :            (au)               -199.152746228387
 Coulomb energy          :            (au)                 46.659866377575
 Exchange energy         :            (au)                  0.000000000000
 X-C energy              :            (au)                 -9.241749385142
 Ext. field (el)         :            (au)                  0.000000000000
---------------------------------------------------------------------------
 N-N energy              :            (au)                  9.189534425159
 Ext. field (nuc)        :            (au)                  0.000000000000
---------------------------------------------------------------------------
 Electronic energy       :            (au)                -85.578055272918
 Nuclear energy          :            (au)                  9.189534425159
---------------------------------------------------------------------------
 Total energy            :            (au)             -7.638852084776e+01
                         :      (kcal/mol)             -4.793452015487e+04
                         :        (kJ/mol)             -2.005580324582e+05
                         :            (eV)             -2.078637454188e+03
===========================================================================


===========================================================================
                         Orbital Energies (final)
---------------------------------------------------------------------------
    n  Occ Spin          :                                         Epsilon
---------------------------------------------------------------------------
    0    1    a          :            (au)                -18.754995690040
    1    1    a          :            (au)                 -0.932048991358
    2    1    a          :            (au)                 -0.485287554619
    3    1    a          :            (au)                 -0.343256310448
    4    1    a          :            (au)                 -0.266531488789
    5    1    b          :            (au)                -18.754995692633
    6    1    b          :            (au)                 -0.932048981085
    7    1    b          :            (au)                 -0.485287522901
    8    1    b          :            (au)                 -0.343256303499
    9    1    b          :            (au)                 -0.266531491407
---------------------------------------------------------------------------
 Sum occupied            :            (au)                -41.564240026780
===========================================================================


===========================================================================
                           Dipole Moment (dip-1)
---------------------------------------------------------------------------
 r_O                     :        0.000000        0.000000        0.000000
---------------------------------------------------------------------------
 Electronic vector       :       -0.000000       -0.000000        0.270110
 Magnitude               :            (au)                        0.270110
                         :         (Debye)                        0.686552
---------------------------------------------------------------------------
 Nuclear vector          :        0.000000        0.000000       -0.976452
 Magnitude               :            (au)                        0.976452
                         :         (Debye)                        2.481893
---------------------------------------------------------------------------
 Total vector            :        0.000000       -0.000000       -0.706342
 Magnitude               :            (au)                        0.706342
                         :         (Debye)                        1.795341
===========================================================================


                                                                           
                                                                           
***************************************************************************
***                                                                     ***
***                            Exiting MRChem                           ***
***                                                                     ***
***                       Wall time :  0h  9m 59s                       ***
***                                                                     ***
***************************************************************************
                                                                           
                                                                           
