Starting job 3267534 on c2-6,c5-[29,58],c10-11,c11-[30,47] at Thu Aug 12 22:33:13 CEST 2021

Copying 7_pbe_.out to /cluster/home/ambr/projects/psp/row12/calcs/singlets
Copying 7_pbe_.json to /cluster/home/ambr/projects/psp/row12/calcs/singlets

Task and CPU usage stats:
       JobID    JobName  AllocCPUS   NTasks     MinCPU MinCPUTask     AveCPU    Elapsed ExitCode 
------------ ---------- ---------- -------- ---------- ---------- ---------- ---------- -------- 
3267534          7_pbe_        120                                             00:10:03      1:0 
3267534.bat+      batch          6        1   00:00:00          0   00:00:00   00:10:03      1:0 
3267534.ext+     extern        120        6   00:00:00          5   00:00:00   00:10:03      0:0 
3267534.0      mrchem.x        120       20   00:10:00         19   00:32:37   00:10:02      0:0 

Memory usage stats:
       JobID     MaxRSS MaxRSSTask     AveRSS MaxPages   MaxPagesTask   AvePages 
------------ ---------- ---------- ---------- -------- -------------- ---------- 
3267534                                                                          
3267534.bat+     14372K          0     14372K        0              0          0 
3267534.ext+          0          5          0        0              5          0 
3267534.0      2845432K          1 2193800601        0              0          0 

Disk usage stats:
       JobID  MaxDiskRead MaxDiskReadTask    AveDiskRead MaxDiskWrite MaxDiskWriteTask   AveDiskWrite 
------------ ------------ --------------- -------------- ------------ ---------------- -------------- 
3267534                                                                                               
3267534.bat+        3.70M               0          3.70M        0.02M                0          0.02M 
3267534.ext+        0.00M               5          0.00M            0                5              0 
3267534.0           2.67M               8          2.45M        2.08M                0          2.07M 

Job 3267534 completed at Thu Aug 12 22:43:16 CEST 2021
