Starting job 3126035 on c11-[5-9,24-25] at Thu Jul 8 03:49:18 CEST 2021

Copying 8_b3lyp-g_.out to /cluster/home/ambr/projects/psp/calcs
Copying 8_b3lyp-g_.json to /cluster/home/ambr/projects/psp/calcs

Task and CPU usage stats:
       JobID    JobName  AllocCPUS   NTasks     MinCPU MinCPUTask     AveCPU    Elapsed ExitCode 
------------ ---------- ---------- -------- ---------- ---------- ---------- ---------- -------- 
3126035      8_b3lyp-g_        200                                             00:23:43      1:0 
3126035.bat+      batch         30        1   00:00:00          0   00:00:00   00:23:43      1:0 
3126035.ext+     extern        200        7   00:00:00          5   00:00:00   00:23:43      0:0 
3126035.0      mrchem.x        200       20   00:23:01         19   01:29:54   00:23:02      0:0 

Memory usage stats:
       JobID     MaxRSS MaxRSSTask     AveRSS MaxPages   MaxPagesTask   AvePages 
------------ ---------- ---------- ---------- -------- -------------- ---------- 
3126035                                                                          
3126035.bat+     14732K          0     14732K        0              0          0 
3126035.ext+          0          5          0        0              5          0 
3126035.0      3283832K          2   2234737K        0             17          0 

Disk usage stats:
       JobID  MaxDiskRead MaxDiskReadTask    AveDiskRead MaxDiskWrite MaxDiskWriteTask   AveDiskWrite 
------------ ------------ --------------- -------------- ------------ ---------------- -------------- 
3126035                                                                                               
3126035.bat+        5.54M               0          5.54M        0.05M                0          0.05M 
3126035.ext+        0.00M               5          0.00M            0                5              0 
3126035.0           2.67M               7          2.66M       60.87M                2         25.39M 

Job 3126035 completed at Thu Jul 8 04:13:01 CEST 2021
