                                                                           
                                                                           
***************************************************************************
***                                                                     ***
***                                                                     ***
***          __  __ ____   ____ _                                       ***
***         |  \/  |  _ \ / ___| |__   ___ _ __ ___                     ***
***         | |\/| | |_) | |   | '_ \ / _ \ '_ ` _ \                    ***
***         | |  | |  _ <| |___| | | |  __/ | | | | |                   ***
***         |_|  |_|_| \_\\____|_| |_|\___|_| |_| |_|                   ***
***                                                                     ***
***         VERSION            1.0.1                                    ***
***                                                                     ***
***         Git branch         HEAD                                     ***
***         Git commit hash    9309e3e1e52e5319b766-dirty               ***
***         Git commit author  Stig Rune Jensen                         ***
***         Git commit date    Fri Dec 4 16:08:55 2020 +0100            ***
***                                                                     ***
***         Contact: luca.frediani@uit.no                               ***
***                                                                     ***
***         Radovan Bast            Magnar Bjorgve                      ***
***         Roberto Di Remigio      Antoine Durdek                      ***
***         Luca Frediani           Gabriel Gerez                       ***
***         Stig Rune Jensen        Jonas Juselius                      ***
***         Rune Monstad            Peter Wind                          ***
***                                                                     ***
***************************************************************************

---------------------------------------------------------------------------

 MPI processes           :        (1 bank)                              20
 OpenMP threads          :                                              10
 Total cores             :                                             200
                                                                           
---------------------------------------------------------------------------

XCFun DFT library Copyright 2009-2020 Ulf Ekstrom and contributors.
See http://dftlibs.org/xcfun/ for more information.

This is free software; see the source code for copying conditions.
There is ABSOLUTELY NO WARRANTY; not even for MERCHANTABILITY or
FITNESS FOR A PARTICULAR PURPOSE. For details see the documentation.
Scientific users of this library should cite
U. Ekstrom, L. Visscher, R. Bast, A. J. Thorvaldsen and K. Ruud;
J.Chem.Theor.Comp. 2010, DOI: 10.1021/ct100117s

---------------------------------------------------------------------------

 MRCPP version         : 1.3.6
 Git branch            : HEAD
 Git commit hash       : 9309e3e1e52e5319b766-dirty
 Git commit author     : Stig Rune Jensen
 Git commit date       : Fri Dec 4 16:08:55 2020 +0100

 Linear algebra        : EIGEN v3.3.7
 Parallelization       : MPI/OpenMP (10 threads)

---------------------------------------------------------------------------


                                                                           
===========================================================================
                         MultiResolution Analysis
---------------------------------------------------------------------------
 polynomial order      : 9
 polynomial type       : Interpolating
---------------------------------------------------------------------------
 total boxes           : 8
 boxes                 : [          2           2           2 ]
 unit lengths          : [   16.00000    16.00000    16.00000 ]
 scaling factor        : [    1.00000     1.00000     1.00000 ]
 lower bounds          : [  -16.00000   -16.00000   -16.00000 ]
 upper bounds          : [   16.00000    16.00000    16.00000 ]
 total length          : [   32.00000    32.00000    32.00000 ]
===========================================================================


                                                                           
***************************************************************************
***                                                                     ***
***                        Initializing Molecule                        ***
***                                                                     ***
***************************************************************************
                                                                           
                                                                           
===========================================================================
                                 Molecule
---------------------------------------------------------------------------
 Charge                  :                                               0
 Multiplicity            :                                               1
---------------------------------------------------------------------------
    N    Atom            :               x               y               z
---------------------------------------------------------------------------
    0       O            :        0.000000        1.393673       -0.053175
    1       O            :        0.000000       -1.393673       -0.053175
    2       H            :        1.547686        1.543906        0.844067
    3       H            :       -1.547686       -1.543906        0.844067
---------------------------------------------------------------------------
 Center of mass          :       -0.000000       -0.000000       -0.000000
===========================================================================


                                                                           
***************************************************************************
***                                                                     ***
***                 Computing Ground State Wavefunction                 ***
***                                                                     ***
***************************************************************************
                                                                           
                                                                           
~~~~~~~~~~~~~~~~~~~~~~~~~~~~~~~~~~~~~~~~~~~~~~~~~~~~~~~~~~~~~~~~~~~~~~~~~~~
 Calculation             : Compute initial orbitals
 Method                  : Diagonalize SAD Hamiltonian
 Precision               : 1.00000e-03
 Restricted              : True
 Functional              : LDA (SVWN5)
 AO basis                : Hydrogenic orbitals
 Zeta quality            : 2
~~~~~~~~~~~~~~~~~~~~~~~~~~~~~~~~~~~~~~~~~~~~~~~~~~~~~~~~~~~~~~~~~~~~~~~~~~~


===========================================================================
                            Molecular Orbitals
---------------------------------------------------------------------------
 Alpha electrons         :                                               9
 Beta electrons          :                                               9
 Total electrons         :                                              18
---------------------------------------------------------------------------
    n  Occ Spin          :                                            Norm
---------------------------------------------------------------------------
    0    2    p          :                              1.000004712327e+00
    1    2    p          :                              9.999950989394e-01
    2    2    p          :                              9.999998401096e-01
    3    2    p          :                              1.000000656991e+00
    4    2    p          :                              1.000000214575e+00
    5    2    p          :                              1.000009111825e+00
    6    2    p          :                              1.000028800121e+00
    7    2    p          :                              9.999832495549e-01
    8    2    p          :                              9.999889211281e-01
===========================================================================


~~~~~~~~~~~~~~~~~~~~~~~~~~~~~~~~~~~~~~~~~~~~~~~~~~~~~~~~~~~~~~~~~~~~~~~~~~~
 Calculation             : Compute initial energy
 Method                  : DFT (PBE0)
 Precision               : 1.00000e-03
 Localization            : Off
~~~~~~~~~~~~~~~~~~~~~~~~~~~~~~~~~~~~~~~~~~~~~~~~~~~~~~~~~~~~~~~~~~~~~~~~~~~


===========================================================================
                        Molecular Energy (initial)
---------------------------------------------------------------------------
 Kinetic energy          :            (au)                158.427491740325
 E-N energy              :            (au)               -440.374751712558
 Coulomb energy          :            (au)                112.240277433586
 Exchange energy         :            (au)                 -4.311060118753
 X-C energy              :            (au)                -13.681635551255
 Ext. field (el)         :            (au)                  0.000000000000
---------------------------------------------------------------------------
 N-N energy              :            (au)                 36.753929463552
 Ext. field (nuc)        :            (au)                  0.000000000000
---------------------------------------------------------------------------
 Electronic energy       :            (au)               -187.699678208655
 Nuclear energy          :            (au)                 36.753929463552
---------------------------------------------------------------------------
 Total energy            :            (au)             -1.509457487451e+02
                         :      (kcal/mol)             -9.471988664285e+04
                         :        (kJ/mol)             -3.963080059709e+05
                         :            (eV)             -4.107442890764e+03
===========================================================================


===========================================================================
                        Orbital Energies (initial)
---------------------------------------------------------------------------
    n  Occ Spin          :                                         Epsilon
---------------------------------------------------------------------------
    0    2    p          :            (au)                -18.994178612820
    1    2    p          :            (au)                -18.984451848735
    2    2    p          :            (au)                 -1.107260044414
    3    2    p          :            (au)                 -0.891007551464
    4    2    p          :            (au)                 -0.496973566798
    5    2    p          :            (au)                 -0.469599505443
    6    2    p          :            (au)                 -0.377844788825
    7    2    p          :            (au)                 -0.290141097133
    8    2    p          :            (au)                 -0.238284526008
---------------------------------------------------------------------------
 Sum occupied            :            (au)                -83.699483083280
===========================================================================


~~~~~~~~~~~~~~~~~~~~~~~~~~~~~~~~~~~~~~~~~~~~~~~~~~~~~~~~~~~~~~~~~~~~~~~~~~~
 Calculation             : Optimize ground state orbitals
 Method                  : DFT (PBE0)
 Checkpointing           : Off
 Max iterations          : 200
 KAIN solver             : 10
 Localization            : Off
 Diagonalization         : First two iterations
 Start precision         : 1.00000e-06
 Final precision         : 1.00000e-06
 Helmholtz precision     : Dynamic
 Energy threshold        : 1.00000e-06
 Orbital threshold       : 1.00000e-05
~~~~~~~~~~~~~~~~~~~~~~~~~~~~~~~~~~~~~~~~~~~~~~~~~~~~~~~~~~~~~~~~~~~~~~~~~~~


===========================================================================
 Iter           MO residual             Total energy                Update
---------------------------------------------------------------------------
    0          3.000000e+00        -150.945748745104         -1.509457e+02
    1          2.321768e-01        -151.422933207428         -4.771845e-01
    2          6.233025e-02        -151.454413501011         -3.148029e-02
    3          2.368219e-02        -151.449497634378          4.915867e-03
    4          1.221937e-02        -151.462529389079         -1.303175e-02
    5          1.268133e-02        -151.465114388110         -2.584999e-03
    6          3.419655e-03        -151.465552765643         -4.383775e-04
    7          5.372024e-03        -151.465692920319         -1.401547e-04
    8          2.041572e-03        -151.465712175542         -1.925522e-05
    9          1.637506e-03        -151.465722439347         -1.026380e-05
   10          6.139019e-04        -151.465724136382         -1.697034e-06
   11          6.163297e-04        -151.465725527536         -1.391155e-06
   12          3.548015e-04        -151.465725759038         -2.315014e-07
   13          2.394009e-04        -151.465726125820         -3.667825e-07
   14          1.141684e-04        -151.465726144594         -1.877351e-08
   15          1.008978e-04        -151.465726174981         -3.038770e-08
   16          5.787802e-05        -151.465726184442         -9.460905e-09
   17          4.825110e-05        -151.465726190702         -6.259853e-09
   18          5.274598e-05        -151.465726195117         -4.414375e-09
   19          2.620491e-05        -151.465726196493         -1.376179e-09
   20          1.021394e-05        -151.465726196652         -1.593605e-10
---------------------------------------------------------------------------
                      SCF converged in 20 iterations!
===========================================================================


                                                                           
***************************************************************************
***                                                                     ***
***                    Printing Molecular Properties                    ***
***                                                                     ***
***************************************************************************
                                                                           
                                                                           
===========================================================================
                                 Molecule
---------------------------------------------------------------------------
 Charge                  :                                               0
 Multiplicity            :                                               1
---------------------------------------------------------------------------
    N    Atom            :               x               y               z
---------------------------------------------------------------------------
    0       O            :        0.000000        1.393673       -0.053175
    1       O            :        0.000000       -1.393673       -0.053175
    2       H            :        1.547686        1.543906        0.844067
    3       H            :       -1.547686       -1.543906        0.844067
---------------------------------------------------------------------------
 Center of mass          :       -0.000000       -0.000000       -0.000000
===========================================================================


===========================================================================
                         Molecular Energy (final)
---------------------------------------------------------------------------
 Kinetic energy          :            (au)                150.970029199258
 E-N energy              :            (au)               -432.183079734909
 Coulomb energy          :            (au)                110.682400050954
 Exchange energy         :            (au)                 -4.264730646120
 X-C energy              :            (au)                -13.424274529387
 Ext. field (el)         :            (au)                  0.000000000000
---------------------------------------------------------------------------
 N-N energy              :            (au)                 36.753929463552
 Ext. field (nuc)        :            (au)                  0.000000000000
---------------------------------------------------------------------------
 Electronic energy       :            (au)               -188.219655660204
 Nuclear energy          :            (au)                 36.753929463552
---------------------------------------------------------------------------
 Total energy            :            (au)             -1.514657261967e+02
                         :      (kcal/mol)             -9.504617741736e+04
                         :        (kJ/mol)             -3.976732065723e+05
                         :            (eV)             -4.121592197415e+03
===========================================================================


===========================================================================
                         Orbital Energies (final)
---------------------------------------------------------------------------
    n  Occ Spin          :                                         Epsilon
---------------------------------------------------------------------------
    0    2    p          :            (au)                -19.271803968676
    1    2    p          :            (au)                -19.271727614515
    2    2    p          :            (au)                 -1.156844557804
    3    2    p          :            (au)                 -0.939455512721
    4    2    p          :            (au)                 -0.540253381189
    5    2    p          :            (au)                 -0.530891212840
    6    2    p          :            (au)                 -0.450574686863
    7    2    p          :            (au)                 -0.358300599125
    8    2    p          :            (au)                 -0.306813492791
---------------------------------------------------------------------------
 Sum occupied            :            (au)                -85.653330053050
===========================================================================


===========================================================================
                           Dipole Moment (dip-1)
---------------------------------------------------------------------------
 r_O                     :        0.000000        0.000000        0.000000
---------------------------------------------------------------------------
 Electronic vector       :        0.000003        0.000012       -0.218845
 Magnitude               :            (au)                        0.218845
                         :         (Debye)                        0.556250
---------------------------------------------------------------------------
 Nuclear vector          :        0.000000       -0.000000        0.837333
 Magnitude               :            (au)                        0.837333
                         :         (Debye)                        2.128288
---------------------------------------------------------------------------
 Total vector            :        0.000003        0.000012        0.618488
 Magnitude               :            (au)                        0.618488
                         :         (Debye)                        1.572039
===========================================================================


                                                                           
                                                                           
***************************************************************************
***                                                                     ***
***                            Exiting MRChem                           ***
***                                                                     ***
***                       Wall time :  0h 26m 55s                       ***
***                                                                     ***
***************************************************************************
                                                                           
                                                                           
