                                                                           
                                                                           
***************************************************************************
***                                                                     ***
***                                                                     ***
***          __  __ ____   ____ _                                       ***
***         |  \/  |  _ \ / ___| |__   ___ _ __ ___                     ***
***         | |\/| | |_) | |   | '_ \ / _ \ '_ ` _ \                    ***
***         | |  | |  _ <| |___| | | |  __/ | | | | |                   ***
***         |_|  |_|_| \_\\____|_| |_|\___|_| |_| |_|                   ***
***                                                                     ***
***         VERSION            1.0.1                                    ***
***                                                                     ***
***         Git branch         HEAD                                     ***
***         Git commit hash    9309e3e1e52e5319b766-dirty               ***
***         Git commit author  Stig Rune Jensen                         ***
***         Git commit date    Fri Dec 4 16:08:55 2020 +0100            ***
***                                                                     ***
***         Contact: luca.frediani@uit.no                               ***
***                                                                     ***
***         Radovan Bast            Magnar Bjorgve                      ***
***         Roberto Di Remigio      Antoine Durdek                      ***
***         Luca Frediani           Gabriel Gerez                       ***
***         Stig Rune Jensen        Jonas Juselius                      ***
***         Rune Monstad            Peter Wind                          ***
***                                                                     ***
***************************************************************************

---------------------------------------------------------------------------

 MPI processes           :        (1 bank)                              20
 OpenMP threads          :                                               6
 Total cores             :                                             120
                                                                           
---------------------------------------------------------------------------

XCFun DFT library Copyright 2009-2020 Ulf Ekstrom and contributors.
See http://dftlibs.org/xcfun/ for more information.

This is free software; see the source code for copying conditions.
There is ABSOLUTELY NO WARRANTY; not even for MERCHANTABILITY or
FITNESS FOR A PARTICULAR PURPOSE. For details see the documentation.
Scientific users of this library should cite
U. Ekstrom, L. Visscher, R. Bast, A. J. Thorvaldsen and K. Ruud;
J.Chem.Theor.Comp. 2010, DOI: 10.1021/ct100117s

---------------------------------------------------------------------------

 MRCPP version         : 1.3.6
 Git branch            : HEAD
 Git commit hash       : 9309e3e1e52e5319b766-dirty
 Git commit author     : Stig Rune Jensen
 Git commit date       : Fri Dec 4 16:08:55 2020 +0100

 Linear algebra        : EIGEN v3.3.7
 Parallelization       : MPI/OpenMP (6 threads)

---------------------------------------------------------------------------


                                                                           
===========================================================================
                         MultiResolution Analysis
---------------------------------------------------------------------------
 polynomial order      : 9
 polynomial type       : Interpolating
---------------------------------------------------------------------------
 total boxes           : 8
 boxes                 : [          2           2           2 ]
 unit lengths          : [   32.00000    32.00000    32.00000 ]
 scaling factor        : [    1.00000     1.00000     1.00000 ]
 lower bounds          : [  -32.00000   -32.00000   -32.00000 ]
 upper bounds          : [   32.00000    32.00000    32.00000 ]
 total length          : [   64.00000    64.00000    64.00000 ]
===========================================================================


                                                                           
***************************************************************************
***                                                                     ***
***                        Initializing Molecule                        ***
***                                                                     ***
***************************************************************************
                                                                           
                                                                           
===========================================================================
                                 Molecule
---------------------------------------------------------------------------
 Charge                  :                                               0
 Multiplicity            :                                               1
---------------------------------------------------------------------------
    N    Atom            :               x               y               z
---------------------------------------------------------------------------
    0       O            :        0.000000        1.393673       -0.053175
    1       O            :        0.000000       -1.393673       -0.053175
    2       H            :        1.547686        1.543906        0.844067
    3       H            :       -1.547686       -1.543906        0.844067
---------------------------------------------------------------------------
 Center of mass          :       -0.000000       -0.000000       -0.000000
===========================================================================


                                                                           
***************************************************************************
***                                                                     ***
***                 Computing Ground State Wavefunction                 ***
***                                                                     ***
***************************************************************************
                                                                           
                                                                           
~~~~~~~~~~~~~~~~~~~~~~~~~~~~~~~~~~~~~~~~~~~~~~~~~~~~~~~~~~~~~~~~~~~~~~~~~~~
 Calculation             : Compute initial orbitals
 Method                  : Diagonalize SAD Hamiltonian
 Precision               : 1.00000e-04
 Restricted              : False
 Functional              : LDA (SVWN5)
 AO basis                : Hydrogenic orbitals
 Zeta quality            : 2
~~~~~~~~~~~~~~~~~~~~~~~~~~~~~~~~~~~~~~~~~~~~~~~~~~~~~~~~~~~~~~~~~~~~~~~~~~~


===========================================================================
                            Molecular Orbitals
---------------------------------------------------------------------------
 Alpha electrons         :                                               9
 Beta electrons          :                                               9
 Total electrons         :                                              18
---------------------------------------------------------------------------
    n  Occ Spin          :                                            Norm
---------------------------------------------------------------------------
    0    1    a          :                              9.999685834466e-01
    1    1    a          :                              1.000003186555e+00
    2    1    a          :                              1.000000008665e+00
    3    1    a          :                              1.000000003123e+00
    4    1    a          :                              9.999999963969e-01
    5    1    a          :                              1.000000004136e+00
    6    1    a          :                              1.000000001437e+00
    7    1    a          :                              1.000000000001e+00
    8    1    a          :                              1.000000001190e+00
    9    1    b          :                              9.999718028451e-01
   10    1    b          :                              1.000003233209e+00
   11    1    b          :                              1.000000008665e+00
   12    1    b          :                              1.000000003118e+00
   13    1    b          :                              9.999999960362e-01
   14    1    b          :                              1.000000004099e+00
   15    1    b          :                              1.000000001314e+00
   16    1    b          :                              9.999999999977e-01
   17    1    b          :                              1.000000001303e+00
===========================================================================


~~~~~~~~~~~~~~~~~~~~~~~~~~~~~~~~~~~~~~~~~~~~~~~~~~~~~~~~~~~~~~~~~~~~~~~~~~~
 Calculation             : Compute initial energy
 Method                  : DFT (PBE)
 Precision               : 1.00000e-04
 Localization            : On
~~~~~~~~~~~~~~~~~~~~~~~~~~~~~~~~~~~~~~~~~~~~~~~~~~~~~~~~~~~~~~~~~~~~~~~~~~~


===========================================================================
                        Molecular Energy (initial)
---------------------------------------------------------------------------
 Kinetic energy          :            (au)                158.778380181984
 E-N energy              :            (au)               -440.962002578799
 Coulomb energy          :            (au)                112.499750752762
 Exchange energy         :            (au)                  0.000000000000
 X-C energy              :            (au)                -18.072984639918
 Ext. field (el)         :            (au)                  0.000000000000
---------------------------------------------------------------------------
 N-N energy              :            (au)                 36.753929463552
 Ext. field (nuc)        :            (au)                  0.000000000000
---------------------------------------------------------------------------
 Electronic energy       :            (au)               -187.756856283971
 Nuclear energy          :            (au)                 36.753929463552
---------------------------------------------------------------------------
 Total energy            :            (au)             -1.510029268204e+02
                         :      (kcal/mol)             -9.475576642653e+04
                         :        (kJ/mol)             -3.964581269859e+05
                         :            (eV)             -4.108998785387e+03
===========================================================================


===========================================================================
                        Orbital Energies (initial)
---------------------------------------------------------------------------
    n  Occ Spin          :                                         Epsilon
---------------------------------------------------------------------------
    0    1    a          :            (au)                -18.507417370512
    1    1    a          :            (au)                -18.504040388626
    2    1    a          :            (au)                 -0.979292152254
    3    1    a          :            (au)                 -0.778550070004
    4    1    a          :            (au)                 -0.425829930513
    5    1    a          :            (au)                 -0.377137552843
    6    1    a          :            (au)                 -0.292468042654
    7    1    a          :            (au)                 -0.204883009574
    8    1    a          :            (au)                 -0.147502620064
    9    1    b          :            (au)                -18.507401539797
   10    1    b          :            (au)                -18.504050469571
   11    1    b          :            (au)                 -0.979291255970
   12    1    b          :            (au)                 -0.778550148598
   13    1    b          :            (au)                 -0.425829212883
   14    1    b          :            (au)                 -0.377137825268
   15    1    b          :            (au)                 -0.292470374930
   16    1    b          :            (au)                 -0.204882410505
   17    1    b          :            (au)                 -0.147502284450
---------------------------------------------------------------------------
 Sum occupied            :            (au)                -80.434236659016
===========================================================================


~~~~~~~~~~~~~~~~~~~~~~~~~~~~~~~~~~~~~~~~~~~~~~~~~~~~~~~~~~~~~~~~~~~~~~~~~~~
 Calculation             : Optimize ground state orbitals
 Method                  : DFT (PBE)
 Checkpointing           : Off
 Max iterations          : 200
 KAIN solver             : 10
 Localization            : First two iterations
 Diagonalization         : Off
 Start precision         : 1.00000e-06
 Final precision         : 1.00000e-06
 Helmholtz precision     : Dynamic
 Energy threshold        : 1.00000e-06
 Orbital threshold       : 5.00000e-05
~~~~~~~~~~~~~~~~~~~~~~~~~~~~~~~~~~~~~~~~~~~~~~~~~~~~~~~~~~~~~~~~~~~~~~~~~~~


===========================================================================
 Iter           MO residual             Total energy                Update
---------------------------------------------------------------------------
    0          4.242641e+00        -151.002926820420         -1.510029e+02
    1          3.186609e-01        -151.423951774058         -4.210250e-01
    2          1.314587e-01        -151.465822176868         -4.187040e-02
    3          8.331627e-02        -151.472942196829         -7.120020e-03
    4          4.218840e-02        -151.476146673624         -3.204477e-03
    5          2.026851e-02        -151.477215882013         -1.069208e-03
    6          1.001903e-02        -151.477469426817         -2.535448e-04
    7          8.079558e-03        -151.477603283872         -1.338571e-04
    8          6.155516e-03        -151.477662304143         -5.902027e-05
    9          3.439479e-03        -151.477684870456         -2.256631e-05
   10          1.877900e-03        -151.477693779814         -8.909358e-06
   11          1.580431e-03        -151.477699123341         -5.343527e-06
   12          1.148945e-03        -151.477701635561         -2.512219e-06
   13          8.006805e-04        -151.477702831635         -1.196075e-06
   14          6.099156e-04        -151.477703460373         -6.287376e-07
   15          5.936790e-04        -151.477703931804         -4.714318e-07
   16          2.842326e-04        -151.477704079218         -1.474132e-07
   17          2.439940e-04        -151.477704170744         -9.152637e-08
   18          1.200185e-04        -151.477704196973         -2.622897e-08
---------------------------------------------------------------------------
                      SCF converged in 18 iterations!
===========================================================================


                                                                           
***************************************************************************
***                                                                     ***
***                    Printing Molecular Properties                    ***
***                                                                     ***
***************************************************************************
                                                                           
                                                                           
===========================================================================
                                 Molecule
---------------------------------------------------------------------------
 Charge                  :                                               0
 Multiplicity            :                                               1
---------------------------------------------------------------------------
    N    Atom            :               x               y               z
---------------------------------------------------------------------------
    0       O            :        0.000000        1.393673       -0.053175
    1       O            :        0.000000       -1.393673       -0.053175
    2       H            :        1.547686        1.543906        0.844067
    3       H            :       -1.547686       -1.543906        0.844067
---------------------------------------------------------------------------
 Center of mass          :       -0.000000       -0.000000       -0.000000
===========================================================================


===========================================================================
                         Molecular Energy (final)
---------------------------------------------------------------------------
 Kinetic energy          :            (au)                151.081355370048
 E-N energy              :            (au)               -432.229209941484
 Coulomb energy          :            (au)                110.605668185175
 Exchange energy         :            (au)                  0.000000000000
 X-C energy              :            (au)                -17.689447274263
 Ext. field (el)         :            (au)                  0.000000000000
---------------------------------------------------------------------------
 N-N energy              :            (au)                 36.753929463552
 Ext. field (nuc)        :            (au)                  0.000000000000
---------------------------------------------------------------------------
 Electronic energy       :            (au)               -188.231633660525
 Nuclear energy          :            (au)                 36.753929463552
---------------------------------------------------------------------------
 Total energy            :            (au)             -1.514777041970e+02
                         :      (kcal/mol)             -9.505369372598e+04
                         :        (kJ/mol)             -3.977046548076e+05
                         :            (eV)             -4.121918135394e+03
===========================================================================


===========================================================================
                         Orbital Energies (final)
---------------------------------------------------------------------------
    n  Occ Spin          :                                         Epsilon
---------------------------------------------------------------------------
    0    1    a          :            (au)                -18.813117326416
    1    1    a          :            (au)                -18.813108806216
    2    1    a          :            (au)                 -1.038067269355
    3    1    a          :            (au)                 -0.833934785443
    4    1    a          :            (au)                 -0.479991911613
    5    1    a          :            (au)                 -0.455348192659
    6    1    a          :            (au)                 -0.383970902237
    7    1    a          :            (au)                 -0.288937026508
    8    1    a          :            (au)                 -0.237046825901
    9    1    b          :            (au)                -18.813117328201
   10    1    b          :            (au)                -18.813108809040
   11    1    b          :            (au)                 -1.038067260804
   12    1    b          :            (au)                 -0.833934762647
   13    1    b          :            (au)                 -0.479991885288
   14    1    b          :            (au)                 -0.455348172755
   15    1    b          :            (au)                 -0.383970896913
   16    1    b          :            (au)                 -0.288937017807
   17    1    b          :            (au)                 -0.237046824502
---------------------------------------------------------------------------
 Sum occupied            :            (au)                -82.687046004307
===========================================================================


===========================================================================
                           Dipole Moment (dip-1)
---------------------------------------------------------------------------
 r_O                     :        0.000000        0.000000        0.000000
---------------------------------------------------------------------------
 Electronic vector       :       -0.000002       -0.000038       -0.238807
 Magnitude               :            (au)                        0.238807
                         :         (Debye)                        0.606987
---------------------------------------------------------------------------
 Nuclear vector          :        0.000000        0.000000        0.837333
 Magnitude               :            (au)                        0.837333
                         :         (Debye)                        2.128288
---------------------------------------------------------------------------
 Total vector            :       -0.000002       -0.000038        0.598526
 Magnitude               :            (au)                        0.598526
                         :         (Debye)                        1.521301
===========================================================================


                                                                           
                                                                           
***************************************************************************
***                                                                     ***
***                            Exiting MRChem                           ***
***                                                                     ***
***                       Wall time :  0h 22m  8s                       ***
***                                                                     ***
***************************************************************************
                                                                           
                                                                           
