                                                                           
                                                                           
***************************************************************************
***                                                                     ***
***                                                                     ***
***          __  __ ____   ____ _                                       ***
***         |  \/  |  _ \ / ___| |__   ___ _ __ ___                     ***
***         | |\/| | |_) | |   | '_ \ / _ \ '_ ` _ \                    ***
***         | |  | |  _ <| |___| | | |  __/ | | | | |                   ***
***         |_|  |_|_| \_\\____|_| |_|\___|_| |_| |_|                   ***
***                                                                     ***
***         VERSION            1.0.1                                    ***
***                                                                     ***
***         Git branch         HEAD                                     ***
***         Git commit hash    9309e3e1e52e5319b766-dirty               ***
***         Git commit author  Stig Rune Jensen                         ***
***         Git commit date    Fri Dec 4 16:08:55 2020 +0100            ***
***                                                                     ***
***         Contact: luca.frediani@uit.no                               ***
***                                                                     ***
***         Radovan Bast            Magnar Bjorgve                      ***
***         Roberto Di Remigio      Antoine Durdek                      ***
***         Luca Frediani           Gabriel Gerez                       ***
***         Stig Rune Jensen        Jonas Juselius                      ***
***         Rune Monstad            Peter Wind                          ***
***                                                                     ***
***************************************************************************

---------------------------------------------------------------------------

 MPI processes           :        (1 bank)                              20
 OpenMP threads          :                                               6
 Total cores             :                                             120
                                                                           
---------------------------------------------------------------------------

XCFun DFT library Copyright 2009-2020 Ulf Ekstrom and contributors.
See http://dftlibs.org/xcfun/ for more information.

This is free software; see the source code for copying conditions.
There is ABSOLUTELY NO WARRANTY; not even for MERCHANTABILITY or
FITNESS FOR A PARTICULAR PURPOSE. For details see the documentation.
Scientific users of this library should cite
U. Ekstrom, L. Visscher, R. Bast, A. J. Thorvaldsen and K. Ruud;
J.Chem.Theor.Comp. 2010, DOI: 10.1021/ct100117s

---------------------------------------------------------------------------

 MRCPP version         : 1.3.6
 Git branch            : HEAD
 Git commit hash       : 9309e3e1e52e5319b766-dirty
 Git commit author     : Stig Rune Jensen
 Git commit date       : Fri Dec 4 16:08:55 2020 +0100

 Linear algebra        : EIGEN v3.3.7
 Parallelization       : MPI/OpenMP (6 threads)

---------------------------------------------------------------------------


                                                                           
===========================================================================
                         MultiResolution Analysis
---------------------------------------------------------------------------
 polynomial order      : 9
 polynomial type       : Interpolating
---------------------------------------------------------------------------
 total boxes           : 8
 boxes                 : [          2           2           2 ]
 unit lengths          : [   32.00000    32.00000    32.00000 ]
 scaling factor        : [    1.00000     1.00000     1.00000 ]
 lower bounds          : [  -32.00000   -32.00000   -32.00000 ]
 upper bounds          : [   32.00000    32.00000    32.00000 ]
 total length          : [   64.00000    64.00000    64.00000 ]
===========================================================================


                                                                           
***************************************************************************
***                                                                     ***
***                        Initializing Molecule                        ***
***                                                                     ***
***************************************************************************
                                                                           
                                                                           
===========================================================================
                                 Molecule
---------------------------------------------------------------------------
 Charge                  :                                               0
 Multiplicity            :                                               2
---------------------------------------------------------------------------
    N    Atom            :               x               y               z
---------------------------------------------------------------------------
    0       O            :        0.000000        0.000000       -1.388973
    1       F            :        0.000000        0.000000        1.169716
---------------------------------------------------------------------------
 Center of mass          :        0.000000        0.000000        0.000000
===========================================================================


                                                                           
***************************************************************************
***                                                                     ***
***                 Computing Ground State Wavefunction                 ***
***                                                                     ***
***************************************************************************
                                                                           
                                                                           
~~~~~~~~~~~~~~~~~~~~~~~~~~~~~~~~~~~~~~~~~~~~~~~~~~~~~~~~~~~~~~~~~~~~~~~~~~~
 Calculation             : Compute initial orbitals
 Method                  : Diagonalize SAD Hamiltonian
 Precision               : 1.00000e-04
 Restricted              : False
 Functional              : LDA (SVWN5)
 AO basis                : Hydrogenic orbitals
 Zeta quality            : 2
~~~~~~~~~~~~~~~~~~~~~~~~~~~~~~~~~~~~~~~~~~~~~~~~~~~~~~~~~~~~~~~~~~~~~~~~~~~


===========================================================================
                            Molecular Orbitals
---------------------------------------------------------------------------
 Alpha electrons         :                                               9
 Beta electrons          :                                               8
 Total electrons         :                                              17
---------------------------------------------------------------------------
    n  Occ Spin          :                                            Norm
---------------------------------------------------------------------------
    0    1    a          :                              9.999999559970e-01
    1    1    a          :                              9.999999442088e-01
    2    1    a          :                              1.000000000150e+00
    3    1    a          :                              9.999999813780e-01
    4    1    a          :                              9.999999258291e-01
    5    1    a          :                              1.000000002841e+00
    6    1    a          :                              1.000000001079e+00
    7    1    a          :                              1.000000000116e+00
    8    1    a          :                              1.000000001330e+00
    9    1    b          :                              9.999999548128e-01
   10    1    b          :                              9.999999442088e-01
   11    1    b          :                              1.000000000189e+00
   12    1    b          :                              9.999999718651e-01
   13    1    b          :                              1.000000002109e+00
   14    1    b          :                              1.000000000608e+00
   15    1    b          :                              1.000000007235e+00
   16    1    b          :                              1.000000003389e+00
===========================================================================


~~~~~~~~~~~~~~~~~~~~~~~~~~~~~~~~~~~~~~~~~~~~~~~~~~~~~~~~~~~~~~~~~~~~~~~~~~~
 Calculation             : Compute initial energy
 Method                  : DFT (PBE)
 Precision               : 1.00000e-04
 Localization            : On
~~~~~~~~~~~~~~~~~~~~~~~~~~~~~~~~~~~~~~~~~~~~~~~~~~~~~~~~~~~~~~~~~~~~~~~~~~~


===========================================================================
                        Molecular Energy (initial)
---------------------------------------------------------------------------
 Kinetic energy          :            (au)                182.488552239064
 E-N energy              :            (au)               -481.332359754569
 Coulomb energy          :            (au)                115.464617311051
 Exchange energy         :            (au)                  0.000000000000
 X-C energy              :            (au)                -19.093971819311
 Ext. field (el)         :            (au)                  0.000000000000
---------------------------------------------------------------------------
 N-N energy              :            (au)                 28.139410576875
 Ext. field (nuc)        :            (au)                  0.000000000000
---------------------------------------------------------------------------
 Electronic energy       :            (au)               -202.473162023766
 Nuclear energy          :            (au)                 28.139410576875
---------------------------------------------------------------------------
 Total energy            :            (au)             -1.743337514469e+02
                         :      (kcal/mol)             -1.093960797992e+05
                         :        (kJ/mol)             -4.577131981770e+05
                         :            (eV)             -4.743862837832e+03
===========================================================================


===========================================================================
                        Orbital Energies (initial)
---------------------------------------------------------------------------
    n  Occ Spin          :                                         Epsilon
---------------------------------------------------------------------------
    0    1    a          :            (au)                -24.176299797620
    1    1    a          :            (au)                -18.577778053521
    2    1    a          :            (au)                 -1.191758755307
    3    1    a          :            (au)                 -0.771077274798
    4    1    a          :            (au)                 -0.453744727537
    5    1    a          :            (au)                 -0.446383874101
    6    1    a          :            (au)                 -0.418631078364
    7    1    a          :            (au)                 -0.235192203938
    8    1    a          :            (au)                 -0.175780614423
    9    1    b          :            (au)                -24.167421432118
   10    1    b          :            (au)                -18.559151281635
   11    1    b          :            (au)                 -1.172890607052
   12    1    b          :            (au)                 -0.738141179478
   13    1    b          :            (au)                 -0.426523909730
   14    1    b          :            (au)                 -0.409575159931
   15    1    b          :            (au)                 -0.398289967075
   16    1    b          :            (au)                 -0.158595125103
---------------------------------------------------------------------------
 Sum occupied            :            (au)                -92.477235041733
===========================================================================


~~~~~~~~~~~~~~~~~~~~~~~~~~~~~~~~~~~~~~~~~~~~~~~~~~~~~~~~~~~~~~~~~~~~~~~~~~~
 Calculation             : Optimize ground state orbitals
 Method                  : DFT (PBE)
 Checkpointing           : Off
 Max iterations          : 200
 KAIN solver             : 10
 Localization            : First two iterations
 Diagonalization         : Off
 Start precision         : 1.00000e-06
 Final precision         : 1.00000e-06
 Helmholtz precision     : Dynamic
 Energy threshold        : 1.00000e-06
 Orbital threshold       : 5.00000e-05
~~~~~~~~~~~~~~~~~~~~~~~~~~~~~~~~~~~~~~~~~~~~~~~~~~~~~~~~~~~~~~~~~~~~~~~~~~~


===========================================================================
 Iter           MO residual             Total energy                Update
---------------------------------------------------------------------------
    0          4.123106e+00        -174.333751446891         -1.743338e+02
    1          3.441854e-01        -174.762539209053         -4.287878e-01
    2          9.444012e-02        -174.795688371936         -3.314916e-02
    3          5.165502e-02        -174.800949137344         -5.260765e-03
    4          2.596010e-02        -174.802611567645         -1.662430e-03
    5          2.237355e-02        -174.804031694809         -1.420127e-03
    6          1.287932e-02        -174.804629649280         -5.979545e-04
    7          2.179620e-02        -174.805429620997         -7.999717e-04
    8          1.660127e-02        -174.805731450733         -3.018297e-04
    9          1.135698e-02        -174.805864224473         -1.327737e-04
   10          6.588658e-03        -174.805947226501         -8.300203e-05
   11          1.032538e-02        -174.806059574160         -1.123477e-04
   12          6.607795e-03        -174.806106214208         -4.664005e-05
   13          3.642348e-03        -174.806121814722         -1.560051e-05
   14          1.874878e-03        -174.806127755835         -5.941113e-06
   15          1.217487e-03        -174.806130475692         -2.719857e-06
   16          7.823970e-04        -174.806131939081         -1.463389e-06
   17          6.029037e-04        -174.806132692275         -7.531945e-07
   18          4.083908e-04        -174.806133059140         -3.668647e-07
   19          3.606250e-04        -174.806133227526         -1.683858e-07
   20          2.545397e-04        -174.806133338224         -1.106986e-07
   21          2.202151e-04        -174.806133426869         -8.864430e-08
   22          2.744852e-04        -174.806133533085         -1.062166e-07
   23          1.446029e-04        -174.806133571745         -3.865941e-08
   24          1.178462e-04        -174.806133595404         -2.365957e-08
   25          1.010893e-04        -174.806133610518         -1.511378e-08
   26          7.066136e-05        -174.806133618195         -7.677158e-09
---------------------------------------------------------------------------
                      SCF converged in 26 iterations!
===========================================================================


                                                                           
***************************************************************************
***                                                                     ***
***                    Printing Molecular Properties                    ***
***                                                                     ***
***************************************************************************
                                                                           
                                                                           
===========================================================================
                                 Molecule
---------------------------------------------------------------------------
 Charge                  :                                               0
 Multiplicity            :                                               2
---------------------------------------------------------------------------
    N    Atom            :               x               y               z
---------------------------------------------------------------------------
    0       O            :        0.000000        0.000000       -1.388973
    1       F            :        0.000000        0.000000        1.169716
---------------------------------------------------------------------------
 Center of mass          :        0.000000        0.000000        0.000000
===========================================================================


===========================================================================
                         Molecular Energy (final)
---------------------------------------------------------------------------
 Kinetic energy          :            (au)                174.329016300202
 E-N energy              :            (au)               -472.411880454041
 Coulomb energy          :            (au)                113.834083630903
 Exchange energy         :            (au)                  0.000000000000
 X-C energy              :            (au)                -18.696763672135
 Ext. field (el)         :            (au)                  0.000000000000
---------------------------------------------------------------------------
 N-N energy              :            (au)                 28.139410576875
 Ext. field (nuc)        :            (au)                  0.000000000000
---------------------------------------------------------------------------
 Electronic energy       :            (au)               -202.945544195070
 Nuclear energy          :            (au)                 28.139410576875
---------------------------------------------------------------------------
 Total energy            :            (au)             -1.748061336182e+02
                         :      (kcal/mol)             -1.096925040847e+05
                         :        (kJ/mol)             -4.589534373882e+05
                         :            (eV)             -4.756717010986e+03
===========================================================================


===========================================================================
                         Orbital Energies (final)
---------------------------------------------------------------------------
    n  Occ Spin          :                                         Epsilon
---------------------------------------------------------------------------
    0    1    a          :            (au)                -24.367787642415
    1    1    a          :            (au)                -18.907714784325
    2    1    a          :            (au)                 -1.230113307595
    3    1    a          :            (au)                 -0.871387495249
    4    1    a          :            (au)                 -0.530067705726
    5    1    a          :            (au)                 -0.497983969446
    6    1    a          :            (au)                 -0.464958375620
    7    1    a          :            (au)                 -0.333226687797
    8    1    a          :            (au)                 -0.279100098239
    9    1    b          :            (au)                -24.361957641254
   10    1    b          :            (au)                -18.886850187426
   11    1    b          :            (au)                 -1.213383085909
   12    1    b          :            (au)                 -0.829393743085
   13    1    b          :            (au)                 -0.513541413424
   14    1    b          :            (au)                 -0.457540956841
   15    1    b          :            (au)                 -0.453629851618
   16    1    b          :            (au)                 -0.262545368361
---------------------------------------------------------------------------
 Sum occupied            :            (au)                -94.461182314330
===========================================================================


===========================================================================
                           Dipole Moment (dip-1)
---------------------------------------------------------------------------
 r_O                     :        0.000000        0.000000        0.000000
---------------------------------------------------------------------------
 Electronic vector       :       -0.000001       -0.000003        0.660600
 Magnitude               :            (au)                        0.660600
                         :         (Debye)                        1.679077
---------------------------------------------------------------------------
 Nuclear vector          :        0.000000        0.000000       -0.584341
 Magnitude               :            (au)                        0.584341
                         :         (Debye)                        1.485246
---------------------------------------------------------------------------
 Total vector            :       -0.000001       -0.000003        0.076259
 Magnitude               :            (au)                        0.076259
                         :         (Debye)                        0.193831
===========================================================================


                                                                           
                                                                           
***************************************************************************
***                                                                     ***
***                            Exiting MRChem                           ***
***                                                                     ***
***                       Wall time :  0h 29m 37s                       ***
***                                                                     ***
***************************************************************************
                                                                           
                                                                           
