Starting job 3213289 on c11-[13-15] at Tue Aug 3 12:14:55 CEST 2021

Copying 11_pbe0_.out to /cluster/home/ambr/projects/psp/calcs/doublets
Copying 11_pbe0_.json to /cluster/home/ambr/projects/psp/calcs/doublets

Task and CPU usage stats:
       JobID    JobName  AllocCPUS   NTasks     MinCPU MinCPUTask     AveCPU    Elapsed ExitCode 
------------ ---------- ---------- -------- ---------- ---------- ---------- ---------- -------- 
3213289        11_pbe0_        120                                             01:37:34      1:0 
3213289.bat+      batch         42        1   00:00:01          0   00:00:01   01:37:34      1:0 
3213289.ext+     extern        120        3   00:00:00          0   00:00:00   01:37:34      0:0 
3213289.0      mrchem.x        120       20   01:37:19         19   05:12:34   01:37:21      0:0 

Memory usage stats:
       JobID     MaxRSS MaxRSSTask     AveRSS MaxPages   MaxPagesTask   AvePages 
------------ ---------- ---------- ---------- -------- -------------- ---------- 
3213289                                                                          
3213289.bat+     14232K          0     14232K        0              0          0 
3213289.ext+          0          0          0        0              0          0 
3213289.0      5069448K          0 4085174067        0             10          0 

Disk usage stats:
       JobID  MaxDiskRead MaxDiskReadTask    AveDiskRead MaxDiskWrite MaxDiskWriteTask   AveDiskWrite 
------------ ------------ --------------- -------------- ------------ ---------------- -------------- 
3213289                                                                                               
3213289.bat+      303.38M               0        303.38M      299.66M                0        299.66M 
3213289.ext+        0.00M               0          0.00M            0                0              0 
3213289.0          28.73M               1         17.65M      109.87M                3         59.01M 

Job 3213289 completed at Tue Aug 3 13:52:29 CEST 2021
