Starting job 3213292 on c10-[39-41] at Tue Aug 3 12:14:55 CEST 2021

Copying 14_pbe0_.out to /cluster/home/ambr/projects/psp/calcs/doublets
Copying 14_pbe0_.json to /cluster/home/ambr/projects/psp/calcs/doublets

Task and CPU usage stats:
       JobID    JobName  AllocCPUS   NTasks     MinCPU MinCPUTask     AveCPU    Elapsed ExitCode 
------------ ---------- ---------- -------- ---------- ---------- ---------- ---------- -------- 
3213292        14_pbe0_        120                                             00:11:06      1:0 
3213292.bat+      batch         42        1   00:00:00          0   00:00:00   00:11:06      1:0 
3213292.ext+     extern        120        3   00:00:00          1   00:00:00   00:11:06      0:0 
3213292.0      mrchem.x        120       20   00:10:57         19   00:31:08   00:11:00      0:0 

Memory usage stats:
       JobID     MaxRSS MaxRSSTask     AveRSS MaxPages   MaxPagesTask   AvePages 
------------ ---------- ---------- ---------- -------- -------------- ---------- 
3213292                                                                          
3213292.bat+     14240K          0     14240K        0              0          0 
3213292.ext+          0          1          0        0              1          0 
3213292.0      2608788K          7   2210073K        0              9          0 

Disk usage stats:
       JobID  MaxDiskRead MaxDiskReadTask    AveDiskRead MaxDiskWrite MaxDiskWriteTask   AveDiskWrite 
------------ ------------ --------------- -------------- ------------ ---------------- -------------- 
3213292                                                                                               
3213292.bat+       91.21M               0         91.21M       87.49M                0         87.49M 
3213292.ext+        0.00M               1          0.00M            0                1              0 
3213292.0          13.84M               5          7.04M       47.18M                0         21.18M 

Job 3213292 completed at Tue Aug 3 12:26:02 CEST 2021
