Starting job 3125895 on c11-[41-43,45,47-48] at Thu Jul 8 00:25:52 CEST 2021

Copying 15_b3lyp-g_.out to /cluster/home/ambr/projects/psp/calcs
Copying 15_b3lyp-g_.json to /cluster/home/ambr/projects/psp/calcs

Task and CPU usage stats:
       JobID    JobName  AllocCPUS   NTasks     MinCPU MinCPUTask     AveCPU    Elapsed ExitCode 
------------ ---------- ---------- -------- ---------- ---------- ---------- ---------- -------- 
3125895      15_b3lyp-+        200                                             00:09:02      1:0 
3125895.bat+      batch         40        1   00:00:00          0   00:00:00   00:09:02      1:0 
3125895.ext+     extern        200        6   00:00:00          2   00:00:00   00:09:02      0:0 
3125895.0      mrchem.x        200       20   00:08:40         19   00:26:58   00:08:50      0:0 

Memory usage stats:
       JobID     MaxRSS MaxRSSTask     AveRSS MaxPages   MaxPagesTask   AvePages 
------------ ---------- ---------- ---------- -------- -------------- ---------- 
3125895                                                                          
3125895.bat+     14664K          0     14664K        0              0          0 
3125895.ext+          0          2          0        0              2          0 
3125895.0      2461808K          1 1679293849        0             19          0 

Disk usage stats:
       JobID  MaxDiskRead MaxDiskReadTask    AveDiskRead MaxDiskWrite MaxDiskWriteTask   AveDiskWrite 
------------ ------------ --------------- -------------- ------------ ---------------- -------------- 
3125895                                                                                               
3125895.bat+        5.51M               0          5.51M        0.05M                0          0.05M 
3125895.ext+        0.00M               2          0.00M            0                2              0 
3125895.0           2.67M              18          2.66M       53.03M                1         10.69M 

Job 3125895 completed at Thu Jul 8 00:34:55 CEST 2021
