                                                                           
                                                                           
***************************************************************************
***                                                                     ***
***                                                                     ***
***          __  __ ____   ____ _                                       ***
***         |  \/  |  _ \ / ___| |__   ___ _ __ ___                     ***
***         | |\/| | |_) | |   | '_ \ / _ \ '_ ` _ \                    ***
***         | |  | |  _ <| |___| | | |  __/ | | | | |                   ***
***         |_|  |_|_| \_\\____|_| |_|\___|_| |_| |_|                   ***
***                                                                     ***
***         VERSION            1.0.1                                    ***
***                                                                     ***
***         Git branch         HEAD                                     ***
***         Git commit hash    9309e3e1e52e5319b766-dirty               ***
***         Git commit author  Stig Rune Jensen                         ***
***         Git commit date    Fri Dec 4 16:08:55 2020 +0100            ***
***                                                                     ***
***         Contact: luca.frediani@uit.no                               ***
***                                                                     ***
***         Radovan Bast            Magnar Bjorgve                      ***
***         Roberto Di Remigio      Antoine Durdek                      ***
***         Luca Frediani           Gabriel Gerez                       ***
***         Stig Rune Jensen        Jonas Juselius                      ***
***         Rune Monstad            Peter Wind                          ***
***                                                                     ***
***************************************************************************

---------------------------------------------------------------------------

 MPI processes           :        (1 bank)                              20
 OpenMP threads          :                                              10
 Total cores             :                                             200
                                                                           
---------------------------------------------------------------------------

XCFun DFT library Copyright 2009-2020 Ulf Ekstrom and contributors.
See http://dftlibs.org/xcfun/ for more information.

This is free software; see the source code for copying conditions.
There is ABSOLUTELY NO WARRANTY; not even for MERCHANTABILITY or
FITNESS FOR A PARTICULAR PURPOSE. For details see the documentation.
Scientific users of this library should cite
U. Ekstrom, L. Visscher, R. Bast, A. J. Thorvaldsen and K. Ruud;
J.Chem.Theor.Comp. 2010, DOI: 10.1021/ct100117s

---------------------------------------------------------------------------

 MRCPP version         : 1.3.6
 Git branch            : HEAD
 Git commit hash       : 9309e3e1e52e5319b766-dirty
 Git commit author     : Stig Rune Jensen
 Git commit date       : Fri Dec 4 16:08:55 2020 +0100

 Linear algebra        : EIGEN v3.3.7
 Parallelization       : MPI/OpenMP (10 threads)

---------------------------------------------------------------------------


                                                                           
===========================================================================
                         MultiResolution Analysis
---------------------------------------------------------------------------
 polynomial order      : 9
 polynomial type       : Interpolating
---------------------------------------------------------------------------
 total boxes           : 8
 boxes                 : [          2           2           2 ]
 unit lengths          : [   16.00000    16.00000    16.00000 ]
 scaling factor        : [    1.00000     1.00000     1.00000 ]
 lower bounds          : [  -16.00000   -16.00000   -16.00000 ]
 upper bounds          : [   16.00000    16.00000    16.00000 ]
 total length          : [   32.00000    32.00000    32.00000 ]
===========================================================================


                                                                           
***************************************************************************
***                                                                     ***
***                        Initializing Molecule                        ***
***                                                                     ***
***************************************************************************
                                                                           
                                                                           
===========================================================================
                                 Molecule
---------------------------------------------------------------------------
 Charge                  :                                               0
 Multiplicity            :                                               1
---------------------------------------------------------------------------
    N    Atom            :               x               y               z
---------------------------------------------------------------------------
    0       N            :        0.000000       -0.000011        0.128037
    1       H            :        0.000000       -1.772007       -0.593083
    2       H            :        1.534646        0.886081       -0.593083
    3       H            :       -1.534646        0.886081       -0.593083
---------------------------------------------------------------------------
 Center of mass          :        0.000000       -0.000000        0.000000
===========================================================================


                                                                           
***************************************************************************
***                                                                     ***
***                 Computing Ground State Wavefunction                 ***
***                                                                     ***
***************************************************************************
                                                                           
                                                                           
~~~~~~~~~~~~~~~~~~~~~~~~~~~~~~~~~~~~~~~~~~~~~~~~~~~~~~~~~~~~~~~~~~~~~~~~~~~
 Calculation             : Compute initial orbitals
 Method                  : Diagonalize SAD Hamiltonian
 Precision               : 1.00000e-03
 Restricted              : True
 Functional              : LDA (SVWN5)
 AO basis                : Hydrogenic orbitals
 Zeta quality            : 2
~~~~~~~~~~~~~~~~~~~~~~~~~~~~~~~~~~~~~~~~~~~~~~~~~~~~~~~~~~~~~~~~~~~~~~~~~~~


===========================================================================
                            Molecular Orbitals
---------------------------------------------------------------------------
 Alpha electrons         :                                               5
 Beta electrons          :                                               5
 Total electrons         :                                              10
---------------------------------------------------------------------------
    n  Occ Spin          :                                            Norm
---------------------------------------------------------------------------
    0    2    p          :                              9.999999992035e-01
    1    2    p          :                              1.000000043305e+00
    2    2    p          :                              9.999992750585e-01
    3    2    p          :                              1.000000956251e+00
    4    2    p          :                              1.000000393968e+00
===========================================================================


~~~~~~~~~~~~~~~~~~~~~~~~~~~~~~~~~~~~~~~~~~~~~~~~~~~~~~~~~~~~~~~~~~~~~~~~~~~
 Calculation             : Compute initial energy
 Method                  : DFT (B3LYP-G)
 Precision               : 1.00000e-03
 Localization            : Off
~~~~~~~~~~~~~~~~~~~~~~~~~~~~~~~~~~~~~~~~~~~~~~~~~~~~~~~~~~~~~~~~~~~~~~~~~~~


===========================================================================
                        Molecular Energy (initial)
---------------------------------------------------------------------------
 Kinetic energy          :            (au)                 59.930085153411
 E-N energy              :            (au)               -160.839671648739
 Coulomb energy          :            (au)                 40.921137888029
 Exchange energy         :            (au)                 -1.576965701426
 X-C energy              :            (au)                 -6.702908062054
 Ext. field (el)         :            (au)                  0.000000000000
---------------------------------------------------------------------------
 N-N energy              :            (au)                 11.953994558752
 Ext. field (nuc)        :            (au)                  0.000000000000
---------------------------------------------------------------------------
 Electronic energy       :            (au)                -68.268322370778
 Nuclear energy          :            (au)                 11.953994558752
---------------------------------------------------------------------------
 Total energy            :            (au)             -5.631432781203e+01
                         :      (kcal/mol)             -3.533777394242e+04
                         :        (kJ/mol)             -1.478532462710e+05
                         :            (eV)             -1.532390857925e+03
===========================================================================


===========================================================================
                        Orbital Energies (initial)
---------------------------------------------------------------------------
    n  Occ Spin          :                                         Epsilon
---------------------------------------------------------------------------
    0    2    p          :            (au)                -13.834301543029
    1    2    p          :            (au)                 -0.732361123484
    2    2    p          :            (au)                 -0.367419720929
    3    2    p          :            (au)                 -0.366703750558
    4    2    p          :            (au)                 -0.106212570647
---------------------------------------------------------------------------
 Sum occupied            :            (au)                -30.813997417292
===========================================================================


~~~~~~~~~~~~~~~~~~~~~~~~~~~~~~~~~~~~~~~~~~~~~~~~~~~~~~~~~~~~~~~~~~~~~~~~~~~
 Calculation             : Optimize ground state orbitals
 Method                  : DFT (B3LYP-G)
 Checkpointing           : Off
 Max iterations          : 200
 KAIN solver             : 10
 Localization            : Off
 Diagonalization         : First two iterations
 Start precision         : 1.00000e-06
 Final precision         : 1.00000e-06
 Helmholtz precision     : Dynamic
 Energy threshold        : 1.00000e-06
 Orbital threshold       : 1.00000e-05
~~~~~~~~~~~~~~~~~~~~~~~~~~~~~~~~~~~~~~~~~~~~~~~~~~~~~~~~~~~~~~~~~~~~~~~~~~~


===========================================================================
 Iter           MO residual             Total energy                Update
---------------------------------------------------------------------------
    0          2.236068e+00         -56.314327812027         -5.631433e+01
    1          2.859773e-01         -56.546360356717         -2.320325e-01
    2          1.451282e-01         -56.586823715428         -4.046336e-02
    3          5.418966e-02         -56.591821691014         -4.997976e-03
    4          2.088795e-02         -56.593669299318         -1.847608e-03
    5          1.344287e-02         -56.594494530665         -8.252313e-04
    6          7.388821e-03         -56.594651066486         -1.565358e-04
    7          2.640894e-03         -56.594673936194         -2.286971e-05
    8          9.417117e-04         -56.594676044325         -2.108131e-06
    9          2.599527e-04         -56.594676248715         -2.043900e-07
   10          1.333043e-04         -56.594676291008         -4.229324e-08
   11          3.932754e-05         -56.594676294455         -3.447269e-09
   12          9.392281e-06         -56.594676294753         -2.978737e-10
---------------------------------------------------------------------------
                      SCF converged in 12 iterations!
===========================================================================


                                                                           
***************************************************************************
***                                                                     ***
***                    Printing Molecular Properties                    ***
***                                                                     ***
***************************************************************************
                                                                           
                                                                           
===========================================================================
                                 Molecule
---------------------------------------------------------------------------
 Charge                  :                                               0
 Multiplicity            :                                               1
---------------------------------------------------------------------------
    N    Atom            :               x               y               z
---------------------------------------------------------------------------
    0       N            :        0.000000       -0.000011        0.128037
    1       H            :        0.000000       -1.772007       -0.593083
    2       H            :        1.534646        0.886081       -0.593083
    3       H            :       -1.534646        0.886081       -0.593083
---------------------------------------------------------------------------
 Center of mass          :        0.000000       -0.000000        0.000000
===========================================================================


===========================================================================
                         Molecular Energy (final)
---------------------------------------------------------------------------
 Kinetic energy          :            (au)                 56.322193871015
 E-N energy              :            (au)               -156.014260847152
 Coulomb energy          :            (au)                 39.173747532696
 Exchange energy         :            (au)                 -1.530517484950
 X-C energy              :            (au)                 -6.499833925113
 Ext. field (el)         :            (au)                  0.000000000000
---------------------------------------------------------------------------
 N-N energy              :            (au)                 11.953994558752
 Ext. field (nuc)        :            (au)                  0.000000000000
---------------------------------------------------------------------------
 Electronic energy       :            (au)                -68.548670853505
 Nuclear energy          :            (au)                 11.953994558752
---------------------------------------------------------------------------
 Total energy            :            (au)             -5.659467629475e+01
                         :      (kcal/mol)             -3.551369526995e+04
                         :        (kJ/mol)             -1.485893011059e+05
                         :            (eV)             -1.540019528437e+03
===========================================================================


===========================================================================
                         Orbital Energies (final)
---------------------------------------------------------------------------
    n  Occ Spin          :                                         Epsilon
---------------------------------------------------------------------------
    0    2    p          :            (au)                -14.298052436353
    1    2    p          :            (au)                 -0.858068800408
    2    2    p          :            (au)                 -0.467234420648
    3    2    p          :            (au)                 -0.467216955192
    4    2    p          :            (au)                 -0.275873595337
---------------------------------------------------------------------------
 Sum occupied            :            (au)                -32.732892415877
===========================================================================


===========================================================================
                           Dipole Moment (dip-1)
---------------------------------------------------------------------------
 r_O                     :        0.000000        0.000000        0.000000
---------------------------------------------------------------------------
 Electronic vector       :        0.000000       -0.000054        0.284844
 Magnitude               :            (au)                        0.284844
                         :         (Debye)                        0.724002
---------------------------------------------------------------------------
 Nuclear vector          :        0.000000        0.000077       -0.882992
 Magnitude               :            (au)                        0.882992
                         :         (Debye)                        2.244342
---------------------------------------------------------------------------
 Total vector            :        0.000000        0.000023       -0.598148
 Magnitude               :            (au)                        0.598148
                         :         (Debye)                        1.520340
===========================================================================


                                                                           
                                                                           
***************************************************************************
***                                                                     ***
***                            Exiting MRChem                           ***
***                                                                     ***
***                       Wall time :  0h  8m 39s                       ***
***                                                                     ***
***************************************************************************
                                                                           
                                                                           
