                                                                           
                                                                           
***************************************************************************
***                                                                     ***
***                                                                     ***
***          __  __ ____   ____ _                                       ***
***         |  \/  |  _ \ / ___| |__   ___ _ __ ___                     ***
***         | |\/| | |_) | |   | '_ \ / _ \ '_ ` _ \                    ***
***         | |  | |  _ <| |___| | | |  __/ | | | | |                   ***
***         |_|  |_|_| \_\\____|_| |_|\___|_| |_| |_|                   ***
***                                                                     ***
***         VERSION            1.0.1                                    ***
***                                                                     ***
***         Git branch         HEAD                                     ***
***         Git commit hash    9309e3e1e52e5319b766-dirty               ***
***         Git commit author  Stig Rune Jensen                         ***
***         Git commit date    Fri Dec 4 16:08:55 2020 +0100            ***
***                                                                     ***
***         Contact: luca.frediani@uit.no                               ***
***                                                                     ***
***         Radovan Bast            Magnar Bjorgve                      ***
***         Roberto Di Remigio      Antoine Durdek                      ***
***         Luca Frediani           Gabriel Gerez                       ***
***         Stig Rune Jensen        Jonas Juselius                      ***
***         Rune Monstad            Peter Wind                          ***
***                                                                     ***
***************************************************************************

---------------------------------------------------------------------------

 MPI processes           :        (1 bank)                              20
 OpenMP threads          :                                              10
 Total cores             :                                             200
                                                                           
---------------------------------------------------------------------------

XCFun DFT library Copyright 2009-2020 Ulf Ekstrom and contributors.
See http://dftlibs.org/xcfun/ for more information.

This is free software; see the source code for copying conditions.
There is ABSOLUTELY NO WARRANTY; not even for MERCHANTABILITY or
FITNESS FOR A PARTICULAR PURPOSE. For details see the documentation.
Scientific users of this library should cite
U. Ekstrom, L. Visscher, R. Bast, A. J. Thorvaldsen and K. Ruud;
J.Chem.Theor.Comp. 2010, DOI: 10.1021/ct100117s

---------------------------------------------------------------------------

 MRCPP version         : 1.3.6
 Git branch            : HEAD
 Git commit hash       : 9309e3e1e52e5319b766-dirty
 Git commit author     : Stig Rune Jensen
 Git commit date       : Fri Dec 4 16:08:55 2020 +0100

 Linear algebra        : EIGEN v3.3.7
 Parallelization       : MPI/OpenMP (10 threads)

---------------------------------------------------------------------------


                                                                           
===========================================================================
                         MultiResolution Analysis
---------------------------------------------------------------------------
 polynomial order      : 9
 polynomial type       : Interpolating
---------------------------------------------------------------------------
 total boxes           : 8
 boxes                 : [          2           2           2 ]
 unit lengths          : [   16.00000    16.00000    16.00000 ]
 scaling factor        : [    1.00000     1.00000     1.00000 ]
 lower bounds          : [  -16.00000   -16.00000   -16.00000 ]
 upper bounds          : [   16.00000    16.00000    16.00000 ]
 total length          : [   32.00000    32.00000    32.00000 ]
===========================================================================


                                                                           
***************************************************************************
***                                                                     ***
***                        Initializing Molecule                        ***
***                                                                     ***
***************************************************************************
                                                                           
                                                                           
===========================================================================
                                 Molecule
---------------------------------------------------------------------------
 Charge                  :                                               0
 Multiplicity            :                                               1
---------------------------------------------------------------------------
    N    Atom            :               x               y               z
---------------------------------------------------------------------------
    0       N            :        0.000000       -0.000011        0.128037
    1       H            :        0.000000       -1.772007       -0.593083
    2       H            :        1.534646        0.886081       -0.593083
    3       H            :       -1.534646        0.886081       -0.593083
---------------------------------------------------------------------------
 Center of mass          :        0.000000       -0.000000        0.000000
===========================================================================


                                                                           
***************************************************************************
***                                                                     ***
***                 Computing Ground State Wavefunction                 ***
***                                                                     ***
***************************************************************************
                                                                           
                                                                           
~~~~~~~~~~~~~~~~~~~~~~~~~~~~~~~~~~~~~~~~~~~~~~~~~~~~~~~~~~~~~~~~~~~~~~~~~~~
 Calculation             : Compute initial orbitals
 Method                  : Diagonalize SAD Hamiltonian
 Precision               : 1.00000e-03
 Restricted              : True
 Functional              : LDA (SVWN5)
 AO basis                : Hydrogenic orbitals
 Zeta quality            : 2
~~~~~~~~~~~~~~~~~~~~~~~~~~~~~~~~~~~~~~~~~~~~~~~~~~~~~~~~~~~~~~~~~~~~~~~~~~~


===========================================================================
                            Molecular Orbitals
---------------------------------------------------------------------------
 Alpha electrons         :                                               5
 Beta electrons          :                                               5
 Total electrons         :                                              10
---------------------------------------------------------------------------
    n  Occ Spin          :                                            Norm
---------------------------------------------------------------------------
    0    2    p          :                              9.999999992035e-01
    1    2    p          :                              1.000000043305e+00
    2    2    p          :                              9.999992750585e-01
    3    2    p          :                              1.000000956251e+00
    4    2    p          :                              1.000000393968e+00
===========================================================================


~~~~~~~~~~~~~~~~~~~~~~~~~~~~~~~~~~~~~~~~~~~~~~~~~~~~~~~~~~~~~~~~~~~~~~~~~~~
 Calculation             : Compute initial energy
 Method                  : DFT (PBE0)
 Precision               : 1.00000e-03
 Localization            : Off
~~~~~~~~~~~~~~~~~~~~~~~~~~~~~~~~~~~~~~~~~~~~~~~~~~~~~~~~~~~~~~~~~~~~~~~~~~~


===========================================================================
                        Molecular Energy (initial)
---------------------------------------------------------------------------
 Kinetic energy          :            (au)                 59.930085153411
 E-N energy              :            (au)               -160.839671648739
 Coulomb energy          :            (au)                 40.921137888029
 Exchange energy         :            (au)                 -1.971207126783
 X-C energy              :            (au)                 -6.235714668183
 Ext. field (el)         :            (au)                  0.000000000000
---------------------------------------------------------------------------
 N-N energy              :            (au)                 11.953994558752
 Ext. field (nuc)        :            (au)                  0.000000000000
---------------------------------------------------------------------------
 Electronic energy       :            (au)                -68.195370402264
 Nuclear energy          :            (au)                 11.953994558752
---------------------------------------------------------------------------
 Total energy            :            (au)             -5.624137584351e+01
                         :      (kcal/mol)             -3.529199589139e+04
                         :        (kJ/mol)             -1.476617109054e+05
                         :            (eV)             -1.530405733820e+03
===========================================================================


===========================================================================
                        Orbital Energies (initial)
---------------------------------------------------------------------------
    n  Occ Spin          :                                         Epsilon
---------------------------------------------------------------------------
    0    2    p          :            (au)                -13.889471375981
    1    2    p          :            (au)                 -0.753601664883
    2    2    p          :            (au)                 -0.379146964568
    3    2    p          :            (au)                 -0.378451714361
    4    2    p          :            (au)                 -0.118127012843
---------------------------------------------------------------------------
 Sum occupied            :            (au)                -31.037597465273
===========================================================================


~~~~~~~~~~~~~~~~~~~~~~~~~~~~~~~~~~~~~~~~~~~~~~~~~~~~~~~~~~~~~~~~~~~~~~~~~~~
 Calculation             : Optimize ground state orbitals
 Method                  : DFT (PBE0)
 Checkpointing           : Off
 Max iterations          : 200
 KAIN solver             : 10
 Localization            : Off
 Diagonalization         : First two iterations
 Start precision         : 1.00000e-06
 Final precision         : 1.00000e-06
 Helmholtz precision     : Dynamic
 Energy threshold        : 1.00000e-06
 Orbital threshold       : 1.00000e-05
~~~~~~~~~~~~~~~~~~~~~~~~~~~~~~~~~~~~~~~~~~~~~~~~~~~~~~~~~~~~~~~~~~~~~~~~~~~


===========================================================================
 Iter           MO residual             Total energy                Update
---------------------------------------------------------------------------
    0          2.236068e+00         -56.241375843512         -5.624138e+01
    1          2.723175e-01         -56.476414427900         -2.350386e-01
    2          1.351132e-01         -56.514073472997         -3.765905e-02
    3          5.502339e-02         -56.518242067713         -4.168595e-03
    4          1.967056e-02         -56.520144121527         -1.902054e-03
    5          1.338217e-02         -56.520987823487         -8.437020e-04
    6          8.081027e-03         -56.521176824597         -1.890011e-04
    7          3.148843e-03         -56.521207024311         -3.019971e-05
    8          1.092776e-03         -56.521209368813         -2.344502e-06
    9          2.748770e-04         -56.521209923748         -5.549349e-07
   10          1.396218e-04         -56.521209952516         -2.876774e-08
   11          4.240054e-05         -56.521209969446         -1.692982e-08
   12          7.851387e-06         -56.521209965422          4.023903e-09
---------------------------------------------------------------------------
                      SCF converged in 12 iterations!
===========================================================================


                                                                           
***************************************************************************
***                                                                     ***
***                    Printing Molecular Properties                    ***
***                                                                     ***
***************************************************************************
                                                                           
                                                                           
===========================================================================
                                 Molecule
---------------------------------------------------------------------------
 Charge                  :                                               0
 Multiplicity            :                                               1
---------------------------------------------------------------------------
    N    Atom            :               x               y               z
---------------------------------------------------------------------------
    0       N            :        0.000000       -0.000011        0.128037
    1       H            :        0.000000       -1.772007       -0.593083
    2       H            :        1.534646        0.886081       -0.593083
    3       H            :       -1.534646        0.886081       -0.593083
---------------------------------------------------------------------------
 Center of mass          :        0.000000       -0.000000        0.000000
===========================================================================


===========================================================================
                         Molecular Energy (final)
---------------------------------------------------------------------------
 Kinetic energy          :            (au)                 56.262157806559
 E-N energy              :            (au)               -155.949083144807
 Coulomb energy          :            (au)                 39.169375875935
 Exchange energy         :            (au)                 -1.914179884383
 X-C energy              :            (au)                 -6.043475177477
 Ext. field (el)         :            (au)                  0.000000000000
---------------------------------------------------------------------------
 N-N energy              :            (au)                 11.953994558752
 Ext. field (nuc)        :            (au)                  0.000000000000
---------------------------------------------------------------------------
 Electronic energy       :            (au)                -68.475204524174
 Nuclear energy          :            (au)                 11.953994558752
---------------------------------------------------------------------------
 Total energy            :            (au)             -5.652120996542e+01
                         :      (kcal/mol)             -3.546759445264e+04
                         :        (kJ/mol)             -1.483964152862e+05
                         :            (eV)             -1.538020407861e+03
===========================================================================


===========================================================================
                         Orbital Energies (final)
---------------------------------------------------------------------------
    n  Occ Spin          :                                         Epsilon
---------------------------------------------------------------------------
    0    2    p          :            (au)                -14.360100867131
    1    2    p          :            (au)                 -0.878069563829
    2    2    p          :            (au)                 -0.476362333594
    3    2    p          :            (au)                 -0.476344681871
    4    2    p          :            (au)                 -0.284554411469
---------------------------------------------------------------------------
 Sum occupied            :            (au)                -32.950863715788
===========================================================================


===========================================================================
                           Dipole Moment (dip-1)
---------------------------------------------------------------------------
 r_O                     :        0.000000        0.000000        0.000000
---------------------------------------------------------------------------
 Electronic vector       :       -0.000000       -0.000053        0.282299
 Magnitude               :            (au)                        0.282299
                         :         (Debye)                        0.717534
---------------------------------------------------------------------------
 Nuclear vector          :        0.000000        0.000077       -0.882992
 Magnitude               :            (au)                        0.882992
                         :         (Debye)                        2.244342
---------------------------------------------------------------------------
 Total vector            :       -0.000000        0.000024       -0.600693
 Magnitude               :            (au)                        0.600693
                         :         (Debye)                        1.526808
===========================================================================


                                                                           
                                                                           
***************************************************************************
***                                                                     ***
***                            Exiting MRChem                           ***
***                                                                     ***
***                       Wall time :  0h  7m  9s                       ***
***                                                                     ***
***************************************************************************
                                                                           
                                                                           
