                                                                           
                                                                           
***************************************************************************
***                                                                     ***
***                                                                     ***
***          __  __ ____   ____ _                                       ***
***         |  \/  |  _ \ / ___| |__   ___ _ __ ___                     ***
***         | |\/| | |_) | |   | '_ \ / _ \ '_ ` _ \                    ***
***         | |  | |  _ <| |___| | | |  __/ | | | | |                   ***
***         |_|  |_|_| \_\\____|_| |_|\___|_| |_| |_|                   ***
***                                                                     ***
***         VERSION            1.0.1                                    ***
***                                                                     ***
***         Git branch         HEAD                                     ***
***         Git commit hash    9309e3e1e52e5319b766-dirty               ***
***         Git commit author  Stig Rune Jensen                         ***
***         Git commit date    Fri Dec 4 16:08:55 2020 +0100            ***
***                                                                     ***
***         Contact: luca.frediani@uit.no                               ***
***                                                                     ***
***         Radovan Bast            Magnar Bjorgve                      ***
***         Roberto Di Remigio      Antoine Durdek                      ***
***         Luca Frediani           Gabriel Gerez                       ***
***         Stig Rune Jensen        Jonas Juselius                      ***
***         Rune Monstad            Peter Wind                          ***
***                                                                     ***
***************************************************************************

---------------------------------------------------------------------------

 MPI processes           :        (1 bank)                              20
 OpenMP threads          :                                              10
 Total cores             :                                             200
                                                                           
---------------------------------------------------------------------------

XCFun DFT library Copyright 2009-2020 Ulf Ekstrom and contributors.
See http://dftlibs.org/xcfun/ for more information.

This is free software; see the source code for copying conditions.
There is ABSOLUTELY NO WARRANTY; not even for MERCHANTABILITY or
FITNESS FOR A PARTICULAR PURPOSE. For details see the documentation.
Scientific users of this library should cite
U. Ekstrom, L. Visscher, R. Bast, A. J. Thorvaldsen and K. Ruud;
J.Chem.Theor.Comp. 2010, DOI: 10.1021/ct100117s

---------------------------------------------------------------------------

 MRCPP version         : 1.3.6
 Git branch            : HEAD
 Git commit hash       : 9309e3e1e52e5319b766-dirty
 Git commit author     : Stig Rune Jensen
 Git commit date       : Fri Dec 4 16:08:55 2020 +0100

 Linear algebra        : EIGEN v3.3.7
 Parallelization       : MPI/OpenMP (10 threads)

---------------------------------------------------------------------------


                                                                           
===========================================================================
                         MultiResolution Analysis
---------------------------------------------------------------------------
 polynomial order      : 9
 polynomial type       : Interpolating
---------------------------------------------------------------------------
 total boxes           : 8
 boxes                 : [          2           2           2 ]
 unit lengths          : [   16.00000    16.00000    16.00000 ]
 scaling factor        : [    1.00000     1.00000     1.00000 ]
 lower bounds          : [  -16.00000   -16.00000   -16.00000 ]
 upper bounds          : [   16.00000    16.00000    16.00000 ]
 total length          : [   32.00000    32.00000    32.00000 ]
===========================================================================


                                                                           
***************************************************************************
***                                                                     ***
***                        Initializing Molecule                        ***
***                                                                     ***
***************************************************************************
                                                                           
                                                                           
===========================================================================
                                 Molecule
---------------------------------------------------------------------------
 Charge                  :                                               0
 Multiplicity            :                                               1
---------------------------------------------------------------------------
    N    Atom            :               x               y               z
---------------------------------------------------------------------------
    0       N            :        0.000000        1.167473       -0.121416
    1       N            :        0.000000       -1.167473       -0.121416
    2       H            :        0.000000        1.950197        1.687241
    3       H            :        0.000000       -1.950197        1.687241
---------------------------------------------------------------------------
 Center of mass          :        0.000000       -0.000000        0.000000
===========================================================================


                                                                           
***************************************************************************
***                                                                     ***
***                 Computing Ground State Wavefunction                 ***
***                                                                     ***
***************************************************************************
                                                                           
                                                                           
~~~~~~~~~~~~~~~~~~~~~~~~~~~~~~~~~~~~~~~~~~~~~~~~~~~~~~~~~~~~~~~~~~~~~~~~~~~
 Calculation             : Compute initial orbitals
 Method                  : Diagonalize SAD Hamiltonian
 Precision               : 1.00000e-03
 Restricted              : True
 Functional              : LDA (SVWN5)
 AO basis                : Hydrogenic orbitals
 Zeta quality            : 2
~~~~~~~~~~~~~~~~~~~~~~~~~~~~~~~~~~~~~~~~~~~~~~~~~~~~~~~~~~~~~~~~~~~~~~~~~~~


===========================================================================
                            Molecular Orbitals
---------------------------------------------------------------------------
 Alpha electrons         :                                               8
 Beta electrons          :                                               8
 Total electrons         :                                              16
---------------------------------------------------------------------------
    n  Occ Spin          :                                            Norm
---------------------------------------------------------------------------
    0    2    p          :                              9.999990628316e-01
    1    2    p          :                              9.999608750247e-01
    2    2    p          :                              1.000000387763e+00
    3    2    p          :                              9.999997238906e-01
    4    2    p          :                              9.999999827542e-01
    5    2    p          :                              9.999999992243e-01
    6    2    p          :                              1.000010205865e+00
    7    2    p          :                              1.000000003684e+00
===========================================================================


~~~~~~~~~~~~~~~~~~~~~~~~~~~~~~~~~~~~~~~~~~~~~~~~~~~~~~~~~~~~~~~~~~~~~~~~~~~
 Calculation             : Compute initial energy
 Method                  : DFT (B3LYP-G)
 Precision               : 1.00000e-03
 Localization            : Off
~~~~~~~~~~~~~~~~~~~~~~~~~~~~~~~~~~~~~~~~~~~~~~~~~~~~~~~~~~~~~~~~~~~~~~~~~~~


===========================================================================
                        Molecular Energy (initial)
---------------------------------------------------------------------------
 Kinetic energy          :            (au)                115.153276458050
 E-N energy              :            (au)               -327.896809484971
 Coulomb energy          :            (au)                 84.872660011014
 Exchange energy         :            (au)                 -2.771236729870
 X-C energy              :            (au)                -11.848601359638
 Ext. field (el)         :            (au)                  0.000000000000
---------------------------------------------------------------------------
 N-N energy              :            (au)                 32.229972493475
 Ext. field (nuc)        :            (au)                  0.000000000000
---------------------------------------------------------------------------
 Electronic energy       :            (au)               -142.490711105415
 Nuclear energy          :            (au)                 32.229972493475
---------------------------------------------------------------------------
 Total energy            :            (au)             -1.102607386119e+02
                         :      (kcal/mol)             -6.918965753793e+04
                         :        (kJ/mol)             -2.894895273266e+05
                         :            (eV)             -3.000347414267e+03
===========================================================================


===========================================================================
                        Orbital Energies (initial)
---------------------------------------------------------------------------
    n  Occ Spin          :                                         Epsilon
---------------------------------------------------------------------------
    0    2    p          :            (au)                -14.272327421013
    1    2    p          :            (au)                -14.243624400339
    2    2    p          :            (au)                 -1.059179656073
    3    2    p          :            (au)                 -0.698529346255
    4    2    p          :            (au)                 -0.585406095244
    5    2    p          :            (au)                 -0.407421317725
    6    2    p          :            (au)                 -0.363341537416
    7    2    p          :            (au)                 -0.230603006802
---------------------------------------------------------------------------
 Sum occupied            :            (au)                -63.720865561733
===========================================================================


~~~~~~~~~~~~~~~~~~~~~~~~~~~~~~~~~~~~~~~~~~~~~~~~~~~~~~~~~~~~~~~~~~~~~~~~~~~
 Calculation             : Optimize ground state orbitals
 Method                  : DFT (B3LYP-G)
 Checkpointing           : Off
 Max iterations          : 200
 KAIN solver             : 10
 Localization            : Off
 Diagonalization         : First two iterations
 Start precision         : 1.00000e-06
 Final precision         : 1.00000e-06
 Helmholtz precision     : Dynamic
 Energy threshold        : 1.00000e-06
 Orbital threshold       : 1.00000e-05
~~~~~~~~~~~~~~~~~~~~~~~~~~~~~~~~~~~~~~~~~~~~~~~~~~~~~~~~~~~~~~~~~~~~~~~~~~~


===========================================================================
 Iter           MO residual             Total energy                Update
---------------------------------------------------------------------------
    0          2.828427e+00        -110.260738611940         -1.102607e+02
    1          1.975523e-01        -110.656255036864         -3.955164e-01
    2          5.370934e-02        -110.682868752801         -2.661372e-02
    3          2.103550e-02        -110.686415745669         -3.546993e-03
    4          1.482116e-02        -110.690997878508         -4.582133e-03
    5          1.032824e-02        -110.691426661106         -4.287826e-04
    6          5.698035e-03        -110.691607941655         -1.812805e-04
    7          2.208950e-03        -110.691642176089         -3.423443e-05
    8          1.700262e-03        -110.691652289302         -1.011321e-05
    9          6.797870e-04        -110.691654442395         -2.153094e-06
   10          3.105632e-04        -110.691654815861         -3.734654e-07
   11          2.067667e-04        -110.691654976677         -1.608164e-07
   12          9.684902e-05        -110.691655005311         -2.863388e-08
   13          4.130005e-05        -110.691655017616         -1.230453e-08
   14          9.531028e-06        -110.691655018223         -6.077983e-10
---------------------------------------------------------------------------
                      SCF converged in 14 iterations!
===========================================================================


                                                                           
***************************************************************************
***                                                                     ***
***                    Printing Molecular Properties                    ***
***                                                                     ***
***************************************************************************
                                                                           
                                                                           
===========================================================================
                                 Molecule
---------------------------------------------------------------------------
 Charge                  :                                               0
 Multiplicity            :                                               1
---------------------------------------------------------------------------
    N    Atom            :               x               y               z
---------------------------------------------------------------------------
    0       N            :        0.000000        1.167473       -0.121416
    1       N            :        0.000000       -1.167473       -0.121416
    2       H            :        0.000000        1.950197        1.687241
    3       H            :        0.000000       -1.950197        1.687241
---------------------------------------------------------------------------
 Center of mass          :        0.000000       -0.000000        0.000000
===========================================================================


===========================================================================
                         Molecular Energy (final)
---------------------------------------------------------------------------
 Kinetic energy          :            (au)                110.197240146501
 E-N energy              :            (au)               -323.310387780039
 Coulomb energy          :            (au)                 84.665014449603
 Exchange energy         :            (au)                 -2.760795109197
 X-C energy              :            (au)                -11.712699218566
 Ext. field (el)         :            (au)                  0.000000000000
---------------------------------------------------------------------------
 N-N energy              :            (au)                 32.229972493475
 Ext. field (nuc)        :            (au)                  0.000000000000
---------------------------------------------------------------------------
 Electronic energy       :            (au)               -142.921627511698
 Nuclear energy          :            (au)                 32.229972493475
---------------------------------------------------------------------------
 Total energy            :            (au)             -1.106916550182e+02
                         :      (kcal/mol)             -6.946006166322e+04
                         :        (kJ/mol)             -2.906208981875e+05
                         :            (eV)             -3.012073246523e+03
===========================================================================


===========================================================================
                         Orbital Energies (final)
---------------------------------------------------------------------------
    n  Occ Spin          :                                         Epsilon
---------------------------------------------------------------------------
    0    2    p          :            (au)                -14.386948495155
    1    2    p          :            (au)                -14.386396180625
    2    2    p          :            (au)                 -1.046038102902
    3    2    p          :            (au)                 -0.692753529016
    4    2    p          :            (au)                 -0.577170531890
    5    2    p          :            (au)                 -0.409824013799
    6    2    p          :            (au)                 -0.395459403722
    7    2    p          :            (au)                 -0.258982113562
---------------------------------------------------------------------------
 Sum occupied            :            (au)                -64.307144741343
===========================================================================


===========================================================================
                           Dipole Moment (dip-1)
---------------------------------------------------------------------------
 r_O                     :        0.000000        0.000000        0.000000
---------------------------------------------------------------------------
 Electronic vector       :        0.000000       -0.000031       -0.568110
 Magnitude               :            (au)                        0.568110
                         :         (Debye)                        1.443993
---------------------------------------------------------------------------
 Nuclear vector          :        0.000000        0.000000        1.674663
 Magnitude               :            (au)                        1.674663
                         :         (Debye)                        4.256568
---------------------------------------------------------------------------
 Total vector            :        0.000000       -0.000031        1.106552
 Magnitude               :            (au)                        1.106552
                         :         (Debye)                        2.812575
===========================================================================


                                                                           
                                                                           
***************************************************************************
***                                                                     ***
***                            Exiting MRChem                           ***
***                                                                     ***
***                       Wall time :  0h 16m 22s                       ***
***                                                                     ***
***************************************************************************
                                                                           
                                                                           
