Starting job 3125898 on c11-[20-26] at Thu Jul 8 00:25:52 CEST 2021

Copying 16_pbe0_.out to /cluster/home/ambr/projects/psp/calcs
Copying 16_pbe0_.json to /cluster/home/ambr/projects/psp/calcs

Task and CPU usage stats:
       JobID    JobName  AllocCPUS   NTasks     MinCPU MinCPUTask     AveCPU    Elapsed ExitCode 
------------ ---------- ---------- -------- ---------- ---------- ---------- ---------- -------- 
3125898        16_pbe0_        200                                             00:17:18      1:0 
3125898.bat+      batch         40        1   00:00:00          0   00:00:00   00:17:18      1:0 
3125898.ext+     extern        200        7   00:00:00          5   00:00:00   00:17:18      0:0 
3125898.0      mrchem.x        200       20   00:16:14         19   00:52:37   00:16:25      0:0 

Memory usage stats:
       JobID     MaxRSS MaxRSSTask     AveRSS MaxPages   MaxPagesTask   AvePages 
------------ ---------- ---------- ---------- -------- -------------- ---------- 
3125898                                                                          
3125898.bat+     14736K          0     14736K        0              0          0 
3125898.ext+          0          5          0        0              5          0 
3125898.0      3137572K          3   2110678K        0             12          0 

Disk usage stats:
       JobID  MaxDiskRead MaxDiskReadTask    AveDiskRead MaxDiskWrite MaxDiskWriteTask   AveDiskWrite 
------------ ------------ --------------- -------------- ------------ ---------------- -------------- 
3125898                                                                                               
3125898.bat+        5.54M               0          5.54M        0.05M                0          0.05M 
3125898.ext+        0.00M               5          0.00M            0                5              0 
3125898.0           2.67M               0          2.66M       68.71M                2         18.83M 

Job 3125898 completed at Thu Jul 8 00:43:10 CEST 2021
