                                                                           
                                                                           
***************************************************************************
***                                                                     ***
***                                                                     ***
***          __  __ ____   ____ _                                       ***
***         |  \/  |  _ \ / ___| |__   ___ _ __ ___                     ***
***         | |\/| | |_) | |   | '_ \ / _ \ '_ ` _ \                    ***
***         | |  | |  _ <| |___| | | |  __/ | | | | |                   ***
***         |_|  |_|_| \_\\____|_| |_|\___|_| |_| |_|                   ***
***                                                                     ***
***         VERSION            1.0.1                                    ***
***                                                                     ***
***         Git branch         HEAD                                     ***
***         Git commit hash    9309e3e1e52e5319b766-dirty               ***
***         Git commit author  Stig Rune Jensen                         ***
***         Git commit date    Fri Dec 4 16:08:55 2020 +0100            ***
***                                                                     ***
***         Contact: luca.frediani@uit.no                               ***
***                                                                     ***
***         Radovan Bast            Magnar Bjorgve                      ***
***         Roberto Di Remigio      Antoine Durdek                      ***
***         Luca Frediani           Gabriel Gerez                       ***
***         Stig Rune Jensen        Jonas Juselius                      ***
***         Rune Monstad            Peter Wind                          ***
***                                                                     ***
***************************************************************************

---------------------------------------------------------------------------

 MPI processes           :        (1 bank)                              20
 OpenMP threads          :                                               6
 Total cores             :                                             120
                                                                           
---------------------------------------------------------------------------

XCFun DFT library Copyright 2009-2020 Ulf Ekstrom and contributors.
See http://dftlibs.org/xcfun/ for more information.

This is free software; see the source code for copying conditions.
There is ABSOLUTELY NO WARRANTY; not even for MERCHANTABILITY or
FITNESS FOR A PARTICULAR PURPOSE. For details see the documentation.
Scientific users of this library should cite
U. Ekstrom, L. Visscher, R. Bast, A. J. Thorvaldsen and K. Ruud;
J.Chem.Theor.Comp. 2010, DOI: 10.1021/ct100117s

---------------------------------------------------------------------------

 MRCPP version         : 1.3.6
 Git branch            : HEAD
 Git commit hash       : 9309e3e1e52e5319b766-dirty
 Git commit author     : Stig Rune Jensen
 Git commit date       : Fri Dec 4 16:08:55 2020 +0100

 Linear algebra        : EIGEN v3.3.7
 Parallelization       : MPI/OpenMP (6 threads)

---------------------------------------------------------------------------


                                                                           
===========================================================================
                         MultiResolution Analysis
---------------------------------------------------------------------------
 polynomial order      : 9
 polynomial type       : Interpolating
---------------------------------------------------------------------------
 total boxes           : 8
 boxes                 : [          2           2           2 ]
 unit lengths          : [   16.00000    16.00000    16.00000 ]
 scaling factor        : [    1.00000     1.00000     1.00000 ]
 lower bounds          : [  -16.00000   -16.00000   -16.00000 ]
 upper bounds          : [   16.00000    16.00000    16.00000 ]
 total length          : [   32.00000    32.00000    32.00000 ]
===========================================================================


                                                                           
***************************************************************************
***                                                                     ***
***                        Initializing Molecule                        ***
***                                                                     ***
***************************************************************************
                                                                           
                                                                           
===========================================================================
                                 Molecule
---------------------------------------------------------------------------
 Charge                  :                                               0
 Multiplicity            :                                               2
---------------------------------------------------------------------------
    N    Atom            :               x               y               z
---------------------------------------------------------------------------
    0       F            :        0.000000        2.042794       -0.428309
    1       F            :        0.000000       -2.042794       -0.428309
    2       N            :        0.000000        0.000000        1.161896
---------------------------------------------------------------------------
 Center of mass          :        0.000000        0.000000        0.000000
===========================================================================


                                                                           
***************************************************************************
***                                                                     ***
***                 Computing Ground State Wavefunction                 ***
***                                                                     ***
***************************************************************************
                                                                           
                                                                           
~~~~~~~~~~~~~~~~~~~~~~~~~~~~~~~~~~~~~~~~~~~~~~~~~~~~~~~~~~~~~~~~~~~~~~~~~~~
 Calculation             : Compute initial orbitals
 Method                  : Project MW molecular orbitals
 Precision               : 1.00000e-04
 Restricted              : False
 MO alpha file           : initial_guess/phi_a_scf
 MO beta file            : initial_guess/phi_b_scf
~~~~~~~~~~~~~~~~~~~~~~~~~~~~~~~~~~~~~~~~~~~~~~~~~~~~~~~~~~~~~~~~~~~~~~~~~~~


===========================================================================
                            Molecular Orbitals
---------------------------------------------------------------------------
 Alpha electrons         :                                              13
 Beta electrons          :                                              12
 Total electrons         :                                              25
---------------------------------------------------------------------------
    n  Occ Spin          :                                            Norm
---------------------------------------------------------------------------
    0    1    a          :                              9.999999798152e-01
    1    1    a          :                              9.999999876086e-01
    2    1    a          :                              1.000000012172e+00
    3    1    a          :                              9.999999940967e-01
    4    1    a          :                              9.999999930215e-01
    5    1    a          :                              9.999999941284e-01
    6    1    a          :                              9.999999943047e-01
    7    1    a          :                              1.000000002468e+00
    8    1    a          :                              9.999999933891e-01
    9    1    a          :                              1.000000001313e+00
   10    1    a          :                              9.999999944496e-01
   11    1    a          :                              1.000000002541e+00
   12    1    a          :                              1.000000001320e+00
   13    1    b          :                              1.000000003209e+00
   14    1    b          :                              1.000000003123e+00
   15    1    b          :                              1.000000002101e+00
   16    1    b          :                              1.000000003249e+00
   17    1    b          :                              9.999999943962e-01
   18    1    b          :                              9.999999952213e-01
   19    1    b          :                              9.999999945745e-01
   20    1    b          :                              1.000000002807e+00
   21    1    b          :                              9.999999945117e-01
   22    1    b          :                              1.000000004691e+00
   23    1    b          :                              9.999999947800e-01
   24    1    b          :                              9.999999943734e-01
===========================================================================


~~~~~~~~~~~~~~~~~~~~~~~~~~~~~~~~~~~~~~~~~~~~~~~~~~~~~~~~~~~~~~~~~~~~~~~~~~~
 Calculation             : Compute initial energy
 Method                  : DFT (PBE0)
 Precision               : 1.00000e-04
 Localization            : On
~~~~~~~~~~~~~~~~~~~~~~~~~~~~~~~~~~~~~~~~~~~~~~~~~~~~~~~~~~~~~~~~~~~~~~~~~~~


===========================================================================
                        Molecular Energy (initial)
---------------------------------------------------------------------------
 Kinetic energy          :            (au)                253.299881864807
 E-N energy              :            (au)               -741.593845593917
 Coulomb energy          :            (au)                193.041730406813
 Exchange energy         :            (au)                 -6.623285793966
 X-C energy              :            (au)                -20.772001310802
 Ext. field (el)         :            (au)                  0.000000000000
---------------------------------------------------------------------------
 N-N energy              :            (au)                 68.497456553900
 Ext. field (nuc)        :            (au)                  0.000000000000
---------------------------------------------------------------------------
 Electronic energy       :            (au)               -322.647520427066
 Nuclear energy          :            (au)                 68.497456553900
---------------------------------------------------------------------------
 Total energy            :            (au)             -2.541500638732e+02
                         :      (kcal/mol)             -1.594815716274e+05
                         :        (kJ/mol)             -6.672708961220e+05
                         :            (eV)             -6.915775248535e+03
===========================================================================


===========================================================================
                        Orbital Energies (initial)
---------------------------------------------------------------------------
    n  Occ Spin          :                                         Epsilon
---------------------------------------------------------------------------
    0    1    a          :            (au)                -24.851513579437
    1    1    a          :            (au)                -24.850884560815
    2    1    a          :            (au)                -14.615360387904
    3    1    a          :            (au)                 -1.369997128096
    4    1    a          :            (au)                 -1.283184840795
    5    1    a          :            (au)                 -0.852374876287
    6    1    a          :            (au)                 -0.632229199703
    7    1    a          :            (au)                 -0.594807185792
    8    1    a          :            (au)                 -0.577648112929
    9    1    a          :            (au)                 -0.504149312173
   10    1    a          :            (au)                 -0.470023576240
   11    1    a          :            (au)                 -0.433894648660
   12    1    a          :            (au)                 -0.335126946695
   13    1    b          :            (au)                -24.848227590821
   14    1    b          :            (au)                -24.846617053037
   15    1    b          :            (au)                -14.593385698573
   16    1    b          :            (au)                 -1.355232567824
   17    1    b          :            (au)                 -1.274679657934
   18    1    b          :            (au)                 -0.811645378916
   19    1    b          :            (au)                 -0.624837803503
   20    1    b          :            (au)                 -0.568686320508
   21    1    b          :            (au)                 -0.541083690519
   22    1    b          :            (au)                 -0.475014078205
   23    1    b          :            (au)                 -0.467518886464
   24    1    b          :            (au)                 -0.415495128762
---------------------------------------------------------------------------
 Sum occupied            :            (au)               -142.193618210592
===========================================================================


~~~~~~~~~~~~~~~~~~~~~~~~~~~~~~~~~~~~~~~~~~~~~~~~~~~~~~~~~~~~~~~~~~~~~~~~~~~
 Calculation             : Optimize ground state orbitals
 Method                  : DFT (PBE0)
 Checkpointing           : Off
 Max iterations          : 200
 KAIN solver             : 10
 Localization            : First two iterations
 Diagonalization         : Off
 Start precision         : 1.00000e-06
 Final precision         : 1.00000e-06
 Helmholtz precision     : Dynamic
 Energy threshold        : 1.00000e-06
 Orbital threshold       : 1.00000e-05
~~~~~~~~~~~~~~~~~~~~~~~~~~~~~~~~~~~~~~~~~~~~~~~~~~~~~~~~~~~~~~~~~~~~~~~~~~~


===========================================================================
 Iter           MO residual             Total energy                Update
---------------------------------------------------------------------------
    0          5.000000e+00        -254.150063873166         -2.541501e+02
    1          1.319089e-03        -254.151779266673         -1.715394e-03
    2          1.067911e-03        -254.151812405340         -3.313867e-05
    3          1.096866e-03        -254.151814679193         -2.273853e-06
    4          6.619465e-04        -254.151816190229         -1.511036e-06
    5          1.280153e-03        -254.151819868093         -3.677864e-06
    6          1.860625e-03        -254.151821976903         -2.108810e-06
    7          2.673802e-04        -254.151822220565         -2.436627e-07
    8          6.307649e-04        -254.151822630448         -4.098830e-07
    9          2.705398e-04        -254.151822753741         -1.232922e-07
   10          4.608776e-04        -254.151822909538         -1.557970e-07
   11          1.697063e-04        -254.151822954044         -4.450646e-08
   12          1.283011e-04        -254.151822973105         -1.906108e-08
   13          5.233493e-05        -254.151822979638         -6.532900e-09
   14          4.577018e-05        -254.151822988043         -8.404868e-09
   15          1.038451e-04        -254.151822992827         -4.784340e-09
   16          5.514685e-05        -254.151822997739         -4.911783e-09
   17          3.892734e-05        -254.151822997344          3.948344e-10
   18          1.708376e-05        -254.151822999624         -2.280103e-09
---------------------------------------------------------------------------
                      SCF converged in 18 iterations!
===========================================================================


                                                                           
***************************************************************************
***                                                                     ***
***                    Printing Molecular Properties                    ***
***                                                                     ***
***************************************************************************
                                                                           
                                                                           
===========================================================================
                                 Molecule
---------------------------------------------------------------------------
 Charge                  :                                               0
 Multiplicity            :                                               2
---------------------------------------------------------------------------
    N    Atom            :               x               y               z
---------------------------------------------------------------------------
    0       F            :        0.000000        2.042794       -0.428309
    1       F            :        0.000000       -2.042794       -0.428309
    2       N            :        0.000000        0.000000        1.161896
---------------------------------------------------------------------------
 Center of mass          :        0.000000        0.000000        0.000000
===========================================================================


===========================================================================
                         Molecular Energy (final)
---------------------------------------------------------------------------
 Kinetic energy          :            (au)                253.296824052733
 E-N energy              :            (au)               -741.592200841985
 Coulomb energy          :            (au)                193.042945753606
 Exchange energy         :            (au)                 -6.624602065549
 X-C energy              :            (au)                -20.772246452330
 Ext. field (el)         :            (au)                  0.000000000000
---------------------------------------------------------------------------
 N-N energy              :            (au)                 68.497456553900
 Ext. field (nuc)        :            (au)                  0.000000000000
---------------------------------------------------------------------------
 Electronic energy       :            (au)               -322.649279553524
 Nuclear energy          :            (au)                 68.497456553900
---------------------------------------------------------------------------
 Total energy            :            (au)             -2.541518229996e+02
                         :      (kcal/mol)             -1.594826754959e+05
                         :        (kJ/mol)             -6.672755147078e+05
                         :            (eV)             -6.915823116802e+03
===========================================================================


===========================================================================
                         Orbital Energies (final)
---------------------------------------------------------------------------
    n  Occ Spin          :                                         Epsilon
---------------------------------------------------------------------------
    0    1    a          :            (au)                -24.851668412537
    1    1    a          :            (au)                -24.851662899509
    2    1    a          :            (au)                -14.614917359581
    3    1    a          :            (au)                 -1.370097180275
    4    1    a          :            (au)                 -1.283340752760
    5    1    a          :            (au)                 -0.852340668375
    6    1    a          :            (au)                 -0.632265648121
    7    1    a          :            (au)                 -0.594819781146
    8    1    a          :            (au)                 -0.577683568064
    9    1    a          :            (au)                 -0.504162414224
   10    1    a          :            (au)                 -0.470161443697
   11    1    a          :            (au)                 -0.433818022550
   12    1    a          :            (au)                 -0.335030704365
   13    1    b          :            (au)                -24.847788620116
   14    1    b          :            (au)                -24.847780832909
   15    1    b          :            (au)                -14.592828929543
   16    1    b          :            (au)                 -1.355406630265
   17    1    b          :            (au)                 -1.274982288939
   18    1    b          :            (au)                 -0.811511170454
   19    1    b          :            (au)                 -0.624953841240
   20    1    b          :            (au)                 -0.568725506577
   21    1    b          :            (au)                 -0.541207068399
   22    1    b          :            (au)                 -0.475360874856
   23    1    b          :            (au)                 -0.467769673745
   24    1    b          :            (au)                 -0.415326508682
---------------------------------------------------------------------------
 Sum occupied            :            (au)               -142.195610800931
===========================================================================


===========================================================================
                           Dipole Moment (dip-1)
---------------------------------------------------------------------------
 r_O                     :        0.000000        0.000000        0.000000
---------------------------------------------------------------------------
 Electronic vector       :        0.000009        0.000006       -0.356464
 Magnitude               :            (au)                        0.356464
                         :         (Debye)                        0.906041
---------------------------------------------------------------------------
 Nuclear vector          :        0.000000        0.000000        0.423709
 Magnitude               :            (au)                        0.423709
                         :         (Debye)                        1.076962
---------------------------------------------------------------------------
 Total vector            :        0.000009        0.000006        0.067245
 Magnitude               :            (au)                        0.067245
                         :         (Debye)                        0.170921
===========================================================================


                                                                           
                                                                           
***************************************************************************
***                                                                     ***
***                            Exiting MRChem                           ***
***                                                                     ***
***                       Wall time :  1h 13m 31s                       ***
***                                                                     ***
***************************************************************************
                                                                           
                                                                           
