Starting job 3125906 on c10-[32-33,35-36,38-39] at Thu Jul 8 00:28:07 CEST 2021

Copying 1_pbe0_.out to /cluster/home/ambr/projects/psp/calcs
Copying 1_pbe0_.json to /cluster/home/ambr/projects/psp/calcs

Task and CPU usage stats:
       JobID    JobName  AllocCPUS   NTasks     MinCPU MinCPUTask     AveCPU    Elapsed ExitCode 
------------ ---------- ---------- -------- ---------- ---------- ---------- ---------- -------- 
3125906         1_pbe0_        200                                             00:01:36      1:0 
3125906.bat+      batch         40        1   00:00:00          0   00:00:00   00:01:36      1:0 
3125906.ext+     extern        200        6   00:00:00          0   00:00:00   00:01:36      0:0 
3125906.0      mrchem.x        200       20   00:01:21         19   00:04:04   00:01:22      0:0 

Memory usage stats:
       JobID     MaxRSS MaxRSSTask     AveRSS MaxPages   MaxPagesTask   AvePages 
------------ ---------- ---------- ---------- -------- -------------- ---------- 
3125906                                                                          
3125906.bat+     14676K          0     14676K        0              0          0 
3125906.ext+          0          0          0        0              0          0 
3125906.0      1370156K          0 1020127641        0             13          0 

Disk usage stats:
       JobID  MaxDiskRead MaxDiskReadTask    AveDiskRead MaxDiskWrite MaxDiskWriteTask   AveDiskWrite 
------------ ------------ --------------- -------------- ------------ ---------------- -------------- 
3125906                                                                                               
3125906.bat+        5.51M               0          5.51M        0.05M                0          0.05M 
3125906.ext+        0.00M               0          0.00M            0                0              0 
3125906.0           2.67M               5          2.66M       35.42M                0          3.74M 

Job 3125906 completed at Thu Jul 8 00:29:42 CEST 2021
