                                                                           
                                                                           
***************************************************************************
***                                                                     ***
***                                                                     ***
***          __  __ ____   ____ _                                       ***
***         |  \/  |  _ \ / ___| |__   ___ _ __ ___                     ***
***         | |\/| | |_) | |   | '_ \ / _ \ '_ ` _ \                    ***
***         | |  | |  _ <| |___| | | |  __/ | | | | |                   ***
***         |_|  |_|_| \_\\____|_| |_|\___|_| |_| |_|                   ***
***                                                                     ***
***         VERSION            1.0.1                                    ***
***                                                                     ***
***         Git branch         HEAD                                     ***
***         Git commit hash    9309e3e1e52e5319b766-dirty               ***
***         Git commit author  Stig Rune Jensen                         ***
***         Git commit date    Fri Dec 4 16:08:55 2020 +0100            ***
***                                                                     ***
***         Contact: luca.frediani@uit.no                               ***
***                                                                     ***
***         Radovan Bast            Magnar Bjorgve                      ***
***         Roberto Di Remigio      Antoine Durdek                      ***
***         Luca Frediani           Gabriel Gerez                       ***
***         Stig Rune Jensen        Jonas Juselius                      ***
***         Rune Monstad            Peter Wind                          ***
***                                                                     ***
***************************************************************************

---------------------------------------------------------------------------

 MPI processes           :        (1 bank)                              20
 OpenMP threads          :                                              10
 Total cores             :                                             200
                                                                           
---------------------------------------------------------------------------

XCFun DFT library Copyright 2009-2020 Ulf Ekstrom and contributors.
See http://dftlibs.org/xcfun/ for more information.

This is free software; see the source code for copying conditions.
There is ABSOLUTELY NO WARRANTY; not even for MERCHANTABILITY or
FITNESS FOR A PARTICULAR PURPOSE. For details see the documentation.
Scientific users of this library should cite
U. Ekstrom, L. Visscher, R. Bast, A. J. Thorvaldsen and K. Ruud;
J.Chem.Theor.Comp. 2010, DOI: 10.1021/ct100117s

---------------------------------------------------------------------------

 MRCPP version         : 1.3.6
 Git branch            : HEAD
 Git commit hash       : 9309e3e1e52e5319b766-dirty
 Git commit author     : Stig Rune Jensen
 Git commit date       : Fri Dec 4 16:08:55 2020 +0100

 Linear algebra        : EIGEN v3.3.7
 Parallelization       : MPI/OpenMP (10 threads)

---------------------------------------------------------------------------


                                                                           
===========================================================================
                         MultiResolution Analysis
---------------------------------------------------------------------------
 polynomial order      : 9
 polynomial type       : Interpolating
---------------------------------------------------------------------------
 total boxes           : 8
 boxes                 : [          2           2           2 ]
 unit lengths          : [   16.00000    16.00000    16.00000 ]
 scaling factor        : [    1.00000     1.00000     1.00000 ]
 lower bounds          : [  -16.00000   -16.00000   -16.00000 ]
 upper bounds          : [   16.00000    16.00000    16.00000 ]
 total length          : [   32.00000    32.00000    32.00000 ]
===========================================================================


                                                                           
***************************************************************************
***                                                                     ***
***                        Initializing Molecule                        ***
***                                                                     ***
***************************************************************************
                                                                           
                                                                           
===========================================================================
                                 Molecule
---------------------------------------------------------------------------
 Charge                  :                                               0
 Multiplicity            :                                               1
---------------------------------------------------------------------------
    N    Atom            :               x               y               z
---------------------------------------------------------------------------
    0       N            :        0.903638        0.000051        0.000000
    1       F            :       -0.222072        2.320445        0.000000
    2       F            :       -0.222072       -1.160241        2.009535
    3       F            :       -0.222072       -1.160241       -2.009535
---------------------------------------------------------------------------
 Center of mass          :       -0.000000        0.000000        0.000000
===========================================================================


                                                                           
***************************************************************************
***                                                                     ***
***                 Computing Ground State Wavefunction                 ***
***                                                                     ***
***************************************************************************
                                                                           
                                                                           
~~~~~~~~~~~~~~~~~~~~~~~~~~~~~~~~~~~~~~~~~~~~~~~~~~~~~~~~~~~~~~~~~~~~~~~~~~~
 Calculation             : Compute initial orbitals
 Method                  : Diagonalize SAD Hamiltonian
 Precision               : 1.00000e-03
 Restricted              : True
 Functional              : LDA (SVWN5)
 AO basis                : Hydrogenic orbitals
 Zeta quality            : 2
~~~~~~~~~~~~~~~~~~~~~~~~~~~~~~~~~~~~~~~~~~~~~~~~~~~~~~~~~~~~~~~~~~~~~~~~~~~


===========================================================================
                            Molecular Orbitals
---------------------------------------------------------------------------
 Alpha electrons         :                                              17
 Beta electrons          :                                              17
 Total electrons         :                                              34
---------------------------------------------------------------------------
    n  Occ Spin          :                                            Norm
---------------------------------------------------------------------------
    0    2    p          :                              9.999907073818e-01
    1    2    p          :                              9.999979616039e-01
    2    2    p          :                              1.000031844971e+00
    3    2    p          :                              9.999992739756e-01
    4    2    p          :                              9.999999459539e-01
    5    2    p          :                              9.999992231262e-01
    6    2    p          :                              9.999967793117e-01
    7    2    p          :                              1.000021212970e+00
    8    2    p          :                              1.000013136743e+00
    9    2    p          :                              1.000018959415e+00
   10    2    p          :                              1.000001845236e+00
   11    2    p          :                              1.000048521220e+00
   12    2    p          :                              1.000001044689e+00
   13    2    p          :                              9.999979135401e-01
   14    2    p          :                              1.000007732177e+00
   15    2    p          :                              1.000001960649e+00
   16    2    p          :                              9.999964978228e-01
===========================================================================


~~~~~~~~~~~~~~~~~~~~~~~~~~~~~~~~~~~~~~~~~~~~~~~~~~~~~~~~~~~~~~~~~~~~~~~~~~~
 Calculation             : Compute initial energy
 Method                  : DFT (B3LYP-G)
 Precision               : 1.00000e-03
 Localization            : Off
~~~~~~~~~~~~~~~~~~~~~~~~~~~~~~~~~~~~~~~~~~~~~~~~~~~~~~~~~~~~~~~~~~~~~~~~~~~


===========================================================================
                        Molecular Energy (initial)
---------------------------------------------------------------------------
 Kinetic energy          :            (au)                370.744430886427
 E-N energy              :            (au)              -1129.434547577177
 Coulomb energy          :            (au)                310.927821133323
 Exchange energy         :            (au)                 -7.440917680272
 X-C energy              :            (au)                -31.571548629479
 Ext. field (el)         :            (au)                  0.000000000000
---------------------------------------------------------------------------
 N-N energy              :            (au)                133.743187215232
 Ext. field (nuc)        :            (au)                  0.000000000000
---------------------------------------------------------------------------
 Electronic energy       :            (au)               -486.774761867178
 Nuclear energy          :            (au)                133.743187215232
---------------------------------------------------------------------------
 Total energy            :            (au)             -3.530315746519e+02
                         :      (kcal/mol)             -2.215306559501e+05
                         :        (kJ/mol)             -9.268842650967e+05
                         :            (eV)             -9.606478112662e+03
===========================================================================


===========================================================================
                        Orbital Energies (initial)
---------------------------------------------------------------------------
    n  Occ Spin          :                                         Epsilon
---------------------------------------------------------------------------
    0    2    p          :            (au)                -24.353882515922
    1    2    p          :            (au)                -24.342649068045
    2    2    p          :            (au)                -24.298750685477
    3    2    p          :            (au)                -14.842789857605
    4    2    p          :            (au)                 -1.372504748763
    5    2    p          :            (au)                 -1.178548409715
    6    2    p          :            (au)                 -1.166372965970
    7    2    p          :            (au)                 -0.770183476980
    8    2    p          :            (au)                 -0.588656374619
    9    2    p          :            (au)                 -0.580015878055
   10    2    p          :            (au)                 -0.566511148327
   11    2    p          :            (au)                 -0.378822249175
   12    2    p          :            (au)                 -0.375090200578
   13    2    p          :            (au)                 -0.340422766426
   14    2    p          :            (au)                 -0.331524462413
   15    2    p          :            (au)                 -0.320601506516
   16    2    p          :            (au)                 -0.301999578428
---------------------------------------------------------------------------
 Sum occupied            :            (au)               -192.218651786030
===========================================================================


~~~~~~~~~~~~~~~~~~~~~~~~~~~~~~~~~~~~~~~~~~~~~~~~~~~~~~~~~~~~~~~~~~~~~~~~~~~
 Calculation             : Optimize ground state orbitals
 Method                  : DFT (B3LYP-G)
 Checkpointing           : Off
 Max iterations          : 200
 KAIN solver             : 10
 Localization            : Off
 Diagonalization         : First two iterations
 Start precision         : 1.00000e-06
 Final precision         : 1.00000e-06
 Helmholtz precision     : Dynamic
 Energy threshold        : 1.00000e-06
 Orbital threshold       : 1.00000e-05
~~~~~~~~~~~~~~~~~~~~~~~~~~~~~~~~~~~~~~~~~~~~~~~~~~~~~~~~~~~~~~~~~~~~~~~~~~~


===========================================================================
 Iter           MO residual             Total energy                Update
---------------------------------------------------------------------------
    0          4.123106e+00        -353.031574651945         -3.530316e+02
    1          4.099293e-01        -354.179121523984         -1.147547e+00
    2          9.573415e-02        -354.249683569246         -7.056205e-02
    3          5.328151e-02        -354.246511144636          3.172425e-03
    4          2.657487e-02        -354.260997464776         -1.448632e-02
    5          1.813578e-02        -354.265598792109         -4.601327e-03
    6          1.164756e-02        -354.266751408136         -1.152616e-03
    7          1.572730e-02        -354.267512879255         -7.614711e-04
    8          6.445944e-03        -354.267692763022         -1.798838e-04
    9          4.861409e-03        -354.267769377766         -7.661474e-05
   10          3.884836e-03        -354.267805863927         -3.648616e-05
   11          2.547308e-03        -354.267819678043         -1.381412e-05
   12          8.252569e-04        -354.267825781672         -6.103628e-06
   13          6.123746e-04        -354.267826805007         -1.023335e-06
   14          3.193023e-04        -354.267827341822         -5.368149e-07
   15          1.153079e-04        -354.267827410687         -6.886484e-08
   16          7.039795e-05        -354.267827443416         -3.272919e-08
   17          7.405421e-05        -354.267827459475         -1.605940e-08
   18          4.551032e-05        -354.267827465544         -6.068888e-09
   19          1.789875e-05        -354.267827467547         -2.002309e-09
   20          1.727677e-05        -354.267827468438         -8.919301e-10
   21          1.538804e-05        -354.267827469153         -7.146923e-10
---------------------------------------------------------------------------
                      SCF converged in 21 iterations!
===========================================================================


                                                                           
***************************************************************************
***                                                                     ***
***                    Printing Molecular Properties                    ***
***                                                                     ***
***************************************************************************
                                                                           
                                                                           
===========================================================================
                                 Molecule
---------------------------------------------------------------------------
 Charge                  :                                               0
 Multiplicity            :                                               1
---------------------------------------------------------------------------
    N    Atom            :               x               y               z
---------------------------------------------------------------------------
    0       N            :        0.903638        0.000051        0.000000
    1       F            :       -0.222072        2.320445        0.000000
    2       F            :       -0.222072       -1.160241        2.009535
    3       F            :       -0.222072       -1.160241       -2.009535
---------------------------------------------------------------------------
 Center of mass          :       -0.000000        0.000000        0.000000
===========================================================================


===========================================================================
                         Molecular Energy (final)
---------------------------------------------------------------------------
 Kinetic energy          :            (au)                353.192740866898
 E-N energy              :            (au)              -1110.386006068784
 Coulomb energy          :            (au)                307.313129856428
 Exchange energy         :            (au)                 -7.305908108962
 X-C energy              :            (au)                -30.824971229964
 Ext. field (el)         :            (au)                  0.000000000000
---------------------------------------------------------------------------
 N-N energy              :            (au)                133.743187215232
 Ext. field (nuc)        :            (au)                  0.000000000000
---------------------------------------------------------------------------
 Electronic energy       :            (au)               -488.011014684385
 Nuclear energy          :            (au)                133.743187215232
---------------------------------------------------------------------------
 Total energy            :            (au)             -3.542678274692e+02
                         :      (kcal/mol)             -2.223064162990e+05
                         :        (kJ/mol)             -9.301300463985e+05
                         :            (eV)             -9.640118264090e+03
===========================================================================


===========================================================================
                         Orbital Energies (final)
---------------------------------------------------------------------------
    n  Occ Spin          :                                         Epsilon
---------------------------------------------------------------------------
    0    2    p          :            (au)                -24.765602648499
    1    2    p          :            (au)                -24.765589392488
    2    2    p          :            (au)                -24.765582358543
    3    2    p          :            (au)                -14.623171022084
    4    2    p          :            (au)                 -1.393421659239
    5    2    p          :            (au)                 -1.262787468378
    6    2    p          :            (au)                 -1.262770157189
    7    2    p          :            (au)                 -0.840602507477
    8    2    p          :            (au)                 -0.650815228406
    9    2    p          :            (au)                 -0.650807150241
   10    2    p          :            (au)                 -0.601836404898
   11    2    p          :            (au)                 -0.510898893025
   12    2    p          :            (au)                 -0.510896260257
   13    2    p          :            (au)                 -0.466381664733
   14    2    p          :            (au)                 -0.466372698688
   15    2    p          :            (au)                 -0.450847107568
   16    2    p          :            (au)                 -0.370315802750
---------------------------------------------------------------------------
 Sum occupied            :            (au)               -196.717396848926
===========================================================================


===========================================================================
                           Dipole Moment (dip-1)
---------------------------------------------------------------------------
 r_O                     :        0.000000        0.000000        0.000000
---------------------------------------------------------------------------
 Electronic vector       :       -0.257190        0.000063       -0.000010
 Magnitude               :            (au)                        0.257190
                         :         (Debye)                        0.653713
---------------------------------------------------------------------------
 Nuclear vector          :        0.329530        0.000018        0.000000
 Magnitude               :            (au)                        0.329530
                         :         (Debye)                        0.837583
---------------------------------------------------------------------------
 Total vector            :        0.072340        0.000081       -0.000010
 Magnitude               :            (au)                        0.072340
                         :         (Debye)                        0.183870
===========================================================================


                                                                           
                                                                           
***************************************************************************
***                                                                     ***
***                            Exiting MRChem                           ***
***                                                                     ***
***                       Wall time :  0h 47m 38s                       ***
***                                                                     ***
***************************************************************************
                                                                           
                                                                           
