Starting job 3213295 on c11-[35,47-48] at Tue Aug 3 12:14:55 CEST 2021

Copying 22_pbe0_.out to /cluster/home/ambr/projects/psp/calcs/doublets
Copying 22_pbe0_.json to /cluster/home/ambr/projects/psp/calcs/doublets

Task and CPU usage stats:
       JobID    JobName  AllocCPUS   NTasks     MinCPU MinCPUTask     AveCPU    Elapsed ExitCode 
------------ ---------- ---------- -------- ---------- ---------- ---------- ---------- -------- 
3213295        22_pbe0_        120                                             00:47:00      1:0 
3213295.bat+      batch         42        1   00:00:01          0   00:00:01   00:47:00      1:0 
3213295.ext+     extern        120        3   00:00:00          1   00:00:00   00:47:00      0:0 
3213295.0      mrchem.x        120       20   00:46:46         19   02:39:29   00:46:47      0:0 

Memory usage stats:
       JobID     MaxRSS MaxRSSTask     AveRSS MaxPages   MaxPagesTask   AvePages 
------------ ---------- ---------- ---------- -------- -------------- ---------- 
3213295                                                                          
3213295.bat+     14236K          0     14236K        0              0          0 
3213295.ext+          0          1          0        0              1          0 
3213295.0      4962308K          3 3921451212        0             19          0 

Disk usage stats:
       JobID  MaxDiskRead MaxDiskReadTask    AveDiskRead MaxDiskWrite MaxDiskWriteTask   AveDiskWrite 
------------ ------------ --------------- -------------- ------------ ---------------- -------------- 
3213295                                                                                               
3213295.bat+      297.79M               0        297.79M      294.07M                0        294.07M 
3213295.ext+        0.00M               1          0.00M            0                1              0 
3213295.0          28.72M               3         17.37M      109.87M                3         57.73M 

Job 3213295 completed at Tue Aug 3 13:01:55 CEST 2021
