                                                                           
                                                                           
***************************************************************************
***                                                                     ***
***                                                                     ***
***          __  __ ____   ____ _                                       ***
***         |  \/  |  _ \ / ___| |__   ___ _ __ ___                     ***
***         | |\/| | |_) | |   | '_ \ / _ \ '_ ` _ \                    ***
***         | |  | |  _ <| |___| | | |  __/ | | | | |                   ***
***         |_|  |_|_| \_\\____|_| |_|\___|_| |_| |_|                   ***
***                                                                     ***
***         VERSION            1.0.1                                    ***
***                                                                     ***
***         Git branch         HEAD                                     ***
***         Git commit hash    9309e3e1e52e5319b766-dirty               ***
***         Git commit author  Stig Rune Jensen                         ***
***         Git commit date    Fri Dec 4 16:08:55 2020 +0100            ***
***                                                                     ***
***         Contact: luca.frediani@uit.no                               ***
***                                                                     ***
***         Radovan Bast            Magnar Bjorgve                      ***
***         Roberto Di Remigio      Antoine Durdek                      ***
***         Luca Frediani           Gabriel Gerez                       ***
***         Stig Rune Jensen        Jonas Juselius                      ***
***         Rune Monstad            Peter Wind                          ***
***                                                                     ***
***************************************************************************

---------------------------------------------------------------------------

 MPI processes           :        (1 bank)                              20
 OpenMP threads          :                                               6
 Total cores             :                                             120
                                                                           
---------------------------------------------------------------------------

XCFun DFT library Copyright 2009-2020 Ulf Ekstrom and contributors.
See http://dftlibs.org/xcfun/ for more information.

This is free software; see the source code for copying conditions.
There is ABSOLUTELY NO WARRANTY; not even for MERCHANTABILITY or
FITNESS FOR A PARTICULAR PURPOSE. For details see the documentation.
Scientific users of this library should cite
U. Ekstrom, L. Visscher, R. Bast, A. J. Thorvaldsen and K. Ruud;
J.Chem.Theor.Comp. 2010, DOI: 10.1021/ct100117s

---------------------------------------------------------------------------

 MRCPP version         : 1.3.6
 Git branch            : HEAD
 Git commit hash       : 9309e3e1e52e5319b766-dirty
 Git commit author     : Stig Rune Jensen
 Git commit date       : Fri Dec 4 16:08:55 2020 +0100

 Linear algebra        : EIGEN v3.3.7
 Parallelization       : MPI/OpenMP (6 threads)

---------------------------------------------------------------------------


                                                                           
===========================================================================
                         MultiResolution Analysis
---------------------------------------------------------------------------
 polynomial order      : 9
 polynomial type       : Interpolating
---------------------------------------------------------------------------
 total boxes           : 8
 boxes                 : [          2           2           2 ]
 unit lengths          : [   16.00000    16.00000    16.00000 ]
 scaling factor        : [    1.00000     1.00000     1.00000 ]
 lower bounds          : [  -16.00000   -16.00000   -16.00000 ]
 upper bounds          : [   16.00000    16.00000    16.00000 ]
 total length          : [   32.00000    32.00000    32.00000 ]
===========================================================================


                                                                           
***************************************************************************
***                                                                     ***
***                        Initializing Molecule                        ***
***                                                                     ***
***************************************************************************
                                                                           
                                                                           
===========================================================================
                                 Molecule
---------------------------------------------------------------------------
 Charge                  :                                               0
 Multiplicity            :                                               2
---------------------------------------------------------------------------
    N    Atom            :               x               y               z
---------------------------------------------------------------------------
    0       N            :        0.000000        0.000000       -0.611583
    1       O            :        0.000000        2.076620        0.267706
    2       O            :        0.000000       -2.076620        0.267706
---------------------------------------------------------------------------
 Center of mass          :        0.000000       -0.000000        0.000000
===========================================================================


                                                                           
***************************************************************************
***                                                                     ***
***                 Computing Ground State Wavefunction                 ***
***                                                                     ***
***************************************************************************
                                                                           
                                                                           
~~~~~~~~~~~~~~~~~~~~~~~~~~~~~~~~~~~~~~~~~~~~~~~~~~~~~~~~~~~~~~~~~~~~~~~~~~~
 Calculation             : Compute initial orbitals
 Method                  : Project MW molecular orbitals
 Precision               : 1.00000e-04
 Restricted              : False
 MO alpha file           : initial_guess/phi_a_scf
 MO beta file            : initial_guess/phi_b_scf
~~~~~~~~~~~~~~~~~~~~~~~~~~~~~~~~~~~~~~~~~~~~~~~~~~~~~~~~~~~~~~~~~~~~~~~~~~~


===========================================================================
                            Molecular Orbitals
---------------------------------------------------------------------------
 Alpha electrons         :                                              12
 Beta electrons          :                                              11
 Total electrons         :                                              23
---------------------------------------------------------------------------
    n  Occ Spin          :                                            Norm
---------------------------------------------------------------------------
    0    1    a          :                              9.999999982073e-01
    1    1    a          :                              9.999999980096e-01
    2    1    a          :                              9.999999365382e-01
    3    1    a          :                              1.000000018426e+00
    4    1    a          :                              1.000000018420e+00
    5    1    a          :                              1.000000002631e+00
    6    1    a          :                              1.000000002631e+00
    7    1    a          :                              9.999999828981e-01
    8    1    a          :                              1.000000018425e+00
    9    1    a          :                              9.999999828728e-01
   10    1    a          :                              1.000000018420e+00
   11    1    a          :                              1.000000000024e+00
   12    1    b          :                              1.000000008771e+00
   13    1    b          :                              1.000000008770e+00
   14    1    b          :                              9.999999423610e-01
   15    1    b          :                              1.000000001080e+00
   16    1    b          :                              1.000000001346e+00
   17    1    b          :                              1.000000000866e+00
   18    1    b          :                              1.000000000862e+00
   19    1    b          :                              1.000000001357e+00
   20    1    b          :                              1.000000001081e+00
   21    1    b          :                              1.000000001077e+00
   22    1    b          :                              1.000000001078e+00
===========================================================================


~~~~~~~~~~~~~~~~~~~~~~~~~~~~~~~~~~~~~~~~~~~~~~~~~~~~~~~~~~~~~~~~~~~~~~~~~~~
 Calculation             : Compute initial energy
 Method                  : DFT (PBE0)
 Precision               : 1.00000e-04
 Localization            : On
~~~~~~~~~~~~~~~~~~~~~~~~~~~~~~~~~~~~~~~~~~~~~~~~~~~~~~~~~~~~~~~~~~~~~~~~~~~


===========================================================================
                        Molecular Energy (initial)
---------------------------------------------------------------------------
 Kinetic energy          :            (au)                204.227198470210
 E-N energy              :            (au)               -613.176643133498
 Coulomb energy          :            (au)                162.633545142622
 Exchange energy         :            (au)                 -5.714597816062
 X-C energy              :            (au)                -18.008385640366
 Ext. field (el)         :            (au)                  0.000000000000
---------------------------------------------------------------------------
 N-N energy              :            (au)                 65.074742125855
 Ext. field (nuc)        :            (au)                  0.000000000000
---------------------------------------------------------------------------
 Electronic energy       :            (au)               -270.038882977094
 Nuclear energy          :            (au)                 65.074742125855
---------------------------------------------------------------------------
 Total energy            :            (au)             -2.049641408512e+02
                         :      (kcal/mol)             -1.286169391896e+05
                         :        (kJ/mol)             -5.381332739186e+05
                         :            (eV)             -5.577358158145e+03
===========================================================================


===========================================================================
                        Orbital Energies (initial)
---------------------------------------------------------------------------
    n  Occ Spin          :                                         Epsilon
---------------------------------------------------------------------------
    0    1    a          :            (au)                -19.325868547446
    1    1    a          :            (au)                -19.321946104232
    2    1    a          :            (au)                -14.636198516361
    3    1    a          :            (au)                 -1.325549929738
    4    1    a          :            (au)                 -1.175662020344
    5    1    a          :            (au)                 -0.708806878023
    6    1    a          :            (au)                 -0.607444423035
    7    1    a          :            (au)                 -0.600706783274
    8    1    a          :            (au)                 -0.594507506115
    9    1    a          :            (au)                 -0.407163235288
   10    1    a          :            (au)                 -0.400168531500
   11    1    a          :            (au)                 -0.309856256175
   12    1    b          :            (au)                -19.314896409842
   13    1    b          :            (au)                -19.314491139023
   14    1    b          :            (au)                -14.624875667842
   15    1    b          :            (au)                 -1.305958695317
   16    1    b          :            (au)                 -1.153557790320
   17    1    b          :            (au)                 -0.673325009610
   18    1    b          :            (au)                 -0.583740583884
   19    1    b          :            (au)                 -0.576899470316
   20    1    b          :            (au)                 -0.557170703347
   21    1    b          :            (au)                 -0.393352309892
   22    1    b          :            (au)                 -0.363961099377
---------------------------------------------------------------------------
 Sum occupied            :            (au)               -118.276107610300
===========================================================================


~~~~~~~~~~~~~~~~~~~~~~~~~~~~~~~~~~~~~~~~~~~~~~~~~~~~~~~~~~~~~~~~~~~~~~~~~~~
 Calculation             : Optimize ground state orbitals
 Method                  : DFT (PBE0)
 Checkpointing           : Off
 Max iterations          : 200
 KAIN solver             : 10
 Localization            : First two iterations
 Diagonalization         : Off
 Start precision         : 1.00000e-06
 Final precision         : 1.00000e-06
 Helmholtz precision     : Dynamic
 Energy threshold        : 1.00000e-06
 Orbital threshold       : 1.00000e-05
~~~~~~~~~~~~~~~~~~~~~~~~~~~~~~~~~~~~~~~~~~~~~~~~~~~~~~~~~~~~~~~~~~~~~~~~~~~


===========================================================================
 Iter           MO residual             Total energy                Update
---------------------------------------------------------------------------
    0          4.795832e+00        -204.964140851239         -2.049641e+02
    1          1.002678e-03        -204.966066910203         -1.926059e-03
    2          7.039193e-04        -204.966082707121         -1.579692e-05
    3          6.232222e-04        -204.966083982222         -1.275101e-06
    4          4.383333e-04        -204.966084757246         -7.750246e-07
    5          2.032182e-03        -204.966087877740         -3.120493e-06
    6          4.231200e-04        -204.966088166411         -2.886716e-07
    7          5.156329e-04        -204.966088437060         -2.706489e-07
    8          2.091984e-04        -204.966088516763         -7.970283e-08
    9          1.125637e-04        -204.966088564158         -4.739496e-08
   10          1.578585e-04        -204.966088589485         -2.532698e-08
   11          6.871813e-05        -204.966088600738         -1.125323e-08
   12          8.340507e-05        -204.966088611492         -1.075415e-08
   13          3.851810e-05        -204.966088613934         -2.441595e-09
   14          3.026036e-05        -204.966088615271         -1.337128e-09
---------------------------------------------------------------------------
                      SCF converged in 14 iterations!
===========================================================================


                                                                           
***************************************************************************
***                                                                     ***
***                    Printing Molecular Properties                    ***
***                                                                     ***
***************************************************************************
                                                                           
                                                                           
===========================================================================
                                 Molecule
---------------------------------------------------------------------------
 Charge                  :                                               0
 Multiplicity            :                                               2
---------------------------------------------------------------------------
    N    Atom            :               x               y               z
---------------------------------------------------------------------------
    0       N            :        0.000000        0.000000       -0.611583
    1       O            :        0.000000        2.076620        0.267706
    2       O            :        0.000000       -2.076620        0.267706
---------------------------------------------------------------------------
 Center of mass          :        0.000000       -0.000000        0.000000
===========================================================================


===========================================================================
                         Molecular Energy (final)
---------------------------------------------------------------------------
 Kinetic energy          :            (au)                204.229870473252
 E-N energy              :            (au)               -613.180427877493
 Coulomb energy          :            (au)                162.634045966265
 Exchange energy         :            (au)                 -5.715706586526
 X-C energy              :            (au)                -18.008612716624
 Ext. field (el)         :            (au)                  0.000000000000
---------------------------------------------------------------------------
 N-N energy              :            (au)                 65.074742125855
 Ext. field (nuc)        :            (au)                  0.000000000000
---------------------------------------------------------------------------
 Electronic energy       :            (au)               -270.040830741126
 Nuclear energy          :            (au)                 65.074742125855
---------------------------------------------------------------------------
 Total energy            :            (au)             -2.049660886153e+02
                         :      (kcal/mol)             -1.286181614300e+05
                         :        (kJ/mol)             -5.381383877723e+05
                         :            (eV)             -5.577411159503e+03
===========================================================================


===========================================================================
                         Orbital Energies (final)
---------------------------------------------------------------------------
    n  Occ Spin          :                                         Epsilon
---------------------------------------------------------------------------
    0    1    a          :            (au)                -19.324112297165
    1    1    a          :            (au)                -19.324097261792
    2    1    a          :            (au)                -14.637043477962
    3    1    a          :            (au)                 -1.325789241021
    4    1    a          :            (au)                 -1.175684808672
    5    1    a          :            (au)                 -0.708835843947
    6    1    a          :            (au)                 -0.607445541465
    7    1    a          :            (au)                 -0.600757989942
    8    1    a          :            (au)                 -0.594628337405
    9    1    a          :            (au)                 -0.407165404080
   10    1    a          :            (au)                 -0.400026977415
   11    1    a          :            (au)                 -0.309923137928
   12    1    b          :            (au)                -19.314807972035
   13    1    b          :            (au)                -19.314785606341
   14    1    b          :            (au)                -14.625469102075
   15    1    b          :            (au)                 -1.306041662640
   16    1    b          :            (au)                 -1.153665809201
   17    1    b          :            (au)                 -0.673297494162
   18    1    b          :            (au)                 -0.583682669858
   19    1    b          :            (au)                 -0.576901085963
   20    1    b          :            (au)                 -0.557262172118
   21    1    b          :            (au)                 -0.393568889396
   22    1    b          :            (au)                 -0.363955695558
---------------------------------------------------------------------------
 Sum occupied            :            (au)               -118.278948478140
===========================================================================


===========================================================================
                           Dipole Moment (dip-1)
---------------------------------------------------------------------------
 r_O                     :        0.000000        0.000000        0.000000
---------------------------------------------------------------------------
 Electronic vector       :       -0.000000       -0.000012       -0.141556
 Magnitude               :            (au)                        0.141556
                         :         (Debye)                        0.359800
---------------------------------------------------------------------------
 Nuclear vector          :        0.000000        0.000000        0.002222
 Magnitude               :            (au)                        0.002222
                         :         (Debye)                        0.005647
---------------------------------------------------------------------------
 Total vector            :       -0.000000       -0.000012       -0.139335
 Magnitude               :            (au)                        0.139335
                         :         (Debye)                        0.354154
===========================================================================


                                                                           
                                                                           
***************************************************************************
***                                                                     ***
***                            Exiting MRChem                           ***
***                                                                     ***
***                       Wall time :  0h 46m 44s                       ***
***                                                                     ***
***************************************************************************
                                                                           
                                                                           
