Starting job 3125915 on c10-[1-3,6,9-10] at Thu Jul 8 00:36:07 CEST 2021

Copying 24_b3lyp-g_.out to /cluster/home/ambr/projects/psp/calcs
Copying 24_b3lyp-g_.json to /cluster/home/ambr/projects/psp/calcs

Task and CPU usage stats:
       JobID    JobName  AllocCPUS   NTasks     MinCPU MinCPUTask     AveCPU    Elapsed ExitCode 
------------ ---------- ---------- -------- ---------- ---------- ---------- ---------- -------- 
3125915      24_b3lyp-+        200                                             00:29:14      1:0 
3125915.bat+      batch         20        1   00:00:00          0   00:00:00   00:29:14      1:0 
3125915.ext+     extern        200        6   00:00:00          2   00:00:00   00:29:14      0:0 
3125915.0      mrchem.x        200       20   00:29:09         19   01:52:16   00:29:11      0:0 

Memory usage stats:
       JobID     MaxRSS MaxRSSTask     AveRSS MaxPages   MaxPagesTask   AvePages 
------------ ---------- ---------- ---------- -------- -------------- ---------- 
3125915                                                                          
3125915.bat+     14660K          0     14660K        0              0          0 
3125915.ext+          0          2          0        0              2          0 
3125915.0      3844828K          2   2738066K        0             19          0 

Disk usage stats:
       JobID  MaxDiskRead MaxDiskReadTask    AveDiskRead MaxDiskWrite MaxDiskWriteTask   AveDiskWrite 
------------ ------------ --------------- -------------- ------------ ---------------- -------------- 
3125915                                                                                               
3125915.bat+        3.58M               0          3.58M        0.02M                0          0.02M 
3125915.ext+        0.00M               2          0.00M            0                2              0 
3125915.0           2.67M              18          2.66M       76.55M                8         24.90M 

Job 3125915 completed at Thu Jul 8 01:05:21 CEST 2021
