                                                                           
                                                                           
***************************************************************************
***                                                                     ***
***                                                                     ***
***          __  __ ____   ____ _                                       ***
***         |  \/  |  _ \ / ___| |__   ___ _ __ ___                     ***
***         | |\/| | |_) | |   | '_ \ / _ \ '_ ` _ \                    ***
***         | |  | |  _ <| |___| | | |  __/ | | | | |                   ***
***         |_|  |_|_| \_\\____|_| |_|\___|_| |_| |_|                   ***
***                                                                     ***
***         VERSION            1.0.1                                    ***
***                                                                     ***
***         Git branch         HEAD                                     ***
***         Git commit hash    9309e3e1e52e5319b766-dirty               ***
***         Git commit author  Stig Rune Jensen                         ***
***         Git commit date    Fri Dec 4 16:08:55 2020 +0100            ***
***                                                                     ***
***         Contact: luca.frediani@uit.no                               ***
***                                                                     ***
***         Radovan Bast            Magnar Bjorgve                      ***
***         Roberto Di Remigio      Antoine Durdek                      ***
***         Luca Frediani           Gabriel Gerez                       ***
***         Stig Rune Jensen        Jonas Juselius                      ***
***         Rune Monstad            Peter Wind                          ***
***                                                                     ***
***************************************************************************

---------------------------------------------------------------------------

 MPI processes           :        (1 bank)                              20
 OpenMP threads          :                                              10
 Total cores             :                                             200
                                                                           
---------------------------------------------------------------------------

XCFun DFT library Copyright 2009-2020 Ulf Ekstrom and contributors.
See http://dftlibs.org/xcfun/ for more information.

This is free software; see the source code for copying conditions.
There is ABSOLUTELY NO WARRANTY; not even for MERCHANTABILITY or
FITNESS FOR A PARTICULAR PURPOSE. For details see the documentation.
Scientific users of this library should cite
U. Ekstrom, L. Visscher, R. Bast, A. J. Thorvaldsen and K. Ruud;
J.Chem.Theor.Comp. 2010, DOI: 10.1021/ct100117s

---------------------------------------------------------------------------

 MRCPP version         : 1.3.6
 Git branch            : HEAD
 Git commit hash       : 9309e3e1e52e5319b766-dirty
 Git commit author     : Stig Rune Jensen
 Git commit date       : Fri Dec 4 16:08:55 2020 +0100

 Linear algebra        : EIGEN v3.3.7
 Parallelization       : MPI/OpenMP (10 threads)

---------------------------------------------------------------------------


                                                                           
===========================================================================
                         MultiResolution Analysis
---------------------------------------------------------------------------
 polynomial order      : 9
 polynomial type       : Interpolating
---------------------------------------------------------------------------
 total boxes           : 8
 boxes                 : [          2           2           2 ]
 unit lengths          : [   16.00000    16.00000    16.00000 ]
 scaling factor        : [    1.00000     1.00000     1.00000 ]
 lower bounds          : [  -16.00000   -16.00000   -16.00000 ]
 upper bounds          : [   16.00000    16.00000    16.00000 ]
 total length          : [   32.00000    32.00000    32.00000 ]
===========================================================================


                                                                           
***************************************************************************
***                                                                     ***
***                        Initializing Molecule                        ***
***                                                                     ***
***************************************************************************
                                                                           
                                                                           
===========================================================================
                                 Molecule
---------------------------------------------------------------------------
 Charge                  :                                               0
 Multiplicity            :                                               1
---------------------------------------------------------------------------
    N    Atom            :               x               y               z
---------------------------------------------------------------------------
    0       N            :        0.000000       -1.327913       -2.070653
    1       N            :        0.000000        0.000187        1.191959
    2       O            :        0.000000        0.380777       -3.388926
    3       O            :        0.000000        2.271448        1.214447
    4       O            :        0.000000       -1.489862        2.943735
---------------------------------------------------------------------------
 Center of mass          :        0.000000       -0.000000        0.000000
===========================================================================


                                                                           
***************************************************************************
***                                                                     ***
***                 Computing Ground State Wavefunction                 ***
***                                                                     ***
***************************************************************************
                                                                           
                                                                           
~~~~~~~~~~~~~~~~~~~~~~~~~~~~~~~~~~~~~~~~~~~~~~~~~~~~~~~~~~~~~~~~~~~~~~~~~~~
 Calculation             : Compute initial orbitals
 Method                  : Diagonalize SAD Hamiltonian
 Precision               : 1.00000e-03
 Restricted              : True
 Functional              : LDA (SVWN5)
 AO basis                : Hydrogenic orbitals
 Zeta quality            : 2
~~~~~~~~~~~~~~~~~~~~~~~~~~~~~~~~~~~~~~~~~~~~~~~~~~~~~~~~~~~~~~~~~~~~~~~~~~~


===========================================================================
                            Molecular Orbitals
---------------------------------------------------------------------------
 Alpha electrons         :                                              19
 Beta electrons          :                                              19
 Total electrons         :                                              38
---------------------------------------------------------------------------
    n  Occ Spin          :                                            Norm
---------------------------------------------------------------------------
    0    2    p          :                              1.000098887612e+00
    1    2    p          :                              9.999997500640e-01
    2    2    p          :                              9.999931169467e-01
    3    2    p          :                              9.999997965362e-01
    4    2    p          :                              9.999803848620e-01
    5    2    p          :                              1.000004485623e+00
    6    2    p          :                              1.000005315629e+00
    7    2    p          :                              9.999948732004e-01
    8    2    p          :                              9.999779039328e-01
    9    2    p          :                              1.000009814144e+00
   10    2    p          :                              1.000003356755e+00
   11    2    p          :                              9.999998234621e-01
   12    2    p          :                              9.999963951162e-01
   13    2    p          :                              9.999994879710e-01
   14    2    p          :                              9.999996367527e-01
   15    2    p          :                              9.999926685820e-01
   16    2    p          :                              1.000000310841e+00
   17    2    p          :                              9.999967370535e-01
   18    2    p          :                              1.000029916067e+00
===========================================================================


~~~~~~~~~~~~~~~~~~~~~~~~~~~~~~~~~~~~~~~~~~~~~~~~~~~~~~~~~~~~~~~~~~~~~~~~~~~
 Calculation             : Compute initial energy
 Method                  : DFT (B3LYP-G)
 Precision               : 1.00000e-03
 Localization            : Off
~~~~~~~~~~~~~~~~~~~~~~~~~~~~~~~~~~~~~~~~~~~~~~~~~~~~~~~~~~~~~~~~~~~~~~~~~~~


===========================================================================
                        Molecular Energy (initial)
---------------------------------------------------------------------------
 Kinetic energy          :            (au)                350.455090098862
 E-N energy              :            (au)              -1128.408259979359
 Coulomb energy          :            (au)                322.409363380163
 Exchange energy         :            (au)                 -7.577316929354
 X-C energy              :            (au)                -32.421027806533
 Ext. field (el)         :            (au)                  0.000000000000
---------------------------------------------------------------------------
 N-N energy              :            (au)                161.712589087984
 Ext. field (nuc)        :            (au)                  0.000000000000
---------------------------------------------------------------------------
 Electronic energy       :            (au)               -495.542151236222
 Nuclear energy          :            (au)                161.712589087984
---------------------------------------------------------------------------
 Total energy            :            (au)             -3.338295621482e+02
                         :      (kcal/mol)             -2.094812112801e+05
                         :        (kJ/mol)             -8.764693885650e+05
                         :            (eV)             -9.083964756689e+03
===========================================================================


===========================================================================
                        Orbital Energies (initial)
---------------------------------------------------------------------------
    n  Occ Spin          :                                         Epsilon
---------------------------------------------------------------------------
    0    2    p          :            (au)                -19.279470217783
    1    2    p          :            (au)                -18.779537957281
    2    2    p          :            (au)                -18.692414817310
    3    2    p          :            (au)                -14.632057085791
    4    2    p          :            (au)                -14.610509730484
    5    2    p          :            (au)                 -1.434219260584
    6    2    p          :            (au)                 -1.227355023545
    7    2    p          :            (au)                 -1.030928645155
    8    2    p          :            (au)                 -0.799554823780
    9    2    p          :            (au)                 -0.700369817525
   10    2    p          :            (au)                 -0.664093121795
   11    2    p          :            (au)                 -0.619168908059
   12    2    p          :            (au)                 -0.524039487586
   13    2    p          :            (au)                 -0.516504168183
   14    2    p          :            (au)                 -0.441947027866
   15    2    p          :            (au)                 -0.386007689012
   16    2    p          :            (au)                 -0.207521955581
   17    2    p          :            (au)                 -0.197560074264
   18    2    p          :            (au)                 -0.173358697326
---------------------------------------------------------------------------
 Sum occupied            :            (au)               -189.833237017814
===========================================================================


~~~~~~~~~~~~~~~~~~~~~~~~~~~~~~~~~~~~~~~~~~~~~~~~~~~~~~~~~~~~~~~~~~~~~~~~~~~
 Calculation             : Optimize ground state orbitals
 Method                  : DFT (B3LYP-G)
 Checkpointing           : Off
 Max iterations          : 200
 KAIN solver             : 10
 Localization            : Off
 Diagonalization         : First two iterations
 Start precision         : 1.00000e-06
 Final precision         : 1.00000e-06
 Helmholtz precision     : Dynamic
 Energy threshold        : 1.00000e-06
 Orbital threshold       : 1.00000e-05
~~~~~~~~~~~~~~~~~~~~~~~~~~~~~~~~~~~~~~~~~~~~~~~~~~~~~~~~~~~~~~~~~~~~~~~~~~~


===========================================================================
 Iter           MO residual             Total energy                Update
---------------------------------------------------------------------------
    0          4.358899e+00        -333.829562148238         -3.338296e+02
    1          4.152361e-01        -335.045971598333         -1.216409e+00
    2          1.115595e-01        -335.125803013243         -7.983141e-02
    3          5.578113e-02        -335.126889644515         -1.086631e-03
    4          2.481203e-02        -335.142651034036         -1.576139e-02
    5          2.019535e-02        -335.147290166570         -4.639133e-03
    6          1.973833e-02        -335.148404823333         -1.114657e-03
    7          2.220169e-02        -335.149773897745         -1.369074e-03
    8          1.482248e-02        -335.150078761184         -3.048634e-04
    9          3.512535e-03        -335.150163791522         -8.503034e-05
   10          4.293726e-03        -335.150207517103         -4.372558e-05
   11          2.009903e-03        -335.150222142001         -1.462490e-05
   12          1.438320e-03        -335.150227993460         -5.851459e-06
   13          6.789297e-04        -335.150229378229         -1.384769e-06
   14          6.521742e-04        -335.150230440395         -1.062166e-06
   15          2.805426e-04        -335.150230652601         -2.122062e-07
   16          2.535681e-04        -335.150230805335         -1.527333e-07
   17          1.924819e-04        -335.150230867613         -6.227856e-08
   18          9.981105e-05        -335.150230916863         -4.924948e-08
   19          1.803136e-04        -335.150230941613         -2.475065e-08
   20          5.414881e-05        -335.150230951872         -1.025836e-08
   21          3.738294e-05        -335.150230955702         -3.830678e-09
   22          2.268457e-05        -335.150230958011         -2.308127e-09
   23          2.517765e-05        -335.150230959753         -1.742251e-09
   24          1.370618e-05        -335.150230960821         -1.068315e-09
---------------------------------------------------------------------------
                      SCF converged in 24 iterations!
===========================================================================


                                                                           
***************************************************************************
***                                                                     ***
***                    Printing Molecular Properties                    ***
***                                                                     ***
***************************************************************************
                                                                           
                                                                           
===========================================================================
                                 Molecule
---------------------------------------------------------------------------
 Charge                  :                                               0
 Multiplicity            :                                               1
---------------------------------------------------------------------------
    N    Atom            :               x               y               z
---------------------------------------------------------------------------
    0       N            :        0.000000       -1.327913       -2.070653
    1       N            :        0.000000        0.000187        1.191959
    2       O            :        0.000000        0.380777       -3.388926
    3       O            :        0.000000        2.271448        1.214447
    4       O            :        0.000000       -1.489862        2.943735
---------------------------------------------------------------------------
 Center of mass          :        0.000000       -0.000000        0.000000
===========================================================================


===========================================================================
                         Molecular Energy (final)
---------------------------------------------------------------------------
 Kinetic energy          :            (au)                333.807103357099
 E-N energy              :            (au)              -1112.328770692915
 Coulomb energy          :            (au)                320.955293981550
 Exchange energy         :            (au)                 -7.494888153613
 X-C energy              :            (au)                -31.801558540927
 Ext. field (el)         :            (au)                  0.000000000000
---------------------------------------------------------------------------
 N-N energy              :            (au)                161.712589087984
 Ext. field (nuc)        :            (au)                  0.000000000000
---------------------------------------------------------------------------
 Electronic energy       :            (au)               -496.862820048805
 Nuclear energy          :            (au)                161.712589087984
---------------------------------------------------------------------------
 Total energy            :            (au)             -3.351502309608e+02
                         :      (kcal/mol)             -2.103099434655e+05
                         :        (kJ/mol)             -8.799368040305e+05
                         :            (eV)             -9.119901984271e+03
===========================================================================


===========================================================================
                         Orbital Energies (final)
---------------------------------------------------------------------------
    n  Occ Spin          :                                         Epsilon
---------------------------------------------------------------------------
    0    2    p          :            (au)                -19.317919178680
    1    2    p          :            (au)                -19.207308923807
    2    2    p          :            (au)                -19.199970851871
    3    2    p          :            (au)                -14.555169307456
    4    2    p          :            (au)                -14.543425315663
    5    2    p          :            (au)                 -1.312819075357
    6    2    p          :            (au)                 -1.252480504119
    7    2    p          :            (au)                 -1.097282818513
    8    2    p          :            (au)                 -0.756733930517
    9    2    p          :            (au)                 -0.664503596730
   10    2    p          :            (au)                 -0.603078733750
   11    2    p          :            (au)                 -0.579276441558
   12    2    p          :            (au)                 -0.556635233477
   13    2    p          :            (au)                 -0.542493681754
   14    2    p          :            (au)                 -0.538963048840
   15    2    p          :            (au)                 -0.471006997426
   16    2    p          :            (au)                 -0.354847504922
   17    2    p          :            (au)                 -0.342152855327
   18    2    p          :            (au)                 -0.283116078496
---------------------------------------------------------------------------
 Sum occupied            :            (au)               -192.358368156524
===========================================================================


===========================================================================
                           Dipole Moment (dip-1)
---------------------------------------------------------------------------
 r_O                     :        0.000000        0.000000        0.000000
---------------------------------------------------------------------------
 Electronic vector       :        0.000000       -0.205493       -0.952066
 Magnitude               :            (au)                        0.973991
                         :         (Debye)                        2.475637
---------------------------------------------------------------------------
 Nuclear vector          :        0.000000        0.004823        0.003192
 Magnitude               :            (au)                        0.005784
                         :         (Debye)                        0.014701
---------------------------------------------------------------------------
 Total vector            :        0.000000       -0.200670       -0.948874
 Magnitude               :            (au)                        0.969861
                         :         (Debye)                        2.465142
===========================================================================


                                                                           
                                                                           
***************************************************************************
***                                                                     ***
***                            Exiting MRChem                           ***
***                                                                     ***
***                       Wall time :  1h 32m 52s                       ***
***                                                                     ***
***************************************************************************
                                                                           
                                                                           
