Starting job 3213298 on c10-[22,24-25] at Tue Aug 3 12:14:55 CEST 2021

Copying 28_pbe0_.out to /cluster/home/ambr/projects/psp/calcs/doublets
Copying 28_pbe0_.json to /cluster/home/ambr/projects/psp/calcs/doublets

Task and CPU usage stats:
       JobID    JobName  AllocCPUS   NTasks     MinCPU MinCPUTask     AveCPU    Elapsed ExitCode 
------------ ---------- ---------- -------- ---------- ---------- ---------- ---------- -------- 
3213298        28_pbe0_        120                                             00:09:33      1:0 
3213298.bat+      batch         42        1   00:00:00          0   00:00:00   00:09:33      1:0 
3213298.ext+     extern        120        3   00:00:00          1   00:00:00   00:09:33      0:0 
3213298.0      mrchem.x        120       20   00:09:24         19   00:25:37   00:09:28      0:0 

Memory usage stats:
       JobID     MaxRSS MaxRSSTask     AveRSS MaxPages   MaxPagesTask   AvePages 
------------ ---------- ---------- ---------- -------- -------------- ---------- 
3213298                                                                          
3213298.bat+     14232K          0     14232K        0              0          0 
3213298.ext+          0          1          0        0              1          0 
3213298.0      2232364K          1   1925523K        0             19          0 

Disk usage stats:
       JobID  MaxDiskRead MaxDiskReadTask    AveDiskRead MaxDiskWrite MaxDiskWriteTask   AveDiskWrite 
------------ ------------ --------------- -------------- ------------ ---------------- -------------- 
3213298                                                                                               
3213298.bat+       72.60M               0         72.60M       68.88M                0         68.88M 
3213298.ext+        0.00M               1          0.00M            0                1              0 
3213298.0          13.84M               4          6.10M       43.23M                1         11.97M 

Job 3213298 completed at Tue Aug 3 12:24:28 CEST 2021
