Starting job 3213390 on c11-[5-7] at Tue Aug 3 12:40:50 CEST 2021

Copying 29_b3lyp-g_.out to /cluster/home/ambr/projects/psp/calcs/triplets
Copying 29_b3lyp-g_.json to /cluster/home/ambr/projects/psp/calcs/triplets

Task and CPU usage stats:
       JobID    JobName  AllocCPUS   NTasks     MinCPU MinCPUTask     AveCPU    Elapsed ExitCode 
------------ ---------- ---------- -------- ---------- ---------- ---------- ---------- -------- 
3213390      29_b3lyp-+        120                                             00:09:39      1:0 
3213390.bat+      batch         42        1   00:00:00          0   00:00:00   00:09:39      1:0 
3213390.ext+     extern        120        3   00:00:00          1   00:00:00   00:09:39      0:0 
3213390.0      mrchem.x        120       20   00:09:33         19   00:27:03   00:09:34      0:0 

Memory usage stats:
       JobID     MaxRSS MaxRSSTask     AveRSS MaxPages   MaxPagesTask   AvePages 
------------ ---------- ---------- ---------- -------- -------------- ---------- 
3213390                                                                          
3213390.bat+     14236K          0     14236K        0              0          0 
3213390.ext+          0          1          0        0              1          0 
3213390.0      2305672K          6 2082373017        0              3          0 

Disk usage stats:
       JobID  MaxDiskRead MaxDiskReadTask    AveDiskRead MaxDiskWrite MaxDiskWriteTask   AveDiskWrite 
------------ ------------ --------------- -------------- ------------ ---------------- -------------- 
3213390                                                                                               
3213390.bat+       89.35M               0         89.35M       85.63M                0         85.63M 
3213390.ext+        0.00M               1          0.00M            0                1              0 
3213390.0          13.84M               1          6.94M       47.18M                0         17.16M 

Job 3213390 completed at Tue Aug 3 12:50:28 CEST 2021
