                                                                           
                                                                           
***************************************************************************
***                                                                     ***
***                                                                     ***
***          __  __ ____   ____ _                                       ***
***         |  \/  |  _ \ / ___| |__   ___ _ __ ___                     ***
***         | |\/| | |_) | |   | '_ \ / _ \ '_ ` _ \                    ***
***         | |  | |  _ <| |___| | | |  __/ | | | | |                   ***
***         |_|  |_|_| \_\\____|_| |_|\___|_| |_| |_|                   ***
***                                                                     ***
***         VERSION            1.0.1                                    ***
***                                                                     ***
***         Git branch         HEAD                                     ***
***         Git commit hash    9309e3e1e52e5319b766-dirty               ***
***         Git commit author  Stig Rune Jensen                         ***
***         Git commit date    Fri Dec 4 16:08:55 2020 +0100            ***
***                                                                     ***
***         Contact: luca.frediani@uit.no                               ***
***                                                                     ***
***         Radovan Bast            Magnar Bjorgve                      ***
***         Roberto Di Remigio      Antoine Durdek                      ***
***         Luca Frediani           Gabriel Gerez                       ***
***         Stig Rune Jensen        Jonas Juselius                      ***
***         Rune Monstad            Peter Wind                          ***
***                                                                     ***
***************************************************************************

---------------------------------------------------------------------------

 MPI processes           :        (1 bank)                              20
 OpenMP threads          :                                               6
 Total cores             :                                             120
                                                                           
---------------------------------------------------------------------------

XCFun DFT library Copyright 2009-2020 Ulf Ekstrom and contributors.
See http://dftlibs.org/xcfun/ for more information.

This is free software; see the source code for copying conditions.
There is ABSOLUTELY NO WARRANTY; not even for MERCHANTABILITY or
FITNESS FOR A PARTICULAR PURPOSE. For details see the documentation.
Scientific users of this library should cite
U. Ekstrom, L. Visscher, R. Bast, A. J. Thorvaldsen and K. Ruud;
J.Chem.Theor.Comp. 2010, DOI: 10.1021/ct100117s

---------------------------------------------------------------------------

 MRCPP version         : 1.3.6
 Git branch            : HEAD
 Git commit hash       : 9309e3e1e52e5319b766-dirty
 Git commit author     : Stig Rune Jensen
 Git commit date       : Fri Dec 4 16:08:55 2020 +0100

 Linear algebra        : EIGEN v3.3.7
 Parallelization       : MPI/OpenMP (6 threads)

---------------------------------------------------------------------------


                                                                           
===========================================================================
                         MultiResolution Analysis
---------------------------------------------------------------------------
 polynomial order      : 9
 polynomial type       : Interpolating
---------------------------------------------------------------------------
 total boxes           : 8
 boxes                 : [          2           2           2 ]
 unit lengths          : [   16.00000    16.00000    16.00000 ]
 scaling factor        : [    1.00000     1.00000     1.00000 ]
 lower bounds          : [  -16.00000   -16.00000   -16.00000 ]
 upper bounds          : [   16.00000    16.00000    16.00000 ]
 total length          : [   32.00000    32.00000    32.00000 ]
===========================================================================


                                                                           
***************************************************************************
***                                                                     ***
***                        Initializing Molecule                        ***
***                                                                     ***
***************************************************************************
                                                                           
                                                                           
===========================================================================
                                 Molecule
---------------------------------------------------------------------------
 Charge                  :                                               0
 Multiplicity            :                                               3
---------------------------------------------------------------------------
    N    Atom            :               x               y               z
---------------------------------------------------------------------------
    0       C            :        0.000000        0.000000        0.111566
    1       H            :        0.000000        1.897663       -0.664733
    2       H            :        0.000000       -1.897663       -0.664733
---------------------------------------------------------------------------
 Center of mass          :        0.000000       -0.000000       -0.000000
===========================================================================


                                                                           
***************************************************************************
***                                                                     ***
***                 Computing Ground State Wavefunction                 ***
***                                                                     ***
***************************************************************************
                                                                           
                                                                           
~~~~~~~~~~~~~~~~~~~~~~~~~~~~~~~~~~~~~~~~~~~~~~~~~~~~~~~~~~~~~~~~~~~~~~~~~~~
 Calculation             : Compute initial orbitals
 Method                  : Project MW molecular orbitals
 Precision               : 1.00000e-04
 Restricted              : False
 MO alpha file           : initial_guess/phi_a_scf
 MO beta file            : initial_guess/phi_b_scf
~~~~~~~~~~~~~~~~~~~~~~~~~~~~~~~~~~~~~~~~~~~~~~~~~~~~~~~~~~~~~~~~~~~~~~~~~~~


===========================================================================
                            Molecular Orbitals
---------------------------------------------------------------------------
 Alpha electrons         :                                               5
 Beta electrons          :                                               3
 Total electrons         :                                               8
---------------------------------------------------------------------------
    n  Occ Spin          :                                            Norm
---------------------------------------------------------------------------
    0    1    a          :                              9.999999680760e-01
    1    1    a          :                              1.000000004771e+00
    2    1    a          :                              1.000000004775e+00
    3    1    a          :                              9.999999996989e-01
    4    1    a          :                              9.999999996991e-01
    5    1    b          :                              9.999999683301e-01
    6    1    b          :                              1.000000003427e+00
    7    1    b          :                              1.000000003424e+00
===========================================================================


~~~~~~~~~~~~~~~~~~~~~~~~~~~~~~~~~~~~~~~~~~~~~~~~~~~~~~~~~~~~~~~~~~~~~~~~~~~
 Calculation             : Compute initial energy
 Method                  : DFT (PBE0)
 Precision               : 1.00000e-04
 Localization            : On
~~~~~~~~~~~~~~~~~~~~~~~~~~~~~~~~~~~~~~~~~~~~~~~~~~~~~~~~~~~~~~~~~~~~~~~~~~~


===========================================================================
                        Molecular Energy (initial)
---------------------------------------------------------------------------
 Kinetic energy          :            (au)                 38.922714052483
 E-N energy              :            (au)               -102.812322204076
 Coulomb energy          :            (au)                 24.685287178642
 Exchange energy         :            (au)                 -1.461923977266
 X-C energy              :            (au)                 -4.568726664758
 Ext. field (el)         :            (au)                  0.000000000000
---------------------------------------------------------------------------
 N-N energy              :            (au)                  6.116259674411
 Ext. field (nuc)        :            (au)                  0.000000000000
---------------------------------------------------------------------------
 Electronic energy       :            (au)                -45.234971614975
 Nuclear energy          :            (au)                  6.116259674411
---------------------------------------------------------------------------
 Total energy            :            (au)             -3.911871194056e+01
                         :      (kcal/mol)             -2.454736215779e+04
                         :        (kJ/mol)             -1.027061633348e+05
                         :            (eV)             -1.064474333275e+03
===========================================================================


===========================================================================
                        Orbital Energies (initial)
---------------------------------------------------------------------------
    n  Occ Spin          :                                         Epsilon
---------------------------------------------------------------------------
    0    1    a          :            (au)                -10.273437211646
    1    1    a          :            (au)                 -0.702933503883
    2    1    a          :            (au)                 -0.469742994115
    3    1    a          :            (au)                 -0.297791428807
    4    1    a          :            (au)                 -0.264310517313
    5    1    b          :            (au)                -10.241458294544
    6    1    b          :            (au)                 -0.614914931343
    7    1    b          :            (au)                 -0.447878536213
---------------------------------------------------------------------------
 Sum occupied            :            (au)                -23.312467417863
===========================================================================


~~~~~~~~~~~~~~~~~~~~~~~~~~~~~~~~~~~~~~~~~~~~~~~~~~~~~~~~~~~~~~~~~~~~~~~~~~~
 Calculation             : Optimize ground state orbitals
 Method                  : DFT (PBE0)
 Checkpointing           : Off
 Max iterations          : 200
 KAIN solver             : 10
 Localization            : First two iterations
 Diagonalization         : Off
 Start precision         : 1.00000e-06
 Final precision         : 1.00000e-06
 Helmholtz precision     : Dynamic
 Energy threshold        : 1.00000e-06
 Orbital threshold       : 1.00000e-05
~~~~~~~~~~~~~~~~~~~~~~~~~~~~~~~~~~~~~~~~~~~~~~~~~~~~~~~~~~~~~~~~~~~~~~~~~~~


===========================================================================
 Iter           MO residual             Total energy                Update
---------------------------------------------------------------------------
    0          2.828427e+00         -39.118711940565         -3.911871e+01
    1          4.607690e-04         -39.118885722552         -1.737820e-04
    2          2.876147e-04         -39.118904578737         -1.885618e-05
    3          2.163759e-04         -39.118904732332         -1.535957e-07
    4          1.929329e-04         -39.118904832041         -9.970845e-08
    5          4.233435e-04         -39.118904956092         -1.240515e-07
    6          6.181222e-05         -39.118904961107         -5.014989e-09
    7          4.220185e-05         -39.118904962988         -1.880572e-09
    8          9.683078e-06         -39.118904963149         -1.611227e-10
---------------------------------------------------------------------------
                      SCF converged in 8 iterations!
===========================================================================


                                                                           
***************************************************************************
***                                                                     ***
***                    Printing Molecular Properties                    ***
***                                                                     ***
***************************************************************************
                                                                           
                                                                           
===========================================================================
                                 Molecule
---------------------------------------------------------------------------
 Charge                  :                                               0
 Multiplicity            :                                               3
---------------------------------------------------------------------------
    N    Atom            :               x               y               z
---------------------------------------------------------------------------
    0       C            :        0.000000        0.000000        0.111566
    1       H            :        0.000000        1.897663       -0.664733
    2       H            :        0.000000       -1.897663       -0.664733
---------------------------------------------------------------------------
 Center of mass          :        0.000000       -0.000000       -0.000000
===========================================================================


===========================================================================
                         Molecular Energy (final)
---------------------------------------------------------------------------
 Kinetic energy          :            (au)                 38.922717947198
 E-N energy              :            (au)               -102.812631853636
 Coulomb energy          :            (au)                 24.685354490317
 Exchange energy         :            (au)                 -1.461908776035
 X-C energy              :            (au)                 -4.568696445404
 Ext. field (el)         :            (au)                  0.000000000000
---------------------------------------------------------------------------
 N-N energy              :            (au)                  6.116259674411
 Ext. field (nuc)        :            (au)                  0.000000000000
---------------------------------------------------------------------------
 Electronic energy       :            (au)                -45.235164637559
 Nuclear energy          :            (au)                  6.116259674411
---------------------------------------------------------------------------
 Total energy            :            (au)             -3.911890496315e+01
                         :      (kcal/mol)             -2.454748328129e+04
                         :        (kJ/mol)             -1.027066701156e+05
                         :            (eV)             -1.064479585687e+03
===========================================================================


===========================================================================
                         Orbital Energies (final)
---------------------------------------------------------------------------
    n  Occ Spin          :                                         Epsilon
---------------------------------------------------------------------------
    0    1    a          :            (au)                -10.273490622339
    1    1    a          :            (au)                 -0.702936939960
    2    1    a          :            (au)                 -0.469799302230
    3    1    a          :            (au)                 -0.297803556419
    4    1    a          :            (au)                 -0.264328303645
    5    1    b          :            (au)                -10.241442770570
    6    1    b          :            (au)                 -0.614960524836
    7    1    b          :            (au)                 -0.447855441506
---------------------------------------------------------------------------
 Sum occupied            :            (au)                -23.312617461505
===========================================================================


===========================================================================
                           Dipole Moment (dip-1)
---------------------------------------------------------------------------
 r_O                     :        0.000000        0.000000        0.000000
---------------------------------------------------------------------------
 Electronic vector       :       -0.000000       -0.000000        0.426425
 Magnitude               :            (au)                        0.426425
                         :         (Debye)                        1.083864
---------------------------------------------------------------------------
 Nuclear vector          :        0.000000        0.000000       -0.660069
 Magnitude               :            (au)                        0.660069
                         :         (Debye)                        1.677727
---------------------------------------------------------------------------
 Total vector            :       -0.000000       -0.000000       -0.233644
 Magnitude               :            (au)                        0.233644
                         :         (Debye)                        0.593864
===========================================================================


                                                                           
                                                                           
***************************************************************************
***                                                                     ***
***                            Exiting MRChem                           ***
***                                                                     ***
***                       Wall time :  0h  8m 48s                       ***
***                                                                     ***
***************************************************************************
                                                                           
                                                                           
