                                                                           
                                                                           
***************************************************************************
***                                                                     ***
***                                                                     ***
***          __  __ ____   ____ _                                       ***
***         |  \/  |  _ \ / ___| |__   ___ _ __ ___                     ***
***         | |\/| | |_) | |   | '_ \ / _ \ '_ ` _ \                    ***
***         | |  | |  _ <| |___| | | |  __/ | | | | |                   ***
***         |_|  |_|_| \_\\____|_| |_|\___|_| |_| |_|                   ***
***                                                                     ***
***         VERSION            1.0.1                                    ***
***                                                                     ***
***         Git branch         HEAD                                     ***
***         Git commit hash    9309e3e1e52e5319b766-dirty               ***
***         Git commit author  Stig Rune Jensen                         ***
***         Git commit date    Fri Dec 4 16:08:55 2020 +0100            ***
***                                                                     ***
***         Contact: luca.frediani@uit.no                               ***
***                                                                     ***
***         Radovan Bast            Magnar Bjorgve                      ***
***         Roberto Di Remigio      Antoine Durdek                      ***
***         Luca Frediani           Gabriel Gerez                       ***
***         Stig Rune Jensen        Jonas Juselius                      ***
***         Rune Monstad            Peter Wind                          ***
***                                                                     ***
***************************************************************************

---------------------------------------------------------------------------

 MPI processes           :        (1 bank)                              20
 OpenMP threads          :                                              10
 Total cores             :                                             200
                                                                           
---------------------------------------------------------------------------

XCFun DFT library Copyright 2009-2020 Ulf Ekstrom and contributors.
See http://dftlibs.org/xcfun/ for more information.

This is free software; see the source code for copying conditions.
There is ABSOLUTELY NO WARRANTY; not even for MERCHANTABILITY or
FITNESS FOR A PARTICULAR PURPOSE. For details see the documentation.
Scientific users of this library should cite
U. Ekstrom, L. Visscher, R. Bast, A. J. Thorvaldsen and K. Ruud;
J.Chem.Theor.Comp. 2010, DOI: 10.1021/ct100117s

---------------------------------------------------------------------------

 MRCPP version         : 1.3.6
 Git branch            : HEAD
 Git commit hash       : 9309e3e1e52e5319b766-dirty
 Git commit author     : Stig Rune Jensen
 Git commit date       : Fri Dec 4 16:08:55 2020 +0100

 Linear algebra        : EIGEN v3.3.7
 Parallelization       : MPI/OpenMP (10 threads)

---------------------------------------------------------------------------


                                                                           
===========================================================================
                         MultiResolution Analysis
---------------------------------------------------------------------------
 polynomial order      : 9
 polynomial type       : Interpolating
---------------------------------------------------------------------------
 total boxes           : 8
 boxes                 : [          2           2           2 ]
 unit lengths          : [   16.00000    16.00000    16.00000 ]
 scaling factor        : [    1.00000     1.00000     1.00000 ]
 lower bounds          : [  -16.00000   -16.00000   -16.00000 ]
 upper bounds          : [   16.00000    16.00000    16.00000 ]
 total length          : [   32.00000    32.00000    32.00000 ]
===========================================================================


                                                                           
***************************************************************************
***                                                                     ***
***                        Initializing Molecule                        ***
***                                                                     ***
***************************************************************************
                                                                           
                                                                           
===========================================================================
                                 Molecule
---------------------------------------------------------------------------
 Charge                  :                                               0
 Multiplicity            :                                               1
---------------------------------------------------------------------------
    N    Atom            :               x               y               z
---------------------------------------------------------------------------
    0       C            :        0.000000        0.000000        0.000000
    1       H            :        1.185992        1.185992        1.185992
    2       H            :        1.185992       -1.185992       -1.185992
    3       H            :       -1.185992        1.185992       -1.185992
    4       H            :       -1.185992       -1.185992        1.185992
---------------------------------------------------------------------------
 Center of mass          :        0.000000        0.000000       -0.000000
===========================================================================


                                                                           
***************************************************************************
***                                                                     ***
***                 Computing Ground State Wavefunction                 ***
***                                                                     ***
***************************************************************************
                                                                           
                                                                           
~~~~~~~~~~~~~~~~~~~~~~~~~~~~~~~~~~~~~~~~~~~~~~~~~~~~~~~~~~~~~~~~~~~~~~~~~~~
 Calculation             : Compute initial orbitals
 Method                  : Diagonalize SAD Hamiltonian
 Precision               : 1.00000e-03
 Restricted              : True
 Functional              : LDA (SVWN5)
 AO basis                : Hydrogenic orbitals
 Zeta quality            : 2
~~~~~~~~~~~~~~~~~~~~~~~~~~~~~~~~~~~~~~~~~~~~~~~~~~~~~~~~~~~~~~~~~~~~~~~~~~~


===========================================================================
                            Molecular Orbitals
---------------------------------------------------------------------------
 Alpha electrons         :                                               5
 Beta electrons          :                                               5
 Total electrons         :                                              10
---------------------------------------------------------------------------
    n  Occ Spin          :                                            Norm
---------------------------------------------------------------------------
    0    2    p          :                              1.000000000335e+00
    1    2    p          :                              1.000000172247e+00
    2    2    p          :                              9.999997046316e-01
    3    2    p          :                              9.999993497435e-01
    4    2    p          :                              1.000001110466e+00
===========================================================================


~~~~~~~~~~~~~~~~~~~~~~~~~~~~~~~~~~~~~~~~~~~~~~~~~~~~~~~~~~~~~~~~~~~~~~~~~~~
 Calculation             : Compute initial energy
 Method                  : DFT (PBE0)
 Precision               : 1.00000e-03
 Localization            : Off
~~~~~~~~~~~~~~~~~~~~~~~~~~~~~~~~~~~~~~~~~~~~~~~~~~~~~~~~~~~~~~~~~~~~~~~~~~~


===========================================================================
                        Molecular Energy (initial)
---------------------------------------------------------------------------
 Kinetic energy          :            (au)                 42.942566674185
 E-N energy              :            (au)               -123.862111420726
 Coulomb energy          :            (au)                 34.227807682641
 Exchange energy         :            (au)                 -1.685563872954
 X-C energy              :            (au)                 -5.349053935764
 Ext. field (el)         :            (au)                  0.000000000000
---------------------------------------------------------------------------
 N-N energy              :            (au)                 13.472035561749
 Ext. field (nuc)        :            (au)                  0.000000000000
---------------------------------------------------------------------------
 Electronic energy       :            (au)                -53.726354872618
 Nuclear energy          :            (au)                 13.472035561749
---------------------------------------------------------------------------
 Total energy            :            (au)             -4.025431931087e+01
                         :      (kcal/mol)             -2.525996653572e+04
                         :        (kJ/mol)             -1.056877000540e+05
                         :            (eV)             -1.095375782694e+03
===========================================================================


===========================================================================
                        Orbital Energies (initial)
---------------------------------------------------------------------------
    n  Occ Spin          :                                         Epsilon
---------------------------------------------------------------------------
    0    2    p          :            (au)                 -9.802674287488
    1    2    p          :            (au)                 -0.599267499015
    2    2    p          :            (au)                 -0.320353949617
    3    2    p          :            (au)                 -0.320269727565
    4    2    p          :            (au)                 -0.316608626211
---------------------------------------------------------------------------
 Sum occupied            :            (au)                -22.718348179793
===========================================================================


~~~~~~~~~~~~~~~~~~~~~~~~~~~~~~~~~~~~~~~~~~~~~~~~~~~~~~~~~~~~~~~~~~~~~~~~~~~
 Calculation             : Optimize ground state orbitals
 Method                  : DFT (PBE0)
 Checkpointing           : Off
 Max iterations          : 200
 KAIN solver             : 10
 Localization            : Off
 Diagonalization         : First two iterations
 Start precision         : 1.00000e-06
 Final precision         : 1.00000e-06
 Helmholtz precision     : Dynamic
 Energy threshold        : 1.00000e-06
 Orbital threshold       : 1.00000e-05
~~~~~~~~~~~~~~~~~~~~~~~~~~~~~~~~~~~~~~~~~~~~~~~~~~~~~~~~~~~~~~~~~~~~~~~~~~~


===========================================================================
 Iter           MO residual             Total energy                Update
---------------------------------------------------------------------------
    0          2.236068e+00         -40.254319310869         -4.025432e+01
    1          2.113317e-01         -40.452787202947         -1.984679e-01
    2          6.791935e-02         -40.472930002987         -2.014280e-02
    3          3.692735e-02         -40.477094898580         -4.164896e-03
    4          1.099293e-02         -40.478221443435         -1.126545e-03
    5          1.062646e-02         -40.478691406169         -4.699627e-04
    6          2.667082e-03         -40.478719056277         -2.765011e-05
    7          1.266738e-03         -40.478724479447         -5.423170e-06
    8          3.252667e-04         -40.478724767572         -2.881246e-07
    9          1.340290e-04         -40.478724810739         -4.316663e-08
   10          3.838714e-05         -40.478724814616         -3.877886e-09
   11          7.548485e-06         -40.478724814810         -1.938147e-10
---------------------------------------------------------------------------
                      SCF converged in 11 iterations!
===========================================================================


                                                                           
***************************************************************************
***                                                                     ***
***                    Printing Molecular Properties                    ***
***                                                                     ***
***************************************************************************
                                                                           
                                                                           
===========================================================================
                                 Molecule
---------------------------------------------------------------------------
 Charge                  :                                               0
 Multiplicity            :                                               1
---------------------------------------------------------------------------
    N    Atom            :               x               y               z
---------------------------------------------------------------------------
    0       C            :        0.000000        0.000000        0.000000
    1       H            :        1.185992        1.185992        1.185992
    2       H            :        1.185992       -1.185992       -1.185992
    3       H            :       -1.185992        1.185992       -1.185992
    4       H            :       -1.185992       -1.185992        1.185992
---------------------------------------------------------------------------
 Center of mass          :        0.000000        0.000000       -0.000000
===========================================================================


===========================================================================
                         Molecular Energy (final)
---------------------------------------------------------------------------
 Kinetic energy          :            (au)                 40.246750999367
 E-N energy              :            (au)               -120.175081007278
 Coulomb energy          :            (au)                 32.827537977686
 Exchange energy         :            (au)                 -1.645780659462
 X-C energy              :            (au)                 -5.204187686871
 Ext. field (el)         :            (au)                  0.000000000000
---------------------------------------------------------------------------
 N-N energy              :            (au)                 13.472035561749
 Ext. field (nuc)        :            (au)                  0.000000000000
---------------------------------------------------------------------------
 Electronic energy       :            (au)                -53.950760376559
 Nuclear energy          :            (au)                 13.472035561749
---------------------------------------------------------------------------
 Total energy            :            (au)             -4.047872481481e+01
                         :      (kcal/mol)             -2.540078311434e+04
                         :        (kJ/mol)             -1.062768766194e+05
                         :            (eV)             -1.101482167269e+03
===========================================================================


===========================================================================
                         Orbital Energies (final)
---------------------------------------------------------------------------
    n  Occ Spin          :                                         Epsilon
---------------------------------------------------------------------------
    0    2    p          :            (au)                -10.200430990356
    1    2    p          :            (au)                 -0.715037770940
    2    2    p          :            (au)                 -0.404177557132
    3    2    p          :            (au)                 -0.404177522110
    4    2    p          :            (au)                 -0.404177489607
---------------------------------------------------------------------------
 Sum occupied            :            (au)                -24.256002660293
===========================================================================


===========================================================================
                           Dipole Moment (dip-1)
---------------------------------------------------------------------------
 r_O                     :        0.000000        0.000000        0.000000
---------------------------------------------------------------------------
 Electronic vector       :        0.000001        0.000001       -0.000000
 Magnitude               :            (au)                        0.000001
                         :         (Debye)                        0.000003
---------------------------------------------------------------------------
 Nuclear vector          :        0.000000        0.000000        0.000000
 Magnitude               :            (au)                        0.000000
                         :         (Debye)                        0.000000
---------------------------------------------------------------------------
 Total vector            :        0.000001        0.000001       -0.000000
 Magnitude               :            (au)                        0.000001
                         :         (Debye)                        0.000003
===========================================================================


                                                                           
                                                                           
***************************************************************************
***                                                                     ***
***                            Exiting MRChem                           ***
***                                                                     ***
***                       Wall time :  0h  6m 52s                       ***
***                                                                     ***
***************************************************************************
                                                                           
                                                                           
[1625700497.632394] [c1-21:33783:0]          mpool.c:43   UCX  WARN  object 0x20d8e40 was not returned to mpool ucp_requests
[1625700497.632409] [c1-21:33783:0]          mpool.c:43   UCX  WARN  object 0x20d8f40 was not returned to mpool ucp_requests
[1625700497.632411] [c1-21:33783:0]          mpool.c:43   UCX  WARN  object 0x20d9040 was not returned to mpool ucp_requests
[1625700497.655933] [c1-8:34882:0]          mpool.c:43   UCX  WARN  object 0x27dfe40 was not returned to mpool ucp_requests
[1625700497.655948] [c1-8:34882:0]          mpool.c:43   UCX  WARN  object 0x27dff40 was not returned to mpool ucp_requests
[1625700497.655950] [c1-8:34882:0]          mpool.c:43   UCX  WARN  object 0x27e0040 was not returned to mpool ucp_requests
[1625700497.654641] [c1-1:35832:0]          mpool.c:43   UCX  WARN  object 0x2671c40 was not returned to mpool ucp_requests
[1625700497.654647] [c1-1:35832:0]          mpool.c:43   UCX  WARN  object 0x2672440 was not returned to mpool ucp_requests
[1625700497.654649] [c1-1:35832:0]          mpool.c:43   UCX  WARN  object 0x2672640 was not returned to mpool ucp_requests
[1625700497.654650] [c1-1:35832:0]          mpool.c:43   UCX  WARN  object 0x2672740 was not returned to mpool ucp_requests
[1625700497.654651] [c1-1:35832:0]          mpool.c:43   UCX  WARN  object 0x2672840 was not returned to mpool ucp_requests
[1625700497.654653] [c1-1:35832:0]          mpool.c:43   UCX  WARN  object 0x2672a40 was not returned to mpool ucp_requests
[1625700497.654654] [c1-1:35832:0]          mpool.c:43   UCX  WARN  object 0x2672b40 was not returned to mpool ucp_requests
[1625700497.654656] [c1-1:35832:0]          mpool.c:43   UCX  WARN  object 0x2672c40 was not returned to mpool ucp_requests
[1625700497.654657] [c1-1:35832:0]          mpool.c:43   UCX  WARN  object 0x2672d40 was not returned to mpool ucp_requests
[1625700497.654658] [c1-1:35832:0]          mpool.c:43   UCX  WARN  object 0x2672e40 was not returned to mpool ucp_requests
[1625700497.654659] [c1-1:35832:0]          mpool.c:43   UCX  WARN  object 0x2672f40 was not returned to mpool ucp_requests
[1625700497.654661] [c1-1:35832:0]          mpool.c:43   UCX  WARN  object 0x2673040 was not returned to mpool ucp_requests
[1625700497.658804] [c1-8:34881:0]          mpool.c:43   UCX  WARN  object 0x14d8a40 was not returned to mpool ucp_requests
[1625700497.658819] [c1-8:34881:0]          mpool.c:43   UCX  WARN  object 0x14d9540 was not returned to mpool ucp_requests
[1625700497.658821] [c1-8:34881:0]          mpool.c:43   UCX  WARN  object 0x14d9640 was not returned to mpool ucp_requests
[1625700497.658823] [c1-8:34881:0]          mpool.c:43   UCX  WARN  object 0x14d9740 was not returned to mpool ucp_requests
[1625700497.658824] [c1-8:34881:0]          mpool.c:43   UCX  WARN  object 0x14d9840 was not returned to mpool ucp_requests
[1625700497.658825] [c1-8:34881:0]          mpool.c:43   UCX  WARN  object 0x14d9a40 was not returned to mpool ucp_requests
[1625700497.658826] [c1-8:34881:0]          mpool.c:43   UCX  WARN  object 0x14d9b40 was not returned to mpool ucp_requests
[1625700497.658828] [c1-8:34881:0]          mpool.c:43   UCX  WARN  object 0x14d9c40 was not returned to mpool ucp_requests
[1625700497.658829] [c1-8:34881:0]          mpool.c:43   UCX  WARN  object 0x14d9d40 was not returned to mpool ucp_requests
[1625700497.658830] [c1-8:34881:0]          mpool.c:43   UCX  WARN  object 0x14d9e40 was not returned to mpool ucp_requests
[1625700497.658831] [c1-8:34881:0]          mpool.c:43   UCX  WARN  object 0x14d9f40 was not returned to mpool ucp_requests
[1625700497.658833] [c1-8:34881:0]          mpool.c:43   UCX  WARN  object 0x14da040 was not returned to mpool ucp_requests
[1625700497.634622] [c3-12:3274 :0]          mpool.c:43   UCX  WARN  object 0x2623940 was not returned to mpool ucp_requests
[1625700497.634644] [c3-12:3274 :0]          mpool.c:43   UCX  WARN  object 0x2623a40 was not returned to mpool ucp_requests
[1625700497.634646] [c3-12:3274 :0]          mpool.c:43   UCX  WARN  object 0x2623b40 was not returned to mpool ucp_requests
[1625700497.636003] [c1-11:54553:0]          mpool.c:43   UCX  WARN  object 0x23bad40 was not returned to mpool ucp_requests
[1625700497.636024] [c1-11:54553:0]          mpool.c:43   UCX  WARN  object 0x23bb440 was not returned to mpool ucp_requests
[1625700497.636026] [c1-11:54553:0]          mpool.c:43   UCX  WARN  object 0x23bb540 was not returned to mpool ucp_requests
[1625700497.636028] [c1-11:54553:0]          mpool.c:43   UCX  WARN  object 0x23bb640 was not returned to mpool ucp_requests
[1625700497.636029] [c1-11:54553:0]          mpool.c:43   UCX  WARN  object 0x23bb740 was not returned to mpool ucp_requests
[1625700497.636030] [c1-11:54553:0]          mpool.c:43   UCX  WARN  object 0x23bba40 was not returned to mpool ucp_requests
[1625700497.636031] [c1-11:54553:0]          mpool.c:43   UCX  WARN  object 0x23bbb40 was not returned to mpool ucp_requests
[1625700497.636033] [c1-11:54553:0]          mpool.c:43   UCX  WARN  object 0x23bbc40 was not returned to mpool ucp_requests
[1625700497.635097] [c3-17:77441:0]          mpool.c:43   UCX  WARN  object 0x23255c0 was not returned to mpool ucp_requests
[1625700497.635112] [c3-17:77441:0]          mpool.c:43   UCX  WARN  object 0x23256c0 was not returned to mpool ucp_requests
[1625700497.635114] [c3-17:77441:0]          mpool.c:43   UCX  WARN  object 0x23257c0 was not returned to mpool ucp_requests
[1625700497.634770] [c1-9:74622:0]          mpool.c:43   UCX  WARN  object 0x1bf3e40 was not returned to mpool ucp_requests
[1625700497.634787] [c1-9:74622:0]          mpool.c:43   UCX  WARN  object 0x1bf3f40 was not returned to mpool ucp_requests
[1625700497.634789] [c1-9:74622:0]          mpool.c:43   UCX  WARN  object 0x1bf4040 was not returned to mpool ucp_requests
[1625700497.679729] [c1-1:35833:0]          mpool.c:43   UCX  WARN  object 0x1913c40 was not returned to mpool ucp_requests
[1625700497.679746] [c1-1:35833:0]          mpool.c:43   UCX  WARN  object 0x1913e40 was not returned to mpool ucp_requests
[1625700497.679747] [c1-1:35833:0]          mpool.c:43   UCX  WARN  object 0x1914040 was not returned to mpool ucp_requests
[1625700497.634505] [c2-24:78042:0]          mpool.c:43   UCX  WARN  object 0xc72d00 was not returned to mpool ucp_requests
[1625700497.634520] [c2-24:78042:0]          mpool.c:43   UCX  WARN  object 0xc72e00 was not returned to mpool ucp_requests
[1625700497.634521] [c2-24:78042:0]          mpool.c:43   UCX  WARN  object 0xc72f00 was not returned to mpool ucp_requests
[1625700497.649015] [c1-21:33782:0]          mpool.c:43   UCX  WARN  object 0x12c2940 was not returned to mpool ucp_requests
[1625700497.649029] [c1-21:33782:0]          mpool.c:43   UCX  WARN  object 0x12c2a40 was not returned to mpool ucp_requests
[1625700497.649031] [c1-21:33782:0]          mpool.c:43   UCX  WARN  object 0x12c2b40 was not returned to mpool ucp_requests
[1625700497.649033] [c1-21:33782:0]          mpool.c:43   UCX  WARN  object 0x12c2c40 was not returned to mpool ucp_requests
[1625700497.649034] [c1-21:33782:0]          mpool.c:43   UCX  WARN  object 0x12c2d40 was not returned to mpool ucp_requests
[1625700497.649035] [c1-21:33782:0]          mpool.c:43   UCX  WARN  object 0x12c2e40 was not returned to mpool ucp_requests
[1625700497.649036] [c1-21:33782:0]          mpool.c:43   UCX  WARN  object 0x12c2f40 was not returned to mpool ucp_requests
[1625700497.649038] [c1-21:33782:0]          mpool.c:43   UCX  WARN  object 0x12c3040 was not returned to mpool ucp_requests
[1625700497.680281] [c1-21:33784:0]          mpool.c:43   UCX  WARN  object 0xb60d40 was not returned to mpool ucp_requests
[1625700497.680296] [c1-21:33784:0]          mpool.c:43   UCX  WARN  object 0xb60e40 was not returned to mpool ucp_requests
[1625700497.680297] [c1-21:33784:0]          mpool.c:43   UCX  WARN  object 0xb60f40 was not returned to mpool ucp_requests
[1625700497.680299] [c1-21:33784:0]          mpool.c:43   UCX  WARN  object 0xb61040 was not returned to mpool ucp_requests
[1625700497.647070] [c1-9:74621:0]          mpool.c:43   UCX  WARN  object 0x16f1140 was not returned to mpool ucp_requests
[1625700497.647088] [c1-9:74621:0]          mpool.c:43   UCX  WARN  object 0x16f1440 was not returned to mpool ucp_requests
[1625700497.647090] [c1-9:74621:0]          mpool.c:43   UCX  WARN  object 0x16f1640 was not returned to mpool ucp_requests
[1625700497.647092] [c1-9:74621:0]          mpool.c:43   UCX  WARN  object 0x16f1740 was not returned to mpool ucp_requests
[1625700497.647093] [c1-9:74621:0]          mpool.c:43   UCX  WARN  object 0x16f1840 was not returned to mpool ucp_requests
[1625700497.647094] [c1-9:74621:0]          mpool.c:43   UCX  WARN  object 0x16f1940 was not returned to mpool ucp_requests
[1625700497.647095] [c1-9:74621:0]          mpool.c:43   UCX  WARN  object 0x16f1b40 was not returned to mpool ucp_requests
[1625700497.647097] [c1-9:74621:0]          mpool.c:43   UCX  WARN  object 0x16f1c40 was not returned to mpool ucp_requests
[1625700497.647098] [c1-9:74621:0]          mpool.c:43   UCX  WARN  object 0x16f1d40 was not returned to mpool ucp_requests
[1625700497.647099] [c1-9:74621:0]          mpool.c:43   UCX  WARN  object 0x16f1e40 was not returned to mpool ucp_requests
[1625700497.647101] [c1-9:74621:0]          mpool.c:43   UCX  WARN  object 0x16f1f40 was not returned to mpool ucp_requests
[1625700497.647102] [c1-9:74621:0]          mpool.c:43   UCX  WARN  object 0x16f2040 was not returned to mpool ucp_requests
[1625700497.636034] [c1-11:54553:0]          mpool.c:43   UCX  WARN  object 0x23bbd40 was not returned to mpool ucp_requests
[1625700497.636035] [c1-11:54553:0]          mpool.c:43   UCX  WARN  object 0x23bbe40 was not returned to mpool ucp_requests
[1625700497.636037] [c1-11:54553:0]          mpool.c:43   UCX  WARN  object 0x23bbf40 was not returned to mpool ucp_requests
[1625700497.636038] [c1-11:54553:0]          mpool.c:43   UCX  WARN  object 0x23bc040 was not returned to mpool ucp_requests
[1625700497.642245] [c1-11:54554:0]          mpool.c:43   UCX  WARN  object 0x1806d00 was not returned to mpool ucp_requests
[1625700497.642263] [c1-11:54554:0]          mpool.c:43   UCX  WARN  object 0x1806e00 was not returned to mpool ucp_requests
[1625700497.642265] [c1-11:54554:0]          mpool.c:43   UCX  WARN  object 0x1806f00 was not returned to mpool ucp_requests
[1625700497.644450] [c2-24:78041:0]          mpool.c:43   UCX  WARN  object 0x158c940 was not returned to mpool ucp_requests
[1625700497.644466] [c2-24:78041:0]          mpool.c:43   UCX  WARN  object 0x158ca40 was not returned to mpool ucp_requests
[1625700497.644468] [c2-24:78041:0]          mpool.c:43   UCX  WARN  object 0x158cb40 was not returned to mpool ucp_requests
[1625700497.644469] [c2-24:78041:0]          mpool.c:43   UCX  WARN  object 0x158cc40 was not returned to mpool ucp_requests
[1625700497.644471] [c2-24:78041:0]          mpool.c:43   UCX  WARN  object 0x158cd40 was not returned to mpool ucp_requests
[1625700497.644472] [c2-24:78041:0]          mpool.c:43   UCX  WARN  object 0x158ce40 was not returned to mpool ucp_requests
[1625700497.644473] [c2-24:78041:0]          mpool.c:43   UCX  WARN  object 0x158cf40 was not returned to mpool ucp_requests
[1625700497.644474] [c2-24:78041:0]          mpool.c:43   UCX  WARN  object 0x158d040 was not returned to mpool ucp_requests
[1625700497.718944] [c2-24:78043:0]          mpool.c:43   UCX  WARN  object 0xe7a240 was not returned to mpool ucp_requests
[1625700497.718963] [c2-24:78043:0]          mpool.c:43   UCX  WARN  object 0xe7ad40 was not returned to mpool ucp_requests
[1625700497.718965] [c2-24:78043:0]          mpool.c:43   UCX  WARN  object 0xe7af40 was not returned to mpool ucp_requests
[1625700497.718966] [c2-24:78043:0]          mpool.c:43   UCX  WARN  object 0xe7b040 was not returned to mpool ucp_requests
[1625700497.652301] [c3-12:3273 :0]          mpool.c:43   UCX  WARN  object 0x28053c0 was not returned to mpool ucp_requests
[1625700497.652316] [c3-12:3273 :0]          mpool.c:43   UCX  WARN  object 0x28054c0 was not returned to mpool ucp_requests
[1625700497.652318] [c3-12:3273 :0]          mpool.c:43   UCX  WARN  object 0x28055c0 was not returned to mpool ucp_requests
[1625700497.652320] [c3-12:3273 :0]          mpool.c:43   UCX  WARN  object 0x28056c0 was not returned to mpool ucp_requests
[1625700497.652321] [c3-12:3273 :0]          mpool.c:43   UCX  WARN  object 0x28057c0 was not returned to mpool ucp_requests
[1625700497.652322] [c3-12:3273 :0]          mpool.c:43   UCX  WARN  object 0x28058c0 was not returned to mpool ucp_requests
[1625700497.652323] [c3-12:3273 :0]          mpool.c:43   UCX  WARN  object 0x2805ac0 was not returned to mpool ucp_requests
[1625700497.652325] [c3-12:3273 :0]          mpool.c:43   UCX  WARN  object 0x2805bc0 was not returned to mpool ucp_requests
[1625700497.652326] [c3-12:3273 :0]          mpool.c:43   UCX  WARN  object 0x2805cc0 was not returned to mpool ucp_requests
[1625700497.652327] [c3-12:3273 :0]          mpool.c:43   UCX  WARN  object 0x2805dc0 was not returned to mpool ucp_requests
[1625700497.652328] [c3-12:3273 :0]          mpool.c:43   UCX  WARN  object 0x2805ec0 was not returned to mpool ucp_requests
[1625700497.652330] [c3-12:3273 :0]          mpool.c:43   UCX  WARN  object 0x2805fc0 was not returned to mpool ucp_requests
[1625700497.676341] [c3-20:55519:0]          mpool.c:43   UCX  WARN  object 0x1313480 was not returned to mpool ucp_requests
[1625700497.676365] [c3-20:55519:0]          mpool.c:43   UCX  WARN  object 0x1313580 was not returned to mpool ucp_requests
[1625700497.676367] [c3-20:55519:0]          mpool.c:43   UCX  WARN  object 0x1313680 was not returned to mpool ucp_requests
[1625700497.676368] [c3-20:55519:0]          mpool.c:43   UCX  WARN  object 0x1313780 was not returned to mpool ucp_requests
[1625700497.676369] [c3-20:55519:0]          mpool.c:43   UCX  WARN  object 0x1313880 was not returned to mpool ucp_requests
[1625700497.676370] [c3-20:55519:0]          mpool.c:43   UCX  WARN  object 0x1313980 was not returned to mpool ucp_requests
[1625700497.676372] [c3-20:55519:0]          mpool.c:43   UCX  WARN  object 0x1313a80 was not returned to mpool ucp_requests
[1625700497.676373] [c3-20:55519:0]          mpool.c:43   UCX  WARN  object 0x1313b80 was not returned to mpool ucp_requests
[1625700497.676447] [c3-20:55519:0]          mpool.c:43   UCX  WARN  object 0x1313c80 was not returned to mpool ucp_requests
[1625700497.676449] [c3-20:55519:0]          mpool.c:43   UCX  WARN  object 0x1313d80 was not returned to mpool ucp_requests
[1625700497.676450] [c3-20:55519:0]          mpool.c:43   UCX  WARN  object 0x1313e80 was not returned to mpool ucp_requests
[1625700497.676451] [c3-20:55519:0]          mpool.c:43   UCX  WARN  object 0x1313f80 was not returned to mpool ucp_requests
[1625700497.655162] [c3-17:77440:0]          mpool.c:43   UCX  WARN  object 0x12ef180 was not returned to mpool ucp_requests
[1625700497.655177] [c3-17:77440:0]          mpool.c:43   UCX  WARN  object 0x12ef380 was not returned to mpool ucp_requests
[1625700497.655179] [c3-17:77440:0]          mpool.c:43   UCX  WARN  object 0x12ef480 was not returned to mpool ucp_requests
[1625700497.655180] [c3-17:77440:0]          mpool.c:43   UCX  WARN  object 0x12ef580 was not returned to mpool ucp_requests
[1625700497.655181] [c3-17:77440:0]          mpool.c:43   UCX  WARN  object 0x12ef680 was not returned to mpool ucp_requests
[1625700497.655182] [c3-17:77440:0]          mpool.c:43   UCX  WARN  object 0x12ef780 was not returned to mpool ucp_requests
[1625700497.655184] [c3-17:77440:0]          mpool.c:43   UCX  WARN  object 0x12ef880 was not returned to mpool ucp_requests
[1625700497.655185] [c3-17:77440:0]          mpool.c:43   UCX  WARN  object 0x12efb80 was not returned to mpool ucp_requests
[1625700497.655186] [c3-17:77440:0]          mpool.c:43   UCX  WARN  object 0x12efc80 was not returned to mpool ucp_requests
[1625700497.655187] [c3-17:77440:0]          mpool.c:43   UCX  WARN  object 0x12efd80 was not returned to mpool ucp_requests
[1625700497.655189] [c3-17:77440:0]          mpool.c:43   UCX  WARN  object 0x12efe80 was not returned to mpool ucp_requests
[1625700497.655190] [c3-17:77440:0]          mpool.c:43   UCX  WARN  object 0x12eff80 was not returned to mpool ucp_requests
