Starting job 3213301 on c11-[23-25] at Tue Aug 3 12:14:55 CEST 2021

Copying 34_pbe0_.out to /cluster/home/ambr/projects/psp/calcs/doublets
Copying 34_pbe0_.json to /cluster/home/ambr/projects/psp/calcs/doublets

Task and CPU usage stats:
       JobID    JobName  AllocCPUS   NTasks     MinCPU MinCPUTask     AveCPU    Elapsed ExitCode 
------------ ---------- ---------- -------- ---------- ---------- ---------- ---------- -------- 
3213301        34_pbe0_        120                                             00:20:45      1:0 
3213301.bat+      batch         42        1   00:00:01          0   00:00:01   00:20:45      1:0 
3213301.ext+     extern        120        3   00:00:00          2   00:00:00   00:20:45      0:0 
3213301.0      mrchem.x        120       20   00:20:35         19   01:08:59   00:20:36      0:0 

Memory usage stats:
       JobID     MaxRSS MaxRSSTask     AveRSS MaxPages   MaxPagesTask   AvePages 
------------ ---------- ---------- ---------- -------- -------------- ---------- 
3213301                                                                          
3213301.bat+     14232K          0     14232K        0              0          0 
3213301.ext+          0          2          0        0              2          0 
3213301.0      3198964K         12 2765907558        0             19          0 

Disk usage stats:
       JobID  MaxDiskRead MaxDiskReadTask    AveDiskRead MaxDiskWrite MaxDiskWriteTask   AveDiskWrite 
------------ ------------ --------------- -------------- ------------ ---------------- -------------- 
3213301                                                                                               
3213301.bat+      171.24M               0        171.24M      167.52M                0        167.52M 
3213301.ext+        0.00M               2          0.00M            0                2              0 
3213301.0          13.84M              11         11.04M       53.03M                9         32.94M 

Job 3213301 completed at Tue Aug 3 12:35:40 CEST 2021
