                                                                           
                                                                           
***************************************************************************
***                                                                     ***
***                                                                     ***
***          __  __ ____   ____ _                                       ***
***         |  \/  |  _ \ / ___| |__   ___ _ __ ___                     ***
***         | |\/| | |_) | |   | '_ \ / _ \ '_ ` _ \                    ***
***         | |  | |  _ <| |___| | | |  __/ | | | | |                   ***
***         |_|  |_|_| \_\\____|_| |_|\___|_| |_| |_|                   ***
***                                                                     ***
***         VERSION            1.0.1                                    ***
***                                                                     ***
***         Git branch         HEAD                                     ***
***         Git commit hash    9309e3e1e52e5319b766-dirty               ***
***         Git commit author  Stig Rune Jensen                         ***
***         Git commit date    Fri Dec 4 16:08:55 2020 +0100            ***
***                                                                     ***
***         Contact: luca.frediani@uit.no                               ***
***                                                                     ***
***         Radovan Bast            Magnar Bjorgve                      ***
***         Roberto Di Remigio      Antoine Durdek                      ***
***         Luca Frediani           Gabriel Gerez                       ***
***         Stig Rune Jensen        Jonas Juselius                      ***
***         Rune Monstad            Peter Wind                          ***
***                                                                     ***
***************************************************************************

---------------------------------------------------------------------------

 MPI processes           :        (1 bank)                              20
 OpenMP threads          :                                               6
 Total cores             :                                             120
                                                                           
---------------------------------------------------------------------------

XCFun DFT library Copyright 2009-2020 Ulf Ekstrom and contributors.
See http://dftlibs.org/xcfun/ for more information.

This is free software; see the source code for copying conditions.
There is ABSOLUTELY NO WARRANTY; not even for MERCHANTABILITY or
FITNESS FOR A PARTICULAR PURPOSE. For details see the documentation.
Scientific users of this library should cite
U. Ekstrom, L. Visscher, R. Bast, A. J. Thorvaldsen and K. Ruud;
J.Chem.Theor.Comp. 2010, DOI: 10.1021/ct100117s

---------------------------------------------------------------------------

 MRCPP version         : 1.3.6
 Git branch            : HEAD
 Git commit hash       : 9309e3e1e52e5319b766-dirty
 Git commit author     : Stig Rune Jensen
 Git commit date       : Fri Dec 4 16:08:55 2020 +0100

 Linear algebra        : EIGEN v3.3.7
 Parallelization       : MPI/OpenMP (6 threads)

---------------------------------------------------------------------------


                                                                           
===========================================================================
                         MultiResolution Analysis
---------------------------------------------------------------------------
 polynomial order      : 9
 polynomial type       : Interpolating
---------------------------------------------------------------------------
 total boxes           : 8
 boxes                 : [          2           2           2 ]
 unit lengths          : [   16.00000    16.00000    16.00000 ]
 scaling factor        : [    1.00000     1.00000     1.00000 ]
 lower bounds          : [  -16.00000   -16.00000   -16.00000 ]
 upper bounds          : [   16.00000    16.00000    16.00000 ]
 total length          : [   32.00000    32.00000    32.00000 ]
===========================================================================


                                                                           
***************************************************************************
***                                                                     ***
***                        Initializing Molecule                        ***
***                                                                     ***
***************************************************************************
                                                                           
                                                                           
===========================================================================
                                 Molecule
---------------------------------------------------------------------------
 Charge                  :                                               0
 Multiplicity            :                                               2
---------------------------------------------------------------------------
    N    Atom            :               x               y               z
---------------------------------------------------------------------------
    0       C            :        0.000000        0.000000       -1.477315
    1       F            :        0.000000        0.000000        0.933975
---------------------------------------------------------------------------
 Center of mass          :        0.000000        0.000000        0.000000
===========================================================================


                                                                           
***************************************************************************
***                                                                     ***
***                 Computing Ground State Wavefunction                 ***
***                                                                     ***
***************************************************************************
                                                                           
                                                                           
~~~~~~~~~~~~~~~~~~~~~~~~~~~~~~~~~~~~~~~~~~~~~~~~~~~~~~~~~~~~~~~~~~~~~~~~~~~
 Calculation             : Compute initial orbitals
 Method                  : Project MW molecular orbitals
 Precision               : 1.00000e-04
 Restricted              : False
 MO alpha file           : initial_guess/phi_a_scf
 MO beta file            : initial_guess/phi_b_scf
~~~~~~~~~~~~~~~~~~~~~~~~~~~~~~~~~~~~~~~~~~~~~~~~~~~~~~~~~~~~~~~~~~~~~~~~~~~


===========================================================================
                            Molecular Orbitals
---------------------------------------------------------------------------
 Alpha electrons         :                                               8
 Beta electrons          :                                               7
 Total electrons         :                                              15
---------------------------------------------------------------------------
    n  Occ Spin          :                                            Norm
---------------------------------------------------------------------------
    0    1    a          :                              1.000000003062e+00
    1    1    a          :                              1.000000003345e+00
    2    1    a          :                              1.000000000744e+00
    3    1    a          :                              1.000000024646e+00
    4    1    a          :                              1.000000024640e+00
    5    1    a          :                              1.000000000726e+00
    6    1    a          :                              1.000000005907e+00
    7    1    a          :                              1.000000006057e+00
    8    1    b          :                              1.000000002083e+00
    9    1    b          :                              1.000000004287e+00
   10    1    b          :                              9.999999879665e-01
   11    1    b          :                              1.000000022223e+00
   12    1    b          :                              9.999999857973e-01
   13    1    b          :                              1.000000019015e+00
   14    1    b          :                              9.999999728459e-01
===========================================================================


~~~~~~~~~~~~~~~~~~~~~~~~~~~~~~~~~~~~~~~~~~~~~~~~~~~~~~~~~~~~~~~~~~~~~~~~~~~
 Calculation             : Compute initial energy
 Method                  : DFT (PBE0)
 Precision               : 1.00000e-04
 Localization            : On
~~~~~~~~~~~~~~~~~~~~~~~~~~~~~~~~~~~~~~~~~~~~~~~~~~~~~~~~~~~~~~~~~~~~~~~~~~~


===========================================================================
                        Molecular Energy (initial)
---------------------------------------------------------------------------
 Kinetic energy          :            (au)                137.275087151723
 E-N energy              :            (au)               -371.115338892561
 Coulomb energy          :            (au)                 89.326898169372
 Exchange energy         :            (au)                 -3.775778172654
 X-C energy              :            (au)                -11.809153987341
 Ext. field (el)         :            (au)                  0.000000000000
---------------------------------------------------------------------------
 N-N energy              :            (au)                 22.394648472615
 Ext. field (nuc)        :            (au)                  0.000000000000
---------------------------------------------------------------------------
 Electronic energy       :            (au)               -160.098285731460
 Nuclear energy          :            (au)                 22.394648472615
---------------------------------------------------------------------------
 Total energy            :            (au)             -1.377036372588e+02
                         :      (kcal/mol)             -8.641033629567e+04
                         :        (kJ/mol)             -3.615408472957e+05
                         :            (eV)             -3.747106696236e+03
===========================================================================


===========================================================================
                        Orbital Energies (initial)
---------------------------------------------------------------------------
    n  Occ Spin          :                                         Epsilon
---------------------------------------------------------------------------
    0    1    a          :            (au)                -24.876368182945
    1    1    a          :            (au)                -10.377370249739
    2    1    a          :            (au)                 -1.363401711630
    3    1    a          :            (au)                 -0.721934876343
    4    1    a          :            (au)                 -0.577366218472
    5    1    a          :            (au)                 -0.562934509946
    6    1    a          :            (au)                 -0.433445543495
    7    1    a          :            (au)                 -0.232465388014
    8    1    b          :            (au)                -24.872207908844
    9    1    b          :            (au)                -10.361032184146
   10    1    b          :            (au)                 -1.353325385835
   11    1    b          :            (au)                 -0.700719278275
   12    1    b          :            (au)                 -0.559848489593
   13    1    b          :            (au)                 -0.541214095340
   14    1    b          :            (au)                 -0.394569754264
---------------------------------------------------------------------------
 Sum occupied            :            (au)                -77.928203776881
===========================================================================


~~~~~~~~~~~~~~~~~~~~~~~~~~~~~~~~~~~~~~~~~~~~~~~~~~~~~~~~~~~~~~~~~~~~~~~~~~~
 Calculation             : Optimize ground state orbitals
 Method                  : DFT (PBE0)
 Checkpointing           : Off
 Max iterations          : 200
 KAIN solver             : 10
 Localization            : First two iterations
 Diagonalization         : Off
 Start precision         : 1.00000e-06
 Final precision         : 1.00000e-06
 Helmholtz precision     : Dynamic
 Energy threshold        : 1.00000e-06
 Orbital threshold       : 1.00000e-05
~~~~~~~~~~~~~~~~~~~~~~~~~~~~~~~~~~~~~~~~~~~~~~~~~~~~~~~~~~~~~~~~~~~~~~~~~~~


===========================================================================
 Iter           MO residual             Total energy                Update
---------------------------------------------------------------------------
    0          3.872983e+00        -137.703637258845         -1.377036e+02
    1          7.728968e-04        -137.704438690752         -8.014319e-04
    2          6.974555e-04        -137.704472174336         -3.348358e-05
    3          6.894569e-04        -137.704472934417         -7.600811e-07
    4          4.247762e-04        -137.704473468370         -5.339536e-07
    5          8.115524e-04        -137.704474544345         -1.075975e-06
    6          1.056405e-03        -137.704475073559         -5.292140e-07
    7          1.613004e-04        -137.704475160187         -8.662732e-08
    8          2.936964e-04        -137.704475260240         -1.000534e-07
    9          1.063969e-04        -137.704475269178         -8.938457e-09
   10          1.044936e-04        -137.704475268120          1.058766e-09
   11          3.782842e-05        -137.704475287071         -1.895125e-08
   12          1.850625e-05        -137.704475289872         -2.801528e-09
---------------------------------------------------------------------------
                      SCF converged in 12 iterations!
===========================================================================


                                                                           
***************************************************************************
***                                                                     ***
***                    Printing Molecular Properties                    ***
***                                                                     ***
***************************************************************************
                                                                           
                                                                           
===========================================================================
                                 Molecule
---------------------------------------------------------------------------
 Charge                  :                                               0
 Multiplicity            :                                               2
---------------------------------------------------------------------------
    N    Atom            :               x               y               z
---------------------------------------------------------------------------
    0       C            :        0.000000        0.000000       -1.477315
    1       F            :        0.000000        0.000000        0.933975
---------------------------------------------------------------------------
 Center of mass          :        0.000000        0.000000        0.000000
===========================================================================


===========================================================================
                         Molecular Energy (final)
---------------------------------------------------------------------------
 Kinetic energy          :            (au)                137.273608822020
 E-N energy              :            (au)               -371.112920858698
 Coulomb energy          :            (au)                 89.325464013214
 Exchange energy         :            (au)                 -3.776134671912
 X-C energy              :            (au)                -11.809141067112
 Ext. field (el)         :            (au)                  0.000000000000
---------------------------------------------------------------------------
 N-N energy              :            (au)                 22.394648472615
 Ext. field (nuc)        :            (au)                  0.000000000000
---------------------------------------------------------------------------
 Electronic energy       :            (au)               -160.099123762487
 Nuclear energy          :            (au)                 22.394648472615
---------------------------------------------------------------------------
 Total energy            :            (au)             -1.377044752899e+02
                         :      (kcal/mol)             -8.641086216807e+04
                         :        (kJ/mol)             -3.615430475459e+05
                         :            (eV)             -3.747129500221e+03
===========================================================================


===========================================================================
                         Orbital Energies (final)
---------------------------------------------------------------------------
    n  Occ Spin          :                                         Epsilon
---------------------------------------------------------------------------
    0    1    a          :            (au)                -24.877156522335
    1    1    a          :            (au)                -10.377196137497
    2    1    a          :            (au)                 -1.363621908580
    3    1    a          :            (au)                 -0.722129566342
    4    1    a          :            (au)                 -0.577543633412
    5    1    a          :            (au)                 -0.563010560110
    6    1    a          :            (au)                 -0.433356678139
    7    1    a          :            (au)                 -0.232410779501
    8    1    b          :            (au)                -24.872866384700
    9    1    b          :            (au)                -10.360858910225
   10    1    b          :            (au)                 -1.353637013211
   11    1    b          :            (au)                 -0.700915515979
   12    1    b          :            (au)                 -0.560183972704
   13    1    b          :            (au)                 -0.541490443367
   14    1    b          :            (au)                 -0.394490199364
---------------------------------------------------------------------------
 Sum occupied            :            (au)                -77.930868225468
===========================================================================


===========================================================================
                           Dipole Moment (dip-1)
---------------------------------------------------------------------------
 r_O                     :        0.000000        0.000000        0.000000
---------------------------------------------------------------------------
 Electronic vector       :        0.000001        0.000006        0.757097
 Magnitude               :            (au)                        0.757097
                         :         (Debye)                        1.924349
---------------------------------------------------------------------------
 Nuclear vector          :        0.000000        0.000000       -0.458117
 Magnitude               :            (au)                        0.458117
                         :         (Debye)                        1.164416
---------------------------------------------------------------------------
 Total vector            :        0.000001        0.000006        0.298981
 Magnitude               :            (au)                        0.298981
                         :         (Debye)                        0.759933
===========================================================================


                                                                           
                                                                           
***************************************************************************
***                                                                     ***
***                            Exiting MRChem                           ***
***                                                                     ***
***                       Wall time :  0h 20m 34s                       ***
***                                                                     ***
***************************************************************************
                                                                           
                                                                           
