                                                                           
                                                                           
***************************************************************************
***                                                                     ***
***                                                                     ***
***          __  __ ____   ____ _                                       ***
***         |  \/  |  _ \ / ___| |__   ___ _ __ ___                     ***
***         | |\/| | |_) | |   | '_ \ / _ \ '_ ` _ \                    ***
***         | |  | |  _ <| |___| | | |  __/ | | | | |                   ***
***         |_|  |_|_| \_\\____|_| |_|\___|_| |_| |_|                   ***
***                                                                     ***
***         VERSION            1.0.1                                    ***
***                                                                     ***
***         Git branch         HEAD                                     ***
***         Git commit hash    9309e3e1e52e5319b766-dirty               ***
***         Git commit author  Stig Rune Jensen                         ***
***         Git commit date    Fri Dec 4 16:08:55 2020 +0100            ***
***                                                                     ***
***         Contact: luca.frediani@uit.no                               ***
***                                                                     ***
***         Radovan Bast            Magnar Bjorgve                      ***
***         Roberto Di Remigio      Antoine Durdek                      ***
***         Luca Frediani           Gabriel Gerez                       ***
***         Stig Rune Jensen        Jonas Juselius                      ***
***         Rune Monstad            Peter Wind                          ***
***                                                                     ***
***************************************************************************

---------------------------------------------------------------------------

 MPI processes           :        (1 bank)                              20
 OpenMP threads          :                                              10
 Total cores             :                                             200
                                                                           
---------------------------------------------------------------------------

XCFun DFT library Copyright 2009-2020 Ulf Ekstrom and contributors.
See http://dftlibs.org/xcfun/ for more information.

This is free software; see the source code for copying conditions.
There is ABSOLUTELY NO WARRANTY; not even for MERCHANTABILITY or
FITNESS FOR A PARTICULAR PURPOSE. For details see the documentation.
Scientific users of this library should cite
U. Ekstrom, L. Visscher, R. Bast, A. J. Thorvaldsen and K. Ruud;
J.Chem.Theor.Comp. 2010, DOI: 10.1021/ct100117s

---------------------------------------------------------------------------

 MRCPP version         : 1.3.6
 Git branch            : HEAD
 Git commit hash       : 9309e3e1e52e5319b766-dirty
 Git commit author     : Stig Rune Jensen
 Git commit date       : Fri Dec 4 16:08:55 2020 +0100

 Linear algebra        : EIGEN v3.3.7
 Parallelization       : MPI/OpenMP (10 threads)

---------------------------------------------------------------------------


                                                                           
===========================================================================
                         MultiResolution Analysis
---------------------------------------------------------------------------
 polynomial order      : 9
 polynomial type       : Interpolating
---------------------------------------------------------------------------
 total boxes           : 8
 boxes                 : [          2           2           2 ]
 unit lengths          : [   16.00000    16.00000    16.00000 ]
 scaling factor        : [    1.00000     1.00000     1.00000 ]
 lower bounds          : [  -16.00000   -16.00000   -16.00000 ]
 upper bounds          : [   16.00000    16.00000    16.00000 ]
 total length          : [   32.00000    32.00000    32.00000 ]
===========================================================================


                                                                           
***************************************************************************
***                                                                     ***
***                        Initializing Molecule                        ***
***                                                                     ***
***************************************************************************
                                                                           
                                                                           
===========================================================================
                                 Molecule
---------------------------------------------------------------------------
 Charge                  :                                               0
 Multiplicity            :                                               1
---------------------------------------------------------------------------
    N    Atom            :               x               y               z
---------------------------------------------------------------------------
    0       C            :        0.000000        0.000000       -1.217781
    1       O            :        0.000000        0.000000        0.914208
---------------------------------------------------------------------------
 Center of mass          :        0.000000        0.000000       -0.000000
===========================================================================


                                                                           
***************************************************************************
***                                                                     ***
***                 Computing Ground State Wavefunction                 ***
***                                                                     ***
***************************************************************************
                                                                           
                                                                           
~~~~~~~~~~~~~~~~~~~~~~~~~~~~~~~~~~~~~~~~~~~~~~~~~~~~~~~~~~~~~~~~~~~~~~~~~~~
 Calculation             : Compute initial orbitals
 Method                  : Diagonalize SAD Hamiltonian
 Precision               : 1.00000e-03
 Restricted              : True
 Functional              : LDA (SVWN5)
 AO basis                : Hydrogenic orbitals
 Zeta quality            : 2
~~~~~~~~~~~~~~~~~~~~~~~~~~~~~~~~~~~~~~~~~~~~~~~~~~~~~~~~~~~~~~~~~~~~~~~~~~~


===========================================================================
                            Molecular Orbitals
---------------------------------------------------------------------------
 Alpha electrons         :                                               7
 Beta electrons          :                                               7
 Total electrons         :                                              14
---------------------------------------------------------------------------
    n  Occ Spin          :                                            Norm
---------------------------------------------------------------------------
    0    2    p          :                              9.999993277046e-01
    1    2    p          :                              9.999996004619e-01
    2    2    p          :                              1.000000119289e+00
    3    2    p          :                              1.000000905354e+00
    4    2    p          :                              9.999999612401e-01
    5    2    p          :                              9.999999568566e-01
    6    2    p          :                              9.999929362061e-01
===========================================================================


~~~~~~~~~~~~~~~~~~~~~~~~~~~~~~~~~~~~~~~~~~~~~~~~~~~~~~~~~~~~~~~~~~~~~~~~~~~
 Calculation             : Compute initial energy
 Method                  : DFT (PBE0)
 Precision               : 1.00000e-03
 Localization            : Off
~~~~~~~~~~~~~~~~~~~~~~~~~~~~~~~~~~~~~~~~~~~~~~~~~~~~~~~~~~~~~~~~~~~~~~~~~~~


===========================================================================
                        Molecular Energy (initial)
---------------------------------------------------------------------------
 Kinetic energy          :            (au)                119.651939820364
 E-N energy              :            (au)               -318.641086694565
 Coulomb energy          :            (au)                 77.796513450811
 Exchange energy         :            (au)                 -3.398823797913
 X-C energy              :            (au)                -10.718009317360
 Ext. field (el)         :            (au)                  0.000000000000
---------------------------------------------------------------------------
 N-N energy              :            (au)                 22.514188934364
 Ext. field (nuc)        :            (au)                  0.000000000000
---------------------------------------------------------------------------
 Electronic energy       :            (au)               -135.309466538663
 Nuclear energy          :            (au)                 22.514188934364
---------------------------------------------------------------------------
 Total energy            :            (au)             -1.127952776043e+02
                         :      (kcal/mol)             -7.078010475518e+04
                         :        (kJ/mol)             -2.961439584879e+05
                         :            (eV)             -3.069315730712e+03
===========================================================================


===========================================================================
                        Orbital Energies (initial)
---------------------------------------------------------------------------
    n  Occ Spin          :                                         Epsilon
---------------------------------------------------------------------------
    0    2    p          :            (au)                -18.856222711426
    1    2    p          :            (au)                -10.334161986366
    2    2    p          :            (au)                 -1.135951898243
    3    2    p          :            (au)                 -0.476766223618
    4    2    p          :            (au)                 -0.412500719940
    5    2    p          :            (au)                 -0.405077333661
    6    2    p          :            (au)                 -0.366834265291
---------------------------------------------------------------------------
 Sum occupied            :            (au)                -63.975030277090
===========================================================================


~~~~~~~~~~~~~~~~~~~~~~~~~~~~~~~~~~~~~~~~~~~~~~~~~~~~~~~~~~~~~~~~~~~~~~~~~~~
 Calculation             : Optimize ground state orbitals
 Method                  : DFT (PBE0)
 Checkpointing           : Off
 Max iterations          : 200
 KAIN solver             : 10
 Localization            : Off
 Diagonalization         : First two iterations
 Start precision         : 1.00000e-06
 Final precision         : 1.00000e-06
 Helmholtz precision     : Dynamic
 Energy threshold        : 1.00000e-06
 Orbital threshold       : 1.00000e-05
~~~~~~~~~~~~~~~~~~~~~~~~~~~~~~~~~~~~~~~~~~~~~~~~~~~~~~~~~~~~~~~~~~~~~~~~~~~


===========================================================================
 Iter           MO residual             Total energy                Update
---------------------------------------------------------------------------
    0          2.645751e+00        -112.795277604298         -1.127953e+02
    1          2.185479e-01        -113.200397288973         -4.051197e-01
    2          8.743962e-02        -113.227366934237         -2.696965e-02
    3          4.916775e-02        -113.236459294223         -9.092360e-03
    4          1.239878e-02        -113.237441462309         -9.821681e-04
    5          7.471560e-03        -113.237822011662         -3.805494e-04
    6          5.172229e-03        -113.237946447158         -1.244355e-04
    7          3.883717e-03        -113.237984244782         -3.779762e-05
    8          3.173071e-03        -113.237999871122         -1.562634e-05
    9          9.879797e-04        -113.238003006491         -3.135368e-06
   10          2.851191e-04        -113.238003486215         -4.797243e-07
   11          1.214466e-04        -113.238003543103         -5.688835e-08
   12          4.724396e-05        -113.238003554565         -1.146191e-08
   13          1.586496e-05        -113.238003555583         -1.018208e-09
   14          6.337993e-06        -113.238003555779         -1.956550e-10
---------------------------------------------------------------------------
                      SCF converged in 14 iterations!
===========================================================================


                                                                           
***************************************************************************
***                                                                     ***
***                    Printing Molecular Properties                    ***
***                                                                     ***
***************************************************************************
                                                                           
                                                                           
===========================================================================
                                 Molecule
---------------------------------------------------------------------------
 Charge                  :                                               0
 Multiplicity            :                                               1
---------------------------------------------------------------------------
    N    Atom            :               x               y               z
---------------------------------------------------------------------------
    0       C            :        0.000000        0.000000       -1.217781
    1       O            :        0.000000        0.000000        0.914208
---------------------------------------------------------------------------
 Center of mass          :        0.000000        0.000000       -0.000000
===========================================================================


===========================================================================
                         Molecular Energy (final)
---------------------------------------------------------------------------
 Kinetic energy          :            (au)                112.830033976296
 E-N energy              :            (au)               -311.190904628552
 Coulomb energy          :            (au)                 76.371959850996
 Exchange energy         :            (au)                 -3.326204404520
 X-C energy              :            (au)                -10.437077284364
 Ext. field (el)         :            (au)                  0.000000000000
---------------------------------------------------------------------------
 N-N energy              :            (au)                 22.514188934364
 Ext. field (nuc)        :            (au)                  0.000000000000
---------------------------------------------------------------------------
 Electronic energy       :            (au)               -135.752192490143
 Nuclear energy          :            (au)                 22.514188934364
---------------------------------------------------------------------------
 Total energy            :            (au)             -1.132380035558e+02
                         :      (kcal/mol)             -7.105791948191e+04
                         :        (kJ/mol)             -2.973063353053e+05
                         :            (eV)             -3.081362917050e+03
===========================================================================


===========================================================================
                         Orbital Energies (final)
---------------------------------------------------------------------------
    n  Occ Spin          :                                         Epsilon
---------------------------------------------------------------------------
    0    2    p          :            (au)                -19.314481137634
    1    2    p          :            (au)                -10.344327604687
    2    2    p          :            (au)                 -1.197499774505
    3    2    p          :            (au)                 -0.599621869102
    4    2    p          :            (au)                 -0.496022369196
    5    2    p          :            (au)                 -0.496022363753
    6    2    p          :            (au)                 -0.394997906819
---------------------------------------------------------------------------
 Sum occupied            :            (au)                -65.685946051395
===========================================================================


===========================================================================
                           Dipole Moment (dip-1)
---------------------------------------------------------------------------
 r_O                     :        0.000000        0.000000        0.000000
---------------------------------------------------------------------------
 Electronic vector       :       -0.000000       -0.000000        0.033060
 Magnitude               :            (au)                        0.033060
                         :         (Debye)                        0.084030
---------------------------------------------------------------------------
 Nuclear vector          :        0.000000        0.000000        0.006972
 Magnitude               :            (au)                        0.006972
                         :         (Debye)                        0.017721
---------------------------------------------------------------------------
 Total vector            :       -0.000000       -0.000000        0.040032
 Magnitude               :            (au)                        0.040032
                         :         (Debye)                        0.101751
===========================================================================


                                                                           
                                                                           
***************************************************************************
***                                                                     ***
***                            Exiting MRChem                           ***
***                                                                     ***
***                       Wall time :  0h 12m  6s                       ***
***                                                                     ***
***************************************************************************
                                                                           
                                                                           
