Starting job 3125948 on c2-[4,6],c5-[41-42,44-46,51,56-57] at Thu Jul 8 01:42:56 CEST 2021

Copying 39_pbe0_.out to /cluster/home/ambr/projects/psp/calcs
Copying 39_pbe0_.json to /cluster/home/ambr/projects/psp/calcs

Task and CPU usage stats:
       JobID    JobName  AllocCPUS   NTasks     MinCPU MinCPUTask     AveCPU    Elapsed ExitCode 
------------ ---------- ---------- -------- ---------- ---------- ---------- ---------- -------- 
3125948        39_pbe0_        200                                             00:26:12      1:0 
3125948.bat+      batch         20        1   00:00:01          0   00:00:01   00:26:12      1:0 
3125948.ext+     extern        200       10   00:00:00          9   00:00:00   00:26:12      0:0 
3125948.0      mrchem.x        200       20   00:26:07         19   01:47:16   00:26:09      0:0 

Memory usage stats:
       JobID     MaxRSS MaxRSSTask     AveRSS MaxPages   MaxPagesTask   AvePages 
------------ ---------- ---------- ---------- -------- -------------- ---------- 
3125948                                                                          
3125948.bat+     14900K          0     14900K        0              0          0 
3125948.ext+          0          9          0        0              9          0 
3125948.0      3596980K          2 2716463923        0             19          0 

Disk usage stats:
       JobID  MaxDiskRead MaxDiskReadTask    AveDiskRead MaxDiskWrite MaxDiskWriteTask   AveDiskWrite 
------------ ------------ --------------- -------------- ------------ ---------------- -------------- 
3125948                                                                                               
3125948.bat+        3.55M               0          3.55M        0.02M                0          0.02M 
3125948.ext+        0.00M               9          0.00M            0                9              0 
3125948.0           2.07M               8          2.05M       70.67M                2         21.77M 

Job 3125948 completed at Thu Jul 8 02:09:09 CEST 2021
