Starting job 3125951 on c2-[34-35,41,45],c11-[24-25,31] at Thu Jul 8 01:59:32 CEST 2021

Copying 40_b3lyp-g_.out to /cluster/home/ambr/projects/psp/calcs
Copying 40_b3lyp-g_.json to /cluster/home/ambr/projects/psp/calcs

Task and CPU usage stats:
       JobID    JobName  AllocCPUS   NTasks     MinCPU MinCPUTask     AveCPU    Elapsed ExitCode 
------------ ---------- ---------- -------- ---------- ---------- ---------- ---------- -------- 
3125951      40_b3lyp-+        200                                             00:31:30      1:0 
3125951.bat+      batch         30        1   00:00:00          0   00:00:00   00:31:30      1:0 
3125951.ext+     extern        200        7   00:00:00          6   00:00:00   00:31:30      0:0 
3125951.0      mrchem.x        200       20   00:31:23         19   02:35:18   00:31:25      0:0 

Memory usage stats:
       JobID     MaxRSS MaxRSSTask     AveRSS MaxPages   MaxPagesTask   AvePages 
------------ ---------- ---------- ---------- -------- -------------- ---------- 
3125951                                                                          
3125951.bat+     14744K          0     14744K        0              0          0 
3125951.ext+          0          6          0        0              6          0 
3125951.0      4450836K         11 3369451315        0             13          0 

Disk usage stats:
       JobID  MaxDiskRead MaxDiskReadTask    AveDiskRead MaxDiskWrite MaxDiskWriteTask   AveDiskWrite 
------------ ------------ --------------- -------------- ------------ ---------------- -------------- 
3125951                                                                                               
3125951.bat+        3.55M               0          3.55M        0.02M                0          0.02M 
3125951.ext+        0.00M               6          0.00M            0                6              0 
3125951.0           2.67M              18          2.39M       86.35M                4         30.88M 

Job 3125951 completed at Thu Jul 8 02:31:02 CEST 2021
