                                                                           
                                                                           
***************************************************************************
***                                                                     ***
***                                                                     ***
***          __  __ ____   ____ _                                       ***
***         |  \/  |  _ \ / ___| |__   ___ _ __ ___                     ***
***         | |\/| | |_) | |   | '_ \ / _ \ '_ ` _ \                    ***
***         | |  | |  _ <| |___| | | |  __/ | | | | |                   ***
***         |_|  |_|_| \_\\____|_| |_|\___|_| |_| |_|                   ***
***                                                                     ***
***         VERSION            1.0.1                                    ***
***                                                                     ***
***         Git branch         HEAD                                     ***
***         Git commit hash    9309e3e1e52e5319b766-dirty               ***
***         Git commit author  Stig Rune Jensen                         ***
***         Git commit date    Fri Dec 4 16:08:55 2020 +0100            ***
***                                                                     ***
***         Contact: luca.frediani@uit.no                               ***
***                                                                     ***
***         Radovan Bast            Magnar Bjorgve                      ***
***         Roberto Di Remigio      Antoine Durdek                      ***
***         Luca Frediani           Gabriel Gerez                       ***
***         Stig Rune Jensen        Jonas Juselius                      ***
***         Rune Monstad            Peter Wind                          ***
***                                                                     ***
***************************************************************************

---------------------------------------------------------------------------

 MPI processes           :        (1 bank)                              20
 OpenMP threads          :                                              10
 Total cores             :                                             200
                                                                           
---------------------------------------------------------------------------

XCFun DFT library Copyright 2009-2020 Ulf Ekstrom and contributors.
See http://dftlibs.org/xcfun/ for more information.

This is free software; see the source code for copying conditions.
There is ABSOLUTELY NO WARRANTY; not even for MERCHANTABILITY or
FITNESS FOR A PARTICULAR PURPOSE. For details see the documentation.
Scientific users of this library should cite
U. Ekstrom, L. Visscher, R. Bast, A. J. Thorvaldsen and K. Ruud;
J.Chem.Theor.Comp. 2010, DOI: 10.1021/ct100117s

---------------------------------------------------------------------------

 MRCPP version         : 1.3.6
 Git branch            : HEAD
 Git commit hash       : 9309e3e1e52e5319b766-dirty
 Git commit author     : Stig Rune Jensen
 Git commit date       : Fri Dec 4 16:08:55 2020 +0100

 Linear algebra        : EIGEN v3.3.7
 Parallelization       : MPI/OpenMP (10 threads)

---------------------------------------------------------------------------


                                                                           
===========================================================================
                         MultiResolution Analysis
---------------------------------------------------------------------------
 polynomial order      : 9
 polynomial type       : Interpolating
---------------------------------------------------------------------------
 total boxes           : 8
 boxes                 : [          2           2           2 ]
 unit lengths          : [   16.00000    16.00000    16.00000 ]
 scaling factor        : [    1.00000     1.00000     1.00000 ]
 lower bounds          : [  -16.00000   -16.00000   -16.00000 ]
 upper bounds          : [   16.00000    16.00000    16.00000 ]
 total length          : [   32.00000    32.00000    32.00000 ]
===========================================================================


                                                                           
***************************************************************************
***                                                                     ***
***                        Initializing Molecule                        ***
***                                                                     ***
***************************************************************************
                                                                           
                                                                           
===========================================================================
                                 Molecule
---------------------------------------------------------------------------
 Charge                  :                                               0
 Multiplicity            :                                               1
---------------------------------------------------------------------------
    N    Atom            :               x               y               z
---------------------------------------------------------------------------
    0       C            :        0.000000        0.000000        1.057195
    1       H            :        0.000000        0.000000        3.067864
    2       N            :        0.000000        0.000000       -1.127328
---------------------------------------------------------------------------
 Center of mass          :        0.000000        0.000000       -0.000000
===========================================================================


                                                                           
***************************************************************************
***                                                                     ***
***                 Computing Ground State Wavefunction                 ***
***                                                                     ***
***************************************************************************
                                                                           
                                                                           
~~~~~~~~~~~~~~~~~~~~~~~~~~~~~~~~~~~~~~~~~~~~~~~~~~~~~~~~~~~~~~~~~~~~~~~~~~~
 Calculation             : Compute initial orbitals
 Method                  : Diagonalize SAD Hamiltonian
 Precision               : 1.00000e-03
 Restricted              : True
 Functional              : LDA (SVWN5)
 AO basis                : Hydrogenic orbitals
 Zeta quality            : 2
~~~~~~~~~~~~~~~~~~~~~~~~~~~~~~~~~~~~~~~~~~~~~~~~~~~~~~~~~~~~~~~~~~~~~~~~~~~


===========================================================================
                            Molecular Orbitals
---------------------------------------------------------------------------
 Alpha electrons         :                                               7
 Beta electrons          :                                               7
 Total electrons         :                                              14
---------------------------------------------------------------------------
    n  Occ Spin          :                                            Norm
---------------------------------------------------------------------------
    0    2    p          :                              9.999995396492e-01
    1    2    p          :                              9.999965305708e-01
    2    2    p          :                              1.000000137216e+00
    3    2    p          :                              1.000001433277e+00
    4    2    p          :                              9.999987383998e-01
    5    2    p          :                              9.999999997339e-01
    6    2    p          :                              9.999999997332e-01
===========================================================================


~~~~~~~~~~~~~~~~~~~~~~~~~~~~~~~~~~~~~~~~~~~~~~~~~~~~~~~~~~~~~~~~~~~~~~~~~~~
 Calculation             : Compute initial energy
 Method                  : DFT (PBE0)
 Precision               : 1.00000e-03
 Localization            : Off
~~~~~~~~~~~~~~~~~~~~~~~~~~~~~~~~~~~~~~~~~~~~~~~~~~~~~~~~~~~~~~~~~~~~~~~~~~~


===========================================================================
                        Molecular Energy (initial)
---------------------------------------------------------------------------
 Kinetic energy          :            (au)                 98.849530733140
 E-N energy              :            (au)               -272.104894059625
 Coulomb energy          :            (au)                 69.305101080162
 Exchange energy         :            (au)                 -3.064093422153
 X-C energy              :            (au)                 -9.708499903393
 Ext. field (el)         :            (au)                  0.000000000000
---------------------------------------------------------------------------
 N-N energy              :            (au)                 23.878822197625
 Ext. field (nuc)        :            (au)                  0.000000000000
---------------------------------------------------------------------------
 Electronic energy       :            (au)               -116.722855571869
 Nuclear energy          :            (au)                 23.878822197625
---------------------------------------------------------------------------
 Total energy            :            (au)             -9.284403337424e+01
                         :      (kcal/mol)             -5.826051008249e+04
                         :        (kJ/mol)             -2.437619743433e+05
                         :            (eV)             -2.526414741742e+03
===========================================================================


===========================================================================
                        Orbital Energies (initial)
---------------------------------------------------------------------------
    n  Occ Spin          :                                         Epsilon
---------------------------------------------------------------------------
    0    2    p          :            (au)                -13.850991123969
    1    2    p          :            (au)                -10.384914183973
    2    2    p          :            (au)                 -0.885663971707
    3    2    p          :            (au)                 -0.717698773060
    4    2    p          :            (au)                 -0.298817648221
    5    2    p          :            (au)                 -0.298813264295
    6    2    p          :            (au)                 -0.188040942316
---------------------------------------------------------------------------
 Sum occupied            :            (au)                -53.249879815081
===========================================================================


~~~~~~~~~~~~~~~~~~~~~~~~~~~~~~~~~~~~~~~~~~~~~~~~~~~~~~~~~~~~~~~~~~~~~~~~~~~
 Calculation             : Optimize ground state orbitals
 Method                  : DFT (PBE0)
 Checkpointing           : Off
 Max iterations          : 200
 KAIN solver             : 10
 Localization            : Off
 Diagonalization         : First two iterations
 Start precision         : 1.00000e-06
 Final precision         : 1.00000e-06
 Helmholtz precision     : Dynamic
 Energy threshold        : 1.00000e-06
 Orbital threshold       : 1.00000e-05
~~~~~~~~~~~~~~~~~~~~~~~~~~~~~~~~~~~~~~~~~~~~~~~~~~~~~~~~~~~~~~~~~~~~~~~~~~~


===========================================================================
 Iter           MO residual             Total energy                Update
---------------------------------------------------------------------------
    0          2.645751e+00         -92.844033374245         -9.284403e+01
    1          2.985022e-01         -93.292461909474         -4.484285e-01
    2          9.845701e-02         -93.334916792352         -4.245488e-02
    3          5.828325e-02         -93.340802742946         -5.885951e-03
    4          4.191272e-02         -93.348804409531         -8.001667e-03
    5          1.379699e-02         -93.350255259322         -1.450850e-03
    6          1.767667e-02         -93.351377669009         -1.122410e-03
    7          3.608810e-03         -93.351466220574         -8.855156e-05
    8          2.431981e-03         -93.351489922812         -2.370224e-05
    9          1.937010e-03         -93.351496806122         -6.883310e-06
   10          4.074979e-04         -93.351497655508         -8.493860e-07
   11          1.331478e-04         -93.351497765262         -1.097540e-07
   12          8.087138e-05         -93.351497777962         -1.269987e-08
   13          4.580293e-05         -93.351497785327         -7.364548e-09
   14          4.113544e-05         -93.351497787855         -2.527997e-09
   15          2.010056e-05         -93.351497788647         -7.921983e-10
   16          7.479205e-06         -93.351497788777         -1.298304e-10
---------------------------------------------------------------------------
                      SCF converged in 16 iterations!
===========================================================================


                                                                           
***************************************************************************
***                                                                     ***
***                    Printing Molecular Properties                    ***
***                                                                     ***
***************************************************************************
                                                                           
                                                                           
===========================================================================
                                 Molecule
---------------------------------------------------------------------------
 Charge                  :                                               0
 Multiplicity            :                                               1
---------------------------------------------------------------------------
    N    Atom            :               x               y               z
---------------------------------------------------------------------------
    0       C            :        0.000000        0.000000        1.057195
    1       H            :        0.000000        0.000000        3.067864
    2       N            :        0.000000        0.000000       -1.127328
---------------------------------------------------------------------------
 Center of mass          :        0.000000        0.000000       -0.000000
===========================================================================


===========================================================================
                         Molecular Energy (final)
---------------------------------------------------------------------------
 Kinetic energy          :            (au)                 92.935898414076
 E-N energy              :            (au)               -265.733829063834
 Coulomb energy          :            (au)                 68.050463274899
 Exchange energy         :            (au)                 -3.009129704541
 X-C energy              :            (au)                 -9.473722907001
 Ext. field (el)         :            (au)                  0.000000000000
---------------------------------------------------------------------------
 N-N energy              :            (au)                 23.878822197625
 Ext. field (nuc)        :            (au)                  0.000000000000
---------------------------------------------------------------------------
 Electronic energy       :            (au)               -117.230319986401
 Nuclear energy          :            (au)                 23.878822197625
---------------------------------------------------------------------------
 Total energy            :            (au)             -9.335149778878e+01
                         :      (kcal/mol)             -5.857894880779e+04
                         :        (kJ/mol)             -2.450943219709e+05
                         :            (eV)             -2.540223551325e+03
===========================================================================


===========================================================================
                         Orbital Energies (final)
---------------------------------------------------------------------------
    n  Occ Spin          :                                         Epsilon
---------------------------------------------------------------------------
    0    2    p          :            (au)                -14.411900601323
    1    2    p          :            (au)                -10.281932941050
    2    2    p          :            (au)                 -0.951569007809
    3    2    p          :            (au)                 -0.629770612000
    4    2    p          :            (au)                 -0.404608549503
    5    2    p          :            (au)                 -0.382027908624
    6    2    p          :            (au)                 -0.382027899825
---------------------------------------------------------------------------
 Sum occupied            :            (au)                -54.887675040269
===========================================================================


===========================================================================
                           Dipole Moment (dip-1)
---------------------------------------------------------------------------
 r_O                     :        0.000000        0.000000        0.000000
---------------------------------------------------------------------------
 Electronic vector       :        0.000000        0.000000       -0.324489
 Magnitude               :            (au)                        0.324489
                         :         (Debye)                        0.824769
---------------------------------------------------------------------------
 Nuclear vector          :        0.000000        0.000000        1.519737
 Magnitude               :            (au)                        1.519737
                         :         (Debye)                        3.862785
---------------------------------------------------------------------------
 Total vector            :        0.000000        0.000000        1.195248
 Magnitude               :            (au)                        1.195248
                         :         (Debye)                        3.038016
===========================================================================


                                                                           
                                                                           
***************************************************************************
***                                                                     ***
***                            Exiting MRChem                           ***
***                                                                     ***
***                       Wall time :  0h 13m 24s                       ***
***                                                                     ***
***************************************************************************
                                                                           
                                                                           
[1625703506.399720] [c1-11:57638:0]          mpool.c:43   UCX  WARN  object 0xb88a00 was not returned to mpool ucp_requests
[1625703506.399740] [c1-11:57638:0]          mpool.c:43   UCX  WARN  object 0xb89400 was not returned to mpool ucp_requests
[1625703506.399742] [c1-11:57638:0]          mpool.c:43   UCX  WARN  object 0xb89500 was not returned to mpool ucp_requests
[1625703506.399743] [c1-11:57638:0]          mpool.c:43   UCX  WARN  object 0xb89600 was not returned to mpool ucp_requests
[1625703506.399745] [c1-11:57638:0]          mpool.c:43   UCX  WARN  object 0xb89700 was not returned to mpool ucp_requests
[1625703506.399746] [c1-11:57638:0]          mpool.c:43   UCX  WARN  object 0xb89800 was not returned to mpool ucp_requests
[1625703506.399747] [c1-11:57638:0]          mpool.c:43   UCX  WARN  object 0xb89900 was not returned to mpool ucp_requests
[1625703506.399749] [c1-11:57638:0]          mpool.c:43   UCX  WARN  object 0xb89a00 was not returned to mpool ucp_requests
[1625703506.400127] [c3-12:8657 :0]          mpool.c:43   UCX  WARN  object 0x12ead00 was not returned to mpool ucp_requests
[1625703506.400143] [c3-12:8657 :0]          mpool.c:43   UCX  WARN  object 0x12eae00 was not returned to mpool ucp_requests
[1625703506.400145] [c3-12:8657 :0]          mpool.c:43   UCX  WARN  object 0x12eaf00 was not returned to mpool ucp_requests
[1625703506.420755] [c1-21:34981:0]          mpool.c:43   UCX  WARN  object 0xb30940 was not returned to mpool ucp_requests
[1625703506.420777] [c1-21:34981:0]          mpool.c:43   UCX  WARN  object 0xb30a40 was not returned to mpool ucp_requests
[1625703506.420779] [c1-21:34981:0]          mpool.c:43   UCX  WARN  object 0xb30b40 was not returned to mpool ucp_requests
[1625703506.420780] [c1-21:34981:0]          mpool.c:43   UCX  WARN  object 0xb30c40 was not returned to mpool ucp_requests
[1625703506.420781] [c1-21:34981:0]          mpool.c:43   UCX  WARN  object 0xb30d40 was not returned to mpool ucp_requests
[1625703506.420783] [c1-21:34981:0]          mpool.c:43   UCX  WARN  object 0xb30e40 was not returned to mpool ucp_requests
[1625703506.420784] [c1-21:34981:0]          mpool.c:43   UCX  WARN  object 0xb30f40 was not returned to mpool ucp_requests
[1625703506.420785] [c1-21:34981:0]          mpool.c:43   UCX  WARN  object 0xb31040 was not returned to mpool ucp_requests
[1625703506.433506] [c1-9:81456:0]          mpool.c:43   UCX  WARN  object 0x1035340 was not returned to mpool ucp_requests
[1625703506.433523] [c1-9:81456:0]          mpool.c:43   UCX  WARN  object 0x1035540 was not returned to mpool ucp_requests
[1625703506.433525] [c1-9:81456:0]          mpool.c:43   UCX  WARN  object 0x1035640 was not returned to mpool ucp_requests
[1625703506.433526] [c1-9:81456:0]          mpool.c:43   UCX  WARN  object 0x1035740 was not returned to mpool ucp_requests
[1625703506.433528] [c1-9:81456:0]          mpool.c:43   UCX  WARN  object 0x1035840 was not returned to mpool ucp_requests
[1625703506.433529] [c1-9:81456:0]          mpool.c:43   UCX  WARN  object 0x1035940 was not returned to mpool ucp_requests
[1625703506.433530] [c1-9:81456:0]          mpool.c:43   UCX  WARN  object 0x1035b40 was not returned to mpool ucp_requests
[1625703506.433531] [c1-9:81456:0]          mpool.c:43   UCX  WARN  object 0x1035c40 was not returned to mpool ucp_requests
[1625703506.399750] [c1-11:57638:0]          mpool.c:43   UCX  WARN  object 0xb89b00 was not returned to mpool ucp_requests
[1625703506.399751] [c1-11:57638:0]          mpool.c:43   UCX  WARN  object 0xb89c00 was not returned to mpool ucp_requests
[1625703506.399752] [c1-11:57638:0]          mpool.c:43   UCX  WARN  object 0xb89e00 was not returned to mpool ucp_requests
[1625703506.399754] [c1-11:57638:0]          mpool.c:43   UCX  WARN  object 0xb89f00 was not returned to mpool ucp_requests
[1625703506.428146] [c1-1:37812:0]          mpool.c:43   UCX  WARN  object 0x168e740 was not returned to mpool ucp_requests
[1625703506.428166] [c1-1:37812:0]          mpool.c:43   UCX  WARN  object 0x168ee40 was not returned to mpool ucp_requests
[1625703506.428168] [c1-1:37812:0]          mpool.c:43   UCX  WARN  object 0x168f040 was not returned to mpool ucp_requests
[1625703506.393178] [c2-24:79203:0]          mpool.c:43   UCX  WARN  object 0x2249d00 was not returned to mpool ucp_requests
[1625703506.393193] [c2-24:79203:0]          mpool.c:43   UCX  WARN  object 0x2249e00 was not returned to mpool ucp_requests
[1625703506.393195] [c2-24:79203:0]          mpool.c:43   UCX  WARN  object 0x2249f00 was not returned to mpool ucp_requests
[1625703506.440257] [c1-8:39760:0]          mpool.c:43   UCX  WARN  object 0x20fde40 was not returned to mpool ucp_requests
[1625703506.440271] [c1-8:39760:0]          mpool.c:43   UCX  WARN  object 0x20fdf40 was not returned to mpool ucp_requests
[1625703506.440273] [c1-8:39760:0]          mpool.c:43   UCX  WARN  object 0x20fe040 was not returned to mpool ucp_requests
[1625703506.397567] [c3-17:78550:0]          mpool.c:43   UCX  WARN  object 0xe8bf00 was not returned to mpool ucp_requests
[1625703506.397582] [c3-17:78550:0]          mpool.c:43   UCX  WARN  object 0xe8c000 was not returned to mpool ucp_requests
[1625703506.397584] [c3-17:78550:0]          mpool.c:43   UCX  WARN  object 0xe8c100 was not returned to mpool ucp_requests
[1625703506.397586] [c3-17:78550:0]          mpool.c:43   UCX  WARN  object 0xe8c200 was not returned to mpool ucp_requests
[1625703506.397587] [c3-17:78550:0]          mpool.c:43   UCX  WARN  object 0xe8c300 was not returned to mpool ucp_requests
[1625703506.397588] [c3-17:78550:0]          mpool.c:43   UCX  WARN  object 0xe8c400 was not returned to mpool ucp_requests
[1625703506.397589] [c3-17:78550:0]          mpool.c:43   UCX  WARN  object 0xe8c500 was not returned to mpool ucp_requests
[1625703506.397591] [c3-17:78550:0]          mpool.c:43   UCX  WARN  object 0xe8c600 was not returned to mpool ucp_requests
[1625703506.432999] [c1-21:34983:0]          mpool.c:43   UCX  WARN  object 0x287ad00 was not returned to mpool ucp_requests
[1625703506.433013] [c1-21:34983:0]          mpool.c:43   UCX  WARN  object 0x287ae00 was not returned to mpool ucp_requests
[1625703506.433533] [c1-9:81456:0]          mpool.c:43   UCX  WARN  object 0x1035d40 was not returned to mpool ucp_requests
[1625703506.433534] [c1-9:81456:0]          mpool.c:43   UCX  WARN  object 0x1035e40 was not returned to mpool ucp_requests
[1625703506.433535] [c1-9:81456:0]          mpool.c:43   UCX  WARN  object 0x1035f40 was not returned to mpool ucp_requests
[1625703506.433536] [c1-9:81456:0]          mpool.c:43   UCX  WARN  object 0x1036040 was not returned to mpool ucp_requests
[1625703506.435367] [c1-8:39759:0]          mpool.c:43   UCX  WARN  object 0x1ae9540 was not returned to mpool ucp_requests
[1625703506.435386] [c1-8:39759:0]          mpool.c:43   UCX  WARN  object 0x1aea540 was not returned to mpool ucp_requests
[1625703506.435388] [c1-8:39759:0]          mpool.c:43   UCX  WARN  object 0x1aea640 was not returned to mpool ucp_requests
[1625703506.435389] [c1-8:39759:0]          mpool.c:43   UCX  WARN  object 0x1aea740 was not returned to mpool ucp_requests
[1625703506.435390] [c1-8:39759:0]          mpool.c:43   UCX  WARN  object 0x1aea840 was not returned to mpool ucp_requests
[1625703506.435392] [c1-8:39759:0]          mpool.c:43   UCX  WARN  object 0x1aea940 was not returned to mpool ucp_requests
[1625703506.435393] [c1-8:39759:0]          mpool.c:43   UCX  WARN  object 0x1aeaa40 was not returned to mpool ucp_requests
[1625703506.435394] [c1-8:39759:0]          mpool.c:43   UCX  WARN  object 0x1aeab40 was not returned to mpool ucp_requests
[1625703506.435395] [c1-8:39759:0]          mpool.c:43   UCX  WARN  object 0x1aeac40 was not returned to mpool ucp_requests
[1625703506.435397] [c1-8:39759:0]          mpool.c:43   UCX  WARN  object 0x1aeae40 was not returned to mpool ucp_requests
[1625703506.435398] [c1-8:39759:0]          mpool.c:43   UCX  WARN  object 0x1aeaf40 was not returned to mpool ucp_requests
[1625703506.435399] [c1-8:39759:0]          mpool.c:43   UCX  WARN  object 0x1aeb040 was not returned to mpool ucp_requests
[1625703506.400518] [c1-9:81457:0]          mpool.c:43   UCX  WARN  object 0x1790d00 was not returned to mpool ucp_requests
[1625703506.400535] [c1-9:81457:0]          mpool.c:43   UCX  WARN  object 0x1790e00 was not returned to mpool ucp_requests
[1625703506.400537] [c1-9:81457:0]          mpool.c:43   UCX  WARN  object 0x1790f00 was not returned to mpool ucp_requests
[1625703506.436244] [c1-1:37811:0]          mpool.c:43   UCX  WARN  object 0x2691240 was not returned to mpool ucp_requests
[1625703506.436249] [c1-1:37811:0]          mpool.c:43   UCX  WARN  object 0x2691740 was not returned to mpool ucp_requests
[1625703506.436251] [c1-1:37811:0]          mpool.c:43   UCX  WARN  object 0x2691840 was not returned to mpool ucp_requests
[1625703506.436252] [c1-1:37811:0]          mpool.c:43   UCX  WARN  object 0x2691940 was not returned to mpool ucp_requests
[1625703506.436253] [c1-1:37811:0]          mpool.c:43   UCX  WARN  object 0x2691a40 was not returned to mpool ucp_requests
[1625703506.436255] [c1-1:37811:0]          mpool.c:43   UCX  WARN  object 0x2691c40 was not returned to mpool ucp_requests
[1625703506.436256] [c1-1:37811:0]          mpool.c:43   UCX  WARN  object 0x2691d40 was not returned to mpool ucp_requests
[1625703506.436257] [c1-1:37811:0]          mpool.c:43   UCX  WARN  object 0x2691e40 was not returned to mpool ucp_requests
[1625703506.436258] [c1-1:37811:0]          mpool.c:43   UCX  WARN  object 0x2691f40 was not returned to mpool ucp_requests
[1625703506.436260] [c1-1:37811:0]          mpool.c:43   UCX  WARN  object 0x2692040 was not returned to mpool ucp_requests
[1625703506.451667] [c2-24:79204:0]          mpool.c:43   UCX  WARN  object 0x223d640 was not returned to mpool ucp_requests
[1625703506.451682] [c2-24:79204:0]          mpool.c:43   UCX  WARN  object 0x223dd40 was not returned to mpool ucp_requests
[1625703506.451684] [c2-24:79204:0]          mpool.c:43   UCX  WARN  object 0x223df40 was not returned to mpool ucp_requests
[1625703506.451686] [c2-24:79204:0]          mpool.c:43   UCX  WARN  object 0x223e040 was not returned to mpool ucp_requests
[1625703506.406897] [c2-24:79202:0]          mpool.c:43   UCX  WARN  object 0x28ac940 was not returned to mpool ucp_requests
[1625703506.406917] [c2-24:79202:0]          mpool.c:43   UCX  WARN  object 0x28aca40 was not returned to mpool ucp_requests
[1625703506.406918] [c2-24:79202:0]          mpool.c:43   UCX  WARN  object 0x28acb40 was not returned to mpool ucp_requests
[1625703506.406920] [c2-24:79202:0]          mpool.c:43   UCX  WARN  object 0x28acc40 was not returned to mpool ucp_requests
[1625703506.406921] [c2-24:79202:0]          mpool.c:43   UCX  WARN  object 0x28acd40 was not returned to mpool ucp_requests
[1625703506.406922] [c2-24:79202:0]          mpool.c:43   UCX  WARN  object 0x28ace40 was not returned to mpool ucp_requests
[1625703506.406923] [c2-24:79202:0]          mpool.c:43   UCX  WARN  object 0x28acf40 was not returned to mpool ucp_requests
[1625703506.406925] [c2-24:79202:0]          mpool.c:43   UCX  WARN  object 0x28ad040 was not returned to mpool ucp_requests
[1625703506.397592] [c3-17:78550:0]          mpool.c:43   UCX  WARN  object 0xe8c700 was not returned to mpool ucp_requests
[1625703506.397593] [c3-17:78550:0]          mpool.c:43   UCX  WARN  object 0xe8c800 was not returned to mpool ucp_requests
[1625703506.397594] [c3-17:78550:0]          mpool.c:43   UCX  WARN  object 0xe8c900 was not returned to mpool ucp_requests
[1625703506.397595] [c3-17:78550:0]          mpool.c:43   UCX  WARN  object 0xe8ca00 was not returned to mpool ucp_requests
[1625703506.413381] [c1-21:34982:0]          mpool.c:43   UCX  WARN  object 0x1d5cd00 was not returned to mpool ucp_requests
[1625703506.413396] [c1-21:34982:0]          mpool.c:43   UCX  WARN  object 0x1d5ce00 was not returned to mpool ucp_requests
[1625703506.413398] [c1-21:34982:0]          mpool.c:43   UCX  WARN  object 0x1d5cf00 was not returned to mpool ucp_requests
[1625703506.412570] [c3-20:56581:0]          mpool.c:43   UCX  WARN  object 0xdab100 was not returned to mpool ucp_requests
[1625703506.412591] [c3-20:56581:0]          mpool.c:43   UCX  WARN  object 0xdabf00 was not returned to mpool ucp_requests
[1625703506.412593] [c3-20:56581:0]          mpool.c:43   UCX  WARN  object 0xdac000 was not returned to mpool ucp_requests
[1625703506.412594] [c3-20:56581:0]          mpool.c:43   UCX  WARN  object 0xdac100 was not returned to mpool ucp_requests
[1625703506.412595] [c3-20:56581:0]          mpool.c:43   UCX  WARN  object 0xdac300 was not returned to mpool ucp_requests
[1625703506.412596] [c3-20:56581:0]          mpool.c:43   UCX  WARN  object 0xdac400 was not returned to mpool ucp_requests
[1625703506.412598] [c3-20:56581:0]          mpool.c:43   UCX  WARN  object 0xdac500 was not returned to mpool ucp_requests
[1625703506.412599] [c3-20:56581:0]          mpool.c:43   UCX  WARN  object 0xdac600 was not returned to mpool ucp_requests
[1625703506.412600] [c3-20:56581:0]          mpool.c:43   UCX  WARN  object 0xdac700 was not returned to mpool ucp_requests
[1625703506.412601] [c3-20:56581:0]          mpool.c:43   UCX  WARN  object 0xdac800 was not returned to mpool ucp_requests
[1625703506.412602] [c3-20:56581:0]          mpool.c:43   UCX  WARN  object 0xdac900 was not returned to mpool ucp_requests
[1625703506.412604] [c3-20:56581:0]          mpool.c:43   UCX  WARN  object 0xdaca00 was not returned to mpool ucp_requests
[1625703506.419571] [c1-11:57639:0]          mpool.c:43   UCX  WARN  object 0x23cad00 was not returned to mpool ucp_requests
[1625703506.419590] [c1-11:57639:0]          mpool.c:43   UCX  WARN  object 0x23cae00 was not returned to mpool ucp_requests
[1625703506.419592] [c1-11:57639:0]          mpool.c:43   UCX  WARN  object 0x23caf00 was not returned to mpool ucp_requests
[1625703506.402963] [c3-17:78551:0]          mpool.c:43   UCX  WARN  object 0x213e480 was not returned to mpool ucp_requests
[1625703506.402977] [c3-17:78551:0]          mpool.c:43   UCX  WARN  object 0x213e580 was not returned to mpool ucp_requests
[1625703506.402979] [c3-17:78551:0]          mpool.c:43   UCX  WARN  object 0x213e680 was not returned to mpool ucp_requests
[1625703506.407029] [c3-12:8656 :0]          mpool.c:43   UCX  WARN  object 0xbe2100 was not returned to mpool ucp_requests
[1625703506.407043] [c3-12:8656 :0]          mpool.c:43   UCX  WARN  object 0xbe2400 was not returned to mpool ucp_requests
[1625703506.407049] [c3-12:8656 :0]          mpool.c:43   UCX  WARN  object 0xbe2500 was not returned to mpool ucp_requests
[1625703506.407050] [c3-12:8656 :0]          mpool.c:43   UCX  WARN  object 0xbe2600 was not returned to mpool ucp_requests
[1625703506.407051] [c3-12:8656 :0]          mpool.c:43   UCX  WARN  object 0xbe2800 was not returned to mpool ucp_requests
[1625703506.407053] [c3-12:8656 :0]          mpool.c:43   UCX  WARN  object 0xbe2900 was not returned to mpool ucp_requests
[1625703506.407054] [c3-12:8656 :0]          mpool.c:43   UCX  WARN  object 0xbe2a00 was not returned to mpool ucp_requests
[1625703506.407055] [c3-12:8656 :0]          mpool.c:43   UCX  WARN  object 0xbe2b00 was not returned to mpool ucp_requests
[1625703506.407056] [c3-12:8656 :0]          mpool.c:43   UCX  WARN  object 0xbe2c00 was not returned to mpool ucp_requests
[1625703506.407058] [c3-12:8656 :0]          mpool.c:43   UCX  WARN  object 0xbe2d00 was not returned to mpool ucp_requests
[1625703506.407059] [c3-12:8656 :0]          mpool.c:43   UCX  WARN  object 0xbe2e00 was not returned to mpool ucp_requests
[1625703506.407060] [c3-12:8656 :0]          mpool.c:43   UCX  WARN  object 0xbe2f00 was not returned to mpool ucp_requests
