Starting job 3125962 on c1-[1,8-9,11,21],c3-[12,17,19] at Thu Jul 8 02:18:31 CEST 2021

Copying 45_pbe0_.out to /cluster/home/ambr/projects/psp/calcs
Copying 45_pbe0_.json to /cluster/home/ambr/projects/psp/calcs

Task and CPU usage stats:
       JobID    JobName  AllocCPUS   NTasks     MinCPU MinCPUTask     AveCPU    Elapsed ExitCode 
------------ ---------- ---------- -------- ---------- ---------- ---------- ---------- -------- 
3125962        45_pbe0_        200                                             00:26:27      1:0 
3125962.bat+      batch         20        1   00:00:00          0   00:00:00   00:26:27      1:0 
3125962.ext+     extern        200        8   00:00:00          4   00:00:00   00:26:28      0:0 
3125962.0      mrchem.x        200       20   00:26:19         19   02:13:08   00:26:21      0:0 

Memory usage stats:
       JobID     MaxRSS MaxRSSTask     AveRSS MaxPages   MaxPagesTask   AvePages 
------------ ---------- ---------- ---------- -------- -------------- ---------- 
3125962                                                                          
3125962.bat+     14784K          0     14784K        0              0          0 
3125962.ext+          0          4          0        0              4          0 
3125962.0      4261212K          3 3260066201        0              5          0 

Disk usage stats:
       JobID  MaxDiskRead MaxDiskReadTask    AveDiskRead MaxDiskWrite MaxDiskWriteTask   AveDiskWrite 
------------ ------------ --------------- -------------- ------------ ---------------- -------------- 
3125962                                                                                               
3125962.bat+        3.55M               0          3.55M        0.02M                0          0.02M 
3125962.ext+        0.00M               4          0.00M            0                4              0 
3125962.0           2.06M              15          2.05M       84.39M                3         28.63M 

Job 3125962 completed at Thu Jul 8 02:44:59 CEST 2021
