                                                                           
                                                                           
***************************************************************************
***                                                                     ***
***                                                                     ***
***          __  __ ____   ____ _                                       ***
***         |  \/  |  _ \ / ___| |__   ___ _ __ ___                     ***
***         | |\/| | |_) | |   | '_ \ / _ \ '_ ` _ \                    ***
***         | |  | |  _ <| |___| | | |  __/ | | | | |                   ***
***         |_|  |_|_| \_\\____|_| |_|\___|_| |_| |_|                   ***
***                                                                     ***
***         VERSION            1.0.1                                    ***
***                                                                     ***
***         Git branch         HEAD                                     ***
***         Git commit hash    9309e3e1e52e5319b766-dirty               ***
***         Git commit author  Stig Rune Jensen                         ***
***         Git commit date    Fri Dec 4 16:08:55 2020 +0100            ***
***                                                                     ***
***         Contact: luca.frediani@uit.no                               ***
***                                                                     ***
***         Radovan Bast            Magnar Bjorgve                      ***
***         Roberto Di Remigio      Antoine Durdek                      ***
***         Luca Frediani           Gabriel Gerez                       ***
***         Stig Rune Jensen        Jonas Juselius                      ***
***         Rune Monstad            Peter Wind                          ***
***                                                                     ***
***************************************************************************

---------------------------------------------------------------------------

 MPI processes           :        (1 bank)                              20
 OpenMP threads          :                                               6
 Total cores             :                                             120
                                                                           
---------------------------------------------------------------------------

XCFun DFT library Copyright 2009-2020 Ulf Ekstrom and contributors.
See http://dftlibs.org/xcfun/ for more information.

This is free software; see the source code for copying conditions.
There is ABSOLUTELY NO WARRANTY; not even for MERCHANTABILITY or
FITNESS FOR A PARTICULAR PURPOSE. For details see the documentation.
Scientific users of this library should cite
U. Ekstrom, L. Visscher, R. Bast, A. J. Thorvaldsen and K. Ruud;
J.Chem.Theor.Comp. 2010, DOI: 10.1021/ct100117s

---------------------------------------------------------------------------

 MRCPP version         : 1.3.6
 Git branch            : HEAD
 Git commit hash       : 9309e3e1e52e5319b766-dirty
 Git commit author     : Stig Rune Jensen
 Git commit date       : Fri Dec 4 16:08:55 2020 +0100

 Linear algebra        : EIGEN v3.3.7
 Parallelization       : MPI/OpenMP (6 threads)

---------------------------------------------------------------------------


                                                                           
===========================================================================
                         MultiResolution Analysis
---------------------------------------------------------------------------
 polynomial order      : 9
 polynomial type       : Interpolating
---------------------------------------------------------------------------
 total boxes           : 8
 boxes                 : [          2           2           2 ]
 unit lengths          : [   16.00000    16.00000    16.00000 ]
 scaling factor        : [    1.00000     1.00000     1.00000 ]
 lower bounds          : [  -16.00000   -16.00000   -16.00000 ]
 upper bounds          : [   16.00000    16.00000    16.00000 ]
 total length          : [   32.00000    32.00000    32.00000 ]
===========================================================================


                                                                           
***************************************************************************
***                                                                     ***
***                        Initializing Molecule                        ***
***                                                                     ***
***************************************************************************
                                                                           
                                                                           
===========================================================================
                                 Molecule
---------------------------------------------------------------------------
 Charge                  :                                               0
 Multiplicity            :                                               3
---------------------------------------------------------------------------
    N    Atom            :               x               y               z
---------------------------------------------------------------------------
    0       B            :        0.000000        0.000000       -1.502332
    1       B            :        0.000000        0.000000        1.502332
---------------------------------------------------------------------------
 Center of mass          :        0.000000        0.000000       -0.000000
===========================================================================


                                                                           
***************************************************************************
***                                                                     ***
***                 Computing Ground State Wavefunction                 ***
***                                                                     ***
***************************************************************************
                                                                           
                                                                           
~~~~~~~~~~~~~~~~~~~~~~~~~~~~~~~~~~~~~~~~~~~~~~~~~~~~~~~~~~~~~~~~~~~~~~~~~~~
 Calculation             : Compute initial orbitals
 Method                  : Project MW molecular orbitals
 Precision               : 1.00000e-04
 Restricted              : False
 MO alpha file           : initial_guess/phi_a_scf
 MO beta file            : initial_guess/phi_b_scf
~~~~~~~~~~~~~~~~~~~~~~~~~~~~~~~~~~~~~~~~~~~~~~~~~~~~~~~~~~~~~~~~~~~~~~~~~~~


===========================================================================
                            Molecular Orbitals
---------------------------------------------------------------------------
 Alpha electrons         :                                               6
 Beta electrons          :                                               4
 Total electrons         :                                              10
---------------------------------------------------------------------------
    n  Occ Spin          :                                            Norm
---------------------------------------------------------------------------
    0    1    a          :                              1.000000004753e+00
    1    1    a          :                              1.000000004459e+00
    2    1    a          :                              1.000000001041e+00
    3    1    a          :                              1.000000000488e+00
    4    1    a          :                              9.999999983713e-01
    5    1    a          :                              9.999999983713e-01
    6    1    b          :                              9.999999750736e-01
    7    1    b          :                              9.999999751570e-01
    8    1    b          :                              1.000000027172e+00
    9    1    b          :                              1.000000027200e+00
===========================================================================


~~~~~~~~~~~~~~~~~~~~~~~~~~~~~~~~~~~~~~~~~~~~~~~~~~~~~~~~~~~~~~~~~~~~~~~~~~~
 Calculation             : Compute initial energy
 Method                  : DFT (PBE0)
 Precision               : 1.00000e-04
 Localization            : On
~~~~~~~~~~~~~~~~~~~~~~~~~~~~~~~~~~~~~~~~~~~~~~~~~~~~~~~~~~~~~~~~~~~~~~~~~~~


===========================================================================
                        Molecular Energy (initial)
---------------------------------------------------------------------------
 Kinetic energy          :            (au)                 49.168552425541
 E-N energy              :            (au)               -130.525154021938
 Coulomb energy          :            (au)                 31.484950167074
 Exchange energy         :            (au)                 -1.883136233096
 X-C energy              :            (au)                 -5.909578726159
 Ext. field (el)         :            (au)                  0.000000000000
---------------------------------------------------------------------------
 N-N energy              :            (au)                  8.320397001952
 Ext. field (nuc)        :            (au)                  0.000000000000
---------------------------------------------------------------------------
 Electronic energy       :            (au)                -57.664366388578
 Nuclear energy          :            (au)                  8.320397001952
---------------------------------------------------------------------------
 Total energy            :            (au)             -4.934396938663e+01
                         :      (kcal/mol)             -3.096380802815e+04
                         :        (kJ/mol)             -1.295525728739e+05
                         :            (eV)             -1.342717750875e+03
===========================================================================


===========================================================================
                        Orbital Energies (initial)
---------------------------------------------------------------------------
    n  Occ Spin          :                                         Epsilon
---------------------------------------------------------------------------
    0    1    a          :            (au)                 -6.886922005982
    1    1    a          :            (au)                 -6.885982474448
    2    1    a          :            (au)                 -0.577730577344
    3    1    a          :            (au)                 -0.311011987870
    4    1    a          :            (au)                 -0.265389302583
    5    1    a          :            (au)                 -0.265388448304
    6    1    b          :            (au)                 -6.876406521040
    7    1    b          :            (au)                 -6.875822580768
    8    1    b          :            (au)                 -0.507815982359
    9    1    b          :            (au)                 -0.274684332957
---------------------------------------------------------------------------
 Sum occupied            :            (au)                -29.727154213655
===========================================================================


~~~~~~~~~~~~~~~~~~~~~~~~~~~~~~~~~~~~~~~~~~~~~~~~~~~~~~~~~~~~~~~~~~~~~~~~~~~
 Calculation             : Optimize ground state orbitals
 Method                  : DFT (PBE0)
 Checkpointing           : Off
 Max iterations          : 200
 KAIN solver             : 10
 Localization            : First two iterations
 Diagonalization         : Off
 Start precision         : 1.00000e-06
 Final precision         : 1.00000e-06
 Helmholtz precision     : Dynamic
 Energy threshold        : 1.00000e-06
 Orbital threshold       : 1.00000e-05
~~~~~~~~~~~~~~~~~~~~~~~~~~~~~~~~~~~~~~~~~~~~~~~~~~~~~~~~~~~~~~~~~~~~~~~~~~~


===========================================================================
 Iter           MO residual             Total energy                Update
---------------------------------------------------------------------------
    0          3.162278e+00         -49.343969386626         -4.934397e+01
    1          2.688721e-04         -49.344511533628         -5.421470e-04
    2          1.567238e-04         -49.344529848574         -1.831495e-05
    3          7.656689e-05         -49.344529975023         -1.264486e-07
    4          1.944097e-04         -49.344529994557         -1.953429e-08
    5          1.377731e-04         -49.344530009183         -1.462641e-08
    6          1.570413e-04         -49.344530017021         -7.837784e-09
    7          5.909528e-04         -49.344530033543         -1.652163e-08
    8          4.325946e-03         -49.344529993715          3.982754e-08
    9          3.089866e-03         -49.344530000712         -6.996892e-09
   10          1.265852e-04         -49.344530002187         -1.474874e-09
   11          6.779116e-05         -49.344530003550         -1.363631e-09
   12          2.943731e-05         -49.344530004406         -8.558771e-10
   13          2.599507e-05         -49.344530004445         -3.873879e-11
   14          8.933423e-06         -49.344530004381          6.454570e-11
---------------------------------------------------------------------------
                      SCF converged in 14 iterations!
===========================================================================


                                                                           
***************************************************************************
***                                                                     ***
***                    Printing Molecular Properties                    ***
***                                                                     ***
***************************************************************************
                                                                           
                                                                           
===========================================================================
                                 Molecule
---------------------------------------------------------------------------
 Charge                  :                                               0
 Multiplicity            :                                               3
---------------------------------------------------------------------------
    N    Atom            :               x               y               z
---------------------------------------------------------------------------
    0       B            :        0.000000        0.000000       -1.502332
    1       B            :        0.000000        0.000000        1.502332
---------------------------------------------------------------------------
 Center of mass          :        0.000000        0.000000       -0.000000
===========================================================================


===========================================================================
                         Molecular Energy (final)
---------------------------------------------------------------------------
 Kinetic energy          :            (au)                 49.165383277782
 E-N energy              :            (au)               -130.522705514028
 Coulomb energy          :            (au)                 31.485185837171
 Exchange energy         :            (au)                 -1.883286505829
 X-C energy              :            (au)                 -5.909504101429
 Ext. field (el)         :            (au)                  0.000000000000
---------------------------------------------------------------------------
 N-N energy              :            (au)                  8.320397001952
 Ext. field (nuc)        :            (au)                  0.000000000000
---------------------------------------------------------------------------
 Electronic energy       :            (au)                -57.664927006333
 Nuclear energy          :            (au)                  8.320397001952
---------------------------------------------------------------------------
 Total energy            :            (au)             -4.934453000438e+01
                         :      (kcal/mol)             -3.096415982110e+04
                         :        (kJ/mol)             -1.295540447756e+05
                         :            (eV)             -1.342733006060e+03
===========================================================================


===========================================================================
                         Orbital Energies (final)
---------------------------------------------------------------------------
    n  Occ Spin          :                                         Epsilon
---------------------------------------------------------------------------
    0    1    a          :            (au)                 -6.887007782534
    1    1    a          :            (au)                 -6.886244400201
    2    1    a          :            (au)                 -0.577793341791
    3    1    a          :            (au)                 -0.311141406655
    4    1    a          :            (au)                 -0.265378751537
    5    1    a          :            (au)                 -0.265378748031
    6    1    b          :            (au)                 -6.876458612654
    7    1    b          :            (au)                 -6.875858837041
    8    1    b          :            (au)                 -0.507826845737
    9    1    b          :            (au)                 -0.274689382540
---------------------------------------------------------------------------
 Sum occupied            :            (au)                -29.727778108721
===========================================================================


===========================================================================
                           Dipole Moment (dip-1)
---------------------------------------------------------------------------
 r_O                     :        0.000000        0.000000        0.000000
---------------------------------------------------------------------------
 Electronic vector       :       -0.000000        0.000000        0.000001
 Magnitude               :            (au)                        0.000001
                         :         (Debye)                        0.000002
---------------------------------------------------------------------------
 Nuclear vector          :        0.000000        0.000000       -0.000000
 Magnitude               :            (au)                        0.000000
                         :         (Debye)                        0.000000
---------------------------------------------------------------------------
 Total vector            :        0.000000        0.000000        0.000001
 Magnitude               :            (au)                        0.000001
                         :         (Debye)                        0.000002
===========================================================================


                                                                           
                                                                           
***************************************************************************
***                                                                     ***
***                            Exiting MRChem                           ***
***                                                                     ***
***                       Wall time :  0h 18m  8s                       ***
***                                                                     ***
***************************************************************************
                                                                           
                                                                           
