Starting job 3213394 on c11-[49-51] at Tue Aug 3 12:45:20 CEST 2021

Copying 4_pbe0_.out to /cluster/home/ambr/projects/psp/calcs/triplets
Copying 4_pbe0_.json to /cluster/home/ambr/projects/psp/calcs/triplets

Task and CPU usage stats:
       JobID    JobName  AllocCPUS   NTasks     MinCPU MinCPUTask     AveCPU    Elapsed ExitCode 
------------ ---------- ---------- -------- ---------- ---------- ---------- ---------- -------- 
3213394         4_pbe0_        120                                             00:26:07      1:0 
3213394.bat+      batch         42        1   00:00:01          0   00:00:01   00:26:07      1:0 
3213394.ext+     extern        120        3   00:00:00          2   00:00:00   00:26:07      0:0 
3213394.0      mrchem.x        120       20   00:26:00         19   01:28:15   00:26:01      0:0 

Memory usage stats:
       JobID     MaxRSS MaxRSSTask     AveRSS MaxPages   MaxPagesTask   AvePages 
------------ ---------- ---------- ---------- -------- -------------- ---------- 
3213394                                                                          
3213394.bat+     14236K          0     14236K        0              0          0 
3213394.ext+          0          2          0        0              2          0 
3213394.0      3244076K         12 2865254604        0             19          0 

Disk usage stats:
       JobID  MaxDiskRead MaxDiskReadTask    AveDiskRead MaxDiskWrite MaxDiskWriteTask   AveDiskWrite 
------------ ------------ --------------- -------------- ------------ ---------------- -------------- 
3213394                                                                                               
3213394.bat+      182.41M               0        182.41M      178.69M                0        178.69M 
3213394.ext+        0.00M               2          0.00M            0                2              0 
3213394.0          13.84M              12         11.60M       53.03M               12         39.11M 

Job 3213394 completed at Tue Aug 3 13:11:28 CEST 2021
