Starting job 3213308 on c10-29,c11-[26-27] at Tue Aug 3 12:22:18 CEST 2021

Copying 52_pbe0_.out to /cluster/home/ambr/projects/psp/calcs/doublets
Copying 52_pbe0_.json to /cluster/home/ambr/projects/psp/calcs/doublets

Task and CPU usage stats:
       JobID    JobName  AllocCPUS   NTasks     MinCPU MinCPUTask     AveCPU    Elapsed ExitCode 
------------ ---------- ---------- -------- ---------- ---------- ---------- ---------- -------- 
3213308        52_pbe0_        120                                             00:09:02      1:0 
3213308.bat+      batch         42        1   00:00:00          0   00:00:00   00:09:02      1:0 
3213308.ext+     extern        120        3   00:00:00          2   00:00:00   00:09:02      0:0 
3213308.0      mrchem.x        120       20   00:08:55         19   00:28:09   00:08:57      0:0 

Memory usage stats:
       JobID     MaxRSS MaxRSSTask     AveRSS MaxPages   MaxPagesTask   AvePages 
------------ ---------- ---------- ---------- -------- -------------- ---------- 
3213308                                                                          
3213308.bat+     14232K          0     14232K        0              0          0 
3213308.ext+          0          2          0        0              2          0 
3213308.0      3148.50M          6 2904662220        0             19          0 

Disk usage stats:
       JobID  MaxDiskRead MaxDiskReadTask    AveDiskRead MaxDiskWrite MaxDiskWriteTask   AveDiskWrite 
------------ ------------ --------------- -------------- ------------ ---------------- -------------- 
3213308                                                                                               
3213308.bat+       96.80M               0         96.80M       93.08M                0         93.08M 
3213308.ext+        0.00M               2          0.00M            0                2              0 
3213308.0          13.84M               2          7.32M       62.83M                6         23.63M 

Job 3213308 completed at Tue Aug 3 12:31:20 CEST 2021
