                                                                           
                                                                           
***************************************************************************
***                                                                     ***
***                                                                     ***
***          __  __ ____   ____ _                                       ***
***         |  \/  |  _ \ / ___| |__   ___ _ __ ___                     ***
***         | |\/| | |_) | |   | '_ \ / _ \ '_ ` _ \                    ***
***         | |  | |  _ <| |___| | | |  __/ | | | | |                   ***
***         |_|  |_|_| \_\\____|_| |_|\___|_| |_| |_|                   ***
***                                                                     ***
***         VERSION            1.0.1                                    ***
***                                                                     ***
***         Git branch         HEAD                                     ***
***         Git commit hash    9309e3e1e52e5319b766-dirty               ***
***         Git commit author  Stig Rune Jensen                         ***
***         Git commit date    Fri Dec 4 16:08:55 2020 +0100            ***
***                                                                     ***
***         Contact: luca.frediani@uit.no                               ***
***                                                                     ***
***         Radovan Bast            Magnar Bjorgve                      ***
***         Roberto Di Remigio      Antoine Durdek                      ***
***         Luca Frediani           Gabriel Gerez                       ***
***         Stig Rune Jensen        Jonas Juselius                      ***
***         Rune Monstad            Peter Wind                          ***
***                                                                     ***
***************************************************************************

---------------------------------------------------------------------------

 MPI processes           :        (1 bank)                              20
 OpenMP threads          :                                               6
 Total cores             :                                             120
                                                                           
---------------------------------------------------------------------------

XCFun DFT library Copyright 2009-2020 Ulf Ekstrom and contributors.
See http://dftlibs.org/xcfun/ for more information.

This is free software; see the source code for copying conditions.
There is ABSOLUTELY NO WARRANTY; not even for MERCHANTABILITY or
FITNESS FOR A PARTICULAR PURPOSE. For details see the documentation.
Scientific users of this library should cite
U. Ekstrom, L. Visscher, R. Bast, A. J. Thorvaldsen and K. Ruud;
J.Chem.Theor.Comp. 2010, DOI: 10.1021/ct100117s

---------------------------------------------------------------------------

 MRCPP version         : 1.3.6
 Git branch            : HEAD
 Git commit hash       : 9309e3e1e52e5319b766-dirty
 Git commit author     : Stig Rune Jensen
 Git commit date       : Fri Dec 4 16:08:55 2020 +0100

 Linear algebra        : EIGEN v3.3.7
 Parallelization       : MPI/OpenMP (6 threads)

---------------------------------------------------------------------------


                                                                           
===========================================================================
                         MultiResolution Analysis
---------------------------------------------------------------------------
 polynomial order      : 9
 polynomial type       : Interpolating
---------------------------------------------------------------------------
 total boxes           : 8
 boxes                 : [          2           2           2 ]
 unit lengths          : [   16.00000    16.00000    16.00000 ]
 scaling factor        : [    1.00000     1.00000     1.00000 ]
 lower bounds          : [  -16.00000   -16.00000   -16.00000 ]
 upper bounds          : [   16.00000    16.00000    16.00000 ]
 total length          : [   32.00000    32.00000    32.00000 ]
===========================================================================


                                                                           
***************************************************************************
***                                                                     ***
***                        Initializing Molecule                        ***
***                                                                     ***
***************************************************************************
                                                                           
                                                                           
===========================================================================
                                 Molecule
---------------------------------------------------------------------------
 Charge                  :                                               0
 Multiplicity            :                                               2
---------------------------------------------------------------------------
    N    Atom            :               x               y               z
---------------------------------------------------------------------------
    0       B            :        0.000000       -1.069455        0.000000
    1       F            :        0.000000        0.304285        2.036650
    2       F            :        0.000000        0.304285       -2.036650
---------------------------------------------------------------------------
 Center of mass          :        0.000000        0.000000        0.000000
===========================================================================


                                                                           
***************************************************************************
***                                                                     ***
***                 Computing Ground State Wavefunction                 ***
***                                                                     ***
***************************************************************************
                                                                           
                                                                           
~~~~~~~~~~~~~~~~~~~~~~~~~~~~~~~~~~~~~~~~~~~~~~~~~~~~~~~~~~~~~~~~~~~~~~~~~~~
 Calculation             : Compute initial orbitals
 Method                  : Project MW molecular orbitals
 Precision               : 1.00000e-04
 Restricted              : False
 MO alpha file           : initial_guess/phi_a_scf
 MO beta file            : initial_guess/phi_b_scf
~~~~~~~~~~~~~~~~~~~~~~~~~~~~~~~~~~~~~~~~~~~~~~~~~~~~~~~~~~~~~~~~~~~~~~~~~~~


===========================================================================
                            Molecular Orbitals
---------------------------------------------------------------------------
 Alpha electrons         :                                              12
 Beta electrons          :                                              11
 Total electrons         :                                              23
---------------------------------------------------------------------------
    n  Occ Spin          :                                            Norm
---------------------------------------------------------------------------
    0    1    a          :                              1.000000003567e+00
    1    1    a          :                              1.000000003701e+00
    2    1    a          :                              1.000000002127e+00
    3    1    a          :                              1.000000018718e+00
    4    1    a          :                              1.000000018688e+00
    5    1    a          :                              1.000000001421e+00
    6    1    a          :                              1.000000079526e+00
    7    1    a          :                              1.000000001448e+00
    8    1    a          :                              1.000000018964e+00
    9    1    a          :                              1.000000079090e+00
   10    1    a          :                              1.000000019370e+00
   11    1    a          :                              9.999999951056e-01
   12    1    b          :                              1.000000004606e+00
   13    1    b          :                              1.000000004577e+00
   14    1    b          :                              1.000000000678e+00
   15    1    b          :                              1.000000011220e+00
   16    1    b          :                              1.000000003784e+00
   17    1    b          :                              9.999999960551e-01
   18    1    b          :                              9.999999966641e-01
   19    1    b          :                              9.999999945343e-01
   20    1    b          :                              1.000000012537e+00
   21    1    b          :                              1.000000001575e+00
   22    1    b          :                              1.000000032780e+00
===========================================================================


~~~~~~~~~~~~~~~~~~~~~~~~~~~~~~~~~~~~~~~~~~~~~~~~~~~~~~~~~~~~~~~~~~~~~~~~~~~
 Calculation             : Compute initial energy
 Method                  : DFT (PBE0)
 Precision               : 1.00000e-04
 Localization            : On
~~~~~~~~~~~~~~~~~~~~~~~~~~~~~~~~~~~~~~~~~~~~~~~~~~~~~~~~~~~~~~~~~~~~~~~~~~~


===========================================================================
                        Molecular Energy (initial)
---------------------------------------------------------------------------
 Kinetic energy          :            (au)                223.858054785518
 E-N energy              :            (au)               -647.559454060204
 Coulomb energy          :            (au)                167.532461480110
 Exchange energy         :            (au)                 -6.013738285588
 X-C energy              :            (au)                -18.792168859508
 Ext. field (el)         :            (au)                  0.000000000000
---------------------------------------------------------------------------
 N-N energy              :            (au)                 56.520925868466
 Ext. field (nuc)        :            (au)                  0.000000000000
---------------------------------------------------------------------------
 Electronic energy       :            (au)               -280.974844939672
 Nuclear energy          :            (au)                 56.520925868466
---------------------------------------------------------------------------
 Total energy            :            (au)             -2.244539190712e+02
                         :      (kcal/mol)             -1.408469595713e+05
                         :        (kJ/mol)             -5.893036792290e+05
                         :            (eV)             -6.107702017828e+03
===========================================================================


===========================================================================
                        Orbital Energies (initial)
---------------------------------------------------------------------------
    n  Occ Spin          :                                         Epsilon
---------------------------------------------------------------------------
    0    1    a          :            (au)                -24.807994219989
    1    1    a          :            (au)                -24.807324383749
    2    1    a          :            (au)                 -6.922638645386
    3    1    a          :            (au)                 -1.305122794458
    4    1    a          :            (au)                 -1.266327527425
    5    1    a          :            (au)                 -0.627671567968
    6    1    a          :            (au)                 -0.577936950782
    7    1    a          :            (au)                 -0.538851216304
    8    1    a          :            (au)                 -0.536660218820
    9    1    a          :            (au)                 -0.475769914074
   10    1    a          :            (au)                 -0.457070572741
   11    1    a          :            (au)                 -0.283310114934
   12    1    b          :            (au)                -24.805754246932
   13    1    b          :            (au)                -24.805277692906
   14    1    b          :            (au)                 -6.907633454260
   15    1    b          :            (au)                 -1.299639711653
   16    1    b          :            (au)                 -1.260702598764
   17    1    b          :            (au)                 -0.621119111861
   18    1    b          :            (au)                 -0.567878567399
   19    1    b          :            (au)                 -0.533035840840
   20    1    b          :            (au)                 -0.518752958610
   21    1    b          :            (au)                 -0.476277536594
   22    1    b          :            (au)                 -0.451783964087
---------------------------------------------------------------------------
 Sum occupied            :            (au)               -124.854533810534
===========================================================================


~~~~~~~~~~~~~~~~~~~~~~~~~~~~~~~~~~~~~~~~~~~~~~~~~~~~~~~~~~~~~~~~~~~~~~~~~~~
 Calculation             : Optimize ground state orbitals
 Method                  : DFT (PBE0)
 Checkpointing           : Off
 Max iterations          : 200
 KAIN solver             : 10
 Localization            : First two iterations
 Diagonalization         : Off
 Start precision         : 1.00000e-06
 Final precision         : 1.00000e-06
 Helmholtz precision     : Dynamic
 Energy threshold        : 1.00000e-06
 Orbital threshold       : 1.00000e-05
~~~~~~~~~~~~~~~~~~~~~~~~~~~~~~~~~~~~~~~~~~~~~~~~~~~~~~~~~~~~~~~~~~~~~~~~~~~


===========================================================================
 Iter           MO residual             Total energy                Update
---------------------------------------------------------------------------
    0          4.795832e+00        -224.453919071207         -2.244539e+02
    1          1.077674e-03        -224.456196102024         -2.277031e-03
    2          8.195707e-04        -224.456215216507         -1.911448e-05
    3          7.415113e-04        -224.456215947463         -7.309553e-07
    4          4.500468e-04        -224.456216424057         -4.765948e-07
    5          1.149076e-03        -224.456217354634         -9.305762e-07
    6          2.579499e-04        -224.456217434513         -7.987967e-08
    7          1.664178e-04        -224.456217485684         -5.117113e-08
    8          1.445987e-04        -224.456217503649         -1.796519e-08
    9          5.791551e-05        -224.456217508293         -4.643027e-09
   10          5.662519e-05        -224.456217511367         -3.074490e-09
   11          4.423200e-05        -224.456217512397         -1.030401e-09
   12          3.293040e-05        -224.456217512900         -5.028937e-10
   13          1.606772e-05        -224.456217513294         -3.936407e-10
   14          1.159390e-05        -224.456217514050         -7.557333e-10
---------------------------------------------------------------------------
                      SCF converged in 14 iterations!
===========================================================================


                                                                           
***************************************************************************
***                                                                     ***
***                    Printing Molecular Properties                    ***
***                                                                     ***
***************************************************************************
                                                                           
                                                                           
===========================================================================
                                 Molecule
---------------------------------------------------------------------------
 Charge                  :                                               0
 Multiplicity            :                                               2
---------------------------------------------------------------------------
    N    Atom            :               x               y               z
---------------------------------------------------------------------------
    0       B            :        0.000000       -1.069455        0.000000
    1       F            :        0.000000        0.304285        2.036650
    2       F            :        0.000000        0.304285       -2.036650
---------------------------------------------------------------------------
 Center of mass          :        0.000000        0.000000        0.000000
===========================================================================


===========================================================================
                         Molecular Energy (final)
---------------------------------------------------------------------------
 Kinetic energy          :            (au)                223.860021014065
 E-N energy              :            (au)               -647.562941235234
 Coulomb energy          :            (au)                167.532738822662
 Exchange energy         :            (au)                 -6.014720109963
 X-C energy              :            (au)                -18.792241874045
 Ext. field (el)         :            (au)                  0.000000000000
---------------------------------------------------------------------------
 N-N energy              :            (au)                 56.520925868466
 Ext. field (nuc)        :            (au)                  0.000000000000
---------------------------------------------------------------------------
 Electronic energy       :            (au)               -280.977143382515
 Nuclear energy          :            (au)                 56.520925868466
---------------------------------------------------------------------------
 Total energy            :            (au)             -2.244562175140e+02
                         :      (kcal/mol)             -1.408484018660e+05
                         :        (kJ/mol)             -5.893097137898e+05
                         :            (eV)             -6.107764561641e+03
===========================================================================


===========================================================================
                         Orbital Energies (final)
---------------------------------------------------------------------------
    n  Occ Spin          :                                         Epsilon
---------------------------------------------------------------------------
    0    1    a          :            (au)                -24.807870567092
    1    1    a          :            (au)                -24.807864395525
    2    1    a          :            (au)                 -6.923071570683
    3    1    a          :            (au)                 -1.305204810763
    4    1    a          :            (au)                 -1.266431221467
    5    1    a          :            (au)                 -0.627767590216
    6    1    a          :            (au)                 -0.578090915387
    7    1    a          :            (au)                 -0.538971362197
    8    1    a          :            (au)                 -0.536728428540
    9    1    a          :            (au)                 -0.475930831327
   10    1    a          :            (au)                 -0.457164739376
   11    1    a          :            (au)                 -0.283396963932
   12    1    b          :            (au)                -24.805617874788
   13    1    b          :            (au)                -24.805610264621
   14    1    b          :            (au)                 -6.908281329076
   15    1    b          :            (au)                 -1.299596987968
   16    1    b          :            (au)                 -1.260693472755
   17    1    b          :            (au)                 -0.621193999540
   18    1    b          :            (au)                 -0.567952376226
   19    1    b          :            (au)                 -0.533035622621
   20    1    b          :            (au)                 -0.518884096069
   21    1    b          :            (au)                 -0.476270904172
   22    1    b          :            (au)                 -0.451983226770
---------------------------------------------------------------------------
 Sum occupied            :            (au)               -124.857613551111
===========================================================================


===========================================================================
                           Dipole Moment (dip-1)
---------------------------------------------------------------------------
 r_O                     :        0.000000        0.000000        0.000000
---------------------------------------------------------------------------
 Electronic vector       :        0.000011       -0.370832       -0.000001
 Magnitude               :            (au)                        0.370832
                         :         (Debye)                        0.942561
---------------------------------------------------------------------------
 Nuclear vector          :        0.000000        0.129864        0.000000
 Magnitude               :            (au)                        0.129864
                         :         (Debye)                        0.330082
---------------------------------------------------------------------------
 Total vector            :        0.000011       -0.240968       -0.000001
 Magnitude               :            (au)                        0.240968
                         :         (Debye)                        0.612479
===========================================================================


                                                                           
                                                                           
***************************************************************************
***                                                                     ***
***                            Exiting MRChem                           ***
***                                                                     ***
***                       Wall time :  0h 43m  4s                       ***
***                                                                     ***
***************************************************************************
                                                                           
                                                                           
