                                                                           
                                                                           
***************************************************************************
***                                                                     ***
***                                                                     ***
***          __  __ ____   ____ _                                       ***
***         |  \/  |  _ \ / ___| |__   ___ _ __ ___                     ***
***         | |\/| | |_) | |   | '_ \ / _ \ '_ ` _ \                    ***
***         | |  | |  _ <| |___| | | |  __/ | | | | |                   ***
***         |_|  |_|_| \_\\____|_| |_|\___|_| |_| |_|                   ***
***                                                                     ***
***         VERSION            1.0.1                                    ***
***                                                                     ***
***         Git branch         HEAD                                     ***
***         Git commit hash    9309e3e1e52e5319b766-dirty               ***
***         Git commit author  Stig Rune Jensen                         ***
***         Git commit date    Fri Dec 4 16:08:55 2020 +0100            ***
***                                                                     ***
***         Contact: luca.frediani@uit.no                               ***
***                                                                     ***
***         Radovan Bast            Magnar Bjorgve                      ***
***         Roberto Di Remigio      Antoine Durdek                      ***
***         Luca Frediani           Gabriel Gerez                       ***
***         Stig Rune Jensen        Jonas Juselius                      ***
***         Rune Monstad            Peter Wind                          ***
***                                                                     ***
***************************************************************************

---------------------------------------------------------------------------

 MPI processes           :        (1 bank)                              20
 OpenMP threads          :                                              10
 Total cores             :                                             200
                                                                           
---------------------------------------------------------------------------

XCFun DFT library Copyright 2009-2020 Ulf Ekstrom and contributors.
See http://dftlibs.org/xcfun/ for more information.

This is free software; see the source code for copying conditions.
There is ABSOLUTELY NO WARRANTY; not even for MERCHANTABILITY or
FITNESS FOR A PARTICULAR PURPOSE. For details see the documentation.
Scientific users of this library should cite
U. Ekstrom, L. Visscher, R. Bast, A. J. Thorvaldsen and K. Ruud;
J.Chem.Theor.Comp. 2010, DOI: 10.1021/ct100117s

---------------------------------------------------------------------------

 MRCPP version         : 1.3.6
 Git branch            : HEAD
 Git commit hash       : 9309e3e1e52e5319b766-dirty
 Git commit author     : Stig Rune Jensen
 Git commit date       : Fri Dec 4 16:08:55 2020 +0100

 Linear algebra        : EIGEN v3.3.7
 Parallelization       : MPI/OpenMP (10 threads)

---------------------------------------------------------------------------


                                                                           
===========================================================================
                         MultiResolution Analysis
---------------------------------------------------------------------------
 polynomial order      : 9
 polynomial type       : Interpolating
---------------------------------------------------------------------------
 total boxes           : 8
 boxes                 : [          2           2           2 ]
 unit lengths          : [   16.00000    16.00000    16.00000 ]
 scaling factor        : [    1.00000     1.00000     1.00000 ]
 lower bounds          : [  -16.00000   -16.00000   -16.00000 ]
 upper bounds          : [   16.00000    16.00000    16.00000 ]
 total length          : [   32.00000    32.00000    32.00000 ]
===========================================================================


                                                                           
***************************************************************************
***                                                                     ***
***                        Initializing Molecule                        ***
***                                                                     ***
***************************************************************************
                                                                           
                                                                           
===========================================================================
                                 Molecule
---------------------------------------------------------------------------
 Charge                  :                                               0
 Multiplicity            :                                               1
---------------------------------------------------------------------------
    N    Atom            :               x               y               z
---------------------------------------------------------------------------
    0       B            :        0.000000        0.000000        1.625164
    1       B            :        0.000000        0.000000       -1.625164
    2       F            :        0.000000        2.124241        2.921894
    3       F            :        0.000000       -2.124241        2.921894
    4       F            :        0.000000       -2.124241       -2.921894
    5       F            :        0.000000        2.124241       -2.921894
---------------------------------------------------------------------------
 Center of mass          :        0.000000        0.000000       -0.000000
===========================================================================


                                                                           
***************************************************************************
***                                                                     ***
***                 Computing Ground State Wavefunction                 ***
***                                                                     ***
***************************************************************************
                                                                           
                                                                           
~~~~~~~~~~~~~~~~~~~~~~~~~~~~~~~~~~~~~~~~~~~~~~~~~~~~~~~~~~~~~~~~~~~~~~~~~~~
 Calculation             : Compute initial orbitals
 Method                  : Diagonalize SAD Hamiltonian
 Precision               : 1.00000e-03
 Restricted              : True
 Functional              : LDA (SVWN5)
 AO basis                : Hydrogenic orbitals
 Zeta quality            : 2
~~~~~~~~~~~~~~~~~~~~~~~~~~~~~~~~~~~~~~~~~~~~~~~~~~~~~~~~~~~~~~~~~~~~~~~~~~~


===========================================================================
                            Molecular Orbitals
---------------------------------------------------------------------------
 Alpha electrons         :                                              23
 Beta electrons          :                                              23
 Total electrons         :                                              46
---------------------------------------------------------------------------
    n  Occ Spin          :                                            Norm
---------------------------------------------------------------------------
    0    2    p          :                              9.999996976180e-01
    1    2    p          :                              1.000000499955e+00
    2    2    p          :                              1.000001847261e+00
    3    2    p          :                              1.000001115993e+00
    4    2    p          :                              9.999984744649e-01
    5    2    p          :                              1.000007050636e+00
    6    2    p          :                              1.000004328056e+00
    7    2    p          :                              9.999961570129e-01
    8    2    p          :                              9.999923725643e-01
    9    2    p          :                              9.999950355968e-01
   10    2    p          :                              1.000011130797e+00
   11    2    p          :                              9.999984790437e-01
   12    2    p          :                              1.000000734961e+00
   13    2    p          :                              9.999992292948e-01
   14    2    p          :                              1.000001762052e+00
   15    2    p          :                              1.000000234220e+00
   16    2    p          :                              9.999926651967e-01
   17    2    p          :                              9.999992369173e-01
   18    2    p          :                              9.999897963946e-01
   19    2    p          :                              9.999804381820e-01
   20    2    p          :                              1.000001886710e+00
   21    2    p          :                              1.000034783329e+00
   22    2    p          :                              9.999947996370e-01
===========================================================================


~~~~~~~~~~~~~~~~~~~~~~~~~~~~~~~~~~~~~~~~~~~~~~~~~~~~~~~~~~~~~~~~~~~~~~~~~~~
 Calculation             : Compute initial energy
 Method                  : DFT (B3LYP-G)
 Precision               : 1.00000e-03
 Localization            : Off
~~~~~~~~~~~~~~~~~~~~~~~~~~~~~~~~~~~~~~~~~~~~~~~~~~~~~~~~~~~~~~~~~~~~~~~~~~~


===========================================================================
                        Molecular Energy (initial)
---------------------------------------------------------------------------
 Kinetic energy          :            (au)                473.047774242441
 E-N energy              :            (au)              -1507.456443516977
 Coulomb energy          :            (au)                433.657082227699
 Exchange energy         :            (au)                 -9.752424551970
 X-C energy              :            (au)                -41.695028974296
 Ext. field (el)         :            (au)                  0.000000000000
---------------------------------------------------------------------------
 N-N energy              :            (au)                204.157509506895
 Ext. field (nuc)        :            (au)                  0.000000000000
---------------------------------------------------------------------------
 Electronic energy       :            (au)               -652.199040573103
 Nuclear energy          :            (au)                204.157509506895
---------------------------------------------------------------------------
 Total energy            :            (au)             -4.480415310662e+02
                         :      (kcal/mol)             -2.811503032493e+05
                         :        (kJ/mol)             -1.176332869559e+06
                         :            (eV)             -1.219183062023e+04
===========================================================================


===========================================================================
                        Orbital Energies (initial)
---------------------------------------------------------------------------
    n  Occ Spin          :                                         Epsilon
---------------------------------------------------------------------------
    0    2    p          :            (au)                -24.255721068634
    1    2    p          :            (au)                -24.246098167776
    2    2    p          :            (au)                -24.239837911512
    3    2    p          :            (au)                -24.230274120317
    4    2    p          :            (au)                 -6.837285383928
    5    2    p          :            (au)                 -6.827459500258
    6    2    p          :            (au)                 -1.142297773969
    7    2    p          :            (au)                 -1.137970499257
    8    2    p          :            (au)                 -1.104138646840
    9    2    p          :            (au)                 -1.099565998745
   10    2    p          :            (au)                 -0.550046516419
   11    2    p          :            (au)                 -0.454667996380
   12    2    p          :            (au)                 -0.445783549463
   13    2    p          :            (au)                 -0.432051369515
   14    2    p          :            (au)                 -0.418087192850
   15    2    p          :            (au)                 -0.409430535999
   16    2    p          :            (au)                 -0.392441389205
   17    2    p          :            (au)                 -0.354342312833
   18    2    p          :            (au)                 -0.308311044114
   19    2    p          :            (au)                 -0.306591151979
   20    2    p          :            (au)                 -0.305184880270
   21    2    p          :            (au)                 -0.291591965785
   22    2    p          :            (au)                 -0.252172659088
---------------------------------------------------------------------------
 Sum occupied            :            (au)               -240.082703270267
===========================================================================


~~~~~~~~~~~~~~~~~~~~~~~~~~~~~~~~~~~~~~~~~~~~~~~~~~~~~~~~~~~~~~~~~~~~~~~~~~~
 Calculation             : Optimize ground state orbitals
 Method                  : DFT (B3LYP-G)
 Checkpointing           : Off
 Max iterations          : 200
 KAIN solver             : 10
 Localization            : Off
 Diagonalization         : First two iterations
 Start precision         : 1.00000e-06
 Final precision         : 1.00000e-06
 Helmholtz precision     : Dynamic
 Energy threshold        : 1.00000e-06
 Orbital threshold       : 1.00000e-05
~~~~~~~~~~~~~~~~~~~~~~~~~~~~~~~~~~~~~~~~~~~~~~~~~~~~~~~~~~~~~~~~~~~~~~~~~~~


===========================================================================
 Iter           MO residual             Total energy                Update
---------------------------------------------------------------------------
    0          4.795832e+00        -448.041531066208         -4.480415e+02
    1          4.797849e-01        -449.409589621868         -1.368059e+00
    2          1.518917e-01        -449.527092429963         -1.175028e-01
    3          6.594560e-02        -449.528301894112         -1.209464e-03
    4          2.640861e-02        -449.537708628299         -9.406734e-03
    5          1.810739e-02        -449.540744860339         -3.036232e-03
    6          6.415341e-03        -449.540948334119         -2.034738e-04
    7          6.512167e-03        -449.541068610811         -1.202767e-04
    8          2.462242e-03        -449.541084933626         -1.632281e-05
    9          7.284740e-04        -449.541087891437         -2.957810e-06
   10          3.512213e-04        -449.541088293839         -4.024025e-07
   11          1.925396e-04        -449.541088427752         -1.339130e-07
   12          6.077674e-05        -449.541088515921         -8.816858e-08
   13          2.141477e-05        -449.541088511361          4.559752e-09
   14          9.110516e-06        -449.541088515179         -3.818400e-09
---------------------------------------------------------------------------
                      SCF converged in 14 iterations!
===========================================================================


                                                                           
***************************************************************************
***                                                                     ***
***                    Printing Molecular Properties                    ***
***                                                                     ***
***************************************************************************
                                                                           
                                                                           
===========================================================================
                                 Molecule
---------------------------------------------------------------------------
 Charge                  :                                               0
 Multiplicity            :                                               1
---------------------------------------------------------------------------
    N    Atom            :               x               y               z
---------------------------------------------------------------------------
    0       B            :        0.000000        0.000000        1.625164
    1       B            :        0.000000        0.000000       -1.625164
    2       F            :        0.000000        2.124241        2.921894
    3       F            :        0.000000       -2.124241        2.921894
    4       F            :        0.000000       -2.124241       -2.921894
    5       F            :        0.000000        2.124241       -2.921894
---------------------------------------------------------------------------
 Center of mass          :        0.000000        0.000000       -0.000000
===========================================================================


===========================================================================
                         Molecular Energy (final)
---------------------------------------------------------------------------
 Kinetic energy          :            (au)                448.044766566128
 E-N energy              :            (au)              -1477.920641242305
 Coulomb energy          :            (au)                426.326436577126
 Exchange energy         :            (au)                 -9.628889121341
 X-C energy              :            (au)                -40.520270801684
 Ext. field (el)         :            (au)                  0.000000000000
---------------------------------------------------------------------------
 N-N energy              :            (au)                204.157509506895
 Ext. field (nuc)        :            (au)                  0.000000000000
---------------------------------------------------------------------------
 Electronic energy       :            (au)               -653.698598022075
 Nuclear energy          :            (au)                204.157509506895
---------------------------------------------------------------------------
 Total energy            :            (au)             -4.495410885152e+02
                         :      (kcal/mol)             -2.820912897478e+05
                         :        (kJ/mol)             -1.180269957071e+06
                         :            (eV)             -1.223263565538e+04
===========================================================================


===========================================================================
                         Orbital Energies (final)
---------------------------------------------------------------------------
    n  Occ Spin          :                                         Epsilon
---------------------------------------------------------------------------
    0    2    p          :            (au)                -24.718549132542
    1    2    p          :            (au)                -24.718547816350
    2    2    p          :            (au)                -24.718543443541
    3    2    p          :            (au)                -24.718541110203
    4    2    p          :            (au)                 -6.868786706133
    5    2    p          :            (au)                 -6.868465576294
    6    2    p          :            (au)                 -1.266100170428
    7    2    p          :            (au)                 -1.262876962980
    8    2    p          :            (au)                 -1.236976865261
    9    2    p          :            (au)                 -1.233643883681
   10    2    p          :            (au)                 -0.618365153194
   11    2    p          :            (au)                 -0.599794869492
   12    2    p          :            (au)                 -0.566992211179
   13    2    p          :            (au)                 -0.554462302925
   14    2    p          :            (au)                 -0.552072598809
   15    2    p          :            (au)                 -0.524970993892
   16    2    p          :            (au)                 -0.511289325511
   17    2    p          :            (au)                 -0.490506810365
   18    2    p          :            (au)                 -0.466543315765
   19    2    p          :            (au)                 -0.463438536965
   20    2    p          :            (au)                 -0.454593960869
   21    2    p          :            (au)                 -0.442376701233
   22    2    p          :            (au)                 -0.365325325829
---------------------------------------------------------------------------
 Sum occupied            :            (au)               -248.443527546875
===========================================================================


===========================================================================
                           Dipole Moment (dip-1)
---------------------------------------------------------------------------
 r_O                     :        0.000000        0.000000        0.000000
---------------------------------------------------------------------------
 Electronic vector       :        0.000000        0.000001        0.000002
 Magnitude               :            (au)                        0.000002
                         :         (Debye)                        0.000006
---------------------------------------------------------------------------
 Nuclear vector          :        0.000000        0.000000       -0.000000
 Magnitude               :            (au)                        0.000000
                         :         (Debye)                        0.000000
---------------------------------------------------------------------------
 Total vector            :        0.000000        0.000001        0.000002
 Magnitude               :            (au)                        0.000002
                         :         (Debye)                        0.000006
===========================================================================


                                                                           
                                                                           
***************************************************************************
***                                                                     ***
***                            Exiting MRChem                           ***
***                                                                     ***
***                       Wall time :  1h 11m 40s                       ***
***                                                                     ***
***************************************************************************
                                                                           
                                                                           
