Starting job 3213311 on c10-[51,55-56] at Tue Aug 3 12:24:19 CEST 2021

Copying 60_pbe0_.out to /cluster/home/ambr/projects/psp/calcs/doublets
Copying 60_pbe0_.json to /cluster/home/ambr/projects/psp/calcs/doublets

Task and CPU usage stats:
       JobID    JobName  AllocCPUS   NTasks     MinCPU MinCPUTask     AveCPU    Elapsed ExitCode 
------------ ---------- ---------- -------- ---------- ---------- ---------- ---------- -------- 
3213311        60_pbe0_        120                                             00:18:33      1:0 
3213311.bat+      batch         42        1   00:00:01          0   00:00:01   00:18:33      1:0 
3213311.ext+     extern        120        3   00:00:00          0   00:00:00   00:18:33      0:0 
3213311.0      mrchem.x        120       20   00:18:26         19   00:58:48   00:18:27      0:0 

Memory usage stats:
       JobID     MaxRSS MaxRSSTask     AveRSS MaxPages   MaxPagesTask   AvePages 
------------ ---------- ---------- ---------- -------- -------------- ---------- 
3213311                                                                          
3213311.bat+     14232K          0     14232K        0              0          0 
3213311.ext+          0          0          0        0              0          0 
3213311.0      2760972K          1 2440920883        0             13          0 

Disk usage stats:
       JobID  MaxDiskRead MaxDiskReadTask    AveDiskRead MaxDiskWrite MaxDiskWriteTask   AveDiskWrite 
------------ ------------ --------------- -------------- ------------ ---------------- -------------- 
3213311                                                                                               
3213311.bat+      148.91M               0        148.91M      145.19M                0        145.19M 
3213311.ext+        0.00M               0          0.00M            0                0              0 
3213311.0          13.84M              12          9.92M       51.07M               10         30.20M 

Job 3213311 completed at Tue Aug 3 12:42:52 CEST 2021
