                                                                           
                                                                           
***************************************************************************
***                                                                     ***
***                                                                     ***
***          __  __ ____   ____ _                                       ***
***         |  \/  |  _ \ / ___| |__   ___ _ __ ___                     ***
***         | |\/| | |_) | |   | '_ \ / _ \ '_ ` _ \                    ***
***         | |  | |  _ <| |___| | | |  __/ | | | | |                   ***
***         |_|  |_|_| \_\\____|_| |_|\___|_| |_| |_|                   ***
***                                                                     ***
***         VERSION            1.0.1                                    ***
***                                                                     ***
***         Git branch         HEAD                                     ***
***         Git commit hash    9309e3e1e52e5319b766-dirty               ***
***         Git commit author  Stig Rune Jensen                         ***
***         Git commit date    Fri Dec 4 16:08:55 2020 +0100            ***
***                                                                     ***
***         Contact: luca.frediani@uit.no                               ***
***                                                                     ***
***         Radovan Bast            Magnar Bjorgve                      ***
***         Roberto Di Remigio      Antoine Durdek                      ***
***         Luca Frediani           Gabriel Gerez                       ***
***         Stig Rune Jensen        Jonas Juselius                      ***
***         Rune Monstad            Peter Wind                          ***
***                                                                     ***
***************************************************************************

---------------------------------------------------------------------------

 MPI processes           :        (1 bank)                              20
 OpenMP threads          :                                               6
 Total cores             :                                             120
                                                                           
---------------------------------------------------------------------------

XCFun DFT library Copyright 2009-2020 Ulf Ekstrom and contributors.
See http://dftlibs.org/xcfun/ for more information.

This is free software; see the source code for copying conditions.
There is ABSOLUTELY NO WARRANTY; not even for MERCHANTABILITY or
FITNESS FOR A PARTICULAR PURPOSE. For details see the documentation.
Scientific users of this library should cite
U. Ekstrom, L. Visscher, R. Bast, A. J. Thorvaldsen and K. Ruud;
J.Chem.Theor.Comp. 2010, DOI: 10.1021/ct100117s

---------------------------------------------------------------------------

 MRCPP version         : 1.3.6
 Git branch            : HEAD
 Git commit hash       : 9309e3e1e52e5319b766-dirty
 Git commit author     : Stig Rune Jensen
 Git commit date       : Fri Dec 4 16:08:55 2020 +0100

 Linear algebra        : EIGEN v3.3.7
 Parallelization       : MPI/OpenMP (6 threads)

---------------------------------------------------------------------------


                                                                           
===========================================================================
                         MultiResolution Analysis
---------------------------------------------------------------------------
 polynomial order      : 9
 polynomial type       : Interpolating
---------------------------------------------------------------------------
 total boxes           : 8
 boxes                 : [          2           2           2 ]
 unit lengths          : [   16.00000    16.00000    16.00000 ]
 scaling factor        : [    1.00000     1.00000     1.00000 ]
 lower bounds          : [  -16.00000   -16.00000   -16.00000 ]
 upper bounds          : [   16.00000    16.00000    16.00000 ]
 total length          : [   32.00000    32.00000    32.00000 ]
===========================================================================


                                                                           
***************************************************************************
***                                                                     ***
***                        Initializing Molecule                        ***
***                                                                     ***
***************************************************************************
                                                                           
                                                                           
===========================================================================
                                 Molecule
---------------------------------------------------------------------------
 Charge                  :                                               0
 Multiplicity            :                                               3
---------------------------------------------------------------------------
    N    Atom            :               x               y               z
---------------------------------------------------------------------------
    0       B            :        0.000000        0.000000       -1.413154
    1       N            :        0.000000        0.000000        1.090733
---------------------------------------------------------------------------
 Center of mass          :        0.000000        0.000000       -0.000000
===========================================================================


                                                                           
***************************************************************************
***                                                                     ***
***                 Computing Ground State Wavefunction                 ***
***                                                                     ***
***************************************************************************
                                                                           
                                                                           
~~~~~~~~~~~~~~~~~~~~~~~~~~~~~~~~~~~~~~~~~~~~~~~~~~~~~~~~~~~~~~~~~~~~~~~~~~~
 Calculation             : Compute initial orbitals
 Method                  : Project MW molecular orbitals
 Precision               : 1.00000e-04
 Restricted              : False
 MO alpha file           : initial_guess/phi_a_scf
 MO beta file            : initial_guess/phi_b_scf
~~~~~~~~~~~~~~~~~~~~~~~~~~~~~~~~~~~~~~~~~~~~~~~~~~~~~~~~~~~~~~~~~~~~~~~~~~~


===========================================================================
                            Molecular Orbitals
---------------------------------------------------------------------------
 Alpha electrons         :                                               7
 Beta electrons          :                                               5
 Total electrons         :                                              12
---------------------------------------------------------------------------
    n  Occ Spin          :                                            Norm
---------------------------------------------------------------------------
    0    1    a          :                              1.000000024674e+00
    1    1    a          :                              1.000000012892e+00
    2    1    a          :                              9.999999960639e-01
    3    1    a          :                              9.999999832697e-01
    4    1    a          :                              9.999999959590e-01
    5    1    a          :                              9.999999965030e-01
    6    1    a          :                              9.999999808841e-01
    7    1    b          :                              1.000000026310e+00
    8    1    b          :                              1.000000012436e+00
    9    1    b          :                              9.999999981336e-01
   10    1    b          :                              9.999999512613e-01
   11    1    b          :                              9.999999983268e-01
===========================================================================


~~~~~~~~~~~~~~~~~~~~~~~~~~~~~~~~~~~~~~~~~~~~~~~~~~~~~~~~~~~~~~~~~~~~~~~~~~~
 Calculation             : Compute initial energy
 Method                  : DFT (PBE0)
 Precision               : 1.00000e-04
 Localization            : On
~~~~~~~~~~~~~~~~~~~~~~~~~~~~~~~~~~~~~~~~~~~~~~~~~~~~~~~~~~~~~~~~~~~~~~~~~~~


===========================================================================
                        Molecular Energy (initial)
---------------------------------------------------------------------------
 Kinetic energy          :            (au)                 79.025891014203
 E-N energy              :            (au)               -213.387634892698
 Coulomb energy          :            (au)                 51.757230507444
 Exchange energy         :            (au)                 -2.595213966392
 X-C energy              :            (au)                 -8.122230839316
 Ext. field (el)         :            (au)                  0.000000000000
---------------------------------------------------------------------------
 N-N energy              :            (au)                 13.978266926062
 Ext. field (nuc)        :            (au)                  0.000000000000
---------------------------------------------------------------------------
 Electronic energy       :            (au)                -93.321958176760
 Nuclear energy          :            (au)                 13.978266926062
---------------------------------------------------------------------------
 Total energy            :            (au)             -7.934369125070e+01
                         :      (kcal/mol)             -4.978891756523e+04
                         :        (kJ/mol)             -2.083168312281e+05
                         :            (eV)             -2.159051733911e+03
===========================================================================


===========================================================================
                        Orbital Energies (initial)
---------------------------------------------------------------------------
    n  Occ Spin          :                                         Epsilon
---------------------------------------------------------------------------
    0    1    a          :            (au)                -14.436617856871
    1    1    a          :            (au)                 -6.885681493609
    2    1    a          :            (au)                 -0.872700997421
    3    1    a          :            (au)                 -0.427888162635
    4    1    a          :            (au)                 -0.385596601115
    5    1    a          :            (au)                 -0.340565187024
    6    1    a          :            (au)                 -0.336185319090
    7    1    b          :            (au)                -14.419733198643
    8    1    b          :            (au)                 -6.867061721680
    9    1    b          :            (au)                 -0.805568926885
   10    1    b          :            (au)                 -0.369994112478
   11    1    b          :            (au)                 -0.318705974418
---------------------------------------------------------------------------
 Sum occupied            :            (au)                -46.466299551869
===========================================================================


~~~~~~~~~~~~~~~~~~~~~~~~~~~~~~~~~~~~~~~~~~~~~~~~~~~~~~~~~~~~~~~~~~~~~~~~~~~
 Calculation             : Optimize ground state orbitals
 Method                  : DFT (PBE0)
 Checkpointing           : Off
 Max iterations          : 200
 KAIN solver             : 10
 Localization            : First two iterations
 Diagonalization         : Off
 Start precision         : 1.00000e-06
 Final precision         : 1.00000e-06
 Helmholtz precision     : Dynamic
 Energy threshold        : 1.00000e-06
 Orbital threshold       : 1.00000e-05
~~~~~~~~~~~~~~~~~~~~~~~~~~~~~~~~~~~~~~~~~~~~~~~~~~~~~~~~~~~~~~~~~~~~~~~~~~~


===========================================================================
 Iter           MO residual             Total energy                Update
---------------------------------------------------------------------------
    0          3.464102e+00         -79.343691250698         -7.934369e+01
    1          5.450612e-04         -79.344303655906         -6.124052e-04
    2          4.202669e-04         -79.344310489760         -6.833854e-06
    3          4.628263e-03         -79.344308090588          2.399173e-06
    4          7.320963e-04         -79.344309802547         -1.711960e-06
    5          8.037860e-04         -79.344310786153         -9.836057e-07
    6          5.698728e-04         -79.344311100555         -3.144021e-07
    7          3.752669e-04         -79.344311200805         -1.002492e-07
    8          3.701073e-04         -79.344311264294         -6.348994e-08
    9          3.448532e-04         -79.344311308759         -4.446434e-08
   10          1.448275e-04         -79.344311321047         -1.228820e-08
   11          1.087588e-04         -79.344311329664         -8.617221e-09
   12          8.156648e-05         -79.344311334523         -4.859075e-09
   13          5.146771e-05         -79.344311336562         -2.038277e-09
   14          2.899439e-05         -79.344311337331         -7.696315e-10
   15          2.585860e-05         -79.344311337880         -5.483685e-10
   16          3.803647e-05         -79.344311338501         -6.215970e-10
   17          1.701600e-05         -79.344311338668         -1.669207e-10
---------------------------------------------------------------------------
                      SCF converged in 17 iterations!
===========================================================================


                                                                           
***************************************************************************
***                                                                     ***
***                    Printing Molecular Properties                    ***
***                                                                     ***
***************************************************************************
                                                                           
                                                                           
===========================================================================
                                 Molecule
---------------------------------------------------------------------------
 Charge                  :                                               0
 Multiplicity            :                                               3
---------------------------------------------------------------------------
    N    Atom            :               x               y               z
---------------------------------------------------------------------------
    0       B            :        0.000000        0.000000       -1.413154
    1       N            :        0.000000        0.000000        1.090733
---------------------------------------------------------------------------
 Center of mass          :        0.000000        0.000000       -0.000000
===========================================================================


===========================================================================
                         Molecular Energy (final)
---------------------------------------------------------------------------
 Kinetic energy          :            (au)                 79.028193051930
 E-N energy              :            (au)               -213.391022694210
 Coulomb energy          :            (au)                 51.758260407724
 Exchange energy         :            (au)                 -2.595627591020
 X-C energy              :            (au)                 -8.122381439154
 Ext. field (el)         :            (au)                  0.000000000000
---------------------------------------------------------------------------
 N-N energy              :            (au)                 13.978266926062
 Ext. field (nuc)        :            (au)                  0.000000000000
---------------------------------------------------------------------------
 Electronic energy       :            (au)                -93.322578264730
 Nuclear energy          :            (au)                 13.978266926062
---------------------------------------------------------------------------
 Total energy            :            (au)             -7.934431133867e+01
                         :      (kcal/mol)             -4.978930667630e+04
                         :        (kJ/mol)             -2.083184592688e+05
                         :            (eV)             -2.159068607364e+03
===========================================================================


===========================================================================
                         Orbital Energies (final)
---------------------------------------------------------------------------
    n  Occ Spin          :                                         Epsilon
---------------------------------------------------------------------------
    0    1    a          :            (au)                -14.436529784990
    1    1    a          :            (au)                 -6.885985465022
    2    1    a          :            (au)                 -0.872756799359
    3    1    a          :            (au)                 -0.427905400868
    4    1    a          :            (au)                 -0.385595356081
    5    1    a          :            (au)                 -0.340619211875
    6    1    a          :            (au)                 -0.336178384500
    7    1    b          :            (au)                -14.419418550498
    8    1    b          :            (au)                 -6.867533852371
    9    1    b          :            (au)                 -0.805471506280
   10    1    b          :            (au)                 -0.369875756422
   11    1    b          :            (au)                 -0.318572800191
---------------------------------------------------------------------------
 Sum occupied            :            (au)                -46.466442868457
===========================================================================


===========================================================================
                           Dipole Moment (dip-1)
---------------------------------------------------------------------------
 r_O                     :        0.000000        0.000000        0.000000
---------------------------------------------------------------------------
 Electronic vector       :       -0.000012        0.000001       -1.428594
 Magnitude               :            (au)                        1.428594
                         :         (Debye)                        3.631124
---------------------------------------------------------------------------
 Nuclear vector          :        0.000000        0.000000        0.569358
 Magnitude               :            (au)                        0.569358
                         :         (Debye)                        1.447164
---------------------------------------------------------------------------
 Total vector            :       -0.000012        0.000001       -0.859236
 Magnitude               :            (au)                        0.859236
                         :         (Debye)                        2.183960
===========================================================================


                                                                           
                                                                           
***************************************************************************
***                                                                     ***
***                            Exiting MRChem                           ***
***                                                                     ***
***                       Wall time :  0h 29m 23s                       ***
***                                                                     ***
***************************************************************************
                                                                           
                                                                           
