Starting job 3126002 on c5-28,c10-5,c11-[31,40,52] at Thu Jul 8 03:19:17 CEST 2021

Copying 62_pbe0_.out to /cluster/home/ambr/projects/psp/calcs
Copying 62_pbe0_.json to /cluster/home/ambr/projects/psp/calcs

Task and CPU usage stats:
       JobID    JobName  AllocCPUS   NTasks     MinCPU MinCPUTask     AveCPU    Elapsed ExitCode 
------------ ---------- ---------- -------- ---------- ---------- ---------- ---------- -------- 
3126002        62_pbe0_        200                                             00:18:53      1:0 
3126002.bat+      batch         40        1   00:00:00          0   00:00:00   00:18:53      1:0 
3126002.ext+     extern        200        5   00:00:00          2   00:00:00   00:18:53      0:0 
3126002.0      mrchem.x        200       20   00:18:41         19   01:21:22   00:18:46      0:0 

Memory usage stats:
       JobID     MaxRSS MaxRSSTask     AveRSS MaxPages   MaxPagesTask   AvePages 
------------ ---------- ---------- ---------- -------- -------------- ---------- 
3126002                                                                          
3126002.bat+     14612K          0     14612K        0              0          0 
3126002.ext+          0          2          0        0              2          0 
3126002.0      3404544K          9   2572589K        0             19          0 

Disk usage stats:
       JobID  MaxDiskRead MaxDiskReadTask    AveDiskRead MaxDiskWrite MaxDiskWriteTask   AveDiskWrite 
------------ ------------ --------------- -------------- ------------ ---------------- -------------- 
3126002                                                                                               
3126002.bat+        3.55M               0          3.55M        0.02M                0          0.02M 
3126002.ext+        0.00M               2          0.00M            0                2              0 
3126002.0           2.67M              15          2.54M       60.87M                4         24.71M 

Job 3126002 completed at Thu Jul 8 03:38:11 CEST 2021
