                                                                           
                                                                           
***************************************************************************
***                                                                     ***
***                                                                     ***
***          __  __ ____   ____ _                                       ***
***         |  \/  |  _ \ / ___| |__   ___ _ __ ___                     ***
***         | |\/| | |_) | |   | '_ \ / _ \ '_ ` _ \                    ***
***         | |  | |  _ <| |___| | | |  __/ | | | | |                   ***
***         |_|  |_|_| \_\\____|_| |_|\___|_| |_| |_|                   ***
***                                                                     ***
***         VERSION            1.0.1                                    ***
***                                                                     ***
***         Git branch         HEAD                                     ***
***         Git commit hash    9309e3e1e52e5319b766-dirty               ***
***         Git commit author  Stig Rune Jensen                         ***
***         Git commit date    Fri Dec 4 16:08:55 2020 +0100            ***
***                                                                     ***
***         Contact: luca.frediani@uit.no                               ***
***                                                                     ***
***         Radovan Bast            Magnar Bjorgve                      ***
***         Roberto Di Remigio      Antoine Durdek                      ***
***         Luca Frediani           Gabriel Gerez                       ***
***         Stig Rune Jensen        Jonas Juselius                      ***
***         Rune Monstad            Peter Wind                          ***
***                                                                     ***
***************************************************************************

---------------------------------------------------------------------------

 MPI processes           :        (1 bank)                              20
 OpenMP threads          :                                              10
 Total cores             :                                             200
                                                                           
---------------------------------------------------------------------------

XCFun DFT library Copyright 2009-2020 Ulf Ekstrom and contributors.
See http://dftlibs.org/xcfun/ for more information.

This is free software; see the source code for copying conditions.
There is ABSOLUTELY NO WARRANTY; not even for MERCHANTABILITY or
FITNESS FOR A PARTICULAR PURPOSE. For details see the documentation.
Scientific users of this library should cite
U. Ekstrom, L. Visscher, R. Bast, A. J. Thorvaldsen and K. Ruud;
J.Chem.Theor.Comp. 2010, DOI: 10.1021/ct100117s

---------------------------------------------------------------------------

 MRCPP version         : 1.3.6
 Git branch            : HEAD
 Git commit hash       : 9309e3e1e52e5319b766-dirty
 Git commit author     : Stig Rune Jensen
 Git commit date       : Fri Dec 4 16:08:55 2020 +0100

 Linear algebra        : EIGEN v3.3.7
 Parallelization       : MPI/OpenMP (10 threads)

---------------------------------------------------------------------------


                                                                           
===========================================================================
                         MultiResolution Analysis
---------------------------------------------------------------------------
 polynomial order      : 9
 polynomial type       : Interpolating
---------------------------------------------------------------------------
 total boxes           : 8
 boxes                 : [          2           2           2 ]
 unit lengths          : [   16.00000    16.00000    16.00000 ]
 scaling factor        : [    1.00000     1.00000     1.00000 ]
 lower bounds          : [  -16.00000   -16.00000   -16.00000 ]
 upper bounds          : [   16.00000    16.00000    16.00000 ]
 total length          : [   32.00000    32.00000    32.00000 ]
===========================================================================


                                                                           
***************************************************************************
***                                                                     ***
***                        Initializing Molecule                        ***
***                                                                     ***
***************************************************************************
                                                                           
                                                                           
===========================================================================
                                 Molecule
---------------------------------------------------------------------------
 Charge                  :                                               0
 Multiplicity            :                                               1
---------------------------------------------------------------------------
    N    Atom            :               x               y               z
---------------------------------------------------------------------------
    0       B            :        0.000000       -1.389836        0.000000
    1       H            :        0.000000       -2.475786       -1.919400
    2       H            :        0.000000       -2.475786        1.919400
    3       F            :        0.000000        1.053584        0.000000
---------------------------------------------------------------------------
 Center of mass          :        0.000000       -0.000000        0.000000
===========================================================================


                                                                           
***************************************************************************
***                                                                     ***
***                 Computing Ground State Wavefunction                 ***
***                                                                     ***
***************************************************************************
                                                                           
                                                                           
~~~~~~~~~~~~~~~~~~~~~~~~~~~~~~~~~~~~~~~~~~~~~~~~~~~~~~~~~~~~~~~~~~~~~~~~~~~
 Calculation             : Compute initial orbitals
 Method                  : Diagonalize SAD Hamiltonian
 Precision               : 1.00000e-03
 Restricted              : True
 Functional              : LDA (SVWN5)
 AO basis                : Hydrogenic orbitals
 Zeta quality            : 2
~~~~~~~~~~~~~~~~~~~~~~~~~~~~~~~~~~~~~~~~~~~~~~~~~~~~~~~~~~~~~~~~~~~~~~~~~~~


===========================================================================
                            Molecular Orbitals
---------------------------------------------------------------------------
 Alpha electrons         :                                               8
 Beta electrons          :                                               8
 Total electrons         :                                              16
---------------------------------------------------------------------------
    n  Occ Spin          :                                            Norm
---------------------------------------------------------------------------
    0    2    p          :                              9.999989133206e-01
    1    2    p          :                              9.999994041069e-01
    2    2    p          :                              1.000018969100e+00
    3    2    p          :                              1.000000063699e+00
    4    2    p          :                              1.000007593484e+00
    5    2    p          :                              1.000053901697e+00
    6    2    p          :                              1.000000029394e+00
    7    2    p          :                              9.999936223982e-01
===========================================================================


~~~~~~~~~~~~~~~~~~~~~~~~~~~~~~~~~~~~~~~~~~~~~~~~~~~~~~~~~~~~~~~~~~~~~~~~~~~
 Calculation             : Compute initial energy
 Method                  : DFT (B3LYP-G)
 Precision               : 1.00000e-03
 Localization            : Off
~~~~~~~~~~~~~~~~~~~~~~~~~~~~~~~~~~~~~~~~~~~~~~~~~~~~~~~~~~~~~~~~~~~~~~~~~~~


===========================================================================
                        Molecular Energy (initial)
---------------------------------------------------------------------------
 Kinetic energy          :            (au)                132.178828074675
 E-N energy              :            (au)               -360.783295413877
 Coulomb energy          :            (au)                 90.952268435474
 Exchange energy         :            (au)                 -2.974365979864
 X-C energy              :            (au)                -12.629350064817
 Ext. field (el)         :            (au)                  0.000000000000
---------------------------------------------------------------------------
 N-N energy              :            (au)                 27.692185689292
 Ext. field (nuc)        :            (au)                  0.000000000000
---------------------------------------------------------------------------
 Electronic energy       :            (au)               -153.255914948409
 Nuclear energy          :            (au)                 27.692185689292
---------------------------------------------------------------------------
 Total energy            :            (au)             -1.255637292591e+02
                         :      (kcal/mol)             -7.879242907305e+04
                         :        (kJ/mol)             -3.296675234556e+05
                         :            (eV)             -3.416762985184e+03
===========================================================================


===========================================================================
                        Orbital Energies (initial)
---------------------------------------------------------------------------
    n  Occ Spin          :                                         Epsilon
---------------------------------------------------------------------------
    0    2    p          :            (au)                -24.339157313711
    1    2    p          :            (au)                 -6.777013993045
    2    2    p          :            (au)                 -1.164669607152
    3    2    p          :            (au)                 -0.519744248318
    4    2    p          :            (au)                 -0.462316183409
    5    2    p          :            (au)                 -0.440983027585
    6    2    p          :            (au)                 -0.409437486954
    7    2    p          :            (au)                 -0.304495911607
---------------------------------------------------------------------------
 Sum occupied            :            (au)                -68.835635543563
===========================================================================


~~~~~~~~~~~~~~~~~~~~~~~~~~~~~~~~~~~~~~~~~~~~~~~~~~~~~~~~~~~~~~~~~~~~~~~~~~~
 Calculation             : Optimize ground state orbitals
 Method                  : DFT (B3LYP-G)
 Checkpointing           : Off
 Max iterations          : 200
 KAIN solver             : 10
 Localization            : Off
 Diagonalization         : First two iterations
 Start precision         : 1.00000e-06
 Final precision         : 1.00000e-06
 Helmholtz precision     : Dynamic
 Energy threshold        : 1.00000e-06
 Orbital threshold       : 1.00000e-05
~~~~~~~~~~~~~~~~~~~~~~~~~~~~~~~~~~~~~~~~~~~~~~~~~~~~~~~~~~~~~~~~~~~~~~~~~~~


===========================================================================
 Iter           MO residual             Total energy                Update
---------------------------------------------------------------------------
    0          2.828427e+00        -125.563729259117         -1.255637e+02
    1          2.292491e-01        -125.963965899696         -4.002366e-01
    2          8.451147e-02        -125.989490497185         -2.552460e-02
    3          3.973300e-02        -125.995188682765         -5.698186e-03
    4          1.308320e-02        -125.996042977032         -8.542943e-04
    5          7.027701e-03        -125.996311324027         -2.683470e-04
    6          5.583032e-03        -125.996420198838         -1.088748e-04
    7          3.591959e-03        -125.996449867932         -2.966909e-05
    8          1.055913e-03        -125.996452975752         -3.107820e-06
    9          3.236557e-04        -125.996453380925         -4.051728e-07
   10          1.907834e-04        -125.996453459455         -7.853023e-08
   11          6.998007e-05        -125.996453474802         -1.534698e-08
   12          3.550694e-05        -125.996453476928         -2.125518e-09
   13          1.860563e-05        -125.996453477461         -5.330492e-10
   14          1.013939e-05        -125.996453477601         -1.403180e-10
---------------------------------------------------------------------------
                      SCF converged in 14 iterations!
===========================================================================


                                                                           
***************************************************************************
***                                                                     ***
***                    Printing Molecular Properties                    ***
***                                                                     ***
***************************************************************************
                                                                           
                                                                           
===========================================================================
                                 Molecule
---------------------------------------------------------------------------
 Charge                  :                                               0
 Multiplicity            :                                               1
---------------------------------------------------------------------------
    N    Atom            :               x               y               z
---------------------------------------------------------------------------
    0       B            :        0.000000       -1.389836        0.000000
    1       H            :        0.000000       -2.475786       -1.919400
    2       H            :        0.000000       -2.475786        1.919400
    3       F            :        0.000000        1.053584        0.000000
---------------------------------------------------------------------------
 Center of mass          :        0.000000       -0.000000        0.000000
===========================================================================


===========================================================================
                         Molecular Energy (final)
---------------------------------------------------------------------------
 Kinetic energy          :            (au)                125.627562213105
 E-N energy              :            (au)               -353.901621231507
 Coulomb energy          :            (au)                 89.902891701766
 Exchange energy         :            (au)                 -2.938082129193
 X-C energy              :            (au)                -12.379389721063
 Ext. field (el)         :            (au)                  0.000000000000
---------------------------------------------------------------------------
 N-N energy              :            (au)                 27.692185689292
 Ext. field (nuc)        :            (au)                  0.000000000000
---------------------------------------------------------------------------
 Electronic energy       :            (au)               -153.688639166893
 Nuclear energy          :            (au)                 27.692185689292
---------------------------------------------------------------------------
 Total energy            :            (au)             -1.259964534776e+02
                         :      (kcal/mol)             -7.906396761761e+04
                         :        (kJ/mol)             -3.308036407268e+05
                         :            (eV)             -3.428538010513e+03
===========================================================================


===========================================================================
                         Orbital Energies (final)
---------------------------------------------------------------------------
    n  Occ Spin          :                                         Epsilon
---------------------------------------------------------------------------
    0    2    p          :            (au)                -24.705284101981
    1    2    p          :            (au)                 -6.803226640120
    2    2    p          :            (au)                 -1.239294176897
    3    2    p          :            (au)                 -0.579567469982
    4    2    p          :            (au)                 -0.496705248448
    5    2    p          :            (au)                 -0.481451374160
    6    2    p          :            (au)                 -0.464548881538
    7    2    p          :            (au)                 -0.334666389961
---------------------------------------------------------------------------
 Sum occupied            :            (au)                -70.209488566173
===========================================================================


===========================================================================
                           Dipole Moment (dip-1)
---------------------------------------------------------------------------
 r_O                     :        0.000000        0.000000        0.000000
---------------------------------------------------------------------------
 Electronic vector       :       -0.000000        2.163326       -0.000000
 Magnitude               :            (au)                        2.163326
                         :         (Debye)                        5.498626
---------------------------------------------------------------------------
 Nuclear vector          :        0.000000       -2.418501        0.000000
 Magnitude               :            (au)                        2.418501
                         :         (Debye)                        6.147215
---------------------------------------------------------------------------
 Total vector            :       -0.000000       -0.255175       -0.000000
 Magnitude               :            (au)                        0.255175
                         :         (Debye)                        0.648589
===========================================================================


                                                                           
                                                                           
***************************************************************************
***                                                                     ***
***                            Exiting MRChem                           ***
***                                                                     ***
***                       Wall time :  0h 15m  4s                       ***
***                                                                     ***
***************************************************************************
                                                                           
                                                                           
