                                                                           
                                                                           
***************************************************************************
***                                                                     ***
***                                                                     ***
***          __  __ ____   ____ _                                       ***
***         |  \/  |  _ \ / ___| |__   ___ _ __ ___                     ***
***         | |\/| | |_) | |   | '_ \ / _ \ '_ ` _ \                    ***
***         | |  | |  _ <| |___| | | |  __/ | | | | |                   ***
***         |_|  |_|_| \_\\____|_| |_|\___|_| |_| |_|                   ***
***                                                                     ***
***         VERSION            1.0.1                                    ***
***                                                                     ***
***         Git branch         HEAD                                     ***
***         Git commit hash    9309e3e1e52e5319b766-dirty               ***
***         Git commit author  Stig Rune Jensen                         ***
***         Git commit date    Fri Dec 4 16:08:55 2020 +0100            ***
***                                                                     ***
***         Contact: luca.frediani@uit.no                               ***
***                                                                     ***
***         Radovan Bast            Magnar Bjorgve                      ***
***         Roberto Di Remigio      Antoine Durdek                      ***
***         Luca Frediani           Gabriel Gerez                       ***
***         Stig Rune Jensen        Jonas Juselius                      ***
***         Rune Monstad            Peter Wind                          ***
***                                                                     ***
***************************************************************************

---------------------------------------------------------------------------

 MPI processes           :        (1 bank)                              20
 OpenMP threads          :                                              10
 Total cores             :                                             200
                                                                           
---------------------------------------------------------------------------

XCFun DFT library Copyright 2009-2020 Ulf Ekstrom and contributors.
See http://dftlibs.org/xcfun/ for more information.

This is free software; see the source code for copying conditions.
There is ABSOLUTELY NO WARRANTY; not even for MERCHANTABILITY or
FITNESS FOR A PARTICULAR PURPOSE. For details see the documentation.
Scientific users of this library should cite
U. Ekstrom, L. Visscher, R. Bast, A. J. Thorvaldsen and K. Ruud;
J.Chem.Theor.Comp. 2010, DOI: 10.1021/ct100117s

---------------------------------------------------------------------------

 MRCPP version         : 1.3.6
 Git branch            : HEAD
 Git commit hash       : 9309e3e1e52e5319b766-dirty
 Git commit author     : Stig Rune Jensen
 Git commit date       : Fri Dec 4 16:08:55 2020 +0100

 Linear algebra        : EIGEN v3.3.7
 Parallelization       : MPI/OpenMP (10 threads)

---------------------------------------------------------------------------


                                                                           
===========================================================================
                         MultiResolution Analysis
---------------------------------------------------------------------------
 polynomial order      : 9
 polynomial type       : Interpolating
---------------------------------------------------------------------------
 total boxes           : 8
 boxes                 : [          2           2           2 ]
 unit lengths          : [   16.00000    16.00000    16.00000 ]
 scaling factor        : [    1.00000     1.00000     1.00000 ]
 lower bounds          : [  -16.00000   -16.00000   -16.00000 ]
 upper bounds          : [   16.00000    16.00000    16.00000 ]
 total length          : [   32.00000    32.00000    32.00000 ]
===========================================================================


                                                                           
***************************************************************************
***                                                                     ***
***                        Initializing Molecule                        ***
***                                                                     ***
***************************************************************************
                                                                           
                                                                           
===========================================================================
                                 Molecule
---------------------------------------------------------------------------
 Charge                  :                                               0
 Multiplicity            :                                               1
---------------------------------------------------------------------------
    N    Atom            :               x               y               z
---------------------------------------------------------------------------
    0       B            :        0.000000       -1.389836        0.000000
    1       H            :        0.000000       -2.475786       -1.919400
    2       H            :        0.000000       -2.475786        1.919400
    3       F            :        0.000000        1.053584        0.000000
---------------------------------------------------------------------------
 Center of mass          :        0.000000       -0.000000        0.000000
===========================================================================


                                                                           
***************************************************************************
***                                                                     ***
***                 Computing Ground State Wavefunction                 ***
***                                                                     ***
***************************************************************************
                                                                           
                                                                           
~~~~~~~~~~~~~~~~~~~~~~~~~~~~~~~~~~~~~~~~~~~~~~~~~~~~~~~~~~~~~~~~~~~~~~~~~~~
 Calculation             : Compute initial orbitals
 Method                  : Diagonalize SAD Hamiltonian
 Precision               : 1.00000e-03
 Restricted              : True
 Functional              : LDA (SVWN5)
 AO basis                : Hydrogenic orbitals
 Zeta quality            : 2
~~~~~~~~~~~~~~~~~~~~~~~~~~~~~~~~~~~~~~~~~~~~~~~~~~~~~~~~~~~~~~~~~~~~~~~~~~~


===========================================================================
                            Molecular Orbitals
---------------------------------------------------------------------------
 Alpha electrons         :                                               8
 Beta electrons          :                                               8
 Total electrons         :                                              16
---------------------------------------------------------------------------
    n  Occ Spin          :                                            Norm
---------------------------------------------------------------------------
    0    2    p          :                              9.999989133206e-01
    1    2    p          :                              9.999994041069e-01
    2    2    p          :                              1.000018969100e+00
    3    2    p          :                              1.000000063699e+00
    4    2    p          :                              1.000007593484e+00
    5    2    p          :                              1.000053901697e+00
    6    2    p          :                              1.000000029394e+00
    7    2    p          :                              9.999936223982e-01
===========================================================================


~~~~~~~~~~~~~~~~~~~~~~~~~~~~~~~~~~~~~~~~~~~~~~~~~~~~~~~~~~~~~~~~~~~~~~~~~~~
 Calculation             : Compute initial energy
 Method                  : DFT (PBE0)
 Precision               : 1.00000e-03
 Localization            : Off
~~~~~~~~~~~~~~~~~~~~~~~~~~~~~~~~~~~~~~~~~~~~~~~~~~~~~~~~~~~~~~~~~~~~~~~~~~~


===========================================================================
                        Molecular Energy (initial)
---------------------------------------------------------------------------
 Kinetic energy          :            (au)                132.178828074675
 E-N energy              :            (au)               -360.783295413877
 Coulomb energy          :            (au)                 90.952268435474
 Exchange energy         :            (au)                 -3.717957474830
 X-C energy              :            (au)                -11.728373919341
 Ext. field (el)         :            (au)                  0.000000000000
---------------------------------------------------------------------------
 N-N energy              :            (au)                 27.692185689292
 Ext. field (nuc)        :            (au)                  0.000000000000
---------------------------------------------------------------------------
 Electronic energy       :            (au)               -153.098530297899
 Nuclear energy          :            (au)                 27.692185689292
---------------------------------------------------------------------------
 Total energy            :            (au)             -1.254063446086e+02
                         :      (kcal/mol)             -7.869366871458e+04
                         :        (kJ/mol)             -3.292543101155e+05
                         :            (eV)             -3.412480330858e+03
===========================================================================


===========================================================================
                        Orbital Energies (initial)
---------------------------------------------------------------------------
    n  Occ Spin          :                                         Epsilon
---------------------------------------------------------------------------
    0    2    p          :            (au)                -24.414988753787
    1    2    p          :            (au)                 -6.811118802909
    2    2    p          :            (au)                 -1.191521286405
    3    2    p          :            (au)                 -0.534323955201
    4    2    p          :            (au)                 -0.474657082800
    5    2    p          :            (au)                 -0.452190467332
    6    2    p          :            (au)                 -0.422261535373
    7    2    p          :            (au)                 -0.313541218585
---------------------------------------------------------------------------
 Sum occupied            :            (au)                -69.229206204784
===========================================================================


~~~~~~~~~~~~~~~~~~~~~~~~~~~~~~~~~~~~~~~~~~~~~~~~~~~~~~~~~~~~~~~~~~~~~~~~~~~
 Calculation             : Optimize ground state orbitals
 Method                  : DFT (PBE0)
 Checkpointing           : Off
 Max iterations          : 200
 KAIN solver             : 10
 Localization            : Off
 Diagonalization         : First two iterations
 Start precision         : 1.00000e-06
 Final precision         : 1.00000e-06
 Helmholtz precision     : Dynamic
 Energy threshold        : 1.00000e-06
 Orbital threshold       : 1.00000e-05
~~~~~~~~~~~~~~~~~~~~~~~~~~~~~~~~~~~~~~~~~~~~~~~~~~~~~~~~~~~~~~~~~~~~~~~~~~~


===========================================================================
 Iter           MO residual             Total energy                Update
---------------------------------------------------------------------------
    0          2.828427e+00        -125.406344608607         -1.254063e+02
    1          2.258456e-01        -125.814467696275         -4.081231e-01
    2          9.411907e-02        -125.838648363560         -2.418067e-02
    3          4.561820e-02        -125.846306994052         -7.658630e-03
    4          1.545672e-02        -125.847436030491         -1.129036e-03
    5          8.232742e-03        -125.847810075377         -3.740449e-04
    6          6.216489e-03        -125.847944495700         -1.344203e-04
    7          3.841358e-03        -125.847977529392         -3.303369e-05
    8          1.235714e-03        -125.847981462331         -3.932938e-06
    9          3.277299e-04        -125.847981875563         -4.132323e-07
   10          1.642798e-04        -125.847981938201         -6.263764e-08
   11          6.537090e-05        -125.847981952631         -1.443030e-08
   12          3.197478e-05        -125.847981954553         -1.922302e-09
   13          1.855550e-05        -125.847981955077         -5.235563e-10
   14          1.139792e-05        -125.847981955224         -1.467697e-10
   15          2.669838e-06        -125.847981955254         -3.052492e-11
---------------------------------------------------------------------------
                      SCF converged in 15 iterations!
===========================================================================


                                                                           
***************************************************************************
***                                                                     ***
***                    Printing Molecular Properties                    ***
***                                                                     ***
***************************************************************************
                                                                           
                                                                           
===========================================================================
                                 Molecule
---------------------------------------------------------------------------
 Charge                  :                                               0
 Multiplicity            :                                               1
---------------------------------------------------------------------------
    N    Atom            :               x               y               z
---------------------------------------------------------------------------
    0       B            :        0.000000       -1.389836        0.000000
    1       H            :        0.000000       -2.475786       -1.919400
    2       H            :        0.000000       -2.475786        1.919400
    3       F            :        0.000000        1.053584        0.000000
---------------------------------------------------------------------------
 Center of mass          :        0.000000       -0.000000        0.000000
===========================================================================


===========================================================================
                         Molecular Energy (final)
---------------------------------------------------------------------------
 Kinetic energy          :            (au)                125.534328926459
 E-N energy              :            (au)               -353.804926948159
 Coulomb energy          :            (au)                 89.898414740481
 Exchange energy         :            (au)                 -3.673428373796
 X-C energy              :            (au)                -11.494555989531
 Ext. field (el)         :            (au)                  0.000000000000
---------------------------------------------------------------------------
 N-N energy              :            (au)                 27.692185689292
 Ext. field (nuc)        :            (au)                  0.000000000000
---------------------------------------------------------------------------
 Electronic energy       :            (au)               -153.540167644546
 Nuclear energy          :            (au)                 27.692185689292
---------------------------------------------------------------------------
 Total energy            :            (au)             -1.258479819553e+02
                         :      (kcal/mol)             -7.897080033146e+04
                         :        (kJ/mol)             -3.304138288013e+05
                         :            (eV)             -3.424497894750e+03
===========================================================================


===========================================================================
                         Orbital Energies (final)
---------------------------------------------------------------------------
    n  Occ Spin          :                                         Epsilon
---------------------------------------------------------------------------
    0    2    p          :            (au)                -24.791492805970
    1    2    p          :            (au)                 -6.834977818842
    2    2    p          :            (au)                 -1.267035214122
    3    2    p          :            (au)                 -0.594197091560
    4    2    p          :            (au)                 -0.509246005212
    5    2    p          :            (au)                 -0.493084960581
    6    2    p          :            (au)                 -0.474263201091
    7    2    p          :            (au)                 -0.341156598175
---------------------------------------------------------------------------
 Sum occupied            :            (au)                -70.610907391104
===========================================================================


===========================================================================
                           Dipole Moment (dip-1)
---------------------------------------------------------------------------
 r_O                     :        0.000000        0.000000        0.000000
---------------------------------------------------------------------------
 Electronic vector       :       -0.000000        2.164537       -0.000000
 Magnitude               :            (au)                        2.164537
                         :         (Debye)                        5.501703
---------------------------------------------------------------------------
 Nuclear vector          :        0.000000       -2.418501        0.000000
 Magnitude               :            (au)                        2.418501
                         :         (Debye)                        6.147215
---------------------------------------------------------------------------
 Total vector            :       -0.000000       -0.253964       -0.000000
 Magnitude               :            (au)                        0.253964
                         :         (Debye)                        0.645512
===========================================================================


                                                                           
                                                                           
***************************************************************************
***                                                                     ***
***                            Exiting MRChem                           ***
***                                                                     ***
***                       Wall time :  0h 16m  5s                       ***
***                                                                     ***
***************************************************************************
                                                                           
                                                                           
[1625708305.494176] [c5-46:1619 :0]          mpool.c:43   UCX  WARN  object 0x2359540 was not returned to mpool ucp_requests
[1625708305.494198] [c5-46:1619 :0]          mpool.c:43   UCX  WARN  object 0x2359e40 was not returned to mpool ucp_requests
[1625708305.494200] [c5-46:1619 :0]          mpool.c:43   UCX  WARN  object 0x2359f40 was not returned to mpool ucp_requests
[1625708305.494202] [c5-46:1619 :0]          mpool.c:43   UCX  WARN  object 0x235a040 was not returned to mpool ucp_requests
[1625708305.493727] [c5-56:16501:0]          mpool.c:43   UCX  WARN  object 0x27ed540 was not returned to mpool ucp_requests
[1625708305.493749] [c5-56:16501:0]          mpool.c:43   UCX  WARN  object 0x27ed940 was not returned to mpool ucp_requests
[1625708305.493751] [c5-56:16501:0]          mpool.c:43   UCX  WARN  object 0x27eda40 was not returned to mpool ucp_requests
[1625708305.493752] [c5-56:16501:0]          mpool.c:43   UCX  WARN  object 0x27edb40 was not returned to mpool ucp_requests
[1625708305.493754] [c5-56:16501:0]          mpool.c:43   UCX  WARN  object 0x27edc40 was not returned to mpool ucp_requests
[1625708305.493755] [c5-56:16501:0]          mpool.c:43   UCX  WARN  object 0x27ede40 was not returned to mpool ucp_requests
[1625708305.493756] [c5-56:16501:0]          mpool.c:43   UCX  WARN  object 0x27edf40 was not returned to mpool ucp_requests
[1625708305.493757] [c5-56:16501:0]          mpool.c:43   UCX  WARN  object 0x27ee040 was not returned to mpool ucp_requests
[1625708305.515364] [c5-44:47347:0]          mpool.c:43   UCX  WARN  object 0x1349f40 was not returned to mpool ucp_requests
[1625708305.515382] [c5-44:47347:0]          mpool.c:43   UCX  WARN  object 0x134a040 was not returned to mpool ucp_requests
[1625708305.485660] [c5-56:16502:0]          mpool.c:43   UCX  WARN  object 0x232b840 was not returned to mpool ucp_requests
[1625708305.485676] [c5-56:16502:0]          mpool.c:43   UCX  WARN  object 0x232c640 was not returned to mpool ucp_requests
[1625708305.485678] [c5-56:16502:0]          mpool.c:43   UCX  WARN  object 0x232c740 was not returned to mpool ucp_requests
[1625708305.485680] [c5-56:16502:0]          mpool.c:43   UCX  WARN  object 0x232c840 was not returned to mpool ucp_requests
[1625708305.511934] [c5-45:48386:0]          mpool.c:43   UCX  WARN  object 0x2455e40 was not returned to mpool ucp_requests
[1625708305.511949] [c5-45:48386:0]          mpool.c:43   UCX  WARN  object 0x2456040 was not returned to mpool ucp_requests
[1625708305.485400] [c5-57:578  :0]          mpool.c:43   UCX  WARN  object 0xb7ab80 was not returned to mpool ucp_requests
[1625708305.485415] [c5-57:578  :0]          mpool.c:43   UCX  WARN  object 0xb7ac80 was not returned to mpool ucp_requests
[1625708305.485417] [c5-57:578  :0]          mpool.c:43   UCX  WARN  object 0xb7ad80 was not returned to mpool ucp_requests
[1625708305.485418] [c5-57:578  :0]          mpool.c:43   UCX  WARN  object 0xb7ae80 was not returned to mpool ucp_requests
[1625708305.496223] [c5-42:69945:0]          mpool.c:43   UCX  WARN  object 0x26dc140 was not returned to mpool ucp_requests
[1625708305.496242] [c5-42:69945:0]          mpool.c:43   UCX  WARN  object 0x26dc540 was not returned to mpool ucp_requests
[1625708305.496244] [c5-42:69945:0]          mpool.c:43   UCX  WARN  object 0x26dc640 was not returned to mpool ucp_requests
[1625708305.496246] [c5-42:69945:0]          mpool.c:43   UCX  WARN  object 0x26dc740 was not returned to mpool ucp_requests
[1625708305.496247] [c5-42:69945:0]          mpool.c:43   UCX  WARN  object 0x26dc840 was not returned to mpool ucp_requests
[1625708305.496248] [c5-42:69945:0]          mpool.c:43   UCX  WARN  object 0x26dc940 was not returned to mpool ucp_requests
[1625708305.496249] [c5-42:69945:0]          mpool.c:43   UCX  WARN  object 0x26dca40 was not returned to mpool ucp_requests
[1625708305.496251] [c5-42:69945:0]          mpool.c:43   UCX  WARN  object 0x26dcb40 was not returned to mpool ucp_requests
[1625708305.564504] [c2-4:54139:0]          mpool.c:43   UCX  WARN  object 0x240c440 was not returned to mpool ucp_requests
[1625708305.564510] [c2-4:54139:0]          mpool.c:43   UCX  WARN  object 0x240c640 was not returned to mpool ucp_requests
[1625708305.564511] [c2-4:54139:0]          mpool.c:43   UCX  WARN  object 0x240c740 was not returned to mpool ucp_requests
[1625708305.564513] [c2-4:54139:0]          mpool.c:43   UCX  WARN  object 0x240c940 was not returned to mpool ucp_requests
[1625708305.564514] [c2-4:54139:0]          mpool.c:43   UCX  WARN  object 0x240ca40 was not returned to mpool ucp_requests
[1625708305.564516] [c2-4:54139:0]          mpool.c:43   UCX  WARN  object 0x240cb40 was not returned to mpool ucp_requests
[1625708305.564517] [c2-4:54139:0]          mpool.c:43   UCX  WARN  object 0x240cc40 was not returned to mpool ucp_requests
[1625708305.564518] [c2-4:54139:0]          mpool.c:43   UCX  WARN  object 0x240cd40 was not returned to mpool ucp_requests
[1625708305.564519] [c2-4:54139:0]          mpool.c:43   UCX  WARN  object 0x240ce40 was not returned to mpool ucp_requests
[1625708305.564521] [c2-4:54139:0]          mpool.c:43   UCX  WARN  object 0x240d040 was not returned to mpool ucp_requests
[1625708305.550965] [c5-35:21841:0]          mpool.c:43   UCX  WARN  object 0x2044340 was not returned to mpool ucp_requests
[1625708305.550981] [c5-35:21841:0]          mpool.c:43   UCX  WARN  object 0x2044640 was not returned to mpool ucp_requests
[1625708305.550983] [c5-35:21841:0]          mpool.c:43   UCX  WARN  object 0x2044740 was not returned to mpool ucp_requests
[1625708305.550984] [c5-35:21841:0]          mpool.c:43   UCX  WARN  object 0x2044940 was not returned to mpool ucp_requests
[1625708305.550985] [c5-35:21841:0]          mpool.c:43   UCX  WARN  object 0x2044a40 was not returned to mpool ucp_requests
[1625708305.550987] [c5-35:21841:0]          mpool.c:43   UCX  WARN  object 0x2044b40 was not returned to mpool ucp_requests
[1625708305.550988] [c5-35:21841:0]          mpool.c:43   UCX  WARN  object 0x2044c40 was not returned to mpool ucp_requests
[1625708305.550989] [c5-35:21841:0]          mpool.c:43   UCX  WARN  object 0x2044e40 was not returned to mpool ucp_requests
[1625708305.483348] [c5-46:1617 :0]          mpool.c:43   UCX  WARN  object 0xe76440 was not returned to mpool ucp_requests
[1625708305.483370] [c5-46:1617 :0]          mpool.c:43   UCX  WARN  object 0xe76940 was not returned to mpool ucp_requests
[1625708305.483372] [c5-46:1617 :0]          mpool.c:43   UCX  WARN  object 0xe76b40 was not returned to mpool ucp_requests
[1625708305.483374] [c5-46:1617 :0]          mpool.c:43   UCX  WARN  object 0xe76c40 was not returned to mpool ucp_requests
[1625708305.483375] [c5-46:1617 :0]          mpool.c:43   UCX  WARN  object 0xe76d40 was not returned to mpool ucp_requests
[1625708305.483376] [c5-46:1617 :0]          mpool.c:43   UCX  WARN  object 0xe76e40 was not returned to mpool ucp_requests
[1625708305.483377] [c5-46:1617 :0]          mpool.c:43   UCX  WARN  object 0xe76f40 was not returned to mpool ucp_requests
[1625708305.483379] [c5-46:1617 :0]          mpool.c:43   UCX  WARN  object 0xe77040 was not returned to mpool ucp_requests
[1625708305.488851] [c5-45:48384:0]          mpool.c:43   UCX  WARN  object 0x28da940 was not returned to mpool ucp_requests
[1625708305.488868] [c5-45:48384:0]          mpool.c:43   UCX  WARN  object 0x28daa40 was not returned to mpool ucp_requests
[1625708305.488870] [c5-45:48384:0]          mpool.c:43   UCX  WARN  object 0x28dab40 was not returned to mpool ucp_requests
[1625708305.488871] [c5-45:48384:0]          mpool.c:43   UCX  WARN  object 0x28dac40 was not returned to mpool ucp_requests
[1625708305.488872] [c5-45:48384:0]          mpool.c:43   UCX  WARN  object 0x28dad40 was not returned to mpool ucp_requests
[1625708305.488874] [c5-45:48384:0]          mpool.c:43   UCX  WARN  object 0x28dae40 was not returned to mpool ucp_requests
[1625708305.488875] [c5-45:48384:0]          mpool.c:43   UCX  WARN  object 0x28daf40 was not returned to mpool ucp_requests
[1625708305.488876] [c5-45:48384:0]          mpool.c:43   UCX  WARN  object 0x28db040 was not returned to mpool ucp_requests
[1625708305.497379] [c5-51:25182:0]          mpool.c:43   UCX  WARN  object 0x12f7c40 was not returned to mpool ucp_requests
[1625708305.497419] [c5-51:25182:0]          mpool.c:43   UCX  WARN  object 0x12f8440 was not returned to mpool ucp_requests
[1625708305.497421] [c5-51:25182:0]          mpool.c:43   UCX  WARN  object 0x12f8640 was not returned to mpool ucp_requests
[1625708305.497422] [c5-51:25182:0]          mpool.c:43   UCX  WARN  object 0x12f8740 was not returned to mpool ucp_requests
[1625708305.497423] [c5-51:25182:0]          mpool.c:43   UCX  WARN  object 0x12f8840 was not returned to mpool ucp_requests
[1625708305.497425] [c5-51:25182:0]          mpool.c:43   UCX  WARN  object 0x12f8940 was not returned to mpool ucp_requests
[1625708305.497427] [c5-51:25182:0]          mpool.c:43   UCX  WARN  object 0x12f8a40 was not returned to mpool ucp_requests
[1625708305.497428] [c5-51:25182:0]          mpool.c:43   UCX  WARN  object 0x12f8b40 was not returned to mpool ucp_requests
[1625708305.535225] [c5-44:47345:0]          mpool.c:43   UCX  WARN  object 0x1a3f340 was not returned to mpool ucp_requests
[1625708305.535241] [c5-44:47345:0]          mpool.c:43   UCX  WARN  object 0x1a3f940 was not returned to mpool ucp_requests
[1625708305.535243] [c5-44:47345:0]          mpool.c:43   UCX  WARN  object 0x1a3fa40 was not returned to mpool ucp_requests
[1625708305.535244] [c5-44:47345:0]          mpool.c:43   UCX  WARN  object 0x1a3fb40 was not returned to mpool ucp_requests
[1625708305.535246] [c5-44:47345:0]          mpool.c:43   UCX  WARN  object 0x1a3fc40 was not returned to mpool ucp_requests
[1625708305.535247] [c5-44:47345:0]          mpool.c:43   UCX  WARN  object 0x1a3fd40 was not returned to mpool ucp_requests
[1625708305.535248] [c5-44:47345:0]          mpool.c:43   UCX  WARN  object 0x1a3ff40 was not returned to mpool ucp_requests
[1625708305.535250] [c5-44:47345:0]          mpool.c:43   UCX  WARN  object 0x1a40040 was not returned to mpool ucp_requests
[1625708305.492508] [c5-57:577  :0]          mpool.c:43   UCX  WARN  object 0x26c6b80 was not returned to mpool ucp_requests
[1625708305.492524] [c5-57:577  :0]          mpool.c:43   UCX  WARN  object 0x26c7880 was not returned to mpool ucp_requests
[1625708305.492526] [c5-57:577  :0]          mpool.c:43   UCX  WARN  object 0x26c7980 was not returned to mpool ucp_requests
[1625708305.492527] [c5-57:577  :0]          mpool.c:43   UCX  WARN  object 0x26c7a80 was not returned to mpool ucp_requests
[1625708305.492528] [c5-57:577  :0]          mpool.c:43   UCX  WARN  object 0x26c7b80 was not returned to mpool ucp_requests
[1625708305.492530] [c5-57:577  :0]          mpool.c:43   UCX  WARN  object 0x26c7c80 was not returned to mpool ucp_requests
[1625708305.492531] [c5-57:577  :0]          mpool.c:43   UCX  WARN  object 0x26c7d80 was not returned to mpool ucp_requests
[1625708305.492532] [c5-57:577  :0]          mpool.c:43   UCX  WARN  object 0x26c7e80 was not returned to mpool ucp_requests
[1625708305.496252] [c5-42:69945:0]          mpool.c:43   UCX  WARN  object 0x26dcc40 was not returned to mpool ucp_requests
[1625708305.496253] [c5-42:69945:0]          mpool.c:43   UCX  WARN  object 0x26dce40 was not returned to mpool ucp_requests
[1625708305.496254] [c5-42:69945:0]          mpool.c:43   UCX  WARN  object 0x26dcf40 was not returned to mpool ucp_requests
[1625708305.496256] [c5-42:69945:0]          mpool.c:43   UCX  WARN  object 0x26dd040 was not returned to mpool ucp_requests
[1625708305.529862] [c5-41:48996:0]          mpool.c:43   UCX  WARN  object 0x2599740 was not returned to mpool ucp_requests
[1625708305.529879] [c5-41:48996:0]          mpool.c:43   UCX  WARN  object 0x259a440 was not returned to mpool ucp_requests
[1625708305.529880] [c5-41:48996:0]          mpool.c:43   UCX  WARN  object 0x259a540 was not returned to mpool ucp_requests
[1625708305.529882] [c5-41:48996:0]          mpool.c:43   UCX  WARN  object 0x259a640 was not returned to mpool ucp_requests
[1625708305.529883] [c5-41:48996:0]          mpool.c:43   UCX  WARN  object 0x259a740 was not returned to mpool ucp_requests
[1625708305.529884] [c5-41:48996:0]          mpool.c:43   UCX  WARN  object 0x259a840 was not returned to mpool ucp_requests
[1625708305.529885] [c5-41:48996:0]          mpool.c:43   UCX  WARN  object 0x259a940 was not returned to mpool ucp_requests
[1625708305.529887] [c5-41:48996:0]          mpool.c:43   UCX  WARN  object 0x259aa40 was not returned to mpool ucp_requests
[1625708305.550990] [c5-35:21841:0]          mpool.c:43   UCX  WARN  object 0x2044f40 was not returned to mpool ucp_requests
[1625708305.550992] [c5-35:21841:0]          mpool.c:43   UCX  WARN  object 0x2045040 was not returned to mpool ucp_requests
[1625708305.497430] [c5-51:25182:0]          mpool.c:43   UCX  WARN  object 0x12f8d40 was not returned to mpool ucp_requests
[1625708305.497431] [c5-51:25182:0]          mpool.c:43   UCX  WARN  object 0x12f8e40 was not returned to mpool ucp_requests
[1625708305.497433] [c5-51:25182:0]          mpool.c:43   UCX  WARN  object 0x12f8f40 was not returned to mpool ucp_requests
[1625708305.497434] [c5-51:25182:0]          mpool.c:43   UCX  WARN  object 0x12f9040 was not returned to mpool ucp_requests
[1625708305.529888] [c5-41:48996:0]          mpool.c:43   UCX  WARN  object 0x259ab40 was not returned to mpool ucp_requests
[1625708305.529889] [c5-41:48996:0]          mpool.c:43   UCX  WARN  object 0x259ac40 was not returned to mpool ucp_requests
[1625708305.529890] [c5-41:48996:0]          mpool.c:43   UCX  WARN  object 0x259ae40 was not returned to mpool ucp_requests
[1625708305.529892] [c5-41:48996:0]          mpool.c:43   UCX  WARN  object 0x259b040 was not returned to mpool ucp_requests
