                                                                           
                                                                           
***************************************************************************
***                                                                     ***
***                                                                     ***
***          __  __ ____   ____ _                                       ***
***         |  \/  |  _ \ / ___| |__   ___ _ __ ___                     ***
***         | |\/| | |_) | |   | '_ \ / _ \ '_ ` _ \                    ***
***         | |  | |  _ <| |___| | | |  __/ | | | | |                   ***
***         |_|  |_|_| \_\\____|_| |_|\___|_| |_| |_|                   ***
***                                                                     ***
***         VERSION            1.0.1                                    ***
***                                                                     ***
***         Git branch         HEAD                                     ***
***         Git commit hash    9309e3e1e52e5319b766-dirty               ***
***         Git commit author  Stig Rune Jensen                         ***
***         Git commit date    Fri Dec 4 16:08:55 2020 +0100            ***
***                                                                     ***
***         Contact: luca.frediani@uit.no                               ***
***                                                                     ***
***         Radovan Bast            Magnar Bjorgve                      ***
***         Roberto Di Remigio      Antoine Durdek                      ***
***         Luca Frediani           Gabriel Gerez                       ***
***         Stig Rune Jensen        Jonas Juselius                      ***
***         Rune Monstad            Peter Wind                          ***
***                                                                     ***
***************************************************************************

---------------------------------------------------------------------------

 MPI processes           :        (1 bank)                              20
 OpenMP threads          :                                               6
 Total cores             :                                             120
                                                                           
---------------------------------------------------------------------------

XCFun DFT library Copyright 2009-2020 Ulf Ekstrom and contributors.
See http://dftlibs.org/xcfun/ for more information.

This is free software; see the source code for copying conditions.
There is ABSOLUTELY NO WARRANTY; not even for MERCHANTABILITY or
FITNESS FOR A PARTICULAR PURPOSE. For details see the documentation.
Scientific users of this library should cite
U. Ekstrom, L. Visscher, R. Bast, A. J. Thorvaldsen and K. Ruud;
J.Chem.Theor.Comp. 2010, DOI: 10.1021/ct100117s

---------------------------------------------------------------------------

 MRCPP version         : 1.3.6
 Git branch            : HEAD
 Git commit hash       : 9309e3e1e52e5319b766-dirty
 Git commit author     : Stig Rune Jensen
 Git commit date       : Fri Dec 4 16:08:55 2020 +0100

 Linear algebra        : EIGEN v3.3.7
 Parallelization       : MPI/OpenMP (6 threads)

---------------------------------------------------------------------------


                                                                           
===========================================================================
                         MultiResolution Analysis
---------------------------------------------------------------------------
 polynomial order      : 9
 polynomial type       : Interpolating
---------------------------------------------------------------------------
 total boxes           : 8
 boxes                 : [          2           2           2 ]
 unit lengths          : [   16.00000    16.00000    16.00000 ]
 scaling factor        : [    1.00000     1.00000     1.00000 ]
 lower bounds          : [  -16.00000   -16.00000   -16.00000 ]
 upper bounds          : [   16.00000    16.00000    16.00000 ]
 total length          : [   32.00000    32.00000    32.00000 ]
===========================================================================


                                                                           
***************************************************************************
***                                                                     ***
***                        Initializing Molecule                        ***
***                                                                     ***
***************************************************************************
                                                                           
                                                                           
===========================================================================
                                 Molecule
---------------------------------------------------------------------------
 Charge                  :                                               0
 Multiplicity            :                                               2
---------------------------------------------------------------------------
    N    Atom            :               x               y               z
---------------------------------------------------------------------------
    0      Be            :        0.000000        0.000000       -1.744423
    1       F            :        0.000000        0.000000        0.827494
---------------------------------------------------------------------------
 Center of mass          :        0.000000        0.000000       -0.000000
===========================================================================


                                                                           
***************************************************************************
***                                                                     ***
***                 Computing Ground State Wavefunction                 ***
***                                                                     ***
***************************************************************************
                                                                           
                                                                           
~~~~~~~~~~~~~~~~~~~~~~~~~~~~~~~~~~~~~~~~~~~~~~~~~~~~~~~~~~~~~~~~~~~~~~~~~~~
 Calculation             : Compute initial orbitals
 Method                  : Project MW molecular orbitals
 Precision               : 1.00000e-04
 Restricted              : False
 MO alpha file           : initial_guess/phi_a_scf
 MO beta file            : initial_guess/phi_b_scf
~~~~~~~~~~~~~~~~~~~~~~~~~~~~~~~~~~~~~~~~~~~~~~~~~~~~~~~~~~~~~~~~~~~~~~~~~~~


===========================================================================
                            Molecular Orbitals
---------------------------------------------------------------------------
 Alpha electrons         :                                               7
 Beta electrons          :                                               6
 Total electrons         :                                              13
---------------------------------------------------------------------------
    n  Occ Spin          :                                            Norm
---------------------------------------------------------------------------
    0    1    a          :                              1.000000001945e+00
    1    1    a          :                              9.999999803562e-01
    2    1    a          :                              1.000000000608e+00
    3    1    a          :                              9.999999994876e-01
    4    1    a          :                              1.000000000726e+00
    5    1    a          :                              1.000000000758e+00
    6    1    a          :                              9.999999993618e-01
    7    1    b          :                              1.000000001952e+00
    8    1    b          :                              9.999999873753e-01
    9    1    b          :                              1.000000001724e+00
   10    1    b          :                              9.999999991816e-01
   11    1    b          :                              1.000000001726e+00
   12    1    b          :                              1.000000002196e+00
===========================================================================


~~~~~~~~~~~~~~~~~~~~~~~~~~~~~~~~~~~~~~~~~~~~~~~~~~~~~~~~~~~~~~~~~~~~~~~~~~~
 Calculation             : Compute initial energy
 Method                  : DFT (PBE0)
 Precision               : 1.00000e-04
 Localization            : On
~~~~~~~~~~~~~~~~~~~~~~~~~~~~~~~~~~~~~~~~~~~~~~~~~~~~~~~~~~~~~~~~~~~~~~~~~~~


===========================================================================
                        Molecular Energy (initial)
---------------------------------------------------------------------------
 Kinetic energy          :            (au)                114.199996738941
 E-N energy              :            (au)               -301.071183541694
 Coulomb energy          :            (au)                 71.564718905081
 Exchange energy         :            (au)                 -3.213336531297
 X-C energy              :            (au)                -10.021534668489
 Ext. field (el)         :            (au)                  0.000000000000
---------------------------------------------------------------------------
 N-N energy              :            (au)                 13.997340896378
 Ext. field (nuc)        :            (au)                  0.000000000000
---------------------------------------------------------------------------
 Electronic energy       :            (au)               -128.541339097457
 Nuclear energy          :            (au)                 13.997340896378
---------------------------------------------------------------------------
 Total energy            :            (au)             -1.145439982011e+02
                         :      (kcal/mol)             -7.187744348830e+04
                         :        (kJ/mol)             -3.007352237502e+05
                         :            (eV)             -3.116900840216e+03
===========================================================================


===========================================================================
                        Orbital Energies (initial)
---------------------------------------------------------------------------
    n  Occ Spin          :                                         Epsilon
---------------------------------------------------------------------------
    0    1    a          :            (au)                -24.746264889065
    1    1    a          :            (au)                 -4.105380618297
    2    1    a          :            (au)                 -1.196004637066
    3    1    a          :            (au)                 -0.490697856095
    4    1    a          :            (au)                 -0.441341147698
    5    1    a          :            (au)                 -0.441333590683
    6    1    a          :            (au)                 -0.236090820773
    7    1    b          :            (au)                -24.746365781117
    8    1    b          :            (au)                 -4.091717741233
    9    1    b          :            (au)                 -1.195574184574
   10    1    b          :            (au)                 -0.488002138266
   11    1    b          :            (au)                 -0.441789072213
   12    1    b          :            (au)                 -0.441785140302
---------------------------------------------------------------------------
 Sum occupied            :            (au)                -63.062347617383
===========================================================================


~~~~~~~~~~~~~~~~~~~~~~~~~~~~~~~~~~~~~~~~~~~~~~~~~~~~~~~~~~~~~~~~~~~~~~~~~~~
 Calculation             : Optimize ground state orbitals
 Method                  : DFT (PBE0)
 Checkpointing           : Off
 Max iterations          : 200
 KAIN solver             : 10
 Localization            : First two iterations
 Diagonalization         : Off
 Start precision         : 1.00000e-06
 Final precision         : 1.00000e-06
 Helmholtz precision     : Dynamic
 Energy threshold        : 1.00000e-06
 Orbital threshold       : 1.00000e-05
~~~~~~~~~~~~~~~~~~~~~~~~~~~~~~~~~~~~~~~~~~~~~~~~~~~~~~~~~~~~~~~~~~~~~~~~~~~


===========================================================================
 Iter           MO residual             Total energy                Update
---------------------------------------------------------------------------
    0          3.605551e+00        -114.543998201079         -1.145440e+02
    1          3.906268e-03        -114.544338017116         -3.398160e-04
    2          8.640520e-04        -114.544349018856         -1.100174e-05
    3          3.762308e-04        -114.544349256928         -2.380724e-07
    4          2.443893e-04        -114.544349317236         -6.030731e-08
    5          2.349232e-04        -114.544349372405         -5.516975e-08
    6          1.864365e-04        -114.544349390756         -1.835093e-08
    7          1.658723e-04        -114.544349403054         -1.229759e-08
    8          4.016119e-05        -114.544349404287         -1.232820e-09
    9          2.296339e-05        -114.544349404848         -5.610730e-10
   10          8.817452e-06        -114.544349404969         -1.208491e-10
---------------------------------------------------------------------------
                      SCF converged in 10 iterations!
===========================================================================


                                                                           
***************************************************************************
***                                                                     ***
***                    Printing Molecular Properties                    ***
***                                                                     ***
***************************************************************************
                                                                           
                                                                           
===========================================================================
                                 Molecule
---------------------------------------------------------------------------
 Charge                  :                                               0
 Multiplicity            :                                               2
---------------------------------------------------------------------------
    N    Atom            :               x               y               z
---------------------------------------------------------------------------
    0      Be            :        0.000000        0.000000       -1.744423
    1       F            :        0.000000        0.000000        0.827494
---------------------------------------------------------------------------
 Center of mass          :        0.000000        0.000000       -0.000000
===========================================================================


===========================================================================
                         Molecular Energy (final)
---------------------------------------------------------------------------
 Kinetic energy          :            (au)                114.200530648849
 E-N energy              :            (au)               -301.071757338536
 Coulomb energy          :            (au)                 71.564588673247
 Exchange energy         :            (au)                 -3.213510181920
 X-C energy              :            (au)                -10.021542102986
 Ext. field (el)         :            (au)                  0.000000000000
---------------------------------------------------------------------------
 N-N energy              :            (au)                 13.997340896378
 Ext. field (nuc)        :            (au)                  0.000000000000
---------------------------------------------------------------------------
 Electronic energy       :            (au)               -128.541690301346
 Nuclear energy          :            (au)                 13.997340896378
---------------------------------------------------------------------------
 Total energy            :            (au)             -1.145443494050e+02
                         :      (kcal/mol)             -7.187766387206e+04
                         :        (kJ/mol)             -3.007361458359e+05
                         :            (eV)             -3.116910396960e+03
===========================================================================


===========================================================================
                         Orbital Energies (final)
---------------------------------------------------------------------------
    n  Occ Spin          :                                         Epsilon
---------------------------------------------------------------------------
    0    1    a          :            (au)                -24.746407575401
    1    1    a          :            (au)                 -4.105382528921
    2    1    a          :            (au)                 -1.196080761480
    3    1    a          :            (au)                 -0.490745845349
    4    1    a          :            (au)                 -0.441398181414
    5    1    a          :            (au)                 -0.441398108431
    6    1    a          :            (au)                 -0.236058513280
    7    1    b          :            (au)                -24.746396454063
    8    1    b          :            (au)                 -4.091727196211
    9    1    b          :            (au)                 -1.195628649567
   10    1    b          :            (au)                 -0.488063572695
   11    1    b          :            (au)                 -0.441838146250
   12    1    b          :            (au)                 -0.441838074176
---------------------------------------------------------------------------
 Sum occupied            :            (au)                -63.062963607239
===========================================================================


===========================================================================
                           Dipole Moment (dip-1)
---------------------------------------------------------------------------
 r_O                     :        0.000000        0.000000        0.000000
---------------------------------------------------------------------------
 Electronic vector       :       -0.000001       -0.000009       -0.930733
 Magnitude               :            (au)                        0.930733
                         :         (Debye)                        2.365688
---------------------------------------------------------------------------
 Nuclear vector          :        0.000000        0.000000        0.469751
 Magnitude               :            (au)                        0.469751
                         :         (Debye)                        1.193987
---------------------------------------------------------------------------
 Total vector            :       -0.000001       -0.000009       -0.460983
 Magnitude               :            (au)                        0.460983
                         :         (Debye)                        1.171701
===========================================================================


                                                                           
                                                                           
***************************************************************************
***                                                                     ***
***                            Exiting MRChem                           ***
***                                                                     ***
***                       Wall time :  0h 15m 10s                       ***
***                                                                     ***
***************************************************************************
                                                                           
                                                                           
