                                                                           
                                                                           
***************************************************************************
***                                                                     ***
***                                                                     ***
***          __  __ ____   ____ _                                       ***
***         |  \/  |  _ \ / ___| |__   ___ _ __ ___                     ***
***         | |\/| | |_) | |   | '_ \ / _ \ '_ ` _ \                    ***
***         | |  | |  _ <| |___| | | |  __/ | | | | |                   ***
***         |_|  |_|_| \_\\____|_| |_|\___|_| |_| |_|                   ***
***                                                                     ***
***         VERSION            1.0.1                                    ***
***                                                                     ***
***         Git branch         HEAD                                     ***
***         Git commit hash    9309e3e1e52e5319b766-dirty               ***
***         Git commit author  Stig Rune Jensen                         ***
***         Git commit date    Fri Dec 4 16:08:55 2020 +0100            ***
***                                                                     ***
***         Contact: luca.frediani@uit.no                               ***
***                                                                     ***
***         Radovan Bast            Magnar Bjorgve                      ***
***         Roberto Di Remigio      Antoine Durdek                      ***
***         Luca Frediani           Gabriel Gerez                       ***
***         Stig Rune Jensen        Jonas Juselius                      ***
***         Rune Monstad            Peter Wind                          ***
***                                                                     ***
***************************************************************************

---------------------------------------------------------------------------

 MPI processes           :        (1 bank)                              20
 OpenMP threads          :                                              10
 Total cores             :                                             200
                                                                           
---------------------------------------------------------------------------

XCFun DFT library Copyright 2009-2020 Ulf Ekstrom and contributors.
See http://dftlibs.org/xcfun/ for more information.

This is free software; see the source code for copying conditions.
There is ABSOLUTELY NO WARRANTY; not even for MERCHANTABILITY or
FITNESS FOR A PARTICULAR PURPOSE. For details see the documentation.
Scientific users of this library should cite
U. Ekstrom, L. Visscher, R. Bast, A. J. Thorvaldsen and K. Ruud;
J.Chem.Theor.Comp. 2010, DOI: 10.1021/ct100117s

---------------------------------------------------------------------------

 MRCPP version         : 1.3.6
 Git branch            : HEAD
 Git commit hash       : 9309e3e1e52e5319b766-dirty
 Git commit author     : Stig Rune Jensen
 Git commit date       : Fri Dec 4 16:08:55 2020 +0100

 Linear algebra        : EIGEN v3.3.7
 Parallelization       : MPI/OpenMP (10 threads)

---------------------------------------------------------------------------


                                                                           
===========================================================================
                         MultiResolution Analysis
---------------------------------------------------------------------------
 polynomial order      : 9
 polynomial type       : Interpolating
---------------------------------------------------------------------------
 total boxes           : 8
 boxes                 : [          2           2           2 ]
 unit lengths          : [   16.00000    16.00000    16.00000 ]
 scaling factor        : [    1.00000     1.00000     1.00000 ]
 lower bounds          : [  -16.00000   -16.00000   -16.00000 ]
 upper bounds          : [   16.00000    16.00000    16.00000 ]
 total length          : [   32.00000    32.00000    32.00000 ]
===========================================================================


                                                                           
***************************************************************************
***                                                                     ***
***                        Initializing Molecule                        ***
***                                                                     ***
***************************************************************************
                                                                           
                                                                           
===========================================================================
                                 Molecule
---------------------------------------------------------------------------
 Charge                  :                                               0
 Multiplicity            :                                               1
---------------------------------------------------------------------------
    N    Atom            :               x               y               z
---------------------------------------------------------------------------
    0       F            :        0.000000        0.000000       -0.790806
    1      Li            :        0.000000        0.000000        2.164537
---------------------------------------------------------------------------
 Center of mass          :        0.000000        0.000000       -0.000000
===========================================================================


                                                                           
***************************************************************************
***                                                                     ***
***                 Computing Ground State Wavefunction                 ***
***                                                                     ***
***************************************************************************
                                                                           
                                                                           
~~~~~~~~~~~~~~~~~~~~~~~~~~~~~~~~~~~~~~~~~~~~~~~~~~~~~~~~~~~~~~~~~~~~~~~~~~~
 Calculation             : Compute initial orbitals
 Method                  : Diagonalize SAD Hamiltonian
 Precision               : 1.00000e-03
 Restricted              : True
 Functional              : LDA (SVWN5)
 AO basis                : Hydrogenic orbitals
 Zeta quality            : 2
~~~~~~~~~~~~~~~~~~~~~~~~~~~~~~~~~~~~~~~~~~~~~~~~~~~~~~~~~~~~~~~~~~~~~~~~~~~


===========================================================================
                            Molecular Orbitals
---------------------------------------------------------------------------
 Alpha electrons         :                                               6
 Beta electrons          :                                               6
 Total electrons         :                                              12
---------------------------------------------------------------------------
    n  Occ Spin          :                                            Norm
---------------------------------------------------------------------------
    0    2    p          :                              9.999997679904e-01
    1    2    p          :                              1.000000144482e+00
    2    2    p          :                              9.999998679475e-01
    3    2    p          :                              1.000000028692e+00
    4    2    p          :                              1.000000976485e+00
    5    2    p          :                              9.999999846569e-01
===========================================================================


~~~~~~~~~~~~~~~~~~~~~~~~~~~~~~~~~~~~~~~~~~~~~~~~~~~~~~~~~~~~~~~~~~~~~~~~~~~
 Calculation             : Compute initial energy
 Method                  : DFT (PBE0)
 Precision               : 1.00000e-03
 Localization            : Off
~~~~~~~~~~~~~~~~~~~~~~~~~~~~~~~~~~~~~~~~~~~~~~~~~~~~~~~~~~~~~~~~~~~~~~~~~~~


===========================================================================
                        Molecular Energy (initial)
---------------------------------------------------------------------------
 Kinetic energy          :            (au)                114.519790932518
 E-N energy              :            (au)               -286.765575806463
 Coulomb energy          :            (au)                 69.102955920889
 Exchange energy         :            (au)                 -3.132650457417
 X-C energy              :            (au)                 -9.793556496283
 Ext. field (el)         :            (au)                  0.000000000000
---------------------------------------------------------------------------
 N-N energy              :            (au)                  9.135997020339
 Ext. field (nuc)        :            (au)                  0.000000000000
---------------------------------------------------------------------------
 Electronic energy       :            (au)               -116.069035906756
 Nuclear energy          :            (au)                  9.135997020339
---------------------------------------------------------------------------
 Total energy            :            (au)             -1.069330388864e+02
                         :      (kcal/mol)             -6.710149445017e+04
                         :        (kJ/mol)             -2.807526529617e+05
                         :            (eV)             -2.909796095705e+03
===========================================================================


===========================================================================
                        Orbital Energies (initial)
---------------------------------------------------------------------------
    n  Occ Spin          :                                         Epsilon
---------------------------------------------------------------------------
    0    2    p          :            (au)                -23.808123150414
    1    2    p          :            (au)                 -1.952459453070
    2    2    p          :            (au)                 -0.721619623730
    3    2    p          :            (au)                 -0.004341775569
    4    2    p          :            (au)                  0.013845794844
    5    2    p          :            (au)                  0.014276618499
---------------------------------------------------------------------------
 Sum occupied            :            (au)                -52.916843178881
===========================================================================


~~~~~~~~~~~~~~~~~~~~~~~~~~~~~~~~~~~~~~~~~~~~~~~~~~~~~~~~~~~~~~~~~~~~~~~~~~~
 Calculation             : Optimize ground state orbitals
 Method                  : DFT (PBE0)
 Checkpointing           : Off
 Max iterations          : 200
 KAIN solver             : 10
 Localization            : Off
 Diagonalization         : First two iterations
 Start precision         : 1.00000e-06
 Final precision         : 1.00000e-06
 Helmholtz precision     : Dynamic
 Energy threshold        : 1.00000e-06
 Orbital threshold       : 1.00000e-05
~~~~~~~~~~~~~~~~~~~~~~~~~~~~~~~~~~~~~~~~~~~~~~~~~~~~~~~~~~~~~~~~~~~~~~~~~~~


===========================================================================
 Iter           MO residual             Total energy                Update
---------------------------------------------------------------------------
    0          2.449490e+00        -106.933038886417         -1.069330e+02
    1          5.614398e-01        -107.085847631464         -1.528087e-01
    2          3.667483e-01        -107.320779645697         -2.349320e-01
    3          2.166443e-01        -107.260555439962          6.022421e-02
    4          1.179110e-01        -107.344452278704         -8.389684e-02
    5          6.610973e-02        -107.356493854041         -1.204158e-02
    6          3.434474e-02        -107.358819389635         -2.325536e-03
    7          1.056818e-02        -107.359374860595         -5.554710e-04
    8          2.994672e-03        -107.359400056698         -2.519610e-05
    9          1.460081e-03        -107.359406239916         -6.183218e-06
   10          2.928150e-04        -107.359406402753         -1.628365e-07
   11          6.231181e-05        -107.359406410724         -7.971082e-09
   12          2.135934e-05        -107.359406413365         -2.641215e-09
   13          4.409934e-06        -107.359406413420         -5.447021e-11
---------------------------------------------------------------------------
                      SCF converged in 13 iterations!
===========================================================================


                                                                           
***************************************************************************
***                                                                     ***
***                    Printing Molecular Properties                    ***
***                                                                     ***
***************************************************************************
                                                                           
                                                                           
===========================================================================
                                 Molecule
---------------------------------------------------------------------------
 Charge                  :                                               0
 Multiplicity            :                                               1
---------------------------------------------------------------------------
    N    Atom            :               x               y               z
---------------------------------------------------------------------------
    0       F            :        0.000000        0.000000       -0.790806
    1      Li            :        0.000000        0.000000        2.164537
---------------------------------------------------------------------------
 Center of mass          :        0.000000        0.000000       -0.000000
===========================================================================


===========================================================================
                         Molecular Energy (final)
---------------------------------------------------------------------------
 Kinetic energy          :            (au)                107.027923923581
 E-N energy              :            (au)               -276.326188674087
 Coulomb energy          :            (au)                 65.117785667068
 Exchange energy         :            (au)                 -2.985240808714
 X-C energy              :            (au)                 -9.329683541606
 Ext. field (el)         :            (au)                  0.000000000000
---------------------------------------------------------------------------
 N-N energy              :            (au)                  9.135997020339
 Ext. field (nuc)        :            (au)                  0.000000000000
---------------------------------------------------------------------------
 Electronic energy       :            (au)               -116.495403433758
 Nuclear energy          :            (au)                  9.135997020339
---------------------------------------------------------------------------
 Total energy            :            (au)             -1.073594064134e+02
                         :      (kcal/mol)             -6.736904411064e+04
                         :        (kJ/mol)             -2.818720807419e+05
                         :            (eV)             -2.921398146655e+03
===========================================================================


===========================================================================
                         Orbital Energies (final)
---------------------------------------------------------------------------
    n  Occ Spin          :                                         Epsilon
---------------------------------------------------------------------------
    0    2    p          :            (au)                -24.598120608375
    1    2    p          :            (au)                 -2.005115617563
    2    2    p          :            (au)                 -1.025473102225
    3    2    p          :            (au)                 -0.306950126080
    4    2    p          :            (au)                 -0.292059553595
    5    2    p          :            (au)                 -0.292059532395
---------------------------------------------------------------------------
 Sum occupied            :            (au)                -57.039557080465
===========================================================================


===========================================================================
                           Dipole Moment (dip-1)
---------------------------------------------------------------------------
 r_O                     :        0.000000        0.000000        0.000000
---------------------------------------------------------------------------
 Electronic vector       :        0.000000        0.000000        3.069832
 Magnitude               :            (au)                        3.069832
                         :         (Debye)                        7.802734
---------------------------------------------------------------------------
 Nuclear vector          :        0.000000        0.000000       -0.623643
 Magnitude               :            (au)                        0.623643
                         :         (Debye)                        1.585142
---------------------------------------------------------------------------
 Total vector            :        0.000000        0.000000        2.446189
 Magnitude               :            (au)                        2.446189
                         :         (Debye)                        6.217591
===========================================================================


                                                                           
                                                                           
***************************************************************************
***                                                                     ***
***                            Exiting MRChem                           ***
***                                                                     ***
***                       Wall time :  0h 11m 13s                       ***
***                                                                     ***
***************************************************************************
                                                                           
                                                                           
