Starting job 3213318 on c10-41,c11-[8,10] at Tue Aug 3 12:27:32 CEST 2021

Copying 72_pbe0_.out to /cluster/home/ambr/projects/psp/calcs/doublets
Copying 72_pbe0_.json to /cluster/home/ambr/projects/psp/calcs/doublets

Task and CPU usage stats:
       JobID    JobName  AllocCPUS   NTasks     MinCPU MinCPUTask     AveCPU    Elapsed ExitCode 
------------ ---------- ---------- -------- ---------- ---------- ---------- ---------- -------- 
3213318        72_pbe0_        120                                             00:11:11      1:0 
3213318.bat+      batch         42        1   00:00:00          0   00:00:00   00:11:11      1:0 
3213318.ext+     extern        120        3   00:00:00          0   00:00:00   00:11:12      0:0 
3213318.0      mrchem.x        120       20   00:11:04         19   00:32:30   00:11:05      0:0 

Memory usage stats:
       JobID     MaxRSS MaxRSSTask     AveRSS MaxPages   MaxPagesTask   AvePages 
------------ ---------- ---------- ---------- -------- -------------- ---------- 
3213318                                                                          
3213318.bat+     14236K          0     14236K        0              0          0 
3213318.ext+          0          0          0        0              0          0 
3213318.0      2587104K          8 2254994841        0              6          0 

Disk usage stats:
       JobID  MaxDiskRead MaxDiskReadTask    AveDiskRead MaxDiskWrite MaxDiskWriteTask   AveDiskWrite 
------------ ------------ --------------- -------------- ------------ ---------------- -------------- 
3213318                                                                                               
3213318.bat+      119.13M               0        119.13M      115.41M                0        115.41M 
3213318.ext+        0.00M               0          0.00M            0                0              0 
3213318.0          15.70M               2          8.43M       49.11M                9         24.81M 

Job 3213318 completed at Tue Aug 3 12:38:43 CEST 2021
