                                                                           
                                                                           
***************************************************************************
***                                                                     ***
***                                                                     ***
***          __  __ ____   ____ _                                       ***
***         |  \/  |  _ \ / ___| |__   ___ _ __ ___                     ***
***         | |\/| | |_) | |   | '_ \ / _ \ '_ ` _ \                    ***
***         | |  | |  _ <| |___| | | |  __/ | | | | |                   ***
***         |_|  |_|_| \_\\____|_| |_|\___|_| |_| |_|                   ***
***                                                                     ***
***         VERSION            1.0.1                                    ***
***                                                                     ***
***         Git branch         HEAD                                     ***
***         Git commit hash    9309e3e1e52e5319b766-dirty               ***
***         Git commit author  Stig Rune Jensen                         ***
***         Git commit date    Fri Dec 4 16:08:55 2020 +0100            ***
***                                                                     ***
***         Contact: luca.frediani@uit.no                               ***
***                                                                     ***
***         Radovan Bast            Magnar Bjorgve                      ***
***         Roberto Di Remigio      Antoine Durdek                      ***
***         Luca Frediani           Gabriel Gerez                       ***
***         Stig Rune Jensen        Jonas Juselius                      ***
***         Rune Monstad            Peter Wind                          ***
***                                                                     ***
***************************************************************************

---------------------------------------------------------------------------

 MPI processes           :        (1 bank)                              20
 OpenMP threads          :                                               6
 Total cores             :                                             120
                                                                           
---------------------------------------------------------------------------

XCFun DFT library Copyright 2009-2020 Ulf Ekstrom and contributors.
See http://dftlibs.org/xcfun/ for more information.

This is free software; see the source code for copying conditions.
There is ABSOLUTELY NO WARRANTY; not even for MERCHANTABILITY or
FITNESS FOR A PARTICULAR PURPOSE. For details see the documentation.
Scientific users of this library should cite
U. Ekstrom, L. Visscher, R. Bast, A. J. Thorvaldsen and K. Ruud;
J.Chem.Theor.Comp. 2010, DOI: 10.1021/ct100117s

---------------------------------------------------------------------------

 MRCPP version         : 1.3.6
 Git branch            : HEAD
 Git commit hash       : 9309e3e1e52e5319b766-dirty
 Git commit author     : Stig Rune Jensen
 Git commit date       : Fri Dec 4 16:08:55 2020 +0100

 Linear algebra        : EIGEN v3.3.7
 Parallelization       : MPI/OpenMP (6 threads)

---------------------------------------------------------------------------


                                                                           
===========================================================================
                         MultiResolution Analysis
---------------------------------------------------------------------------
 polynomial order      : 9
 polynomial type       : Interpolating
---------------------------------------------------------------------------
 total boxes           : 8
 boxes                 : [          2           2           2 ]
 unit lengths          : [   16.00000    16.00000    16.00000 ]
 scaling factor        : [    1.00000     1.00000     1.00000 ]
 lower bounds          : [  -16.00000   -16.00000   -16.00000 ]
 upper bounds          : [   16.00000    16.00000    16.00000 ]
 total length          : [   32.00000    32.00000    32.00000 ]
===========================================================================


                                                                           
***************************************************************************
***                                                                     ***
***                        Initializing Molecule                        ***
***                                                                     ***
***************************************************************************
                                                                           
                                                                           
===========================================================================
                                 Molecule
---------------------------------------------------------------------------
 Charge                  :                                               0
 Multiplicity            :                                               4
---------------------------------------------------------------------------
    N    Atom            :               x               y               z
---------------------------------------------------------------------------
    0       C            :        0.000000        0.000000       -1.313320
    1      Li            :        0.000000        0.000000        2.272624
---------------------------------------------------------------------------
 Center of mass          :        0.000000        0.000000        0.000000
===========================================================================


                                                                           
***************************************************************************
***                                                                     ***
***                 Computing Ground State Wavefunction                 ***
***                                                                     ***
***************************************************************************
                                                                           
                                                                           
~~~~~~~~~~~~~~~~~~~~~~~~~~~~~~~~~~~~~~~~~~~~~~~~~~~~~~~~~~~~~~~~~~~~~~~~~~~
 Calculation             : Compute initial orbitals
 Method                  : Project MW molecular orbitals
 Precision               : 1.00000e-04
 Restricted              : False
 MO alpha file           : initial_guess/phi_a_scf
 MO beta file            : initial_guess/phi_b_scf
~~~~~~~~~~~~~~~~~~~~~~~~~~~~~~~~~~~~~~~~~~~~~~~~~~~~~~~~~~~~~~~~~~~~~~~~~~~


===========================================================================
                            Molecular Orbitals
---------------------------------------------------------------------------
 Alpha electrons         :                                               6
 Beta electrons          :                                               3
 Total electrons         :                                               9
---------------------------------------------------------------------------
    n  Occ Spin          :                                            Norm
---------------------------------------------------------------------------
    0    1    a          :                              1.000000218565e+00
    1    1    a          :                              1.000000015145e+00
    2    1    a          :                              9.999999997025e-01
    3    1    a          :                              9.999999899177e-01
    4    1    a          :                              9.999999934841e-01
    5    1    a          :                              9.999999934894e-01
    6    1    b          :                              1.000000118432e+00
    7    1    b          :                              1.000000021911e+00
    8    1    b          :                              9.999999999910e-01
===========================================================================


~~~~~~~~~~~~~~~~~~~~~~~~~~~~~~~~~~~~~~~~~~~~~~~~~~~~~~~~~~~~~~~~~~~~~~~~~~~
 Calculation             : Compute initial energy
 Method                  : DFT (PBE0)
 Precision               : 1.00000e-04
 Localization            : On
~~~~~~~~~~~~~~~~~~~~~~~~~~~~~~~~~~~~~~~~~~~~~~~~~~~~~~~~~~~~~~~~~~~~~~~~~~~


===========================================================================
                        Molecular Energy (initial)
---------------------------------------------------------------------------
 Kinetic energy          :            (au)                 45.179947050647
 E-N energy              :            (au)               -116.119634257327
 Coulomb energy          :            (au)                 27.687423881540
 Exchange energy         :            (au)                 -1.740056094606
 X-C energy              :            (au)                 -5.401182436598
 Ext. field (el)         :            (au)                  0.000000000000
---------------------------------------------------------------------------
 N-N energy              :            (au)                  5.019598694038
 Ext. field (nuc)        :            (au)                  0.000000000000
---------------------------------------------------------------------------
 Electronic energy       :            (au)                -50.393501856343
 Nuclear energy          :            (au)                  5.019598694038
---------------------------------------------------------------------------
 Total energy            :            (au)             -4.537390316230e+01
                         :      (kcal/mol)             -2.847255387984e+04
                         :        (kJ/mol)             -1.191291655105e+05
                         :            (eV)             -1.234686750171e+03
===========================================================================


===========================================================================
                        Orbital Energies (initial)
---------------------------------------------------------------------------
    n  Occ Spin          :                                         Epsilon
---------------------------------------------------------------------------
    0    1    a          :            (au)                -10.215565168847
    1    1    a          :            (au)                 -2.041846175866
    2    1    a          :            (au)                 -0.535714319457
    3    1    a          :            (au)                 -0.211693241854
    4    1    a          :            (au)                 -0.190819698502
    5    1    a          :            (au)                 -0.190818431661
    6    1    b          :            (au)                -10.177661150952
    7    1    b          :            (au)                 -2.036158431127
    8    1    b          :            (au)                 -0.377769112298
---------------------------------------------------------------------------
 Sum occupied            :            (au)                -25.978045730565
===========================================================================


~~~~~~~~~~~~~~~~~~~~~~~~~~~~~~~~~~~~~~~~~~~~~~~~~~~~~~~~~~~~~~~~~~~~~~~~~~~
 Calculation             : Optimize ground state orbitals
 Method                  : DFT (PBE0)
 Checkpointing           : Off
 Max iterations          : 200
 KAIN solver             : 10
 Localization            : First two iterations
 Diagonalization         : Off
 Start precision         : 1.00000e-06
 Final precision         : 1.00000e-06
 Helmholtz precision     : Dynamic
 Energy threshold        : 1.00000e-06
 Orbital threshold       : 1.00000e-05
~~~~~~~~~~~~~~~~~~~~~~~~~~~~~~~~~~~~~~~~~~~~~~~~~~~~~~~~~~~~~~~~~~~~~~~~~~~


===========================================================================
 Iter           MO residual             Total energy                Update
---------------------------------------------------------------------------
    0          3.000000e+00         -45.373903162304         -4.537390e+01
    1          4.774155e-04         -45.374094534793         -1.913725e-04
    2          2.473192e-04         -45.374100625131         -6.090338e-06
    3          2.092496e-04         -45.374100807813         -1.826814e-07
    4          1.275358e-03         -45.374101303597         -4.957839e-07
    5          7.253988e-05         -45.374101313627         -1.002990e-08
    6          3.680797e-05         -45.374101315995         -2.368026e-09
    7          1.396253e-05         -45.374101316324         -3.295924e-10
---------------------------------------------------------------------------
                      SCF converged in 7 iterations!
===========================================================================


                                                                           
***************************************************************************
***                                                                     ***
***                    Printing Molecular Properties                    ***
***                                                                     ***
***************************************************************************
                                                                           
                                                                           
===========================================================================
                                 Molecule
---------------------------------------------------------------------------
 Charge                  :                                               0
 Multiplicity            :                                               4
---------------------------------------------------------------------------
    N    Atom            :               x               y               z
---------------------------------------------------------------------------
    0       C            :        0.000000        0.000000       -1.313320
    1      Li            :        0.000000        0.000000        2.272624
---------------------------------------------------------------------------
 Center of mass          :        0.000000        0.000000        0.000000
===========================================================================


===========================================================================
                         Molecular Energy (final)
---------------------------------------------------------------------------
 Kinetic energy          :            (au)                 45.179118908408
 E-N energy              :            (au)               -116.118387869204
 Coulomb energy          :            (au)                 27.686713524612
 Exchange energy         :            (au)                 -1.740068603278
 X-C energy              :            (au)                 -5.401075970900
 Ext. field (el)         :            (au)                  0.000000000000
---------------------------------------------------------------------------
 N-N energy              :            (au)                  5.019598694038
 Ext. field (nuc)        :            (au)                  0.000000000000
---------------------------------------------------------------------------
 Electronic energy       :            (au)                -50.393700010362
 Nuclear energy          :            (au)                  5.019598694038
---------------------------------------------------------------------------
 Total energy            :            (au)             -4.537410131632e+01
                         :      (kcal/mol)             -2.847267822336e+04
                         :        (kJ/mol)             -1.191296857639e+05
                         :            (eV)             -1.234692142216e+03
===========================================================================


===========================================================================
                         Orbital Energies (final)
---------------------------------------------------------------------------
    n  Occ Spin          :                                         Epsilon
---------------------------------------------------------------------------
    0    1    a          :            (au)                -10.215700278288
    1    1    a          :            (au)                 -2.042063149928
    2    1    a          :            (au)                 -0.535801728693
    3    1    a          :            (au)                 -0.211745387744
    4    1    a          :            (au)                 -0.190853041481
    5    1    a          :            (au)                 -0.190853041269
    6    1    b          :            (au)                -10.177756990789
    7    1    b          :            (au)                 -2.036453281889
    8    1    b          :            (au)                 -0.377819471298
---------------------------------------------------------------------------
 Sum occupied            :            (au)                -25.979046371379
===========================================================================


===========================================================================
                           Dipole Moment (dip-1)
---------------------------------------------------------------------------
 r_O                     :        0.000000        0.000000        0.000000
---------------------------------------------------------------------------
 Electronic vector       :        0.000000        0.000000        3.533630
 Magnitude               :            (au)                        3.533630
                         :         (Debye)                        8.981590
---------------------------------------------------------------------------
 Nuclear vector          :        0.000000        0.000000       -1.062046
 Magnitude               :            (au)                        1.062046
                         :         (Debye)                        2.699453
---------------------------------------------------------------------------
 Total vector            :        0.000000        0.000000        2.471583
 Magnitude               :            (au)                        2.471583
                         :         (Debye)                        6.282138
===========================================================================


                                                                           
                                                                           
***************************************************************************
***                                                                     ***
***                            Exiting MRChem                           ***
***                                                                     ***
***                       Wall time :  0h 12m 36s                       ***
***                                                                     ***
***************************************************************************
                                                                           
                                                                           
