Starting job 3213319 on c10-[22,24-25] at Tue Aug 3 12:29:31 CEST 2021


Task and CPU usage stats:
       JobID    JobName  AllocCPUS   NTasks     MinCPU MinCPUTask     AveCPU    Elapsed ExitCode 
------------ ---------- ---------- -------- ---------- ---------- ---------- ---------- -------- 
3213319        75_pbe0_        120                                             01:07:02      0:0 
3213319.bat+      batch         42        1   00:00:00          0   00:00:00   01:07:04     0:15 
3213319.ext+     extern        120        3   00:00:00          1   00:00:00   01:07:03      0:0 
3213319.0      mrchem.x        120       20   01:06:59         19   03:15:50   01:07:05     0:15 

Memory usage stats:
       JobID     MaxRSS MaxRSSTask     AveRSS MaxPages   MaxPagesTask   AvePages 
------------ ---------- ---------- ---------- -------- -------------- ---------- 
3213319                                                                          
3213319.bat+     14240K          0     14240K        0              0          0 
3213319.ext+          0          1          0        0              1          0 
3213319.0      3538.50M          3 2670570291        0              8          0 

Disk usage stats:
       JobID  MaxDiskRead MaxDiskReadTask    AveDiskRead MaxDiskWrite MaxDiskWriteTask   AveDiskWrite 
------------ ------------ --------------- -------------- ------------ ---------------- -------------- 
3213319                                                                                               
3213319.bat+       72.60M               0         72.60M       68.88M                0         68.88M 
3213319.ext+        0.00M               1          0.00M            0                1              0 
3213319.0          13.82M               3          6.09M        2.08M                0          2.07M 

Job 3213319 completed at Tue Aug 3 13:36:40 CEST 2021
