                                                                           
                                                                           
***************************************************************************
***                                                                     ***
***                                                                     ***
***          __  __ ____   ____ _                                       ***
***         |  \/  |  _ \ / ___| |__   ___ _ __ ___                     ***
***         | |\/| | |_) | |   | '_ \ / _ \ '_ ` _ \                    ***
***         | |  | |  _ <| |___| | | |  __/ | | | | |                   ***
***         |_|  |_|_| \_\\____|_| |_|\___|_| |_| |_|                   ***
***                                                                     ***
***         VERSION            1.0.1                                    ***
***                                                                     ***
***         Git branch         HEAD                                     ***
***         Git commit hash    9309e3e1e52e5319b766-dirty               ***
***         Git commit author  Stig Rune Jensen                         ***
***         Git commit date    Fri Dec 4 16:08:55 2020 +0100            ***
***                                                                     ***
***         Contact: luca.frediani@uit.no                               ***
***                                                                     ***
***         Radovan Bast            Magnar Bjorgve                      ***
***         Roberto Di Remigio      Antoine Durdek                      ***
***         Luca Frediani           Gabriel Gerez                       ***
***         Stig Rune Jensen        Jonas Juselius                      ***
***         Rune Monstad            Peter Wind                          ***
***                                                                     ***
***************************************************************************

---------------------------------------------------------------------------

 MPI processes           :        (1 bank)                              20
 OpenMP threads          :                                               6
 Total cores             :                                             120
                                                                           
---------------------------------------------------------------------------

XCFun DFT library Copyright 2009-2020 Ulf Ekstrom and contributors.
See http://dftlibs.org/xcfun/ for more information.

This is free software; see the source code for copying conditions.
There is ABSOLUTELY NO WARRANTY; not even for MERCHANTABILITY or
FITNESS FOR A PARTICULAR PURPOSE. For details see the documentation.
Scientific users of this library should cite
U. Ekstrom, L. Visscher, R. Bast, A. J. Thorvaldsen and K. Ruud;
J.Chem.Theor.Comp. 2010, DOI: 10.1021/ct100117s

---------------------------------------------------------------------------

 MRCPP version         : 1.3.6
 Git branch            : HEAD
 Git commit hash       : 9309e3e1e52e5319b766-dirty
 Git commit author     : Stig Rune Jensen
 Git commit date       : Fri Dec 4 16:08:55 2020 +0100

 Linear algebra        : EIGEN v3.3.7
 Parallelization       : MPI/OpenMP (6 threads)

---------------------------------------------------------------------------


                                                                           
===========================================================================
                         MultiResolution Analysis
---------------------------------------------------------------------------
 polynomial order      : 9
 polynomial type       : Interpolating
---------------------------------------------------------------------------
 total boxes           : 8
 boxes                 : [          2           2           2 ]
 unit lengths          : [   32.00000    32.00000    32.00000 ]
 scaling factor        : [    1.00000     1.00000     1.00000 ]
 lower bounds          : [  -32.00000   -32.00000   -32.00000 ]
 upper bounds          : [   32.00000    32.00000    32.00000 ]
 total length          : [   64.00000    64.00000    64.00000 ]
===========================================================================


                                                                           
***************************************************************************
***                                                                     ***
***                        Initializing Molecule                        ***
***                                                                     ***
***************************************************************************
                                                                           
                                                                           
===========================================================================
                                 Molecule
---------------------------------------------------------------------------
 Charge                  :                                               0
 Multiplicity            :                                               3
---------------------------------------------------------------------------
    N    Atom            :               x               y               z
---------------------------------------------------------------------------
    0      Si            :        0.000000        0.000000       -2.122162
    1      Si            :        0.000000        0.000000        2.122162
---------------------------------------------------------------------------
 Center of mass          :        0.000000        0.000000        0.000000
===========================================================================


                                                                           
***************************************************************************
***                                                                     ***
***                 Computing Ground State Wavefunction                 ***
***                                                                     ***
***************************************************************************
                                                                           
                                                                           
~~~~~~~~~~~~~~~~~~~~~~~~~~~~~~~~~~~~~~~~~~~~~~~~~~~~~~~~~~~~~~~~~~~~~~~~~~~
 Calculation             : Compute initial orbitals
 Method                  : Diagonalize SAD Hamiltonian
 Precision               : 1.00000e-04
 Restricted              : False
 Functional              : LDA (SVWN5)
 AO basis                : Hydrogenic orbitals
 Zeta quality            : 2
~~~~~~~~~~~~~~~~~~~~~~~~~~~~~~~~~~~~~~~~~~~~~~~~~~~~~~~~~~~~~~~~~~~~~~~~~~~


===========================================================================
                            Molecular Orbitals
---------------------------------------------------------------------------
 Alpha electrons         :                                              15
 Beta electrons          :                                              13
 Total electrons         :                                              28
---------------------------------------------------------------------------
    n  Occ Spin          :                                            Norm
---------------------------------------------------------------------------
    0    1    a          :                              9.999999986486e-01
    1    1    a          :                              1.000001049272e+00
    2    1    a          :                              1.000000032024e+00
    3    1    a          :                              1.000000045496e+00
    4    1    a          :                              1.000000000790e+00
    5    1    a          :                              1.000000000993e+00
    6    1    a          :                              1.000000007626e+00
    7    1    a          :                              1.000000017472e+00
    8    1    a          :                              1.000000171447e+00
    9    1    a          :                              9.999998308435e-01
   10    1    a          :                              9.999999915902e-01
   11    1    a          :                              1.000000000001e+00
   12    1    a          :                              1.000000003434e+00
   13    1    a          :                              9.999999968051e-01
   14    1    a          :                              9.999998544379e-01
   15    1    b          :                              1.000000118455e+00
   16    1    b          :                              1.000000081922e+00
   17    1    b          :                              1.000009131474e+00
   18    1    b          :                              1.000000045496e+00
   19    1    b          :                              1.000000000803e+00
   20    1    b          :                              1.000000000944e+00
   21    1    b          :                              1.000000007626e+00
   22    1    b          :                              1.000000017472e+00
   23    1    b          :                              1.000000171486e+00
   24    1    b          :                              9.999998308869e-01
   25    1    b          :                              9.999999920197e-01
   26    1    b          :                              9.999999996985e-01
   27    1    b          :                              9.999999994179e-01
===========================================================================


~~~~~~~~~~~~~~~~~~~~~~~~~~~~~~~~~~~~~~~~~~~~~~~~~~~~~~~~~~~~~~~~~~~~~~~~~~~
 Calculation             : Compute initial energy
 Method                  : DFT (PBE)
 Precision               : 1.00000e-04
 Localization            : On
~~~~~~~~~~~~~~~~~~~~~~~~~~~~~~~~~~~~~~~~~~~~~~~~~~~~~~~~~~~~~~~~~~~~~~~~~~~


===========================================================================
                        Molecular Energy (initial)
---------------------------------------------------------------------------
 Kinetic energy          :            (au)                608.949369375695
 E-N energy              :            (au)              -1516.913265371653
 Coulomb energy          :            (au)                329.734983528187
 Exchange energy         :            (au)                  0.000000000000
 X-C energy              :            (au)                -42.947272610002
 Ext. field (el)         :            (au)                  0.000000000000
---------------------------------------------------------------------------
 N-N energy              :            (au)                 46.179314698357
 Ext. field (nuc)        :            (au)                  0.000000000000
---------------------------------------------------------------------------
 Electronic energy       :            (au)               -621.176185077773
 Nuclear energy          :            (au)                 46.179314698357
---------------------------------------------------------------------------
 Total energy            :            (au)             -5.749968703794e+02
                         :      (kcal/mol)             -3.608159808084e+05
                         :        (kJ/mol)             -1.509654064682e+06
                         :            (eV)             -1.564646124244e+04
===========================================================================


===========================================================================
                        Orbital Energies (initial)
---------------------------------------------------------------------------
    n  Occ Spin          :                                         Epsilon
---------------------------------------------------------------------------
    0    1    a          :            (au)                -64.264092419694
    1    1    a          :            (au)                -64.263778101758
    2    1    a          :            (au)                 -4.297061477946
    3    1    a          :            (au)                 -4.295664092425
    4    1    a          :            (au)                 -2.738618826794
    5    1    a          :            (au)                 -2.738328309904
    6    1    a          :            (au)                 -2.738006259361
    7    1    a          :            (au)                 -2.737798851663
    8    1    a          :            (au)                 -2.715660755096
    9    1    a          :            (au)                 -2.715537698398
   10    1    a          :            (au)                  0.069581873116
   11    1    a          :            (au)                  0.224015509508
   12    1    a          :            (au)                  0.525078375465
   13    1    a          :            (au)                  0.565393842626
   14    1    a          :            (au)                  0.565604084619
   15    1    b          :            (au)                -64.254959305833
   16    1    b          :            (au)                -64.254635930380
   17    1    b          :            (au)                 -4.286451347930
   18    1    b          :            (au)                 -4.285046595675
   19    1    b          :            (au)                 -2.721049925821
   20    1    b          :            (au)                 -2.720902802017
   21    1    b          :            (au)                 -2.720844925945
   22    1    b          :            (au)                 -2.720698911204
   23    1    b          :            (au)                 -2.709834169824
   24    1    b          :            (au)                 -2.709753699682
   25    1    b          :            (au)                  0.124662722421
   26    1    b          :            (au)                  0.283060090961
   27    1    b          :            (au)                  0.553765019996
---------------------------------------------------------------------------
 Sum occupied            :            (au)               -303.977562888636
===========================================================================


~~~~~~~~~~~~~~~~~~~~~~~~~~~~~~~~~~~~~~~~~~~~~~~~~~~~~~~~~~~~~~~~~~~~~~~~~~~
 Calculation             : Optimize ground state orbitals
 Method                  : DFT (PBE)
 Checkpointing           : Off
 Max iterations          : 200
 KAIN solver             : 10
 Localization            : First two iterations
 Diagonalization         : Off
 Start precision         : 1.00000e-06
 Final precision         : 1.00000e-06
 Helmholtz precision     : Dynamic
 Energy threshold        : 1.00000e-06
 Orbital threshold       : 5.00000e-05
~~~~~~~~~~~~~~~~~~~~~~~~~~~~~~~~~~~~~~~~~~~~~~~~~~~~~~~~~~~~~~~~~~~~~~~~~~~


===========================================================================
 Iter           MO residual             Total energy                Update
---------------------------------------------------------------------------
    0          5.291503e+00        -574.996870379416         -5.749969e+02
    1          9.424279e-01        -578.071396800268         -3.074526e+00
    2          5.480462e-01        -578.500979651385         -4.295829e-01
    3          3.204029e-01        -578.582790593027         -8.181094e-02
    4          8.210781e-02        -578.594092692217         -1.130210e-02
    5          4.620826e-02        -578.597019460353         -2.926768e-03
    6          2.912752e-02        -578.597653979152         -6.345188e-04
    7          8.752688e-03        -578.597736442084         -8.246293e-05
    8          2.834757e-03        -578.597744654246         -8.212162e-06
    9          1.218306e-03        -578.597745884219         -1.229973e-06
   10          1.186767e-03        -578.597746177516         -2.932965e-07
   11          4.999526e-04        -578.597746358223         -1.807069e-07
   12          2.366654e-04        -578.597746403414         -4.519154e-08
   13          1.868358e-04        -578.597746410933         -7.518906e-09
   14          1.545649e-04        -578.597746418546         -7.612357e-09
   15          1.420697e-04        -578.597746421894         -3.348418e-09
   16          5.968846e-05        -578.597746424326         -2.432216e-09
---------------------------------------------------------------------------
                      SCF converged in 16 iterations!
===========================================================================


                                                                           
***************************************************************************
***                                                                     ***
***                    Printing Molecular Properties                    ***
***                                                                     ***
***************************************************************************
                                                                           
                                                                           
===========================================================================
                                 Molecule
---------------------------------------------------------------------------
 Charge                  :                                               0
 Multiplicity            :                                               3
---------------------------------------------------------------------------
    N    Atom            :               x               y               z
---------------------------------------------------------------------------
    0      Si            :        0.000000        0.000000       -2.122162
    1      Si            :        0.000000        0.000000        2.122162
---------------------------------------------------------------------------
 Center of mass          :        0.000000        0.000000        0.000000
===========================================================================


===========================================================================
                         Molecular Energy (final)
---------------------------------------------------------------------------
 Kinetic energy          :            (au)                577.760839943280
 E-N energy              :            (au)              -1471.801464882711
 Coulomb energy          :            (au)                310.651274798091
 Exchange energy         :            (au)                  0.000000000000
 X-C energy              :            (au)                -41.387710981344
 Ext. field (el)         :            (au)                  0.000000000000
---------------------------------------------------------------------------
 N-N energy              :            (au)                 46.179314698357
 Ext. field (nuc)        :            (au)                  0.000000000000
---------------------------------------------------------------------------
 Electronic energy       :            (au)               -624.777061122684
 Nuclear energy          :            (au)                 46.179314698357
---------------------------------------------------------------------------
 Total energy            :            (au)             -5.785977464243e+02
                         :      (kcal/mol)             -3.630755646233e+05
                         :        (kJ/mol)             -1.519108163370e+06
                         :            (eV)             -1.574444606701e+04
===========================================================================


===========================================================================
                         Orbital Energies (final)
---------------------------------------------------------------------------
    n  Occ Spin          :                                         Epsilon
---------------------------------------------------------------------------
    0    1    a          :            (au)                -65.425343470462
    1    1    a          :            (au)                -65.425343467876
    2    1    a          :            (au)                 -5.074511070613
    3    1    a          :            (au)                 -5.074372317995
    4    1    a          :            (au)                 -3.488486836059
    5    1    a          :            (au)                 -3.488486829205
    6    1    a          :            (au)                 -3.488404802486
    7    1    a          :            (au)                 -3.488404795679
    8    1    a          :            (au)                 -3.478672313927
    9    1    a          :            (au)                 -3.477732549441
   10    1    a          :            (au)                 -0.485237565141
   11    1    a          :            (au)                 -0.339910511949
   12    1    a          :            (au)                 -0.215016996431
   13    1    a          :            (au)                 -0.215016986690
   14    1    a          :            (au)                 -0.190293947897
   15    1    b          :            (au)                -65.422949486503
   16    1    b          :            (au)                -65.422949485300
   17    1    b          :            (au)                 -5.071700405155
   18    1    b          :            (au)                 -5.071561154120
   19    1    b          :            (au)                 -3.483638333977
   20    1    b          :            (au)                 -3.483638327971
   21    1    b          :            (au)                 -3.483558152081
   22    1    b          :            (au)                 -3.483558145746
   23    1    b          :            (au)                 -3.477397846731
   24    1    b          :            (au)                 -3.476455128891
   25    1    b          :            (au)                 -0.447329577395
   26    1    b          :            (au)                 -0.312642167838
   27    1    b          :            (au)                 -0.179651509310
---------------------------------------------------------------------------
 Sum occupied            :            (au)               -326.172264182866
===========================================================================


===========================================================================
                           Dipole Moment (dip-1)
---------------------------------------------------------------------------
 r_O                     :        0.000000        0.000000        0.000000
---------------------------------------------------------------------------
 Electronic vector       :        0.000000       -0.000001       -0.000000
 Magnitude               :            (au)                        0.000001
                         :         (Debye)                        0.000003
---------------------------------------------------------------------------
 Nuclear vector          :        0.000000        0.000000       -0.000000
 Magnitude               :            (au)                        0.000000
                         :         (Debye)                        0.000000
---------------------------------------------------------------------------
 Total vector            :        0.000000       -0.000001       -0.000000
 Magnitude               :            (au)                        0.000001
                         :         (Debye)                        0.000003
===========================================================================


                                                                           
                                                                           
***************************************************************************
***                                                                     ***
***                            Exiting MRChem                           ***
***                                                                     ***
***                       Wall time :  0h 24m 15s                       ***
***                                                                     ***
***************************************************************************
                                                                           
                                                                           
